################################################################################
# Neural network connection values (weights and biases).
################################################################################
# Col  Name       Description
################################################################################
# 1    connection Neural network connection value.
# 2    t          Connection type (a = weight, b = bias).
# 3    index      Index enumerating weights.
# 4    l_s        Starting point layer (end point layer for biases).
# 5    n_s        Starting point neuron in starting layer (end point neuron for biases).
# 6    l_e        End point layer.
# 7    n_e        End point neuron in end layer.
################################################################################
#                      1 2         3     4     5     6     7
#             connection t     index   l_s   n_s   l_e   n_e
############################################################
  6.0713628866724456E-01 a         1     0     1     1     1
 -2.3790890934366416E-02 a         2     0     1     1     2
 -1.3504212569358955E+00 a         3     0     1     1     3
  3.4891863553696079E-01 a         4     0     1     1     4
  2.3348445949092916E-01 a         5     0     1     1     5
 -2.1731286783738096E-01 a         6     0     1     1     6
 -2.0865797860865221E+00 a         7     0     1     1     7
  3.5053179267870611E+00 a         8     0     1     1     8
 -1.0554066933015740E+00 a         9     0     1     1     9
 -3.3524640358047397E-01 a        10     0     1     1    10
  4.7962266662455399E-01 a        11     0     1     1    11
  3.2059667562128857E-02 a        12     0     1     1    12
  6.4649939471156348E-01 a        13     0     1     1    13
 -2.7898985383052022E-01 a        14     0     1     1    14
 -2.4929629813650966E+00 a        15     0     1     1    15
  8.4570341081901257E-01 a        16     0     1     1    16
  7.0221606132357584E-01 a        17     0     2     1     1
  2.6744450786878384E+00 a        18     0     2     1     2
  1.3846437524023392E+00 a        19     0     2     1     3
 -3.6540299780052790E+00 a        20     0     2     1     4
 -8.6291099124107498E-02 a        21     0     2     1     5
  7.0478681061454220E-03 a        22     0     2     1     6
  1.7990188269172911E+00 a        23     0     2     1     7
  3.5574491836940908E-01 a        24     0     2     1     8
 -8.6269493336237091E-01 a        25     0     2     1     9
  2.6204280839724632E+00 a        26     0     2     1    10
  4.5420552120259777E-01 a        27     0     2     1    11
 -1.4406683582065247E+00 a        28     0     2     1    12
  5.5227409811281758E-01 a        29     0     2     1    13
 -2.4262908254637397E-01 a        30     0     2     1    14
  8.9092931399345054E-01 a        31     0     2     1    15
  2.9875759288679143E-01 a        32     0     2     1    16
 -5.7722567677585346E+00 a        33     0     3     1     1
 -1.8716192752343854E+01 a        34     0     3     1     2
 -7.2435317689749681E+00 a        35     0     3     1     3
  2.1977972025569958E+01 a        36     0     3     1     4
 -3.5306899251881005E+00 a        37     0     3     1     5
 -1.1259964842417491E+01 a        38     0     3     1     6
 -9.1947184838433582E+00 a        39     0     3     1     7
  3.3237211110431946E+00 a        40     0     3     1     8
  4.6361751051061670E+00 a        41     0     3     1     9
 -7.7172265395160924E+00 a        42     0     3     1    10
  1.0190631514886839E+01 a        43     0     3     1    11
  9.8412093414552426E-01 a        44     0     3     1    12
  3.0086657422405998E+00 a        45     0     3     1    13
 -8.9651143928729304E+00 a        46     0     3     1    14
  1.3921419720218422E+01 a        47     0     3     1    15
  4.1938808676813428E+00 a        48     0     3     1    16
  3.5363311532584953E+00 a        49     0     4     1     1
  2.8547123369881923E+01 a        50     0     4     1     2
  2.0991032746951666E+00 a        51     0     4     1     3
 -3.4355825750437383E+01 a        52     0     4     1     4
  4.9957140814945218E+00 a        53     0     4     1     5
  5.6500077876289134E-01 a        54     0     4     1     6
  1.9434263856955717E+01 a        55     0     4     1     7
 -9.4479560607045432E+00 a        56     0     4     1     8
 -4.3194373681530926E+00 a        57     0     4     1     9
  1.6226704731991379E+01 a        58     0     4     1    10
 -1.8720123134432612E+01 a        59     0     4     1    11
 -3.1553649596245975E-01 a        60     0     4     1    12
 -8.5641635531341134E+00 a        61     0     4     1    13
  9.3689037466307195E+00 a        62     0     4     1    14
 -1.8547783736797964E+01 a        63     0     4     1    15
 -4.5775567632508469E+00 a        64     0     4     1    16
  1.0972969013161094E-01 a        65     0     5     1     1
  1.0565897039906138E+00 a        66     0     5     1     2
  1.0439319341260243E+00 a        67     0     5     1     3
  1.0761594706836462E-01 a        68     0     5     1     4
 -4.5199812583025210E-02 a        69     0     5     1     5
  7.5341347502450939E-01 a        70     0     5     1     6
  1.6419233979109620E+00 a        71     0     5     1     7
 -1.8284843767501890E+00 a        72     0     5     1     8
  5.5631485410619663E-01 a        73     0     5     1     9
  8.2502674268224063E-01 a        74     0     5     1    10
 -4.4399993944828450E-02 a        75     0     5     1    11
  1.4389987505115029E-01 a        76     0     5     1    12
 -1.0199644494982163E+00 a        77     0     5     1    13
  4.9291399667397628E-01 a        78     0     5     1    14
  9.3483349435198826E-01 a        79     0     5     1    15
 -5.5225772834880915E-01 a        80     0     5     1    16
  1.0622123060524713E-01 a        81     0     6     1     1
 -4.5871393919339487E-01 a        82     0     6     1     2
  4.9016109552294557E-01 a        83     0     6     1     3
  7.4099849953920360E-01 a        84     0     6     1     4
 -5.9923004057863583E-01 a        85     0     6     1     5
 -1.0056016308083677E+00 a        86     0     6     1     6
  1.3483208626349705E-01 a        87     0     6     1     7
 -6.5712250692604823E-01 a        88     0     6     1     8
  8.7409913951302720E-01 a        89     0     6     1     9
  3.6441263494623999E-01 a        90     0     6     1    10
  3.3173297355523718E-01 a        91     0     6     1    11
  4.2003102917689289E-01 a        92     0     6     1    12
 -4.4671593266681264E-01 a        93     0     6     1    13
 -1.4070685491918014E-01 a        94     0     6     1    14
  3.6018378646000430E-02 a        95     0     6     1    15
  5.5943414788790757E-01 a        96     0     6     1    16
  5.2850856873717778E-01 a        97     0     7     1     1
 -1.5169712859218292E+01 a        98     0     7     1     2
  9.3940197309393909E+00 a        99     0     7     1     3
  2.0235080903138087E+01 a       100     0     7     1     4
 -5.6343490824965494E+00 a       101     0     7     1     5
  1.0408831295190550E+01 a       102     0     7     1     6
 -1.5062638669620842E+01 a       103     0     7     1     7
  9.9992641910658140E+00 a       104     0     7     1     8
  1.3074492513373763E+00 a       105     0     7     1     9
 -1.2366069655882090E+01 a       106     0     7     1    10
  1.5595379401772037E+01 a       107     0     7     1    11
 -2.4185677432409687E+00 a       108     0     7     1    12
  9.5311917529196961E+00 a       109     0     7     1    13
 -2.5642218045123673E+00 a       110     0     7     1    14
  6.3629091343536563E+00 a       111     0     7     1    15
  2.8051172563601416E+00 a       112     0     7     1    16
 -4.5695258531082455E-01 a       113     0     8     1     1
  4.2550409192352117E+00 a       114     0     8     1     2
 -6.7848640881782600E+00 a       115     0     8     1     3
 -7.5427897010456109E+00 a       116     0     8     1     4
  3.4678101094774725E+00 a       117     0     8     1     5
 -5.6401606889222746E+00 a       118     0     8     1     6
  5.0332085460820926E+00 a       119     0     8     1     7
 -4.9357377871509147E+00 a       120     0     8     1     8
 -1.0464166678833970E+00 a       121     0     8     1     9
  4.9293636329472408E+00 a       122     0     8     1    10
 -7.1649906187439427E+00 a       123     0     8     1    11
  1.6179659923977783E+00 a       124     0     8     1    12
 -5.0523686319765764E+00 a       125     0     8     1    13
  3.3296625301763372E-01 a       126     0     8     1    14
 -9.7040889301195010E-01 a       127     0     8     1    15
 -2.2136346409480732E+00 a       128     0     8     1    16
  1.5195816614131379E+00 a       129     0     9     1     1
 -1.3039614088780931E+01 a       130     0     9     1     2
  1.9466711450643241E+00 a       131     0     9     1     3
 -2.6866098212096670E+01 a       132     0     9     1     4
 -1.0698398979356600E+01 a       133     0     9     1     5
 -5.5599672455497862E+00 a       134     0     9     1     6
 -2.8435141346169734E+00 a       135     0     9     1     7
  1.8329226594398126E+01 a       136     0     9     1     8
  6.9035121812603215E+00 a       137     0     9     1     9
 -1.0760720882723875E+01 a       138     0     9     1    10
 -5.3119656019143644E+00 a       139     0     9     1    11
 -1.4234913691040322E+01 a       140     0     9     1    12
  3.2790367651392586E+01 a       141     0     9     1    13
 -3.0030782290809920E+01 a       142     0     9     1    14
  1.6363909498821080E+01 a       143     0     9     1    15
 -1.8845252956565695E+01 a       144     0     9     1    16
 -2.7598711219015515E-01 a       145     0    10     1     1
 -1.0499052125874946E+00 a       146     0    10     1     2
  8.8837071242072574E-01 a       147     0    10     1     3
  5.4494127065223763E+00 a       148     0    10     1     4
 -3.0120949339847551E+00 a       149     0    10     1     5
  1.1581537244130375E+00 a       150     0    10     1     6
 -3.7791631805761128E+00 a       151     0    10     1     7
  2.6607676061764773E+00 a       152     0    10     1     8
 -8.5829774898635645E+00 a       153     0    10     1     9
 -6.5713345264203760E-01 a       154     0    10     1    10
  1.9548403110396531E+00 a       155     0    10     1    11
 -1.7636298744560641E+00 a       156     0    10     1    12
 -1.8379457886139903E+00 a       157     0    10     1    13
  1.3980858202234923E+00 a       158     0    10     1    14
  2.0305291985387615E+00 a       159     0    10     1    15
 -8.4121256082716311E-01 a       160     0    10     1    16
  1.0415495538722119E+01 a       161     0    11     1     1
  1.5392870270210334E+01 a       162     0    11     1     2
  9.3247907429892045E+00 a       163     0    11     1     3
  7.4735350479078644E+00 a       164     0    11     1     4
  1.7467087068484937E+00 a       165     0    11     1     5
  3.2232476075415207E+01 a       166     0    11     1     6
 -4.7268695393674873E+00 a       167     0    11     1     7
  3.7204982549158809E+00 a       168     0    11     1     8
 -8.9745965257452660E+00 a       169     0    11     1     9
 -3.7716543843830652E+00 a       170     0    11     1    10
  2.1091101127803448E+01 a       171     0    11     1    11
 -5.9114385114504797E+00 a       172     0    11     1    12
  2.8700362446383858E+00 a       173     0    11     1    13
  3.3977997797391057E+00 a       174     0    11     1    14
  1.7366042200675633E+01 a       175     0    11     1    15
 -3.3559855366691771E+00 a       176     0    11     1    16
 -4.1620616735752121E+00 a       177     0    12     1     1
 -1.2367429902388222E+01 a       178     0    12     1     2
  1.4579192550682523E+00 a       179     0    12     1     3
  1.5962266843875057E+01 a       180     0    12     1     4
 -1.6371103957947500E-01 a       181     0    12     1     5
  2.5141330943285625E+00 a       182     0    12     1     6
  1.2180600683948507E+01 a       183     0    12     1     7
 -3.7296335960092399E+01 a       184     0    12     1     8
  4.6337194304372353E+00 a       185     0    12     1     9
  9.9754870183698490E+00 a       186     0    12     1    10
  1.1769186611445052E+01 a       187     0    12     1    11
  7.4532280555922457E+00 a       188     0    12     1    12
  6.5217584462672527E+00 a       189     0    12     1    13
  2.8245418660638506E+01 a       190     0    12     1    14
  1.5808019313522184E+01 a       191     0    12     1    15
  3.0041490908031356E+01 a       192     0    12     1    16
 -1.0735724232254678E+00 a       193     0    13     1     1
  2.6978669729347136E+00 a       194     0    13     1     2
  6.3614627800423120E+00 a       195     0    13     1     3
 -4.3316633883660316E+00 a       196     0    13     1     4
  3.0546634172721815E-01 a       197     0    13     1     5
 -3.8293320065532996E+00 a       198     0    13     1     6
  4.3918021298426648E+00 a       199     0    13     1     7
 -5.1200116969572429E-01 a       200     0    13     1     8
 -5.8228638044232559E+00 a       201     0    13     1     9
  4.5022691210451189E+00 a       202     0    13     1    10
  1.7494793044869570E+00 a       203     0    13     1    11
 -5.9072836900528740E+00 a       204     0    13     1    12
  1.4059670727543425E+00 a       205     0    13     1    13
 -9.0641348411423805E-01 a       206     0    13     1    14
  1.4009584570658711E+00 a       207     0    13     1    15
 -2.3630070338324058E-01 a       208     0    13     1    16
  4.0422177286998590E+01 a       209     0    14     1     1
  1.3229709880620369E+01 a       210     0    14     1     2
  4.3693376643887838E+01 a       211     0    14     1     3
 -3.7154470807724252E+01 a       212     0    14     1     4
  1.4924179482230940E+01 a       213     0    14     1     5
  1.0682695877427928E+02 a       214     0    14     1     6
 -1.6127662160129812E+01 a       215     0    14     1     7
  9.9380154835500853E+00 a       216     0    14     1     8
  2.9959487787239837E+01 a       217     0    14     1     9
  8.7401163662197732E+00 a       218     0    14     1    10
 -1.3166374113621673E+00 a       219     0    14     1    11
  2.3712036860546215E+00 a       220     0    14     1    12
 -7.6753336492904394E+00 a       221     0    14     1    13
  2.5128791639977706E+01 a       222     0    14     1    14
 -1.6773638615963712E+01 a       223     0    14     1    15
 -2.3937346331527074E+01 a       224     0    14     1    16
 -1.1366236337174094E+00 a       225     0    15     1     1
 -4.0348458198197923E+00 a       226     0    15     1     2
  4.9686592044118361E-01 a       227     0    15     1     3
  1.3529954796193893E+00 a       228     0    15     1     4
  6.6662445206132237E-01 a       229     0    15     1     5
  1.2393999310060166E+00 a       230     0    15     1     6
  1.0285561619901955E-01 a       231     0    15     1     7
 -2.5930080995802034E+00 a       232     0    15     1     8
  2.6357159902988653E-01 a       233     0    15     1     9
 -1.2893537050042261E-01 a       234     0    15     1    10
  4.0166065268564172E-01 a       235     0    15     1    11
 -5.7052715930633291E-01 a       236     0    15     1    12
  2.4719983631800235E+00 a       237     0    15     1    13
  2.4235947250337038E+00 a       238     0    15     1    14
  2.5062746995082992E+00 a       239     0    15     1    15
  2.6592788710110673E+00 a       240     0    15     1    16
 -2.0829515925882541E-01 a       241     0    16     1     1
  4.3803828767310671E-01 a       242     0    16     1     2
 -9.3937541432282612E-01 a       243     0    16     1     3
  3.9088135250629025E-01 a       244     0    16     1     4
  1.6944467335223095E+00 a       245     0    16     1     5
  1.7179015913892375E+00 a       246     0    16     1     6
  7.5492761303884848E-01 a       247     0    16     1     7
 -3.5241667347906652E-01 a       248     0    16     1     8
 -2.2533942017191437E+00 a       249     0    16     1     9
  7.2517211727858311E-01 a       250     0    16     1    10
  1.2090709175638241E+00 a       251     0    16     1    11
 -2.5362389705725628E+00 a       252     0    16     1    12
 -3.5113860578071576E-01 a       253     0    16     1    13
  2.6094180942830919E-01 a       254     0    16     1    14
  3.9535511923953015E-01 a       255     0    16     1    15
 -1.6597407562495654E+00 a       256     0    16     1    16
  4.1365662851526448E+00 a       257     0    17     1     1
  4.1975662125078097E+00 a       258     0    17     1     2
  2.2911167814251456E+00 a       259     0    17     1     3
 -3.6098965950413735E+00 a       260     0    17     1     4
  2.1566682487893782E+00 a       261     0    17     1     5
  8.3236735622004403E+00 a       262     0    17     1     6
 -3.4985430158688319E-01 a       263     0    17     1     7
 -1.5135562333445226E-03 a       264     0    17     1     8
  1.4271231619130837E+00 a       265     0    17     1     9
  2.0089698412255381E+00 a       266     0    17     1    10
  2.7273060410984242E+00 a       267     0    17     1    11
 -5.6231263144419519E-01 a       268     0    17     1    12
 -1.1138357165934529E+00 a       269     0    17     1    13
  7.0772609988075186E-01 a       270     0    17     1    14
  5.3261336216480093E-01 a       271     0    17     1    15
 -3.2309463645549839E+00 a       272     0    17     1    16
 -7.7926542167590078E+00 a       273     0    18     1     1
  3.2092480362419032E+01 a       274     0    18     1     2
  8.6223443611979333E-01 a       275     0    18     1     3
  6.9370494072684565E+01 a       276     0    18     1     4
  1.6940597790065361E+01 a       277     0    18     1     5
  1.6865288771275274E+01 a       278     0    18     1     6
  9.3532299306065649E+00 a       279     0    18     1     7
 -5.9076253264164215E+01 a       280     0    18     1     8
 -1.6471319978394430E+01 a       281     0    18     1     9
  3.2044164680935729E+01 a       282     0    18     1    10
  1.6726623106160066E+01 a       283     0    18     1    11
  3.4275272893361439E+01 a       284     0    18     1    12
 -8.6165881679111237E+01 a       285     0    18     1    13
  8.0107294186396189E+01 a       286     0    18     1    14
 -2.5728791766315140E+01 a       287     0    18     1    15
  5.0222680783434669E+01 a       288     0    18     1    16
  9.6643285688202440E-01 a       289     0    19     1     1
 -4.7595343145169009E+00 a       290     0    19     1     2
 -8.6620856919016429E+00 a       291     0    19     1     3
  3.8614581730164983E+00 a       292     0    19     1     4
  1.4365408425573991E+00 a       293     0    19     1     5
  5.5681220409049708E+00 a       294     0    19     1     6
 -5.1405956538006832E+00 a       295     0    19     1     7
 -1.6823003896089024E+00 a       296     0    19     1     8
  2.1684048794188381E+01 a       297     0    19     1     9
 -7.3530685952334913E+00 a       298     0    19     1    10
 -6.1623966864293989E+00 a       299     0    19     1    11
  1.2904170384277098E+01 a       300     0    19     1    12
 -1.7947305890825000E+00 a       301     0    19     1    13
  1.0625957860378514E+00 a       302     0    19     1    14
 -4.5478569911931368E+00 a       303     0    19     1    15
  2.1702151439168258E+00 a       304     0    19     1    16
 -9.7195059930702143E+00 a       305     0    20     1     1
 -3.4020481707223212E+01 a       306     0    20     1     2
  2.5398997790681427E-01 a       307     0    20     1     3
 -3.5880590963349384E+01 a       308     0    20     1     4
 -2.4177901547631069E+00 a       309     0    20     1     5
 -4.3486578580715189E+01 a       310     0    20     1     6
  3.6396299151894396E+00 a       311     0    20     1     7
 -1.1329906896583932E+00 a       312     0    20     1     8
  1.5148200185725807E+01 a       313     0    20     1     9
  8.5507594729314214E+00 a       314     0    20     1    10
 -6.8755643278504905E+01 a       315     0    20     1    11
  1.9086002417186169E+01 a       316     0    20     1    12
 -6.9983953753082275E+00 a       317     0    20     1    13
  1.0874330720459659E+01 a       318     0    20     1    14
 -6.4041997144753154E+01 a       319     0    20     1    15
  5.3878866318395984E+00 a       320     0    20     1    16
  4.4058031109487708E+00 a       321     0    21     1     1
 -3.9393731170334774E+00 a       322     0    21     1     2
 -2.2801777094329960E+00 a       323     0    21     1     3
 -3.5720085261624874E+01 a       324     0    21     1     4
 -5.5914807739412113E+00 a       325     0    21     1     5
 -1.0676333419459990E+01 a       326     0    21     1     6
 -6.8060478647263567E+00 a       327     0    21     1     7
  3.6075692934050885E+01 a       328     0    21     1     8
  7.1004715238051483E+00 a       329     0    21     1     9
 -1.4893998684046075E+01 a       330     0    21     1    10
 -1.1786071890196610E+01 a       331     0    21     1    11
 -1.5432810820371795E+01 a       332     0    21     1    12
  2.9042814631960482E+01 a       333     0    21     1    13
 -4.3167295464993629E+01 a       334     0    21     1    14
  3.3329775731227325E+00 a       335     0    21     1    15
 -3.1187207710935056E+01 a       336     0    21     1    16
 -1.0098877856746686E+01 a       337     0    22     1     1
  7.1678678936529030E+00 a       338     0    22     1     2
 -1.5548793952320509E+01 a       339     0    22     1     3
  2.8987839001204417E+01 a       340     0    22     1     4
 -3.9751533484448296E+00 a       341     0    22     1     5
 -1.7434498291459427E+01 a       342     0    22     1     6
  2.6950437774581864E+00 a       343     0    22     1     7
 -2.6463186894408897E+00 a       344     0    22     1     8
 -1.7415254175658031E+01 a       345     0    22     1     9
 -6.8983334399258558E+00 a       346     0    22     1    10
  2.8447142441506077E+01 a       347     0    22     1    11
 -8.8971708649436323E+00 a       348     0    22     1    12
  6.3065503227493132E+00 a       349     0    22     1    13
 -1.1447728420198297E+01 a       350     0    22     1    14
  3.1761780585496002E+01 a       351     0    22     1    15
  7.8295422890774935E+00 a       352     0    22     1    16
  5.2823053883887683E-01 a       353     0    23     1     1
 -4.8320076747343776E+00 a       354     0    23     1     2
  4.4941957012866535E-01 a       355     0    23     1     3
 -5.5737429503865723E+00 a       356     0    23     1     4
 -2.0974246065558124E+00 a       357     0    23     1     5
 -2.8040638391351608E-01 a       358     0    23     1     6
 -1.9388484421817094E+00 a       359     0    23     1     7
  5.6669712291683298E+00 a       360     0    23     1     8
  4.1987982699779658E-01 a       361     0    23     1     9
 -2.2093192157070152E+00 a       362     0    23     1    10
 -2.6144768666984253E+00 a       363     0    23     1    11
 -3.5864268299249198E+00 a       364     0    23     1    12
  8.2584505347643695E+00 a       365     0    23     1    13
 -5.9980148166835043E+00 a       366     0    23     1    14
  2.6652989867101322E+00 a       367     0    23     1    15
 -4.0090528937088008E+00 a       368     0    23     1    16
  9.3978660573185080E-01 a       369     0    24     1     1
 -3.2752248348256442E-02 a       370     0    24     1     2
 -1.1270011556637112E+00 a       371     0    24     1     3
  1.4091567318906639E+00 a       372     0    24     1     4
 -1.1255837034712910E+00 a       373     0    24     1     5
  1.9338109971200697E+00 a       374     0    24     1     6
 -6.9411383078521705E-01 a       375     0    24     1     7
  6.3609114158827862E-01 a       376     0    24     1     8
 -2.6140982087938798E+00 a       377     0    24     1     9
  1.3059524464527581E+00 a       378     0    24     1    10
  8.9672280242987767E-01 a       379     0    24     1    11
 -9.3492006254407023E-01 a       380     0    24     1    12
  4.7636807295092853E-01 a       381     0    24     1    13
  8.3836954462888458E-01 a       382     0    24     1    14
 -7.7568778457826759E-01 a       383     0    24     1    15
 -1.1473113156196255E+00 a       384     0    24     1    16
  1.5394845601072089E+00 a       385     0    25     1     1
  5.1119404137098412E+00 a       386     0    25     1     2
 -1.1361034502573240E+00 a       387     0    25     1     3
  2.3868596899227166E+00 a       388     0    25     1     4
 -4.4629774860545957E-01 a       389     0    25     1     5
  1.5429362794822026E+00 a       390     0    25     1     6
  2.6410221933133072E-02 a       391     0    25     1     7
  3.0125101913361474E-01 a       392     0    25     1     8
 -4.4793835436500418E+00 a       393     0    25     1     9
  8.9313620030648222E-01 a       394     0    25     1    10
  6.4721414606858021E+00 a       395     0    25     1    11
 -2.1455249902362161E+00 a       396     0    25     1    12
  8.2822290729959736E-01 a       397     0    25     1    13
 -1.4458480654140979E+00 a       398     0    25     1    14
  5.4975394284597607E+00 a       399     0    25     1    15
 -5.9182147177067479E-01 a       400     0    25     1    16
  1.0541970370190588E+00 a       401     0    26     1     1
  9.0159701159965980E-02 a       402     0    26     1     2
 -7.3990024571151403E-01 a       403     0    26     1     3
 -1.9511865788879510E+00 a       404     0    26     1     4
 -1.7740177442644616E+00 a       405     0    26     1     5
 -8.9207788379429898E-01 a       406     0    26     1     6
  1.7133833057748529E+00 a       407     0    26     1     7
  4.5408310521026352E-01 a       408     0    26     1     8
  5.1736111560722775E-01 a       409     0    26     1     9
 -1.7305846084048462E+00 a       410     0    26     1    10
  1.5708393702387571E+00 a       411     0    26     1    11
 -1.7817570833973142E-02 a       412     0    26     1    12
  4.0564386106135197E+00 a       413     0    26     1    13
 -3.2165687225601682E+00 a       414     0    26     1    14
  1.6444229672380142E+00 a       415     0    26     1    15
 -1.3020784914678249E+00 a       416     0    26     1    16
 -1.2477279278925930E+00 a       417     0    27     1     1
  9.5812611454244556E-01 a       418     0    27     1     2
  3.4748052881963019E+00 a       419     0    27     1     3
 -3.2078957979544001E+00 a       420     0    27     1     4
 -1.4088439834509114E+00 a       421     0    27     1     5
 -4.7648848261584282E+00 a       422     0    27     1     6
  1.6513616098343307E+00 a       423     0    27     1     7
  5.0261277193014409E-01 a       424     0    27     1     8
 -3.6174410416170049E+00 a       425     0    27     1     9
 -9.3540798873397002E-02 a       426     0    27     1    10
 -2.9628959482759892E-01 a       427     0    27     1    11
 -1.0911352612406902E+00 a       428     0    27     1    12
  1.0029219985735189E+00 a       429     0    27     1    13
 -1.9136247605644179E+00 a       430     0    27     1    14
  2.3680313176294647E+00 a       431     0    27     1    15
  1.7546365755377076E+00 a       432     0    27     1    16
  1.5584833785040670E+00 a       433     0    28     1     1
 -7.7922173949934825E-01 a       434     0    28     1     2
  3.7439114699603007E+00 a       435     0    28     1     3
  4.7997607496483707E-01 a       436     0    28     1     4
 -6.1188183260865760E-02 a       437     0    28     1     5
  9.9080553209775495E+00 a       438     0    28     1     6
 -1.2529258773750316E+00 a       439     0    28     1     7
  1.2772869363889097E+00 a       440     0    28     1     8
  3.3394820826404499E+00 a       441     0    28     1     9
 -2.4970639839781685E+00 a       442     0    28     1    10
  1.3275695401670322E+00 a       443     0    28     1    11
 -8.1875677277216508E-02 a       444     0    28     1    12
  8.0480648473239080E-01 a       445     0    28     1    13
  8.3752430141958423E-01 a       446     0    28     1    14
  2.7451506697273640E+00 a       447     0    28     1    15
 -1.1778950505538253E+00 a       448     0    28     1    16
  4.2842326232960559E+00 a       449     0    29     1     1
  4.5349809170179691E+00 a       450     0    29     1     2
 -5.4865682368995450E-01 a       451     0    29     1     3
 -1.5197557911563207E+01 a       452     0    29     1     4
 -3.0842837838037557E-01 a       453     0    29     1     5
 -1.8697215394053823E+00 a       454     0    29     1     6
 -1.2711047020972901E+01 a       455     0    29     1     7
  3.6723214694589601E+01 a       456     0    29     1     8
 -4.4705444169114221E+00 a       457     0    29     1     9
 -1.1956353513976612E+01 a       458     0    29     1    10
 -1.0946442889271523E+01 a       459     0    29     1    11
 -7.8828521943982981E+00 a       460     0    29     1    12
  3.2017594473626425E+00 a       461     0    29     1    13
 -2.7340522364480183E+01 a       462     0    29     1    14
 -1.3244519028773928E+01 a       463     0    29     1    15
 -2.7130443330563736E+01 a       464     0    29     1    16
 -3.5108460760456268E+01 a       465     0    30     1     1
 -7.5311452328033814E+00 a       466     0    30     1     2
 -3.7106728119757562E+01 a       467     0    30     1     3
  3.6680654174083386E+01 a       468     0    30     1     4
 -1.2104396299170254E+01 a       469     0    30     1     5
 -8.9964206038715034E+01 a       470     0    30     1     6
  1.4435114281681464E+01 a       471     0    30     1     7
 -9.3202694017962973E+00 a       472     0    30     1     8
 -2.2051868398247802E+01 a       473     0    30     1     9
 -7.6590596191496658E+00 a       474     0    30     1    10
  9.4789735449565953E+00 a       475     0    30     1    11
 -4.1685580440896848E+00 a       476     0    30     1    12
  6.2826731334595403E+00 a       477     0    30     1    13
 -2.5311833835922634E+01 a       478     0    30     1    14
  2.2557740646174775E+01 a       479     0    30     1    15
  1.8151740139669108E+01 a       480     0    30     1    16
 -3.2525048490441444E-01 a       481     0    31     1     1
  6.1357417362356381E-01 a       482     0    31     1     2
 -8.0853244333886398E-01 a       483     0    31     1     3
 -1.0614229722453052E+00 a       484     0    31     1     4
 -5.4953641645610873E-01 a       485     0    31     1     5
 -7.3420465649228406E-01 a       486     0    31     1     6
  6.8344381601779569E-01 a       487     0    31     1     7
 -2.4700689801880615E-01 a       488     0    31     1     8
 -4.5464668889960957E-01 a       489     0    31     1     9
 -3.5614852031206440E-01 a       490     0    31     1    10
  1.0967345468333682E+00 a       491     0    31     1    11
 -2.3960926366364890E-01 a       492     0    31     1    12
 -1.5224032576468677E-01 a       493     0    31     1    13
 -8.2320414365840922E-01 a       494     0    31     1    14
  5.2237417581012857E-01 a       495     0    31     1    15
 -1.1057326877524677E-01 a       496     0    31     1    16
 -5.0008419471250520E-01 a       497     0    32     1     1
 -8.2163134041360830E-01 a       498     0    32     1     2
 -8.7927164575616801E-01 a       499     0    32     1     3
  6.8858463989781149E-01 a       500     0    32     1     4
  7.3275887546161766E-01 a       501     0    32     1     5
  8.2629278975521170E-01 a       502     0    32     1     6
 -1.5470932135371717E-02 a       503     0    32     1     7
  1.9336893773558800E-01 a       504     0    32     1     8
  1.0227242352272527E-01 a       505     0    32     1     9
 -4.1264665904604214E-01 a       506     0    32     1    10
 -5.5854392009680964E-01 a       507     0    32     1    11
 -5.7433575516147761E-01 a       508     0    32     1    12
 -1.3013163133535452E-01 a       509     0    32     1    13
 -1.9951333152933151E-01 a       510     0    32     1    14
  1.0767641988257473E+00 a       511     0    32     1    15
  2.7119249825135028E-01 a       512     0    32     1    16
 -4.7215912934587103E-03 a       513     0    33     1     1
 -3.9604638610769449E-01 a       514     0    33     1     2
 -6.4022433764700071E-01 a       515     0    33     1     3
  4.5325032684363081E-01 a       516     0    33     1     4
 -3.4189302271193839E-01 a       517     0    33     1     5
  1.0329560447342472E+00 a       518     0    33     1     6
 -4.8669379526669089E-02 a       519     0    33     1     7
  4.2771929614900783E-01 a       520     0    33     1     8
  1.9489019977090982E-01 a       521     0    33     1     9
 -4.6399108633821845E-01 a       522     0    33     1    10
  5.3743061863767157E-02 a       523     0    33     1    11
  7.0733458740822749E-02 a       524     0    33     1    12
  1.1620801654027475E-01 a       525     0    33     1    13
 -7.7622919444799127E-02 a       526     0    33     1    14
  6.9293904255252381E-01 a       527     0    33     1    15
  7.9740867216571276E-01 a       528     0    33     1    16
 -4.2055338203132403E-01 a       529     0    34     1     1
 -4.6148001199600436E-01 a       530     0    34     1     2
 -7.4899883786850574E-01 a       531     0    34     1     3
  1.0171688851690543E+00 a       532     0    34     1     4
 -6.1628754482888415E-01 a       533     0    34     1     5
 -2.1637256857829593E-02 a       534     0    34     1     6
  1.4039340774144826E-01 a       535     0    34     1     7
  1.7574383903230118E-02 a       536     0    34     1     8
  1.9711546868621903E-02 a       537     0    34     1     9
 -2.5407395773582553E-01 a       538     0    34     1    10
 -1.6774978181096967E-01 a       539     0    34     1    11
  1.4038552181457655E-02 a       540     0    34     1    12
 -6.3795897562910009E-01 a       541     0    34     1    13
  2.2303551204090685E-01 a       542     0    34     1    14
  9.4122919136881222E-01 a       543     0    34     1    15
  5.9272591531535723E-01 a       544     0    34     1    16
  2.2001235160661131E-01 a       545     0    35     1     1
 -9.7057228221982927E-01 a       546     0    35     1     2
  1.3517890761534004E-01 a       547     0    35     1     3
 -1.5313402681568850E-01 a       548     0    35     1     4
  1.1961351871492229E-01 a       549     0    35     1     5
  6.6899378484893268E-01 a       550     0    35     1     6
 -1.0577312940463840E-01 a       551     0    35     1     7
  2.0435564768027087E-01 a       552     0    35     1     8
 -2.8674609404089751E-01 a       553     0    35     1     9
 -4.1227271587412774E-02 a       554     0    35     1    10
 -3.1325660703330505E-01 a       555     0    35     1    11
 -5.9572739620053676E-03 a       556     0    35     1    12
  2.8905210459117570E-01 a       557     0    35     1    13
 -2.5513793438566840E-01 a       558     0    35     1    14
 -7.0973940576883898E-01 a       559     0    35     1    15
 -3.2733036569982948E-01 a       560     0    35     1    16
  3.9298503414402296E-02 a       561     0    36     1     1
  1.2933894107423598E+00 a       562     0    36     1     2
  4.7938244875450425E-01 a       563     0    36     1     3
 -1.2419887011602349E+00 a       564     0    36     1     4
  3.6972009086845653E-01 a       565     0    36     1     5
 -3.4635391708889185E-02 a       566     0    36     1     6
 -5.3662352195765162E-01 a       567     0    36     1     7
  9.5686815581373263E-02 a       568     0    36     1     8
  1.6142034914979722E-01 a       569     0    36     1     9
  8.7189172813978422E-02 a       570     0    36     1    10
  2.9195731915249051E-01 a       571     0    36     1    11
 -8.6420390060481314E-02 a       572     0    36     1    12
  1.7763148482702909E-01 a       573     0    36     1    13
 -1.2616784227124772E-01 a       574     0    36     1    14
 -6.8846320762143276E-01 a       575     0    36     1    15
 -6.1690859586501334E-01 a       576     0    36     1    16
  4.7747294939907564E-01 a       577     0    37     1     1
 -6.1058727123341034E+00 a       578     0    37     1     2
  1.2937512834704499E+00 a       579     0    37     1     3
  1.2179260944635624E+00 a       580     0    37     1     4
 -1.9644174340663934E+00 a       581     0    37     1     5
 -5.0659274735183457E+00 a       582     0    37     1     6
 -1.7737749884862769E-01 a       583     0    37     1     7
  9.6562624303764188E-01 a       584     0    37     1     8
 -5.3048520088084661E-01 a       585     0    37     1     9
 -1.1247684306873955E+00 a       586     0    37     1    10
 -9.4246418662794496E-01 a       587     0    37     1    11
  2.5444954228613272E+00 a       588     0    37     1    12
  2.9202229576141270E-01 a       589     0    37     1    13
 -1.5227238744198044E+00 a       590     0    37     1    14
  4.0062966834199498E-01 a       591     0    37     1    15
 -1.9203863825708105E+00 a       592     0    37     1    16
 -2.8464886873521317E-01 a       593     0    38     1     1
 -1.9303927364417761E-01 a       594     0    38     1     2
 -7.5874236987811913E-02 a       595     0    38     1     3
 -2.0918345267383928E-01 a       596     0    38     1     4
  1.8822478382735934E+00 a       597     0    38     1     5
  2.0345650283029160E-01 a       598     0    38     1     6
 -1.3263731940456909E+00 a       599     0    38     1     7
 -1.6483912893730357E-01 a       600     0    38     1     8
  1.6347026840878185E+00 a       601     0    38     1     9
 -1.0371249624573415E+00 a       602     0    38     1    10
 -4.4618360046908101E-01 a       603     0    38     1    11
  6.8357942953823891E-01 a       604     0    38     1    12
 -2.9280229113371226E-01 a       605     0    38     1    13
  4.5606220564560068E-01 a       606     0    38     1    14
 -2.7672870859437582E-01 a       607     0    38     1    15
 -2.2706611194312357E-01 a       608     0    38     1    16
  4.8275955539958764E+00 a       609     0    39     1     1
 -3.3614367079763570E+00 a       610     0    39     1     2
  2.5018344681327367E+00 a       611     0    39     1     3
 -7.4153916023186861E-01 a       612     0    39     1     4
 -4.1369253492649269E+00 a       613     0    39     1     5
 -1.8675441444254381E+00 a       614     0    39     1     6
 -2.9914747983396404E+00 a       615     0    39     1     7
  4.3784192546692891E-01 a       616     0    39     1     8
 -9.0406617776226994E-01 a       617     0    39     1     9
  3.9334437733531691E+00 a       618     0    39     1    10
  2.8847284898569225E+00 a       619     0    39     1    11
  5.5685511389255649E-01 a       620     0    39     1    12
 -2.1112222082812271E+00 a       621     0    39     1    13
  4.1347574372057769E+00 a       622     0    39     1    14
 -6.8458986864304538E+00 a       623     0    39     1    15
 -7.0058226913260069E-01 a       624     0    39     1    16
 -1.4441696320902624E+00 a       625     0    40     1     1
  2.2429436581214879E+00 a       626     0    40     1     2
 -1.0581060550911885E+00 a       627     0    40     1     3
 -1.2031480306396095E-01 a       628     0    40     1     4
  1.9679537314335875E+00 a       629     0    40     1     5
  2.1387773347649395E+00 a       630     0    40     1     6
 -3.4451860277479573E+00 a       631     0    40     1     7
  1.3835082089659716E+00 a       632     0    40     1     8
  4.0322797157573964E-01 a       633     0    40     1     9
 -3.5929590602124053E+00 a       634     0    40     1    10
  2.7955883396441406E-01 a       635     0    40     1    11
 -5.7415913289277887E-01 a       636     0    40     1    12
 -7.3483553449611705E-01 a       637     0    40     1    13
  1.5546700035989156E+00 a       638     0    40     1    14
 -7.2229088195077429E-01 a       639     0    40     1    15
 -1.2424374374237419E+00 a       640     0    40     1    16
 -5.2856735002225919E-01 a       641     0    41     1     1
 -1.6033142367042237E-02 a       642     0    41     1     2
 -7.9192078608607164E-01 a       643     0    41     1     3
  9.1057188841533077E-01 a       644     0    41     1     4
  2.5923808551730770E-01 a       645     0    41     1     5
  4.6830507280869321E-01 a       646     0    41     1     6
 -4.3718142881662198E-01 a       647     0    41     1     7
  7.4466153819405065E-02 a       648     0    41     1     8
 -1.5069914225060799E-01 a       649     0    41     1     9
  9.4360481571987759E-02 a       650     0    41     1    10
 -6.6147212592922311E-01 a       651     0    41     1    11
 -2.4398098583589001E-01 a       652     0    41     1    12
 -1.4407136375224936E+00 a       653     0    41     1    13
  7.7553743600103509E-01 a       654     0    41     1    14
  1.1647925758468025E+00 a       655     0    41     1    15
 -2.7050887507213572E-01 a       656     0    41     1    16
  1.0222025353955375E+00 a       657     0    42     1     1
  1.5266976362411061E+01 a       658     0    42     1     2
  6.6467536179786779E-01 a       659     0    42     1     3
 -1.0394830150666422E+01 a       660     0    42     1     4
  9.2380325782235904E+00 a       661     0    42     1     5
  7.5462231761918828E+00 a       662     0    42     1     6
  4.1523444972542762E+00 a       663     0    42     1     7
 -2.5223357658743484E+00 a       664     0    42     1     8
  6.9256777722881244E+00 a       665     0    42     1     9
 -5.6742884549878503E-01 a       666     0    42     1    10
  1.3231952128969946E+00 a       667     0    42     1    11
 -3.5135817802546443E+00 a       668     0    42     1    12
  2.7565249939935126E+00 a       669     0    42     1    13
  1.0091632055618205E+00 a       670     0    42     1    14
  1.0608653353087631E+00 a       671     0    42     1    15
  1.8929666640555372E+00 a       672     0    42     1    16
  1.7343428761181912E+00 a       673     0    43     1     1
  8.2192313853105492E-01 a       674     0    43     1     2
 -2.9318402897797624E-01 a       675     0    43     1     3
 -1.9829201494609866E-01 a       676     0    43     1     4
 -1.5384359103053480E+00 a       677     0    43     1     5
 -1.2730059682532378E+00 a       678     0    43     1     6
  2.0599564511533881E+00 a       679     0    43     1     7
 -3.4133159263472712E-01 a       680     0    43     1     8
  9.6329457080906311E-01 a       681     0    43     1     9
  1.4452610257281839E+00 a       682     0    43     1    10
  1.3316138123792509E+00 a       683     0    43     1    11
  7.7893664595024936E-01 a       684     0    43     1    12
  3.2278924374552997E-01 a       685     0    43     1    13
 -5.7793292383452766E-01 a       686     0    43     1    14
 -1.3397534139887908E+00 a       687     0    43     1    15
  1.2304824627522082E-01 a       688     0    43     1    16
 -8.5213579950292289E+00 a       689     0    44     1     1
  7.3529170335067686E+00 a       690     0    44     1     2
 -1.5054412438013033E+01 a       691     0    44     1     3
 -4.0796583750729498E+00 a       692     0    44     1     4
  4.7524493304066855E+00 a       693     0    44     1     5
 -4.9524055978679744E+00 a       694     0    44     1     6
  6.2290528285066058E+00 a       695     0    44     1     7
 -2.3760956119782306E+00 a       696     0    44     1     8
  1.7064763624812476E+00 a       697     0    44     1     9
 -6.6879625513701830E+00 a       698     0    44     1    10
 -5.0345687073608314E-01 a       699     0    44     1    11
  1.0421680176560815E+00 a       700     0    44     1    12
  1.0679531932853070E+00 a       701     0    44     1    13
 -1.1875892656342629E+01 a       702     0    44     1    14
  8.0822190393013660E+00 a       703     0    44     1    15
 -2.9416159211734367E+00 a       704     0    44     1    16
  2.0934488093258996E+00 a       705     0    45     1     1
 -2.1360133523855316E+00 a       706     0    45     1     2
  1.3677233379968092E+00 a       707     0    45     1     3
 -7.3168287098250173E-01 a       708     0    45     1     4
 -2.2788535671829568E+00 a       709     0    45     1     5
 -3.1946753178389353E+00 a       710     0    45     1     6
  3.3786185970903579E+00 a       711     0    45     1     7
 -2.5754890454830868E+00 a       712     0    45     1     8
  1.2071320139334232E+00 a       713     0    45     1     9
  3.8850847417972152E+00 a       714     0    45     1    10
  7.8008839818579012E-01 a       715     0    45     1    11
  1.3694125347261541E+00 a       716     0    45     1    12
  8.6705651858199106E-01 a       717     0    45     1    13
 -1.0422752213497646E+00 a       718     0    45     1    14
 -1.6060940501149696E+00 a       719     0    45     1    15
  9.1835241709311488E-01 a       720     0    45     1    16
  2.5118468678203787E-01 a       721     0    46     1     1
  7.6674363313265892E-01 a       722     0    46     1     2
  2.1253704137666563E-01 a       723     0    46     1     3
 -2.2821268732048550E+00 a       724     0    46     1     4
 -1.2340735943435626E+00 a       725     0    46     1     5
 -2.4131777655320796E+00 a       726     0    46     1     6
 -9.3215404516262361E-03 a       727     0    46     1     7
 -1.2341467539494599E+00 a       728     0    46     1     8
 -5.4195760052467912E-01 a       729     0    46     1     9
 -5.5267170002874688E-01 a       730     0    46     1    10
  1.9599914812064052E+00 a       731     0    46     1    11
  9.9550966703458421E-01 a       732     0    46     1    12
  3.1756143104297938E+00 a       733     0    46     1    13
 -1.0406952559765836E+00 a       734     0    46     1    14
 -4.1705154280743404E+00 a       735     0    46     1    15
 -8.7882657981838797E-01 a       736     0    46     1    16
 -3.5899461191840656E+00 a       737     0    47     1     1
  1.4403141383129712E+00 a       738     0    47     1     2
 -1.5586613581980499E-01 a       739     0    47     1     3
 -3.1890275294857680E+00 a       740     0    47     1     4
 -4.1075590040407501E+00 a       741     0    47     1     5
 -6.3481787284105806E+00 a       742     0    47     1     6
 -2.6651369895553048E+00 a       743     0    47     1     7
  3.2540134771868501E-01 a       744     0    47     1     8
 -3.8892141721611844E+00 a       745     0    47     1     9
 -2.9455347934988128E-02 a       746     0    47     1    10
  6.2075731326923291E+00 a       747     0    47     1    11
 -2.7956416089063367E+00 a       748     0    47     1    12
  2.8705295053246749E+00 a       749     0    47     1    13
 -4.7738683921630312E+00 a       750     0    47     1    14
  2.0260116242084106E-01 a       751     0    47     1    15
 -2.3350461263937780E-01 a       752     0    47     1    16
  9.1558062025554698E-01 a       753     0    48     1     1
  1.4057666946022616E+00 a       754     0    48     1     2
  2.6486981920533925E-01 a       755     0    48     1     3
 -1.3204108397566938E-01 a       756     0    48     1     4
  1.9835708836234196E+00 a       757     0    48     1     5
 -6.8701976903418960E-01 a       758     0    48     1     6
  3.8415025847122392E-01 a       759     0    48     1     7
  1.1559947813466174E+00 a       760     0    48     1     8
 -3.3824632757395481E+00 a       761     0    48     1     9
  2.6467595832372002E+00 a       762     0    48     1    10
 -4.7255915479072721E+00 a       763     0    48     1    11
 -5.2084421024070660E-01 a       764     0    48     1    12
 -3.6915840431717979E+00 a       765     0    48     1    13
  1.8680815054017834E+00 a       766     0    48     1    14
 -3.4363555559468764E+00 a       767     0    48     1    15
 -9.4656979963380927E-01 a       768     0    48     1    16
  3.7500220002209472E-01 a       769     0    49     1     1
  2.4121350063172025E+00 a       770     0    49     1     2
  9.6495002811315556E-01 a       771     0    49     1     3
 -1.1505226978039216E+00 a       772     0    49     1     4
  2.3638058976372073E-02 a       773     0    49     1     5
  3.9087932266965686E-01 a       774     0    49     1     6
  7.4213385711129320E-01 a       775     0    49     1     7
  3.4903688828754798E-01 a       776     0    49     1     8
 -2.1874779029560359E-01 a       777     0    49     1     9
 -2.0593476699341859E-01 a       778     0    49     1    10
  4.3313212230558901E-01 a       779     0    49     1    11
 -4.6364884226064518E-01 a       780     0    49     1    12
  2.5990208640047324E-01 a       781     0    49     1    13
  7.8223666267514827E-02 a       782     0    49     1    14
 -6.1750064045066534E-02 a       783     0    49     1    15
  4.1847315912909738E-01 a       784     0    49     1    16
 -5.5145939250692722E-02 a       785     0    50     1     1
  1.3782034812826621E-02 a       786     0    50     1     2
  3.2556574418027739E-01 a       787     0    50     1     3
 -1.5715888736667522E-01 a       788     0    50     1     4
 -8.3812372803571200E-01 a       789     0    50     1     5
  1.1537117463231239E-02 a       790     0    50     1     6
 -1.6242684509560648E-01 a       791     0    50     1     7
  2.1963694967847605E-01 a       792     0    50     1     8
 -6.8839801935071065E-01 a       793     0    50     1     9
 -1.0478630871941458E-01 a       794     0    50     1    10
  3.3815428871000808E-01 a       795     0    50     1    11
 -1.0613477527600639E-01 a       796     0    50     1    12
  1.6514114872201592E-02 a       797     0    50     1    13
  2.2602519187275516E-01 a       798     0    50     1    14
  4.2358320170815970E-02 a       799     0    50     1    15
  5.1000165962567912E-01 a       800     0    50     1    16
 -5.6709615448195227E-01 a       801     0    51     1     1
  6.1391689020112439E-01 a       802     0    51     1     2
 -1.2753767647670098E+00 a       803     0    51     1     3
  2.4048793398315194E-01 a       804     0    51     1     4
  2.5355675041441811E-01 a       805     0    51     1     5
  1.9443057163020483E-01 a       806     0    51     1     6
  5.8572129874126644E-01 a       807     0    51     1     7
  1.9232194486931128E-01 a       808     0    51     1     8
  2.9189824431195432E-01 a       809     0    51     1     9
 -1.3358984567867252E-01 a       810     0    51     1    10
 -5.2494939816118391E-01 a       811     0    51     1    11
 -1.1805927922190437E-01 a       812     0    51     1    12
  3.5164775171322704E-01 a       813     0    51     1    13
 -8.9470365672455165E-01 a       814     0    51     1    14
  1.2493857344243302E+00 a       815     0    51     1    15
  2.7369685795691945E-01 a       816     0    51     1    16
 -7.9048125288679294E-01 a       817     0    52     1     1
 -1.6929297644376573E+00 a       818     0    52     1     2
  1.7175976901955634E+00 a       819     0    52     1     3
  7.3260471282521267E-01 a       820     0    52     1     4
 -1.5369498667027990E+00 a       821     0    52     1     5
  3.9571144736922337E-01 a       822     0    52     1     6
  4.9466201918328741E-02 a       823     0    52     1     7
  5.1520916029035191E-02 a       824     0    52     1     8
  7.1982510246545650E-01 a       825     0    52     1     9
 -1.6201323677160078E+00 a       826     0    52     1    10
  1.4534601210480738E+00 a       827     0    52     1    11
  4.9838988615744034E-01 a       828     0    52     1    12
  1.9014689388685464E+00 a       829     0    52     1    13
 -1.4365787539247590E+00 a       830     0    52     1    14
  9.4882840126688284E-01 a       831     0    52     1    15
 -1.1360370568617720E-01 a       832     0    52     1    16
  1.4509724515732105E+00 a       833     0    53     1     1
 -5.1135936518560463E+00 a       834     0    53     1     2
 -1.5016689580820305E-01 a       835     0    53     1     3
  4.9469040088520142E+00 a       836     0    53     1     4
 -5.0874053965087560E+00 a       837     0    53     1     5
 -3.7017117003282030E+00 a       838     0    53     1     6
 -9.7781273785920247E-02 a       839     0    53     1     7
  2.1421808917044043E+00 a       840     0    53     1     8
 -2.1289184306124218E+00 a       841     0    53     1     9
  2.5547434463921292E+00 a       842     0    53     1    10
  1.0335678202948020E+00 a       843     0    53     1    11
  6.7625954561438695E-01 a       844     0    53     1    12
 -2.1166716903159153E+00 a       845     0    53     1    13
 -3.8813362726394240E-01 a       846     0    53     1    14
 -3.4920633376883075E+00 a       847     0    53     1    15
 -9.1073542663573237E-01 a       848     0    53     1    16
  1.7515192958707524E+00 a       849     0    54     1     1
 -4.7067852747969106E+00 a       850     0    54     1     2
  5.4880078646182380E+00 a       851     0    54     1     3
  1.5270681135687833E-01 a       852     0    54     1     4
 -2.3413219720982297E+00 a       853     0    54     1     5
  1.1307341269181699E+00 a       854     0    54     1     6
 -4.9636558397565883E-01 a       855     0    54     1     7
 -1.0024040268918941E+00 a       856     0    54     1     8
 -1.0922993223102265E-01 a       857     0    54     1     9
  1.4712781290062082E+00 a       858     0    54     1    10
  2.0447322636450731E+00 a       859     0    54     1    11
 -7.0704449271427883E-01 a       860     0    54     1    12
 -9.4972760178655458E-01 a       861     0    54     1    13
  3.7228679355432961E+00 a       862     0    54     1    14
 -1.1475843486721637E+00 a       863     0    54     1    15
  1.7055738565400567E+00 a       864     0    54     1    16
 -7.1060298184772691E-02 a       865     0    55     1     1
 -4.9690034447091387E+00 a       866     0    55     1     2
 -8.4805295079803200E-01 a       867     0    55     1     3
  1.4186324764842229E+00 a       868     0    55     1     4
 -3.3129682806740020E+00 a       869     0    55     1     5
  3.2752887656086571E+00 a       870     0    55     1     6
  2.4645415298932702E+00 a       871     0    55     1     7
 -2.9872918013349886E-01 a       872     0    55     1     8
  5.4738758860013430E+00 a       873     0    55     1     9
  3.1694912639657939E+00 a       874     0    55     1    10
  1.0327740132189283E+00 a       875     0    55     1    11
 -9.2445168057134919E-01 a       876     0    55     1    12
 -2.9969419723203377E+00 a       877     0    55     1    13
 -1.4710054163265987E-01 a       878     0    55     1    14
  4.5707317688354978E+00 a       879     0    55     1    15
  5.5641046954605446E+00 a       880     0    55     1    16
  6.0978524805460044E-01 a       881     0    56     1     1
 -2.8649707221999505E+00 a       882     0    56     1     2
 -5.9543525858721402E+00 a       883     0    56     1     3
  1.6039820639720253E+00 a       884     0    56     1     4
  1.2468618316690998E+00 a       885     0    56     1     5
  3.7081138352737382E+00 a       886     0    56     1     6
  9.6152616481787045E-01 a       887     0    56     1     7
 -2.0923975693647918E+00 a       888     0    56     1     8
  6.6939873313811136E+00 a       889     0    56     1     9
  2.1270611477971163E-01 a       890     0    56     1    10
 -4.5257960936937003E-01 a       891     0    56     1    11
  1.4141325156140061E+00 a       892     0    56     1    12
 -3.1671246366157435E+00 a       893     0    56     1    13
  2.6401788903288281E+00 a       894     0    56     1    14
  3.6319546647943031E+00 a       895     0    56     1    15
  2.2976899084749314E+00 a       896     0    56     1    16
 -2.8860702327651833E-01 a       897     0    57     1     1
  5.7285309123863259E-01 a       898     0    57     1     2
 -2.2510899707524352E+00 a       899     0    57     1     3
  2.0614706251209176E+00 a       900     0    57     1     4
  1.1938697205542312E+00 a       901     0    57     1     5
  9.7216885316047752E-01 a       902     0    57     1     6
 -9.6096442130091120E-01 a       903     0    57     1     7
 -1.4089196194319458E-02 a       904     0    57     1     8
  2.3563448883703658E-01 a       905     0    57     1     9
  8.9575817358429255E-01 a       906     0    57     1    10
  1.7123531114664461E-01 a       907     0    57     1    11
 -6.2593472724204458E-02 a       908     0    57     1    12
 -1.6927826593681421E+00 a       909     0    57     1    13
  9.9150757362054132E-01 a       910     0    57     1    14
 -2.6678516279621798E+00 a       911     0    57     1    15
  6.9912972876261026E-01 a       912     0    57     1    16
 -3.5314962460095112E+00 a       913     0    58     1     1
  3.0495971780530773E-01 a       914     0    58     1     2
  1.4429192893159279E+00 a       915     0    58     1     3
  6.9010831858276708E-02 a       916     0    58     1     4
  3.2535251396520515E+00 a       917     0    58     1     5
  1.2105249474517378E-01 a       918     0    58     1     6
  5.0270583089133036E-01 a       919     0    58     1     7
 -1.0965743910232892E+00 a       920     0    58     1     8
 -9.6555750985011478E-03 a       921     0    58     1     9
 -3.1320365628654678E+00 a       922     0    58     1    10
 -2.1721380494821956E+00 a       923     0    58     1    11
  3.5522965434180973E-02 a       924     0    58     1    12
  4.5621189307018328E-01 a       925     0    58     1    13
 -6.3623559977418487E-01 a       926     0    58     1    14
  3.9478052161285273E+00 a       927     0    58     1    15
  1.0643921224092385E+00 a       928     0    58     1    16
  4.7936628546845689E-01 a       929     0    59     1     1
  1.9215149200139443E+00 a       930     0    59     1     2
 -5.5732094981644735E+00 a       931     0    59     1     3
 -1.1226908439725904E+00 a       932     0    59     1     4
 -2.1584387010766138E-02 a       933     0    59     1     5
 -8.7215636537062902E-01 a       934     0    59     1     6
 -5.4203575719524044E-01 a       935     0    59     1     7
 -2.1562802556831446E+00 a       936     0    59     1     8
  5.9459881412540643E+00 a       937     0    59     1     9
  4.4598779204487272E-02 a       938     0    59     1    10
  3.7339808996413240E+00 a       939     0    59     1    11
  7.4522820443250248E-01 a       940     0    59     1    12
 -4.1219693829907528E-01 a       941     0    59     1    13
  5.4003958186175349E-01 a       942     0    59     1    14
  3.1599670861154698E+00 a       943     0    59     1    15
  1.4365955245468645E+00 a       944     0    59     1    16
 -2.0728920099331649E+00 a       945     0    60     1     1
 -5.6647530042866681E+00 a       946     0    60     1     2
 -7.4378370643478173E-02 a       947     0    60     1     3
  1.6597960737957631E+00 a       948     0    60     1     4
 -2.3073256155870299E+00 a       949     0    60     1     5
 -1.0593118907660872E+00 a       950     0    60     1     6
 -2.6535372163475719E+00 a       951     0    60     1     7
 -5.3460732993504856E-01 a       952     0    60     1     8
 -3.4941595743434890E+00 a       953     0    60     1     9
 -1.9494876341321776E+00 a       954     0    60     1    10
 -2.4661981348847615E+00 a       955     0    60     1    11
  1.0448564071143300E+00 a       956     0    60     1    12
  8.4187453677346258E-01 a       957     0    60     1    13
 -6.6995901700541005E-01 a       958     0    60     1    14
  3.9046426607371987E+00 a       959     0    60     1    15
 -4.6659417671020964E-01 a       960     0    60     1    16
 -1.4245601145558895E+00 a       961     0    61     1     1
 -4.1774422603354788E-01 a       962     0    61     1     2
 -2.6121316860440730E-01 a       963     0    61     1     3
 -4.9484888311539365E-03 a       964     0    61     1     4
  9.5408587433835623E-01 a       965     0    61     1     5
  9.2753156882616983E-01 a       966     0    61     1     6
 -9.1070301015080546E-01 a       967     0    61     1     7
  2.6207990121494651E-01 a       968     0    61     1     8
 -1.2452067112420184E+00 a       969     0    61     1     9
 -8.3248801312360099E-01 a       970     0    61     1    10
 -1.1431838841769897E+00 a       971     0    61     1    11
 -1.2014149596558898E+00 a       972     0    61     1    12
 -3.0916969565228958E-01 a       973     0    61     1    13
 -2.2695070708344530E-02 a       974     0    61     1    14
  1.3584053354329315E+00 a       975     0    61     1    15
 -2.1924228942149207E-01 a       976     0    61     1    16
  6.0544593378998979E+00 a       977     0    62     1     1
 -7.3234911947959813E-01 a       978     0    62     1     2
  6.2271834128893531E+00 a       979     0    62     1     3
  4.8189041804441226E+00 a       980     0    62     1     4
 -8.7615790120200543E-01 a       981     0    62     1     5
  4.8273144695469954E+00 a       982     0    62     1     6
 -3.4827067293782310E+00 a       983     0    62     1     7
  3.7337640261758316E+00 a       984     0    62     1     8
 -8.5799435951874836E-01 a       985     0    62     1     9
  4.5676075241225593E+00 a       986     0    62     1    10
 -2.7525172873222710E+00 a       987     0    62     1    11
 -4.9955836032337120E-01 a       988     0    62     1    12
  1.2911849325982032E+00 a       989     0    62     1    13
  5.3604374588546566E+00 a       990     0    62     1    14
 -5.4534771253515517E+00 a       991     0    62     1    15
  6.1448339649090555E-01 a       992     0    62     1    16
  2.0280294675435466E+00 a       993     0    63     1     1
 -1.2891905431048085E+00 a       994     0    63     1     2
  8.5455498923989115E+00 a       995     0    63     1     3
  1.7546532688990375E+00 a       996     0    63     1     4
  2.8168635895253438E+00 a       997     0    63     1     5
  2.3036236727997417E+00 a       998     0    63     1     6
  2.2563556982595609E+00 a       999     0    63     1     7
  2.1984819343456792E+00 a      1000     0    63     1     8
 -5.5474496663815662E+00 a      1001     0    63     1     9
 -1.1983981544179165E+00 a      1002     0    63     1    10
 -6.2090816050837043E+00 a      1003     0    63     1    11
  9.2170068632147184E-01 a      1004     0    63     1    12
  2.1325743268387831E+00 a      1005     0    63     1    13
  6.7147770448878574E-01 a      1006     0    63     1    14
 -4.7471464623624176E+00 a      1007     0    63     1    15
 -2.3308668169188991E+00 a      1008     0    63     1    16
  3.8258793008518477E-02 a      1009     0    64     1     1
  3.4834139847092125E+00 a      1010     0    64     1     2
  7.5860211225421403E-01 a      1011     0    64     1     3
  3.4612775267888002E-01 a      1012     0    64     1     4
  4.5662379853054516E+00 a      1013     0    64     1     5
 -1.9186821210181104E+00 a      1014     0    64     1     6
 -1.5916146926331820E+00 a      1015     0    64     1     7
  3.9987994978395086E-01 a      1016     0    64     1     8
 -3.5744228435287413E+00 a      1017     0    64     1     9
 -2.5749346644082340E+00 a      1018     0    64     1    10
 -1.7918212591893163E+00 a      1019     0    64     1    11
  3.1677337133792660E-01 a      1020     0    64     1    12
  7.2762555016127306E-01 a      1021     0    64     1    13
  4.5112928911926625E-01 a      1022     0    64     1    14
 -1.8129871496752854E+00 a      1023     0    64     1    15
 -4.7827360065196123E+00 a      1024     0    64     1    16
  4.5209862264164137E-03 b      1025     1     1
 -1.8492193554386532E-01 b      1026     1     2
  4.0795282377852982E-03 b      1027     1     3
  2.5888783874122545E-01 b      1028     1     4
 -3.2918064302698870E-02 b      1029     1     5
 -6.2564096669645727E-02 b      1030     1     6
 -2.1469267685421643E-02 b      1031     1     7
 -8.2410543394778824E-02 b      1032     1     8
 -4.8145584298357427E-02 b      1033     1     9
 -9.2645811979056469E-02 b      1034     1    10
  2.4392953794853761E-02 b      1035     1    11
  1.3874154904212574E-01 b      1036     1    12
  1.2125065729223360E-01 b      1037     1    13
  2.4819640283422519E-02 b      1038     1    14
  9.3275307057315883E-03 b      1039     1    15
 -9.7604277693609395E-02 b      1040     1    16
  1.6164552053828804E-01 a      1041     1     1     2     1
  3.6965505992768780E-02 a      1042     1     1     2     2
  5.8689296901610588E-01 a      1043     1     1     2     3
 -5.5688769778737557E-01 a      1044     1     1     2     4
 -2.7502323319683775E-01 a      1045     1     1     2     5
 -4.3615147185148695E-01 a      1046     1     1     2     6
  1.2612991448790971E+00 a      1047     1     1     2     7
 -1.1059425061011402E-01 a      1048     1     1     2     8
 -4.8984140056621904E-02 a      1049     1     1     2     9
  9.5969683380292703E-01 a      1050     1     1     2    10
  2.6424879406242013E-01 a      1051     1     1     2    11
 -1.1082884342099635E+00 a      1052     1     1     2    12
 -1.6574938536226582E+00 a      1053     1     1     2    13
 -3.6598173571671372E-01 a      1054     1     1     2    14
  1.3540971700578925E+00 a      1055     1     1     2    15
  4.2907847404867006E-01 a      1056     1     1     2    16
 -3.5947575690280886E-01 a      1057     1     2     2     1
 -9.9927811169689920E-02 a      1058     1     2     2     2
  5.1761799233328110E-01 a      1059     1     2     2     3
  6.8946762299426492E-02 a      1060     1     2     2     4
  4.3733797670562187E-02 a      1061     1     2     2     5
 -2.6207026085703261E-01 a      1062     1     2     2     6
  8.6417005800521488E-02 a      1063     1     2     2     7
  1.3481500208784178E-01 a      1064     1     2     2     8
  7.2294946351804124E-01 a      1065     1     2     2     9
  5.5073701429253982E-02 a      1066     1     2     2    10
  4.0229870844356169E-01 a      1067     1     2     2    11
 -2.0711888465989309E-01 a      1068     1     2     2    12
 -5.4832626099633486E-01 a      1069     1     2     2    13
 -6.1832237429313854E-02 a      1070     1     2     2    14
  3.3701523320053733E-01 a      1071     1     2     2    15
 -7.0261212350376823E-01 a      1072     1     2     2    16
 -1.3778641314912549E-01 a      1073     1     3     2     1
  1.8135859572532281E-01 a      1074     1     3     2     2
  2.0394814570969447E-01 a      1075     1     3     2     3
 -2.3756043614331643E-01 a      1076     1     3     2     4
 -5.0413935946081671E-02 a      1077     1     3     2     5
 -2.4836046484676431E-02 a      1078     1     3     2     6
 -9.9246153418112951E-02 a      1079     1     3     2     7
 -1.9198507576476989E-01 a      1080     1     3     2     8
  1.5551336853474226E-01 a      1081     1     3     2     9
 -2.9673830096704289E-02 a      1082     1     3     2    10
  1.4830553061963578E-01 a      1083     1     3     2    11
 -5.6540094331797175E-01 a      1084     1     3     2    12
 -2.7063118747878279E-01 a      1085     1     3     2    13
 -3.0834467456158254E-01 a      1086     1     3     2    14
  1.5737668554807788E-01 a      1087     1     3     2    15
  2.4936111836301866E-01 a      1088     1     3     2    16
 -5.0242790564471472E-02 a      1089     1     4     2     1
  5.1509897620904477E-01 a      1090     1     4     2     2
  3.5459848032410823E-01 a      1091     1     4     2     3
 -4.7296208650824392E-03 a      1092     1     4     2     4
  5.4874645934364996E-01 a      1093     1     4     2     5
 -2.7725365194512475E-01 a      1094     1     4     2     6
  2.7958181634272461E-01 a      1095     1     4     2     7
 -5.0385293599457148E-02 a      1096     1     4     2     8
  9.9217806427173816E-01 a      1097     1     4     2     9
 -1.2615328803429762E-01 a      1098     1     4     2    10
  2.9315960076765080E-01 a      1099     1     4     2    11
 -2.7968370261358455E-01 a      1100     1     4     2    12
 -5.4687122136309207E-01 a      1101     1     4     2    13
 -3.6808027008966587E-01 a      1102     1     4     2    14
  3.2811602614916657E-01 a      1103     1     4     2    15
 -4.0259693600667124E-01 a      1104     1     4     2    16
  1.1306382107495774E-01 a      1105     1     5     2     1
  1.8636339222393539E-01 a      1106     1     5     2     2
 -8.6004417884353579E-01 a      1107     1     5     2     3
 -4.7643369755006770E-01 a      1108     1     5     2     4
  4.1636572421247249E-02 a      1109     1     5     2     5
  2.8333632242162388E-01 a      1110     1     5     2     6
 -8.2919509552552262E-01 a      1111     1     5     2     7
 -4.4412921973273775E-02 a      1112     1     5     2     8
  6.1822766981719521E-03 a      1113     1     5     2     9
  3.2204209639313958E-01 a      1114     1     5     2    10
 -3.9890944566774467E-01 a      1115     1     5     2    11
 -4.0888939481198616E-01 a      1116     1     5     2    12
 -8.8647984934115687E-01 a      1117     1     5     2    13
 -4.6367446154596403E-01 a      1118     1     5     2    14
 -4.1485107603958987E-01 a      1119     1     5     2    15
  2.9842357303457906E-01 a      1120     1     5     2    16
 -2.5797995330615509E-01 a      1121     1     6     2     1
 -5.8029625176423094E-01 a      1122     1     6     2     2
  1.8631358005548601E-01 a      1123     1     6     2     3
 -1.1232966110491721E-01 a      1124     1     6     2     4
 -1.2594324934521711E-01 a      1125     1     6     2     5
 -3.0673271179789730E-01 a      1126     1     6     2     6
 -5.2931942089301420E-01 a      1127     1     6     2     7
  2.6655309945769168E-01 a      1128     1     6     2     8
 -2.3114587569574052E-01 a      1129     1     6     2     9
  2.4881476417315943E-01 a      1130     1     6     2    10
  1.4664436744722384E-01 a      1131     1     6     2    11
  1.8363342620045249E-02 a      1132     1     6     2    12
  6.0462736937219186E-01 a      1133     1     6     2    13
 -2.2517253504345175E-01 a      1134     1     6     2    14
 -2.4509479239675924E-01 a      1135     1     6     2    15
 -1.7099115305113485E-01 a      1136     1     6     2    16
  4.4350062131978521E-02 a      1137     1     7     2     1
 -1.6755495189739963E-01 a      1138     1     7     2     2
 -6.0373127918824188E-01 a      1139     1     7     2     3
  1.4068266883559885E-01 a      1140     1     7     2     4
  2.2280504220293409E-01 a      1141     1     7     2     5
  7.3067508479033416E-01 a      1142     1     7     2     6
 -1.7614546014115745E-01 a      1143     1     7     2     7
  1.0498140596936650E-01 a      1144     1     7     2     8
 -1.5122004229288992E+00 a      1145     1     7     2     9
  1.0337863000118747E-01 a      1146     1     7     2    10
 -8.2437503349429053E-01 a      1147     1     7     2    11
  4.2701750566217217E-01 a      1148     1     7     2    12
  4.4988889898263928E-01 a      1149     1     7     2    13
 -1.5216101477974098E-01 a      1150     1     7     2    14
 -8.5280256405079435E-01 a      1151     1     7     2    15
  3.5554617098214614E-01 a      1152     1     7     2    16
  4.8793818930017890E-01 a      1153     1     8     2     1
  7.2542634095992464E-01 a      1154     1     8     2     2
 -1.1762032861541902E+00 a      1155     1     8     2     3
 -2.1980221799326985E-01 a      1156     1     8     2     4
 -2.1234872149424150E-01 a      1157     1     8     2     5
  8.9645683587527436E-01 a      1158     1     8     2     6
 -1.2993583458821667E+00 a      1159     1     8     2     7
 -2.2445868545589748E-01 a      1160     1     8     2     8
 -3.9043104575304244E-01 a      1161     1     8     2     9
 -5.1409733023640336E-01 a      1162     1     8     2    10
 -9.6053069871815278E-01 a      1163     1     8     2    11
  7.3191008771649324E-01 a      1164     1     8     2    12
  2.8016157586240689E+00 a      1165     1     8     2    13
  3.0417033158005830E-01 a      1166     1     8     2    14
 -7.4406943465240782E-01 a      1167     1     8     2    15
 -1.2627064162364662E-01 a      1168     1     8     2    16
  2.4791749254630568E-01 a      1169     1     9     2     1
  2.2007684957496559E-01 a      1170     1     9     2     2
 -7.4457967876853784E-02 a      1171     1     9     2     3
  9.4737857137859788E-02 a      1172     1     9     2     4
  8.2719927073443222E-02 a      1173     1     9     2     5
 -9.2801952766948664E-02 a      1174     1     9     2     6
  2.4683239818468605E-01 a      1175     1     9     2     7
 -8.9731850683913802E-02 a      1176     1     9     2     8
  3.2418046139143603E-01 a      1177     1     9     2     9
 -5.1989961549120545E-01 a      1178     1     9     2    10
  3.0706875632480961E-02 a      1179     1     9     2    11
 -1.1352413912029698E-01 a      1180     1     9     2    12
  5.4168090692954352E-01 a      1181     1     9     2    13
  2.9185117156185569E-01 a      1182     1     9     2    14
  2.3545422504807800E-01 a      1183     1     9     2    15
  2.0547579963037871E-01 a      1184     1     9     2    16
 -1.2497951820718062E-01 a      1185     1    10     2     1
 -8.0188557684956432E-02 a      1186     1    10     2     2
 -2.2733731830769957E-01 a      1187     1    10     2     3
 -6.8796139899515982E-02 a      1188     1    10     2     4
  4.8272811116536682E-03 a      1189     1    10     2     5
 -2.6339665706185128E-01 a      1190     1    10     2     6
 -1.1872636012439204E+00 a      1191     1    10     2     7
 -2.2994384543612859E-01 a      1192     1    10     2     8
  2.3700415475532824E-01 a      1193     1    10     2     9
 -5.7220758870409217E-03 a      1194     1    10     2    10
  5.0528681280877796E-01 a      1195     1    10     2    11
  6.0004260129460496E-01 a      1196     1    10     2    12
  8.2583019933226798E-01 a      1197     1    10     2    13
  9.6824926672198164E-02 a      1198     1    10     2    14
 -8.3962028081334494E-01 a      1199     1    10     2    15
 -4.1822303893592094E-01 a      1200     1    10     2    16
  9.8530071602176264E-02 a      1201     1    11     2     1
 -1.9512067368899305E-01 a      1202     1    11     2     2
 -3.1126180302968065E-01 a      1203     1    11     2     3
 -6.9395034534924557E-02 a      1204     1    11     2     4
  3.9621312939255818E-02 a      1205     1    11     2     5
  9.3087920992010720E-01 a      1206     1    11     2     6
 -4.8752456911060510E-01 a      1207     1    11     2     7
  2.8978246862388063E-01 a      1208     1    11     2     8
 -8.1140554873801196E-01 a      1209     1    11     2     9
  2.8028435103787064E-01 a      1210     1    11     2    10
 -4.1761207164350594E-01 a      1211     1    11     2    11
  1.4168581424695356E-01 a      1212     1    11     2    12
  1.1089046226156234E-01 a      1213     1    11     2    13
 -2.6398513449419581E-01 a      1214     1    11     2    14
 -2.3546068491363209E-01 a      1215     1    11     2    15
  1.7328903161844207E+00 a      1216     1    11     2    16
 -2.5213754700901292E-01 a      1217     1    12     2     1
  1.7436603429392156E-01 a      1218     1    12     2     2
 -2.6373146496544086E-01 a      1219     1    12     2     3
 -1.2320901914395299E-01 a      1220     1    12     2     4
 -1.7890952069372887E-01 a      1221     1    12     2     5
  2.6898580267854649E-01 a      1222     1    12     2     6
 -1.5113314810487004E+00 a      1223     1    12     2     7
 -8.6406948243048912E-02 a      1224     1    12     2     8
 -9.3200795682117343E-01 a      1225     1    12     2     9
  2.3197705448025888E-01 a      1226     1    12     2    10
 -1.7364937321160051E-01 a      1227     1    12     2    11
  2.5577193437128271E-01 a      1228     1    12     2    12
  1.2859220582790984E+00 a      1229     1    12     2    13
 -2.7628429355795581E-01 a      1230     1    12     2    14
 -1.4320580683149708E+00 a      1231     1    12     2    15
  2.4644078473274467E-01 a      1232     1    12     2    16
  1.8674969067276501E-01 a      1233     1    13     2     1
 -7.3977529439286216E-01 a      1234     1    13     2     2
  2.4643259359039060E-01 a      1235     1    13     2     3
 -2.5418711841812697E-01 a      1236     1    13     2     4
  2.0433826502645253E-01 a      1237     1    13     2     5
 -5.7730792489871641E-01 a      1238     1    13     2     6
  4.0768811505613495E-01 a      1239     1    13     2     7
 -1.6345224766118049E-01 a      1240     1    13     2     8
  5.0059025644218469E-01 a      1241     1    13     2     9
 -5.6365368524129988E-02 a      1242     1    13     2    10
  3.3388732463706583E-01 a      1243     1    13     2    11
 -2.4257622062277565E-01 a      1244     1    13     2    12
 -4.7809459718866421E-01 a      1245     1    13     2    13
  1.8246953655724291E-01 a      1246     1    13     2    14
  2.9436362741176403E-01 a      1247     1    13     2    15
  3.6203197818468419E-01 a      1248     1    13     2    16
  2.5244240959350561E-01 a      1249     1    14     2     1
 -5.1290272924173608E-01 a      1250     1    14     2     2
 -9.4312929132179846E-01 a      1251     1    14     2     3
  4.8327666214190546E-01 a      1252     1    14     2     4
  1.9147974328255254E-01 a      1253     1    14     2     5
  1.1736055353478561E+00 a      1254     1    14     2     6
  5.3945547444516184E-01 a      1255     1    14     2     7
 -2.4937509966341868E-02 a      1256     1    14     2     8
 -1.6190956605791802E+00 a      1257     1    14     2     9
 -1.0254386063203812E-01 a      1258     1    14     2    10
 -7.7114598505846832E-01 a      1259     1    14     2    11
  3.2191669279455037E-01 a      1260     1    14     2    12
  1.8241275376956745E-01 a      1261     1    14     2    13
  4.4676294511292997E-01 a      1262     1    14     2    14
 -1.4365214290908075E+00 a      1263     1    14     2    15
  3.5097682585213807E-01 a      1264     1    14     2    16
  8.3551344951205669E-02 a      1265     1    15     2     1
  1.9177624176387734E-01 a      1266     1    15     2     2
 -2.0924451800727675E-01 a      1267     1    15     2     3
  5.7984444447666976E-02 a      1268     1    15     2     4
 -2.1031558378050960E-01 a      1269     1    15     2     5
  2.8087544897330396E-01 a      1270     1    15     2     6
  1.1512566208815677E-02 a      1271     1    15     2     7
 -6.5745509000219771E-01 a      1272     1    15     2     8
 -3.6226135526268993E-01 a      1273     1    15     2     9
  2.0792154134052274E-01 a      1274     1    15     2    10
  2.8288922783426845E-02 a      1275     1    15     2    11
 -1.5451199608887127E-02 a      1276     1    15     2    12
  1.0275892287226789E-02 a      1277     1    15     2    13
 -2.0246682328695087E-01 a      1278     1    15     2    14
 -1.9020145930865515E-01 a      1279     1    15     2    15
  2.9979006329067817E-02 a      1280     1    15     2    16
  5.3251732237126259E-01 a      1281     1    16     2     1
  3.9276828380549866E-03 a      1282     1    16     2     2
  1.5730889619067120E-01 a      1283     1    16     2     3
  3.3282624837094443E-01 a      1284     1    16     2     4
 -1.3176020109406741E-01 a      1285     1    16     2     5
 -8.4954342951766459E-01 a      1286     1    16     2     6
 -1.3052653622921193E-01 a      1287     1    16     2     7
  6.8768406535523330E-01 a      1288     1    16     2     8
  6.9023741099698221E-01 a      1289     1    16     2     9
  5.4702759030706490E-02 a      1290     1    16     2    10
 -3.7088046711307637E-02 a      1291     1    16     2    11
 -2.0901127947464507E-01 a      1292     1    16     2    12
 -1.0673057867780149E+00 a      1293     1    16     2    13
 -3.4872465142375653E-01 a      1294     1    16     2    14
  1.4799201459420128E+00 a      1295     1    16     2    15
 -4.8138438853608373E-01 a      1296     1    16     2    16
  1.6046457183540639E-04 b      1297     2     1
 -1.1386219303213202E-02 b      1298     2     2
 -1.0246569100655514E-01 b      1299     2     3
  1.9313724748030815E-02 b      1300     2     4
  4.8579122263730470E-02 b      1301     2     5
 -3.9626743302881864E-02 b      1302     2     6
 -1.4037619274200208E-01 b      1303     2     7
  9.1876678909221396E-02 b      1304     2     8
  2.0275764733794757E-01 b      1305     2     9
 -1.1430525860089895E-01 b      1306     2    10
 -1.4844689003104372E-01 b      1307     2    11
  5.3793233166913963E-03 b      1308     2    12
  5.1345801459863050E-01 b      1309     2    13
  1.0036024767322253E-01 b      1310     2    14
 -2.6731293149241692E-01 b      1311     2    15
 -1.3508977408453604E-01 b      1312     2    16
 -6.1935869476089767E-01 a      1313     2     1     3     1
  4.0052463708408487E-01 a      1314     2     2     3     1
 -5.5379127425562913E-01 a      1315     2     3     3     1
 -5.1327835121616461E-01 a      1316     2     4     3     1
 -7.3485514263699003E-01 a      1317     2     5     3     1
 -4.9191874838857530E-01 a      1318     2     6     3     1
  6.7521629844567643E-01 a      1319     2     7     3     1
  7.4790949942989793E-01 a      1320     2     8     3     1
 -1.5486010658501528E-01 a      1321     2     9     3     1
 -5.2646557337146971E-01 a      1322     2    10     3     1
  5.7800200174107208E-01 a      1323     2    11     3     1
  5.1452165032894237E-01 a      1324     2    12     3     1
 -2.9469343267651535E-02 a      1325     2    13     3     1
 -8.3845019433149892E-01 a      1326     2    14     3     1
 -4.3603775139082021E-02 a      1327     2    15     3     1
  9.3473528969419420E-02 a      1328     2    16     3     1
  2.0877965954813546E-02 b      1329     3     1
