################################################################################
# Neural network connection values (weights and biases).
################################################################################
# Col  Name       Description
################################################################################
# 1    connection Neural network connection value.
# 2    t          Connection type (a = weight, b = bias).
# 3    index      Index enumerating weights.
# 4    l_s        Starting point layer (end point layer for biases).
# 5    n_s        Starting point neuron in starting layer (end point neuron for biases).
# 6    l_e        End point layer.
# 7    n_e        End point neuron in end layer.
################################################################################
#                      1 2         3     4     5     6     7
#             connection t     index   l_s   n_s   l_e   n_e
############################################################
  3.1689700576812467E+00 a         1     0     1     1     1
 -1.6826823741080583E+00 a         2     0     1     1     2
 -5.1339454570100196E-01 a         3     0     1     1     3
 -2.5524038688348587E+00 a         4     0     1     1     4
 -7.5065223574765740E+00 a         5     0     1     1     5
 -7.0753817017552061E+00 a         6     0     1     1     6
 -3.5222537152859728E+00 a         7     0     1     1     7
 -2.1587208131390959E+01 a         8     0     1     1     8
 -3.5084198936403319E+00 a         9     0     1     1     9
 -6.3730432264624399E+00 a        10     0     1     1    10
 -5.2695784897776576E+00 a        11     0     1     1    11
  1.2005105976610464E+00 a        12     0     1     1    12
 -5.5356949539634162E+00 a        13     0     1     1    13
  2.0067427533780990E+00 a        14     0     1     1    14
  3.6129824948075240E+00 a        15     0     1     1    15
 -1.3570865217982959E+00 a        16     0     1     1    16
 -1.8633240745957296E+00 a        17     0     2     1     1
  4.2531902595651214E+00 a        18     0     2     1     2
 -4.2414884519357718E+00 a        19     0     2     1     3
 -2.3902371530956583E+00 a        20     0     2     1     4
  6.2290803951969553E-01 a        21     0     2     1     5
 -2.9250580036137336E-01 a        22     0     2     1     6
 -5.1489009438845645E-01 a        23     0     2     1     7
  4.5292326822705696E-02 a        24     0     2     1     8
  5.0106071898731119E-01 a        25     0     2     1     9
 -2.7003619273911719E+00 a        26     0     2     1    10
 -1.7689046530170276E+00 a        27     0     2     1    11
 -3.5794251129182880E-01 a        28     0     2     1    12
 -2.8730633906689111E+00 a        29     0     2     1    13
 -5.7688359367026916E+00 a        30     0     2     1    14
  1.0220536588381874E+00 a        31     0     2     1    15
  2.7345102984606950E+00 a        32     0     2     1    16
 -3.4244092096579898E-01 a        33     0     3     1     1
  3.8351399070629060E+00 a        34     0     3     1     2
 -2.7339466145072589E-02 a        35     0     3     1     3
  2.2190667645909272E+00 a        36     0     3     1     4
 -1.4977560895325310E+00 a        37     0     3     1     5
 -7.5183627649966320E+00 a        38     0     3     1     6
  4.4776143150378092E+00 a        39     0     3     1     7
  2.7302069207009216E+00 a        40     0     3     1     8
  5.0875510096633265E+00 a        41     0     3     1     9
 -1.6157963158947712E+00 a        42     0     3     1    10
 -4.1311173112215943E-01 a        43     0     3     1    11
  1.3763870720862676E+00 a        44     0     3     1    12
  4.3889607972083500E-01 a        45     0     3     1    13
  1.2006652378246164E+01 a        46     0     3     1    14
  2.6271175579232975E+00 a        47     0     3     1    15
  7.1744697421215600E+00 a        48     0     3     1    16
 -2.1985096629937528E+00 a        49     0     4     1     1
  2.8525376257112178E+00 a        50     0     4     1     2
  1.7834441209318805E+00 a        51     0     4     1     3
  1.6009031834336094E+00 a        52     0     4     1     4
  5.7104007995999186E+00 a        53     0     4     1     5
  7.9928994204618338E+00 a        54     0     4     1     6
  2.0894522855092759E+00 a        55     0     4     1     7
  1.6239304343455242E+01 a        56     0     4     1     8
  1.6433297851568931E+00 a        57     0     4     1     9
  4.5920799287321099E+00 a        58     0     4     1    10
  4.0247685746562167E+00 a        59     0     4     1    11
 -2.6666054844261766E+00 a        60     0     4     1    12
  1.0857325350667235E+01 a        61     0     4     1    13
  4.7269661383092504E-01 a        62     0     4     1    14
 -2.3802169865846379E+00 a        63     0     4     1    15
 -6.1264980178673945E-01 a        64     0     4     1    16
  8.8943296701803870E-02 a        65     0     5     1     1
 -3.6376178211216756E+00 a        66     0     5     1     2
  9.7788623070673601E+00 a        67     0     5     1     3
  6.1957179134654661E+00 a        68     0     5     1     4
 -8.0668184535915888E-01 a        69     0     5     1     5
 -5.2696606259746548E-01 a        70     0     5     1     6
 -2.6833225337325524E+00 a        71     0     5     1     7
 -3.6544025781286513E+00 a        72     0     5     1     8
 -2.9462525738181982E+00 a        73     0     5     1     9
  5.5090700049557615E+00 a        74     0     5     1    10
  3.9868579630019094E+00 a        75     0     5     1    11
 -2.3510434980141007E-01 a        76     0     5     1    12
  9.1282320865112929E+00 a        77     0     5     1    13
  8.1868989082487413E+00 a        78     0     5     1    14
 -2.9140917308821286E+00 a        79     0     5     1    15
 -5.7469679732259165E+00 a        80     0     5     1    16
 -3.7132481763804359E-01 a        81     0     6     1     1
 -6.8810214025895544E-01 a        82     0     6     1     2
 -2.2697419522370496E-01 a        83     0     6     1     3
 -1.6652926513979061E-01 a        84     0     6     1     4
 -2.3480753820105082E-01 a        85     0     6     1     5
 -1.7447743126567166E+00 a        86     0     6     1     6
 -1.3756323748393378E+00 a        87     0     6     1     7
 -3.0419057949464468E+00 a        88     0     6     1     8
 -7.7472459157726836E-01 a        89     0     6     1     9
 -5.4519809415140917E-02 a        90     0     6     1    10
 -3.8199331884237980E-01 a        91     0     6     1    11
  6.0144552277848906E-01 a        92     0     6     1    12
 -3.3259964708924898E+00 a        93     0     6     1    13
 -1.5719325542839671E+00 a        94     0     6     1    14
 -1.7624891608950846E-01 a        95     0     6     1    15
 -4.3685537436629862E-01 a        96     0     6     1    16
 -1.1610002652570521E-01 a        97     0     7     1     1
 -7.6455990773502425E-01 a        98     0     7     1     2
 -2.1171574905327939E-01 a        99     0     7     1     3
  8.1283781200737748E-01 a       100     0     7     1     4
  2.6320401002012783E-01 a       101     0     7     1     5
  1.5119305741697049E+00 a       102     0     7     1     6
 -1.3835651966206994E+00 a       103     0     7     1     7
  9.4793411049527654E-01 a       104     0     7     1     8
 -4.9739665415211182E-01 a       105     0     7     1     9
 -6.3863145174571423E-02 a       106     0     7     1    10
  5.1887809134042825E-02 a       107     0     7     1    11
  6.5941622616743922E-01 a       108     0     7     1    12
 -1.1299499160539710E+00 a       109     0     7     1    13
 -3.7111668983207782E+00 a       110     0     7     1    14
 -2.1612104206166627E-01 a       111     0     7     1    15
 -2.1846789067722270E+00 a       112     0     7     1    16
 -2.8710436829655750E-01 a       113     0     8     1     1
  1.1806779390285664E+00 a       114     0     8     1     2
 -2.7150004267482228E+00 a       115     0     8     1     3
 -1.7604480260643478E+00 a       116     0     8     1     4
 -5.4349711489095065E-01 a       117     0     8     1     5
  4.6624694498855324E-01 a       118     0     8     1     6
  2.1620494640625199E-01 a       119     0     8     1     7
  2.8225043216064334E+00 a       120     0     8     1     8
  4.3642681711452674E-01 a       121     0     8     1     9
 -2.9945577103575274E+00 a       122     0     8     1    10
 -1.4584907996022920E+00 a       123     0     8     1    11
  1.6929888816961776E+00 a       124     0     8     1    12
 -6.1649148797636384E+00 a       125     0     8     1    13
 -4.7084039914585967E+00 a       126     0     8     1    14
  1.3746710070905255E+00 a       127     0     8     1    15
  3.1400424818676078E+00 a       128     0     8     1    16
  1.3752239272833409E+01 a       129     0     9     1     1
 -2.2292426076946924E+01 a       130     0     9     1     2
 -4.8216245654678203E-01 a       131     0     9     1     3
  1.5173516597686689E+01 a       132     0     9     1     4
 -1.5394276136210543E+01 a       133     0     9     1     5
 -1.8509827002805221E+01 a       134     0     9     1     6
  3.2359232434474279E+01 a       135     0     9     1     7
  5.1759576923413398E+01 a       136     0     9     1     8
  3.4262958040948881E+01 a       137     0     9     1     9
 -1.1397596155004559E+01 a       138     0     9     1    10
  3.7122377723306255E-01 a       139     0     9     1    11
  2.6934180184952151E+01 a       140     0     9     1    12
 -4.4438840462288795E+01 a       141     0     9     1    13
  1.4657829227373210E+01 a       142     0     9     1    14
  9.2131708286024967E+00 a       143     0     9     1    15
  3.6359577222645356E+01 a       144     0     9     1    16
  1.0591902098517584E+01 a       145     0    10     1     1
 -1.5852697970426797E+00 a       146     0    10     1     2
 -4.0953914413079801E+01 a       147     0    10     1     3
 -3.8431350122324147E+01 a       148     0    10     1     4
  9.1609794474000026E+00 a       149     0    10     1     5
  1.9419564749074027E+01 a       150     0    10     1     6
  2.4928715264445675E+01 a       151     0    10     1     7
  2.8887573555912592E+01 a       152     0    10     1     8
  2.6517361584528221E+01 a       153     0    10     1     9
 -1.2609161725644430E+01 a       154     0    10     1    10
 -1.3268382597005052E+01 a       155     0    10     1    11
 -6.7944986859089198E+00 a       156     0    10     1    12
 -3.3804370561074066E+01 a       157     0    10     1    13
 -5.5763254349552760E+00 a       158     0    10     1    14
  1.5901331927653676E+01 a       159     0    10     1    15
 -5.3320526992835608E+00 a       160     0    10     1    16
  7.5226507166231382E+00 a       161     0    11     1     1
 -2.8985570406594700E+01 a       162     0    11     1     2
 -2.0122908810551873E+01 a       163     0    11     1     3
 -6.0548898421020063E+01 a       164     0    11     1     4
 -1.2601968510505326E+01 a       165     0    11     1     5
  8.0058538815949049E+01 a       166     0    11     1     6
 -7.3442157686305638E+00 a       167     0    11     1     7
 -1.0237040757269780E+02 a       168     0    11     1     8
 -2.3207394764305775E+01 a       169     0    11     1     9
 -2.0248437944286529E+01 a       170     0    11     1    10
  1.4577883742939839E+00 a       171     0    11     1    11
 -3.0725509960681052E+01 a       172     0    11     1    12
  3.6005815351563669E+01 a       173     0    11     1    13
 -2.0512089324896937E+01 a       174     0    11     1    14
  1.3441391167569428E+01 a       175     0    11     1    15
 -7.8185131667793073E+01 a       176     0    11     1    16
  1.3610521254375326E+01 a       177     0    12     1     1
  1.7499590753249914E+00 a       178     0    12     1     2
  6.7197666779553657E+01 a       179     0    12     1     3
  3.6671112767387577E+01 a       180     0    12     1     4
 -4.2981242585657405E+01 a       181     0    12     1     5
  5.7002307741878946E+00 a       182     0    12     1     6
  3.3378870636786793E+01 a       183     0    12     1     7
 -9.1521393928242993E+00 a       184     0    12     1     8
 -2.4870095393140016E+01 a       185     0    12     1     9
  4.1044519681609970E+01 a       186     0    12     1    10
 -2.2569098472275084E+00 a       187     0    12     1    11
  1.1591188340231814E+02 a       188     0    12     1    12
 -8.1293802688192486E+01 a       189     0    12     1    13
  1.3623544475152892E+02 a       190     0    12     1    14
 -4.9528153326468320E+01 a       191     0    12     1    15
  4.8119766764625837E+01 a       192     0    12     1    16
 -2.2064420105601181E+00 a       193     0    13     1     1
  1.4459266520163430E+01 a       194     0    13     1     2
 -1.9275990639090008E+01 a       195     0    13     1     3
 -1.1999584781210892E+01 a       196     0    13     1     4
  1.1554950095020940E+01 a       197     0    13     1     5
  4.7024236235723746E+00 a       198     0    13     1     6
  2.8407166716151334E+01 a       199     0    13     1     7
  6.1544860327694096E+01 a       200     0    13     1     8
  8.4725272891930778E+00 a       201     0    13     1     9
  1.4124245354768602E+01 a       202     0    13     1    10
 -2.3769930860486883E+00 a       203     0    13     1    11
  1.0352170427897001E+01 a       204     0    13     1    12
 -2.6281784765773153E+01 a       205     0    13     1    13
 -1.5300235771222631E+01 a       206     0    13     1    14
 -1.8929390581627377E+01 a       207     0    13     1    15
  4.1051995873945351E+01 a       208     0    13     1    16
 -1.3802021303192082E+00 a       209     0    14     1     1
  2.4164855512642687E+00 a       210     0    14     1     2
 -2.0798314843350678E+01 a       211     0    14     1     3
 -1.4966860496512719E+01 a       212     0    14     1     4
  8.1275091523243344E+00 a       213     0    14     1     5
  1.8546937956211096E+00 a       214     0    14     1     6
  6.5777175006971653E-02 a       215     0    14     1     7
  4.7534384007066235E+00 a       216     0    14     1     8
  9.7361524426190709E+00 a       217     0    14     1     9
 -9.7622968151231913E+00 a       218     0    14     1    10
 -4.3257299060394612E+00 a       219     0    14     1    11
 -1.4444635931083651E+01 a       220     0    14     1    12
 -4.2595906859360824E+00 a       221     0    14     1    13
 -2.1632396087738062E+01 a       222     0    14     1    14
  1.1385030381653264E+01 a       223     0    14     1    15
 -4.0642948502892429E+00 a       224     0    14     1    16
 -1.1758780288335291E+01 a       225     0    15     1     1
 -4.2140403706700837E+00 a       226     0    15     1     2
  5.3322262701030503E+01 a       227     0    15     1     3
  2.6444412103407515E+01 a       228     0    15     1     4
  1.5948311113421370E+01 a       229     0    15     1     5
 -1.2259325378599700E-01 a       230     0    15     1     6
 -2.9862352266900437E+01 a       231     0    15     1     7
  7.4704115285372112E+01 a       232     0    15     1     8
 -4.6673322065307268E+01 a       233     0    15     1     9
  5.3380094318169753E+01 a       234     0    15     1    10
  1.5868538881911705E+01 a       235     0    15     1    11
  1.6312261464920947E+01 a       236     0    15     1    12
 -2.6938445858422781E+01 a       237     0    15     1    13
 -8.1500170341548284E+01 a       238     0    15     1    14
 -6.2979362860985809E+01 a       239     0    15     1    15
  5.4879625382154813E+01 a       240     0    15     1    16
  3.9764376260379292E-01 a       241     0    16     1     1
  1.6066299364177941E+00 a       242     0    16     1     2
 -2.6645420496010743E+00 a       243     0    16     1     3
 -5.8505898514569665E-01 a       244     0    16     1     4
  4.1632539907568135E-02 a       245     0    16     1     5
 -1.4267094597226273E+00 a       246     0    16     1     6
  3.5142266998570517E+00 a       247     0    16     1     7
  4.7218633668535253E+00 a       248     0    16     1     8
  1.8706426419673112E+00 a       249     0    16     1     9
  1.1212361063029057E-01 a       250     0    16     1    10
 -9.0140859986675614E-01 a       251     0    16     1    11
  1.1223545535142505E+00 a       252     0    16     1    12
 -3.2327894208077228E+00 a       253     0    16     1    13
 -1.6485467464902184E+00 a       254     0    16     1    14
 -8.4592480167179940E-01 a       255     0    16     1    15
  5.7425648432575143E+00 a       256     0    16     1    16
 -2.1892186247205205E+00 a       257     0    17     1     1
  1.5990406913595259E+00 a       258     0    17     1     2
 -6.9526808579896757E+00 a       259     0    17     1     3
 -4.1085660738235283E+00 a       260     0    17     1     4
  4.4579937344701692E+00 a       261     0    17     1     5
 -1.2312014764090793E+00 a       262     0    17     1     6
 -2.3226034566516813E+00 a       263     0    17     1     7
  1.2360925501101634E+00 a       264     0    17     1     8
  3.4891963064830915E+00 a       265     0    17     1     9
 -3.1377534322916687E+00 a       266     0    17     1    10
 -7.8823399338471167E-01 a       267     0    17     1    11
 -6.5075038684757844E+00 a       268     0    17     1    12
 -9.0748226342082883E-01 a       269     0    17     1    13
 -9.9495233772751188E+00 a       270     0    17     1    14
  4.4211976664810155E+00 a       271     0    17     1    15
 -1.9966870859462906E+00 a       272     0    17     1    16
 -2.2141512341898433E+00 a       273     0    18     1     1
  2.6114951013221505E-01 a       274     0    18     1     2
  6.6136494881396306E+00 a       275     0    18     1     3
  5.1093576267633600E-01 a       276     0    18     1     4
  3.1298691135571577E+00 a       277     0    18     1     5
  3.3732213117462200E+00 a       278     0    18     1     6
 -9.0555456453074423E-01 a       279     0    18     1     7
  1.0275069784716788E+01 a       280     0    18     1     8
 -4.8278107849009695E+00 a       281     0    18     1     9
  8.1671850353872681E+00 a       282     0    18     1    10
  2.9736307779546567E+00 a       283     0    18     1    11
  1.1283822819555582E+00 a       284     0    18     1    12
 -2.1780060235790688E+00 a       285     0    18     1    13
 -6.5584680914670859E+00 a       286     0    18     1    14
 -8.6526842867593086E+00 a       287     0    18     1    15
  5.0750314118382622E+00 a       288     0    18     1    16
 -4.1723113283589313E+01 a       289     0    19     1     1
  5.7877194159826608E+01 a       290     0    19     1     2
 -7.8006382682277371E+00 a       291     0    19     1     3
 -2.7823635908059632E+01 a       292     0    19     1     4
  5.2827679333810842E+01 a       293     0    19     1     5
  4.6946607025208380E+01 a       294     0    19     1     6
 -6.2505295707163270E+01 a       295     0    19     1     7
 -8.3751514954332563E+01 a       296     0    19     1     8
 -6.6325932573511494E+01 a       297     0    19     1     9
  4.4117354117527285E+01 a       298     0    19     1    10
  1.0241531605895961E+01 a       299     0    19     1    11
 -6.1090202456981757E+01 a       300     0    19     1    12
  9.0384764794831668E+01 a       301     0    19     1    13
 -4.6288823652389667E+01 a       302     0    19     1    14
 -3.1315541635321875E+01 a       303     0    19     1    15
 -7.4658877253039947E+01 a       304     0    19     1    16
 -2.4680738063071434E+01 a       305     0    20     1     1
 -7.9355368797055093E-01 a       306     0    20     1     2
  1.0762858681579219E+02 a       307     0    20     1     3
  1.0522738421961779E+02 a       308     0    20     1     4
 -2.4675175602965705E+01 a       309     0    20     1     5
 -4.8531196106965353E+01 a       310     0    20     1     6
 -5.6234945952953211E+01 a       311     0    20     1     7
 -6.8440518530869994E+01 a       312     0    20     1     8
 -6.1060953015183124E+01 a       313     0    20     1     9
  3.7667759605484825E+01 a       314     0    20     1    10
  3.9265699866676691E+01 a       315     0    20     1    11
  1.7406664558955917E+01 a       316     0    20     1    12
  8.8367550402513871E+01 a       317     0    20     1    13
  2.3902502518953277E+01 a       318     0    20     1    14
 -4.2207624387203822E+01 a       319     0    20     1    15
  1.2420677411152292E+01 a       320     0    20     1    16
 -2.5164070432434087E+01 a       321     0    21     1     1
  6.6276942637463861E+01 a       322     0    21     1     2
  5.9146499507272416E+01 a       323     0    21     1     3
  1.4354617363797004E+02 a       324     0    21     1     4
  3.5571712973503814E+01 a       325     0    21     1     5
 -1.6804127782179006E+02 a       326     0    21     1     6
 -2.2060766893560224E+00 a       327     0    21     1     7
  2.4286733202295270E+02 a       328     0    21     1     8
  3.7479823992433403E+01 a       329     0    21     1     9
  6.0597117368686384E+01 a       330     0    21     1    10
  3.2821697567424502E+00 a       331     0    21     1    11
  6.8456726332288468E+01 a       332     0    21     1    12
 -8.5292142432980398E+01 a       333     0    21     1    13
  8.6318633210614077E+00 a       334     0    21     1    14
 -4.6412410708002511E+01 a       335     0    21     1    15
  1.6896530543631977E+02 a       336     0    21     1    16
  1.7149826846637364E+01 a       337     0    22     1     1
 -2.9310626985382161E+01 a       338     0    22     1     2
  1.1724137039235778E+01 a       339     0    22     1     3
  1.5091095611994552E+01 a       340     0    22     1     4
 -2.4415172131937290E+01 a       341     0    22     1     5
 -1.8977235828782533E+01 a       342     0    22     1     6
  1.2228509891876984E+01 a       343     0    22     1     7
  1.1042990215209707E+01 a       344     0    22     1     8
  2.0949938317349705E+01 a       345     0    22     1     9
 -2.1502620884685729E+01 a       346     0    22     1    10
 -2.9079604584127701E+00 a       347     0    22     1    11
  2.0616536632529293E+01 a       348     0    22     1    12
 -2.5416157985944913E+01 a       349     0    22     1    13
  2.3476744127148635E+01 a       350     0    22     1    14
  1.8230774363024473E+01 a       351     0    22     1    15
  1.2967831984194602E+01 a       352     0    22     1    16
 -1.2538934945283733E+00 a       353     0    23     1     1
 -4.0045669239801391E+00 a       354     0    23     1     2
 -1.0287821960978081E+02 a       355     0    23     1     3
 -7.4734500103533151E+01 a       356     0    23     1     4
  4.9326585244105850E+01 a       357     0    23     1     5
  1.4110685237837663E+01 a       358     0    23     1     6
 -1.1549073638019356E+01 a       359     0    23     1     7
  3.4375124375380253E+01 a       360     0    23     1     8
  4.4244038609256378E+01 a       361     0    23     1     9
 -5.3504556613084851E+01 a       362     0    23     1    10
 -1.2449901335496328E+01 a       363     0    23     1    11
 -1.2154600351478115E+02 a       364     0    23     1    12
  5.4235347110127357E+01 a       365     0    23     1    13
 -1.4116065047167496E+02 a       366     0    23     1    14
  6.2494142567034999E+01 a       367     0    23     1    15
 -5.4153695049487808E+01 a       368     0    23     1    16
  1.6753376889671078E+01 a       369     0    24     1     1
 -2.5953519707524961E+01 a       370     0    24     1     2
 -4.5132767923547192E+01 a       371     0    24     1     3
 -6.6075022385741150E+01 a       372     0    24     1     4
 -2.2647915267445946E+01 a       373     0    24     1     5
  6.4468964858461419E+01 a       374     0    24     1     6
  9.2421193971270217E+00 a       375     0    24     1     7
 -1.3143970538020361E+02 a       376     0    24     1     8
  1.3457176705337266E+00 a       377     0    24     1     9
 -4.8104706342559801E+01 a       378     0    24     1    10
 -9.9076332866510040E+00 a       379     0    24     1    11
 -3.3387967941118951E+01 a       380     0    24     1    12
  4.6060587239572051E+01 a       381     0    24     1    13
  2.6020899729041577E+01 a       382     0    24     1    14
  4.4990458446121259E+01 a       383     0    24     1    15
 -9.0396841436543866E+01 a       384     0    24     1    16
  3.1791751941571693E+00 a       385     0    25     1     1
 -4.4444302116520413E+00 a       386     0    25     1     2
 -1.7266547895446316E+00 a       387     0    25     1     3
  2.4770138246158493E+00 a       388     0    25     1     4
 -3.9046866844646346E+00 a       389     0    25     1     5
 -6.0307328569097507E+00 a       390     0    25     1     6
  5.3063426473792710E+00 a       391     0    25     1     7
  7.8642476542205895E+00 a       392     0    25     1     8
  7.1175355539070857E+00 a       393     0    25     1     9
 -5.3167530571455393E+00 a       394     0    25     1    10
 -1.1614367553261955E+00 a       395     0    25     1    11
  4.4541709614241149E+00 a       396     0    25     1    12
 -9.6065669333026751E+00 a       397     0    25     1    13
  1.7105364262086482E+00 a       398     0    25     1    14
  4.4119696061325344E+00 a       399     0    25     1    15
  8.5407905274616027E+00 a       400     0    25     1    16
  3.8920628214572983E-01 a       401     0    26     1     1
  1.2085551800129679E+00 a       402     0    26     1     2
 -1.1675531325716664E+01 a       403     0    26     1     3
 -8.8894719499489199E+00 a       404     0    26     1     4
  4.0584535807736168E+00 a       405     0    26     1     5
  1.9145052001157385E+00 a       406     0    26     1     6
  3.5710120251525734E+00 a       407     0    26     1     7
  7.1878016435567318E+00 a       408     0    26     1     8
  7.2175096982008897E+00 a       409     0    26     1     9
 -4.8938172863095497E+00 a       410     0    26     1    10
 -3.2504149920457932E+00 a       411     0    26     1    11
 -2.5484513359976799E+00 a       412     0    26     1    12
 -1.0006266771299625E+01 a       413     0    26     1    13
 -4.7276729450113413E+00 a       414     0    26     1    14
  5.9496707753017750E+00 a       415     0    26     1    15
 -1.7378650018619279E-01 a       416     0    26     1    16
  8.7393195721777339E-01 a       417     0    27     1     1
 -4.1724985601339517E+00 a       418     0    27     1     2
 -4.6105587490476916E+00 a       419     0    27     1     3
 -1.2423895654309169E+01 a       420     0    27     1     4
 -6.1905676523167275E-01 a       421     0    27     1     5
  1.5847678962842096E+01 a       422     0    27     1     6
  2.1122085980566894E+00 a       423     0    27     1     7
 -1.3886504681861384E+01 a       424     0    27     1     8
 -2.2584740848820348E+00 a       425     0    27     1     9
 -2.3883466419205175E+00 a       426     0    27     1    10
  8.7762345895296290E-01 a       427     0    27     1    11
 -5.3684280050813511E+00 a       428     0    27     1    12
  5.9719155392188723E+00 a       429     0    27     1    13
  3.9143960972810832E-01 a       430     0    27     1    14
  1.8493998348308294E+00 a       431     0    27     1    15
 -1.3577450999824897E+01 a       432     0    27     1    16
  1.8488719995021325E+00 a       433     0    28     1     1
 -2.3037389713811618E+00 a       434     0    28     1     2
  1.1552292200874359E+00 a       435     0    28     1     3
  5.0629448709814484E-01 a       436     0    28     1     4
 -2.0901489215333009E+00 a       437     0    28     1     5
  2.0301102478278166E-01 a       438     0    28     1     6
  4.8171846094138928E+00 a       439     0    28     1     7
  7.5012415023754997E+00 a       440     0    28     1     8
  2.8479414692605651E+00 a       441     0    28     1     9
 -1.3469098484169831E-01 a       442     0    28     1    10
 -3.3872285369578675E-02 a       443     0    28     1    11
  4.0266500076033651E+00 a       444     0    28     1    12
 -3.9531562191789056E+00 a       445     0    28     1    13
  3.6013569436670316E+00 a       446     0    28     1    14
 -7.9015479701074054E-01 a       447     0    28     1    15
  3.3576650659512643E+00 a       448     0    28     1    16
  5.3401745834427219E+00 a       449     0    29     1     1
 -9.8424103095878257E-01 a       450     0    29     1     2
  6.2436749698202485E+00 a       451     0    29     1     3
  4.9930030900883565E-01 a       452     0    29     1     4
 -7.9743481951046657E+00 a       453     0    29     1     5
  5.4051311912234246E+00 a       454     0    29     1     6
  1.0633467482554039E+01 a       455     0    29     1     7
  1.5731977196291969E+00 a       456     0    29     1     8
 -1.5511760497530145E+00 a       457     0    29     1     9
  4.9609671200982532E+00 a       458     0    29     1    10
 -2.5041458427639016E+00 a       459     0    29     1    11
  1.9043526642633964E+01 a       460     0    29     1    12
 -1.5720332619301324E+01 a       461     0    29     1    13
  2.3596171814361558E+01 a       462     0    29     1    14
 -6.9633183981019542E+00 a       463     0    29     1    15
  7.3726261753826670E+00 a       464     0    29     1    16
  1.6083302518746068E+00 a       465     0    30     1     1
 -4.7898026577312995E+00 a       466     0    30     1     2
 -2.1751444276109044E+00 a       467     0    30     1     3
 -4.4773827282572416E+00 a       468     0    30     1     4
 -3.3549406799617643E+00 a       469     0    30     1     5
  5.1950429693407401E+00 a       470     0    30     1     6
 -3.3329991781683330E+00 a       471     0    30     1     7
 -1.3745568008774072E+01 a       472     0    30     1     8
 -3.6300916248037618E+00 a       473     0    30     1     9
 -4.6160478873572144E+00 a       474     0    30     1    10
 -5.8409458016200222E-01 a       475     0    30     1    11
 -2.5818316716584286E+00 a       476     0    30     1    12
  2.9218607558687331E+00 a       477     0    30     1    13
 -6.1526583913905917E+00 a       478     0    30     1    14
  2.7828179559222073E+00 a       479     0    30     1    15
 -4.8420617258946086E+00 a       480     0    30     1    16
  5.7456689781916701E+00 a       481     0    31     1     1
 -1.4851475031574463E+01 a       482     0    31     1     2
  1.6285015683661502E+01 a       483     0    31     1     3
  1.0602847519647183E+01 a       484     0    31     1     4
 -1.6209798658682132E+01 a       485     0    31     1     5
 -8.7242651022069868E+00 a       486     0    31     1     6
 -2.0621270173213645E+01 a       487     0    31     1     7
 -5.4312640423814322E+01 a       488     0    31     1     8
 -3.6596287540401620E+00 a       489     0    31     1     9
 -1.7741029848374822E+01 a       490     0    31     1    10
 -6.5750340131148344E-01 a       491     0    31     1    11
 -6.0143060328094702E+00 a       492     0    31     1    12
  1.7930673637391568E+01 a       493     0    31     1    13
  1.6986964155276041E+01 a       494     0    31     1    14
  1.9985489296099949E+01 a       495     0    31     1    15
 -2.9539075849679332E+01 a       496     0    31     1    16
  1.0515702750052156E+01 a       497     0    32     1     1
  1.1092149837221288E+00 a       498     0    32     1     2
 -4.6730501025904282E+01 a       499     0    32     1     3
 -2.8988706183024924E+01 a       500     0    32     1     4
 -1.5121352209194246E+01 a       501     0    32     1     5
  5.8219719193137607E+00 a       502     0    32     1     6
  2.8913371745433569E+01 a       503     0    32     1     7
 -7.2403209809634589E+01 a       504     0    32     1     8
  3.9264712262332324E+01 a       505     0    32     1     9
 -4.5802182560104448E+01 a       506     0    32     1    10
 -1.2422548752133658E+01 a       507     0    32     1    11
 -1.6089354087526321E+01 a       508     0    32     1    12
  2.4735403362779316E+01 a       509     0    32     1    13
  7.1763586736962438E+01 a       510     0    32     1    14
  5.3919689622848296E+01 a       511     0    32     1    15
 -4.7942979977705726E+01 a       512     0    32     1    16
 -3.4279623932611458E-01 a       513     0    33     1     1
  1.0035503026852044E+00 a       514     0    33     1     2
  2.1632017605283798E+00 a       515     0    33     1     3
 -3.1387765483501373E+00 a       516     0    33     1     4
  8.3471187450186135E-01 a       517     0    33     1     5
  1.7382281096014824E+00 a       518     0    33     1     6
  1.6708122533915873E-01 a       519     0    33     1     7
  2.3658445988629864E+00 a       520     0    33     1     8
 -1.2211541001512660E+00 a       521     0    33     1     9
  1.7621287356645536E+00 a       522     0    33     1    10
 -2.9316666395092400E-01 a       523     0    33     1    11
 -6.5404364839749263E-01 a       524     0    33     1    12
 -2.8645086514609130E+00 a       525     0    33     1    13
  1.0186995307985369E+00 a       526     0    33     1    14
 -2.3157295465393060E+00 a       527     0    33     1    15
  9.1200600453822189E-01 a       528     0    33     1    16
 -1.6083614888651476E-01 a       529     0    34     1     1
 -1.1342038251658038E-01 a       530     0    34     1     2
  1.8308634554447162E-01 a       531     0    34     1     3
  1.1338503313440037E-04 a       532     0    34     1     4
  4.2092900341936562E-01 a       533     0    34     1     5
  8.2689075548557853E-02 a       534     0    34     1     6
 -2.0578128695507882E-03 a       535     0    34     1     7
  4.9926146949915723E-01 a       536     0    34     1     8
 -1.5090751084632575E-01 a       537     0    34     1     9
  5.9177588589061503E-01 a       538     0    34     1    10
  1.7370647116472848E-01 a       539     0    34     1    11
  7.0599003410081809E-02 a       540     0    34     1    12
 -3.5026540552934576E-01 a       541     0    34     1    13
 -1.9922971333452288E-01 a       542     0    34     1    14
 -4.8824141164699247E-01 a       543     0    34     1    15
  1.8786620890114353E-01 a       544     0    34     1    16
 -6.9355042038710346E-02 a       545     0    35     1     1
 -2.0209421438001207E-01 a       546     0    35     1     2
 -8.5981043322538497E-01 a       547     0    35     1     3
  8.4637479468624155E-01 a       548     0    35     1     4
 -8.6552872503709855E-03 a       549     0    35     1     5
 -2.5713316143297316E-01 a       550     0    35     1     6
  2.6416015090148809E-01 a       551     0    35     1     7
 -2.9206747400238392E-01 a       552     0    35     1     8
  5.7703070569570791E-01 a       553     0    35     1     9
 -5.8793521555636767E-02 a       554     0    35     1    10
  3.0505869352665199E-01 a       555     0    35     1    11
  7.9690020218228685E-02 a       556     0    35     1    12
  4.8285416379630114E-01 a       557     0    35     1    13
 -3.8617452080112552E-01 a       558     0    35     1    14
  3.2697865594474795E-01 a       559     0    35     1    15
  1.1250466366814953E-03 a       560     0    35     1    16
 -3.8131533801200997E-02 a       561     0    36     1     1
 -1.2924363389913051E-02 a       562     0    36     1     2
 -5.3757740694807932E-01 a       563     0    36     1     3
  1.7768249897116159E-01 a       564     0    36     1     4
 -3.7566672402537782E-04 a       565     0    36     1     5
 -4.6899150061371392E-01 a       566     0    36     1     6
  6.3742875235905216E-02 a       567     0    36     1     7
  3.4819633489608457E-03 a       568     0    36     1     8
  4.2989550547356309E-01 a       569     0    36     1     9
 -4.4421706101303160E-01 a       570     0    36     1    10
  1.0459011448178172E-02 a       571     0    36     1    11
 -1.0151218231913235E-01 a       572     0    36     1    12
 -1.5185719733533642E-01 a       573     0    36     1    13
 -9.3018458625762607E-02 a       574     0    36     1    14
  5.3554057130207655E-01 a       575     0    36     1    15
  1.9315556853574320E-01 a       576     0    36     1    16
 -6.3715375136235886E-01 a       577     0    37     1     1
  7.1585171792172675E-01 a       578     0    37     1     2
 -1.3416650099942470E-01 a       579     0    37     1     3
 -1.2151397587759070E-01 a       580     0    37     1     4
  1.1585608824826175E+00 a       581     0    37     1     5
 -7.4159576023850771E-01 a       582     0    37     1     6
  3.0170368202067016E-01 a       583     0    37     1     7
  1.4585710104163265E+00 a       584     0    37     1     8
  9.0564651952468489E-01 a       585     0    37     1     9
 -3.1096730628625247E-01 a       586     0    37     1    10
  2.2218588692318589E-01 a       587     0    37     1    11
  1.1824475926902979E-01 a       588     0    37     1    12
  2.1166409915631168E-01 a       589     0    37     1    13
  2.8176084211184174E+00 a       590     0    37     1    14
  8.5074047405638320E-01 a       591     0    37     1    15
  6.6801738341585704E-01 a       592     0    37     1    16
 -1.0500634296739770E+00 a       593     0    38     1     1
 -7.9677477573566774E-02 a       594     0    38     1     2
  6.8883833295959562E-01 a       595     0    38     1     3
 -1.1266166397946493E+00 a       596     0    38     1     4
  1.1394088336321080E+00 a       597     0    38     1     5
  4.8505956122273819E+00 a       598     0    38     1     6
  1.2650891797591242E+00 a       599     0    38     1     7
  3.3038370037394906E+00 a       600     0    38     1     8
  2.6742001992596540E+00 a       601     0    38     1     9
 -1.6199160234288090E+00 a       602     0    38     1    10
  1.7910020380081209E+00 a       603     0    38     1    11
 -1.4835452267243869E+00 a       604     0    38     1    12
  4.4099336479252447E+00 a       605     0    38     1    13
  3.8874179658707577E+00 a       606     0    38     1    14
  2.2631795126892280E+00 a       607     0    38     1    15
 -7.6634103917270258E+00 a       608     0    38     1    16
  8.0785754107787699E-01 a       609     0    39     1     1
 -2.9751426783788337E-01 a       610     0    39     1     2
 -6.4077509787268527E-01 a       611     0    39     1     3
 -2.8170305871432513E-02 a       612     0    39     1     4
 -3.2592624043811791E-01 a       613     0    39     1     5
  4.6330386328544404E-01 a       614     0    39     1     6
  8.7574735521037450E-01 a       615     0    39     1     7
  1.3740299229520531E-01 a       616     0    39     1     8
  3.4645252112106217E-01 a       617     0    39     1     9
 -6.2230291933011816E-01 a       618     0    39     1    10
 -1.6561975066535753E-01 a       619     0    39     1    11
  4.1113360870020765E-02 a       620     0    39     1    12
  5.1001750871089602E-01 a       621     0    39     1    13
  1.1461924393258562E+00 a       622     0    39     1    14
  7.1717935617578543E-01 a       623     0    39     1    15
 -1.2622549814825912E-01 a       624     0    39     1    16
 -1.2646593823666394E+00 a       625     0    40     1     1
  4.5269995064604940E-01 a       626     0    40     1     2
 -4.0566879529238165E-01 a       627     0    40     1     3
 -1.0665571940655398E+00 a       628     0    40     1     4
  2.1502803463834077E+00 a       629     0    40     1     5
  6.9775226053601347E-01 a       630     0    40     1     6
  1.1368854637964923E-01 a       631     0    40     1     7
  5.2262899215758929E-01 a       632     0    40     1     8
  1.5849991084822697E+00 a       633     0    40     1     9
  1.0079566698814530E+00 a       634     0    40     1    10
  2.8996586454400403E-01 a       635     0    40     1    11
 -3.4731551310392433E-01 a       636     0    40     1    12
 -3.1304033044494122E+00 a       637     0    40     1    13
 -1.1709523881103681E+00 a       638     0    40     1    14
 -2.4678256606428128E-01 a       639     0    40     1    15
 -3.0658680711834285E+00 a       640     0    40     1    16
  3.6691937468338756E+00 a       641     0    41     1     1
 -1.6096603320450467E+00 a       642     0    41     1     2
  2.3715167395398024E-01 a       643     0    41     1     3
  1.4501253101770899E+00 a       644     0    41     1     4
 -2.7404212565314978E+00 a       645     0    41     1     5
  3.7866116872212870E-02 a       646     0    41     1     6
  8.1411079319582846E-01 a       647     0    41     1     7
 -4.8441577833641816E+00 a       648     0    41     1     8
 -1.3732874941504849E+00 a       649     0    41     1     9
 -2.1217312922811074E+00 a       650     0    41     1    10
 -2.0334419008809452E+00 a       651     0    41     1    11
  2.3046936737240493E+00 a       652     0    41     1    12
  3.8942210168569047E+00 a       653     0    41     1    13
  6.2424984113661663E+00 a       654     0    41     1    14
  1.2551051350524671E+00 a       655     0    41     1    15
 -1.5387666791194738E+00 a       656     0    41     1    16
  1.8049646324481137E+00 a       657     0    42     1     1
 -3.2807879137437679E-01 a       658     0    42     1     2
 -5.2210566793823232E-01 a       659     0    42     1     3
  1.1979894875434591E+00 a       660     0    42     1     4
 -7.9776418149844597E-01 a       661     0    42     1     5
  1.6693778441980386E-01 a       662     0    42     1     6
  1.3996945356383574E+00 a       663     0    42     1     7
 -2.0890590435998138E+00 a       664     0    42     1     8
 -5.9746676921354624E-01 a       665     0    42     1     9
  4.5932972069043021E-01 a       666     0    42     1    10
 -7.1606313819348122E-01 a       667     0    42     1    11
  1.1321159656430533E+00 a       668     0    42     1    12
  1.8718257266139555E+00 a       669     0    42     1    13
  2.0284552724756431E+00 a       670     0    42     1    14
 -6.7226771750071934E-01 a       671     0    42     1    15
 -3.6923702320710731E-02 a       672     0    42     1    16
 -1.2542346403561202E+00 a       673     0    43     1     1
 -4.9564169988329612E+00 a       674     0    43     1     2
 -1.3773023681018383E+01 a       675     0    43     1     3
  4.0228446645402247E+00 a       676     0    43     1     4
  5.7485228506474968E+00 a       677     0    43     1     5
 -3.3352679391374318E+00 a       678     0    43     1     6
  2.8392687975695248E+00 a       679     0    43     1     7
  3.3972727532754794E+00 a       680     0    43     1     8
  9.6983850891763073E+00 a       681     0    43     1     9
 -1.2928398211257472E-01 a       682     0    43     1    10
  1.9117985398388782E+00 a       683     0    43     1    11
 -2.3977357004670208E+00 a       684     0    43     1    12
 -1.2824071294649306E+01 a       685     0    43     1    13
 -2.0577085196094909E+01 a       686     0    43     1    14
  1.2971764037561744E+00 a       687     0    43     1    15
 -2.5912845735080747E+00 a       688     0    43     1    16
  1.5703215250972125E+00 a       689     0    44     1     1
 -6.4554906196110551E-01 a       690     0    44     1     2
  3.6428436494880092E+00 a       691     0    44     1     3
  1.3370770436153789E+00 a       692     0    44     1     4
 -8.2945922959658491E-01 a       693     0    44     1     5
 -8.2433034851121398E+00 a       694     0    44     1     6
 -5.1552966628003496E+00 a       695     0    44     1     7
 -5.3658272584419331E+00 a       696     0    44     1     8
 -1.0161318763186065E+01 a       697     0    44     1     9
  5.4940583547956834E+00 a       698     0    44     1    10
 -4.1142909607959295E+00 a       699     0    44     1    11
  4.9873605682417930E+00 a       700     0    44     1    12
 -6.3529407891054301E+00 a       701     0    44     1    13
 -6.1280510886363917E+00 a       702     0    44     1    14
 -8.9780707624871692E+00 a       703     0    44     1    15
  1.2111045205514902E+01 a       704     0    44     1    16
 -7.0197967970560227E-01 a       705     0    45     1     1
 -1.0400924141907328E+00 a       706     0    45     1     2
  2.6189281442069912E+00 a       707     0    45     1     3
 -1.0780216138203436E+00 a       708     0    45     1     4
  1.6503833259422071E-01 a       709     0    45     1     5
  1.4789422086626132E+00 a       710     0    45     1     6
 -2.5496629832029196E+00 a       711     0    45     1     7
 -4.3825961053092083E-02 a       712     0    45     1     8
 -2.6560552841966212E+00 a       713     0    45     1     9
  4.3378112163300753E-01 a       714     0    45     1    10
 -3.1831279478575020E-01 a       715     0    45     1    11
  1.4755256564812818E+00 a       716     0    45     1    12
  1.8825292521652965E+00 a       717     0    45     1    13
  1.7034547511968587E+00 a       718     0    45     1    14
 -1.4833100070553076E+00 a       719     0    45     1    15
 -3.5054066466176654E+00 a       720     0    45     1    16
  5.3628643070630728E+00 a       721     0    46     1     1
 -3.2648271731274519E+00 a       722     0    46     1     2
  4.2494201456678473E+00 a       723     0    46     1     3
  4.8846363501293188E+00 a       724     0    46     1     4
 -6.3715641744599747E+00 a       725     0    46     1     5
 -4.2437846600211149E+00 a       726     0    46     1     6
 -1.4088010921254677E+00 a       727     0    46     1     7
 -1.1708490533876521E+00 a       728     0    46     1     8
 -8.2771420920701022E+00 a       729     0    46     1     9
 -2.2528011901284719E+00 a       730     0    46     1    10
 -3.0774265543496799E+00 a       731     0    46     1    11
  6.4214789116941873E+00 a       732     0    46     1    12
  8.2371594651366955E+00 a       733     0    46     1    13
  5.8528393126419509E+00 a       734     0    46     1    14
 -2.3233806614435406E+00 a       735     0    46     1    15
  8.6026930258028678E+00 a       736     0    46     1    16
 -4.9680849156384017E+00 a       737     0    47     1     1
  1.5251015573455445E-01 a       738     0    47     1     2
 -4.9414403896485393E+00 a       739     0    47     1     3
 -1.8905162806600546E+00 a       740     0    47     1     4
  5.7475509680370793E+00 a       741     0    47     1     5
 -7.4128927782066822E-01 a       742     0    47     1     6
 -1.5656571615704697E+00 a       743     0    47     1     7
  6.8940009285307600E+00 a       744     0    47     1     8
  3.9593642282478050E+00 a       745     0    47     1     9
  9.1154721124608440E-01 a       746     0    47     1    10
  3.0083048843246667E+00 a       747     0    47     1    11
 -4.1832065913797445E+00 a       748     0    47     1    12
 -6.0618628614510319E+00 a       749     0    47     1    13
 -1.0625908756997852E+01 a       750     0    47     1    14
  1.8231221711564820E+00 a       751     0    47     1    15
  2.5846147051880703E+00 a       752     0    47     1    16
 -2.5699703879450211E+00 a       753     0    48     1     1
 -2.5257603997443662E-01 a       754     0    48     1     2
 -3.5391086937569458E+00 a       755     0    48     1     3
 -7.5095174446444624E-01 a       756     0    48     1     4
  1.6324603906112798E+00 a       757     0    48     1     5
 -3.2799055638357091E+00 a       758     0    48     1     6
 -2.0682801744064561E+00 a       759     0    48     1     7
  3.8714707056330258E+00 a       760     0    48     1     8
  4.8773866924822702E+00 a       761     0    48     1     9
 -6.1664105117840773E+00 a       762     0    48     1    10
  4.3498099699826466E-02 a       763     0    48     1    11
 -1.0228684980122615E+00 a       764     0    48     1    12
 -4.9516106169643352E+00 a       765     0    48     1    13
 -2.0332148428586589E+00 a       766     0    48     1    14
  6.9422765485585920E+00 a       767     0    48     1    15
 -2.6684151585246894E+00 a       768     0    48     1    16
  6.8301668921863339E+00 a       769     0    49     1     1
  3.7292770843992602E+00 a       770     0    49     1     2
  1.4389757336300915E+01 a       771     0    49     1     3
  7.8820134550651986E+00 a       772     0    49     1     4
 -6.9103473209268875E+00 a       773     0    49     1     5
 -7.7120033042382357E+00 a       774     0    49     1     6
  5.2978343113935571E+00 a       775     0    49     1     7
 -2.1577799052901829E+00 a       776     0    49     1     8
 -9.4708324238265273E+00 a       777     0    49     1     9
  3.7310023463183750E+00 a       778     0    49     1    10
 -3.3179597567475292E+00 a       779     0    49     1    11
  1.4467257620343974E+01 a       780     0    49     1    12
  1.3143063507712652E+01 a       781     0    49     1    13
  3.8333225601310289E+01 a       782     0    49     1    14
 -4.6262976363633070E+00 a       783     0    49     1    15
  1.1686512706870728E+01 a       784     0    49     1    16
  3.9331356594342864E-01 a       785     0    50     1     1
 -2.2237677023481103E-01 a       786     0    50     1     2
 -5.4102021403817668E-01 a       787     0    50     1     3
  2.3093626967872000E-01 a       788     0    50     1     4
 -1.7082501917047291E-01 a       789     0    50     1     5
 -5.5495096463889826E-01 a       790     0    50     1     6
  2.4895134259560686E-01 a       791     0    50     1     7
 -2.6043156800717554E-01 a       792     0    50     1     8
 -1.3786356117569376E-01 a       793     0    50     1     9
  2.7359379164133091E-01 a       794     0    50     1    10
 -1.4935171599991753E-01 a       795     0    50     1    11
  1.5807940091157163E-01 a       796     0    50     1    12
 -7.7248282544301583E-01 a       797     0    50     1    13
 -5.4232401299738331E-01 a       798     0    50     1    14
 -1.7211070319019664E-01 a       799     0    50     1    15
  1.4298067763043343E+00 a       800     0    50     1    16
  4.9724967839589052E-01 a       801     0    51     1     1
 -2.4093407455869431E-01 a       802     0    51     1     2
  3.5372077559136855E-01 a       803     0    51     1     3
  7.4668549921804495E-01 a       804     0    51     1     4
 -7.6174326864770636E-01 a       805     0    51     1     5
 -5.1223711094353593E-02 a       806     0    51     1     6
  2.4513595204776636E-01 a       807     0    51     1     7
 -5.4504301407895506E-01 a       808     0    51     1     8
 -3.1429176327128105E-01 a       809     0    51     1     9
 -1.2694683984983121E-01 a       810     0    51     1    10
  6.7905616836199778E-02 a       811     0    51     1    11
  4.0166149463479189E-01 a       812     0    51     1    12
  1.0649862163578501E+00 a       813     0    51     1    13
  1.0586896995802682E+00 a       814     0    51     1    14
  6.8427103867907665E-02 a       815     0    51     1    15
  3.0837595012177027E-01 a       816     0    51     1    16
  6.7087619779677887E-01 a       817     0    52     1     1
  2.8773789555672674E-01 a       818     0    52     1     2
  2.1834956768128588E+00 a       819     0    52     1     3
 -3.4666146404476300E-01 a       820     0    52     1     4
 -1.1860804231878991E-02 a       821     0    52     1     5
  1.0810290458160079E+00 a       822     0    52     1     6
 -5.0055472843831628E-01 a       823     0    52     1     7
 -2.1909298632805266E-01 a       824     0    52     1     8
 -2.7189864695698427E+00 a       825     0    52     1     9
  1.2941529580694744E+00 a       826     0    52     1    10
  7.5367226547619237E-02 a       827     0    52     1    11
 -3.2990298018816294E-01 a       828     0    52     1    12
  3.3739912879028280E+00 a       829     0    52     1    13
  1.6674094039495557E+00 a       830     0    52     1    14
 -1.3534393943967764E+00 a       831     0    52     1    15
 -3.4713430282216673E-01 a       832     0    52     1    16
 -5.2750537607701775E-01 a       833     0    53     1     1
 -2.1314055827754849E-01 a       834     0    53     1     2
  7.6401366869552123E-01 a       835     0    53     1     3
 -2.3646445452258664E+00 a       836     0    53     1     4
 -2.5394289608465370E-01 a       837     0    53     1     5
  6.1827778881216435E+00 a       838     0    53     1     6
  2.0830937459242285E+00 a       839     0    53     1     7
  4.1125962443309074E+00 a       840     0    53     1     8
  3.2098736905533931E+00 a       841     0    53     1     9
 -3.2271036980334800E+00 a       842     0    53     1    10
  1.5002411754613887E+00 a       843     0    53     1    11
 -1.2571350570581188E+00 a       844     0    53     1    12
  4.2353960983471080E+00 a       845     0    53     1    13
  4.7905556001252219E+00 a       846     0    53     1    14
  3.6020619558332245E+00 a       847     0    53     1    15
 -9.0353946284177091E+00 a       848     0    53     1    16
  6.7296878891820411E-01 a       849     0    54     1     1
 -6.1760899710066722E-02 a       850     0    54     1     2
  2.1232430508949596E-01 a       851     0    54     1     3
 -1.1073145626337466E+00 a       852     0    54     1     4
  3.3990785163594628E-01 a       853     0    54     1     5
  1.3729993367171225E+00 a       854     0    54     1     6
  1.1666833817470807E+00 a       855     0    54     1     7
  2.4232310225873155E+00 a       856     0    54     1     8
 -3.8913537765696754E-01 a       857     0    54     1     9
  2.5503054623962901E-01 a       858     0    54     1    10
 -2.3185986840145331E-01 a       859     0    54     1    11
  3.5640449190190665E-01 a       860     0    54     1    12
 -3.8899146077793778E-01 a       861     0    54     1    13
  7.4983801614880918E-01 a       862     0    54     1    14
 -4.5225233398486875E-01 a       863     0    54     1    15
 -1.8592729998288998E-01 a       864     0    54     1    16
 -2.7110077790270330E+00 a       865     0    55     1     1
  1.4279062926714239E+00 a       866     0    55     1     2
  6.3523637694849744E-01 a       867     0    55     1     3
 -3.5307973985996703E+00 a       868     0    55     1     4
  2.8931961146495899E+00 a       869     0    55     1     5
  3.9057615964161014E+00 a       870     0    55     1     6
 -1.1073100011487072E-01 a       871     0    55     1     7
  2.3317778602783048E+00 a       872     0    55     1     8
  2.2319731996844347E+00 a       873     0    55     1     9
  1.4913085868823592E+00 a       874     0    55     1    10
  1.1701441427647616E+00 a       875     0    55     1    11
 -1.9896133732769727E+00 a       876     0    55     1    12
 -4.4464653818907403E+00 a       877     0    55     1    13
 -2.1652579229501474E+00 a       878     0    55     1    14
 -4.4484414289083757E-01 a       879     0    55     1    15
 -6.6824362572595692E+00 a       880     0    55     1    16
  2.6162765609557712E+00 a       881     0    56     1     1
  4.4506225957504625E-01 a       882     0    56     1     2
  4.5444624568946512E+00 a       883     0    56     1     3
 -8.2450335924257523E-01 a       884     0    56     1     4
 -3.0793612950366067E+00 a       885     0    56     1     5
  1.2997710007717904E+00 a       886     0    56     1     6
  1.6680070339104672E-01 a       887     0    56     1     7
 -3.1894980809207825E+00 a       888     0    56     1     8
 -3.8030350801742903E+00 a       889     0    56     1     9
  1.0203152088802488E-01 a       890     0    56     1    10
 -2.2534234786495597E+00 a       891     0    56     1    11
  2.0970938621239275E+00 a       892     0    56     1    12
  3.4000934895372432E+00 a       893     0    56     1    13
  5.4039628474969845E+00 a       894     0    56     1    14
 -2.3145049567443383E+00 a       895     0    56     1    15
 -2.7741478905132606E+00 a       896     0    56     1    16
  1.9777813335115155E+00 a       897     0    57     1     1
 -2.7028209592823138E-01 a       898     0    57     1     2
  3.1044209205673945E+00 a       899     0    57     1     3
 -2.6541838209450670E-02 a       900     0    57     1     4
 -2.0631961548711253E+00 a       901     0    57     1     5
  2.2471114659510665E+00 a       902     0    57     1     6
  4.8200581922314556E-01 a       903     0    57     1     7
 -2.3331128417952310E-01 a       904     0    57     1     8
 -3.4402942337857993E+00 a       905     0    57     1     9
  2.1820935001289139E+00 a       906     0    57     1    10
 -2.7617649625641799E-01 a       907     0    57     1    11
  5.7931572347440918E-01 a       908     0    57     1    12
  2.6302623447048421E+00 a       909     0    57     1    13
  1.9598443548897708E+00 a       910     0    57     1    14
 -3.3450621189967640E+00 a       911     0    57     1    15
  8.6035806221409972E-01 a       912     0    57     1    16
 -4.4741558275406801E+00 a       913     0    58     1     1
 -4.7088822002445752E-01 a       914     0    58     1     2
 -3.1887090631247710E+00 a       915     0    58     1     3
 -2.6675288724321411E+00 a       916     0    58     1     4
  5.0742648537222044E+00 a       917     0    58     1     5
  3.8574754158907769E+00 a       918     0    58     1     6
 -5.5424202641116667E+00 a       919     0    58     1     7
  2.0106693875727495E+00 a       920     0    58     1     8
  1.6414222185124727E+00 a       921     0    58     1     9
 -4.8524051894678139E-01 a       922     0    58     1    10
  1.9228530238492272E+00 a       923     0    58     1    11
 -6.3992220078663236E+00 a       924     0    58     1    12
 -3.9499626370685181E+00 a       925     0    58     1    13
 -1.5073319906238540E+01 a       926     0    58     1    14
  5.5659144710278952E-01 a       927     0    58     1    15
 -6.6353851277364155E+00 a       928     0    58     1    16
 -1.2416913512495171E+00 a       929     0    59     1     1
  3.6987622669409235E+00 a       930     0    59     1     2
  6.4789525893075020E+00 a       931     0    59     1     3
 -4.0686434638705018E+00 a       932     0    59     1     4
 -2.1773075759807634E+00 a       933     0    59     1     5
  3.8195803442708205E+00 a       934     0    59     1     6
 -2.6501983779568321E+00 a       935     0    59     1     7
 -4.1221945761865797E+00 a       936     0    59     1     8
 -3.0089840226142015E+00 a       937     0    59     1     9
 -1.8605960961298453E+00 a       938     0    59     1    10
 -1.2538293439156090E+00 a       939     0    59     1    11
 -7.9553015003089445E-01 a       940     0    59     1    12
  4.2953550290319562E+00 a       941     0    59     1    13
  6.5066370818163071E+00 a       942     0    59     1    14
  1.0376422103737828E+00 a       943     0    59     1    15
 -3.0623229923124504E+00 a       944     0    59     1    16
  1.4329818054188848E-01 a       945     0    60     1     1
  3.5027638818392876E-01 a       946     0    60     1     2
 -3.9198863753686219E+00 a       947     0    60     1     3
  1.3660654417253917E+00 a       948     0    60     1     4
 -2.4254154853820034E-01 a       949     0    60     1     5
 -1.4684433227984006E+00 a       950     0    60     1     6
  1.1508224018051298E+00 a       951     0    60     1     7
 -1.2295162076840660E+00 a       952     0    60     1     8
  3.3220209713238331E+00 a       953     0    60     1     9
 -1.3558177666756954E+00 a       954     0    60     1    10
  6.4316447298681501E-01 a       955     0    60     1    11
 -1.9837181551784435E+00 a       956     0    60     1    12
 -7.1659431545117469E-01 a       957     0    60     1    13
 -1.3452993884904365E+00 a       958     0    60     1    14
  3.0106189479217496E+00 a       959     0    60     1    15
  2.9267858404084932E+00 a       960     0    60     1    16
 -1.5525623894397804E+00 a       961     0    61     1     1
  1.1038756279097401E+00 a       962     0    61     1     2
 -4.3922029279342674E+00 a       963     0    61     1     3
 -1.1684497400311669E+00 a       964     0    61     1     4
  2.0373002674973790E+00 a       965     0    61     1     5
  8.4511687343105449E-03 a       966     0    61     1     6
  8.3477218173676127E-01 a       967     0    61     1     7
 -6.1510834951696847E-02 a       968     0    61     1     8
  4.1579338977056031E+00 a       969     0    61     1     9
 -3.2255484441046361E-01 a       970     0    61     1    10
  1.3889793103937464E+00 a       971     0    61     1    11
 -4.1877292367197514E+00 a       972     0    61     1    12
 -1.3879629487106755E+00 a       973     0    61     1    13
 -3.3370958408896474E+00 a       974     0    61     1    14
  2.8156754198618943E+00 a       975     0    61     1    15
  1.0439494839699235E+00 a       976     0    61     1    16
 -5.8138087583120779E-01 a       977     0    62     1     1
  3.9492177850311616E-01 a       978     0    62     1     2
  1.4560949388892268E+00 a       979     0    62     1     3
 -1.0886149219568073E+00 a       980     0    62     1     4
  1.2074172640376857E+00 a       981     0    62     1     5
  1.5402098555089903E+00 a       982     0    62     1     6
  2.0584048130846494E-01 a       983     0    62     1     7
 -4.9500682945988139E-01 a       984     0    62     1     8
 -1.6714324454768219E+00 a       985     0    62     1     9
  3.8217751176111481E+00 a       986     0    62     1    10
  5.2997083937001055E-01 a       987     0    62     1    11
 -4.1624136845352733E-01 a       988     0    62     1    12
  4.3639677512777496E-02 a       989     0    62     1    13
 -2.0381518631423510E+00 a       990     0    62     1    14
 -3.5542456086629550E+00 a       991     0    62     1    15
  1.7160303862582518E+00 a       992     0    62     1    16
 -3.1643846580393453E-01 a       993     0    63     1     1
  1.1753760745463651E+00 a       994     0    63     1     2
 -1.9832933923820595E+00 a       995     0    63     1     3
  1.3772242977238160E+00 a       996     0    63     1     4
 -6.4553190113788561E-01 a       997     0    63     1     5
 -2.5990012189289189E+00 a       998     0    63     1     6
  1.6661899446530595E-01 a       999     0    63     1     7
 -2.6115457458525833E+00 a      1000     0    63     1     8
  1.9995185281273216E+00 a      1001     0    63     1     9
 -9.6884632449741770E-01 a      1002     0    63     1    10
  1.8250393511349042E-01 a      1003     0    63     1    11
 -1.7667868306265071E+00 a      1004     0    63     1    12
 -1.0952423921676928E+00 a      1005     0    63     1    13
 -2.8393847576792073E+00 a      1006     0    63     1    14
  1.5898353807574059E+00 a      1007     0    63     1    15
  2.9906190201847012E+00 a      1008     0    63     1    16
  1.6491159200022927E+00 a      1009     0    64     1     1
 -4.1174195396688225E+00 a      1010     0    64     1     2
 -7.1140663015760301E+00 a      1011     0    64     1     3
 -4.3754517440869938E+00 a      1012     0    64     1     4
 -1.4885946007326558E+00 a      1013     0    64     1     5
  1.9058539456524539E+00 a      1014     0    64     1     6
  8.9448117304254759E-01 a      1015     0    64     1     7
  1.5955761856713560E+00 a      1016     0    64     1     8
  2.5455538524702814E+00 a      1017     0    64     1     9
 -2.4045767136856271E+00 a      1018     0    64     1    10
 -5.0598519260792074E-01 a      1019     0    64     1    11
 -4.3920921430217943E+00 a      1020     0    64     1    12
 -4.8118207937843227E+00 a      1021     0    64     1    13
 -1.4858558762104394E+01 a      1022     0    64     1    14
  2.2333656024605495E+00 a      1023     0    64     1    15
  1.1633182550826415E+00 a      1024     0    64     1    16
  1.7204863851520227E-02 b      1025     1     1
  1.7512786336096195E-01 b      1026     1     2
 -2.0392786020933024E-01 b      1027     1     3
  8.1308277896258066E-02 b      1028     1     4
 -1.1992896767414215E-02 b      1029     1     5
 -2.7802053817159977E-01 b      1030     1     6
  3.3671030336053530E-02 b      1031     1     7
  6.9161291035990139E-03 b      1032     1     8
  5.6518721155842812E-02 b      1033     1     9
 -8.4615666990828814E-02 b      1034     1    10
 -1.4593031935399346E-02 b      1035     1    11
  9.1448053009197061E-02 b      1036     1    12
 -1.7006616596944027E-01 b      1037     1    13
 -1.4055632217724674E-02 b      1038     1    14
  1.3087815811325260E-01 b      1039     1    15
  5.4996798972103345E-01 b      1040     1    16
  2.1829371850210770E+00 a      1041     1     1     2     1
  2.1038265783292607E+00 a      1042     1     1     2     2
 -2.0139096622145520E+00 a      1043     1     1     2     3
  2.7795607334660368E+00 a      1044     1     1     2     4
 -3.2512736922205812E+00 a      1045     1     1     2     5
 -3.5640788110839212E+00 a      1046     1     1     2     6
 -2.6761501705989081E+00 a      1047     1     1     2     7
 -1.7624955575296437E+00 a      1048     1     1     2     8
  2.5613836678853361E+00 a      1049     1     1     2     9
  2.1447601829820844E+00 a      1050     1     1     2    10
  1.4556323542748817E+00 a      1051     1     1     2    11
 -2.3580502135030272E+00 a      1052     1     1     2    12
 -1.2007387778886367E+00 a      1053     1     1     2    13
  3.9428640554747556E+00 a      1054     1     1     2    14
  1.8895851799560206E+00 a      1055     1     1     2    15
  3.7888458189217924E+00 a      1056     1     1     2    16
  9.1312860214734826E-01 a      1057     1     2     2     1
  1.0481286594598620E+00 a      1058     1     2     2     2
 -1.0327450452584888E+00 a      1059     1     2     2     3
  7.0805143476473031E-01 a      1060     1     2     2     4
 -2.0032600659225146E+00 a      1061     1     2     2     5
 -2.8620024131532523E-01 a      1062     1     2     2     6
 -1.2594390998415577E+00 a      1063     1     2     2     7
 -8.2424151642835419E-01 a      1064     1     2     2     8
  1.4470872682507143E+00 a      1065     1     2     2     9
  1.2059479705533311E+00 a      1066     1     2     2    10
  1.0176688371400999E+00 a      1067     1     2     2    11
 -1.7668658229035721E+00 a      1068     1     2     2    12
 -4.2079633279111195E-01 a      1069     1     2     2    13
  1.3395721292501617E+00 a      1070     1     2     2    14
  1.2637377334742872E+00 a      1071     1     2     2    15
  7.7234890963863867E-01 a      1072     1     2     2    16
  1.7151991676945033E-01 a      1073     1     3     2     1
  2.8849333766494178E-01 a      1074     1     3     2     2
 -4.1907263206002648E-01 a      1075     1     3     2     3
  2.5354566081812430E-01 a      1076     1     3     2     4
 -5.3023068390063632E-01 a      1077     1     3     2     5
  1.6240594103616535E-01 a      1078     1     3     2     6
  1.2677117900775720E-01 a      1079     1     3     2     7
 -1.7065612752182498E-02 a      1080     1     3     2     8
  7.0032891511807138E-02 a      1081     1     3     2     9
  4.7380774314490820E-01 a      1082     1     3     2    10
  7.3412822634842012E-01 a      1083     1     3     2    11
 -9.8394580239706847E-02 a      1084     1     3     2    12
 -3.2782884723747485E-01 a      1085     1     3     2    13
  6.4951930049839762E-02 a      1086     1     3     2    14
 -4.3337577994903442E-01 a      1087     1     3     2    15
  7.7911837824671459E-01 a      1088     1     3     2    16
 -1.7611934030156542E+00 a      1089     1     4     2     1
 -1.1334917911040758E+00 a      1090     1     4     2     2
  1.2156733184445505E-01 a      1091     1     4     2     3
 -9.5296382851735006E-01 a      1092     1     4     2     4
  1.0350484008284715E-01 a      1093     1     4     2     5
  1.0323674499191076E+00 a      1094     1     4     2     6
  1.2716190652418111E+00 a      1095     1     4     2     7
  1.4283792812315599E-01 a      1096     1     4     2     8
  6.2784369845301669E-01 a      1097     1     4     2     9
 -7.0753810338200018E-01 a      1098     1     4     2    10
 -1.0396560501786090E+00 a      1099     1     4     2    11
  1.4198104367432873E+00 a      1100     1     4     2    12
 -1.1552991283715749E-01 a      1101     1     4     2    13
 -6.4906910959022879E-01 a      1102     1     4     2    14
  1.9927522026746103E-01 a      1103     1     4     2    15
 -8.7488600095771696E-01 a      1104     1     4     2    16
  6.0901082148967389E-01 a      1105     1     5     2     1
  3.5750468612778565E-02 a      1106     1     5     2     2
 -5.4393817190802229E-01 a      1107     1     5     2     3
  6.8333910280225774E-01 a      1108     1     5     2     4
  7.6014997053933919E-01 a      1109     1     5     2     5
  2.4892993013329556E-01 a      1110     1     5     2     6
 -1.1181999918868084E+00 a      1111     1     5     2     7
 -3.2890199733675241E-01 a      1112     1     5     2     8
  4.0011408418541106E-01 a      1113     1     5     2     9
  1.3219833821555731E+00 a      1114     1     5     2    10
  2.7658626722824753E+00 a      1115     1     5     2    11
 -2.0870750588176050E+00 a      1116     1     5     2    12
 -3.8787469355821852E-01 a      1117     1     5     2    13
  6.7817532442983131E-01 a      1118     1     5     2    14
  1.0710246171843717E-01 a      1119     1     5     2    15
  1.7591715215940074E+00 a      1120     1     5     2    16
 -4.7509685938921814E-01 a      1121     1     6     2     1
 -5.7507412541022562E-01 a      1122     1     6     2     2
  2.7783071728239007E-02 a      1123     1     6     2     3
 -4.9717881645587575E-01 a      1124     1     6     2     4
  5.5281930910507215E-01 a      1125     1     6     2     5
  1.0538988024851469E-01 a      1126     1     6     2     6
  7.5732425653637114E-01 a      1127     1     6     2     7
 -8.5465492362214290E-02 a      1128     1     6     2     8
 -4.0457354995252010E-01 a      1129     1     6     2     9
  2.7114361954956839E-01 a      1130     1     6     2    10
 -3.5256939442099783E-01 a      1131     1     6     2    11
  7.8768962387736918E-01 a      1132     1     6     2    12
 -1.4175956210589444E-01 a      1133     1     6     2    13
 -3.1144609779972776E-01 a      1134     1     6     2    14
 -4.4306666378741250E-01 a      1135     1     6     2    15
 -1.1037166936802709E-01 a      1136     1     6     2    16
  8.9199158669054535E-02 a      1137     1     7     2     1
 -7.1974826469342679E-01 a      1138     1     7     2     2
  4.7154567612244475E-01 a      1139     1     7     2     3
 -5.3770865495295406E-01 a      1140     1     7     2     4
  1.5822299879399966E+00 a      1141     1     7     2     5
  2.0697387048176723E+00 a      1142     1     7     2     6
  1.2994425376555272E+00 a      1143     1     7     2     7
  9.9359017320304166E-01 a      1144     1     7     2     8
 -7.6997818439590093E-01 a      1145     1     7     2     9
 -5.0390989045605583E-01 a      1146     1     7     2    10
 -6.9564120267161944E-01 a      1147     1     7     2    11
  1.0645675495875055E+00 a      1148     1     7     2    12
 -1.2153463926850512E-01 a      1149     1     7     2    13
 -1.6971323315268478E+00 a      1150     1     7     2    14
 -1.4311321513337618E+00 a      1151     1     7     2    15
 -2.1243000117204862E+00 a      1152     1     7     2    16
 -5.0006549606766482E-01 a      1153     1     8     2     1
  6.9394932340016979E-02 a      1154     1     8     2     2
  1.4515922061713432E-01 a      1155     1     8     2     3
  4.3607779760513082E-01 a      1156     1     8     2     4
 -4.2608098589662485E-01 a      1157     1     8     2     5
 -7.1162853385921776E-01 a      1158     1     8     2     6
  3.1909805714895551E-01 a      1159     1     8     2     7
  4.7119618810262977E-02 a      1160     1     8     2     8
  1.3578240063794933E-01 a      1161     1     8     2     9
 -8.0281261581913788E-01 a      1162     1     8     2    10
 -7.7598478396301807E-01 a      1163     1     8     2    11
  6.4731489111925677E-01 a      1164     1     8     2    12
  3.9016835319160947E-02 a      1165     1     8     2    13
 -6.6836587178595031E-02 a      1166     1     8     2    14
  3.3540710346160196E-01 a      1167     1     8     2    15
  7.6079596390206716E-01 a      1168     1     8     2    16
  6.9425207668168565E-01 a      1169     1     9     2     1
  9.1781131819988127E-01 a      1170     1     9     2     2
 -8.0590927317408623E-01 a      1171     1     9     2     3
  3.7717095361469910E-01 a      1172     1     9     2     4
 -1.9948140973662825E+00 a      1173     1     9     2     5
 -1.8572753324737681E+00 a      1174     1     9     2     6
 -1.1823726394511083E+00 a      1175     1     9     2     7
 -6.7641236108629899E-01 a      1176     1     9     2     8
 -1.5369381262764831E-01 a      1177     1     9     2     9
  1.2389072462229105E+00 a      1178     1     9     2    10
  1.3160664751033904E+00 a      1179     1     9     2    11
 -8.9293354884814380E-01 a      1180     1     9     2    12
 -8.6866031135130528E-02 a      1181     1     9     2    13
  1.0252317761072534E+00 a      1182     1     9     2    14
  9.6662416934166229E-01 a      1183     1     9     2    15
  3.0724443428438759E+00 a      1184     1     9     2    16
 -6.0900976054576472E-01 a      1185     1    10     2     1
 -3.5304391336241175E-01 a      1186     1    10     2     2
  8.1463134997596431E-01 a      1187     1    10     2     3
 -6.9179312024867978E-01 a      1188     1    10     2     4
 -7.4045963036680129E-01 a      1189     1    10     2     5
 -3.5775864749647845E-01 a      1190     1    10     2     6
  1.3139810875311673E+00 a      1191     1    10     2     7
  1.8798356322485374E-01 a      1192     1    10     2     8
 -1.3360815197227522E+00 a      1193     1    10     2     9
 -1.5404796077250524E+00 a      1194     1    10     2    10
 -1.6432943541889460E+00 a      1195     1    10     2    11
  1.5957691046870957E+00 a      1196     1    10     2    12
  2.8327254397089707E-01 a      1197     1    10     2    13
 -1.0988701366556051E+00 a      1198     1    10     2    14
  1.5020133939303265E-01 a      1199     1    10     2    15
 -3.0005419499050037E+00 a      1200     1    10     2    16
  3.2230999216989225E+00 a      1201     1    11     2     1
  2.8908028389147029E+00 a      1202     1    11     2     2
 -1.9749769559463450E+00 a      1203     1    11     2     3
  1.9359789009289943E+00 a      1204     1    11     2     4
 -2.6238001196224263E+00 a      1205     1    11     2     5
 -1.1085050413052748E+00 a      1206     1    11     2     6
 -2.5785506090268293E+00 a      1207     1    11     2     7
 -1.2645082099832636E+00 a      1208     1    11     2     8
  3.3780331657633087E+00 a      1209     1    11     2     9
  2.4980338492875735E+00 a      1210     1    11     2    10
  2.9317753316324660E+00 a      1211     1    11     2    11
 -4.3745999667629327E+00 a      1212     1    11     2    12
 -6.9128456069990030E-01 a      1213     1    11     2    13
  3.9884154850351936E+00 a      1214     1    11     2    14
 -3.6553386179856615E-03 a      1215     1    11     2    15
  1.7639223244329245E+00 a      1216     1    11     2    16
  1.5389890140176907E+00 a      1217     1    12     2     1
  7.2603340519945225E-01 a      1218     1    12     2     2
 -1.8109348514341325E-01 a      1219     1    12     2     3
  8.1500072718519789E-01 a      1220     1    12     2     4
  2.5293985104397187E-02 a      1221     1    12     2     5
 -7.3031809441347839E-01 a      1222     1    12     2     6
 -6.3378405741847477E-01 a      1223     1    12     2     7
 -5.2688359031089771E-01 a      1224     1    12     2     8
 -1.0485622120804641E+00 a      1225     1    12     2     9
  6.3574032261048274E-01 a      1226     1    12     2    10
  1.8234465392291936E+00 a      1227     1    12     2    11
 -1.9837093984441392E+00 a      1228     1    12     2    12
  5.0843544265846996E-01 a      1229     1    12     2    13
  4.5599014100970653E-01 a      1230     1    12     2    14
 -1.0216698487556863E+00 a      1231     1    12     2    15
  6.1786707651350004E-01 a      1232     1    12     2    16
  6.4002047271765089E-02 a      1233     1    13     2     1
  1.0562915942133781E+00 a      1234     1    13     2     2
  1.3560087038283297E-01 a      1235     1    13     2     3
 -2.5256590019357327E-02 a      1236     1    13     2     4
 -1.3621008375146398E-01 a      1237     1    13     2     5
  1.1850686419539065E-01 a      1238     1    13     2     6
 -1.3235657723446145E-02 a      1239     1    13     2     7
  6.9919723740962697E-02 a      1240     1    13     2     8
  1.9856487942462514E-01 a      1241     1    13     2     9
 -3.0063352379095409E-01 a      1242     1    13     2    10
  1.7811657082316684E-01 a      1243     1    13     2    11
  1.8404589406648023E-02 a      1244     1    13     2    12
 -2.7510362921780718E-01 a      1245     1    13     2    13
  1.9207481243043095E-01 a      1246     1    13     2    14
 -4.2334983198305814E-01 a      1247     1    13     2    15
 -2.1371405718199776E-01 a      1248     1    13     2    16
 -1.0012349382468706E-01 a      1249     1    14     2     1
 -3.5108940617256040E-01 a      1250     1    14     2     2
  1.1986904733199352E-01 a      1251     1    14     2     3
 -3.2079500060487032E-01 a      1252     1    14     2     4
 -1.2535683097808014E-02 a      1253     1    14     2     5
  2.4545504777814586E-01 a      1254     1    14     2     6
 -1.3555033816592987E-01 a      1255     1    14     2     7
  1.0347541762870632E-01 a      1256     1    14     2     8
  7.9552813122251465E-01 a      1257     1    14     2     9
 -2.1586991883580076E-01 a      1258     1    14     2    10
 -2.7703450105029814E-01 a      1259     1    14     2    11
  1.8504365065097181E-01 a      1260     1    14     2    12
  7.9653716315011100E-02 a      1261     1    14     2    13
  2.1999995863723790E-01 a      1262     1    14     2    14
  7.4775275014077602E-01 a      1263     1    14     2    15
  1.3088590809602091E-01 a      1264     1    14     2    16
 -4.9390980763780834E-01 a      1265     1    15     2     1
 -1.6519766730593433E-01 a      1266     1    15     2     2
  9.5141804952561437E-01 a      1267     1    15     2     3
 -6.6975274058391532E-01 a      1268     1    15     2     4
  4.5054210851641474E-01 a      1269     1    15     2     5
  1.2254632065378357E+00 a      1270     1    15     2     6
  1.6136662958822872E+00 a      1271     1    15     2     7
  1.0291737455143987E-01 a      1272     1    15     2     8
 -5.5590643206456303E-01 a      1273     1    15     2     9
 -1.2113543885218749E+00 a      1274     1    15     2    10
 -6.5553025398863607E-01 a      1275     1    15     2    11
  8.5776732563574043E-01 a      1276     1    15     2    12
 -1.2063594633764561E-01 a      1277     1    15     2    13
 -1.1274776301667313E+00 a      1278     1    15     2    14
 -6.1402014994893461E-01 a      1279     1    15     2    15
 -3.6689580569929090E+00 a      1280     1    15     2    16
  3.0992734120200930E-02 a      1281     1    16     2     1
  9.1682349081078765E-02 a      1282     1    16     2     2
 -3.7802487421078917E-01 a      1283     1    16     2     3
 -3.8672155677802839E-01 a      1284     1    16     2     4
 -3.4406474230456491E-01 a      1285     1    16     2     5
  5.8346980474054566E-01 a      1286     1    16     2     6
  1.1310708732810375E-01 a      1287     1    16     2     7
  4.4090722089124706E-03 a      1288     1    16     2     8
  3.9217714858139208E-01 a      1289     1    16     2     9
  4.9900609285963027E-01 a      1290     1    16     2    10
  9.7920719569376480E-01 a      1291     1    16     2    11
 -6.0696169646025921E-01 a      1292     1    16     2    12
 -3.5124553306902201E-02 a      1293     1    16     2    13
  2.5284008533828350E-01 a      1294     1    16     2    14
 -3.6584658094938516E-01 a      1295     1    16     2    15
  8.9601720998788825E-02 a      1296     1    16     2    16
 -2.0643484393451395E-01 b      1297     2     1
 -6.4996311043835367E-02 b      1298     2     2
 -2.9517584758028150E-02 b      1299     2     3
 -4.8411870229353268E-02 b      1300     2     4
 -9.5290094867245698E-02 b      1301     2     5
 -1.3485846149055028E-01 b      1302     2     6
  9.1243127883433209E-02 b      1303     2     7
 -1.9133766479518033E-02 b      1304     2     8
  1.7670848170172804E-01 b      1305     2     9
 -2.9942023981213861E-01 b      1306     2    10
 -3.2648375704255883E-01 b      1307     2    11
  5.4510901592119221E-01 b      1308     2    12
 -4.8199694016335297E-03 b      1309     2    13
 -5.6324557492422545E-02 b      1310     2    14
 -1.4640741483799394E-01 b      1311     2    15
  1.3963188076162061E-01 b      1312     2    16
 -3.7035122317498054E-01 a      1313     2     1     3     1
  4.0374940588149688E-01 a      1314     2     2     3     1
  8.7590326876801905E-01 a      1315     2     3     3     1
  8.7742154772760228E-01 a      1316     2     4     3     1
 -1.1880286638751578E-01 a      1317     2     5     3     1
  2.9487492637167023E-01 a      1318     2     6     3     1
  9.0472931079810814E-01 a      1319     2     7     3     1
  9.6632908641364068E-01 a      1320     2     8     3     1
 -1.8138687288695840E-01 a      1321     2     9     3     1
  1.0486284090591238E+00 a      1322     2    10     3     1
  2.8013715949582041E-01 a      1323     2    11     3     1
  4.6131626931373371E-01 a      1324     2    12     3     1
  1.0768298438882624E+00 a      1325     2    13     3     1
  6.6573346146435686E-01 a      1326     2    14     3     1
  5.4713985936941489E-01 a      1327     2    15     3     1
 -1.6508559611342655E-01 a      1328     2    16     3     1
  2.6299418504172584E-01 b      1329     3     1
