################################################################################
# Neural network connection values (weights and biases).
################################################################################
# Col  Name       Description
################################################################################
# 1    connection Neural network connection value.
# 2    t          Connection type (a = weight, b = bias).
# 3    index      Index enumerating weights.
# 4    l_s        Starting point layer (end point layer for biases).
# 5    n_s        Starting point neuron in starting layer (end point neuron for biases).
# 6    l_e        End point layer.
# 7    n_e        End point neuron in end layer.
################################################################################
#                      1 2         3     4     5     6     7
#             connection t     index   l_s   n_s   l_e   n_e
############################################################
  4.4539478207846339E-01 a         1     0     1     1     1
 -1.3763136526531569E-01 a         2     0     1     1     2
 -2.8392429265303959E-01 a         3     0     1     1     3
 -8.1082754369824250E-01 a         4     0     1     1     4
 -8.7625966168340008E-01 a         5     0     1     1     5
  3.9990898817201690E-03 a         6     0     1     1     6
 -3.1724332984916886E-01 a         7     0     1     1     7
  9.7248179449593658E-02 a         8     0     1     1     8
  3.6181715069707032E-01 a         9     0     1     1     9
 -4.7086099278220733E-01 a        10     0     1     1    10
  3.2821705083244557E-01 a        11     0     1     1    11
 -6.2106385043930991E-02 a        12     0     1     1    12
  5.0618126395257479E-01 a        13     0     1     1    13
  8.2851815048451616E-01 a        14     0     1     1    14
 -7.2222137886620782E-02 a        15     0     1     1    15
 -9.7334844869325476E-02 a        16     0     1     1    16
  1.2007834452605175E-01 a        17     0     2     1     1
  7.5215321015944470E-02 a        18     0     2     1     2
  5.2046053678215709E-01 a        19     0     2     1     3
 -6.7317627189231632E-01 a        20     0     2     1     4
 -6.5505408829869338E-01 a        21     0     2     1     5
  4.9088642525043392E-02 a        22     0     2     1     6
  7.3318967962741977E-01 a        23     0     2     1     7
  5.4553480654546249E-01 a        24     0     2     1     8
  1.2072622604980840E+00 a        25     0     2     1     9
  1.3198374676932807E+00 a        26     0     2     1    10
 -5.3783018469364431E-02 a        27     0     2     1    11
  6.6538533490658924E-01 a        28     0     2     1    12
 -1.6812598748144933E+00 a        29     0     2     1    13
 -3.3831110276482168E-02 a        30     0     2     1    14
  2.6851487934582124E-01 a        31     0     2     1    15
 -4.9679158621619764E-02 a        32     0     2     1    16
  1.9430186447679124E-01 a        33     0     3     1     1
  6.1255694660084370E-01 a        34     0     3     1     2
  7.9724026799325953E-01 a        35     0     3     1     3
 -1.2696434236719962E+00 a        36     0     3     1     4
 -2.3992592467230053E-01 a        37     0     3     1     5
 -6.4073934845229563E-01 a        38     0     3     1     6
 -7.1252356419924068E-01 a        39     0     3     1     7
  1.6724223708734950E-01 a        40     0     3     1     8
  1.0029911752014444E+00 a        41     0     3     1     9
 -3.2312841890302024E-01 a        42     0     3     1    10
 -6.8219844529644391E-01 a        43     0     3     1    11
  4.4685846720145356E-01 a        44     0     3     1    12
 -7.4599911527352414E-01 a        45     0     3     1    13
  6.3475773101157229E-01 a        46     0     3     1    14
  7.6985939152561533E-01 a        47     0     3     1    15
 -2.9691555990956336E-01 a        48     0     3     1    16
 -1.0612697413455767E+00 a        49     0     4     1     1
  4.6362084476264040E-02 a        50     0     4     1     2
  1.9265871303641119E-01 a        51     0     4     1     3
 -4.2195446432569383E-01 a        52     0     4     1     4
 -8.1557460854689912E-01 a        53     0     4     1     5
  5.6967267642515196E-01 a        54     0     4     1     6
  9.5718829325414312E-02 a        55     0     4     1     7
 -4.1377921645096155E-01 a        56     0     4     1     8
 -1.1693999376508980E-01 a        57     0     4     1     9
  1.6540475577393179E+00 a        58     0     4     1    10
 -3.0412355451963413E-02 a        59     0     4     1    11
 -3.7627166046968108E-01 a        60     0     4     1    12
  2.3780622885363400E-03 a        61     0     4     1    13
 -1.6151274314557987E-01 a        62     0     4     1    14
 -2.0586917130740763E+00 a        63     0     4     1    15
  9.6809497010897583E-01 a        64     0     4     1    16
  2.9333476106377288E-01 a        65     0     5     1     1
  1.9677901121433308E-01 a        66     0     5     1     2
  1.7569060875994297E-01 a        67     0     5     1     3
  1.9458762528181411E-01 a        68     0     5     1     4
  5.7491742846147076E-01 a        69     0     5     1     5
  2.0067529593091119E-02 a        70     0     5     1     6
  4.8864636467932715E-01 a        71     0     5     1     7
 -5.4326128613354535E-02 a        72     0     5     1     8
  1.1418023276966938E-01 a        73     0     5     1     9
  5.2113940787496937E-01 a        74     0     5     1    10
 -6.3862609018232885E-01 a        75     0     5     1    11
 -1.9978961513587915E-01 a        76     0     5     1    12
 -6.1762857197104071E-01 a        77     0     5     1    13
 -1.9243500975198635E-01 a        78     0     5     1    14
 -3.1735206504964858E-01 a        79     0     5     1    15
 -3.1798969284422901E-01 a        80     0     5     1    16
  2.6979340924177038E-02 a        81     0     6     1     1
  4.2178187241640691E-01 a        82     0     6     1     2
 -5.0940489186240334E-02 a        83     0     6     1     3
 -2.5915816043040907E-01 a        84     0     6     1     4
  2.2605895675142575E-02 a        85     0     6     1     5
 -3.8097844533612751E-01 a        86     0     6     1     6
 -8.9898274201518968E-02 a        87     0     6     1     7
 -4.7829722630245342E-01 a        88     0     6     1     8
 -6.6972956674774886E-01 a        89     0     6     1     9
 -6.3856733204070454E-02 a        90     0     6     1    10
  7.7661469552995632E-02 a        91     0     6     1    11
 -4.0509139251647225E-01 a        92     0     6     1    12
  4.8344223597261610E-01 a        93     0     6     1    13
  2.7608921188118116E-02 a        94     0     6     1    14
  1.1816848692891093E-02 a        95     0     6     1    15
  7.8923606432999172E-02 a        96     0     6     1    16
 -3.8395165417030551E-02 a        97     0     7     1     1
 -3.6894103578698578E-01 a        98     0     7     1     2
 -9.2404459688209178E-02 a        99     0     7     1     3
  4.8183835345907555E-01 a       100     0     7     1     4
  7.9768497642456526E-01 a       101     0     7     1     5
  4.0211472587618408E-01 a       102     0     7     1     6
  1.5096826142781142E-01 a       103     0     7     1     7
 -4.5795060183821945E-01 a       104     0     7     1     8
 -4.5551238147555417E-01 a       105     0     7     1     9
 -5.4819261389253311E-02 a       106     0     7     1    10
  1.0626991239842982E+00 a       107     0     7     1    11
 -4.5356102180331243E-01 a       108     0     7     1    12
  1.3165455288213785E+00 a       109     0     7     1    13
  8.2702953482678920E-01 a       110     0     7     1    14
  4.9060783178571221E-01 a       111     0     7     1    15
  5.7741782179989287E-01 a       112     0     7     1    16
  9.4020067655500705E-01 a       113     0     8     1     1
  5.3954745566979578E-01 a       114     0     8     1     2
 -1.6159181929952440E-01 a       115     0     8     1     3
  3.0859672685503653E-01 a       116     0     8     1     4
 -1.6234116580002120E-01 a       117     0     8     1     5
  3.9894646351658586E-01 a       118     0     8     1     6
 -4.2075511197254406E-01 a       119     0     8     1     7
  1.6996929310470277E-01 a       120     0     8     1     8
  3.2766881471858911E-01 a       121     0     8     1     9
 -3.7895309864248877E-01 a       122     0     8     1    10
 -1.6682330074974830E-01 a       123     0     8     1    11
  3.8551352067647332E-01 a       124     0     8     1    12
 -1.5662509789498236E+00 a       125     0     8     1    13
 -7.8243545797809277E-01 a       126     0     8     1    14
  1.2057105264979111E+00 a       127     0     8     1    15
 -1.8302576003141848E+00 a       128     0     8     1    16
 -1.5847466540552688E+00 a       129     0     9     1     1
  4.2198322078313324E-02 a       130     0     9     1     2
 -1.3936412325149475E-01 a       131     0     9     1     3
  1.4104518459909654E-01 a       132     0     9     1     4
 -3.6298279994526284E-01 a       133     0     9     1     5
  3.7727633109431730E-01 a       134     0     9     1     6
  1.6428551012632298E-01 a       135     0     9     1     7
 -2.1695328275202655E-01 a       136     0     9     1     8
  4.6696689485295123E-01 a       137     0     9     1     9
  1.1852442558920995E+00 a       138     0     9     1    10
  3.2891417222751412E-01 a       139     0     9     1    11
 -4.8783057871576457E-01 a       140     0     9     1    12
 -1.5694613432603616E-01 a       141     0     9     1    13
  1.2964535976260527E-01 a       142     0     9     1    14
  1.8643867153567151E+00 a       143     0     9     1    15
 -4.4110305234358027E-01 a       144     0     9     1    16
 -5.7610173628180016E-02 a       145     0    10     1     1
  4.0857480823488912E-01 a       146     0    10     1     2
  6.7974606366019719E-01 a       147     0    10     1     3
  4.1924281305314198E-01 a       148     0    10     1     4
  8.2062928709467964E-01 a       149     0    10     1     5
  3.0791406329495180E-01 a       150     0    10     1     6
 -1.6440069685102290E+00 a       151     0    10     1     7
  5.4202408245512868E-02 a       152     0    10     1     8
  1.3244480426389177E-01 a       153     0    10     1     9
 -6.4122431867281027E-01 a       154     0    10     1    10
  1.1732259864259837E+00 a       155     0    10     1    11
 -1.8812390593444819E-01 a       156     0    10     1    12
  4.9464375451509895E-01 a       157     0    10     1    13
  6.9351263881070280E-01 a       158     0    10     1    14
  4.1814670559947587E-01 a       159     0    10     1    15
 -5.5739301842980971E-01 a       160     0    10     1    16
  8.0917662006291802E-01 a       161     0    11     1     1
  6.1534957659978096E-01 a       162     0    11     1     2
 -3.5198475780481153E-01 a       163     0    11     1     3
  1.3637903510424980E+00 a       164     0    11     1     4
  1.0282662375790237E+00 a       165     0    11     1     5
  4.6556179766584116E-01 a       166     0    11     1     6
  4.4271952957421640E-01 a       167     0    11     1     7
  1.3263489916878981E+00 a       168     0    11     1     8
 -8.4926001765395320E-01 a       169     0    11     1     9
 -9.4918726516997592E-02 a       170     0    11     1    10
  8.7980198528317588E-01 a       171     0    11     1    11
 -5.0694342522730473E-02 a       172     0    11     1    12
 -8.3107922965893269E-02 a       173     0    11     1    13
 -3.8983657226586493E-01 a       174     0    11     1    14
  7.7237140235716151E-01 a       175     0    11     1    15
 -5.1067397901751277E-01 a       176     0    11     1    16
  3.7357112842286455E-01 a       177     0    12     1     1
 -1.8387393574185282E-01 a       178     0    12     1     2
  6.2658121685969970E-01 a       179     0    12     1     3
  4.3562406955178747E-02 a       180     0    12     1     4
  1.5912615356496143E-02 a       181     0    12     1     5
 -1.9501489734633190E-01 a       182     0    12     1     6
 -3.4198688654135209E-02 a       183     0    12     1     7
  4.2365720693565541E-02 a       184     0    12     1     8
  1.6148528168956977E-01 a       185     0    12     1     9
 -1.5315417410109844E-01 a       186     0    12     1    10
  1.2528025733288600E-01 a       187     0    12     1    11
 -2.3213084837461667E-01 a       188     0    12     1    12
  3.2846344743235767E-01 a       189     0    12     1    13
  5.8001054719150846E-01 a       190     0    12     1    14
 -5.6931881277020913E-01 a       191     0    12     1    15
  4.4688230164306070E-01 a       192     0    12     1    16
 -3.8691779718317748E-01 a       193     0    13     1     1
 -5.4993495980991303E-01 a       194     0    13     1     2
  4.6289715149306088E-01 a       195     0    13     1     3
  5.4371071785794278E-01 a       196     0    13     1     4
 -5.8043314542300095E-01 a       197     0    13     1     5
 -8.1935625601290851E-01 a       198     0    13     1     6
  1.2224128082507899E+00 a       199     0    13     1     7
  6.8535558652739126E-01 a       200     0    13     1     8
  1.2153577308956083E+00 a       201     0    13     1     9
  9.7086305651785654E-01 a       202     0    13     1    10
 -3.0800044097309542E-01 a       203     0    13     1    11
 -8.1589909089330914E-01 a       204     0    13     1    12
 -2.6984311666682076E-01 a       205     0    13     1    13
 -2.1907090937762691E-02 a       206     0    13     1    14
  2.6635827541283918E-01 a       207     0    13     1    15
  2.0048697132564730E-01 a       208     0    13     1    16
  1.8220972028709873E-01 a       209     0    14     1     1
 -2.7292722691554794E-01 a       210     0    14     1     2
  1.0435515853350694E+00 a       211     0    14     1     3
 -8.3153252456787408E-01 a       212     0    14     1     4
 -7.7263019890582674E-01 a       213     0    14     1     5
 -1.2244365534662250E-02 a       214     0    14     1     6
 -3.8745738619028647E-01 a       215     0    14     1     7
 -7.9632759298112066E-01 a       216     0    14     1     8
  6.9203475818951277E-01 a       217     0    14     1     9
  3.8157823800555535E-01 a       218     0    14     1    10
 -6.0927761163191207E-01 a       219     0    14     1    11
 -1.6565118775684572E-02 a       220     0    14     1    12
 -9.0137003679562899E-01 a       221     0    14     1    13
 -2.2319237700936370E-01 a       222     0    14     1    14
 -6.5942861279897014E-01 a       223     0    14     1    15
  2.0404283941812024E-01 a       224     0    14     1    16
  2.7341237471739732E-01 a       225     0    15     1     1
  2.4816437984641593E-01 a       226     0    15     1     2
 -6.3739909477874412E-01 a       227     0    15     1     3
 -6.8194319656631761E-03 a       228     0    15     1     4
  5.8512404908518800E-01 a       229     0    15     1     5
 -7.2544044308594138E-02 a       230     0    15     1     6
 -5.7352902662429828E-01 a       231     0    15     1     7
  6.2489067687592692E-01 a       232     0    15     1     8
  1.8962258185159390E-02 a       233     0    15     1     9
 -3.1520352223344023E-01 a       234     0    15     1    10
 -3.3367257174376558E-01 a       235     0    15     1    11
 -4.5536472931671274E-01 a       236     0    15     1    12
  3.4766551060124123E-01 a       237     0    15     1    13
 -4.6801934030766501E-01 a       238     0    15     1    14
  3.1007969343640301E-01 a       239     0    15     1    15
 -6.5187287236539670E-01 a       240     0    15     1    16
  1.7359498879789820E-01 a       241     0    16     1     1
 -1.1906281623029641E-01 a       242     0    16     1     2
 -4.2364537613873615E-01 a       243     0    16     1     3
 -4.4653722509806221E-01 a       244     0    16     1     4
  7.3008901369855206E-01 a       245     0    16     1     5
  4.3581824200659297E-01 a       246     0    16     1     6
 -2.3015743579972367E-01 a       247     0    16     1     7
 -8.2143769198302866E-02 a       248     0    16     1     8
  1.1250303029573346E-01 a       249     0    16     1     9
 -6.6640490480869646E-02 a       250     0    16     1    10
 -2.8345708758459454E-01 a       251     0    16     1    11
  2.8922751454197643E-01 a       252     0    16     1    12
 -4.9625455973521880E-02 a       253     0    16     1    13
  1.0025792879066048E-01 a       254     0    16     1    14
 -3.1374104468169889E-01 a       255     0    16     1    15
 -2.4293898184710694E-01 a       256     0    16     1    16
  2.3434963874868317E-01 a       257     0    17     1     1
 -3.2786808698058079E-01 a       258     0    17     1     2
 -8.6549015376756167E-01 a       259     0    17     1     3
 -1.0077586454103640E+00 a       260     0    17     1     4
  2.0860066785587808E-01 a       261     0    17     1     5
 -6.6572677451885875E-01 a       262     0    17     1     6
  3.4862730737028985E-01 a       263     0    17     1     7
 -1.4015769451551938E-01 a       264     0    17     1     8
  4.5859291880466330E-01 a       265     0    17     1     9
  1.3124266005724508E-02 a       266     0    17     1    10
  2.4262345653305631E-01 a       267     0    17     1    11
 -9.2574370570903186E-01 a       268     0    17     1    12
  6.6537208085351507E-01 a       269     0    17     1    13
 -3.0220891191527621E-01 a       270     0    17     1    14
  7.8822660307784631E-01 a       271     0    17     1    15
  8.4666281059689652E-01 a       272     0    17     1    16
  1.9316899342956667E-01 a       273     0    18     1     1
 -7.0482849250182264E-02 a       274     0    18     1     2
  5.9902152070868818E-02 a       275     0    18     1     3
 -9.0136219965362252E-02 a       276     0    18     1     4
 -6.3027583551773159E-01 a       277     0    18     1     5
  4.2938027310880073E-01 a       278     0    18     1     6
 -8.3259774848106638E-01 a       279     0    18     1     7
 -1.8521319412665709E+00 a       280     0    18     1     8
 -2.2316225989947322E-01 a       281     0    18     1     9
 -1.5702227608550848E-01 a       282     0    18     1    10
 -1.1404105577328465E+00 a       283     0    18     1    11
 -6.9010995865667879E-01 a       284     0    18     1    12
 -8.1945614772406272E-01 a       285     0    18     1    13
 -1.7734973826100746E+00 a       286     0    18     1    14
  8.0525156018150315E-03 a       287     0    18     1    15
  5.6179861648562301E-01 a       288     0    18     1    16
  9.4116386795440543E-01 a       289     0    19     1     1
 -1.5593075047277891E-01 a       290     0    19     1     2
 -2.3665215196962466E-01 a       291     0    19     1     3
 -5.4756644150186795E-01 a       292     0    19     1     4
 -7.1866915356957761E-01 a       293     0    19     1     5
  6.6507646698943590E-01 a       294     0    19     1     6
  8.9697616323199628E-02 a       295     0    19     1     7
 -1.0407780787811853E+00 a       296     0    19     1     8
  2.9771357437644269E-01 a       297     0    19     1     9
 -1.1613621174984784E-01 a       298     0    19     1    10
 -1.0450259196472036E-01 a       299     0    19     1    11
  2.3720559752561612E-01 a       300     0    19     1    12
 -1.1522141369823744E+00 a       301     0    19     1    13
 -3.1675775939438972E-01 a       302     0    19     1    14
 -4.6162943653244531E-01 a       303     0    19     1    15
  7.0754331139690430E-01 a       304     0    19     1    16
  1.1520770017149551E+00 a       305     0    20     1     1
  3.7600463510425314E-01 a       306     0    20     1     2
 -1.2506134212551356E-01 a       307     0    20     1     3
  8.2771177045833477E-01 a       308     0    20     1     4
 -1.9089479989863473E-01 a       309     0    20     1     5
  7.4702700800153787E-01 a       310     0    20     1     6
 -4.6968482603052042E-01 a       311     0    20     1     7
 -1.0465768302473271E+00 a       312     0    20     1     8
 -7.5119358498325339E-01 a       313     0    20     1     9
 -5.5985653999374152E-01 a       314     0    20     1    10
 -5.9656637813830393E-01 a       315     0    20     1    11
 -4.1782441822086941E-01 a       316     0    20     1    12
 -9.3380097169565113E-01 a       317     0    20     1    13
 -1.0128523393943643E+00 a       318     0    20     1    14
 -6.4773590234554845E-01 a       319     0    20     1    15
  2.7680521760936078E-01 a       320     0    20     1    16
 -1.3244175766471633E+00 a       321     0    21     1     1
 -1.0036088292439248E-01 a       322     0    21     1     2
 -1.0670201117941976E-01 a       323     0    21     1     3
 -1.6397020106607447E+00 a       324     0    21     1     4
 -1.3899191768540967E-02 a       325     0    21     1     5
 -9.4418419000851228E-01 a       326     0    21     1     6
  4.4532850778497801E-01 a       327     0    21     1     7
  1.8573671050922774E-01 a       328     0    21     1     8
 -7.4169112507587409E-01 a       329     0    21     1     9
 -6.2329956158560107E-01 a       330     0    21     1    10
 -2.4223196300098854E-01 a       331     0    21     1    11
  1.5973889762258033E+00 a       332     0    21     1    12
 -6.5262419133604466E-01 a       333     0    21     1    13
  9.0808719927337345E-01 a       334     0    21     1    14
 -8.0947100814918002E-02 a       335     0    21     1    15
 -3.0049274750997088E-02 a       336     0    21     1    16
 -1.7150366716666118E-01 a       337     0    22     1     1
  2.7970504920719963E-01 a       338     0    22     1     2
 -3.5231539556266754E-02 a       339     0    22     1     3
  4.4672835540363620E-01 a       340     0    22     1     4
  3.2967052314407906E-02 a       341     0    22     1     5
  9.1418735080195501E-01 a       342     0    22     1     6
 -1.8465466310092810E-01 a       343     0    22     1     7
  1.2292110050002165E+00 a       344     0    22     1     8
 -3.2683328963584507E-01 a       345     0    22     1     9
  1.3197374145749613E-01 a       346     0    22     1    10
 -1.5098768617215644E-01 a       347     0    22     1    11
  1.1538006857289358E+00 a       348     0    22     1    12
 -3.3692335257595402E-01 a       349     0    22     1    13
  1.1883908137300461E+00 a       350     0    22     1    14
 -7.4200441549888252E-01 a       351     0    22     1    15
 -1.2701621759971036E+00 a       352     0    22     1    16
 -7.0324841578160116E-02 a       353     0    23     1     1
 -1.7849260493860677E-01 a       354     0    23     1     2
 -4.9966506051179965E-01 a       355     0    23     1     3
  4.6148521128480041E-01 a       356     0    23     1     4
 -1.0098718813045074E-01 a       357     0    23     1     5
  4.0427224736639589E-01 a       358     0    23     1     6
  5.4513950417286317E-01 a       359     0    23     1     7
  8.3457112334930850E-01 a       360     0    23     1     8
 -2.5218625429697783E-01 a       361     0    23     1     9
  1.2716192503821393E+00 a       362     0    23     1    10
 -2.4432465703397469E-02 a       363     0    23     1    11
 -5.0623635324544913E-01 a       364     0    23     1    12
  1.2470952721834726E-01 a       365     0    23     1    13
 -1.3861053792927651E+00 a       366     0    23     1    14
  7.0540767379331071E-01 a       367     0    23     1    15
 -8.1590251232166378E-01 a       368     0    23     1    16
 -6.3206534305592421E-01 a       369     0    24     1     1
 -3.3556165486801909E-01 a       370     0    24     1     2
 -3.6177197369429315E-01 a       371     0    24     1     3
  5.4024314765431791E-01 a       372     0    24     1     4
 -1.0102735911965905E+00 a       373     0    24     1     5
  1.1060255712147864E+00 a       374     0    24     1     6
  1.5655487842195884E-01 a       375     0    24     1     7
  2.4180412278680857E-01 a       376     0    24     1     8
 -9.4941449437772862E-01 a       377     0    24     1     9
 -1.3030295881156811E-01 a       378     0    24     1    10
  6.4933291917659008E-02 a       379     0    24     1    11
  7.7878581347855613E-01 a       380     0    24     1    12
  1.1839612808068449E-01 a       381     0    24     1    13
 -1.1012340990569569E+00 a       382     0    24     1    14
 -3.2381809376514914E-01 a       383     0    24     1    15
  8.9271717639713768E-04 a       384     0    24     1    16
 -3.0118201246385978E-01 a       385     0    25     1     1
 -4.1993838044101256E-01 a       386     0    25     1     2
 -1.0218706932739781E+00 a       387     0    25     1     3
  1.9535436572603929E-01 a       388     0    25     1     4
 -7.6551735030178147E-01 a       389     0    25     1     5
  5.6732014144598641E-01 a       390     0    25     1     6
  5.4177577587261461E-01 a       391     0    25     1     7
  1.8475536081895935E-01 a       392     0    25     1     8
  2.9713114499005899E-01 a       393     0    25     1     9
  3.0006173301279698E-01 a       394     0    25     1    10
 -2.0087288563993730E-01 a       395     0    25     1    11
  2.8006381719615386E-01 a       396     0    25     1    12
  6.4271396620970922E-01 a       397     0    25     1    13
 -4.9003214340056411E-01 a       398     0    25     1    14
  4.2657308408779171E-01 a       399     0    25     1    15
  8.5395268459966117E-02 a       400     0    25     1    16
  2.9012482790185490E-01 a       401     0    26     1     1
  1.4978384091145952E-01 a       402     0    26     1     2
  2.4393764590744596E-01 a       403     0    26     1     3
  8.6083661550107460E-01 a       404     0    26     1     4
 -7.9558370733194450E-01 a       405     0    26     1     5
  4.1660043648920182E-02 a       406     0    26     1     6
  2.7679897118661000E-02 a       407     0    26     1     7
 -4.2574694491300913E-01 a       408     0    26     1     8
  1.6016449908841729E-01 a       409     0    26     1     9
 -2.0358249926714991E-01 a       410     0    26     1    10
  8.5639088672486041E-01 a       411     0    26     1    11
  4.9235392921387128E-01 a       412     0    26     1    12
 -7.9723153957150364E-02 a       413     0    26     1    13
  1.5421557006504696E+00 a       414     0    26     1    14
 -1.3720721253393264E+00 a       415     0    26     1    15
  1.0711617610679309E+00 a       416     0    26     1    16
 -2.2987482189731467E-01 a       417     0    27     1     1
  1.9003424875783334E-01 a       418     0    27     1     2
 -5.5946232670443241E-01 a       419     0    27     1     3
  5.8800442438660994E-01 a       420     0    27     1     4
 -1.5597842497460399E-01 a       421     0    27     1     5
 -1.3961231430897842E+00 a       422     0    27     1     6
 -3.6328361606687515E-01 a       423     0    27     1     7
  4.5505059356671407E-01 a       424     0    27     1     8
 -5.5539444388940540E-02 a       425     0    27     1     9
  3.0835575220073486E-01 a       426     0    27     1    10
 -1.1597309351607368E-01 a       427     0    27     1    11
 -9.1642864860682904E-01 a       428     0    27     1    12
  2.9209544507056179E-01 a       429     0    27     1    13
  7.8935766970897214E-01 a       430     0    27     1    14
  3.6971509768734806E-01 a       431     0    27     1    15
 -4.6161331610052592E-02 a       432     0    27     1    16
 -6.0608622064773432E-01 a       433     0    28     1     1
  4.2108255394557914E-01 a       434     0    28     1     2
  1.0287407963377038E+00 a       435     0    28     1     3
  1.1869429486892611E+00 a       436     0    28     1     4
  1.5759141844862909E-01 a       437     0    28     1     5
  4.2415923969498209E-01 a       438     0    28     1     6
 -4.9274217204138165E-01 a       439     0    28     1     7
  1.3646864858037244E-01 a       440     0    28     1     8
 -8.7021868683487680E-01 a       441     0    28     1     9
  5.0245834333639772E-02 a       442     0    28     1    10
 -4.0347900080171295E-01 a       443     0    28     1    11
 -1.5936426379347346E-01 a       444     0    28     1    12
  3.1260028566018128E-01 a       445     0    28     1    13
  2.4371760649706534E-01 a       446     0    28     1    14
  9.6867014978775465E-02 a       447     0    28     1    15
 -3.9106676450660577E-01 a       448     0    28     1    16
  6.4112248828458218E-01 a       449     0    29     1     1
 -2.2184388409844968E-01 a       450     0    29     1     2
  3.1068781696135350E-01 a       451     0    29     1     3
  9.3216780162121959E-01 a       452     0    29     1     4
  4.0515142637882340E-01 a       453     0    29     1     5
  3.2921198051889777E-01 a       454     0    29     1     6
  4.1844905443069250E-02 a       455     0    29     1     7
  6.4058123291906921E-01 a       456     0    29     1     8
  3.1710455957619299E-01 a       457     0    29     1     9
  7.0635285804918860E-02 a       458     0    29     1    10
  3.6775592003169782E-01 a       459     0    29     1    11
 -5.6640749812582003E-01 a       460     0    29     1    12
  2.6814820280375279E-01 a       461     0    29     1    13
  2.4956152142467755E-01 a       462     0    29     1    14
 -9.5737065602885488E-02 a       463     0    29     1    15
 -3.5522735997247068E-01 a       464     0    29     1    16
 -9.8574890348744582E-01 a       465     0    30     1     1
 -7.1616212762217757E-01 a       466     0    30     1     2
  7.2097719164887442E-01 a       467     0    30     1     3
 -7.4862458150428590E-01 a       468     0    30     1     4
  2.6749416784803176E-01 a       469     0    30     1     5
 -1.3097739322715463E+00 a       470     0    30     1     6
  4.9284211076853768E-01 a       471     0    30     1     7
  2.9023334912868570E-02 a       472     0    30     1     8
  1.4457307895742042E+00 a       473     0    30     1     9
  1.1767990089783555E-01 a       474     0    30     1    10
  7.7684675326017172E-01 a       475     0    30     1    11
 -9.0442586494275123E-01 a       476     0    30     1    12
  1.0715899586659234E+00 a       477     0    30     1    13
  5.9362035530501178E-01 a       478     0    30     1    14
  5.5571683523326343E-01 a       479     0    30     1    15
  4.3501847287045026E-01 a       480     0    30     1    16
 -6.6098986798960024E-01 a       481     0    31     1     1
  1.3727385784875445E-01 a       482     0    31     1     2
 -1.8448974365904228E-01 a       483     0    31     1     3
 -3.0575233956936915E-02 a       484     0    31     1     4
 -3.7156503904417221E-01 a       485     0    31     1     5
  4.4769021773598067E-01 a       486     0    31     1     6
  1.1869396593208761E-02 a       487     0    31     1     7
 -1.7266924892012653E-01 a       488     0    31     1     8
  2.6192593242872453E-01 a       489     0    31     1     9
 -5.5869650594079674E-02 a       490     0    31     1    10
  5.1753810538930738E-02 a       491     0    31     1    11
 -3.4874939994687809E-01 a       492     0    31     1    12
  3.5939454905980289E-01 a       493     0    31     1    13
 -8.1269074090460858E-02 a       494     0    31     1    14
 -1.1840154350245458E-02 a       495     0    31     1    15
 -1.8623313161455846E-01 a       496     0    31     1    16
  2.5444113851837317E-02 a       497     0    32     1     1
 -2.4272068822827358E-01 a       498     0    32     1     2
 -6.1830350996772843E-01 a       499     0    32     1     3
  7.6957825008140279E-01 a       500     0    32     1     4
  1.9331231425834852E-01 a       501     0    32     1     5
 -1.1791228203149210E-02 a       502     0    32     1     6
  3.0821156343448686E-01 a       503     0    32     1     7
  1.5143464769201592E-01 a       504     0    32     1     8
 -2.8148003222380752E-01 a       505     0    32     1     9
 -3.4553319044121611E-01 a       506     0    32     1    10
  1.9503273683324576E-01 a       507     0    32     1    11
 -1.2464513195972907E-01 a       508     0    32     1    12
 -2.1307881646934368E-02 a       509     0    32     1    13
 -2.2352385558968668E-01 a       510     0    32     1    14
  2.5390906917092410E-01 a       511     0    32     1    15
 -2.4610515830917834E-02 a       512     0    32     1    16
  2.4524881134231213E-01 a       513     0    33     1     1
 -5.0173549246508874E-02 a       514     0    33     1     2
  1.9306010770892543E-02 a       515     0    33     1     3
  3.6011327825279632E-01 a       516     0    33     1     4
  9.8891288594367535E-02 a       517     0    33     1     5
 -8.2052158023196445E-02 a       518     0    33     1     6
  1.1730855164538405E-01 a       519     0    33     1     7
 -1.5039154391599080E-01 a       520     0    33     1     8
 -1.3669862254639703E-01 a       521     0    33     1     9
 -4.2400622784821047E-02 a       522     0    33     1    10
  3.1466129851644370E-01 a       523     0    33     1    11
  5.6053721788300737E-01 a       524     0    33     1    12
  4.3286621643651807E-01 a       525     0    33     1    13
 -3.4510890711011161E-01 a       526     0    33     1    14
  5.1306024535187755E-01 a       527     0    33     1    15
  1.8483198137522576E-02 a       528     0    33     1    16
  1.3843233990544551E-02 a       529     0    34     1     1
 -2.5871147993570659E-01 a       530     0    34     1     2
 -2.7656145337069610E-01 a       531     0    34     1     3
  6.1051614122373732E-01 a       532     0    34     1     4
 -1.5201729710504766E-01 a       533     0    34     1     5
 -2.7324676427106165E-01 a       534     0    34     1     6
  1.2664045953287520E-01 a       535     0    34     1     7
  5.0723231871814234E-01 a       536     0    34     1     8
  1.8353999517638447E-01 a       537     0    34     1     9
 -5.1539221562943563E-02 a       538     0    34     1    10
 -4.7175144024409077E-01 a       539     0    34     1    11
 -1.9259041394796889E-01 a       540     0    34     1    12
 -6.1265294336667020E-01 a       541     0    34     1    13
 -1.3276656978386167E-01 a       542     0    34     1    14
  9.0672592641672087E-02 a       543     0    34     1    15
 -3.0001302539934599E-01 a       544     0    34     1    16
  2.5276378268629818E-01 a       545     0    35     1     1
 -3.8149135768277115E-01 a       546     0    35     1     2
  3.1127030133569322E-01 a       547     0    35     1     3
 -3.9980399097257918E-01 a       548     0    35     1     4
 -2.2436818388048135E-01 a       549     0    35     1     5
  3.0346904251615892E-01 a       550     0    35     1     6
 -1.7110462963387305E-01 a       551     0    35     1     7
 -6.4734674164275319E-01 a       552     0    35     1     8
  1.7494931575571648E-01 a       553     0    35     1     9
  2.7793585743487603E-01 a       554     0    35     1    10
  3.9517158332884267E-01 a       555     0    35     1    11
  7.1190288453376882E-01 a       556     0    35     1    12
  6.2516044983972330E-01 a       557     0    35     1    13
 -4.3483192478220453E-02 a       558     0    35     1    14
  6.0783514530614813E-01 a       559     0    35     1    15
  4.5528332003658956E-01 a       560     0    35     1    16
 -2.7153460910783334E-01 a       561     0    36     1     1
  3.2687937305578840E-01 a       562     0    36     1     2
  1.6093641910224768E-01 a       563     0    36     1     3
  1.3272775723916833E-01 a       564     0    36     1     4
 -1.9025687052696127E-01 a       565     0    36     1     5
  3.4485286389444997E-01 a       566     0    36     1     6
 -4.3623616125865156E-01 a       567     0    36     1     7
  1.7811688733467698E-01 a       568     0    36     1     8
 -8.1839832895853171E-01 a       569     0    36     1     9
 -5.4563726847751559E-01 a       570     0    36     1    10
 -1.7715638736942305E-01 a       571     0    36     1    11
  1.2334914669942962E-01 a       572     0    36     1    12
  9.2778022976315955E-01 a       573     0    36     1    13
  1.4422409793413260E-01 a       574     0    36     1    14
 -5.4253214156460772E-01 a       575     0    36     1    15
 -6.3541564044950594E-02 a       576     0    36     1    16
 -1.1517894781283626E-01 a       577     0    37     1     1
 -4.9041899332186939E-01 a       578     0    37     1     2
  4.7726539314049576E-01 a       579     0    37     1     3
 -2.2295348502761714E-01 a       580     0    37     1     4
  7.6034301317407949E-01 a       581     0    37     1     5
  5.7254537058711058E-02 a       582     0    37     1     6
  5.9258104154050317E-01 a       583     0    37     1     7
  8.3742856903421214E-01 a       584     0    37     1     8
 -1.0080068853705200E+00 a       585     0    37     1     9
 -1.0774426880832395E+00 a       586     0    37     1    10
 -7.1539866691839815E-02 a       587     0    37     1    11
  5.1603901252950435E-01 a       588     0    37     1    12
  7.5858826501690380E-01 a       589     0    37     1    13
 -4.1325113598659241E-01 a       590     0    37     1    14
  5.3122847649996219E-01 a       591     0    37     1    15
  1.2595783849511986E+00 a       592     0    37     1    16
 -4.6152266040772166E-01 a       593     0    38     1     1
  4.2594637945313579E-01 a       594     0    38     1     2
  6.0687694398832037E-01 a       595     0    38     1     3
 -7.6660810511243760E-01 a       596     0    38     1     4
  1.0993112241061480E+00 a       597     0    38     1     5
 -4.0582729341890550E-01 a       598     0    38     1     6
 -2.2028046357161912E-01 a       599     0    38     1     7
  1.6124629409545246E-01 a       600     0    38     1     8
  3.2526307741199051E-01 a       601     0    38     1     9
 -2.1458183773794784E-01 a       602     0    38     1    10
  3.0671062008814309E-01 a       603     0    38     1    11
 -1.6933193972512972E-02 a       604     0    38     1    12
  1.6892531303426966E-01 a       605     0    38     1    13
  8.4295636437024708E-03 a       606     0    38     1    14
 -7.2419534561425991E-01 a       607     0    38     1    15
  1.1510173249566389E+00 a       608     0    38     1    16
 -4.5485383147412578E-01 a       609     0    39     1     1
  4.3191184403406124E-01 a       610     0    39     1     2
 -4.6974446162661235E-02 a       611     0    39     1     3
  1.9373208053860047E-01 a       612     0    39     1     4
 -3.8921778568925619E-01 a       613     0    39     1     5
  3.2637467752290866E-01 a       614     0    39     1     6
 -1.1348151395352266E+00 a       615     0    39     1     7
 -3.4377567360710354E-01 a       616     0    39     1     8
 -4.0633365342168409E-01 a       617     0    39     1     9
 -3.7041799831328326E-01 a       618     0    39     1    10
 -4.2523260337258555E-02 a       619     0    39     1    11
  5.5686523487236927E-01 a       620     0    39     1    12
 -6.7798549268181107E-01 a       621     0    39     1    13
  1.1068136410925888E-01 a       622     0    39     1    14
  5.5857889031593400E-01 a       623     0    39     1    15
 -2.6876821526470512E-01 a       624     0    39     1    16
 -6.5115105710178478E-01 a       625     0    40     1     1
  3.7308171687785358E-01 a       626     0    40     1     2
  1.3025965169996873E-01 a       627     0    40     1     3
 -2.1300393575327384E-01 a       628     0    40     1     4
  6.9724991602077332E-02 a       629     0    40     1     5
 -3.6399210613015481E-01 a       630     0    40     1     6
 -7.1036602055307674E-01 a       631     0    40     1     7
  5.1885659744031087E-01 a       632     0    40     1     8
  1.1839467524456497E+00 a       633     0    40     1     9
 -9.4566801629871933E-01 a       634     0    40     1    10
  3.2267037049339858E-01 a       635     0    40     1    11
  3.9736457380275603E-01 a       636     0    40     1    12
 -3.8865372123347307E-02 a       637     0    40     1    13
  3.9435476479930481E-01 a       638     0    40     1    14
  3.3333203622456620E-02 a       639     0    40     1    15
  1.0836737534769707E+00 a       640     0    40     1    16
 -2.1380664143531802E-01 a       641     0    41     1     1
 -6.3654149347694144E-01 a       642     0    41     1     2
 -2.9201584796408896E-02 a       643     0    41     1     3
  1.5078842039906259E-01 a       644     0    41     1     4
 -1.5445050724566417E-02 a       645     0    41     1     5
  2.5574602299757737E-01 a       646     0    41     1     6
 -3.5256674975764740E-01 a       647     0    41     1     7
  6.7276964575983464E-02 a       648     0    41     1     8
 -5.4106999667307965E-01 a       649     0    41     1     9
 -6.6023423587610730E-01 a       650     0    41     1    10
  2.6203162817070325E-01 a       651     0    41     1    11
  4.4609449654651501E-01 a       652     0    41     1    12
 -6.5191529806132076E-01 a       653     0    41     1    13
  5.7502381127142110E-01 a       654     0    41     1    14
  2.5679042332189939E-01 a       655     0    41     1    15
  2.5554602156772732E-01 a       656     0    41     1    16
  3.3766764710944391E-01 a       657     0    42     1     1
 -5.3868318666283201E-02 a       658     0    42     1     2
  1.5662357046174366E-01 a       659     0    42     1     3
 -7.6864175107918842E-01 a       660     0    42     1     4
 -3.5670459952398070E-01 a       661     0    42     1     5
  6.1966963212008652E-01 a       662     0    42     1     6
  2.1087247720809246E-01 a       663     0    42     1     7
 -1.2505874274592896E-01 a       664     0    42     1     8
 -2.4425202882055957E-01 a       665     0    42     1     9
 -6.0279060581590838E-01 a       666     0    42     1    10
 -3.0032267861486900E-01 a       667     0    42     1    11
  3.5488158282895899E-01 a       668     0    42     1    12
 -9.2488802418496038E-02 a       669     0    42     1    13
  2.5783473323606615E-01 a       670     0    42     1    14
  2.1978971939858169E-01 a       671     0    42     1    15
  5.8344120168563907E-01 a       672     0    42     1    16
  3.7137366430167285E-01 a       673     0    43     1     1
 -2.0599586359431024E-01 a       674     0    43     1     2
  3.5415148614205899E-01 a       675     0    43     1     3
  5.2007759091743955E-01 a       676     0    43     1     4
 -5.7697343414045421E-01 a       677     0    43     1     5
  7.4050530120704261E-01 a       678     0    43     1     6
  6.8461323269787697E-02 a       679     0    43     1     7
  2.0072009679875225E-01 a       680     0    43     1     8
  1.1003560593104278E-01 a       681     0    43     1     9
  6.1666913939540902E-01 a       682     0    43     1    10
 -2.6331992454774017E-01 a       683     0    43     1    11
  3.4811327591325170E-01 a       684     0    43     1    12
 -4.8591696877306145E-01 a       685     0    43     1    13
 -1.8625042216845796E-02 a       686     0    43     1    14
  1.7978718701216645E-01 a       687     0    43     1    15
 -2.1057593574487370E-02 a       688     0    43     1    16
 -2.1337467449018765E-01 a       689     0    44     1     1
 -1.8433628353988984E-01 a       690     0    44     1     2
  8.4608002994262257E-02 a       691     0    44     1     3
  3.4531568640631249E-01 a       692     0    44     1     4
  7.3867602327929188E-02 a       693     0    44     1     5
 -2.8163190362258866E-01 a       694     0    44     1     6
 -1.1963398204628165E-01 a       695     0    44     1     7
  4.1376138234368537E-01 a       696     0    44     1     8
 -4.6343249473334874E-01 a       697     0    44     1     9
 -2.2067409110148151E-01 a       698     0    44     1    10
  7.7464890907233896E-01 a       699     0    44     1    11
  3.4610726729476921E-01 a       700     0    44     1    12
 -3.2864641523609112E-01 a       701     0    44     1    13
 -5.6782521726324631E-01 a       702     0    44     1    14
 -5.9413143053469120E-01 a       703     0    44     1    15
  5.3407104993883037E-01 a       704     0    44     1    16
  6.3419035955710823E-01 a       705     0    45     1     1
  1.5017596685711235E-01 a       706     0    45     1     2
  4.3004913835224523E-01 a       707     0    45     1     3
 -3.0424980071854475E-02 a       708     0    45     1     4
 -2.0719965673399837E-01 a       709     0    45     1     5
  4.0556323026308994E-01 a       710     0    45     1     6
 -3.1250151135489562E-01 a       711     0    45     1     7
 -1.1955899676486896E+00 a       712     0    45     1     8
 -1.4377744742412093E+00 a       713     0    45     1     9
  1.2406987214601317E+00 a       714     0    45     1    10
 -3.3351186668487043E-01 a       715     0    45     1    11
 -4.8674913030419031E-01 a       716     0    45     1    12
  6.5600111339463130E-01 a       717     0    45     1    13
 -3.4625698271188193E-02 a       718     0    45     1    14
 -3.5324418532922974E-01 a       719     0    45     1    15
 -4.7315815290745472E-01 a       720     0    45     1    16
 -1.3427930612759131E+00 a       721     0    46     1     1
  5.5091544001436321E-01 a       722     0    46     1     2
 -6.4712578806452559E-01 a       723     0    46     1     3
  3.7982064054223419E-01 a       724     0    46     1     4
 -6.9729985133553085E-01 a       725     0    46     1     5
 -7.2662296775488755E-01 a       726     0    46     1     6
 -8.1795795749121003E-01 a       727     0    46     1     7
 -3.4777592078714686E-01 a       728     0    46     1     8
  4.6550149247907530E-01 a       729     0    46     1     9
  1.6489706457399178E-01 a       730     0    46     1    10
 -3.7130831941154568E-01 a       731     0    46     1    11
 -1.6698463276166648E+00 a       732     0    46     1    12
  5.9704533221253864E-01 a       733     0    46     1    13
 -4.4143580522665998E-01 a       734     0    46     1    14
  2.4725313353673495E-01 a       735     0    46     1    15
 -4.7556500911705418E-01 a       736     0    46     1    16
  9.5931109122134262E-01 a       737     0    47     1     1
  1.8940468382206757E-01 a       738     0    47     1     2
 -5.4701654041339953E-01 a       739     0    47     1     3
  1.1515457468077932E+00 a       740     0    47     1     4
  6.9431738904942419E-01 a       741     0    47     1     5
  5.3422064447142481E-01 a       742     0    47     1     6
 -1.2430963830920407E+00 a       743     0    47     1     7
  4.5586342658737772E-01 a       744     0    47     1     8
 -5.1180484947635108E-01 a       745     0    47     1     9
 -7.2146284302346897E-01 a       746     0    47     1    10
  1.5001895248821928E+00 a       747     0    47     1    11
  5.8365516395577099E-01 a       748     0    47     1    12
 -6.3876050690790076E-01 a       749     0    47     1    13
 -5.4008120897746603E-01 a       750     0    47     1    14
  1.6597339027317073E+00 a       751     0    47     1    15
 -3.2976335602170442E-01 a       752     0    47     1    16
 -8.6092209617184212E-01 a       753     0    48     1     1
  1.3456038076816557E+00 a       754     0    48     1     2
 -8.5853399633452898E-01 a       755     0    48     1     3
 -1.5074993457906463E-01 a       756     0    48     1     4
 -1.1612228596610839E+00 a       757     0    48     1     5
 -4.6904793468846401E-01 a       758     0    48     1     6
  5.5096416531828174E-01 a       759     0    48     1     7
  7.5535596185888246E-02 a       760     0    48     1     8
  7.2345635378988041E-02 a       761     0    48     1     9
  2.2363643048232126E-01 a       762     0    48     1    10
 -1.6040174171535845E-01 a       763     0    48     1    11
 -2.7379541307694422E-02 a       764     0    48     1    12
 -2.9717582400134384E+00 a       765     0    48     1    13
 -3.1359710371181092E-02 a       766     0    48     1    14
 -2.0318982341355185E+00 a       767     0    48     1    15
 -1.1329562055507019E+00 a       768     0    48     1    16
  5.2750467133057888E-01 a       769     0    49     1     1
  6.1753974300907133E-01 a       770     0    49     1     2
  8.0094187924016777E-02 a       771     0    49     1     3
  1.7179389043565516E-01 a       772     0    49     1     4
 -9.4984943852472470E-01 a       773     0    49     1     5
  5.9140699279765463E-01 a       774     0    49     1     6
  1.8565452710126881E-01 a       775     0    49     1     7
  5.6007489873198757E-01 a       776     0    49     1     8
  3.4333606907777853E-01 a       777     0    49     1     9
 -2.7741095283266731E-01 a       778     0    49     1    10
 -3.3828604891011055E-02 a       779     0    49     1    11
 -1.9937928536820268E-01 a       780     0    49     1    12
  2.5449954339678282E-01 a       781     0    49     1    13
  2.6833713274760101E-01 a       782     0    49     1    14
  3.9222129769411057E-02 a       783     0    49     1    15
 -1.0293836105523474E-01 a       784     0    49     1    16
  3.9416311224140077E-02 a       785     0    50     1     1
  1.3723671827045039E-01 a       786     0    50     1     2
  1.3258649053818591E-01 a       787     0    50     1     3
  5.0333845267013599E-01 a       788     0    50     1     4
 -4.6324800854775933E-01 a       789     0    50     1     5
  3.5533352533590912E-01 a       790     0    50     1     6
 -1.7909325919785476E-01 a       791     0    50     1     7
  1.5236593843870880E-01 a       792     0    50     1     8
  1.2477012986802749E-01 a       793     0    50     1     9
 -3.1627878604509577E-03 a       794     0    50     1    10
  8.2701705564721728E-02 a       795     0    50     1    11
  3.7159000850525835E-02 a       796     0    50     1    12
 -2.9934923257839624E-01 a       797     0    50     1    13
  1.2478349593531066E-01 a       798     0    50     1    14
  4.0011145539758131E-01 a       799     0    50     1    15
 -1.4448386007006264E-01 a       800     0    50     1    16
  8.6328059973574067E-02 a       801     0    51     1     1
 -4.0736274875382106E-01 a       802     0    51     1     2
 -3.7236571814397296E-01 a       803     0    51     1     3
  1.3636472839871234E-02 a       804     0    51     1     4
 -2.7672289712244519E-01 a       805     0    51     1     5
 -1.6948451791952074E-01 a       806     0    51     1     6
  4.8524511358659722E-01 a       807     0    51     1     7
  4.2072379448788400E-01 a       808     0    51     1     8
  1.7848637073470894E-01 a       809     0    51     1     9
  1.1017984923816562E-01 a       810     0    51     1    10
  1.1923503679373580E-01 a       811     0    51     1    11
 -5.6421301805039481E-01 a       812     0    51     1    12
  2.5520054664165770E-01 a       813     0    51     1    13
 -3.7274181392334815E-01 a       814     0    51     1    14
  3.3892487737706040E-01 a       815     0    51     1    15
  6.1505636303493039E-01 a       816     0    51     1    16
  4.0936524129279972E-01 a       817     0    52     1     1
 -9.7566943173578480E-01 a       818     0    52     1     2
  6.2400290466813857E-01 a       819     0    52     1     3
  3.6985495617636205E-01 a       820     0    52     1     4
  4.1277909228095794E-01 a       821     0    52     1     5
 -5.4068787287921316E-01 a       822     0    52     1     6
 -1.7473902489423368E-01 a       823     0    52     1     7
  4.8601364504805322E-01 a       824     0    52     1     8
 -7.2471399170830353E-01 a       825     0    52     1     9
 -2.0704609021289000E-01 a       826     0    52     1    10
 -3.7651165070091176E-02 a       827     0    52     1    11
  1.4038835098965638E-01 a       828     0    52     1    12
  1.5701926408481230E+00 a       829     0    52     1    13
 -7.4213723784648200E-01 a       830     0    52     1    14
  7.6108189666947412E-01 a       831     0    52     1    15
  5.8021550480573658E-01 a       832     0    52     1    16
  4.6537089629659950E-01 a       833     0    53     1     1
  2.6139632477316294E-01 a       834     0    53     1     2
  3.0225026357313572E-01 a       835     0    53     1     3
  2.0690179509834869E-01 a       836     0    53     1     4
 -1.1617617126556003E-01 a       837     0    53     1     5
  3.8180909871954544E-01 a       838     0    53     1     6
 -5.8952707209034743E-03 a       839     0    53     1     7
  4.9201097669278715E-01 a       840     0    53     1     8
 -3.7418330803134131E-01 a       841     0    53     1     9
  4.6425604099913836E-02 a       842     0    53     1    10
 -4.9474221790910483E-01 a       843     0    53     1    11
 -9.9318772108321796E-01 a       844     0    53     1    12
  1.3275537135147242E-01 a       845     0    53     1    13
  3.3817110495000829E-01 a       846     0    53     1    14
 -9.6206199924700408E-01 a       847     0    53     1    15
 -1.0190344016114834E+00 a       848     0    53     1    16
 -6.9421708202171017E-01 a       849     0    54     1     1
 -1.9860935775366018E-01 a       850     0    54     1     2
 -4.9720031585134489E-01 a       851     0    54     1     3
  3.0616233049890312E-01 a       852     0    54     1     4
 -2.0252772168383887E-01 a       853     0    54     1     5
 -4.4501924711225022E-02 a       854     0    54     1     6
 -3.0773383908609131E-01 a       855     0    54     1     7
 -7.0930496718436076E-01 a       856     0    54     1     8
  1.0973097778272901E-01 a       857     0    54     1     9
  1.4711739325488931E+00 a       858     0    54     1    10
 -4.6603675610574224E-01 a       859     0    54     1    11
 -4.2666854969218397E-02 a       860     0    54     1    12
  4.4386111066746420E-01 a       861     0    54     1    13
 -7.8085000746961189E-02 a       862     0    54     1    14
  7.1192084851899884E-01 a       863     0    54     1    15
 -6.4085780493524946E-01 a       864     0    54     1    16
  1.2857135869845295E+00 a       865     0    55     1     1
  6.7432494734684667E-01 a       866     0    55     1     2
  3.4077918671305324E-01 a       867     0    55     1     3
 -4.2442567043012785E-01 a       868     0    55     1     4
 -1.2549037046053198E-02 a       869     0    55     1     5
  4.7881955226886769E-01 a       870     0    55     1     6
  2.1487131929032438E-01 a       871     0    55     1     7
 -2.6375279943667379E-01 a       872     0    55     1     8
  2.2636267714793398E-01 a       873     0    55     1     9
  2.4712249629454935E-01 a       874     0    55     1    10
  7.8151875443796159E-01 a       875     0    55     1    11
  7.0262020185334384E-01 a       876     0    55     1    12
  1.6311059755798096E-01 a       877     0    55     1    13
 -3.2539507851302746E-02 a       878     0    55     1    14
 -4.7340830155656488E-02 a       879     0    55     1    15
  1.4603408931046542E+00 a       880     0    55     1    16
 -8.5973738538194655E-01 a       881     0    56     1     1
 -7.3160979104516954E-01 a       882     0    56     1     2
  1.2353597487317772E-03 a       883     0    56     1     3
 -1.2985456840323972E+00 a       884     0    56     1     4
 -4.2122671869524664E-01 a       885     0    56     1     5
 -8.5637144842718782E-01 a       886     0    56     1     6
 -1.4115403249258368E-01 a       887     0    56     1     7
 -1.2997632837534268E-01 a       888     0    56     1     8
  4.9518441391623469E-01 a       889     0    56     1     9
 -7.5285162777689568E-02 a       890     0    56     1    10
 -1.6042424799979902E+00 a       891     0    56     1    11
  5.9974514708270299E-01 a       892     0    56     1    12
 -3.0592679140421519E-01 a       893     0    56     1    13
  9.9482847709853162E-01 a       894     0    56     1    14
 -8.3797079973067268E-01 a       895     0    56     1    15
  8.7724496405720431E-01 a       896     0    56     1    16
 -1.0184716517105166E+00 a       897     0    57     1     1
  3.5608130850571207E-01 a       898     0    57     1     2
 -9.0372637414013052E-02 a       899     0    57     1     3
  3.6554296016598070E-01 a       900     0    57     1     4
  9.5328646804858130E-01 a       901     0    57     1     5
 -7.1941206555112280E-01 a       902     0    57     1     6
 -4.8871400955978406E-01 a       903     0    57     1     7
 -1.3005556566777408E+00 a       904     0    57     1     8
 -2.2884170857774447E-01 a       905     0    57     1     9
  2.9994755267981210E-01 a       906     0    57     1    10
  5.9125187154830083E-01 a       907     0    57     1    11
  2.8772497166748612E-01 a       908     0    57     1    12
 -7.1899074200425439E-01 a       909     0    57     1    13
 -1.7095481150081340E-01 a       910     0    57     1    14
 -4.1753971475691959E-01 a       911     0    57     1    15
  4.6083177988179291E-02 a       912     0    57     1    16
 -2.4396643728504863E-01 a       913     0    58     1     1
 -1.9484691412334532E-01 a       914     0    58     1     2
 -6.8993613884250027E-01 a       915     0    58     1     3
 -6.5069957071429807E-01 a       916     0    58     1     4
  1.3611190649976332E+00 a       917     0    58     1     5
 -1.0135174746198410E+00 a       918     0    58     1     6
  2.6721939592009125E-01 a       919     0    58     1     7
 -5.6648047851394656E-01 a       920     0    58     1     8
 -8.9294670840989843E-01 a       921     0    58     1     9
  2.0927627499628232E-01 a       922     0    58     1    10
 -3.1357569412599129E-01 a       923     0    58     1    11
  6.1813621100519545E-01 a       924     0    58     1    12
  2.0643975296151665E-01 a       925     0    58     1    13
 -6.8126284523982547E-02 a       926     0    58     1    14
 -1.8192448763149660E-01 a       927     0    58     1    15
  1.4502445883546713E-01 a       928     0    58     1    16
  1.1525244168456816E-01 a       929     0    59     1     1
  1.8478700007057861E-01 a       930     0    59     1     2
  5.1502465710235885E-03 a       931     0    59     1     3
 -5.4899103552629003E-01 a       932     0    59     1     4
  7.9418407283141723E-01 a       933     0    59     1     5
 -2.6874817270945212E-01 a       934     0    59     1     6
  1.5623061560693013E-01 a       935     0    59     1     7
 -1.3597821949008426E-01 a       936     0    59     1     8
  6.3888342868302250E-01 a       937     0    59     1     9
 -2.8457783389253216E-01 a       938     0    59     1    10
 -3.5785872056096213E-01 a       939     0    59     1    11
 -7.5650127790856336E-02 a       940     0    59     1    12
  6.3335881291860818E-01 a       941     0    59     1    13
  9.0687524223101601E-01 a       942     0    59     1    14
  2.1094854790479478E-01 a       943     0    59     1    15
 -3.0500362811031434E-01 a       944     0    59     1    16
  6.2765221259893811E-01 a       945     0    60     1     1
  5.5668843742706320E-01 a       946     0    60     1     2
 -1.8530552049347604E-01 a       947     0    60     1     3
 -3.1107801889685160E-02 a       948     0    60     1     4
 -6.2300379722993471E-01 a       949     0    60     1     5
 -7.1371339466859485E-01 a       950     0    60     1     6
 -2.8082344906012086E-01 a       951     0    60     1     7
  3.2155971421421625E-01 a       952     0    60     1     8
  1.2145392675445361E+00 a       953     0    60     1     9
  2.7848022652827875E-01 a       954     0    60     1    10
  1.2676980930866624E-01 a       955     0    60     1    11
  1.0907065731408820E+00 a       956     0    60     1    12
  3.1491619346124095E-01 a       957     0    60     1    13
 -3.2612728666330687E-01 a       958     0    60     1    14
  4.0463463403987115E-01 a       959     0    60     1    15
 -3.4522915120056907E-01 a       960     0    60     1    16
 -2.1475097248428346E-02 a       961     0    61     1     1
  1.5891646771297396E-01 a       962     0    61     1     2
 -8.4068426131923546E-01 a       963     0    61     1     3
 -2.2301168375460328E-01 a       964     0    61     1     4
 -2.3220630443004715E-02 a       965     0    61     1     5
 -6.3283669455868741E-01 a       966     0    61     1     6
 -6.4589541742314613E-02 a       967     0    61     1     7
 -3.5568644971461183E-01 a       968     0    61     1     8
 -3.9160434914879738E-01 a       969     0    61     1     9
 -7.1434522515101950E-01 a       970     0    61     1    10
  2.4409887889499476E-01 a       971     0    61     1    11
 -8.3352992668918574E-02 a       972     0    61     1    12
  4.5530146184128112E-01 a       973     0    61     1    13
 -7.5355361336916907E-02 a       974     0    61     1    14
  1.6491771619337806E-01 a       975     0    61     1    15
 -3.9373873578183644E-01 a       976     0    61     1    16
  2.0082457892171766E+00 a       977     0    62     1     1
 -6.6907181356923612E-02 a       978     0    62     1     2
  1.0954580082742198E+00 a       979     0    62     1     3
 -9.8897389452840892E-02 a       980     0    62     1     4
 -4.5025628917688693E-01 a       981     0    62     1     5
 -5.9679724731722195E-01 a       982     0    62     1     6
  1.1163944752371258E+00 a       983     0    62     1     7
  7.7407595288424336E-01 a       984     0    62     1     8
 -1.2884029582627904E-01 a       985     0    62     1     9
 -1.5384778318112249E+00 a       986     0    62     1    10
  3.3944730000057793E-01 a       987     0    62     1    11
  1.0554050294082465E-01 a       988     0    62     1    12
  1.3333424495353641E-01 a       989     0    62     1    13
  3.7969274663082142E-01 a       990     0    62     1    14
 -4.8427957995139748E-01 a       991     0    62     1    15
  4.0077462451424850E-01 a       992     0    62     1    16
  4.0603777891441917E-01 a       993     0    63     1     1
 -4.0754195979460622E-01 a       994     0    63     1     2
  4.4833286489736740E-01 a       995     0    63     1     3
 -3.4367198864555293E-01 a       996     0    63     1     4
 -1.6229963731921423E-01 a       997     0    63     1     5
  4.8456462169057510E-02 a       998     0    63     1     6
  1.1068233223747779E+00 a       999     0    63     1     7
 -8.6249651110457015E-01 a      1000     0    63     1     8
 -5.7458323053262250E-01 a      1001     0    63     1     9
  5.5828160187557041E-01 a      1002     0    63     1    10
  7.7067028895010625E-01 a      1003     0    63     1    11
 -7.3906591327943982E-01 a      1004     0    63     1    12
  1.2010765882644034E+00 a      1005     0    63     1    13
 -7.3476640600792587E-01 a      1006     0    63     1    14
 -2.4119464566856756E-02 a      1007     0    63     1    15
  6.8786463002377740E-01 a      1008     0    63     1    16
 -1.4049207144994147E-01 a      1009     0    64     1     1
 -1.0206875290908342E+00 a      1010     0    64     1     2
  1.7589339670847320E-01 a      1011     0    64     1     3
  4.4785593007382823E-01 a      1012     0    64     1     4
  6.3919600385232955E-01 a      1013     0    64     1     5
  9.3645698277798010E-03 a      1014     0    64     1     6
  3.6013766818940063E-01 a      1015     0    64     1     7
  1.7646328544138462E-01 a      1016     0    64     1     8
 -9.4408818300467845E-01 a      1017     0    64     1     9
  3.0212367763850334E-02 a      1018     0    64     1    10
 -4.7828463666457105E-01 a      1019     0    64     1    11
  4.1269713497787763E-01 a      1020     0    64     1    12
  4.5615705654390472E-03 a      1021     0    64     1    13
  4.6872990640475126E-01 a      1022     0    64     1    14
 -6.9191911045698151E-01 a      1023     0    64     1    15
 -7.4496993317195914E-01 a      1024     0    64     1    16
 -8.8920348296407693E-03 b      1025     1     1
 -2.5393486763994551E-02 b      1026     1     2
  2.0132250873565440E-02 b      1027     1     3
  1.1185395663034826E-01 b      1028     1     4
  3.1494971430288905E-02 b      1029     1     5
 -1.0637772678264990E-01 b      1030     1     6
  2.0094968914120548E-02 b      1031     1     7
 -2.8386390341149797E-02 b      1032     1     8
 -4.2804373912335679E-02 b      1033     1     9
 -2.5215743535054829E-02 b      1034     1    10
 -2.4547286837125877E-02 b      1035     1    11
  8.1434337231792899E-05 b      1036     1    12
  1.3357300391957269E-01 b      1037     1    13
  3.2743054578200023E-02 b      1038     1    14
 -3.7811948757649871E-04 b      1039     1    15
  1.6585303803516145E-02 b      1040     1    16
  1.2400021446121443E-01 a      1041     1     1     2     1
  8.7555231309797282E-02 a      1042     1     1     2     2
  2.8194617147608475E-01 a      1043     1     1     2     3
 -3.1400256390366688E-01 a      1044     1     1     2     4
 -5.5515400289657535E-01 a      1045     1     1     2     5
 -4.1490236206603637E-02 a      1046     1     1     2     6
  5.2039249000803611E-01 a      1047     1     1     2     7
  7.9377613724046989E-02 a      1048     1     1     2     8
 -3.0267978953991947E-01 a      1049     1     1     2     9
  5.7491387307056996E-01 a      1050     1     1     2    10
 -1.3197041311156363E-01 a      1051     1     1     2    11
 -5.2644944548055683E-01 a      1052     1     1     2    12
 -1.0539953181741822E-02 a      1053     1     1     2    13
 -4.9194061068527178E-01 a      1054     1     1     2    14
  7.8340715359202129E-01 a      1055     1     1     2    15
 -1.6950180838747717E-01 a      1056     1     1     2    16
 -4.1116929229178600E-01 a      1057     1     2     2     1
 -1.4735127514913357E-01 a      1058     1     2     2     2
  3.8720384348662812E-01 a      1059     1     2     2     3
  4.9837213898239120E-02 a      1060     1     2     2     4
 -1.7392314802469339E-01 a      1061     1     2     2     5
 -4.8152263918079266E-02 a      1062     1     2     2     6
  1.5162597205274717E-02 a      1063     1     2     2     7
  1.8814615754316766E-01 a      1064     1     2     2     8
  4.4321108950273408E-01 a      1065     1     2     2     9
 -1.5263598567360008E-02 a      1066     1     2     2    10
  1.1629868026905940E-01 a      1067     1     2     2    11
 -1.1919358624196118E-01 a      1068     1     2     2    12
 -1.3405459061457414E-01 a      1069     1     2     2    13
  1.0331447134521582E-01 a      1070     1     2     2    14
 -1.9535564327489399E-02 a      1071     1     2     2    15
 -1.9723195948998942E-01 a      1072     1     2     2    16
 -3.8448931972095937E-02 a      1073     1     3     2     1
  2.6447667289614309E-02 a      1074     1     3     2     2
  9.9718540107910703E-02 a      1075     1     3     2     3
 -2.0330917365560880E-01 a      1076     1     3     2     4
 -2.1833856536728866E-01 a      1077     1     3     2     5
 -4.2912502660513469E-02 a      1078     1     3     2     6
 -2.4347623988958172E-01 a      1079     1     3     2     7
 -1.8772120269179668E-01 a      1080     1     3     2     8
 -1.2859599973796207E-01 a      1081     1     3     2     9
 -2.2915180143290315E-01 a      1082     1     3     2    10
  7.8158438735441149E-03 a      1083     1     3     2    11
 -3.7500415824521927E-01 a      1084     1     3     2    12
  6.0203766613038563E-03 a      1085     1     3     2    13
 -1.7609693605970553E-01 a      1086     1     3     2    14
 -3.4546028776889070E-03 a      1087     1     3     2    15
  4.5206983081111285E-01 a      1088     1     3     2    16
 -2.8204687003705675E-01 a      1089     1     4     2     1
  3.1990342166573454E-01 a      1090     1     4     2     2
  4.7111098798537038E-01 a      1091     1     4     2     3
 -1.1132663546625322E-01 a      1092     1     4     2     4
  3.1691926932915393E-01 a      1093     1     4     2     5
  1.2523737054898529E-01 a      1094     1     4     2     6
 -4.1902843058912030E-02 a      1095     1     4     2     7
  1.4342977552391789E-01 a      1096     1     4     2     8
 -3.1739039570913744E-02 a      1097     1     4     2     9
 -1.5942245039859798E-01 a      1098     1     4     2    10
  1.5893945361357043E-01 a      1099     1     4     2    11
 -2.0059882244117583E-01 a      1100     1     4     2    12
  6.7283128275287110E-02 a      1101     1     4     2    13
 -2.5079989004529774E-01 a      1102     1     4     2    14
  3.8505347505159354E-01 a      1103     1     4     2    15
  1.6818875862562269E-01 a      1104     1     4     2    16
  7.0292133212467370E-02 a      1105     1     5     2     1
  3.8758471534640328E-02 a      1106     1     5     2     2
 -2.4012959390283345E-01 a      1107     1     5     2     3
 -5.0173640500920591E-01 a      1108     1     5     2     4
  6.5089968108031790E-02 a      1109     1     5     2     5
 -1.0383658302887530E-01 a      1110     1     5     2     6
 -2.8417326995240927E-01 a      1111     1     5     2     7
 -7.5890953390836680E-02 a      1112     1     5     2     8
  2.7214503925784050E-01 a      1113     1     5     2     9
  1.8633094229711181E-01 a      1114     1     5     2    10
  2.8228632291929914E-02 a      1115     1     5     2    11
 -4.7496133728790135E-01 a      1116     1     5     2    12
  2.6251795055042343E-01 a      1117     1     5     2    13
 -1.0794261223875591E-01 a      1118     1     5     2    14
  4.9173938712819193E-02 a      1119     1     5     2    15
 -4.3959279494326603E-01 a      1120     1     5     2    16
 -7.6926565839997366E-03 a      1121     1     6     2     1
 -8.7145328994751770E-01 a      1122     1     6     2     2
  1.4887052325323824E-01 a      1123     1     6     2     3
 -5.5163296318062353E-03 a      1124     1     6     2     4
 -2.8730748403870959E-01 a      1125     1     6     2     5
 -1.2885807933799967E-01 a      1126     1     6     2     6
 -1.9867227268476145E-02 a      1127     1     6     2     7
  1.0543022889562953E-01 a      1128     1     6     2     8
 -4.5278635177709514E-01 a      1129     1     6     2     9
  5.2711650371305130E-01 a      1130     1     6     2    10
 -6.2380749491613194E-02 a      1131     1     6     2    11
  2.0517131107499029E-01 a      1132     1     6     2    12
 -1.2238961330845022E-01 a      1133     1     6     2    13
 -3.6466199787889120E-01 a      1134     1     6     2    14
 -1.8755978812172344E-01 a      1135     1     6     2    15
  4.9528194989760138E-01 a      1136     1     6     2    16
  2.8478257959187531E-01 a      1137     1     7     2     1
 -1.2979593378455612E-01 a      1138     1     7     2     2
 -3.2654726873982076E-01 a      1139     1     7     2     3
 -1.0584921960066610E-02 a      1140     1     7     2     4
  3.9360957556329929E-01 a      1141     1     7     2     5
  2.0607598800145663E-01 a      1142     1     7     2     6
 -2.2683675936450656E-01 a      1143     1     7     2     7
 -1.9187612773714158E-01 a      1144     1     7     2     8
 -9.0571422135438495E-01 a      1145     1     7     2     9
  9.8144705036906352E-02 a      1146     1     7     2    10
 -2.5066274676747696E-01 a      1147     1     7     2    11
  3.0980494185698693E-01 a      1148     1     7     2    12
 -2.1034902735866903E-01 a      1149     1     7     2    13
 -3.4962160911271711E-01 a      1150     1     7     2    14
  5.5010876045284995E-01 a      1151     1     7     2    15
  1.6567134439802172E-01 a      1152     1     7     2    16
  8.8246608292209039E-01 a      1153     1     8     2     1
  8.2890151017270153E-01 a      1154     1     8     2     2
 -2.5526197520192645E-01 a      1155     1     8     2     3
 -4.9863907647346367E-01 a      1156     1     8     2     4
  1.7496266655185982E-01 a      1157     1     8     2     5
 -8.7714378849984773E-02 a      1158     1     8     2     6
 -8.7999712436452632E-02 a      1159     1     8     2     7
 -3.6860377200036398E-01 a      1160     1     8     2     8
 -8.6645755005376343E-02 a      1161     1     8     2     9
 -2.8463554143358005E-01 a      1162     1     8     2    10
 -5.9305714747366267E-01 a      1163     1     8     2    11
  9.4115613054912894E-02 a      1164     1     8     2    12
  5.7578518322488537E-01 a      1165     1     8     2    13
  4.8459743603783706E-01 a      1166     1     8     2    14
 -2.9467448253616818E-01 a      1167     1     8     2    15
 -8.7653402657637380E-01 a      1168     1     8     2    16
  3.3231777675791802E-01 a      1169     1     9     2     1
  3.3830572902690442E-01 a      1170     1     9     2     2
 -1.4413159424131511E-01 a      1171     1     9     2     3
  2.8401375816578048E-02 a      1172     1     9     2     4
  2.7047667504148668E-02 a      1173     1     9     2     5
 -2.0182980345950804E-01 a      1174     1     9     2     6
 -6.4011205340555294E-02 a      1175     1     9     2     7
 -5.2519648053093074E-02 a      1176     1     9     2     8
  4.4085265527436096E-01 a      1177     1     9     2     9
 -6.7806674155611002E-01 a      1178     1     9     2    10
  1.5961642019414110E-01 a      1179     1     9     2    11
 -2.1516168147648343E-01 a      1180     1     9     2    12
  1.9580910684349218E-01 a      1181     1     9     2    13
  3.2421930432586110E-01 a      1182     1     9     2    14
  4.4639083907606808E-01 a      1183     1     9     2    15
 -1.5404325399899257E-01 a      1184     1     9     2    16
  9.2463563424759199E-02 a      1185     1    10     2     1
 -3.2024143143235445E-01 a      1186     1    10     2     2
 -9.5713177168079921E-02 a      1187     1    10     2     3
 -3.3522757969133003E-02 a      1188     1    10     2     4
  1.2842702528324701E-01 a      1189     1    10     2     5
 -3.1939265494789087E-01 a      1190     1    10     2     6
 -3.6283610071902778E-01 a      1191     1    10     2     7
 -2.6429268509977738E-01 a      1192     1    10     2     8
  6.4865889547372352E-02 a      1193     1    10     2     9
  7.1620735449645048E-02 a      1194     1    10     2    10
  5.1876857229294793E-01 a      1195     1    10     2    11
  5.5302174390692149E-01 a      1196     1    10     2    12
  1.3769927317927763E-01 a      1197     1    10     2    13
  2.6979846349969538E-01 a      1198     1    10     2    14
  2.4497286055368467E-02 a      1199     1    10     2    15
 -3.3672206403723920E-01 a      1200     1    10     2    16
  1.0223099085060164E-01 a      1201     1    11     2     1
  1.5306690504870868E-01 a      1202     1    11     2     2
  1.1841897507043044E-01 a      1203     1    11     2     3
  2.1637679882173000E-01 a      1204     1    11     2     4
  2.2494538756150148E-01 a      1205     1    11     2     5
  4.7584686352644479E-01 a      1206     1    11     2     6
  1.0940185271461683E-01 a      1207     1    11     2     7
  3.2253092033142383E-01 a      1208     1    11     2     8
 -2.2607772797955611E-01 a      1209     1    11     2     9
  4.0105308659371042E-01 a      1210     1    11     2    10
 -2.6527278561433076E-01 a      1211     1    11     2    11
  2.7921726417687254E-01 a      1212     1    11     2    12
 -2.5108506904487793E-01 a      1213     1    11     2    13
 -9.1936858037576771E-02 a      1214     1    11     2    14
  6.7074283241484300E-01 a      1215     1    11     2    15
 -1.3467149187903696E-01 a      1216     1    11     2    16
  1.8889954007149037E-01 a      1217     1    12     2     1
  2.1542865847677437E-02 a      1218     1    12     2     2
  1.0261946611787122E-01 a      1219     1    12     2     3
 -2.2061606614982190E-01 a      1220     1    12     2     4
 -2.6485855336704800E-01 a      1221     1    12     2     5
 -1.7489978406909132E-01 a      1222     1    12     2     6
 -6.0190895620426632E-01 a      1223     1    12     2     7
 -6.0944118126228540E-02 a      1224     1    12     2     8
 -4.4996183552501673E-01 a      1225     1    12     2     9
  1.4455941869070565E-01 a      1226     1    12     2    10
 -1.0917814331977187E-01 a      1227     1    12     2    11
  9.8718750077746192E-02 a      1228     1    12     2    12
 -1.5852446194882883E-01 a      1229     1    12     2    13
  6.5281985802008766E-02 a      1230     1    12     2    14
 -2.8409604775559466E-01 a      1231     1    12     2    15
 -9.2812519544828787E-01 a      1232     1    12     2    16
  2.1257903419437191E-01 a      1233     1    13     2     1
 -1.2462245443865386E-01 a      1234     1    13     2     2
  1.7003577803248501E-01 a      1235     1    13     2     3
 -1.3806317832481307E-01 a      1236     1    13     2     4
  2.3943432288685110E-01 a      1237     1    13     2     5
 -3.3317722523356019E-01 a      1238     1    13     2     6
  2.8353689791347303E-01 a      1239     1    13     2     7
 -4.3592250171257611E-02 a      1240     1    13     2     8
  2.3861877586576377E-01 a      1241     1    13     2     9
 -1.5060564103475807E-01 a      1242     1    13     2    10
  5.6387905049431288E-02 a      1243     1    13     2    11
 -2.0315801097621144E-01 a      1244     1    13     2    12
 -2.9170019043211259E-01 a      1245     1    13     2    13
  1.1995897640123425E-01 a      1246     1    13     2    14
  9.8755887693281960E-02 a      1247     1    13     2    15
 -6.7463105526194467E-01 a      1248     1    13     2    16
  4.7608948573641863E-01 a      1249     1    14     2     1
 -2.5914198948186685E-02 a      1250     1    14     2     2
 -3.4331437365173917E-01 a      1251     1    14     2     3
  2.8215468022318102E-01 a      1252     1    14     2     4
  4.9989664474524831E-01 a      1253     1    14     2     5
  3.5168785315169027E-01 a      1254     1    14     2     6
  1.8426435658231204E-02 a      1255     1    14     2     7
  1.4443043100576972E-01 a      1256     1    14     2     8
 -4.3247090440140473E-01 a      1257     1    14     2     9
 -7.2245313372638481E-02 a      1258     1    14     2    10
 -5.5226352330286232E-01 a      1259     1    14     2    11
 -1.5057627086253986E-01 a      1260     1    14     2    12
  2.1004987779016319E-02 a      1261     1    14     2    13
 -2.0166995892920100E-01 a      1262     1    14     2    14
 -1.2343544400181199E+00 a      1263     1    14     2    15
 -7.4143355670228517E-01 a      1264     1    14     2    16
  2.1972900697840564E-01 a      1265     1    15     2     1
  2.6023582078496449E-01 a      1266     1    15     2     2
  5.3218314853401998E-02 a      1267     1    15     2     3
 -8.3375254089581199E-02 a      1268     1    15     2     4
 -1.4617939503940369E-01 a      1269     1    15     2     5
 -3.8507701585816917E-01 a      1270     1    15     2     6
  2.1097399787511680E-02 a      1271     1    15     2     7
 -4.3280387296172679E-01 a      1272     1    15     2     8
  1.1468679257195939E-02 a      1273     1    15     2     9
  2.4062750746857756E-01 a      1274     1    15     2    10
  8.6489902530729051E-02 a      1275     1    15     2    11
 -3.2870737949877621E-01 a      1276     1    15     2    12
  2.3533288489271298E-01 a      1277     1    15     2    13
 -6.3779823906373864E-02 a      1278     1    15     2    14
  3.0693349970807293E-01 a      1279     1    15     2    15
 -7.6605268224019737E-02 a      1280     1    15     2    16
  5.8855629616216121E-01 a      1281     1    16     2     1
 -4.3440491663571119E-02 a      1282     1    16     2     2
  1.4922613067272014E-01 a      1283     1    16     2     3
  5.4991388840459410E-01 a      1284     1    16     2     4
 -2.8127552202037359E-01 a      1285     1    16     2     5
 -6.2670396671549611E-01 a      1286     1    16     2     6
 -9.6020411987218043E-02 a      1287     1    16     2     7
  4.3198747205237259E-01 a      1288     1    16     2     8
 -4.1480593793355017E-02 a      1289     1    16     2     9
 -1.2459889135497669E-01 a      1290     1    16     2    10
 -1.8115201271053921E-01 a      1291     1    16     2    11
  1.4255846132641009E-01 a      1292     1    16     2    12
 -4.0627977138372795E-01 a      1293     1    16     2    13
 -2.8263765350809983E-01 a      1294     1    16     2    14
  2.0506252382869561E-01 a      1295     1    16     2    15
  4.2779172184794317E-01 a      1296     1    16     2    16
  4.0552484261500354E-03 b      1297     2     1
 -3.0101364411495773E-02 b      1298     2     2
 -3.0784530512617651E-02 b      1299     2     3
  1.9510403810644603E-02 b      1300     2     4
 -2.7665410067305374E-02 b      1301     2     5
 -2.3086668249462629E-02 b      1302     2     6
 -6.4012065795339981E-02 b      1303     2     7
 -1.0546383475329303E-02 b      1304     2     8
  7.4626165006926773E-02 b      1305     2     9
  2.2717351215086314E-02 b      1306     2    10
 -6.8311208063143725E-02 b      1307     2    11
 -1.8360511268387641E-02 b      1308     2    12
 -4.2258110292931091E-02 b      1309     2    13
  3.8791658908414246E-02 b      1310     2    14
 -1.4738257963925169E-01 b      1311     2    15
  7.4662492404923106E-02 b      1312     2    16
 -6.0222539915656481E-01 a      1313     2     1     3     1
  3.9954190171109555E-01 a      1314     2     2     3     1
 -5.2421386508903578E-01 a      1315     2     3     3     1
 -5.0654584384018719E-01 a      1316     2     4     3     1
 -6.9143891538943580E-01 a      1317     2     5     3     1
 -4.8319890758842676E-01 a      1318     2     6     3     1
  6.5347961243272479E-01 a      1319     2     7     3     1
  7.4945664477259344E-01 a      1320     2     8     3     1
 -1.5248783684792500E-01 a      1321     2     9     3     1
 -5.0925417393412342E-01 a      1322     2    10     3     1
  5.5559940149971665E-01 a      1323     2    11     3     1
  5.0890157282263004E-01 a      1324     2    12     3     1
 -3.1395001357176530E-02 a      1325     2    13     3     1
 -8.0633195814998915E-01 a      1326     2    14     3     1
 -4.0951921064477273E-02 a      1327     2    15     3     1
  9.4250596075058146E-02 a      1328     2    16     3     1
  4.7165056066902121E-03 b      1329     3     1
