################################################################################
# Neural network connection values (weights and biases).
################################################################################
# Col  Name       Description
################################################################################
# 1    connection Neural network connection value.
# 2    t          Connection type (a = weight, b = bias).
# 3    index      Index enumerating weights.
# 4    l_s        Starting point layer (end point layer for biases).
# 5    n_s        Starting point neuron in starting layer (end point neuron for biases).
# 6    l_e        End point layer.
# 7    n_e        End point neuron in end layer.
################################################################################
#                      1 2         3     4     5     6     7
#             connection t     index   l_s   n_s   l_e   n_e
############################################################
 -1.3180008037574480E+00 a         1     0     1     1     1
 -1.4329160158461542E+00 a         2     0     1     1     2
 -1.6177527686003121E-01 a         3     0     1     1     3
  5.4149030362953349E-02 a         4     0     1     1     4
 -3.1004427312366273E-01 a         5     0     1     1     5
 -1.5498986284962064E+00 a         6     0     1     1     6
 -1.1427235152052817E+00 a         7     0     1     1     7
  2.8615609344914121E+00 a         8     0     1     1     8
 -2.4833401839234126E+00 a         9     0     1     1     9
  1.9448303985092327E-01 a        10     0     1     1    10
  1.0657199906008772E+00 a        11     0     1     1    11
 -4.7961843115151692E-01 a        12     0     1     1    12
  8.5225090656127611E-01 a        13     0     1     1    13
 -1.6430398277812655E-01 a        14     0     1     1    14
 -2.2075504303869073E+00 a        15     0     1     1    15
  2.0830821914525832E+00 a        16     0     1     1    16
  1.2294277176030133E+00 a        17     0     2     1     1
  1.4759340967994972E+00 a        18     0     2     1     2
  1.9906052716839482E+00 a        19     0     2     1     3
 -2.4394851366549681E+00 a        20     0     2     1     4
 -3.0422038344996472E-01 a        21     0     2     1     5
 -2.1721331877634560E+00 a        22     0     2     1     6
  1.9059360813823745E+00 a        23     0     2     1     7
 -1.1814586392487467E-01 a        24     0     2     1     8
 -1.2433074968916833E+00 a        25     0     2     1     9
  1.6270275341570903E+00 a        26     0     2     1    10
  8.7913500574900127E-01 a        27     0     2     1    11
 -2.7112754129455258E-01 a        28     0     2     1    12
 -3.7172631782740712E-01 a        29     0     2     1    13
 -2.6368811794156188E-01 a        30     0     2     1    14
 -3.2460026122766461E-01 a        31     0     2     1    15
  4.6248258267113179E-01 a        32     0     2     1    16
 -1.2593987149787271E+00 a        33     0     3     1     1
 -8.8974933666614255E+00 a        34     0     3     1     2
  1.5701872448571418E+01 a        35     0     3     1     3
  5.4159823576786090E+00 a        36     0     3     1     4
 -7.9942632389881467E+00 a        37     0     3     1     5
 -1.2685056913999215E+00 a        38     0     3     1     6
 -1.5022101725453364E+01 a        39     0     3     1     7
  1.1941272214356768E+01 a        40     0     3     1     8
  3.2686231595374231E+00 a        41     0     3     1     9
 -8.5922254980140575E+00 a        42     0     3     1    10
  6.1566770891739910E+00 a        43     0     3     1    11
 -8.5007412993041367E+00 a        44     0     3     1    12
  1.7324239421796443E+00 a        45     0     3     1    13
 -3.8005700603374373E+00 a        46     0     3     1    14
  9.4338176785919767E+00 a        47     0     3     1    15
 -1.6752541646244981E+00 a        48     0     3     1    16
 -1.5409614237403189E+00 a        49     0     4     1     1
  1.3717965789697608E+01 a        50     0     4     1     2
 -2.9176651424662669E+01 a        51     0     4     1     3
 -1.1046993599027029E+01 a        52     0     4     1     4
  9.5844509916948439E+00 a        53     0     4     1     5
 -6.8393958227340885E+00 a        54     0     4     1     6
  2.5575576391955778E+01 a        55     0     4     1     7
 -2.1253450629237673E+01 a        56     0     4     1     8
  2.9755973662536777E+00 a        57     0     4     1     9
  1.4631524307895791E+01 a        58     0     4     1    10
 -1.0484391143274191E+01 a        59     0     4     1    11
  1.4880819875264002E+01 a        60     0     4     1    12
 -5.1439762971414789E+00 a        61     0     4     1    13
  1.7167181520587191E+00 a        62     0     4     1    14
 -1.3219022399483586E+01 a        63     0     4     1    15
  3.0396192338249733E-01 a        64     0     4     1    16
  7.9904749629857763E-01 a        65     0     5     1     1
  1.2986687401596182E+00 a        66     0     5     1     2
 -6.6091065013048206E-02 a        67     0     5     1     3
  4.5764089602853864E-01 a        68     0     5     1     4
 -8.4473256911522673E-02 a        69     0     5     1     5
  1.3242578427862084E+00 a        70     0     5     1     6
  9.7270883191897539E-01 a        71     0     5     1     7
 -1.1308408318854732E+00 a        72     0     5     1     8
  1.3688010448271051E+00 a        73     0     5     1     9
 -9.4256487588456356E-03 a        74     0     5     1    10
 -4.0686108183658437E-01 a        75     0     5     1    11
 -2.8289612545151444E-01 a        76     0     5     1    12
 -7.8580977091628945E-01 a        77     0     5     1    13
  2.1153146444526602E-01 a        78     0     5     1    14
  5.4262085748226607E-01 a        79     0     5     1    15
 -1.1888712968946324E+00 a        80     0     5     1    16
 -1.7634713297027899E-01 a        81     0     6     1     1
 -8.5957294508658036E-02 a        82     0     6     1     2
 -2.9784386467286433E-01 a        83     0     6     1     3
  5.8646175625120400E-01 a        84     0     6     1     4
 -2.7758183574282963E-01 a        85     0     6     1     5
 -1.2236031000740855E-01 a        86     0     6     1     6
 -2.6725355697625908E-01 a        87     0     6     1     7
 -4.1698169152387465E-01 a        88     0     6     1     8
  1.7533366852955695E-01 a        89     0     6     1     9
  2.9618950079843098E-01 a        90     0     6     1    10
  2.6318360632481556E-02 a        91     0     6     1    11
 -2.3862943799909989E-01 a        92     0     6     1    12
 -9.4053361381949002E-02 a        93     0     6     1    13
  2.4514029409100058E-01 a        94     0     6     1    14
  4.3148671460052268E-01 a        95     0     6     1    15
  5.3831116620880137E-01 a        96     0     6     1    16
  1.5051530994894746E+00 a        97     0     7     1     1
 -5.3683189484316554E+00 a        98     0     7     1     2
  2.5208127649110939E+01 a        99     0     7     1     3
  7.5133826136522659E+00 a       100     0     7     1     4
 -7.1670504808240194E+00 a       101     0     7     1     5
  1.2054866447908482E+01 a       102     0     7     1     6
 -1.8571066384397120E+01 a       103     0     7     1     7
  1.5610248992436052E+01 a       104     0     7     1     8
 -6.8241885585779709E+00 a       105     0     7     1     9
 -9.0421554794895176E+00 a       106     0     7     1    10
  1.0376191633525606E+01 a       107     0     7     1    11
 -1.2227314071316886E+01 a       108     0     7     1    12
  6.5512253368805009E+00 a       109     0     7     1    13
  2.1881044701021204E+00 a       110     0     7     1    14
  3.9019346092118457E+00 a       111     0     7     1    15
  1.7284194882409403E+00 a       112     0     7     1    16
 -3.2562714442899265E-01 a       113     0     8     1     1
  6.8493019971575453E-01 a       114     0     8     1     2
 -1.1533028411181615E+01 a       115     0     8     1     3
 -2.7915824946579493E+00 a       116     0     8     1     4
  3.9559224537955262E+00 a       117     0     8     1     5
 -5.9063845379168578E+00 a       118     0     8     1     6
  7.0067283032867449E+00 a       119     0     8     1     7
 -6.5267053177464422E+00 a       120     0     8     1     8
  3.2311576980280297E+00 a       121     0     8     1     9
  3.5532458997227492E+00 a       122     0     8     1    10
 -5.1974112462605930E+00 a       123     0     8     1    11
  5.1846828611057507E+00 a       124     0     8     1    12
 -4.1165945059671882E+00 a       125     0     8     1    13
 -1.6941387248112698E+00 a       126     0     8     1    14
  3.1945621576043187E-01 a       127     0     8     1    15
 -1.7260709991154521E+00 a       128     0     8     1    16
  7.4930678176917427E+00 a       129     0     9     1     1
 -3.3648030331444483E+00 a       130     0     9     1     2
  5.7516584494489971E+00 a       131     0     9     1     3
 -7.3321694070833443E+00 a       132     0     9     1     4
 -4.0030089151391310E+00 a       133     0     9     1     5
  2.1132499184487257E+00 a       134     0     9     1     6
  3.0166758200745609E+00 a       135     0     9     1     7
 -4.5463162854692971E+00 a       136     0     9     1     8
 -8.3211175036439422E-01 a       137     0     9     1     9
  4.9720011507417611E-01 a       138     0     9     1    10
  5.3762211094017598E+00 a       139     0     9     1    11
 -1.2980442291027230E+00 a       140     0     9     1    12
  6.0241509226941821E+00 a       141     0     9     1    13
 -2.3998657263911300E+00 a       142     0     9     1    14
  1.7939051755596683E+01 a       143     0     9     1    15
 -6.1324426900583688E+00 a       144     0     9     1    16
 -4.9253434542423602E-01 a       145     0    10     1     1
  1.2893403948767392E+00 a       146     0    10     1     2
  1.5860485355889540E+00 a       147     0    10     1     3
  4.7605207881940501E+00 a       148     0    10     1     4
 -6.9688408981081391E+00 a       149     0    10     1     5
  2.4414409102666728E+00 a       150     0    10     1     6
 -3.0164270450874584E+00 a       151     0    10     1     7
  2.7237998920205797E+00 a       152     0    10     1     8
 -4.3730704233041591E+00 a       153     0    10     1     9
 -1.1352857653648349E+00 a       154     0    10     1    10
  2.1433751580206168E+00 a       155     0    10     1    11
 -1.4557978752234741E+00 a       156     0    10     1    12
 -1.0998315277947024E+00 a       157     0    10     1    13
  7.3409538960561582E-01 a       158     0    10     1    14
  1.6352489999407849E+00 a       159     0    10     1    15
 -1.1940183056298770E+00 a       160     0    10     1    16
  1.3695144639596437E+01 a       161     0    11     1     1
  6.2228153937693520E+00 a       162     0    11     1     2
  4.6217338960812437E+00 a       163     0    11     1     3
  5.0900337154536031E+00 a       164     0    11     1     4
  9.2089216502438571E+00 a       165     0    11     1     5
  9.7892798679833337E+00 a       166     0    11     1     6
 -2.7167158427734175E+00 a       167     0    11     1     7
  6.6198843749327150E+00 a       168     0    11     1     8
 -1.5556956908790147E+01 a       169     0    11     1     9
 -3.1939794677698958E+00 a       170     0    11     1    10
  4.6825349616940697E+00 a       171     0    11     1    11
 -2.1438152697747843E+00 a       172     0    11     1    12
 -1.2019369367720574E+00 a       173     0    11     1    13
  7.8059094345878481E+00 a       174     0    11     1    14
  9.2191554149105990E+00 a       175     0    11     1    15
  5.9626081295224465E+00 a       176     0    11     1    16
  5.9840573089351967E-01 a       177     0    12     1     1
 -1.0657797016378607E+01 a       178     0    12     1     2
  1.3348531076814723E+01 a       179     0    12     1     3
 -4.0290355677758214E+00 a       180     0    12     1     4
 -7.3362515428029651E+00 a       181     0    12     1     5
  8.5774350867137432E+00 a       182     0    12     1     6
  3.1010309253036961E+00 a       183     0    12     1     7
 -1.5946381873369360E+01 a       184     0    12     1     8
  5.9368380804295624E+00 a       185     0    12     1     9
  8.4570815649414968E+00 a       186     0    12     1    10
  2.6127422020248681E-01 a       187     0    12     1    11
 -5.8695982701840990E+00 a       188     0    12     1    12
  1.2570751963650705E+01 a       189     0    12     1    13
  2.1236438852100605E+01 a       190     0    12     1    14
  1.4161646559809183E+01 a       191     0    12     1    15
  2.2924172499273812E+01 a       192     0    12     1    16
  1.7350577734703456E+00 a       193     0    13     1     1
  2.7598767558404846E+00 a       194     0    13     1     2
  2.3279066035571403E+00 a       195     0    13     1     3
 -2.4499050683268004E+00 a       196     0    13     1     4
 -1.6492773135968866E+00 a       197     0    13     1     5
 -4.6964085358903258E+00 a       198     0    13     1     6
  4.3130357889555180E+00 a       199     0    13     1     7
 -5.9777560283880360E-01 a       200     0    13     1     8
 -1.0301741770424002E+00 a       201     0    13     1     9
  5.0287211154036904E-01 a       202     0    13     1    10
  2.9259910900083490E+00 a       203     0    13     1    11
 -4.4107973230382846E+00 a       204     0    13     1    12
  1.7381323395276320E+00 a       205     0    13     1    13
 -1.3517436525539051E+00 a       206     0    13     1    14
 -2.6329057994150284E+00 a       207     0    13     1    15
 -1.8394968040046042E+00 a       208     0    13     1    16
  1.5639660106232681E+01 a       209     0    14     1     1
  1.1911261052405083E+01 a       210     0    14     1     2
  3.7627966427544777E+01 a       211     0    14     1     3
 -1.7007275094462553E+01 a       212     0    14     1     4
  2.6994044363159212E+01 a       213     0    14     1     5
  4.6061367239299948E+01 a       214     0    14     1     6
  5.6302799240070334E+00 a       215     0    14     1     7
 -1.2305589149675080E+00 a       216     0    14     1     8
 -2.5972565594704211E+01 a       217     0    14     1     9
  2.9665785781514000E+01 a       218     0    14     1    10
 -7.3446963397114793E+00 a       219     0    14     1    11
 -2.5806135583733121E+00 a       220     0    14     1    12
 -1.6642810747961537E+01 a       221     0    14     1    13
  1.3531161353292356E+01 a       222     0    14     1    14
  3.4756197181816710E+00 a       223     0    14     1    15
  7.5592152890413180E+00 a       224     0    14     1    16
 -5.1564347982222425E-01 a       225     0    15     1     1
 -4.0960953205638138E+00 a       226     0    15     1     2
  2.5608178651355398E+00 a       227     0    15     1     3
  1.9282514736684148E-01 a       228     0    15     1     4
 -8.5375303786313561E-01 a       229     0    15     1     5
  2.6129072781705505E+00 a       230     0    15     1     6
  7.7874778190775373E-01 a       231     0    15     1     7
 -7.8535248578137762E-01 a       232     0    15     1     8
  1.4066142208690104E+00 a       233     0    15     1     9
 -3.0510831385409048E-01 a       234     0    15     1    10
 -3.9383186131857423E-01 a       235     0    15     1    11
 -2.1585524583593014E+00 a       236     0    15     1    12
  2.4266777959722843E+00 a       237     0    15     1    13
  2.1733605192090271E+00 a       238     0    15     1    14
  2.4120141802603725E+00 a       239     0    15     1    15
  3.3992391042949079E+00 a       240     0    15     1    16
  4.8915331578803684E-01 a       241     0    16     1     1
  9.1707754512687945E-01 a       242     0    16     1     2
 -9.3163711705630226E-01 a       243     0    16     1     3
  3.0781465944764591E-01 a       244     0    16     1     4
  1.8255362253803620E-01 a       245     0    16     1     5
  9.2417082602447775E-01 a       246     0    16     1     6
  8.4004535300213590E-01 a       247     0    16     1     7
 -1.3424501369546721E-01 a       248     0    16     1     8
  1.7419340909283770E-01 a       249     0    16     1     9
  6.2417632664725797E-01 a       250     0    16     1    10
  1.6430997729849075E+00 a       251     0    16     1    11
 -2.9628207035211429E+00 a       252     0    16     1    12
 -3.2293788368009568E-01 a       253     0    16     1    13
 -3.0721753417084624E-01 a       254     0    16     1    14
 -1.7912672011009028E+00 a       255     0    16     1    15
 -2.2267046752031732E+00 a       256     0    16     1    16
  1.9765474438172477E+00 a       257     0    17     1     1
  4.0628578392113566E+00 a       258     0    17     1     2
  4.0298188264862542E+00 a       259     0    17     1     3
 -2.4830224403261894E+00 a       260     0    17     1     4
  2.2346278683104375E+00 a       261     0    17     1     5
  7.8416828238842506E-01 a       262     0    17     1     6
  1.6221054406092665E+00 a       263     0    17     1     7
 -1.8750421199658227E-01 a       264     0    17     1     8
 -6.5608053377958511E+00 a       265     0    17     1     9
  3.4996687863861422E+00 a       266     0    17     1    10
  2.0231683309032653E+00 a       267     0    17     1    11
 -2.0531302532617901E+00 a       268     0    17     1    12
 -1.3532448603180354E+00 a       269     0    17     1    13
  5.9564473505063532E-02 a       270     0    17     1    14
  1.6401737377043892E+00 a       271     0    17     1    15
  3.7549767883592527E-01 a       272     0    17     1    16
 -1.8235258354271956E+01 a       273     0    18     1     1
  1.3671708875583548E+01 a       274     0    18     1     2
 -9.5280883800022877E+00 a       275     0    18     1     3
  1.7864113182028113E+01 a       276     0    18     1     4
 -4.4095151943994867E-02 a       277     0    18     1     5
 -3.7035599784132311E+00 a       278     0    18     1     6
 -1.0576185127614680E+01 a       279     0    18     1     7
 -7.0595451622859973E-01 a       280     0    18     1     8
  6.5583961806329381E+00 a       281     0    18     1     9
  5.2498696724643068E+00 a       282     0    18     1    10
 -1.2063698715721966E+01 a       283     0    18     1    11
  6.5201705945091852E+00 a       284     0    18     1    12
 -2.0543268194619621E+01 a       285     0    18     1    13
  9.0772805386338700E+00 a       286     0    18     1    14
 -3.0062440993635224E+01 a       287     0    18     1    15
  1.4651268432040585E+01 a       288     0    18     1    16
 -3.0290996472354887E+00 a       289     0    19     1     1
 -6.9052232777057219E+00 a       290     0    19     1     2
 -3.4006685822405345E+00 a       291     0    19     1     3
  1.3837155157983592E+00 a       292     0    19     1     4
  8.6820451841515069E+00 a       293     0    19     1     5
  6.1619240223985781E+00 a       294     0    19     1     6
 -5.4011251272390242E+00 a       295     0    19     1     7
 -1.6703076293424666E+00 a       296     0    19     1     8
  9.9129558375218814E+00 a       297     0    19     1     9
  2.5324306253354423E-01 a       298     0    19     1    10
 -7.5563004509082603E+00 a       299     0    19     1    11
  1.0524571470005808E+01 a       300     0    19     1    12
 -3.1783163454923411E+00 a       301     0    19     1    13
  2.9153012859622240E+00 a       302     0    19     1    14
  3.7117125685337071E+00 a       303     0    19     1    15
  5.8475495489000462E+00 a       304     0    19     1    16
 -2.9464195702765096E+01 a       305     0    20     1     1
 -1.3391534704049540E+01 a       306     0    20     1     2
 -8.2595574783589480E+00 a       307     0    20     1     3
 -1.2657124940657807E+01 a       308     0    20     1     4
 -2.0283847931708717E+01 a       309     0    20     1     5
 -9.3540484654220251E+00 a       310     0    20     1     6
  1.1478819205107389E+01 a       311     0    20     1     7
 -2.0406838668777244E+01 a       312     0    20     1     8
  1.9498740045063915E+01 a       313     0    20     1     9
  1.6725184321337309E+01 a       314     0    20     1    10
 -2.1707962453043699E+01 a       315     0    20     1    11
  1.1770494842621671E+01 a       316     0    20     1    12
  7.0802538561990236E-01 a       317     0    20     1    13
 -7.7412652690878767E+00 a       318     0    20     1    14
 -2.9691206012813669E+01 a       319     0    20     1    15
 -7.5394020594933959E+00 a       320     0    20     1    16
  7.3150271537392140E+00 a       321     0    21     1     1
  2.3959295074571334E+00 a       322     0    21     1     2
 -3.5006525972021985E+00 a       323     0    21     1     3
 -8.6392782409885953E+00 a       324     0    21     1     4
  5.0900698102397195E+00 a       325     0    21     1     5
 -6.5038901004708833E+00 a       326     0    21     1     6
  2.5699908929040856E+00 a       327     0    21     1     7
  4.6758979351977894E+00 a       328     0    21     1     8
 -4.4013200571187143E+00 a       329     0    21     1     9
 -2.7596537922863456E+00 a       330     0    21     1    10
  3.9282180815549963E+00 a       331     0    21     1    11
  1.3707925861712262E+00 a       332     0    21     1    12
  1.2685369912428532E+00 a       333     0    21     1    13
 -1.2758653465826727E+01 a       334     0    21     1    14
  5.5593399795785974E+00 a       335     0    21     1    15
 -1.5813996657094652E+01 a       336     0    21     1    16
  7.7515038216055840E+00 a       337     0    22     1     1
 -3.0577463564087792E+00 a       338     0    22     1     2
 -1.2134544730444777E+01 a       339     0    22     1     3
  1.2620510055893215E+01 a       340     0    22     1     4
  1.3049054040521264E+00 a       341     0    22     1     5
 -9.1706075376854521E+00 a       342     0    22     1     6
 -8.3670672247444440E+00 a       343     0    22     1     7
  8.8742548589257186E+00 a       344     0    22     1     8
  4.0337394295635720E+00 a       345     0    22     1     9
 -1.7297910411433783E+01 a       346     0    22     1    10
  9.3083169963686778E+00 a       347     0    22     1    11
 -3.1822768348670922E+00 a       348     0    22     1    12
  5.3117908169473589E+00 a       349     0    22     1    13
  1.1020006753822293E+00 a       350     0    22     1    14
  1.0044997683020911E+01 a       351     0    22     1    15
  1.9521391772069216E+00 a       352     0    22     1    16
  9.3738361993359942E-01 a       353     0    23     1     1
 -2.5460848546102035E+00 a       354     0    23     1     2
  9.5368048539513428E-01 a       355     0    23     1     3
 -1.6710993914583325E+00 a       356     0    23     1     4
 -1.0031236691548520E+00 a       357     0    23     1     5
  2.4013875459306218E+00 a       358     0    23     1     6
  1.3830061643833453E+00 a       359     0    23     1     7
  9.1332650662242987E-01 a       360     0    23     1     8
  5.3237847759832724E-01 a       361     0    23     1     9
 -5.9060035564355706E-01 a       362     0    23     1    10
 -4.8245371613822696E-01 a       363     0    23     1    11
 -8.3000486677788932E-01 a       364     0    23     1    12
  2.8436795105216008E+00 a       365     0    23     1    13
 -1.7284580472666029E+00 a       366     0    23     1    14
  3.2815984140369676E+00 a       367     0    23     1    15
 -1.1295599387503508E+00 a       368     0    23     1    16
  4.2584104944474577E-01 a       369     0    24     1     1
  2.5102829401011904E+00 a       370     0    24     1     2
 -2.4617188369398795E+00 a       371     0    24     1     3
  5.9642624073409478E-01 a       372     0    24     1     4
 -1.9072700728091156E+00 a       373     0    24     1     5
  2.4681776637359900E+00 a       374     0    24     1     6
 -4.9679031841901124E-02 a       375     0    24     1     7
  9.1004717565527415E-01 a       376     0    24     1     8
  7.9805895544048711E-01 a       377     0    24     1     9
  7.4941869184352528E-01 a       378     0    24     1    10
  1.1872998938520711E+00 a       379     0    24     1    11
 -5.6133223934455589E-01 a       380     0    24     1    12
  1.7149072443773269E-01 a       381     0    24     1    13
 -1.4895286103861278E+00 a       382     0    24     1    14
 -2.2647224089737321E+00 a       383     0    24     1    15
 -3.6111259679196657E+00 a       384     0    24     1    16
  2.7779364515256764E+00 a       385     0    25     1     1
  4.0552195512586486E+00 a       386     0    25     1     2
 -2.1553089557455948E-01 a       387     0    25     1     3
  1.1699365612887465E+00 a       388     0    25     1     4
  3.9056987972078211E-01 a       389     0    25     1     5
 -1.1569022095767081E+00 a       390     0    25     1     6
 -8.2961840632352624E-01 a       391     0    25     1     7
  1.8577331905551078E+00 a       392     0    25     1     8
 -4.4878689676215959E+00 a       393     0    25     1     9
  5.9605482708127981E-02 a       394     0    25     1    10
  2.8535838603093833E+00 a       395     0    25     1    11
 -5.7539993584693150E-01 a       396     0    25     1    12
  6.9302187642479984E-01 a       397     0    25     1    13
 -6.8467499227767725E-01 a       398     0    25     1    14
  2.6231229636590685E+00 a       399     0    25     1    15
 -3.8043853278325318E-01 a       400     0    25     1    16
  1.5562511420518494E+00 a       401     0    26     1     1
  1.0988395040375689E+00 a       402     0    26     1     2
  5.6490211071403684E-01 a       403     0    26     1     3
 -2.5479737633072369E-01 a       404     0    26     1     4
 -7.5829262986383905E-01 a       405     0    26     1     5
 -4.3481051220870520E-01 a       406     0    26     1     6
  4.9654481804300382E-01 a       407     0    26     1     7
 -1.1949385963208563E+00 a       408     0    26     1     8
 -2.8802166707061767E+00 a       409     0    26     1     9
 -2.9435190731503558E-01 a       410     0    26     1    10
  2.4676888932430505E+00 a       411     0    26     1    11
  1.9303484433391832E-01 a       412     0    26     1    12
  1.0545177796320979E+00 a       413     0    26     1    13
  1.2209024043234156E+00 a       414     0    26     1    14
  1.4500746136964020E+00 a       415     0    26     1    15
 -3.3975753781379398E-01 a       416     0    26     1    16
 -3.5079166124205235E-01 a       417     0    27     1     1
 -1.0735981513344528E+00 a       418     0    27     1     2
  3.7155704652283901E+00 a       419     0    27     1     3
 -1.6947276765603909E+00 a       420     0    27     1     4
 -1.6519721912009784E+00 a       421     0    27     1     5
 -5.1194968261481089E+00 a       422     0    27     1     6
  1.0878518177660592E+00 a       423     0    27     1     7
  2.0497933090627299E-01 a       424     0    27     1     8
 -5.7467388535858852E+00 a       425     0    27     1     9
 -1.5516804418529770E+00 a       426     0    27     1    10
 -6.8177429219504160E-01 a       427     0    27     1    11
 -2.7627584998117244E-01 a       428     0    27     1    12
  1.7281435325750620E+00 a       429     0    27     1    13
 -2.4713620278926129E-01 a       430     0    27     1    14
  3.1298457460289590E+00 a       431     0    27     1    15
  3.3839323334207467E+00 a       432     0    27     1    16
  1.3242327569411936E+00 a       433     0    28     1     1
 -1.7857505902311150E+00 a       434     0    28     1     2
  3.4142722426448686E+00 a       435     0    28     1     3
 -2.0861090187477679E-01 a       436     0    28     1     4
  2.1521617420229617E+00 a       437     0    28     1     5
  5.8626018937162403E+00 a       438     0    28     1     6
 -6.6327592170799077E-01 a       439     0    28     1     7
  1.6397912089915123E+00 a       440     0    28     1     8
  2.9936507726253370E-01 a       441     0    28     1     9
 -1.7902662679157766E+00 a       442     0    28     1    10
 -1.5488633576728450E+00 a       443     0    28     1    11
  3.4572316268011057E-02 a       444     0    28     1    12
 -5.0666531128110004E-01 a       445     0    28     1    13
  1.2809202340578631E+00 a       446     0    28     1    14
  2.2984924724367022E+00 a       447     0    28     1    15
  1.2070176049441057E+00 a       448     0    28     1    16
  1.6922327732624393E-01 a       449     0    29     1     1
  4.2541568557362082E+00 a       450     0    29     1     2
 -8.5997570410650450E+00 a       451     0    29     1     3
  4.5563883790304835E+00 a       452     0    29     1     4
  5.7343316815657479E+00 a       453     0    29     1     5
 -4.1421308068812017E+00 a       454     0    29     1     6
 -1.7317267608823526E+00 a       455     0    29     1     7
  1.5877975289550720E+01 a       456     0    29     1     8
 -6.1322738014426221E+00 a       457     0    29     1     9
 -9.1407785498483527E+00 a       458     0    29     1    10
  8.1755926903171872E-01 a       459     0    29     1    11
  3.1686730336896285E+00 a       460     0    29     1    12
 -5.9942948229670439E+00 a       461     0    29     1    13
 -1.6654878321569782E+01 a       462     0    29     1    14
 -1.1213803736732080E+01 a       463     0    29     1    15
 -1.7511205903889451E+01 a       464     0    29     1    16
 -1.1405918296539369E+01 a       465     0    30     1     1
 -5.7408716412289067E+00 a       466     0    30     1     2
 -2.7100801985212854E+01 a       467     0    30     1     3
  1.4671535126587523E+01 a       468     0    30     1     4
 -2.2155216917017629E+01 a       469     0    30     1     5
 -3.9730789153401965E+01 a       470     0    30     1     6
 -5.7379642456064097E+00 a       471     0    30     1     7
  4.1025314559783119E+00 a       472     0    30     1     8
  2.4389426754423752E+01 a       473     0    30     1     9
 -2.7659530211317747E+01 a       474     0    30     1    10
  1.0693963352788732E+01 a       475     0    30     1    11
 -6.0467315349793493E-01 a       476     0    30     1    12
  1.3644143398125381E+01 a       477     0    30     1    13
 -1.3500893460799443E+01 a       478     0    30     1    14
  8.5559554637495139E-01 a       479     0    30     1    15
 -8.1941812398486142E+00 a       480     0    30     1    16
 -6.1451107049129283E-01 a       481     0    31     1     1
  3.1128813492194540E-01 a       482     0    31     1     2
 -1.7649642313539073E+00 a       483     0    31     1     3
 -5.5506713202219748E-01 a       484     0    31     1     4
 -1.1171086455213927E-01 a       485     0    31     1     5
 -1.6914726803837610E-01 a       486     0    31     1     6
  2.9946314263296503E-01 a       487     0    31     1     7
 -1.5620949541352724E-01 a       488     0    31     1     8
  6.3812454059354484E-02 a       489     0    31     1     9
 -8.8283843781991300E-01 a       490     0    31     1    10
  1.0307149747593773E+00 a       491     0    31     1    11
 -4.4764158821385563E-01 a       492     0    31     1    12
 -4.6183056008536572E-01 a       493     0    31     1    13
 -7.8379528222395589E-01 a       494     0    31     1    14
  1.3384740889030125E-01 a       495     0    31     1    15
 -6.2537516613608346E-01 a       496     0    31     1    16
 -3.6404151357107162E-01 a       497     0    32     1     1
 -1.5516523835809898E-01 a       498     0    32     1     2
 -4.3747865226410448E-01 a       499     0    32     1     3
  1.0312954489970008E+00 a       500     0    32     1     4
  2.0213053495111902E-01 a       501     0    32     1     5
  9.2358220141980363E-01 a       502     0    32     1     6
  4.1896236732530578E-01 a       503     0    32     1     7
  1.9809689277240383E-01 a       504     0    32     1     8
  9.5049965934715902E-02 a       505     0    32     1     9
 -2.8487310010281824E-01 a       506     0    32     1    10
 -2.9203948441809785E-01 a       507     0    32     1    11
 -4.0770315095883425E-01 a       508     0    32     1    12
 -1.3560329149484709E-01 a       509     0    32     1    13
 -1.1701899852769641E-01 a       510     0    32     1    14
  7.5202978040485424E-01 a       511     0    32     1    15
  9.9359076396956028E-02 a       512     0    32     1    16
  3.1244227855271040E-01 a       513     0    33     1     1
 -7.8731997887551119E-01 a       514     0    33     1     2
 -7.1409862014621583E-01 a       515     0    33     1     3
  1.3265918457672821E-02 a       516     0    33     1     4
 -4.6930408779414579E-01 a       517     0    33     1     5
 -1.2097842721401796E-01 a       518     0    33     1     6
 -1.2912866030169803E-02 a       519     0    33     1     7
  3.0760778069739053E-01 a       520     0    33     1     8
 -5.1311159811385532E-01 a       521     0    33     1     9
 -6.1284097603460397E-01 a       522     0    33     1    10
  2.1005941362653779E-01 a       523     0    33     1    11
  1.7501494910557769E-01 a       524     0    33     1    12
  1.9213967117262767E-01 a       525     0    33     1    13
 -1.4999871242919732E-01 a       526     0    33     1    14
  5.9324282111388815E-01 a       527     0    33     1    15
  5.6245231658230044E-01 a       528     0    33     1    16
 -2.6404967431821946E-01 a       529     0    34     1     1
 -2.6008098771192018E-01 a       530     0    34     1     2
 -4.2181031576767114E-01 a       531     0    34     1     3
  5.3332756532761494E-01 a       532     0    34     1     4
 -1.2754830902799846E-01 a       533     0    34     1     5
 -1.0432034335275470E-01 a       534     0    34     1     6
  2.4599854799564874E-01 a       535     0    34     1     7
  3.4059953728462367E-01 a       536     0    34     1     8
 -5.9242725958643088E-03 a       537     0    34     1     9
 -2.5666416460625280E-01 a       538     0    34     1    10
 -5.6636177888103456E-01 a       539     0    34     1    11
 -1.3696329805611482E-01 a       540     0    34     1    12
 -6.4645484103811868E-01 a       541     0    34     1    13
  3.2791651074326723E-02 a       542     0    34     1    14
  8.0483111520502593E-01 a       543     0    34     1    15
  5.3535200221430468E-01 a       544     0    34     1    16
  2.0830165866777092E-01 a       545     0    35     1     1
 -9.0549884507876144E-01 a       546     0    35     1     2
 -2.3928718919709355E-01 a       547     0    35     1     3
  1.7471382147713949E-01 a       548     0    35     1     4
  3.5477695266133491E-01 a       549     0    35     1     5
  4.3047635787116023E-01 a       550     0    35     1     6
 -1.0605168688828137E-01 a       551     0    35     1     7
  1.7110068126157998E-01 a       552     0    35     1     8
 -1.7063996592423405E-01 a       553     0    35     1     9
 -1.5702312398903967E-01 a       554     0    35     1    10
 -2.9690609837620779E-01 a       555     0    35     1    11
 -3.1572558302738520E-04 a       556     0    35     1    12
  1.7651070378617822E-01 a       557     0    35     1    13
 -3.6611456117666508E-01 a       558     0    35     1    14
 -4.7138261615548677E-01 a       559     0    35     1    15
 -4.7459699705196051E-01 a       560     0    35     1    16
 -2.1228294014073290E-01 a       561     0    36     1     1
  1.2955715856893071E+00 a       562     0    36     1     2
  4.2600814943978643E-01 a       563     0    36     1     3
 -1.1479290490040275E+00 a       564     0    36     1     4
  9.0372369317583218E-02 a       565     0    36     1     5
 -4.7538700720674031E-02 a       566     0    36     1     6
 -6.6536876479901141E-01 a       567     0    36     1     7
 -4.0550130268966526E-02 a       568     0    36     1     8
 -1.9612410165992156E-01 a       569     0    36     1     9
  3.3156207780899324E-02 a       570     0    36     1    10
  4.0446630290547553E-01 a       571     0    36     1    11
  2.6536365200078121E-01 a       572     0    36     1    12
  1.4433308766243150E-01 a       573     0    36     1    13
 -2.0289304007428205E-01 a       574     0    36     1    14
 -7.0285643600725445E-01 a       575     0    36     1    15
 -6.4090296169343375E-01 a       576     0    36     1    16
  2.9918145090412440E+00 a       577     0    37     1     1
 -1.8055321185984816E+00 a       578     0    37     1     2
  2.5181829902670887E+00 a       579     0    37     1     3
  1.7418652208515892E+00 a       580     0    37     1     4
 -3.2717274812467863E+00 a       581     0    37     1     5
 -1.3150030377238444E+00 a       582     0    37     1     6
  4.6134992477744445E+00 a       583     0    37     1     7
  2.3265756198811745E+00 a       584     0    37     1     8
 -1.7733217153900995E+00 a       585     0    37     1     9
  5.7907328071787068E-01 a       586     0    37     1    10
 -3.8062939891570924E+00 a       587     0    37     1    11
  1.4871313763688876E+00 a       588     0    37     1    12
  1.8504999336982921E+00 a       589     0    37     1    13
  1.8870173839314405E-01 a       590     0    37     1    14
  5.5841545761763811E-01 a       591     0    37     1    15
 -4.5787953712329860E-01 a       592     0    37     1    16
 -5.7511389825907713E-02 a       593     0    38     1     1
  4.1497283221316511E-01 a       594     0    38     1     2
 -5.8592191361380996E-01 a       595     0    38     1     3
 -7.7014250126914119E-01 a       596     0    38     1     4
  1.3472749660529213E+00 a       597     0    38     1     5
 -4.1201452689392754E-01 a       598     0    38     1     6
 -2.8663789019528257E-01 a       599     0    38     1     7
 -3.8534033229507825E-02 a       600     0    38     1     8
  2.0809288024462456E+00 a       601     0    38     1     9
 -7.4244710568258976E-01 a       602     0    38     1    10
 -4.9982049738378365E-01 a       603     0    38     1    11
  3.8965607620413328E-01 a       604     0    38     1    12
 -2.1792863634664172E-01 a       605     0    38     1    13
 -1.1060181331528643E-01 a       606     0    38     1    14
 -3.4670940582090776E-02 a       607     0    38     1    15
 -4.4538888955135497E-01 a       608     0    38     1    16
  3.4136499271679739E+00 a       609     0    39     1     1
 -3.9060584751718369E-01 a       610     0    39     1     2
 -4.7413380282503120E-01 a       611     0    39     1     3
  1.8897042752228597E+00 a       612     0    39     1     4
 -2.2602126793394768E+00 a       613     0    39     1     5
  2.2833914307703669E+00 a       614     0    39     1     6
 -3.9650994242445364E-01 a       615     0    39     1     7
  1.3943756082758056E+00 a       616     0    39     1     8
  5.4719903471565612E+00 a       617     0    39     1     9
  2.5276019940961154E+00 a       618     0    39     1    10
  2.7193801387984213E+00 a       619     0    39     1    11
  2.7498649804562803E-01 a       620     0    39     1    12
 -1.9209449035713269E+00 a       621     0    39     1    13
  7.7778120480242752E-01 a       622     0    39     1    14
 -4.4299998908447975E+00 a       623     0    39     1    15
 -2.4562839709635673E+00 a       624     0    39     1    16
 -1.7531554962481124E+00 a       625     0    40     1     1
  1.7526659358454124E+00 a       626     0    40     1     2
 -3.3153547401235800E-01 a       627     0    40     1     3
 -1.1434152125159522E+00 a       628     0    40     1     4
  1.1801843532845258E+00 a       629     0    40     1     5
  2.0426358679886412E+00 a       630     0    40     1     6
 -2.7816864889945974E+00 a       631     0    40     1     7
  1.2302672965578438E+00 a       632     0    40     1     8
  3.6258117096051854E+00 a       633     0    40     1     9
 -2.1299931017784788E+00 a       634     0    40     1    10
  6.3992062967956775E-01 a       635     0    40     1    11
 -4.1197827780078294E-01 a       636     0    40     1    12
 -9.1830652066454255E-01 a       637     0    40     1    13
  2.7165371526698728E-01 a       638     0    40     1    14
 -2.5548338055222369E-01 a       639     0    40     1    15
 -2.1024133462410752E+00 a       640     0    40     1    16
 -4.9179420921798123E-01 a       641     0    41     1     1
 -1.0691614252407086E-01 a       642     0    41     1     2
  1.7589359201539496E-02 a       643     0    41     1     3
  7.7096925901720093E-01 a       644     0    41     1     4
  2.4559546907534152E-01 a       645     0    41     1     5
  5.8085712261951028E-01 a       646     0    41     1     6
 -4.2850363656298179E-01 a       647     0    41     1     7
  5.0738734307024458E-01 a       648     0    41     1     8
  4.8444375245184773E-01 a       649     0    41     1     9
 -6.0457302460490048E-01 a       650     0    41     1    10
 -1.8712334760412946E-01 a       651     0    41     1    11
 -1.5172958844107454E-01 a       652     0    41     1    12
 -1.1176847588366436E+00 a       653     0    41     1    13
  2.5772594277691974E-01 a       654     0    41     1    14
  1.2033201070695272E+00 a       655     0    41     1    15
 -5.6330824310052585E-01 a       656     0    41     1    16
 -1.7483052478936061E+00 a       657     0    42     1     1
  6.7051875602036812E+00 a       658     0    42     1     2
 -4.7282288146991531E+00 a       659     0    42     1     3
 -8.7907261936909507E+00 a       660     0    42     1     4
  1.1655293811148532E+01 a       661     0    42     1     5
  4.2193429411735304E+00 a       662     0    42     1     6
 -1.8398668733063508E+00 a       663     0    42     1     7
 -4.3717017691018594E+00 a       664     0    42     1     8
  5.0389225424188107E+00 a       665     0    42     1     9
 -7.1736194190592943E+00 a       666     0    42     1    10
  2.7778132071193191E+00 a       667     0    42     1    11
 -4.0225254300448681E+00 a       668     0    42     1    12
 -2.8636902144967262E+00 a       669     0    42     1    13
  2.1283334998120149E+00 a       670     0    42     1    14
  8.9794229881389143E-01 a       671     0    42     1    15
 -1.9953320274786837E+00 a       672     0    42     1    16
  1.1484123972431435E+00 a       673     0    43     1     1
  5.2212302559821300E-01 a       674     0    43     1     2
 -1.4218241601406081E+00 a       675     0    43     1     3
 -1.2093574395827895E-01 a       676     0    43     1     4
 -2.1495733226289473E-01 a       677     0    43     1     5
 -1.7117222546698352E-01 a       678     0    43     1     6
  3.6199814744462117E-01 a       679     0    43     1     7
 -2.0969387505913392E-01 a       680     0    43     1     8
 -3.8948308935915482E-01 a       681     0    43     1     9
  4.5368045425232534E-01 a       682     0    43     1    10
  3.5553374127424603E-01 a       683     0    43     1    11
  2.6487566601591270E-02 a       684     0    43     1    12
 -3.5291359824783980E-01 a       685     0    43     1    13
  2.5457900850641563E-01 a       686     0    43     1    14
 -1.7047487865409394E+00 a       687     0    43     1    15
 -1.0135745557873386E+00 a       688     0    43     1    16
 -6.9511224968931442E+00 a       689     0    44     1     1
  2.5669930207523644E+00 a       690     0    44     1     2
 -1.0042222664632963E+01 a       691     0    44     1     3
 -5.8214523282891575E+00 a       692     0    44     1     4
  6.7358676017326573E+00 a       693     0    44     1     5
 -5.7885101645517443E+00 a       694     0    44     1     6
  2.0488185589811390E+00 a       695     0    44     1     7
 -3.5511503280185517E+00 a       696     0    44     1     8
 -6.2613171603410107E+00 a       697     0    44     1     9
 -8.4016934069038154E+00 a       698     0    44     1    10
 -3.2170535818867130E-01 a       699     0    44     1    11
  6.7181215169228048E-01 a       700     0    44     1    12
 -7.6192077631286936E-01 a       701     0    44     1    13
 -6.3532269172990148E+00 a       702     0    44     1    14
  3.3438750976469369E+00 a       703     0    44     1    15
 -2.0526751203499529E+00 a       704     0    44     1    16
  2.2349729832557133E+00 a       705     0    45     1     1
 -1.4099436313408154E+00 a       706     0    45     1     2
 -8.4457960305473567E-01 a       707     0    45     1     3
 -5.4481140791003579E-01 a       708     0    45     1     4
  4.0365027358499772E-01 a       709     0    45     1     5
 -3.0246586468433212E+00 a       710     0    45     1     6
  2.4597981284577206E+00 a       711     0    45     1     7
 -2.2878517017131035E+00 a       712     0    45     1     8
 -1.9380369301586229E+00 a       713     0    45     1     9
  2.3760706153458790E+00 a       714     0    45     1    10
 -1.9451544799744172E-01 a       715     0    45     1    11
  4.5972999835368278E-01 a       716     0    45     1    12
  1.4650411520714477E+00 a       717     0    45     1    13
 -4.3357759654464662E-01 a       718     0    45     1    14
 -1.8103000987507005E+00 a       719     0    45     1    15
  1.3999140267756001E+00 a       720     0    45     1    16
  4.7595248511199721E-02 a       721     0    46     1     1
  2.2896882235708431E+00 a       722     0    46     1     2
 -2.2258611707378582E+00 a       723     0    46     1     3
 -2.0179373102535276E+00 a       724     0    46     1     4
 -1.6735972561097873E-01 a       725     0    46     1     5
 -7.6905934275046706E-01 a       726     0    46     1     6
 -1.6390927784606282E-02 a       727     0    46     1     7
 -1.6059764141522264E+00 a       728     0    46     1     8
  6.4115588412370050E-01 a       729     0    46     1     9
  3.9048722730742036E-01 a       730     0    46     1    10
  1.0714089276012650E+00 a       731     0    46     1    11
  1.1341564623481708E+00 a       732     0    46     1    12
  2.2689179044241179E+00 a       733     0    46     1    13
 -6.1072228375420845E-01 a       734     0    46     1    14
 -4.8093299272971732E+00 a       735     0    46     1    15
 -1.1108308798302484E+00 a       736     0    46     1    16
 -3.5673879455108808E+00 a       737     0    47     1     1
  2.3038283096478773E+00 a       738     0    47     1     2
  2.1225996718605837E+00 a       739     0    47     1     3
 -1.6714219097066789E+00 a       740     0    47     1     4
  7.5104085379765606E-01 a       741     0    47     1     5
 -3.1401090310348132E+00 a       742     0    47     1     6
 -4.2775779982852606E+00 a       743     0    47     1     7
  6.2995345262534497E-01 a       744     0    47     1     8
 -1.7293203582954937E+00 a       745     0    47     1     9
  5.3995839984724403E-01 a       746     0    47     1    10
  5.0845325724121890E+00 a       747     0    47     1    11
  1.1876784013399055E-01 a       748     0    47     1    12
  2.6217578335164882E-01 a       749     0    47     1    13
 -5.7957490397715032E+00 a       750     0    47     1    14
  2.0936438905518998E-01 a       751     0    47     1    15
 -1.9283555999062318E+00 a       752     0    47     1    16
  1.1499451804629650E+00 a       753     0    48     1     1
  1.4093340197917870E+00 a       754     0    48     1     2
  7.8171336046445983E-01 a       755     0    48     1     3
  1.6220097313961255E+00 a       756     0    48     1     4
  3.1519574349088937E+00 a       757     0    48     1     5
 -7.7880814960367817E-01 a       758     0    48     1     6
  2.2604701162745342E+00 a       759     0    48     1     7
  2.0851285400507886E+00 a       760     0    48     1     8
  5.0111263719460020E-01 a       761     0    48     1     9
  3.0819765477342109E+00 a       762     0    48     1    10
 -4.3792453752588125E+00 a       763     0    48     1    11
 -1.1614692957767947E+00 a       764     0    48     1    12
 -5.0738404882018218E+00 a       765     0    48     1    13
 -1.2107837132438830E-01 a       766     0    48     1    14
 -2.2042490185049410E+00 a       767     0    48     1    15
 -1.7512841239290686E+00 a       768     0    48     1    16
 -1.4994838873969674E-01 a       769     0    49     1     1
  1.5311364189842362E+00 a       770     0    49     1     2
  8.0231826659753280E-01 a       771     0    49     1     3
 -7.9652479010120059E-01 a       772     0    49     1     4
  9.4290079825595885E-01 a       773     0    49     1     5
  9.5918907650725038E-01 a       774     0    49     1     6
  2.9373484698767660E-01 a       775     0    49     1     7
  7.6294760034713763E-02 a       776     0    49     1     8
  4.8488448468571460E-01 a       777     0    49     1     9
 -1.1781599953471567E+00 a       778     0    49     1    10
  2.2696055815248753E-01 a       779     0    49     1    11
 -3.4007310543245423E-01 a       780     0    49     1    12
 -3.8153744146224616E-01 a       781     0    49     1    13
  1.4088363077823826E-01 a       782     0    49     1    14
  2.3367660297056214E-01 a       783     0    49     1    15
  1.6445218475045834E-02 a       784     0    49     1    16
 -9.7814681089999720E-03 a       785     0    50     1     1
  6.4628430251628156E-03 a       786     0    50     1     2
  6.4250379459635909E-01 a       787     0    50     1     3
  1.4722440786817712E-01 a       788     0    50     1     4
 -6.4597078106070194E-01 a       789     0    50     1     5
  5.7474280602258376E-01 a       790     0    50     1     6
 -3.5457569967182184E-01 a       791     0    50     1     7
  2.4765246890945489E-01 a       792     0    50     1     8
 -3.7879008209437359E-01 a       793     0    50     1     9
 -4.0134673734651002E-02 a       794     0    50     1    10
  1.6900709983504070E-01 a       795     0    50     1    11
  1.2729151581022460E-01 a       796     0    50     1    12
 -7.2248912333962842E-02 a       797     0    50     1    13
  2.4299569742295107E-01 a       798     0    50     1    14
 -1.8469187820406542E-04 a       799     0    50     1    15
  1.1016908853630181E-01 a       800     0    50     1    16
 -6.3269692343029615E-01 a       801     0    51     1     1
  1.0449144960062556E-01 a       802     0    51     1     2
  6.8797992189229634E-02 a       803     0    51     1     3
 -3.1283450460041584E-01 a       804     0    51     1     4
  1.8391781746940120E-02 a       805     0    51     1     5
 -2.5501700837127600E-01 a       806     0    51     1     6
  3.6420126156297344E-01 a       807     0    51     1     7
  8.6487517902548827E-02 a       808     0    51     1     8
 -4.8852485039507781E-01 a       809     0    51     1     9
 -1.1260487958635174E-01 a       810     0    51     1    10
 -4.4072106902076763E-01 a       811     0    51     1    11
  4.9466405986051766E-02 a       812     0    51     1    12
  3.0210096739551906E-01 a       813     0    51     1    13
 -7.2079508447798013E-01 a       814     0    51     1    14
  1.1574416552369884E+00 a       815     0    51     1    15
  5.2417421151614563E-01 a       816     0    51     1    16
 -6.2566277586505004E-01 a       817     0    52     1     1
 -1.1247604879428721E+00 a       818     0    52     1     2
  1.4036418824849499E+00 a       819     0    52     1     3
  2.1607810508172309E-01 a       820     0    52     1     4
 -1.5489131106098577E+00 a       821     0    52     1     5
  1.1131687211527275E-01 a       822     0    52     1     6
 -5.0399100039360567E-01 a       823     0    52     1     7
 -8.5549984192170955E-02 a       824     0    52     1     8
 -5.8229554962810515E-01 a       825     0    52     1     9
 -2.0170782622200978E+00 a       826     0    52     1    10
  1.4529222356912057E+00 a       827     0    52     1    11
  8.9214356401592665E-01 a       828     0    52     1    12
  1.9909549261052548E+00 a       829     0    52     1    13
 -8.9311145755684140E-01 a       830     0    52     1    14
  1.9073692507785842E-01 a       831     0    52     1    15
 -2.1888531880123982E-01 a       832     0    52     1    16
  2.6335787868620959E+00 a       833     0    53     1     1
 -2.8151292162845514E+00 a       834     0    53     1     2
  1.0239616433663945E+00 a       835     0    53     1     3
  4.4189715525527280E+00 a       836     0    53     1     4
 -6.5344672480360080E+00 a       837     0    53     1     5
 -2.6709563830048411E+00 a       838     0    53     1     6
 -2.0321973007476535E-01 a       839     0    53     1     7
  2.6967556950504670E+00 a       840     0    53     1     8
 -1.3827044730169662E+00 a       841     0    53     1     9
  4.7068276638208468E+00 a       842     0    53     1    10
  8.8659023102004608E-01 a       843     0    53     1    11
  1.4185144835743628E+00 a       844     0    53     1    12
 -3.8196379876720427E-01 a       845     0    53     1    13
 -3.6475015690449086E-01 a       846     0    53     1    14
 -4.9359085514090895E+00 a       847     0    53     1    15
 -1.4835767718087529E+00 a       848     0    53     1    16
  1.6949297669132539E+00 a       849     0    54     1     1
 -3.6892125417693404E+00 a       850     0    54     1     2
  2.7143367468643489E+00 a       851     0    54     1     3
  1.3164429370194133E+00 a       852     0    54     1     4
 -2.7128185507059426E+00 a       853     0    54     1     5
  1.3640285691949037E+00 a       854     0    54     1     6
 -6.7706714703561044E-01 a       855     0    54     1     7
 -1.6407191969211488E-01 a       856     0    54     1     8
  2.9294674409763370E+00 a       857     0    54     1     9
  3.1312352530981244E+00 a       858     0    54     1    10
  1.4086508730032665E+00 a       859     0    54     1    11
 -5.6783725087185333E-01 a       860     0    54     1    12
 -4.3692683904590357E-01 a       861     0    54     1    13
  2.0842004170692419E+00 a       862     0    54     1    14
 -7.1415290062902814E-01 a       863     0    54     1    15
  7.0972586953938788E-01 a       864     0    54     1    16
  2.1333475133057730E-01 a       865     0    55     1     1
 -5.5335722446167761E+00 a       866     0    55     1     2
 -7.7048687265065086E-01 a       867     0    55     1     3
 -3.1057180785764821E-01 a       868     0    55     1     4
 -3.6281988339683102E-01 a       869     0    55     1     5
  5.3533985375010229E-01 a       870     0    55     1     6
  1.6655846153366409E+00 a       871     0    55     1     7
 -5.3999455797990092E-01 a       872     0    55     1     8
  3.1878557243904559E+00 a       873     0    55     1     9
  8.4349777076527555E-01 a       874     0    55     1    10
  1.5179558360699974E+00 a       875     0    55     1    11
 -1.4945176030716782E+00 a       876     0    55     1    12
 -2.7733112144920722E+00 a       877     0    55     1    13
 -6.9131109854120565E-01 a       878     0    55     1    14
  3.0022951783001131E+00 a       879     0    55     1    15
  3.3328407338875312E+00 a       880     0    55     1    16
  2.1097543335765723E-01 a       881     0    56     1     1
 -4.3123968676282409E+00 a       882     0    56     1     2
 -4.9068794763259396E+00 a       883     0    56     1     3
 -1.8227189097793228E+00 a       884     0    56     1     4
  4.6206924781715931E-02 a       885     0    56     1     5
  1.5122226483190753E+00 a       886     0    56     1     6
  5.9268990673005917E-01 a       887     0    56     1     7
 -2.4663149853904045E+00 a       888     0    56     1     8
  2.3737973097037566E+00 a       889     0    56     1     9
  2.4357446559767912E-01 a       890     0    56     1    10
 -1.4757755418494574E+00 a       891     0    56     1    11
  9.2502494264943211E-02 a       892     0    56     1    12
 -9.5304805742539744E-01 a       893     0    56     1    13
  3.7574699043941182E+00 a       894     0    56     1    14
  2.8073563700490465E+00 a       895     0    56     1    15
  3.8573300439377740E+00 a       896     0    56     1    16
 -9.0851894329000149E-01 a       897     0    57     1     1
 -9.5553613696741158E-01 a       898     0    57     1     2
 -2.3261519905581425E+00 a       899     0    57     1     3
  9.4554532599507890E-01 a       900     0    57     1     4
 -9.1227690217808896E-02 a       901     0    57     1     5
 -2.2829859178127885E+00 a       902     0    57     1     6
 -4.4464574156842858E+00 a       903     0    57     1     7
 -7.3265307865178686E-01 a       904     0    57     1     8
 -2.0292491945859401E-02 a       905     0    57     1     9
  2.0167960232827240E+00 a       906     0    57     1    10
  2.4617887428413816E+00 a       907     0    57     1    11
  1.0998452755806210E+00 a       908     0    57     1    12
 -1.2780885566284081E+00 a       909     0    57     1    13
 -3.4050413040737842E-01 a       910     0    57     1    14
 -3.5983996382470029E+00 a       911     0    57     1    15
 -6.9641364693460250E-01 a       912     0    57     1    16
 -1.4239062051739906E+00 a       913     0    58     1     1
 -1.0541906784228359E+00 a       914     0    58     1     2
  1.9478086156377097E+00 a       915     0    58     1     3
 -1.4784850729493748E+00 a       916     0    58     1     4
  1.6169557350388075E+00 a       917     0    58     1     5
 -2.7823986304998867E+00 a       918     0    58     1     6
 -9.3761058858522717E-01 a       919     0    58     1     7
 -1.4427957345362552E+00 a       920     0    58     1     8
 -3.8597581988401974E+00 a       921     0    58     1     9
 -1.1775848493892251E+00 a       922     0    58     1    10
 -2.7100546340438654E+00 a       923     0    58     1    11
  4.6159720638826590E-01 a       924     0    58     1    12
  1.3303506093994650E+00 a       925     0    58     1    13
  1.3820398457143581E+00 a       926     0    58     1    14
  2.4896767048417230E+00 a       927     0    58     1    15
  2.0710181478378709E+00 a       928     0    58     1    16
  1.9330936548036404E-01 a       929     0    59     1     1
  6.4566002958648461E-01 a       930     0    59     1     2
 -4.9816807099562777E+00 a       931     0    59     1     3
 -3.6245552382223174E+00 a       932     0    59     1     4
 -2.0612614010808690E+00 a       933     0    59     1     5
 -8.0182848938098761E-01 a       934     0    59     1     6
 -2.1052800872740312E+00 a       935     0    59     1     7
 -3.0897382938869846E+00 a       936     0    59     1     8
  1.9396329912707355E+00 a       937     0    59     1     9
 -5.6733991727777244E-01 a       938     0    59     1    10
  3.3605604531856539E+00 a       939     0    59     1    11
  6.6718928718478632E-01 a       940     0    59     1    12
  2.2039359616208758E+00 a       941     0    59     1    13
  2.1152133998801528E+00 a       942     0    59     1    14
  2.0703552195589192E+00 a       943     0    59     1    15
  2.0990380031293512E+00 a       944     0    59     1    16
 -1.3368386199173881E+00 a       945     0    60     1     1
 -1.5099175855114979E+00 a       946     0    60     1     2
  2.7742853156955065E+00 a       947     0    60     1     3
  1.3404178693767930E+00 a       948     0    60     1     4
 -8.0835433474634233E-01 a       949     0    60     1     5
  1.5943405972418185E+00 a       950     0    60     1     6
  2.6943545049168018E+00 a       951     0    60     1     7
  6.3572852575376304E-01 a       952     0    60     1     8
 -1.5526272174450058E+00 a       953     0    60     1     9
 -5.0832027124758228E-01 a       954     0    60     1    10
 -3.3218810880264753E+00 a       955     0    60     1    11
  4.4919550715335865E-01 a       956     0    60     1    12
  2.9412235557392794E+00 a       957     0    60     1    13
 -1.6861888963003555E+00 a       958     0    60     1    14
  5.8173027546971516E+00 a       959     0    60     1    15
  3.6025936130869649E+00 a       960     0    60     1    16
 -8.8914985842881189E-01 a       961     0    61     1     1
 -8.4650141175397098E-01 a       962     0    61     1     2
  1.3263953584561119E+00 a       963     0    61     1     3
  1.7274296252117299E-01 a       964     0    61     1     4
  2.2066747784061830E-01 a       965     0    61     1     5
  1.3279919914709060E-01 a       966     0    61     1     6
  6.0440957876398242E-02 a       967     0    61     1     7
  1.1867287125438174E-01 a       968     0    61     1     8
 -5.8842145668886636E-01 a       969     0    61     1     9
 -1.2369116394536685E-01 a       970     0    61     1    10
 -3.5061801111436107E-02 a       971     0    61     1    11
 -3.9502904878222150E-01 a       972     0    61     1    12
  4.8288605068150009E-01 a       973     0    61     1    13
 -3.9195284574751860E-01 a       974     0    61     1    14
  1.4465606296595404E+00 a       975     0    61     1    15
  1.3478259113381588E+00 a       976     0    61     1    16
  4.4735524268252345E+00 a       977     0    62     1     1
  1.6572123380409787E+00 a       978     0    62     1     2
  6.2423800288382738E+00 a       979     0    62     1     3
  4.2955375943755101E+00 a       980     0    62     1     4
 -2.4613320521915649E+00 a       981     0    62     1     5
  4.2354268715633827E+00 a       982     0    62     1     6
  4.5714239021997609E-02 a       983     0    62     1     7
  3.5298638083352998E+00 a       984     0    62     1     8
  1.6599922877643571E+00 a       985     0    62     1     9
  4.2983249306263351E+00 a       986     0    62     1    10
 -1.7050556629682412E+00 a       987     0    62     1    11
 -4.5995067507783371E-01 a       988     0    62     1    12
  2.0722579554781242E+00 a       989     0    62     1    13
  2.9164423908575845E+00 a       990     0    62     1    14
 -1.8986474307736909E+00 a       991     0    62     1    15
  1.7825243218014977E+00 a       992     0    62     1    16
  2.6250661165285636E+00 a       993     0    63     1     1
 -4.3932473723229198E-01 a       994     0    63     1     2
  4.6974693151910616E+00 a       995     0    63     1     3
  5.0530538594754226E+00 a       996     0    63     1     4
  4.7073899612787623E-01 a       997     0    63     1     5
  2.1258605061415072E+00 a       998     0    63     1     6
  4.3022639387743729E+00 a       999     0    63     1     7
  2.4150322773920001E+00 a      1000     0    63     1     8
 -1.5613882222035260E+00 a      1001     0    63     1     9
 -1.3367743754308778E+00 a      1002     0    63     1    10
 -4.1251281594958682E+00 a      1003     0    63     1    11
 -2.7977341751709134E-01 a      1004     0    63     1    12
  1.3612135239504242E+00 a      1005     0    63     1    13
  7.4956981269024781E-01 a      1006     0    63     1    14
 -3.5917597944026292E+00 a      1007     0    63     1    15
 -2.0309110213833961E+00 a      1008     0    63     1    16
 -4.1103521145307076E-02 a      1009     0    64     1     1
  2.7210838091437606E+00 a      1010     0    64     1     2
  2.2605098912757127E+00 a      1011     0    64     1     3
  2.0839303265726228E+00 a      1012     0    64     1     4
  1.5384878368816479E+00 a      1013     0    64     1     5
 -5.7298064780583670E-02 a      1014     0    64     1     6
 -1.1521610378026559E+00 a      1015     0    64     1     7
  5.9519005528862012E-01 a      1016     0    64     1     8
 -3.3238611143486585E+00 a      1017     0    64     1     9
 -2.8245956975856240E-01 a      1018     0    64     1    10
 -2.1875170577689786E+00 a      1019     0    64     1    11
  3.6106899513647889E-01 a      1020     0    64     1    12
  1.3695620489286604E+00 a      1021     0    64     1    13
  1.4045133660549378E+00 a      1022     0    64     1    14
  4.4274928944615793E-02 a      1023     0    64     1    15
 -1.8912648825207397E+00 a      1024     0    64     1    16
 -2.0227483371934429E-02 b      1025     1     1
 -1.4387002732374843E-01 b      1026     1     2
 -1.9214807486055501E-03 b      1027     1     3
  1.6071899908971884E-01 b      1028     1     4
  3.0327077683146426E-02 b      1029     1     5
 -1.4792923644129369E-01 b      1030     1     6
  2.5066833894132816E-03 b      1031     1     7
 -9.1465416620520795E-02 b      1032     1     8
 -3.7954739534745208E-02 b      1033     1     9
 -4.2554274177098513E-02 b      1034     1    10
 -1.1402942951794020E-02 b      1035     1    11
  9.3600590232851222E-02 b      1036     1    12
  1.6551364029037871E-01 b      1037     1    13
  1.8812690037091628E-02 b      1038     1    14
  3.1766980905175664E-02 b      1039     1    15
  2.6920669222448797E-02 b      1040     1    16
  1.4032520088963771E-01 a      1041     1     1     2     1
 -9.8980472417416115E-02 a      1042     1     1     2     2
  4.9731916020181638E-01 a      1043     1     1     2     3
 -4.0292999167030896E-01 a      1044     1     1     2     4
 -4.2348329544482277E-01 a      1045     1     1     2     5
 -3.6967649450358403E-01 a      1046     1     1     2     6
  5.2494694744756365E-01 a      1047     1     1     2     7
 -4.3017531719485670E-02 a      1048     1     1     2     8
 -3.7759590578391733E-01 a      1049     1     1     2     9
  6.2596045001510436E-01 a      1050     1     1     2    10
  3.9190579368639722E-01 a      1051     1     1     2    11
 -7.3732155878125261E-01 a      1052     1     1     2    12
 -1.4577598946200335E-01 a      1053     1     1     2    13
 -4.1513818397727087E-01 a      1054     1     1     2    14
  2.2567051316129783E-01 a      1055     1     1     2    15
  6.7492941094801015E-02 a      1056     1     1     2    16
 -1.7618348900960720E-01 a      1057     1     2     2     1
 -1.0604605387553263E-01 a      1058     1     2     2     2
  3.9446565219160390E-01 a      1059     1     2     2     3
  1.4053378471042280E-01 a      1060     1     2     2     4
  4.2335839440387525E-02 a      1061     1     2     2     5
 -7.0336109599840616E-02 a      1062     1     2     2     6
  2.2997228224543634E-01 a      1063     1     2     2     7
  1.9083781842454103E-01 a      1064     1     2     2     8
  5.1327393027718837E-01 a      1065     1     2     2     9
 -1.8114879985389160E-01 a      1066     1     2     2    10
  1.7249678531684667E-01 a      1067     1     2     2    11
 -9.2370809182848346E-02 a      1068     1     2     2    12
 -3.8983773533752530E-01 a      1069     1     2     2    13
  2.4437550086304737E-02 a      1070     1     2     2    14
 -1.0683179205653272E-01 a      1071     1     2     2    15
 -4.5423976319483866E-01 a      1072     1     2     2    16
 -1.7580635596981520E-01 a      1073     1     3     2     1
  6.3417425014927975E-02 a      1074     1     3     2     2
  1.6538421282487661E-01 a      1075     1     3     2     3
 -1.8910871715660302E-01 a      1076     1     3     2     4
 -4.1773876048931166E-02 a      1077     1     3     2     5
 -5.7744626832146380E-02 a      1078     1     3     2     6
 -4.3138357901542768E-01 a      1079     1     3     2     7
 -2.1720163669847556E-01 a      1080     1     3     2     8
  3.5447624303280717E-02 a      1081     1     3     2     9
 -2.3035247980660598E-01 a      1082     1     3     2    10
  1.3508298078364214E-01 a      1083     1     3     2    11
 -3.9303522980671424E-01 a      1084     1     3     2    12
 -1.2862804310417994E-02 a      1085     1     3     2    13
 -3.6178515996470634E-01 a      1086     1     3     2    14
 -2.8495485793744973E-01 a      1087     1     3     2    15
  4.5785461072274231E-01 a      1088     1     3     2    16
 -2.6507409740461126E-02 a      1089     1     4     2     1
  3.9206176344989413E-01 a      1090     1     4     2     2
  2.2283196709089204E-01 a      1091     1     4     2     3
  8.1078048218717908E-03 a      1092     1     4     2     4
  4.7353362170434637E-01 a      1093     1     4     2     5
 -3.2249008484685884E-02 a      1094     1     4     2     6
  1.4574909273679942E-01 a      1095     1     4     2     7
  8.2214017007910117E-03 a      1096     1     4     2     8
  4.7822645487808502E-01 a      1097     1     4     2     9
 -2.7355590801344870E-01 a      1098     1     4     2    10
  1.8049324821354465E-01 a      1099     1     4     2    11
 -1.8745068056091502E-01 a      1100     1     4     2    12
 -5.2768079466401628E-02 a      1101     1     4     2    13
 -3.2316299603142373E-01 a      1102     1     4     2    14
 -1.4763662029534236E-01 a      1103     1     4     2    15
 -9.8018661340457239E-02 a      1104     1     4     2    16
  2.8859765915752134E-01 a      1105     1     5     2     1
  1.2319529668957149E-01 a      1106     1     5     2     2
 -3.6682081244597403E-01 a      1107     1     5     2     3
 -3.9557696267542475E-01 a      1108     1     5     2     4
  3.8341140118230733E-02 a      1109     1     5     2     5
  1.1643945634643611E-01 a      1110     1     5     2     6
 -9.4512676647958233E-02 a      1111     1     5     2     7
  7.1838679569123834E-02 a      1112     1     5     2     8
  3.8436112641907555E-01 a      1113     1     5     2     9
  2.5890709400918965E-01 a      1114     1     5     2    10
 -1.9880641512120711E-01 a      1115     1     5     2    11
 -4.1446616800268027E-01 a      1116     1     5     2    12
  7.3584147344437009E-02 a      1117     1     5     2    13
 -1.8443821759684539E-01 a      1118     1     5     2    14
 -2.1411596073595693E-01 a      1119     1     5     2    15
 -2.7253622660162075E-01 a      1120     1     5     2    16
 -1.3760597616479248E-01 a      1121     1     6     2     1
 -8.1929089452203963E-01 a      1122     1     6     2     2
  3.2300136587816153E-01 a      1123     1     6     2     3
 -5.9040521335568088E-03 a      1124     1     6     2     4
 -2.1418704678400499E-01 a      1125     1     6     2     5
 -1.7726871614613607E-01 a      1126     1     6     2     6
 -9.2395538762599358E-02 a      1127     1     6     2     7
  2.3339916808522085E-01 a      1128     1     6     2     8
 -3.2278053197045997E-01 a      1129     1     6     2     9
  1.8494802381991740E-01 a      1130     1     6     2    10
  1.7249718740626355E-01 a      1131     1     6     2    11
  1.4570235379542434E-01 a      1132     1     6     2    12
  3.5356554776644983E-01 a      1133     1     6     2    13
 -5.9370538185021700E-02 a      1134     1     6     2    14
 -6.6225114327169210E-01 a      1135     1     6     2    15
  7.3083765017110280E-02 a      1136     1     6     2    16
  3.2745510486774987E-02 a      1137     1     7     2     1
 -9.2570167054155508E-02 a      1138     1     7     2     2
 -2.5695289294287321E-01 a      1139     1     7     2     3
 -2.1066776951174745E-02 a      1140     1     7     2     4
  2.0143130616074909E-01 a      1141     1     7     2     5
  3.4283341752087232E-01 a      1142     1     7     2     6
 -2.0762603557012688E-01 a      1143     1     7     2     7
 -6.4911101477075808E-02 a      1144     1     7     2     8
 -1.3636676565922534E+00 a      1145     1     7     2     9
  2.1015232042344875E-01 a      1146     1     7     2    10
 -5.3681072754763060E-01 a      1147     1     7     2    11
  2.3136871938736828E-01 a      1148     1     7     2    12
 -2.5555404423936112E-01 a      1149     1     7     2    13
 -2.1634244364208091E-01 a      1150     1     7     2    14
  1.8935156096063330E-01 a      1151     1     7     2    15
 -5.6136703556330707E-02 a      1152     1     7     2    16
  6.4181130672658471E-01 a      1153     1     8     2     1
  5.8658711587805379E-01 a      1154     1     8     2     2
 -7.8868851632453918E-01 a      1155     1     8     2     3
 -3.2899091981584577E-01 a      1156     1     8     2     4
 -1.4360653637334297E-01 a      1157     1     8     2     5
  3.8105445119932818E-01 a      1158     1     8     2     6
 -2.7426517185083837E-01 a      1159     1     8     2     7
 -1.7778360312655772E-01 a      1160     1     8     2     8
  1.1753205728532877E-01 a      1161     1     8     2     9
 -1.0569166733417444E-01 a      1162     1     8     2    10
 -9.2372789619505791E-01 a      1163     1     8     2    11
  2.3905944434507820E-01 a      1164     1     8     2    12
  5.5072127879286348E-01 a      1165     1     8     2    13
  4.7824102562881582E-01 a      1166     1     8     2    14
  1.1885049404027752E+00 a      1167     1     8     2    15
 -4.3904333140980273E-01 a      1168     1     8     2    16
  2.0101950335689109E-01 a      1169     1     9     2     1
  2.3176869498239833E-01 a      1170     1     9     2     2
 -3.3182627258028335E-01 a      1171     1     9     2     3
  2.1815592258951872E-02 a      1172     1     9     2     4
  1.1952790857563191E-01 a      1173     1     9     2     5
 -1.4827080482525390E-01 a      1174     1     9     2     6
 -2.9948231179487250E-02 a      1175     1     9     2     7
 -1.6910755046547110E-01 a      1176     1     9     2     8
  2.8277903051456316E-01 a      1177     1     9     2     9
 -4.7450624227119692E-01 a      1178     1     9     2    10
 -7.3173191976564009E-02 a      1179     1     9     2    11
 -1.4411555387646410E-01 a      1180     1     9     2    12
 -1.2589697255349683E-01 a      1181     1     9     2    13
  1.4061849554361092E-01 a      1182     1     9     2    14
  5.9428205264483669E-01 a      1183     1     9     2    15
  2.0344090792736885E-01 a      1184     1     9     2    16
 -1.6196844838291244E-02 a      1185     1    10     2     1
 -1.3481136777911054E-01 a      1186     1    10     2     2
 -2.0824283595585749E-01 a      1187     1    10     2     3
 -9.2928864610036105E-02 a      1188     1    10     2     4
  5.5316253383531931E-02 a      1189     1    10     2     5
 -1.4877024031890040E-01 a      1190     1    10     2     6
 -3.6392688617638952E-01 a      1191     1    10     2     7
 -1.5428133267765101E-01 a      1192     1    10     2     8
  1.7410832332204546E-01 a      1193     1    10     2     9
  2.1406959810894607E-01 a      1194     1    10     2    10
  2.4638166409911375E-01 a      1195     1    10     2    11
  5.4253526073066061E-01 a      1196     1    10     2    12
  1.3384923481308555E-01 a      1197     1    10     2    13
  2.7495120403939438E-01 a      1198     1    10     2    14
 -3.2612369887106550E-02 a      1199     1    10     2    15
 -5.2101025266063150E-01 a      1200     1    10     2    16
  1.2943613499238979E-01 a      1201     1    11     2     1
 -1.0234426520612598E-01 a      1202     1    11     2     2
  2.4518586252934230E-01 a      1203     1    11     2     3
 -2.3645147493822797E-02 a      1204     1    11     2     4
 -1.9186951369878258E-03 a      1205     1    11     2     5
  3.5357457398644471E-01 a      1206     1    11     2     6
 -1.5221788933476982E-01 a      1207     1    11     2     7
  1.7470395122418311E-01 a      1208     1    11     2     8
 -4.7424970195357885E-01 a      1209     1    11     2     9
  4.0480276515614860E-01 a      1210     1    11     2    10
 -1.5997649706481676E-01 a      1211     1    11     2    11
  1.3790342203868680E-01 a      1212     1    11     2    12
 -4.6759294755176151E-01 a      1213     1    11     2    13
 -9.7998584515825340E-02 a      1214     1    11     2    14
  8.6335015646822477E-01 a      1215     1    11     2    15
  1.1116984787190292E+00 a      1216     1    11     2    16
 -1.1776770315662649E-01 a      1217     1    12     2     1
  7.4090369894243432E-02 a      1218     1    12     2     2
  1.8595669984176869E-01 a      1219     1    12     2     3
 -7.1376663327296488E-02 a      1220     1    12     2     4
 -1.4867203405641624E-01 a      1221     1    12     2     5
  4.2767172543662239E-02 a      1222     1    12     2     6
 -7.1785324024637487E-01 a      1223     1    12     2     7
 -5.5697677314380994E-02 a      1224     1    12     2     8
 -8.4944360856630019E-01 a      1225     1    12     2     9
  4.4071473056998559E-02 a      1226     1    12     2    10
 -2.5040195039370666E-01 a      1227     1    12     2    11
  2.0481842226993816E-01 a      1228     1    12     2    12
  3.0109194998769206E-01 a      1229     1    12     2    13
  1.6120607800305175E-02 a      1230     1    12     2    14
 -4.3378225215540733E-01 a      1231     1    12     2    15
 -3.3336289479662479E-01 a      1232     1    12     2    16
  1.3655940084418636E-01 a      1233     1    13     2     1
 -4.8050871379968757E-01 a      1234     1    13     2     2
  1.3148447641969424E-01 a      1235     1    13     2     3
 -3.2732678735554716E-01 a      1236     1    13     2     4
  2.6639887772587312E-01 a      1237     1    13     2     5
 -6.1388620171083785E-01 a      1238     1    13     2     6
  3.6024487051507681E-01 a      1239     1    13     2     7
 -2.4678002580355279E-01 a      1240     1    13     2     8
  5.3740139758332561E-01 a      1241     1    13     2     9
 -3.5087282047027074E-02 a      1242     1    13     2    10
  1.0149156820569490E-01 a      1243     1    13     2    11
 -3.0373939494881419E-01 a      1244     1    13     2    12
 -7.7425623866513715E-01 a      1245     1    13     2    13
  8.3814917836078348E-02 a      1246     1    13     2    14
  6.7410180392714758E-01 a      1247     1    13     2    15
  2.2926692190407000E-01 a      1248     1    13     2    16
  1.9898800189591015E-01 a      1249     1    14     2     1
 -3.1209359536436183E-02 a      1250     1    14     2     2
 -6.2602614624976272E-01 a      1251     1    14     2     3
  1.6662693279449928E-01 a      1252     1    14     2     4
  2.8235752132204778E-01 a      1253     1    14     2     5
  6.4888453591140893E-01 a      1254     1    14     2     6
  2.2149767802844705E-01 a      1255     1    14     2     7
  7.7431820842471757E-02 a      1256     1    14     2     8
 -1.0705439505310865E+00 a      1257     1    14     2     9
  1.1756221551841634E-01 a      1258     1    14     2    10
 -6.5273836663249163E-01 a      1259     1    14     2    11
 -2.3206074713344430E-01 a      1260     1    14     2    12
  1.7866224002244244E-01 a      1261     1    14     2    13
  2.5987127814284866E-01 a      1262     1    14     2    14
 -2.2057274386766031E-02 a      1263     1    14     2    15
  1.0652338419730541E-01 a      1264     1    14     2    16
  7.7705050056397662E-02 a      1265     1    15     2     1
  1.1347509443269201E-01 a      1266     1    15     2     2
 -1.0619597016633021E-01 a      1267     1    15     2     3
 -3.5031134846990400E-02 a      1268     1    15     2     4
 -2.3549793128140456E-01 a      1269     1    15     2     5
 -1.2895162489061565E-01 a      1270     1    15     2     6
  2.2865685358971159E-02 a      1271     1    15     2     7
 -4.6119894757681301E-01 a      1272     1    15     2     8
 -1.0613771755955238E-01 a      1273     1    15     2     9
  4.1148970458398848E-01 a      1274     1    15     2    10
  9.9873017724653415E-02 a      1275     1    15     2    11
 -2.4570014337796664E-01 a      1276     1    15     2    12
  1.5236876112424239E-01 a      1277     1    15     2    13
 -7.9811961999140715E-02 a      1278     1    15     2    14
  2.5434838397656678E-01 a      1279     1    15     2    15
 -2.3864810360751595E-02 a      1280     1    15     2    16
  5.6899767912493993E-01 a      1281     1    16     2     1
 -3.2883941658045625E-02 a      1282     1    16     2     2
  1.7213728537971806E-01 a      1283     1    16     2     3
  7.3281571064128392E-01 a      1284     1    16     2     4
 -1.5704515834641511E-01 a      1285     1    16     2     5
 -2.9421857303150134E-01 a      1286     1    16     2     6
  9.5278834087601072E-02 a      1287     1    16     2     7
  7.8142111523556257E-01 a      1288     1    16     2     8
  3.8124607120129878E-01 a      1289     1    16     2     9
 -3.6358593925003896E-01 a      1290     1    16     2    10
 -6.1084818700108991E-02 a      1291     1    16     2    11
  2.1606877864246632E-01 a      1292     1    16     2    12
 -6.9622432184096661E-01 a      1293     1    16     2    13
 -9.6193169182688748E-02 a      1294     1    16     2    14
  3.2366408019364429E-01 a      1295     1    16     2    15
 -3.8418908583162809E-01 a      1296     1    16     2    16
 -1.1541136021711917E-02 b      1297     2     1
 -4.4810464780708117E-02 b      1298     2     2
 -5.3511109972835709E-02 b      1299     2     3
  1.9368812648355202E-02 b      1300     2     4
  1.3881703064448483E-02 b      1301     2     5
  1.3346927558311478E-02 b      1302     2     6
 -7.0365043908135139E-02 b      1303     2     7
  1.6861700754612852E-02 b      1304     2     8
  4.9683260954236572E-02 b      1305     2     9
 -3.5547845879073822E-02 b      1306     2    10
 -1.2548600707696381E-01 b      1307     2    11
  8.7632686378570340E-03 b      1308     2    12
  1.0036061866539689E-01 b      1309     2    13
  8.8894865903241874E-02 b      1310     2    14
 -2.1908690823818963E-01 b      1311     2    15
  4.5881294578964886E-02 b      1312     2    16
 -6.0678945729504985E-01 a      1313     2     1     3     1
  4.0518844769803369E-01 a      1314     2     2     3     1
 -5.3371630375575474E-01 a      1315     2     3     3     1
 -5.0983539156073432E-01 a      1316     2     4     3     1
 -7.1224821235589519E-01 a      1317     2     5     3     1
 -4.8834271730932161E-01 a      1318     2     6     3     1
  6.6315014324178090E-01 a      1319     2     7     3     1
  7.5518047705597036E-01 a      1320     2     8     3     1
 -1.5537421636016452E-01 a      1321     2     9     3     1
 -5.1616753522484116E-01 a      1322     2    10     3     1
  5.6734064389787831E-01 a      1323     2    11     3     1
  5.1530600818951833E-01 a      1324     2    12     3     1
 -3.0204235313747645E-02 a      1325     2    13     3     1
 -8.1647469912705639E-01 a      1326     2    14     3     1
 -4.0532134980544636E-02 a      1327     2    15     3     1
  9.5622787881259511E-02 a      1328     2    16     3     1
  4.9211009821508840E-02 b      1329     3     1
