################################################################################
# Neural network connection values (weights and biases).
################################################################################
# Col  Name       Description
################################################################################
# 1    connection Neural network connection value.
# 2    t          Connection type (a = weight, b = bias).
# 3    index      Index enumerating weights.
# 4    l_s        Starting point layer (end point layer for biases).
# 5    n_s        Starting point neuron in starting layer (end point neuron for biases).
# 6    l_e        End point layer.
# 7    n_e        End point neuron in end layer.
################################################################################
#                      1 2         3     4     5     6     7
#             connection t     index   l_s   n_s   l_e   n_e
############################################################
 -4.9174517273912549E-01 a         1     0     1     1     1
 -2.3705202385739499E+00 a         2     0     1     1     2
  7.4825755432210161E-01 a         3     0     1     1     3
 -3.0008250854807628E+00 a         4     0     1     1     4
 -1.9059328238468198E+00 a         5     0     1     1     5
  2.7970978946644789E+00 a         6     0     1     1     6
  2.4686384533946542E+00 a         7     0     1     1     7
 -3.0309268797929931E+00 a         8     0     1     1     8
 -2.7346887613162467E+00 a         9     0     1     1     9
 -2.3873922316916887E+00 a        10     0     1     1    10
  8.2528496649619387E-01 a        11     0     1     1    11
 -1.0603050549376731E+00 a        12     0     1     1    12
 -2.3670040926780361E-01 a        13     0     1     1    13
 -8.0515088871004803E-01 a        14     0     1     1    14
  3.6084593909142426E-01 a        15     0     1     1    15
 -2.2602395300673312E+00 a        16     0     1     1    16
  3.9208791078831978E-01 a        17     0     2     1     1
  9.2135718981717787E+00 a        18     0     2     1     2
 -1.4373018361845714E+01 a        19     0     2     1     3
 -2.8492276574657244E-01 a        20     0     2     1     4
 -5.1594436432643338E+00 a        21     0     2     1     5
  7.5614442465536840E+00 a        22     0     2     1     6
  2.2240557859263026E+00 a        23     0     2     1     7
 -4.2743420833137531E+00 a        24     0     2     1     8
 -5.2032718957205661E+00 a        25     0     2     1     9
 -5.1128412793572116E+00 a        26     0     2     1    10
 -2.5880500853673261E+00 a        27     0     2     1    11
  2.9123056619927978E-01 a        28     0     2     1    12
  1.6162453302119038E+00 a        29     0     2     1    13
 -4.2323136886110104E+00 a        30     0     2     1    14
 -5.2463974604364987E+00 a        31     0     2     1    15
  2.1376164467907328E+00 a        32     0     2     1    16
 -2.4603680553240181E+00 a        33     0     3     1     1
 -2.4560009938330660E+00 a        34     0     3     1     2
  1.4416667669423280E+01 a        35     0     3     1     3
 -1.4792250273444614E+00 a        36     0     3     1     4
 -7.7592877868832364E+00 a        37     0     3     1     5
 -6.7275121721149960E+00 a        38     0     3     1     6
  1.0712905069175843E+01 a        39     0     3     1     7
 -1.4281472299599157E-01 a        40     0     3     1     8
 -1.2949611199999358E+01 a        41     0     3     1     9
 -3.4278878130933252E+00 a        42     0     3     1    10
  1.8797621399819404E+00 a        43     0     3     1    11
 -1.1615779542394181E+01 a        44     0     3     1    12
 -1.5054577820996426E+00 a        45     0     3     1    13
  2.4723302738249963E+01 a        46     0     3     1    14
 -5.6861089446539808E+00 a        47     0     3     1    15
  1.0913034790533889E+01 a        48     0     3     1    16
  2.9649649839513109E-01 a        49     0     4     1     1
 -1.2091493235116712E+01 a        50     0     4     1     2
  1.4123862568521901E+01 a        51     0     4     1     3
 -9.2500954971827953E-01 a        52     0     4     1     4
  9.7735833190810055E+00 a        53     0     4     1     5
 -6.9952724288176675E+00 a        54     0     4     1     6
 -4.9964717630040543E+00 a        55     0     4     1     7
  4.3591529811386591E+00 a        56     0     4     1     8
  3.3716709993213168E+00 a        57     0     4     1     9
  1.5735003014858315E+00 a        58     0     4     1    10
  9.4297833164197109E-01 a        59     0     4     1    11
  6.0351545218055684E-02 a        60     0     4     1    12
 -3.4480215602228945E+00 a        61     0     4     1    13
  1.8311027785419574E+00 a        62     0     4     1    14
  6.2342479634246803E+00 a        63     0     4     1    15
 -1.8676176009876486E+00 a        64     0     4     1    16
  1.4318636961660247E+00 a        65     0     5     1     1
 -5.2895989322957471E+00 a        66     0     5     1     2
 -1.1543242865173873E+01 a        67     0     5     1     3
  3.3083898830324610E+00 a        68     0     5     1     4
  1.8675870692408064E-01 a        69     0     5     1     5
  6.8540967753814135E+00 a        70     0     5     1     6
 -9.7162486117970097E+00 a        71     0     5     1     7
 -3.7585529466374599E+00 a        72     0     5     1     8
  5.9533455763954821E+00 a        73     0     5     1     9
  5.5873380420979322E+00 a        74     0     5     1    10
  1.6985095484750892E+00 a        75     0     5     1    11
  1.4616744215837988E+01 a        76     0     5     1    12
  2.9397370944325112E+00 a        77     0     5     1    13
 -2.7941724315316790E+01 a        78     0     5     1    14
  4.4791942077633671E+00 a        79     0     5     1    15
 -1.3985048426022093E+01 a        80     0     5     1    16
  8.3799642413809206E-01 a        81     0     6     1     1
  1.7667128722702277E+00 a        82     0     6     1     2
  5.8856236771639092E-02 a        83     0     6     1     3
  2.3578357923724238E+00 a        84     0     6     1     4
  2.2524017051719443E+00 a        85     0     6     1     5
 -3.0330259990665369E+00 a        86     0     6     1     6
 -2.8375993932730199E+00 a        87     0     6     1     7
  2.5525756164294204E+00 a        88     0     6     1     8
  2.4015122377531868E+00 a        89     0     6     1     9
  8.0945385227450284E-01 a        90     0     6     1    10
 -1.6960063794683260E+00 a        91     0     6     1    11
  1.5239995097933956E+00 a        92     0     6     1    12
  4.1122622889548194E-01 a        93     0     6     1    13
  7.7450236928125338E-01 a        94     0     6     1    14
 -6.3176058163972160E-01 a        95     0     6     1    15
  1.8420606618215127E+00 a        96     0     6     1    16
 -5.2433141847443354E-01 a        97     0     7     1     1
  3.6604677085287918E+00 a        98     0     7     1     2
 -2.7757563386157411E+00 a        99     0     7     1     3
  1.1434222534834872E+00 a       100     0     7     1     4
 -3.2131592367842123E+00 a       101     0     7     1     5
  1.1485834079860331E+00 a       102     0     7     1     6
  1.8396912276881439E+00 a       103     0     7     1     7
 -1.0801872292848929E+00 a       104     0     7     1     8
  2.8722900281338476E-02 a       105     0     7     1     9
  9.2347352308796626E-01 a       106     0     7     1    10
  8.1029999331856217E-01 a       107     0     7     1    11
  9.9011356621294108E-02 a       108     0     7     1    12
  2.0282416938422920E+00 a       109     0     7     1    13
  4.5428730615111962E-01 a       110     0     7     1    14
 -1.4531792498441178E+00 a       111     0     7     1    15
  5.1872534297838679E-01 a       112     0     7     1    16
 -2.7135370490526500E-01 a       113     0     8     1     1
  3.3034545591499915E+00 a       114     0     8     1     2
  7.4031501256405940E-01 a       115     0     8     1     3
 -1.3373963877343928E+00 a       116     0     8     1     4
  2.8665342902069866E+00 a       117     0     8     1     5
 -1.7016420516965585E+00 a       118     0     8     1     6
  1.8707930322075335E+00 a       119     0     8     1     7
  2.3246399881348956E+00 a       120     0     8     1     8
  1.7255065904023075E+00 a       121     0     8     1     9
 -1.7121044418502565E+00 a       122     0     8     1    10
 -1.3790920056804237E+00 a       123     0     8     1    11
 -3.6856357766306767E+00 a       124     0     8     1    12
 -3.4348257830116702E-01 a       125     0     8     1    13
  6.8800226676742886E+00 a       126     0     8     1    14
 -6.6993884272926818E-01 a       127     0     8     1    15
  4.1017718335676712E+00 a       128     0     8     1    16
 -7.6149812726234656E-01 a       129     0     9     1     1
 -3.4825335271913316E-01 a       130     0     9     1     2
 -6.0107761505817529E-02 a       131     0     9     1     3
 -5.9222720186887623E-01 a       132     0     9     1     4
 -1.0356855061408405E+00 a       133     0     9     1     5
  1.0415960999541869E+00 a       134     0     9     1     6
  1.6471365744091082E+00 a       135     0     9     1     7
 -1.0980565811759553E+00 a       136     0     9     1     8
 -6.2912727269602531E-01 a       137     0     9     1     9
  3.2787516650052112E-02 a       138     0     9     1    10
  9.6795707051718061E-01 a       139     0     9     1    11
 -4.6564972287329748E-01 a       140     0     9     1    12
 -1.8971595859386511E-01 a       141     0     9     1    13
  8.0948466082552115E-02 a       142     0     9     1    14
  1.5906518631765978E-01 a       143     0     9     1    15
 -3.3298395935989317E-01 a       144     0     9     1    16
  2.3158107758486155E+00 a       145     0    10     1     1
 -6.1233732494727922E-01 a       146     0    10     1     2
 -1.4010146580059410E-01 a       147     0    10     1     3
  5.5124906222471806E+00 a       148     0    10     1     4
 -2.7504727754992958E-01 a       149     0    10     1     5
  2.4190679259602708E+00 a       150     0    10     1     6
 -4.3941595449735509E+00 a       151     0    10     1     7
  4.7776303196721237E+00 a       152     0    10     1     8
  4.0150230854855931E+00 a       153     0    10     1     9
  3.9365096900077843E+00 a       154     0    10     1    10
 -4.7170268604863219E+00 a       155     0    10     1    11
 -1.9902941963448753E+00 a       156     0    10     1    12
  4.9611369736426845E+00 a       157     0    10     1    13
 -2.5111423344698087E+00 a       158     0    10     1    14
 -2.7026229997925131E+00 a       159     0    10     1    15
  2.4052565000981994E+00 a       160     0    10     1    16
  4.1875193240461224E+00 a       161     0    11     1     1
  1.5861233656641789E+00 a       162     0    11     1     2
  8.0971584436211224E+00 a       163     0    11     1     3
  1.9301304591394686E-01 a       164     0    11     1     4
 -5.9452269928456172E+00 a       165     0    11     1     5
 -1.9726568126446820E-01 a       166     0    11     1     6
  5.5648645340677279E+00 a       167     0    11     1     7
  2.4890047386569267E+00 a       168     0    11     1     8
  5.3748199180980194E-01 a       169     0    11     1     9
  3.4906940165728786E+00 a       170     0    11     1    10
  1.1951774706906413E+00 a       171     0    11     1    11
 -4.5407505819942529E+00 a       172     0    11     1    12
 -2.2657937577454579E+00 a       173     0    11     1    13
  1.9607899970264058E+00 a       174     0    11     1    14
  5.0971483132674003E+00 a       175     0    11     1    15
 -6.5861195894408917E+00 a       176     0    11     1    16
 -1.3852894253450674E+00 a       177     0    12     1     1
  5.7826877435103334E+00 a       178     0    12     1     2
 -8.5995044244614149E+00 a       179     0    12     1     3
  2.5337269117429160E+00 a       180     0    12     1     4
  8.7593000337456566E+00 a       181     0    12     1     5
  5.1066525957197690E+00 a       182     0    12     1     6
 -9.7678318387043266E+00 a       183     0    12     1     7
  1.9140441504663661E+00 a       184     0    12     1     8
  6.9833897900657602E+00 a       185     0    12     1     9
 -5.4971865325641134E-01 a       186     0    12     1    10
 -1.2028675045685562E+01 a       187     0    12     1    11
 -3.1515335463538752E+00 a       188     0    12     1    12
 -1.5501722037007870E+00 a       189     0    12     1    13
 -5.4944731812397007E+00 a       190     0    12     1    14
  1.7251423159000352E+00 a       191     0    12     1    15
 -3.9051546039128047E+00 a       192     0    12     1    16
 -8.4973754495233855E+00 a       193     0    13     1     1
  3.2600159643618039E+00 a       194     0    13     1     2
  3.4268126784563711E+00 a       195     0    13     1     3
  6.0284072758033949E+00 a       196     0    13     1     4
  3.6792370872757494E+00 a       197     0    13     1     5
 -3.7827991433040489E+00 a       198     0    13     1     6
  3.3925381738125227E-01 a       199     0    13     1     7
  1.0476929031530657E+01 a       200     0    13     1     8
 -7.2697733961159177E+00 a       201     0    13     1     9
 -4.1452387506056878E+00 a       202     0    13     1    10
  5.5584322635008006E+00 a       203     0    13     1    11
 -7.5906063553947192E+00 a       204     0    13     1    12
 -9.8624400145294633E+00 a       205     0    13     1    13
 -1.5012078556633712E+00 a       206     0    13     1    14
  7.9678233543846879E+00 a       207     0    13     1    15
 -2.5541072260204518E+00 a       208     0    13     1    16
 -7.3208851707227451E-01 a       209     0    14     1     1
  4.4502953681491570E+00 a       210     0    14     1     2
 -8.4238253377584922E+00 a       211     0    14     1     3
  1.6561247422333696E+00 a       212     0    14     1     4
  7.0002586800055990E+00 a       213     0    14     1     5
  7.7335492821453968E+00 a       214     0    14     1     6
  3.2087777737445862E+00 a       215     0    14     1     7
 -3.2937649743874453E+00 a       216     0    14     1     8
  1.5193742446371121E+00 a       217     0    14     1     9
 -3.7147480644287931E+00 a       218     0    14     1    10
 -7.5912223658783313E+00 a       219     0    14     1    11
 -5.7990791595075981E+00 a       220     0    14     1    12
 -2.8599275656131691E+00 a       221     0    14     1    13
 -1.7541812892392472E+00 a       222     0    14     1    14
  3.2822915676537558E+00 a       223     0    14     1    15
  2.5500872870725194E-01 a       224     0    14     1    16
  3.5994535793742757E+00 a       225     0    15     1     1
 -1.3274454368533524E+01 a       226     0    15     1     2
 -6.3684677656388171E+00 a       227     0    15     1     3
  5.8264221887016743E-01 a       228     0    15     1     4
 -2.4543795767046621E+00 a       229     0    15     1     5
  7.0286156045349095E+00 a       230     0    15     1     6
  6.4907004113080413E-01 a       231     0    15     1     7
 -5.0065728066882444E+00 a       232     0    15     1     8
 -2.0138582470996962E+00 a       233     0    15     1     9
  1.0888283079758109E+01 a       234     0    15     1    10
 -1.3841870453321252E+00 a       235     0    15     1    11
 -7.6739765181021067E+00 a       236     0    15     1    12
 -1.5121909571441421E+01 a       237     0    15     1    13
 -5.8573813419549237E-01 a       238     0    15     1    14
  4.1564463987246834E+00 a       239     0    15     1    15
  8.1709669772194768E+00 a       240     0    15     1    16
  2.5801136437141401E+00 a       241     0    16     1     1
  2.2703765233760635E+00 a       242     0    16     1     2
 -7.0233415430584625E+00 a       243     0    16     1     3
 -1.5714595662337485E+00 a       244     0    16     1     4
  2.5402919552643035E+00 a       245     0    16     1     5
  3.0423338996346048E+00 a       246     0    16     1     6
 -6.1555636676670722E-01 a       247     0    16     1     7
 -4.3572655980721736E-01 a       248     0    16     1     8
 -6.5580772906750235E+00 a       249     0    16     1     9
 -6.0681118035212513E+00 a       250     0    16     1    10
 -2.2536739664147158E+00 a       251     0    16     1    11
  5.5709163955899109E-02 a       252     0    16     1    12
 -1.6397281649178921E+00 a       253     0    16     1    13
 -3.3869946871983729E+00 a       254     0    16     1    14
  9.0871266409294910E-02 a       255     0    16     1    15
  3.5151995334226016E-01 a       256     0    16     1    16
  1.6416652617326637E+00 a       257     0    17     1     1
 -3.7046492574946954E-01 a       258     0    17     1     2
  2.4399713472381598E-01 a       259     0    17     1     3
  1.1155002980106063E-01 a       260     0    17     1     4
 -7.4384780041174925E-01 a       261     0    17     1     5
  1.1409171018847775E+00 a       262     0    17     1     6
 -8.9888656167310843E-01 a       263     0    17     1     7
 -9.0279676950658494E-01 a       264     0    17     1     8
 -3.0682909834586197E-01 a       265     0    17     1     9
  8.5111776212879908E-01 a       266     0    17     1    10
 -6.9117284269820189E-01 a       267     0    17     1    11
 -4.1626751392232764E-01 a       268     0    17     1    12
 -1.6466033432185982E+00 a       269     0    17     1    13
 -8.5369230347912262E-01 a       270     0    17     1    14
  2.4864337013247118E-01 a       271     0    17     1    15
  1.6997337103400656E+00 a       272     0    17     1    16
 -6.2398486992162006E-01 a       273     0    18     1     1
 -1.2425611741738614E+00 a       274     0    18     1     2
 -1.6897773706659385E+00 a       275     0    18     1     3
 -7.0875115030589808E-01 a       276     0    18     1     4
  1.6381171692680314E+00 a       277     0    18     1     5
  3.8572611145634894E-01 a       278     0    18     1     6
  1.1896127123594686E+00 a       279     0    18     1     7
 -2.3657504345078011E+00 a       280     0    18     1     8
 -2.5391335154587158E+00 a       281     0    18     1     9
 -3.0393767142026942E+00 a       282     0    18     1    10
 -2.0703877347317190E-01 a       283     0    18     1    11
  1.8145017939514585E-01 a       284     0    18     1    12
 -9.0188055795094146E-01 a       285     0    18     1    13
  1.7335005650520061E+00 a       286     0    18     1    14
 -6.0239943787372352E-02 a       287     0    18     1    15
  6.4214399506790532E-01 a       288     0    18     1    16
 -1.4519875849027115E+00 a       289     0    19     1     1
 -3.9725411653592357E+00 a       290     0    19     1     2
  2.0822536946402895E-01 a       291     0    19     1     3
 -3.9621338378992921E-01 a       292     0    19     1     4
  2.7783749829332005E-01 a       293     0    19     1     5
 -4.0955877011362679E-01 a       294     0    19     1     6
  3.5596601961370786E+00 a       295     0    19     1     7
 -8.5183180227504796E-01 a       296     0    19     1     8
 -2.7499281763890240E+00 a       297     0    19     1     9
  8.0404286477234610E-01 a       298     0    19     1    10
  1.5209760808580319E+00 a       299     0    19     1    11
 -4.6981029906802052E-01 a       300     0    19     1    12
 -2.6677506451896443E-01 a       301     0    19     1    13
  2.5722865966426220E+00 a       302     0    19     1    14
 -2.1350581821547357E-01 a       303     0    19     1    15
  2.3344961998122160E-01 a       304     0    19     1    16
 -5.8242462783603726E+00 a       305     0    20     1     1
 -9.5322376602245060E-02 a       306     0    20     1     2
 -3.8856619435880382E+00 a       307     0    20     1     3
 -4.4927949305665154E+00 a       308     0    20     1     4
 -2.7652484288240129E+00 a       309     0    20     1     5
 -7.7517002903724848E+00 a       310     0    20     1     6
  2.9485933794549268E+00 a       311     0    20     1     7
 -5.1366604995271139E+00 a       312     0    20     1     8
 -3.2832611234596389E+00 a       313     0    20     1     9
  2.5226617777758635E+00 a       314     0    20     1    10
  1.4387123287809088E+01 a       315     0    20     1    11
  5.5118898109305103E+00 a       316     0    20     1    12
 -1.5269631187597952E+01 a       317     0    20     1    13
  7.4769235439944239E+00 a       318     0    20     1    14
  7.2298224451573851E+00 a       319     0    20     1    15
 -3.8926756756750569E+00 a       320     0    20     1    16
 -1.2540603201954189E+01 a       321     0    21     1     1
 -7.6182132613534543E+00 a       322     0    21     1     2
 -1.0528394922712738E+00 a       323     0    21     1     3
  4.7822110985211967E+00 a       324     0    21     1     4
  6.5081372015169183E+00 a       325     0    21     1     5
 -4.1632934193268580E+00 a       326     0    21     1     6
 -1.4273557637067686E+01 a       327     0    21     1     7
 -2.0200764646200757E+00 a       328     0    21     1     8
  1.2670441162588231E+01 a       329     0    21     1     9
  5.6200183099389589E+00 a       330     0    21     1    10
  3.0615870164756616E+00 a       331     0    21     1    11
  1.0192637133394514E+01 a       332     0    21     1    12
  9.8480248748748933E-01 a       333     0    21     1    13
  2.3478543586483092E+00 a       334     0    21     1    14
 -9.0123937597681003E+00 a       335     0    21     1    15
  1.0744219310307022E+01 a       336     0    21     1    16
  1.2711451874933566E+01 a       337     0    22     1     1
  6.1659751321380201E+00 a       338     0    22     1     2
  2.3061517989734224E+00 a       339     0    22     1     3
 -1.0265493286673433E+01 a       340     0    22     1     4
  1.3089974481612927E+00 a       341     0    22     1     5
 -5.7952887720906754E-01 a       342     0    22     1     6
  3.8791315690487922E+00 a       343     0    22     1     7
  6.5572091288949634E+00 a       344     0    22     1     8
  1.0140446117901277E+01 a       345     0    22     1     9
 -5.0163491784786167E+00 a       346     0    22     1    10
  1.8092070722338008E+01 a       347     0    22     1    11
  5.0855525246749274E+00 a       348     0    22     1    12
  2.9273103123322914E+00 a       349     0    22     1    13
 -5.9856530592418364E+00 a       350     0    22     1    14
  5.2494184132605151E+00 a       351     0    22     1    15
  3.7554851987289433E+00 a       352     0    22     1    16
 -5.2359454730673143E+00 a       353     0    23     1     1
 -3.3185349275863225E+00 a       354     0    23     1     2
  9.8944535852747961E+00 a       355     0    23     1     3
  1.1040873704392244E+00 a       356     0    23     1     4
 -1.0213002018191956E+01 a       357     0    23     1     5
 -1.3308760132262409E+01 a       358     0    23     1     6
 -1.5961731712029032E+01 a       359     0    23     1     7
  2.9500534900134934E+00 a       360     0    23     1     8
 -5.0325967736056390E+00 a       361     0    23     1     9
  5.9751570719029932E+00 a       362     0    23     1    10
 -1.6924219623283676E+00 a       363     0    23     1    11
  7.1414968601149331E+00 a       364     0    23     1    12
  1.9615051914101993E+00 a       365     0    23     1    13
  3.9550796674624986E+00 a       366     0    23     1    14
 -8.3462637997389191E+00 a       367     0    23     1    15
 -3.3188484561212053E+00 a       368     0    23     1    16
  7.9486388151875893E+00 a       369     0    24     1     1
  7.5160717515303777E-01 a       370     0    24     1     2
 -2.1113420916423058E+00 a       371     0    24     1     3
 -6.2717713445654182E+00 a       372     0    24     1     4
  1.1261963455007031E+00 a       373     0    24     1     5
  3.6609684225578598E+00 a       374     0    24     1     6
 -5.4735182759954881E-01 a       375     0    24     1     7
 -7.9030558972905114E+00 a       376     0    24     1     8
  8.9861449406496732E+00 a       377     0    24     1     9
 -1.9346902668094210E+00 a       378     0    24     1    10
 -1.1237937292903064E+01 a       379     0    24     1    11
  9.2881406208355681E+00 a       380     0    24     1    12
  2.4950392286938740E+01 a       381     0    24     1    13
 -1.6769015679506599E-01 a       382     0    24     1    14
 -1.3599477372121804E+01 a       383     0    24     1    15
 -1.8335674538315430E-01 a       384     0    24     1    16
  2.6509364435189333E+00 a       385     0    25     1     1
  3.9353463238464879E+00 a       386     0    25     1     2
  4.6332817486763478E+00 a       387     0    25     1     3
 -2.4743523119863320E+00 a       388     0    25     1     4
 -6.6447272410136824E+00 a       389     0    25     1     5
 -3.7247029055697024E-02 a       390     0    25     1     6
  6.8928188231967162E+00 a       391     0    25     1     7
  1.6275841785832155E+00 a       392     0    25     1     8
  5.0796335083357524E-01 a       393     0    25     1     9
  3.4564949091374788E+00 a       394     0    25     1    10
  9.0877014249777321E-01 a       395     0    25     1    11
 -5.7612044215020539E+00 a       396     0    25     1    12
  2.5246455965594818E+00 a       397     0    25     1    13
  2.8130402877814609E+00 a       398     0    25     1    14
  2.0719188550604617E+00 a       399     0    25     1    15
 -6.8107258758916434E+00 a       400     0    25     1    16
  1.4807644024171773E+00 a       401     0    26     1     1
 -6.7185386283784887E-01 a       402     0    26     1     2
  3.8808306763409078E-01 a       403     0    26     1     3
  9.3694878613856702E-01 a       404     0    26     1     4
  3.3296803193379920E-01 a       405     0    26     1     5
  6.3080151594568168E-01 a       406     0    26     1     6
 -4.9772310086774701E-01 a       407     0    26     1     7
  9.8006768542514289E-01 a       408     0    26     1     8
 -1.5354373367283031E-01 a       409     0    26     1     9
  2.9855640943412376E-01 a       410     0    26     1    10
 -7.3003142723197212E-01 a       411     0    26     1    11
 -7.0233463052039508E-02 a       412     0    26     1    12
  9.3491504092090372E-01 a       413     0    26     1    13
 -1.7884768623186775E+00 a       414     0    26     1    14
  4.0228786183947385E-01 a       415     0    26     1    15
  6.7848442441774559E-01 a       416     0    26     1    16
  7.3836750126927131E-01 a       417     0    27     1     1
 -1.2572111125368013E+00 a       418     0    27     1     2
 -2.3085276974616029E-01 a       419     0    27     1     3
 -1.2015691395209181E-01 a       420     0    27     1     4
 -3.7638321727375246E-01 a       421     0    27     1     5
 -3.3186190003979760E-01 a       422     0    27     1     6
  4.2041622412327664E+00 a       423     0    27     1     7
 -6.3268350464286238E-01 a       424     0    27     1     8
 -1.6532182325358638E+00 a       425     0    27     1     9
 -3.9276959048028282E-01 a       426     0    27     1    10
  2.4264532609137329E-02 a       427     0    27     1    11
 -2.5549994352825078E-01 a       428     0    27     1    12
 -1.4646923961570733E+00 a       429     0    27     1    13
  9.1328642459788834E-01 a       430     0    27     1    14
  1.8124193762395524E+00 a       431     0    27     1    15
  3.5828508634899509E-01 a       432     0    27     1    16
  7.9706852125800776E-01 a       433     0    28     1     1
 -3.3816588561363792E-01 a       434     0    28     1     2
 -3.2317607491106721E+00 a       435     0    28     1     3
  1.2074697680725976E+00 a       436     0    28     1     4
  3.4516090914400510E+00 a       437     0    28     1     5
  3.1406492022169830E+00 a       438     0    28     1     6
  8.1667726681676349E+00 a       439     0    28     1     7
 -2.3685400545514974E+00 a       440     0    28     1     8
 -2.0367762670142989E-01 a       441     0    28     1     9
  6.6682317039028627E-01 a       442     0    28     1    10
 -2.6667516901770622E-01 a       443     0    28     1    11
 -6.6527057575032178E-01 a       444     0    28     1    12
 -2.7876132177406410E+00 a       445     0    28     1    13
  7.0901433677476144E-01 a       446     0    28     1    14
  3.1630988987314801E+00 a       447     0    28     1    15
  2.7481881565085131E+00 a       448     0    28     1    16
 -1.2624124156422141E+00 a       449     0    29     1     1
 -1.7467447787868748E-01 a       450     0    29     1     2
  1.0549914872626998E+00 a       451     0    29     1     3
  1.6727882917253811E+00 a       452     0    29     1     4
  1.7981450824211140E-01 a       453     0    29     1     5
  1.3129140582807830E-01 a       454     0    29     1     6
  1.3167060629886412E-01 a       455     0    29     1     7
  1.7798731398671521E+00 a       456     0    29     1     8
 -1.2142075410909134E-01 a       457     0    29     1     9
  1.6793824367423288E-01 a       458     0    29     1    10
  3.4535148607930766E-01 a       459     0    29     1    11
 -2.1582026621661274E+00 a       460     0    29     1    12
 -9.6407782046509072E-01 a       461     0    29     1    13
  2.2420711537125421E-01 a       462     0    29     1    14
  7.3254454695319005E-01 a       463     0    29     1    15
  1.5033983867205092E-01 a       464     0    29     1    16
  2.6999151197775890E+00 a       465     0    30     1     1
  2.0265848546735694E+00 a       466     0    30     1     2
  4.0759628961811045E-01 a       467     0    30     1     3
  1.0828429464417280E+00 a       468     0    30     1     4
  1.8534177047368416E-01 a       469     0    30     1     5
  1.1013764472081460E+00 a       470     0    30     1     6
 -3.6661945283710300E+00 a       471     0    30     1     7
  2.3533978504026041E+00 a       472     0    30     1     8
 -5.0367721126494425E-01 a       473     0    30     1     9
  5.9634152497435880E-02 a       474     0    30     1    10
 -8.2376343254377682E-01 a       475     0    30     1    11
  1.3828883884923920E-01 a       476     0    30     1    12
  1.8389091578305821E+00 a       477     0    30     1    13
 -4.5942516270754332E+00 a       478     0    30     1    14
  5.3626832728132490E-01 a       479     0    30     1    15
 -1.0787164406363683E+00 a       480     0    30     1    16
  5.6036011638247984E-01 a       481     0    31     1     1
  2.7781062657370694E+00 a       482     0    31     1     2
 -1.9181448838197304E+00 a       483     0    31     1     3
  2.0468657776458916E+00 a       484     0    31     1     4
  1.7857455025801983E+00 a       485     0    31     1     5
  4.7168546907564890E+00 a       486     0    31     1     6
 -8.4048013059980542E-01 a       487     0    31     1     7
 -5.8911701297354513E-01 a       488     0    31     1     8
  2.7459669394733153E+00 a       489     0    31     1     9
 -2.4702454733838572E+00 a       490     0    31     1    10
 -2.6698363135956980E+00 a       491     0    31     1    11
 -2.9769167618920624E+00 a       492     0    31     1    12
  2.4739619362491303E+00 a       493     0    31     1    13
 -3.2390339737257738E+00 a       494     0    31     1    14
  7.5754327723917148E-01 a       495     0    31     1    15
 -1.4064655493638953E+00 a       496     0    31     1    16
 -1.0905892211658643E+00 a       497     0    32     1     1
  1.1291900185420142E+01 a       498     0    32     1     2
  6.7828017814901758E+00 a       499     0    32     1     3
 -2.5234950195157477E+00 a       500     0    32     1     4
 -1.8133987560424645E+00 a       501     0    32     1     5
 -2.9354163456177789E+00 a       502     0    32     1     6
  7.9248605932700514E-02 a       503     0    32     1     7
  2.5793070235112880E+00 a       504     0    32     1     8
  1.8087826048372619E+00 a       505     0    32     1     9
 -9.5038226666668120E+00 a       506     0    32     1    10
 -1.1699499700410247E-01 a       507     0    32     1    11
  4.7357731588697529E+00 a       508     0    32     1    12
  1.1834497593559730E+01 a       509     0    32     1    13
  4.7632145879731030E-01 a       510     0    32     1    14
 -4.9351948136420676E+00 a       511     0    32     1    15
 -6.6798644866874071E+00 a       512     0    32     1    16
 -3.2343375164872774E+00 a       513     0    33     1     1
 -7.0720645895994929E+00 a       514     0    33     1     2
  5.8367237436172932E+00 a       515     0    33     1     3
  1.0756824857221026E+00 a       516     0    33     1     4
 -8.9681581495765936E+00 a       517     0    33     1     5
 -3.7666648755826349E+00 a       518     0    33     1     6
  2.7896464101080203E+00 a       519     0    33     1     7
 -1.7130910825075503E+00 a       520     0    33     1     8
 -8.4214018349864386E+00 a       521     0    33     1     9
  3.3413023830750239E+00 a       522     0    33     1    10
  1.8586381175486946E+00 a       523     0    33     1    11
 -7.9128234489711358E-01 a       524     0    33     1    12
 -4.3225244258631346E-01 a       525     0    33     1    13
  7.0746341219195763E+00 a       526     0    33     1    14
 -4.6165298675094082E+00 a       527     0    33     1    15
 -6.6024552020173699E-01 a       528     0    33     1    16
 -3.7485663972145533E-01 a       529     0    34     1     1
 -1.3330454807480010E+00 a       530     0    34     1     2
  2.7052459543969648E-01 a       531     0    34     1     3
  1.8687122366375519E-01 a       532     0    34     1     4
  8.4028958764372907E-01 a       533     0    34     1     5
 -8.2380127612076448E-01 a       534     0    34     1     6
  4.7841696616409646E-01 a       535     0    34     1     7
  1.3563227700940733E-01 a       536     0    34     1     8
  3.3797855214547790E-01 a       537     0    34     1     9
 -4.5587177643111161E-02 a       538     0    34     1    10
 -3.1168185015987321E-01 a       539     0    34     1    11
  1.4283027430484316E-01 a       540     0    34     1    12
  2.4510527605944321E-01 a       541     0    34     1    13
  1.4721304016503844E-01 a       542     0    34     1    14
  1.4331332451088863E-01 a       543     0    34     1    15
  2.1521288938260522E-01 a       544     0    34     1    16
 -1.2083032596700441E-01 a       545     0    35     1     1
  8.5990839954367393E-01 a       546     0    35     1     2
  3.5788254747507597E-01 a       547     0    35     1     3
  8.2390725423654276E-01 a       548     0    35     1     4
  3.9926724342710562E-01 a       549     0    35     1     5
  5.1964354028931979E-02 a       550     0    35     1     6
  2.5545019122024526E-01 a       551     0    35     1     7
 -1.8983793997890189E-01 a       552     0    35     1     8
  9.2292764368750968E-01 a       553     0    35     1     9
  3.8672224079215506E-01 a       554     0    35     1    10
 -1.8356739072603678E-01 a       555     0    35     1    11
  2.4282579145398217E-01 a       556     0    35     1    12
 -1.9606343182203809E-01 a       557     0    35     1    13
  5.6039552246030500E-01 a       558     0    35     1    14
  1.1750079099430961E-01 a       559     0    35     1    15
 -4.7219594986078035E-02 a       560     0    35     1    16
  8.5679409311299126E-01 a       561     0    36     1     1
  1.6901604954636871E+00 a       562     0    36     1     2
 -1.4414791396624405E+00 a       563     0    36     1     3
  1.1052352921637532E+00 a       564     0    36     1     4
  1.0984712533770331E+00 a       565     0    36     1     5
 -1.7116209974967920E+00 a       566     0    36     1     6
 -2.0980078247592968E+00 a       567     0    36     1     7
  1.2225914457697367E+00 a       568     0    36     1     8
  1.0388840970883975E+00 a       569     0    36     1     9
 -3.9216560534758893E-01 a       570     0    36     1    10
 -1.7574185741941151E+00 a       571     0    36     1    11
  2.1794369464571800E-01 a       572     0    36     1    12
  1.1074862414737652E+00 a       573     0    36     1    13
  1.7918207894066744E+00 a       574     0    36     1    14
  1.4072846177250167E-01 a       575     0    36     1    15
  1.1370567351560759E+00 a       576     0    36     1    16
  2.1902140328112036E-03 a       577     0    37     1     1
 -6.0827997158534597E+00 a       578     0    37     1     2
 -3.6880770520553425E+00 a       579     0    37     1     3
  1.5253945032965963E+00 a       580     0    37     1     4
  2.8593691777256995E+00 a       581     0    37     1     5
  1.4838451806924697E+00 a       582     0    37     1     6
 -4.4835996311189380E-01 a       583     0    37     1     7
 -1.6918226642281784E+00 a       584     0    37     1     8
 -6.4526173926896471E+00 a       585     0    37     1     9
 -3.7611580633337005E-01 a       586     0    37     1    10
 -4.7766631281296945E-01 a       587     0    37     1    11
  4.5332708916681064E-01 a       588     0    37     1    12
 -2.2485939190041746E+00 a       589     0    37     1    13
 -6.2697224846640189E+00 a       590     0    37     1    14
  3.7566104555315909E+00 a       591     0    37     1    15
  2.1070781040423650E+00 a       592     0    37     1    16
 -4.6930089971970179E-01 a       593     0    38     1     1
 -1.7101199351454222E+00 a       594     0    38     1     2
 -1.5603156403591742E+00 a       595     0    38     1     3
 -3.8356921726384624E-01 a       596     0    38     1     4
 -8.0509978326603934E-02 a       597     0    38     1     5
  5.4665143405711381E-01 a       598     0    38     1     6
 -3.1474010307093142E-01 a       599     0    38     1     7
  9.7796535904451987E-01 a       600     0    38     1     8
 -4.3075103354114352E-01 a       601     0    38     1     9
 -1.5428772330624022E-01 a       602     0    38     1    10
 -5.2275095262515237E-01 a       603     0    38     1    11
 -3.1553821883144029E-01 a       604     0    38     1    12
  8.2777728517580487E-02 a       605     0    38     1    13
 -9.1842309364023467E-01 a       606     0    38     1    14
 -2.3399234421856552E-01 a       607     0    38     1    15
 -1.1629838275824678E+00 a       608     0    38     1    16
 -2.0514954043389100E+00 a       609     0    39     1     1
 -8.9817662846945243E+00 a       610     0    39     1     2
 -1.3497060241962564E+00 a       611     0    39     1     3
 -3.6846560152472843E+00 a       612     0    39     1     4
  5.5736422950735838E+00 a       613     0    39     1     5
 -6.9237825319855839E-01 a       614     0    39     1     6
  2.2737260420590450E+00 a       615     0    39     1     7
 -3.7839380566612153E+00 a       616     0    39     1     8
 -2.9715801100208550E+00 a       617     0    39     1     9
 -4.7515504616072670E+00 a       618     0    39     1    10
 -3.7194613697698200E+00 a       619     0    39     1    11
  1.0825560624563599E+00 a       620     0    39     1    12
 -2.8401897970367354E+00 a       621     0    39     1    13
  3.3169537095895487E+00 a       622     0    39     1    14
 -4.3457698907172149E-01 a       623     0    39     1    15
 -1.0297441191999404E+00 a       624     0    39     1    16
 -3.6219315472213903E-01 a       625     0    40     1     1
 -3.2891925611821389E+00 a       626     0    40     1     2
 -4.6906519779247391E-01 a       627     0    40     1     3
 -1.6596742632226167E+00 a       628     0    40     1     4
 -9.4338285860176241E-01 a       629     0    40     1     5
  7.9117150804295977E-01 a       630     0    40     1     6
  3.7862521448649855E-01 a       631     0    40     1     7
 -1.5821098226003341E+00 a       632     0    40     1     8
 -1.2062907148132953E+00 a       633     0    40     1     9
  4.4890471346813499E-01 a       634     0    40     1    10
  3.1133202095334039E-01 a       635     0    40     1    11
  1.6162116958441237E+00 a       636     0    40     1    12
 -1.7549504559643481E+00 a       637     0    40     1    13
 -1.1601990057853659E+00 a       638     0    40     1    14
 -6.8166765711993749E-01 a       639     0    40     1    15
 -7.2977881919444343E-01 a       640     0    40     1    16
 -1.4063233857356219E-02 a       641     0    41     1     1
 -1.5724683447977565E+00 a       642     0    41     1     2
 -1.4496154338129869E-02 a       643     0    41     1     3
 -3.5585913436031003E-01 a       644     0    41     1     4
 -4.0358498917091140E-01 a       645     0    41     1     5
 -4.8501409488929531E-02 a       646     0    41     1     6
  5.0512187236648409E-01 a       647     0    41     1     7
 -3.7896565122975921E-02 a       648     0    41     1     8
  5.9379384957615844E-01 a       649     0    41     1     9
  6.3532864171663550E-01 a       650     0    41     1    10
  2.2941407872135516E-01 a       651     0    41     1    11
  6.7731135858912384E-01 a       652     0    41     1    12
  5.7708435842670269E-01 a       653     0    41     1    13
 -6.5050207195959764E-01 a       654     0    41     1    14
 -2.1124631471555966E-01 a       655     0    41     1    15
 -3.2776751268343240E-01 a       656     0    41     1    16
  4.9016921153326303E+00 a       657     0    42     1     1
 -1.0503740686613179E+01 a       658     0    42     1     2
 -8.1495281575231022E+00 a       659     0    42     1     3
  1.9307371858860889E-01 a       660     0    42     1     4
  2.6382635471856952E+00 a       661     0    42     1     5
 -5.0856258416720102E-01 a       662     0    42     1     6
 -3.0806622561182406E+00 a       663     0    42     1     7
 -3.2712393976265526E+00 a       664     0    42     1     8
 -1.7692325944941074E+00 a       665     0    42     1     9
 -2.1297540865386559E+00 a       666     0    42     1    10
 -7.1019600789589594E+00 a       667     0    42     1    11
  3.0025336822356746E-01 a       668     0    42     1    12
  4.6395943604931329E+00 a       669     0    42     1    13
  3.9264994660494312E-01 a       670     0    42     1    14
  5.9099715439904026E+00 a       671     0    42     1    15
  5.2207151836258854E+00 a       672     0    42     1    16
  2.3176919407714691E+00 a       673     0    43     1     1
  1.1806519023788312E+01 a       674     0    43     1     2
  7.6068091059110730E+00 a       675     0    43     1     3
 -5.3030196044041444E+00 a       676     0    43     1     4
  3.6891943150741540E+00 a       677     0    43     1     5
 -8.2477219253733622E+00 a       678     0    43     1     6
  2.5639980460144600E+00 a       679     0    43     1     7
  5.6529136521952861E+00 a       680     0    43     1     8
  1.2628365887537704E+01 a       681     0    43     1     9
 -5.5196792964467720E+00 a       682     0    43     1    10
 -4.6800178259586875E+00 a       683     0    43     1    11
 -1.6064008408546784E+00 a       684     0    43     1    12
 -4.8623763005882017E-03 a       685     0    43     1    13
  8.5256680684890593E+00 a       686     0    43     1    14
 -3.1759213589588273E+00 a       687     0    43     1    15
 -6.5487324320203755E-01 a       688     0    43     1    16
  1.0348223748317145E+00 a       689     0    44     1     1
  3.2000081655732271E+00 a       690     0    44     1     2
  1.9839408663431524E+00 a       691     0    44     1     3
 -2.1174810391332959E+00 a       692     0    44     1     4
 -8.4495519285439880E-01 a       693     0    44     1     5
 -1.6939177584103353E+00 a       694     0    44     1     6
  2.0277136013964889E+00 a       695     0    44     1     7
 -1.7272439143338150E+00 a       696     0    44     1     8
 -9.0346563399647439E-01 a       697     0    44     1     9
  6.6719028416735759E-01 a       698     0    44     1    10
  1.3264365664922644E+00 a       699     0    44     1    11
 -3.1583928263069977E-01 a       700     0    44     1    12
 -2.2307586753832092E+00 a       701     0    44     1    13
  1.9350697960962844E+00 a       702     0    44     1    14
  1.1992786295897586E+00 a       703     0    44     1    15
  9.7657471481413172E-01 a       704     0    44     1    16
  2.6229755669926296E+00 a       705     0    45     1     1
  1.1552604405239400E+01 a       706     0    45     1     2
  2.0053301990586077E+00 a       707     0    45     1     3
  5.9472773952192899E+00 a       708     0    45     1     4
  3.8282136661409727E-01 a       709     0    45     1     5
 -2.9398279306730881E+00 a       710     0    45     1     6
  3.2578910146705837E+00 a       711     0    45     1     7
  3.9239327532735500E+00 a       712     0    45     1     8
  2.9862034455519089E+00 a       713     0    45     1     9
  2.5079995169200413E+00 a       714     0    45     1    10
  2.2787629633274928E+00 a       715     0    45     1    11
  3.8599493112231071E+00 a       716     0    45     1    12
  2.4181508542444425E+00 a       717     0    45     1    13
 -5.0839931595222501E+00 a       718     0    45     1    14
  2.5129101197772825E+00 a       719     0    45     1    15
  5.4170016007181570E+00 a       720     0    45     1    16
  1.7209156404836921E+00 a       721     0    46     1     1
  4.4862501287303012E+00 a       722     0    46     1     2
 -1.7618488086271673E+00 a       723     0    46     1     3
 -1.5461027440542410E-01 a       724     0    46     1     4
 -1.4335972548190108E+00 a       725     0    46     1     5
 -4.4233693175594517E+00 a       726     0    46     1     6
  1.1071450055765757E+00 a       727     0    46     1     7
  6.6658463835054231E+00 a       728     0    46     1     8
  1.1786761709558462E+00 a       729     0    46     1     9
  1.1565009456187927E+00 a       730     0    46     1    10
 -1.3884864723584891E+00 a       731     0    46     1    11
 -6.3010114002280035E+00 a       732     0    46     1    12
  2.9745210804258453E+00 a       733     0    46     1    13
  6.5174635202088371E+00 a       734     0    46     1    14
  1.3864533161337673E+00 a       735     0    46     1    15
  4.7351747697764696E-01 a       736     0    46     1    16
 -3.8035722486216206E-01 a       737     0    47     1     1
  3.9584729811020405E+00 a       738     0    47     1     2
 -1.4250892587968313E+00 a       739     0    47     1     3
  9.2645565441653965E-01 a       740     0    47     1     4
  1.9777195641551443E-01 a       741     0    47     1     5
 -2.6433688577492875E-01 a       742     0    47     1     6
  1.8877443432962120E+00 a       743     0    47     1     7
 -2.3492203378819562E-01 a       744     0    47     1     8
 -3.1271434047733004E+00 a       745     0    47     1     9
  4.8095084700047463E-01 a       746     0    47     1    10
  9.2300596356857889E-01 a       747     0    47     1    11
  5.4070271355335119E-02 a       748     0    47     1    12
 -2.7457138188196941E+00 a       749     0    47     1    13
  1.4823017388166966E+00 a       750     0    47     1    14
  1.0481351676765669E+00 a       751     0    47     1    15
  2.1944892930304682E+00 a       752     0    47     1    16
 -4.2834230393774293E+00 a       753     0    48     1     1
  8.7518048841278819E+00 a       754     0    48     1     2
  1.4278416977589237E+00 a       755     0    48     1     3
  5.5304899038064557E+00 a       756     0    48     1     4
 -1.6744017634888259E+01 a       757     0    48     1     5
 -1.8649314809038857E+00 a       758     0    48     1     6
  1.9848402470877204E+00 a       759     0    48     1     7
  2.7287921313558243E+00 a       760     0    48     1     8
 -1.2551902448807257E+00 a       761     0    48     1     9
  8.5992482046765897E+00 a       762     0    48     1    10
  5.9576084962155580E+00 a       763     0    48     1    11
  6.9101460270676682E+00 a       764     0    48     1    12
 -8.1692319995344320E+00 a       765     0    48     1    13
  1.0718414855961702E+00 a       766     0    48     1    14
 -3.9415968360818665E+00 a       767     0    48     1    15
 -1.0055062646290447E+00 a       768     0    48     1    16
  3.0836268513116982E-01 a       769     0    49     1     1
  1.0564721511135815E+00 a       770     0    49     1     2
 -3.0457172315698894E-01 a       771     0    49     1     3
 -1.1731489277896352E+00 a       772     0    49     1     4
 -1.0347306489222441E+00 a       773     0    49     1     5
 -3.2970169236513976E-02 a       774     0    49     1     6
 -4.9946334358560041E-01 a       775     0    49     1     7
  8.9036281212345147E-01 a       776     0    49     1     8
  7.4343055815611370E-01 a       777     0    49     1     9
 -3.1490069974511668E-02 a       778     0    49     1    10
 -1.2013436998348621E-01 a       779     0    49     1    11
 -1.0303331086094063E+00 a       780     0    49     1    12
 -1.8319065316323624E-01 a       781     0    49     1    13
  1.1828331406642574E+00 a       782     0    49     1    14
 -7.5981077251672913E-01 a       783     0    49     1    15
 -9.9742413872990066E-01 a       784     0    49     1    16
  3.6962284177406289E-02 a       785     0    50     1     1
  8.9706563393260741E-01 a       786     0    50     1     2
 -3.8481612044797442E-01 a       787     0    50     1     3
  3.5886745501306938E-02 a       788     0    50     1     4
 -6.2337360452431445E-01 a       789     0    50     1     5
  4.2197070673269355E-01 a       790     0    50     1     6
 -5.5132612275207216E-02 a       791     0    50     1     7
 -5.2652637431422768E-02 a       792     0    50     1     8
  1.7440406042559295E-01 a       793     0    50     1     9
  2.8766365808800765E-01 a       794     0    50     1    10
  4.5965317967079872E-01 a       795     0    50     1    11
  1.0198040137288006E-01 a       796     0    50     1    12
  6.9428070856836133E-01 a       797     0    50     1    13
 -3.9636875836204483E-01 a       798     0    50     1    14
 -1.1459287011232429E-01 a       799     0    50     1    15
  1.0903136810371827E-01 a       800     0    50     1    16
 -7.8518203886376392E-01 a       801     0    51     1     1
  2.9162105830302593E-01 a       802     0    51     1     2
  4.2075147016476599E-01 a       803     0    51     1     3
  2.8751575806966084E-01 a       804     0    51     1     4
 -1.3661107663885419E+00 a       805     0    51     1     5
 -5.6627985075449076E-02 a       806     0    51     1     6
 -1.4607151899267767E-01 a       807     0    51     1     7
  1.2048567691759260E+00 a       808     0    51     1     8
 -1.3927276639259272E+00 a       809     0    51     1     9
  2.1099012977319212E-01 a       810     0    51     1    10
  1.0825588001423061E+00 a       811     0    51     1    11
  7.2502654935871291E-01 a       812     0    51     1    12
 -7.4510293867814847E-01 a       813     0    51     1    13
 -4.8704123441902109E-01 a       814     0    51     1    14
 -1.1201709698623730E+00 a       815     0    51     1    15
 -6.5747801547232487E-01 a       816     0    51     1    16
 -2.7011337634813609E-01 a       817     0    52     1     1
 -7.1091773985728066E+00 a       818     0    52     1     2
 -2.6944529955352570E+00 a       819     0    52     1     3
  2.7962906278100652E+00 a       820     0    52     1     4
  2.7852980024101761E+00 a       821     0    52     1     5
  2.5728697870632247E+00 a       822     0    52     1     6
 -1.6709945086882534E+00 a       823     0    52     1     7
 -4.6761173182910039E+00 a       824     0    52     1     8
 -9.3310015183178141E+00 a       825     0    52     1     9
 -4.2392294574666939E-01 a       826     0    52     1    10
 -5.8364101172355354E-01 a       827     0    52     1    11
  3.4369428740938543E+00 a       828     0    52     1    12
  4.1098697595835147E-04 a       829     0    52     1    13
 -5.3862576892472607E+00 a       830     0    52     1    14
  2.3978028617030365E+00 a       831     0    52     1    15
  1.7139374640324248E+00 a       832     0    52     1    16
 -1.1171646043357037E+00 a       833     0    53     1     1
 -3.2861416440226825E+00 a       834     0    53     1     2
 -1.4573405624795122E+00 a       835     0    53     1     3
  1.0226136798625283E+00 a       836     0    53     1     4
  6.5904154033955542E-01 a       837     0    53     1     5
  2.2089459423348967E-01 a       838     0    53     1     6
 -6.8046442073549029E-01 a       839     0    53     1     7
  1.0913604894255597E+00 a       840     0    53     1     8
 -5.7158883205034128E-01 a       841     0    53     1     9
 -7.0904500248768010E-01 a       842     0    53     1    10
 -1.0378467193502627E+00 a       843     0    53     1    11
  3.4938141866538638E-02 a       844     0    53     1    12
  1.6028027532795721E+00 a       845     0    53     1    13
 -1.5773767678290105E+00 a       846     0    53     1    14
 -6.4105812728656020E-01 a       847     0    53     1    15
 -5.2259685487425112E-01 a       848     0    53     1    16
 -1.8705267717672871E+00 a       849     0    54     1     1
 -4.2726449471259746E+00 a       850     0    54     1     2
 -5.7349360732155241E-01 a       851     0    54     1     3
 -1.4067887225830300E+00 a       852     0    54     1     4
  9.2667943216176718E-01 a       853     0    54     1     5
 -2.0938934184073457E-01 a       854     0    54     1     6
 -1.5342182636590080E+00 a       855     0    54     1     7
 -1.2669613510150921E+00 a       856     0    54     1     8
 -1.3587779868046612E+00 a       857     0    54     1     9
  1.9773670730522114E-01 a       858     0    54     1    10
 -1.3964950902216067E-01 a       859     0    54     1    11
 -9.3077427232004317E-01 a       860     0    54     1    12
 -7.9215085953883546E-01 a       861     0    54     1    13
  9.7383968808850407E-01 a       862     0    54     1    14
 -1.0949364220577846E+00 a       863     0    54     1    15
 -2.6219138716626462E+00 a       864     0    54     1    16
 -1.4820876000570364E+00 a       865     0    55     1     1
 -2.3754781135713192E+00 a       866     0    55     1     2
  1.6615002937186369E+00 a       867     0    55     1     3
  1.8645319878271271E-01 a       868     0    55     1     4
  1.7700720139414030E+00 a       869     0    55     1     5
  2.7356880093242038E+00 a       870     0    55     1     6
  1.3584084462402563E-01 a       871     0    55     1     7
 -5.0701805811815079E+00 a       872     0    55     1     8
 -8.5559867027255920E-01 a       873     0    55     1     9
 -1.6175973337006175E+00 a       874     0    55     1    10
  6.8733666888091738E-01 a       875     0    55     1    11
  4.0014212748625209E+00 a       876     0    55     1    12
  1.6178505493075082E-03 a       877     0    55     1    13
 -4.6701881324134042E+00 a       878     0    55     1    14
 -1.4382110970255062E+00 a       879     0    55     1    15
  8.8029244520328920E-01 a       880     0    55     1    16
 -1.3359029653428128E-01 a       881     0    56     1     1
 -1.6297995220473560E+00 a       882     0    56     1     2
  2.3282848952478949E-01 a       883     0    56     1     3
 -1.1717765160912980E-01 a       884     0    56     1     4
  1.7664365083890810E-01 a       885     0    56     1     5
  1.6552945658218995E-01 a       886     0    56     1     6
 -1.9568005839960995E-01 a       887     0    56     1     7
 -4.5619288190628488E-01 a       888     0    56     1     8
  2.7989661680059648E+00 a       889     0    56     1     9
  1.8044757210780540E-01 a       890     0    56     1    10
 -1.0809968735662534E-01 a       891     0    56     1    11
  1.1839468480612581E+00 a       892     0    56     1    12
  2.1613495265539808E+00 a       893     0    56     1    13
 -2.3296246043586399E+00 a       894     0    56     1    14
 -5.7764663089483304E-01 a       895     0    56     1    15
 -4.6724299259895935E-01 a       896     0    56     1    16
  6.3797336308141361E-01 a       897     0    57     1     1
 -1.4804625497672323E+00 a       898     0    57     1     2
 -4.4245245839071785E+00 a       899     0    57     1     3
 -2.0716023068512031E+00 a       900     0    57     1     4
  1.3321578357928034E+01 a       901     0    57     1     5
 -7.0145470920996614E-02 a       902     0    57     1     6
  2.1368790218815277E+00 a       903     0    57     1     7
 -1.9202415532354944E+00 a       904     0    57     1     8
  4.4164332909112325E+00 a       905     0    57     1     9
 -5.3934020648732295E+00 a       906     0    57     1    10
 -4.8576754376803324E+00 a       907     0    57     1    11
 -1.0506298777704819E+00 a       908     0    57     1    12
  6.9486202929928380E+00 a       909     0    57     1    13
  1.1120387852086856E-01 a       910     0    57     1    14
  1.5501395500997104E+00 a       911     0    57     1    15
  3.2910474064701321E+00 a       912     0    57     1    16
  1.1974526755674952E+00 a       913     0    58     1     1
  4.4311134660346578E+00 a       914     0    58     1     2
  2.9969666828812053E-01 a       915     0    58     1     3
  1.9212240183900082E+00 a       916     0    58     1     4
 -3.5223821137577707E+00 a       917     0    58     1     5
  1.0603102985411346E+00 a       918     0    58     1     6
 -2.4752802199332695E+00 a       919     0    58     1     7
  2.7196519210730417E+00 a       920     0    58     1     8
  1.9333557930735507E-01 a       921     0    58     1     9
  3.6405363665966424E+00 a       922     0    58     1    10
  3.1919101570107364E+00 a       923     0    58     1    11
 -1.6544922166426979E+00 a       924     0    58     1    12
  1.0629787716109558E+00 a       925     0    58     1    13
 -2.8055764910022498E+00 a       926     0    58     1    14
  7.2956551560749805E-01 a       927     0    58     1    15
 -6.9364011332617692E-01 a       928     0    58     1    16
 -2.4769643058815287E+00 a       929     0    59     1     1
  4.1111942014008767E+00 a       930     0    59     1     2
  7.9259033519267659E+00 a       931     0    59     1     3
 -3.6782058705373135E+00 a       932     0    59     1     4
  6.3563076083490424E+00 a       933     0    59     1     5
  1.8116504113257259E+00 a       934     0    59     1     6
  3.8458832293125735E+00 a       935     0    59     1     7
 -9.9915673931228868E-02 a       936     0    59     1     8
  2.2985899852319687E+00 a       937     0    59     1     9
 -1.1412351541041421E+00 a       938     0    59     1    10
  3.9376382867127107E+00 a       939     0    59     1    11
 -4.1300265310073803E+00 a       940     0    59     1    12
 -3.0805611096134196E+00 a       941     0    59     1    13
 -1.3641264403158384E+00 a       942     0    59     1    14
 -1.8202397263253680E+00 a       943     0    59     1    15
 -5.4150686315448393E+00 a       944     0    59     1    16
 -1.8076653965975549E+00 a       945     0    60     1     1
  7.9588414919301709E-01 a       946     0    60     1     2
 -9.6793637145422817E-01 a       947     0    60     1     3
  1.5488771745669780E+00 a       948     0    60     1     4
 -6.1054288618013652E+00 a       949     0    60     1     5
  3.2957297160073948E+00 a       950     0    60     1     6
  1.9951282612140445E-01 a       951     0    60     1     7
 -2.4174082470304739E-01 a       952     0    60     1     8
  1.4586359724944320E+00 a       953     0    60     1     9
  5.2258025112750994E+00 a       954     0    60     1    10
  4.6721086786058210E+00 a       955     0    60     1    11
 -1.2660787063854586E+00 a       956     0    60     1    12
  1.8436840216973176E+00 a       957     0    60     1    13
  1.6736365992410487E+00 a       958     0    60     1    14
 -1.5521407946477164E+00 a       959     0    60     1    15
 -1.9377771992651860E+00 a       960     0    60     1    16
  3.0109162245811105E-01 a       961     0    61     1     1
  1.5839361018885643E+00 a       962     0    61     1     2
  1.0066743062835832E+00 a       963     0    61     1     3
  1.3470684025628914E+00 a       964     0    61     1     4
  5.0953331065858165E-01 a       965     0    61     1     5
  7.0868944335752626E-01 a       966     0    61     1     6
 -2.7248583699055523E-01 a       967     0    61     1     7
 -3.4852645958404938E-01 a       968     0    61     1     8
  1.6355870783267363E+00 a       969     0    61     1     9
  1.3787546811460644E-01 a       970     0    61     1    10
  2.8778865852982102E-02 a       971     0    61     1    11
  4.7508006498670929E-01 a       972     0    61     1    12
  8.8470589549880163E-01 a       973     0    61     1    13
  5.3538126813634035E-01 a       974     0    61     1    14
 -3.5075573913588803E-01 a       975     0    61     1    15
  6.4323357782334989E-01 a       976     0    61     1    16
  2.0466831643455652E-01 a       977     0    62     1     1
 -1.0242847110806486E+00 a       978     0    62     1     2
 -1.4313558815412214E-01 a       979     0    62     1     3
 -2.8673417032382118E+00 a       980     0    62     1     4
 -1.6646007148362685E+00 a       981     0    62     1     5
  2.3534838229048831E+00 a       982     0    62     1     6
 -6.7091156930345408E-01 a       983     0    62     1     7
 -1.9790726455785783E+00 a       984     0    62     1     8
  9.5984348376009343E-01 a       985     0    62     1     9
 -2.0304422718607555E+00 a       986     0    62     1    10
 -1.8106970703072993E+00 a       987     0    62     1    11
 -2.0688897477565913E+00 a       988     0    62     1    12
 -7.9036905857777329E-01 a       989     0    62     1    13
  4.0667569704860433E+00 a       990     0    62     1    14
 -1.4267965736924086E+00 a       991     0    62     1    15
 -4.2950454810455180E-01 a       992     0    62     1    16
  4.8370593777950116E-01 a       993     0    63     1     1
 -4.1286694667008482E-02 a       994     0    63     1     2
  1.7888718856367520E+00 a       995     0    63     1     3
 -1.2025228693463920E-01 a       996     0    63     1     4
  2.3693063961945587E-01 a       997     0    63     1     5
 -7.5048875480555263E-02 a       998     0    63     1     6
 -1.6426623183419857E+00 a       999     0    63     1     7
  4.4306657210412004E-01 a      1000     0    63     1     8
  5.3457941465758885E-01 a      1001     0    63     1     9
 -9.3046700119173964E-01 a      1002     0    63     1    10
 -1.1980240644629061E+00 a      1003     0    63     1    11
 -1.4833961169006995E+00 a      1004     0    63     1    12
  1.7084154124046089E-01 a      1005     0    63     1    13
  1.6497426446274099E+00 a      1006     0    63     1    14
 -4.4309901269034402E-01 a      1007     0    63     1    15
 -1.2445519280294699E+00 a      1008     0    63     1    16
  1.3148507238811633E+00 a      1009     0    64     1     1
 -3.1231373395179438E+00 a      1010     0    64     1     2
  3.5171103392296414E+00 a      1011     0    64     1     3
 -1.3915716034336800E+00 a      1012     0    64     1     4
 -5.2216000592674465E+00 a      1013     0    64     1     5
  1.8037310284234616E+00 a      1014     0    64     1     6
 -1.1861160312973955E+00 a      1015     0    64     1     7
 -2.1502811360732843E-01 a      1016     0    64     1     8
 -2.3279776117098296E+00 a      1017     0    64     1     9
  7.1202511633069610E-01 a      1018     0    64     1    10
  2.1581492480047544E+00 a      1019     0    64     1    11
 -1.9188434412141657E+00 a      1020     0    64     1    12
 -1.4076721661773963E+00 a      1021     0    64     1    13
 -2.1461650500735705E+00 a      1022     0    64     1    14
  3.3164416835959026E-01 a      1023     0    64     1    15
 -1.9249564041873330E+00 a      1024     0    64     1    16
  4.2730956995133927E-02 b      1025     1     1
  1.7072512128333339E-02 b      1026     1     2
 -1.5108720122588310E-02 b      1027     1     3
 -6.6061223736729319E-02 b      1028     1     4
 -1.9123242897074490E-02 b      1029     1     5
 -4.2158967470869342E-02 b      1030     1     6
 -1.2877404296945941E-01 b      1031     1     7
  5.2784715215921131E-02 b      1032     1     8
 -1.6811148890780878E-02 b      1033     1     9
 -5.5449546052059512E-02 b      1034     1    10
 -2.7064822656158297E-02 b      1035     1    11
 -3.1482066961335264E-02 b      1036     1    12
 -4.1047426256517902E-02 b      1037     1    13
  2.6275961612649409E-03 b      1038     1    14
  1.0426267720680109E-01 b      1039     1    15
  6.9271079396238571E-03 b      1040     1    16
 -5.5349908238706236E-01 a      1041     1     1     2     1
  8.9581944965964810E-01 a      1042     1     1     2     2
 -1.6107153366744911E-01 a      1043     1     1     2     3
 -8.7378250854395323E-01 a      1044     1     1     2     4
 -7.8988765502812142E-01 a      1045     1     1     2     5
  1.7750554419245651E-01 a      1046     1     1     2     6
  3.4279550108574597E-01 a      1047     1     1     2     7
 -2.2555526939620862E-01 a      1048     1     1     2     8
 -7.7672052574246708E-01 a      1049     1     1     2     9
  3.2836292849524767E-01 a      1050     1     1     2    10
  4.1176868547260154E-01 a      1051     1     1     2    11
 -2.6322126715966826E-01 a      1052     1     1     2    12
 -1.9473521895616339E+00 a      1053     1     1     2    13
  6.5014910619108079E-01 a      1054     1     1     2    14
 -3.3119082061575106E-01 a      1055     1     1     2    15
 -9.4007242347401099E-01 a      1056     1     1     2    16
 -6.4599414937908356E-02 a      1057     1     2     2     1
  3.0346664729428990E-01 a      1058     1     2     2     2
 -3.2474994672538898E-01 a      1059     1     2     2     3
  2.1568286435313713E-01 a      1060     1     2     2     4
 -1.0598370769836396E-01 a      1061     1     2     2     5
 -7.8583806137445478E-02 a      1062     1     2     2     6
  2.3952940262477482E-01 a      1063     1     2     2     7
 -1.9870494215637441E-02 a      1064     1     2     2     8
  2.3858798007836970E-01 a      1065     1     2     2     9
  6.6989423372897483E-02 a      1066     1     2     2    10
  2.2341902993967364E-01 a      1067     1     2     2    11
 -1.4582760348668045E-01 a      1068     1     2     2    12
  4.8333598711080789E-01 a      1069     1     2     2    13
 -3.5468941836334761E-01 a      1070     1     2     2    14
 -2.3649823767240444E-01 a      1071     1     2     2    15
  1.7776210431543643E-01 a      1072     1     2     2    16
  4.2171592158945968E-02 a      1073     1     3     2     1
 -1.6121778947934214E-02 a      1074     1     3     2     2
  8.6135872544016723E-02 a      1075     1     3     2     3
  2.8999374091223962E-01 a      1076     1     3     2     4
 -3.0160177807536082E-01 a      1077     1     3     2     5
 -7.5376193486026266E-01 a      1078     1     3     2     6
 -2.2288010909296033E-01 a      1079     1     3     2     7
  4.8956067371216094E-01 a      1080     1     3     2     8
  2.2880933381204993E-01 a      1081     1     3     2     9
  1.2141521178767344E-01 a      1082     1     3     2    10
 -4.1612700271589587E-01 a      1083     1     3     2    11
  9.5411011671768076E-02 a      1084     1     3     2    12
  5.8522632561493293E-01 a      1085     1     3     2    13
 -2.4380669515495837E-01 a      1086     1     3     2    14
  3.6833983609484144E-01 a      1087     1     3     2    15
  1.6888018664426180E-01 a      1088     1     3     2    16
 -2.7122407875145493E-01 a      1089     1     4     2     1
 -4.4959410792072718E-01 a      1090     1     4     2     2
 -1.9617058275339268E-02 a      1091     1     4     2     3
 -2.7803802115460136E-01 a      1092     1     4     2     4
  1.6680162692156444E-01 a      1093     1     4     2     5
  4.8813943371863805E-01 a      1094     1     4     2     6
  4.7434200486667594E-01 a      1095     1     4     2     7
  1.3788664648214677E-01 a      1096     1     4     2     8
 -1.0597103381080593E+00 a      1097     1     4     2     9
  4.4114305797148839E-02 a      1098     1     4     2    10
  4.8625943915892422E-01 a      1099     1     4     2    11
 -2.7520781579001774E-01 a      1100     1     4     2    12
 -6.8070720821843878E-01 a      1101     1     4     2    13
 -5.4679599486106267E-01 a      1102     1     4     2    14
  7.7086225387818189E-02 a      1103     1     4     2    15
 -9.3618203910136671E-02 a      1104     1     4     2    16
  2.6013330955755420E-01 a      1105     1     5     2     1
 -6.8070487315596548E-02 a      1106     1     5     2     2
 -8.7723726181029554E-02 a      1107     1     5     2     3
  3.0320707303818395E-01 a      1108     1     5     2     4
  1.4329408611973540E-01 a      1109     1     5     2     5
  4.0028385841463554E-01 a      1110     1     5     2     6
 -1.5834879134335209E-01 a      1111     1     5     2     7
  1.2677706133478225E-01 a      1112     1     5     2     8
 -7.2987315219946267E-02 a      1113     1     5     2     9
 -1.7360782191020699E-01 a      1114     1     5     2    10
  1.1926264882543360E-01 a      1115     1     5     2    11
  1.0156054655266734E-01 a      1116     1     5     2    12
 -1.1585327475049577E-01 a      1117     1     5     2    13
 -8.7145471358276771E-02 a      1118     1     5     2    14
  5.2840423713781637E-01 a      1119     1     5     2    15
  4.6931685437089981E-03 a      1120     1     5     2    16
  4.6811681568952423E-01 a      1121     1     6     2     1
 -6.5955853799624575E-01 a      1122     1     6     2     2
  2.7038381014591695E-01 a      1123     1     6     2     3
  5.7256542124173315E-01 a      1124     1     6     2     4
  2.4862031174000884E-01 a      1125     1     6     2     5
 -4.2416051502808877E-01 a      1126     1     6     2     6
 -1.8021140902377136E-01 a      1127     1     6     2     7
 -1.8559704602564075E-02 a      1128     1     6     2     8
  4.0498875489381594E-02 a      1129     1     6     2     9
  9.4117803901132141E-02 a      1130     1     6     2    10
 -3.4111404640435933E-01 a      1131     1     6     2    11
  2.5875998707327402E-01 a      1132     1     6     2    12
  4.6100456104139147E-02 a      1133     1     6     2    13
  3.9176439151322645E-01 a      1134     1     6     2    14
  9.4244795697929415E-02 a      1135     1     6     2    15
 -4.5369778814962447E-01 a      1136     1     6     2    16
 -5.5015728057556712E-01 a      1137     1     7     2     1
  2.6193158321410887E-01 a      1138     1     7     2     2
  7.0322800988054143E-02 a      1139     1     7     2     3
 -1.5043455202838393E-01 a      1140     1     7     2     4
 -9.1053684918366545E-02 a      1141     1     7     2     5
  8.9194874099699117E-02 a      1142     1     7     2     6
  1.7833817704138843E-01 a      1143     1     7     2     7
  1.3491378074726032E-01 a      1144     1     7     2     8
 -7.4618565052342423E-01 a      1145     1     7     2     9
  4.7287067596220506E-01 a      1146     1     7     2    10
  2.4408801218142570E-01 a      1147     1     7     2    11
 -1.6510637775376238E-01 a      1148     1     7     2    12
 -5.1495870736474825E-01 a      1149     1     7     2    13
 -3.8355273843623067E-01 a      1150     1     7     2    14
  2.6510427988681490E-01 a      1151     1     7     2    15
 -7.8712326971818225E-01 a      1152     1     7     2    16
 -3.4753527871051954E-01 a      1153     1     8     2     1
 -2.8513391889380657E-01 a      1154     1     8     2     2
 -1.3995838984676748E-02 a      1155     1     8     2     3
  3.4634529875433751E-01 a      1156     1     8     2     4
 -2.4944501310278605E-01 a      1157     1     8     2     5
 -2.8935602152199724E-01 a      1158     1     8     2     6
 -1.6401828794777328E-02 a      1159     1     8     2     7
  4.2693253363188292E-02 a      1160     1     8     2     8
  5.4756052076055536E-02 a      1161     1     8     2     9
  2.9906931497567785E-01 a      1162     1     8     2    10
 -3.4452889285249333E-01 a      1163     1     8     2    11
  1.9254723114189791E-02 a      1164     1     8     2    12
 -3.6315214701148685E-01 a      1165     1     8     2    13
  2.7603513064533636E-01 a      1166     1     8     2    14
 -6.0708554332473530E-01 a      1167     1     8     2    15
 -3.1638626957565724E-01 a      1168     1     8     2    16
 -1.5694670129009949E-01 a      1169     1     9     2     1
 -2.9336352695524220E-01 a      1170     1     9     2     2
  5.7964387227669556E-01 a      1171     1     9     2     3
 -4.5048942377212819E-01 a      1172     1     9     2     4
  3.9878149389261014E-01 a      1173     1     9     2     5
 -2.1745380885730334E-01 a      1174     1     9     2     6
 -1.0905256230912090E-01 a      1175     1     9     2     7
 -3.8737258548756404E-01 a      1176     1     9     2     8
 -3.3756644853455164E-01 a      1177     1     9     2     9
  1.6752576397917404E-01 a      1178     1     9     2    10
 -2.4163606647542468E-01 a      1179     1     9     2    11
 -1.5730796839085739E-01 a      1180     1     9     2    12
 -4.5793220921976258E-01 a      1181     1     9     2    13
 -1.9653662470321437E-01 a      1182     1     9     2    14
  9.2723905014870572E-02 a      1183     1     9     2    15
  3.3217658822342105E-01 a      1184     1     9     2    16
 -1.4103069672808952E-01 a      1185     1    10     2     1
 -2.2775946072446776E-01 a      1186     1    10     2     2
 -1.1928837139958719E-02 a      1187     1    10     2     3
  1.1918030249788116E+00 a      1188     1    10     2     4
  1.9087841642299161E-01 a      1189     1    10     2     5
 -1.2932536460418237E-01 a      1190     1    10     2     6
 -5.1370734964398634E-01 a      1191     1    10     2     7
 -1.6201090240369159E-01 a      1192     1    10     2     8
  1.0391015585154397E+00 a      1193     1    10     2     9
 -1.9752055328124965E-01 a      1194     1    10     2    10
 -3.2909265889848591E-02 a      1195     1    10     2    11
  3.9858629326854644E-01 a      1196     1    10     2    12
  3.1435145448731117E-01 a      1197     1    10     2    13
  4.4900469970264439E-01 a      1198     1    10     2    14
  3.9186671606265139E-01 a      1199     1    10     2    15
  1.0431200000345336E-01 a      1200     1    10     2    16
 -3.4092804940632049E-02 a      1201     1    11     2     1
  2.1376705027971626E-01 a      1202     1    11     2     2
 -3.2084918099205695E-01 a      1203     1    11     2     3
 -9.2540690942041093E-01 a      1204     1    11     2     4
 -1.4369236017274986E-01 a      1205     1    11     2     5
  7.7165412931091582E-01 a      1206     1    11     2     6
 -3.2598810854650212E-01 a      1207     1    11     2     7
 -2.3778700703054925E-01 a      1208     1    11     2     8
 -5.4021921080846802E-01 a      1209     1    11     2     9
 -1.1835127778258198E-01 a      1210     1    11     2    10
  1.9701729035388707E-02 a      1211     1    11     2    11
  6.2525279224517882E-01 a      1212     1    11     2    12
 -3.5348454756049941E-01 a      1213     1    11     2    13
  2.3178981884736172E-01 a      1214     1    11     2    14
 -5.6890389466402169E-01 a      1215     1    11     2    15
 -6.5086867396501891E-01 a      1216     1    11     2    16
 -1.7436616912428282E-01 a      1217     1    12     2     1
 -1.1366165068924465E-01 a      1218     1    12     2     2
  4.0483070393722587E-01 a      1219     1    12     2     3
  4.4528078238833518E-01 a      1220     1    12     2     4
  1.1954618981386275E-02 a      1221     1    12     2     5
 -4.2663201572674164E-01 a      1222     1    12     2     6
 -6.8107454955261437E-01 a      1223     1    12     2     7
 -7.2812282199347234E-01 a      1224     1    12     2     8
  4.7316554780808301E-01 a      1225     1    12     2     9
  5.0170132610629886E-02 a      1226     1    12     2    10
 -6.3678423318365684E-01 a      1227     1    12     2    11
  2.1639814490141640E-01 a      1228     1    12     2    12
 -7.0455447103514002E-01 a      1229     1    12     2    13
  8.7963707494696519E-01 a      1230     1    12     2    14
 -7.2676514512626089E-01 a      1231     1    12     2    15
 -5.7235962057187721E-02 a      1232     1    12     2    16
  8.4638158651456991E-02 a      1233     1    13     2     1
  3.2921858144027527E-01 a      1234     1    13     2     2
 -4.1076613626654018E-01 a      1235     1    13     2     3
  1.5882443986257926E-02 a      1236     1    13     2     4
 -8.7328637501770556E-01 a      1237     1    13     2     5
 -1.5619427205408143E-01 a      1238     1    13     2     6
  2.6427575299211903E-01 a      1239     1    13     2     7
  2.9370442179439160E-01 a      1240     1    13     2     8
  4.6273302818664819E-01 a      1241     1    13     2     9
  1.3614286841939210E-01 a      1242     1    13     2    10
  2.8867060256594146E-01 a      1243     1    13     2    11
 -4.7379331859372167E-02 a      1244     1    13     2    12
  3.7467067527163556E-01 a      1245     1    13     2    13
 -4.2162090007611708E-01 a      1246     1    13     2    14
  6.0489061326690387E-02 a      1247     1    13     2    15
  4.0162043137854075E-01 a      1248     1    13     2    16
  1.0730803532411307E-01 a      1249     1    14     2     1
 -6.3472246096562923E-01 a      1250     1    14     2     2
  1.1183789413114617E-01 a      1251     1    14     2     3
 -4.9067890782999897E-02 a      1252     1    14     2     4
  3.8927991888465313E-01 a      1253     1    14     2     5
  4.1577844232320033E-01 a      1254     1    14     2     6
  1.8598200804455376E-02 a      1255     1    14     2     7
 -1.2580767330868560E-02 a      1256     1    14     2     8
  4.7451838387849526E-01 a      1257     1    14     2     9
 -1.4188145527511556E-01 a      1258     1    14     2    10
  3.6192914311166044E-02 a      1259     1    14     2    11
  8.2474476337286634E-02 a      1260     1    14     2    12
 -4.8420462573376077E-01 a      1261     1    14     2    13
  1.1522210566054439E-01 a      1262     1    14     2    14
 -1.3229614511296893E-02 a      1263     1    14     2    15
 -6.7841873305454670E-01 a      1264     1    14     2    16
  6.4321245311758157E-01 a      1265     1    15     2     1
  1.6590073257277166E-01 a      1266     1    15     2     2
  3.2244325275920838E-01 a      1267     1    15     2     3
  4.5128131359468499E-02 a      1268     1    15     2     4
  9.1321550987907651E-01 a      1269     1    15     2     5
 -3.1436804149603909E-01 a      1270     1    15     2     6
 -8.7689643838577636E-02 a      1271     1    15     2     7
 -2.8023106130066811E-01 a      1272     1    15     2     8
  1.1462499883298336E+00 a      1273     1    15     2     9
 -4.1651886016562872E-01 a      1274     1    15     2    10
 -9.7536790647900856E-02 a      1275     1    15     2    11
  3.4257714784592275E-01 a      1276     1    15     2    12
  1.3069648377788377E+00 a      1277     1    15     2    13
 -6.0666116050073959E-01 a      1278     1    15     2    14
  1.2986295683868851E-02 a      1279     1    15     2    15
 -4.6976550136324968E-01 a      1280     1    15     2    16
  1.9492874974705529E-01 a      1281     1    16     2     1
 -2.6226502880441582E-01 a      1282     1    16     2     2
 -2.8839826585608275E-01 a      1283     1    16     2     3
  2.7451475723969565E-01 a      1284     1    16     2     4
  8.4071860414047184E-02 a      1285     1    16     2     5
 -2.2637034622394483E-01 a      1286     1    16     2     6
 -3.5965967314946107E-01 a      1287     1    16     2     7
  3.7168877103523634E-01 a      1288     1    16     2     8
  5.7630443247258334E-01 a      1289     1    16     2     9
 -8.7801251701835836E-02 a      1290     1    16     2    10
 -2.8893622820006670E-01 a      1291     1    16     2    11
  2.8520740305856790E-01 a      1292     1    16     2    12
  3.2066448577378692E-01 a      1293     1    16     2    13
  1.1720431602374724E-01 a      1294     1    16     2    14
  9.9760919274631421E-01 a      1295     1    16     2    15
  3.5247976003418990E-01 a      1296     1    16     2    16
 -9.7375803197620028E-02 b      1297     2     1
  7.0469524290309393E-02 b      1298     2     2
 -1.5199938386745199E-01 b      1299     2     3
 -9.6483840815577537E-02 b      1300     2     4
 -1.0396896416791916E-01 b      1301     2     5
 -3.5068506359425114E-02 b      1302     2     6
  4.2467349718346391E-02 b      1303     2     7
 -2.5482178525426356E-02 b      1304     2     8
 -1.9664155080517615E-01 b      1305     2     9
  1.4226136252943766E-01 b      1306     2    10
 -7.3433112480718998E-03 b      1307     2    11
 -2.6844935361651102E-02 b      1308     2    12
 -1.3934789647705700E-01 b      1309     2    13
 -2.9806135683519159E-02 b      1310     2    14
  5.6716206615061264E-02 b      1311     2    15
 -1.5075291264851590E-01 b      1312     2    16
 -4.2877546854670689E-01 a      1313     2     1     3     1
 -3.0937862155657631E-01 a      1314     2     2     3     1
 -4.1836808412548432E-01 a      1315     2     3     3     1
 -5.0189590315812393E-01 a      1316     2     4     3     1
 -1.3654463788844326E-01 a      1317     2     5     3     1
 -3.0157043609984918E-01 a      1318     2     6     3     1
 -8.7822588263629342E-01 a      1319     2     7     3     1
 -1.8658854426880425E-01 a      1320     2     8     3     1
 -4.1138266831200393E-01 a      1321     2     9     3     1
 -8.5494018342259437E-01 a      1322     2    10     3     1
  8.4339317642793077E-01 a      1323     2    11     3     1
 -8.3220013844817364E-01 a      1324     2    12     3     1
  2.4800375475713118E-01 a      1325     2    13     3     1
  1.7638443527775630E-01 a      1326     2    14     3     1
  1.0980824046738945E-01 a      1327     2    15     3     1
 -1.1553223030617019E-01 a      1328     2    16     3     1
 -8.6573372455349754E-02 b      1329     3     1
