################################################################################
# Learning curves for energies and forces.
################################################################################
# Col  Name             Description
################################################################################
# 1    epoch            Current epoch.
# 2    rmse_Etrain_phys RMSE of training energies per atom (physical units).
# 3    rmse_Etest_phys  RMSE of test energies per atom (physical units).
# 4    rmse_Ftrain_phys RMSE of training forces (physical units).
# 5    rmse_Ftest_phys  RMSE of test forces (physical units).
################################################################################
#        1                2                3                4                5
#    epoch rmse_Etrain_phys  rmse_Etest_phys rmse_Ftrain_phys  rmse_Ftest_phys
##############################################################################
         0   2.91100762E+00   3.64111193E+00   4.45109250E-01   7.49487134E-01
         1   1.56497104E-02   8.46930497E-02   1.31480097E-02   1.32701835E-01
         2   5.47333328E-03   1.95086887E-02   9.82069906E-03   1.27299850E-01
         3   5.76391558E-03   4.29812148E-02   1.48257972E-02   1.01459375E-01
         4   3.27611599E-03   5.45744024E-02   1.75503426E-02   1.46768773E-01
         5   3.48630646E-03   4.71580588E-02   1.57524639E-02   1.54541744E-01
         6   1.28677193E-03   2.14416198E-02   1.10565527E-02   8.65117649E-02
         7   2.51992624E-03   4.28682015E-02   1.86007954E-02   1.46749568E-01
         8   3.70939257E-04   1.21870771E-02   6.38665603E-03   9.25391913E-02
         9   1.74009395E-04   1.95640708E-02   4.51145224E-03   8.27194106E-02
        10   2.74002903E-04   2.56441776E-02   5.92781056E-03   8.84302789E-02
        11   1.62523100E-04   3.52901737E-02   7.08181777E-03   9.70200738E-02
        12   1.88341334E-04   3.02701010E-02   7.05872974E-03   6.32871578E-02
        13   1.74018058E-04   3.11641237E-02   6.98803095E-03   5.44063766E-02
        14   2.54981259E-04   2.96889227E-02   5.51096054E-03   5.73659312E-02
        15   1.92205687E-04   2.45971514E-02   4.38957369E-03   5.91648140E-02
        16   1.41019624E-04   2.44769528E-02   4.26660669E-03   5.50163083E-02
        17   1.10649070E-04   2.76569963E-02   3.05029445E-03   5.68448806E-02
        18   1.03723694E-04   2.68915985E-02   3.04694331E-03   5.78844655E-02
        19   1.07872520E-04   2.59304583E-02   3.47671533E-03   5.87020172E-02
        20   1.03321549E-04   2.66424465E-02   3.56183560E-03   6.29703695E-02
        21   1.12964052E-04   2.80165145E-02   3.46987545E-03   6.01454425E-02
        22   1.10887480E-04   2.76004597E-02   3.69777105E-03   5.96438546E-02
        23   1.07870346E-04   2.94904456E-02   3.71967187E-03   5.74777715E-02
        24   1.19735897E-04   2.90519590E-02   3.95053468E-03   5.76372257E-02
        25   1.11397897E-04   3.06641306E-02   3.85998428E-03   5.85259480E-02
        26   1.13440631E-04   3.15517304E-02   4.00522528E-03   6.09605208E-02
        27   1.10096492E-04   2.94980812E-02   3.31766365E-03   5.63688753E-02
        28   1.14383318E-04   2.86497652E-02   2.76501579E-03   6.08741376E-02
        29   1.43326987E-04   2.74817634E-02   2.92616519E-03   6.28389926E-02
        30   1.07109808E-04   2.73341019E-02   3.04362527E-03   6.36055479E-02
        31   1.05194256E-04   2.92174581E-02   2.46294986E-03   6.54484787E-02
        32   1.03497981E-04   3.23434545E-02   2.14329684E-03   6.35180777E-02
        33   1.04133619E-04   3.34544312E-02   2.08237064E-03   6.44476500E-02
        34   1.05681642E-04   2.96278240E-02   2.11669114E-03   6.41934337E-02
        35   1.04736424E-04   2.97139699E-02   2.04561065E-03   6.88022287E-02
        36   1.04214614E-04   3.01792157E-02   2.13296418E-03   6.94869985E-02
        37   1.01131942E-04   2.94757378E-02   2.13886605E-03   6.91064520E-02
        38   9.59630529E-05   3.09584452E-02   2.25408204E-03   7.31005988E-02
        39   1.01186386E-04   3.05537161E-02   2.19528128E-03   7.24308688E-02
        40   1.10267128E-04   3.05175835E-02   2.20004307E-03   7.03534039E-02
        41   1.13488365E-04   2.98719249E-02   2.20729008E-03   7.08757839E-02
        42   1.12684638E-04   2.92668259E-02   2.19244439E-03   7.11267994E-02
        43   1.11683841E-04   2.91106128E-02   2.11184522E-03   6.83102287E-02
        44   1.15079328E-04   2.88833621E-02   2.12336012E-03   6.75815341E-02
        45   1.09729592E-04   2.81482207E-02   2.15277251E-03   6.79244441E-02
        46   1.08629528E-04   2.71132045E-02   2.10591896E-03   6.59675351E-02
        47   1.08582239E-04   2.66683922E-02   2.07506075E-03   6.71700074E-02
        48   1.03361031E-04   2.71018242E-02   2.05742998E-03   6.78759928E-02
        49   1.02633420E-04   2.67960654E-02   2.07592470E-03   6.87152624E-02
        50   9.84377137E-05   2.64169817E-02   2.11239541E-03   6.72012147E-02
        51   9.84024624E-05   2.59271108E-02   2.09623113E-03   6.78641737E-02
        52   9.53797799E-05   2.58131462E-02   2.13162058E-03   6.77045083E-02
        53   9.54087686E-05   2.59369130E-02   2.11523852E-03   6.65310320E-02
        54   9.44396293E-05   2.29934657E-02   2.09232974E-03   6.60034202E-02
        55   9.40514365E-05   2.34708874E-02   2.08012308E-03   6.68196658E-02
        56   9.47759640E-05   2.44839043E-02   2.10108935E-03   6.54755259E-02
        57   9.67920192E-05   2.47705110E-02   2.19110812E-03   6.44533204E-02
        58   9.71143560E-05   2.45397846E-02   2.13331107E-03   6.37007022E-02
        59   9.60910241E-05   2.47284161E-02   2.13667217E-03   6.45738956E-02
        60   9.58364721E-05   2.47692854E-02   2.14308279E-03   6.32655052E-02
        61   9.50630615E-05   2.43360773E-02   2.23383693E-03   6.39386220E-02
        62   9.64619515E-05   2.31053135E-02   2.22498072E-03   6.37464417E-02
        63   9.63306996E-05   2.31137675E-02   2.23738254E-03   6.27225038E-02
        64   9.61284773E-05   2.28004242E-02   2.24231225E-03   6.33129433E-02
        65   9.53246743E-05   2.27608182E-02   2.24580772E-03   6.29072193E-02
        66   9.86312072E-05   2.27215163E-02   2.24612749E-03   6.40263652E-02
        67   9.92957337E-05   2.22097854E-02   1.86419377E-03   6.40417653E-02
        68   9.73314860E-05   2.32336559E-02   1.70088879E-03   5.82045557E-02
        69   9.58623933E-05   2.24309475E-02   1.49699980E-03   5.95504514E-02
        70   9.49715701E-05   2.28153775E-02   1.50334992E-03   5.96215784E-02
        71   9.45345149E-05   2.30545049E-02   1.49542761E-03   5.95438410E-02
        72   9.50938014E-05   2.29458066E-02   1.49528102E-03   5.98601084E-02
        73   9.26494121E-05   2.30162829E-02   1.51192496E-03   6.00119580E-02
        74   9.16610502E-05   2.19709416E-02   1.27075602E-03   6.08837315E-02
        75   9.17184357E-05   2.21777713E-02   1.26533205E-03   6.03985248E-02
        76   9.19905363E-05   2.31385099E-02   1.31376661E-03   5.86909046E-02
        77   9.27361010E-05   2.32416453E-02   1.35641075E-03   5.89634371E-02
        78   9.51595411E-05   2.30476895E-02   1.37167786E-03   5.94061782E-02
        79   9.62062483E-05   2.28103802E-02   1.37913305E-03   5.96472435E-02
        80   9.45335577E-05   2.25654171E-02   1.37641191E-03   5.98350323E-02
        81   9.44510250E-05   2.26822276E-02   1.37444899E-03   5.86911631E-02
        82   9.41904837E-05   2.40121065E-02   1.30702646E-03   5.88285088E-02
        83   9.84032202E-05   2.05136099E-02   1.18914773E-03   5.78248484E-02
        84   9.08678159E-05   2.03437121E-02   1.21350634E-03   5.79589326E-02
        85   9.10478217E-05   2.03342408E-02   1.21898425E-03   5.80040816E-02
        86   9.08024059E-05   2.04979799E-02   1.21913252E-03   5.80947219E-02
        87   9.01253365E-05   2.03557068E-02   1.21517682E-03   5.78731334E-02
        88   8.97135122E-05   1.98489694E-02   1.18440501E-03   5.75491636E-02
        89   8.89030296E-05   2.01065652E-02   1.18011098E-03   5.71552650E-02
        90   8.88144463E-05   1.98486715E-02   1.18966253E-03   5.71307790E-02
        91   8.85495390E-05   1.98162726E-02   1.18907710E-03   5.72915478E-02
        92   8.79993217E-05   2.01667910E-02   1.19529630E-03   5.74457590E-02
        93   8.80493658E-05   2.01746136E-02   1.20059031E-03   5.69979847E-02
        94   8.81909914E-05   1.99123216E-02   1.20298872E-03   5.69870766E-02
        95   8.78937972E-05   1.98530608E-02   1.19746586E-03   5.71322892E-02
        96   9.07703826E-05   1.95526511E-02   1.20587107E-03   5.69574484E-02
        97   8.95831136E-05   2.01882874E-02   1.10573672E-03   5.37946865E-02
        98   8.87075754E-05   1.99713669E-02   1.10345256E-03   5.36333963E-02
        99   8.87198665E-05   1.99456183E-02   1.10753396E-03   5.36422431E-02
       100   8.87836924E-05   2.00129585E-02   1.10219652E-03   5.27096379E-02
       101   8.86034664E-05   1.98456928E-02   1.10044256E-03   5.27196613E-02
       102   8.82816750E-05   1.95770148E-02   1.10141028E-03   5.29061434E-02
       103   8.85145156E-05   1.96337629E-02   1.10582848E-03   5.33954193E-02
       104   8.80550811E-05   1.90162122E-02   1.09462535E-03   5.34010718E-02
       105   8.73791710E-05   1.90678982E-02   1.09468938E-03   5.34034608E-02
       106   9.05183882E-05   1.30811376E-02   7.45687310E-04   5.35441943E-02
       107   8.98777992E-05   1.34157481E-02   7.51922229E-04   5.33370875E-02
       108   8.84898594E-05   1.33806592E-02   7.56131687E-04   5.34236260E-02
       109   8.88224057E-05   1.34371050E-02   7.52502622E-04   5.34322133E-02
       110   8.76917159E-05   1.36002902E-02   7.38117398E-04   5.36413767E-02
       111   8.74663995E-05   1.54073754E-02   5.92593899E-04   5.21430427E-02
       112   8.72445073E-05   1.53614022E-02   5.86392950E-04   5.14245017E-02
       113   8.76930752E-05   1.54238926E-02   5.64029070E-04   5.11564171E-02
       114   8.76210014E-05   1.54990570E-02   5.65016004E-04   5.10884761E-02
       115   8.73892271E-05   1.64077488E-02   5.21402661E-04   4.93413723E-02
       116   8.70235194E-05   1.62808693E-02   5.24696471E-04   4.88706176E-02
       117   8.70838350E-05   1.63022693E-02   5.11215487E-04   4.95580529E-02
       118   8.67580774E-05   1.61906872E-02   5.11464850E-04   4.96825665E-02
       119   8.71812637E-05   1.64378888E-02   5.11015996E-04   4.93796345E-02
       120   8.76838770E-05   1.64947405E-02   5.10403161E-04   4.91825241E-02
       121   8.74938640E-05   1.64292061E-02   5.09856028E-04   4.92688149E-02
       122   8.74962795E-05   1.65697670E-02   5.09628131E-04   4.94474647E-02
       123   8.67591096E-05   1.67164127E-02   5.10756067E-04   5.00068936E-02
       124   8.75192692E-05   1.67447083E-02   5.10422842E-04   5.05182824E-02
       125   8.73267432E-05   1.68975410E-02   5.09816587E-04   5.05645518E-02
       126   8.97310343E-05   1.68899043E-02   5.10574970E-04   5.07376853E-02
       127   8.99797614E-05   1.68471145E-02   5.10191075E-04   5.05214730E-02
       128   8.99379289E-05   1.70800803E-02   4.98335707E-04   5.08777667E-02
       129   8.92756536E-05   1.70371012E-02   4.98726243E-04   5.13883639E-02
       130   8.69923161E-05   1.70257988E-02   4.98785867E-04   5.15785090E-02
       131   8.70841362E-05   1.67896125E-02   4.97819426E-04   5.16241035E-02
       132   8.78184643E-05   1.68505157E-02   4.98591908E-04   5.19561714E-02
       133   8.79153225E-05   1.67696427E-02   4.98161296E-04   5.19909378E-02
       134   8.77716509E-05   1.65826845E-02   4.97529521E-04   5.13956289E-02
       135   8.77646841E-05   1.65867220E-02   4.97575733E-04   5.15767184E-02
       136   8.78310120E-05   1.65854607E-02   4.97749529E-04   5.14596909E-02
       137   8.80360799E-05   1.63983151E-02   4.96794600E-04   5.13136723E-02
       138   8.81575472E-05   1.63851236E-02   4.95956426E-04   5.16638811E-02
       139   8.81017881E-05   1.63789729E-02   4.96014596E-04   5.15470917E-02
       140   8.66528999E-05   1.65190976E-02   4.94852899E-04   5.12898386E-02
       141   8.65873278E-05   1.64949998E-02   4.95373793E-04   5.16376476E-02
       142   8.81597462E-05   1.69662681E-02   4.86967127E-04   5.26319467E-02
       143   8.81264332E-05   1.70452228E-02   4.86946379E-04   5.25436146E-02
       144   8.79279075E-05   1.70989537E-02   4.86637928E-04   5.25893909E-02
       145   8.88227670E-05   1.69961299E-02   4.87030746E-04   5.26168022E-02
       146   8.95846441E-05   1.70360741E-02   4.86913170E-04   5.22973224E-02
       147   9.00543743E-05   1.70107591E-02   4.86366005E-04   5.21874197E-02
       148   9.01340371E-05   1.70068236E-02   4.85934035E-04   5.22566423E-02
       149   9.00066678E-05   1.70829851E-02   4.85784218E-04   5.24377609E-02
       150   8.98295405E-05   1.70786655E-02   4.85646607E-04   5.23753358E-02
       151   8.99470010E-05   1.69874597E-02   4.84793212E-04   5.22119999E-02
       152   9.02287807E-05   1.68712484E-02   4.84468053E-04   5.25757520E-02
       153   9.03359791E-05   1.69959799E-02   4.85875009E-04   5.28871115E-02
       154   9.01492455E-05   1.69686283E-02   4.85734302E-04   5.27062056E-02
       155   8.97148830E-05   1.68884108E-02   4.85260297E-04   5.28881202E-02
       156   8.96905644E-05   1.69317823E-02   4.85494115E-04   5.28369091E-02
       157   8.95823029E-05   1.69486802E-02   4.85281291E-04   5.28135457E-02
       158   8.92518181E-05   1.66664360E-02   4.83651409E-04   5.18442421E-02
       159   8.85099542E-05   1.67852758E-02   4.83368932E-04   5.15978810E-02
       160   8.85097177E-05   1.67714162E-02   4.83186644E-04   5.14998319E-02
       161   8.83302252E-05   1.68416889E-02   4.83277219E-04   5.15594435E-02
       162   8.91102629E-05   1.66988208E-02   4.83168788E-04   5.14273880E-02
       163   8.89518931E-05   1.69139686E-02   4.80867030E-04   5.19617384E-02
       164   8.86657486E-05   1.69455599E-02   4.80972967E-04   5.17234676E-02
       165   8.82298842E-05   1.69525594E-02   4.80578638E-04   5.18867507E-02
       166   8.82309710E-05   1.69285155E-02   4.80595566E-04   5.18461646E-02
       167   8.79446809E-05   1.69909031E-02   4.80502644E-04   5.19202579E-02
       168   8.74452022E-05   1.69594711E-02   4.80438757E-04   5.17913093E-02
       169   8.76038140E-05   1.69512286E-02   4.80471365E-04   5.16205388E-02
       170   8.72605636E-05   1.66015294E-02   4.77733029E-04   5.22763919E-02
       171   8.69955540E-05   1.65025363E-02   4.77700051E-04   5.22735355E-02
       172   8.69055082E-05   1.65712938E-02   4.77647455E-04   5.26201660E-02
       173   8.74829380E-05   1.65150011E-02   4.77790484E-04   5.27998428E-02
       174   8.64237412E-05   1.64164577E-02   4.77564640E-04   5.27492910E-02
       175   8.64948449E-05   1.64049700E-02   4.77542761E-04   5.27704358E-02
       176   8.57780934E-05   1.63638283E-02   4.77491625E-04   5.29985220E-02
       177   8.52694886E-05   1.63668647E-02   4.77503092E-04   5.30686398E-02
       178   8.53662782E-05   1.63787604E-02   4.77430532E-04   5.30677713E-02
       179   8.56473563E-05   1.63813597E-02   4.77457925E-04   5.30412514E-02
       180   8.60615014E-05   1.63727396E-02   4.77528629E-04   5.28211006E-02
       181   8.52159137E-05   1.63853148E-02   4.77345686E-04   5.27618383E-02
       182   8.49163290E-05   1.63648142E-02   4.77144786E-04   5.27555882E-02
       183   8.51451165E-05   1.63827355E-02   4.77105903E-04   5.25855970E-02
       184   8.49737996E-05   1.62636772E-02   4.77082164E-04   5.25658120E-02
       185   8.48370673E-05   1.61488253E-02   4.77159703E-04   5.25603015E-02
       186   8.61014780E-05   1.61607391E-02   4.77392940E-04   5.24267192E-02
       187   8.58248156E-05   1.62888365E-02   4.77384321E-04   5.25466863E-02
       188   8.60096983E-05   1.63152687E-02   4.77454230E-04   5.25569475E-02
       189   8.60228381E-05   1.62965345E-02   4.77205210E-04   5.22135787E-02
       190   8.55179007E-05   1.62552451E-02   4.77152825E-04   5.21480018E-02
       191   8.56824084E-05   1.63217891E-02   4.77202137E-04   5.19991827E-02
       192   8.58759320E-05   1.62315303E-02   4.77178299E-04   5.20248567E-02
       193   8.57385541E-05   1.61763079E-02   4.77219514E-04   5.21013141E-02
       194   8.56498343E-05   1.62347315E-02   4.77086083E-04   5.22739353E-02
       195   8.55457536E-05   1.62246825E-02   4.76934784E-04   5.22891754E-02
       196   8.62685386E-05   1.62665068E-02   4.76813295E-04   5.21334318E-02
       197   8.63045178E-05   1.63634730E-02   4.76659082E-04   5.20759456E-02
       198   8.60967010E-05   1.64792171E-02   4.76500600E-04   5.21081812E-02
       199   8.58530460E-05   1.64020559E-02   4.76405971E-04   5.23118247E-02
       200   8.56780281E-05   1.65580209E-02   4.76308165E-04   5.24217475E-02
       201   8.56080187E-05   1.65061161E-02   4.76175233E-04   5.26851725E-02
       202   8.57496381E-05   1.65249953E-02   4.76193146E-04   5.30862676E-02
       203   8.56803368E-05   1.65003081E-02   4.76089376E-04   5.30142840E-02
       204   8.55241624E-05   1.64866138E-02   4.75950921E-04   5.29511262E-02
       205   8.58485694E-05   1.65432318E-02   4.75960878E-04   5.28797442E-02
       206   8.59174844E-05   1.66113235E-02   4.75778457E-04   5.30167141E-02
       207   8.62365942E-05   1.66192138E-02   4.75831281E-04   5.31237341E-02
       208   8.62866605E-05   1.67781116E-02   4.75733210E-04   5.34920355E-02
       209   8.69984711E-05   1.66981132E-02   4.75901870E-04   5.34634846E-02
       210   8.62127913E-05   1.68346772E-02   4.75601795E-04   5.33415017E-02
       211   8.57436250E-05   1.69278458E-02   4.75578042E-04   5.32467871E-02
       212   8.56462717E-05   1.70205844E-02   4.75589949E-04   5.32265139E-02
       213   8.58541345E-05   1.71170714E-02   4.75704379E-04   5.32266203E-02
       214   8.56958521E-05   1.73385120E-02   4.75281856E-04   5.31384838E-02
       215   8.57103875E-05   1.72666939E-02   4.75281757E-04   5.30395310E-02
       216   8.57596883E-05   1.73278888E-02   4.75194702E-04   5.29806660E-02
       217   8.61856367E-05   1.73439040E-02   4.75212226E-04   5.31588850E-02
       218   8.64712385E-05   1.73397089E-02   4.75253130E-04   5.30452990E-02
       219   8.60869067E-05   1.73289444E-02   4.75131159E-04   5.31797951E-02
       220   8.60456776E-05   1.71929455E-02   4.75048920E-04   5.35654393E-02
       221   8.57917633E-05   1.72129793E-02   4.75059269E-04   5.34720939E-02
       222   8.52806819E-05   1.71561822E-02   4.74961544E-04   5.36207966E-02
       223   8.52377359E-05   1.71707658E-02   4.74894566E-04   5.37502546E-02
       224   8.57696469E-05   1.71069046E-02   4.74769954E-04   5.36810938E-02
       225   8.53528406E-05   1.74910232E-02   4.74526828E-04   5.37754648E-02
       226   8.52808783E-05   1.74517635E-02   4.74431258E-04   5.37109682E-02
       227   8.53039655E-05   1.73042480E-02   4.74253864E-04   5.36656156E-02
       228   8.56904883E-05   1.72267790E-02   4.74201856E-04   5.35092638E-02
       229   8.70712294E-05   1.73103492E-02   4.74419094E-04   5.37461059E-02
       230   8.71266165E-05   1.73873696E-02   4.74297762E-04   5.35543110E-02
       231   8.70998523E-05   1.74582801E-02   4.74323559E-04   5.36081362E-02
       232   8.73017614E-05   1.74627161E-02   4.74373766E-04   5.35605273E-02
       233   8.81221395E-05   1.75788413E-02   4.74373457E-04   5.32370326E-02
       234   8.82144282E-05   1.76624070E-02   4.74345773E-04   5.33848510E-02
       235   8.86568695E-05   1.77109577E-02   4.74444070E-04   5.34813705E-02
       236   8.88729954E-05   1.75365316E-02   4.74473691E-04   5.35479979E-02
       237   8.92298914E-05   1.75413096E-02   4.74536123E-04   5.36007265E-02
       238   8.97539831E-05   1.75911070E-02   4.74678214E-04   5.33479829E-02
       239   8.94651548E-05   1.75486082E-02   4.74575287E-04   5.34239783E-02
       240   8.82992503E-05   1.74478851E-02   4.74328053E-04   5.35991848E-02
       241   8.83514948E-05   1.74346623E-02   4.74223661E-04   5.37633109E-02
       242   8.80699204E-05   1.74581172E-02   4.73990140E-04   5.37243410E-02
       243   8.83866275E-05   1.76968344E-02   4.74107383E-04   5.33225253E-02
       244   9.25611187E-05   1.77855254E-02   4.75068260E-04   5.34004095E-02
       245   8.95864989E-05   1.74963824E-02   4.74274825E-04   5.38765801E-02
       246   8.96526771E-05   1.73910920E-02   4.74244821E-04   5.38021570E-02
       247   8.98717676E-05   1.75141096E-02   4.74303576E-04   5.39176907E-02
       248   8.76211281E-05   1.74991313E-02   4.73349144E-04   5.39315350E-02
       249   8.76832149E-05   1.73453938E-02   4.73413388E-04   5.38768346E-02
       250   8.82251986E-05   1.72463444E-02   4.73479462E-04   5.40250483E-02
       251   8.82351913E-05   1.72408244E-02   4.73430709E-04   5.38190484E-02
       252   8.71185217E-05   1.72780347E-02   4.73318492E-04   5.39334851E-02
       253   8.73697054E-05   1.72721123E-02   4.73227484E-04   5.39568661E-02
       254   8.73137294E-05   1.71812911E-02   4.73219632E-04   5.41641071E-02
       255   8.76076743E-05   1.72798378E-02   4.73172322E-04   5.42195606E-02
       256   8.78043521E-05   1.72444436E-02   4.73167829E-04   5.43147517E-02
       257   8.77008546E-05   1.72212147E-02   4.73073857E-04   5.43089904E-02
       258   8.77398800E-05   1.72565758E-02   4.73040288E-04   5.43313120E-02
       259   8.76010467E-05   1.73759418E-02   4.72986528E-04   5.42960877E-02
       260   8.75730832E-05   1.73847837E-02   4.72995032E-04   5.41296159E-02
       261   8.70898742E-05   1.74938553E-02   4.72896776E-04   5.40182438E-02
       262   8.68350677E-05   1.74093721E-02   4.72832810E-04   5.40044179E-02
       263   8.64117822E-05   1.73901481E-02   4.72863390E-04   5.38103451E-02
       264   8.61295080E-05   1.74677625E-02   4.72829745E-04   5.37147549E-02
       265   8.58820186E-05   1.75705962E-02   4.72878107E-04   5.37768662E-02
       266   8.58090131E-05   1.76788369E-02   4.72885411E-04   5.38392074E-02
       267   8.57752856E-05   1.77299507E-02   4.72928792E-04   5.37498386E-02
       268   8.53955630E-05   1.77567636E-02   4.72900230E-04   5.36074964E-02
       269   8.53266456E-05   1.78640294E-02   4.72898018E-04   5.35926182E-02
       270   8.56022520E-05   1.78552176E-02   4.72826849E-04   5.35315076E-02
       271   8.56488474E-05   1.77325290E-02   4.72846503E-04   5.34841720E-02
       272   8.58642112E-05   1.76142663E-02   4.72910948E-04   5.36569755E-02
       273   8.60048629E-05   1.76134691E-02   4.72891143E-04   5.35266499E-02
       274   8.51885935E-05   1.74566992E-02   4.72625933E-04   5.30345812E-02
       275   8.51645916E-05   1.74735126E-02   4.72590476E-04   5.29925560E-02
       276   8.54067185E-05   1.74186076E-02   4.72636080E-04   5.30122558E-02
       277   8.53393424E-05   1.74420422E-02   4.72600509E-04   5.29662050E-02
       278   8.51804989E-05   1.74796499E-02   4.72634036E-04   5.28362721E-02
       279   8.52473191E-05   1.74788538E-02   4.72548165E-04   5.28798765E-02
       280   8.53944280E-05   1.75172898E-02   4.72628626E-04   5.30247566E-02
       281   8.52889928E-05   1.75891870E-02   4.72526145E-04   5.31030760E-02
       282   8.52713077E-05   1.76706714E-02   4.72461857E-04   5.30189105E-02
       283   8.54588580E-05   1.77442833E-02   4.72363978E-04   5.30788196E-02
       284   8.56602356E-05   1.80511383E-02   4.72406689E-04   5.31426805E-02
       285   8.54921007E-05   1.80571170E-02   4.72320903E-04   5.31682681E-02
       286   8.52540033E-05   1.81282449E-02   4.72248355E-04   5.30205346E-02
       287   8.52028971E-05   1.81502887E-02   4.72176959E-04   5.29243966E-02
       288   8.53310764E-05   1.81025836E-02   4.72122788E-04   5.25917558E-02
       289   8.54516938E-05   1.80119504E-02   4.72092435E-04   5.25466899E-02
       290   8.53822643E-05   1.79036229E-02   4.72116262E-04   5.26947461E-02
       291   8.56593126E-05   1.80290165E-02   4.72174516E-04   5.26608249E-02
       292   8.53152115E-05   1.80545512E-02   4.72146809E-04   5.27470636E-02
       293   8.50770316E-05   1.82370797E-02   4.72138280E-04   5.27204352E-02
       294   8.51396234E-05   1.82111231E-02   4.72178613E-04   5.26513381E-02
       295   8.49505295E-05   1.85527906E-02   4.72167180E-04   5.26452530E-02
       296   8.48053732E-05   1.84852843E-02   4.72122614E-04   5.24191112E-02
       297   8.48058643E-05   1.85460996E-02   4.72078287E-04   5.24223240E-02
       298   8.45785456E-05   1.84757532E-02   4.71986815E-04   5.23933334E-02
       299   8.47632807E-05   1.85117906E-02   4.71980719E-04   5.23329354E-02
       300   8.52906508E-05   1.81881208E-02   4.72070166E-04   5.23821508E-02
       301   8.43762177E-05   1.80791405E-02   4.71966535E-04   5.20403092E-02
       302   8.41154819E-05   1.79529404E-02   4.71885192E-04   5.22329970E-02
       303   8.37514537E-05   1.77367173E-02   4.71879269E-04   5.23074121E-02
       304   8.34925578E-05   1.77028673E-02   4.71851816E-04   5.23753138E-02
       305   8.35126681E-05   1.77724700E-02   4.71828719E-04   5.23105032E-02
       306   8.35879033E-05   1.77579099E-02   4.71748591E-04   5.22750395E-02
       307   8.32888003E-05   1.77563999E-02   4.71665213E-04   5.21310138E-02
       308   8.33141246E-05   1.78609638E-02   4.71642374E-04   5.21730486E-02
       309   8.43337031E-05   1.79662408E-02   4.72192221E-04   5.19181730E-02
       310   8.39346640E-05   1.79905751E-02   4.72176638E-04   5.20000654E-02
       311   8.44897713E-05   1.80269784E-02   4.72259559E-04   5.20210575E-02
       312   8.43804028E-05   1.80642047E-02   4.72192386E-04   5.19794291E-02
       313   8.36848545E-05   1.81352431E-02   4.72090506E-04   5.17745540E-02
       314   8.36196401E-05   1.82039763E-02   4.72069737E-04   5.18307480E-02
       315   8.37130391E-05   1.82142611E-02   4.72053291E-04   5.19873972E-02
       316   8.50693965E-05   1.83433988E-02   4.72678191E-04   5.17947244E-02
       317   8.49943927E-05   1.83813308E-02   4.72554470E-04   5.18284044E-02
       318   8.47926915E-05   1.84541147E-02   4.72396701E-04   5.20465554E-02
       319   8.40957910E-05   1.86155876E-02   4.72315147E-04   5.22103417E-02
       320   8.48521345E-05   1.88985743E-02   4.72480194E-04   5.20402833E-02
       321   8.50366222E-05   1.91587634E-02   4.72517994E-04   5.17790931E-02
       322   8.52632819E-05   1.86136322E-02   4.72608466E-04   5.17110695E-02
       323   8.47464853E-05   1.86138337E-02   4.72452468E-04   5.17554961E-02
       324   8.39696685E-05   1.85212625E-02   4.72020762E-04   5.18033248E-02
       325   8.37824796E-05   1.84486988E-02   4.71919408E-04   5.17541744E-02
       326   8.35639608E-05   1.83024640E-02   4.71850187E-04   5.20886969E-02
       327   8.36328188E-05   1.83646248E-02   4.71902909E-04   5.21221438E-02
       328   8.32782895E-05   1.85574263E-02   4.71864471E-04   5.27218395E-02
       329   8.31508680E-05   1.85443133E-02   4.71850296E-04   5.27255594E-02
       330   8.31644150E-05   1.86363084E-02   4.71815703E-04   5.27145860E-02
       331   8.31703324E-05   1.86595817E-02   4.71798655E-04   5.26795280E-02
       332   8.32856737E-05   1.86597009E-02   4.71809320E-04   5.26514525E-02
       333   8.32750477E-05   1.83588807E-02   4.71746702E-04   5.29449474E-02
       334   8.32842118E-05   1.83826476E-02   4.71722062E-04   5.30032685E-02
       335   8.31881128E-05   1.83705833E-02   4.71720245E-04   5.30076208E-02
       336   8.30772504E-05   1.82195078E-02   4.71691351E-04   5.30949837E-02
       337   8.31022589E-05   1.82482532E-02   4.71658118E-04   5.30957790E-02
       338   8.29613496E-05   1.82386024E-02   4.71713338E-04   5.31111543E-02
       339   8.28142960E-05   1.83497263E-02   4.71655709E-04   5.30876728E-02
       340   8.31062294E-05   1.84315832E-02   4.71659429E-04   5.33147331E-02
