0.000000000000000000e+00 3.420353643673728220e+04
1.000000000000000000e+00 1.278921481591507501e+02
2.000000000000000000e+00 1.164784350647825732e+02
3.000000000000000000e+00 7.397166298143622498e+01
4.000000000000000000e+00 5.871072596842223135e+01
5.000000000000000000e+00 4.471414409892930308e+01
6.000000000000000000e+00 5.034579783301430211e+01
7.000000000000000000e+00 4.768871966762557690e+01
8.000000000000000000e+00 4.237490169402266815e+01
9.000000000000000000e+00 4.082199781462464472e+01
1.000000000000000000e+01 3.522179294009538353e+01
1.100000000000000000e+01 3.514423617921831777e+01
1.200000000000000000e+01 3.615461291990848025e+01
1.300000000000000000e+01 3.907199692155821680e+01
1.400000000000000000e+01 3.835072957149788664e+01
1.500000000000000000e+01 3.225681036294000847e+01
1.600000000000000000e+01 3.290621435151658147e+01
1.700000000000000000e+01 3.077444654965649917e+01
1.800000000000000000e+01 3.075301799898520727e+01
1.900000000000000000e+01 3.026220335508916648e+01
2.000000000000000000e+01 3.082788132362438560e+01
2.100000000000000000e+01 3.036476723084581764e+01
2.200000000000000000e+01 3.264808438842935345e+01
2.300000000000000000e+01 3.189207706393716890e+01
2.400000000000000000e+01 3.045414021615757960e+01
2.500000000000000000e+01 3.054434294787791515e+01
2.600000000000000000e+01 3.043644403308501722e+01
2.700000000000000000e+01 3.015545362056019485e+01
2.800000000000000000e+01 2.999602835882352991e+01
2.900000000000000000e+01 3.055861272462660239e+01
3.000000000000000000e+01 2.925462227769812884e+01
3.100000000000000000e+01 2.934265669528793552e+01
3.200000000000000000e+01 2.807195437226457102e+01
3.300000000000000000e+01 2.794198130279941239e+01
3.400000000000000000e+01 2.783821085975652210e+01
3.500000000000000000e+01 2.853170139977996200e+01
3.600000000000000000e+01 2.829979308927832449e+01
3.700000000000000000e+01 2.834342558390890332e+01
3.800000000000000000e+01 2.819698881537715351e+01
3.900000000000000000e+01 2.756750336859187556e+01
4.000000000000000000e+01 2.753113686288527262e+01
4.100000000000000000e+01 2.749275126987497231e+01
4.200000000000000000e+01 2.752864181296645185e+01
4.300000000000000000e+01 2.745631652709075610e+01
4.400000000000000000e+01 2.736830946603846471e+01
4.500000000000000000e+01 2.784238915948559523e+01
4.600000000000000000e+01 2.767623593787013192e+01
4.700000000000000000e+01 2.752496544399432565e+01
4.800000000000000000e+01 2.729170226497676666e+01
4.900000000000000000e+01 2.716428142676448587e+01
5.000000000000000000e+01 2.702012121580587234e+01
5.100000000000000000e+01 2.702546355677506540e+01
5.200000000000000000e+01 2.702298064246311782e+01
5.300000000000000000e+01 2.689447664991579856e+01
5.400000000000000000e+01 2.692239425356119042e+01
5.500000000000000000e+01 2.681605810668492396e+01
5.600000000000000000e+01 2.697793887477396524e+01
5.700000000000000000e+01 2.692602984483735185e+01
5.800000000000000000e+01 2.690868775409060376e+01
5.900000000000000000e+01 2.680038178224700118e+01
6.000000000000000000e+01 2.683986672754217651e+01
6.100000000000000000e+01 2.690897618044196804e+01
6.200000000000000000e+01 2.689168803143931186e+01
6.300000000000000000e+01 2.688050527539869705e+01
6.400000000000000000e+01 2.676709283558887975e+01
6.500000000000000000e+01 2.697486974894381007e+01
6.600000000000000000e+01 2.701668107979117295e+01
6.700000000000000000e+01 2.690384852658580073e+01
6.800000000000000000e+01 2.679544485282249155e+01
6.900000000000000000e+01 2.679052916071000467e+01
7.000000000000000000e+01 2.675028764260190783e+01
7.100000000000000000e+01 2.676441225486674824e+01
7.200000000000000000e+01 2.679220557138587466e+01
7.300000000000000000e+01 2.666210867759300385e+01
7.400000000000000000e+01 2.663847036660840928e+01
7.500000000000000000e+01 2.662870331138425684e+01
7.600000000000000000e+01 2.651319799361032992e+01
7.700000000000000000e+01 2.653107029724867161e+01
7.800000000000000000e+01 2.654512775229922994e+01
7.900000000000000000e+01 2.652614678898260792e+01
8.000000000000000000e+01 2.656246480368380958e+01
8.100000000000000000e+01 2.648082898765927595e+01
8.200000000000000000e+01 2.649204295689213140e+01
8.300000000000000000e+01 2.646801779772758678e+01
8.400000000000000000e+01 2.653721230271958120e+01
8.500000000000000000e+01 2.650990487327374723e+01
8.600000000000000000e+01 2.652481130658443575e+01
8.700000000000000000e+01 2.646368394625794451e+01
8.800000000000000000e+01 2.642344499925300028e+01
8.900000000000000000e+01 2.641543092215650645e+01
9.000000000000000000e+01 2.646401479581128413e+01
9.100000000000000000e+01 2.646689268298914399e+01
9.200000000000000000e+01 2.644209151347186548e+01
9.300000000000000000e+01 2.644652604934086071e+01
9.400000000000000000e+01 2.643608191981318356e+01
9.500000000000000000e+01 2.653044572487146979e+01
9.600000000000000000e+01 2.653998600879780412e+01
9.700000000000000000e+01 2.639049610669749413e+01
9.800000000000000000e+01 2.635957134080786091e+01
9.900000000000000000e+01 2.631134762728233056e+01
1.000000000000000000e+02 2.635654494671205939e+01
1.010000000000000000e+02 2.633884074179766088e+01
1.020000000000000000e+02 2.634013621783082115e+01
1.030000000000000000e+02 2.631285305959871934e+01
1.040000000000000000e+02 2.625882209823241809e+01
1.050000000000000000e+02 2.626773451876951171e+01
1.060000000000000000e+02 2.628963466118058179e+01
1.070000000000000000e+02 2.629065878298728975e+01
1.080000000000000000e+02 2.629338399806010429e+01
1.090000000000000000e+02 2.630500173333162905e+01
1.100000000000000000e+02 2.630834776697103905e+01
1.110000000000000000e+02 2.630121938348766619e+01
1.120000000000000000e+02 2.629085341549575006e+01
1.130000000000000000e+02 2.623345492606769724e+01
1.140000000000000000e+02 2.624549540211914334e+01
1.150000000000000000e+02 2.622569276565784335e+01
1.160000000000000000e+02 2.622400272813528588e+01
1.170000000000000000e+02 2.622658529840533603e+01
1.180000000000000000e+02 2.622659460579874491e+01
1.190000000000000000e+02 2.622604845206761226e+01
1.200000000000000000e+02 2.623878034917816393e+01
1.210000000000000000e+02 2.625295561217506091e+01
1.220000000000000000e+02 2.623608768427123650e+01
1.230000000000000000e+02 2.620797616802626706e+01
1.240000000000000000e+02 2.620750899858391492e+01
1.250000000000000000e+02 2.612295328355605051e+01
1.260000000000000000e+02 2.608997461762607628e+01
1.270000000000000000e+02 2.604472572186715595e+01
1.280000000000000000e+02 2.604639076826710564e+01
1.290000000000000000e+02 2.603761837000755008e+01
1.300000000000000000e+02 2.606501095438971305e+01
1.310000000000000000e+02 2.606992381828873562e+01
1.320000000000000000e+02 2.608464394946518183e+01
1.330000000000000000e+02 2.610624101023692845e+01
1.340000000000000000e+02 2.609377290830957108e+01
1.350000000000000000e+02 2.609464554071867326e+01
1.360000000000000000e+02 2.608705538710955807e+01
1.370000000000000000e+02 2.607437779169754322e+01
1.380000000000000000e+02 2.606809201013848210e+01
1.390000000000000000e+02 2.606192671047303833e+01
1.400000000000000000e+02 2.605696221882276475e+01
1.410000000000000000e+02 2.605343240273019845e+01
1.420000000000000000e+02 2.604384460481765728e+01
1.430000000000000000e+02 2.602325762762941963e+01
1.440000000000000000e+02 2.602315874300226994e+01
1.450000000000000000e+02 2.604987343032789937e+01
1.460000000000000000e+02 2.602694371537144491e+01
1.470000000000000000e+02 2.601719352658395579e+01
1.480000000000000000e+02 2.602323129953316183e+01
1.490000000000000000e+02 2.602288744019788069e+01
1.500000000000000000e+02 2.599260863826364698e+01
1.510000000000000000e+02 2.605598273136674337e+01
1.520000000000000000e+02 2.602143034462071114e+01
1.530000000000000000e+02 2.597048434707996734e+01
1.540000000000000000e+02 2.593709147643252066e+01
1.550000000000000000e+02 2.591747056554186202e+01
1.560000000000000000e+02 2.596077354759272993e+01
1.570000000000000000e+02 2.595396588351628964e+01
1.580000000000000000e+02 2.594680998922920878e+01
1.590000000000000000e+02 2.594015648849763167e+01
1.600000000000000000e+02 2.593952800804364855e+01
1.610000000000000000e+02 2.593725978084471606e+01
1.620000000000000000e+02 2.592841333481445076e+01
1.630000000000000000e+02 2.592695644492553697e+01
1.640000000000000000e+02 2.593536503208935784e+01
1.650000000000000000e+02 2.594279320620002594e+01
1.660000000000000000e+02 2.596028874038276513e+01
1.670000000000000000e+02 2.593971981233863744e+01
1.680000000000000000e+02 2.592674859694689005e+01
1.690000000000000000e+02 2.593448982857710305e+01
1.700000000000000000e+02 2.593331642852150409e+01
1.710000000000000000e+02 2.593788512455286011e+01
1.720000000000000000e+02 2.593132372073612757e+01
1.730000000000000000e+02 2.592305304754526674e+01
1.740000000000000000e+02 2.591606977712368121e+01
1.750000000000000000e+02 2.591695896743707550e+01
1.760000000000000000e+02 2.589457216662177785e+01
1.770000000000000000e+02 2.588811036734106708e+01
1.780000000000000000e+02 2.589233237582367764e+01
1.790000000000000000e+02 2.587864798784018916e+01
1.800000000000000000e+02 2.585970348276623199e+01
1.810000000000000000e+02 2.584621511568689201e+01
1.820000000000000000e+02 2.583395861554877371e+01
1.830000000000000000e+02 2.582653152130143326e+01
1.840000000000000000e+02 2.580551717534760314e+01
1.850000000000000000e+02 2.581554252359421042e+01
1.860000000000000000e+02 2.579017653413693623e+01
1.870000000000000000e+02 2.577813353840440413e+01
1.880000000000000000e+02 2.577531674063738620e+01
1.890000000000000000e+02 2.577071647145934463e+01
1.900000000000000000e+02 2.576420720961449362e+01
1.910000000000000000e+02 2.580505494242329689e+01
1.920000000000000000e+02 2.580987478381034705e+01
1.930000000000000000e+02 2.578445490403105467e+01
1.940000000000000000e+02 2.578008490285112231e+01
1.950000000000000000e+02 2.577660805148344281e+01
1.960000000000000000e+02 2.577284287660852158e+01
1.970000000000000000e+02 2.578048167548923431e+01
1.980000000000000000e+02 2.577337164968235328e+01
1.990000000000000000e+02 2.577690953903880811e+01
2.000000000000000000e+02 2.577732122407519455e+01
2.010000000000000000e+02 2.578287557821013465e+01
2.020000000000000000e+02 2.579392623097089654e+01
2.030000000000000000e+02 2.577833835248133099e+01
2.040000000000000000e+02 2.579930431027388238e+01
2.050000000000000000e+02 2.579456376170796972e+01
2.060000000000000000e+02 2.577484201215177606e+01
2.070000000000000000e+02 2.579232391948781711e+01
2.080000000000000000e+02 2.577179741464566831e+01
2.090000000000000000e+02 2.575964278161435317e+01
2.100000000000000000e+02 2.574701923079055277e+01
2.110000000000000000e+02 2.573899430363876562e+01
2.120000000000000000e+02 2.574101930447971398e+01
2.130000000000000000e+02 2.575597093778378266e+01
2.140000000000000000e+02 2.576008182318825490e+01
2.150000000000000000e+02 2.576959485342118583e+01
2.160000000000000000e+02 2.577397904709050280e+01
2.170000000000000000e+02 2.578381238535386899e+01
2.180000000000000000e+02 2.578332125323015589e+01
2.190000000000000000e+02 2.578260530384701354e+01
2.200000000000000000e+02 2.577013828178296961e+01
2.210000000000000000e+02 2.576908346100465508e+01
2.220000000000000000e+02 2.575837769602042826e+01
2.230000000000000000e+02 2.575919715801639853e+01
2.240000000000000000e+02 2.575695201932375866e+01
2.250000000000000000e+02 2.575074218815175087e+01
2.260000000000000000e+02 2.575176780119828379e+01
2.270000000000000000e+02 2.576006907051663219e+01
2.280000000000000000e+02 2.575301679168649471e+01
2.290000000000000000e+02 2.574588583709996215e+01
2.300000000000000000e+02 2.574935271258742731e+01
2.310000000000000000e+02 2.574043371002627012e+01
2.320000000000000000e+02 2.570809010657433902e+01
2.330000000000000000e+02 2.571595505968812390e+01
2.340000000000000000e+02 2.571286593067546633e+01
2.350000000000000000e+02 2.572051521965703103e+01
2.360000000000000000e+02 2.571847407228830562e+01
2.370000000000000000e+02 2.571674978767179098e+01
2.380000000000000000e+02 2.571247203767288170e+01
2.390000000000000000e+02 2.570003725724234656e+01
2.400000000000000000e+02 2.570156773210341683e+01
2.410000000000000000e+02 2.570145408934418896e+01
2.420000000000000000e+02 2.573390696467998850e+01
2.430000000000000000e+02 2.573578217305141180e+01
2.440000000000000000e+02 2.571662652898677592e+01
2.450000000000000000e+02 2.571023713197077853e+01
2.460000000000000000e+02 2.570816734251296154e+01
2.470000000000000000e+02 2.571243722493622741e+01
2.480000000000000000e+02 2.570447225590990925e+01
2.490000000000000000e+02 2.569157519113300481e+01
2.500000000000000000e+02 2.568830654769841004e+01
2.510000000000000000e+02 2.566477195501488495e+01
2.520000000000000000e+02 2.565486929981059916e+01
2.530000000000000000e+02 2.564100025519887183e+01
2.540000000000000000e+02 2.563665215981777479e+01
2.550000000000000000e+02 2.564109456326240988e+01
2.560000000000000000e+02 2.563409262663195065e+01
2.570000000000000000e+02 2.562711254437826724e+01
2.580000000000000000e+02 2.563471822745040640e+01
2.590000000000000000e+02 2.563996003828643921e+01
2.600000000000000000e+02 2.563799581832396512e+01
2.610000000000000000e+02 2.562806035584348763e+01
2.620000000000000000e+02 2.563541124259345949e+01
2.630000000000000000e+02 2.563998893748584607e+01
2.640000000000000000e+02 2.562916680437305672e+01
2.650000000000000000e+02 2.565208489794327207e+01
2.660000000000000000e+02 2.566042427101029944e+01
2.670000000000000000e+02 2.564896537849137914e+01
2.680000000000000000e+02 2.565207780169857799e+01
2.690000000000000000e+02 2.564577175984670276e+01
2.700000000000000000e+02 2.563999788492480647e+01
2.710000000000000000e+02 2.563988871588506058e+01
2.720000000000000000e+02 2.562880073070655840e+01
2.730000000000000000e+02 2.562871475301722413e+01
2.740000000000000000e+02 2.562593009403958533e+01
2.750000000000000000e+02 2.560930806644102731e+01
2.760000000000000000e+02 2.559425168639461745e+01
2.770000000000000000e+02 2.558654022813889384e+01
2.780000000000000000e+02 2.558115813791499349e+01
2.790000000000000000e+02 2.558290319704496341e+01
2.800000000000000000e+02 2.556606252283452463e+01
2.810000000000000000e+02 2.557689231783470518e+01
2.820000000000000000e+02 2.557275495006778954e+01
2.830000000000000000e+02 2.556610227208922126e+01
2.840000000000000000e+02 2.555445908289651413e+01
2.850000000000000000e+02 2.553976070325272119e+01
2.860000000000000000e+02 2.553342648211031474e+01
2.870000000000000000e+02 2.552504360597799149e+01
2.880000000000000000e+02 2.551737513656692968e+01
2.890000000000000000e+02 2.554097246416731792e+01
2.900000000000000000e+02 2.553643528986057376e+01
2.910000000000000000e+02 2.554084267488030591e+01
2.920000000000000000e+02 2.553286737001932138e+01
2.930000000000000000e+02 2.552273202997995583e+01
2.940000000000000000e+02 2.551791949052584485e+01
2.950000000000000000e+02 2.551148237383538131e+01
2.960000000000000000e+02 2.550282922333993341e+01
2.970000000000000000e+02 2.550418666295900394e+01
2.980000000000000000e+02 2.551080144287713836e+01
2.990000000000000000e+02 2.550881675693358375e+01
3.000000000000000000e+02 2.550750873391706008e+01
3.010000000000000000e+02 2.550184608491743177e+01
3.020000000000000000e+02 2.549001484524033145e+01
3.030000000000000000e+02 2.548623815182329722e+01
3.040000000000000000e+02 2.549443102343283485e+01
3.050000000000000000e+02 2.550031381028415822e+01
3.060000000000000000e+02 2.549506397760630350e+01
3.070000000000000000e+02 2.548007233793721937e+01
3.080000000000000000e+02 2.548937926854165070e+01
3.090000000000000000e+02 2.548833509213037374e+01
3.100000000000000000e+02 2.548873978376618510e+01
3.110000000000000000e+02 2.549349761014525839e+01
3.120000000000000000e+02 2.549651706226255499e+01
3.130000000000000000e+02 2.548845927641251663e+01
3.140000000000000000e+02 2.548365290760596835e+01
3.150000000000000000e+02 2.546928938843643664e+01
3.160000000000000000e+02 2.546287469176543539e+01
3.170000000000000000e+02 2.543832055383881041e+01
3.180000000000000000e+02 2.543681579000923776e+01
3.190000000000000000e+02 2.542563498800702604e+01
3.200000000000000000e+02 2.542894554042296562e+01
3.210000000000000000e+02 2.542607356678234609e+01
3.220000000000000000e+02 2.541599052298105832e+01
3.230000000000000000e+02 2.541138146063023839e+01
3.240000000000000000e+02 2.541349526737398179e+01
3.250000000000000000e+02 2.540340445884118026e+01
3.260000000000000000e+02 2.539873944928582361e+01
3.270000000000000000e+02 2.539640869285828018e+01
3.280000000000000000e+02 2.539871857192824223e+01
3.290000000000000000e+02 2.539297909836649580e+01
3.300000000000000000e+02 2.539725294028861313e+01
3.310000000000000000e+02 2.539646669694534609e+01
3.320000000000000000e+02 2.539519348666546605e+01
3.330000000000000000e+02 2.539144764648623465e+01
3.340000000000000000e+02 2.540321969936882240e+01
3.350000000000000000e+02 2.540116893607431692e+01
3.360000000000000000e+02 2.538573367826773008e+01
3.370000000000000000e+02 2.538239808330711611e+01
3.380000000000000000e+02 2.538490994824053359e+01
3.390000000000000000e+02 2.538316051823521136e+01
3.400000000000000000e+02 2.537512119290579093e+01
3.410000000000000000e+02 2.537563294527677016e+01
3.420000000000000000e+02 2.537012373971313650e+01
3.430000000000000000e+02 2.536340920099278762e+01
3.440000000000000000e+02 2.536508756570704293e+01
3.450000000000000000e+02 2.535882471838808172e+01
3.460000000000000000e+02 2.535838192300359140e+01
3.470000000000000000e+02 2.535923239250354655e+01
3.480000000000000000e+02 2.535358234190935889e+01
3.490000000000000000e+02 2.536889824910772262e+01
3.500000000000000000e+02 2.537008337339368680e+01
3.510000000000000000e+02 2.537132454772831380e+01
3.520000000000000000e+02 2.540417301299477870e+01
3.530000000000000000e+02 2.540099934611054167e+01
3.540000000000000000e+02 2.539620917525384058e+01
3.550000000000000000e+02 2.538569470034397568e+01
3.560000000000000000e+02 2.538395144098621614e+01
3.570000000000000000e+02 2.537859434188493424e+01
3.580000000000000000e+02 2.537727150931426223e+01
3.590000000000000000e+02 2.537741513113622105e+01
3.600000000000000000e+02 2.536849237476446106e+01
3.610000000000000000e+02 2.537027744025944642e+01
3.620000000000000000e+02 2.536217831107075682e+01
3.630000000000000000e+02 2.536114878994743194e+01
3.640000000000000000e+02 2.536455185065470985e+01
3.650000000000000000e+02 2.536611837238194411e+01
3.660000000000000000e+02 2.538948563767246469e+01
3.670000000000000000e+02 2.538977673797110768e+01
3.680000000000000000e+02 2.539928277480347774e+01
3.690000000000000000e+02 2.540391261166774228e+01
3.700000000000000000e+02 2.540283578224646632e+01
3.710000000000000000e+02 2.539916614956459284e+01
3.720000000000000000e+02 2.539813647417507880e+01
3.730000000000000000e+02 2.540812490138045021e+01
3.740000000000000000e+02 2.538247686190762664e+01
3.750000000000000000e+02 2.538535171518376998e+01
3.760000000000000000e+02 2.538823767562551836e+01
3.770000000000000000e+02 2.537564142991716309e+01
3.780000000000000000e+02 2.537832283339229988e+01
3.790000000000000000e+02 2.534241475537733379e+01
3.800000000000000000e+02 2.533896942573427324e+01
3.810000000000000000e+02 2.534253179199272310e+01
3.820000000000000000e+02 2.533229417347005707e+01
3.830000000000000000e+02 2.531074724920973296e+01
3.840000000000000000e+02 2.531112031627679571e+01
3.850000000000000000e+02 2.530145538526975812e+01
3.860000000000000000e+02 2.532771534729228335e+01
3.870000000000000000e+02 2.532974605598221274e+01
3.880000000000000000e+02 2.533280479455564560e+01
3.890000000000000000e+02 2.533341435169044331e+01
3.900000000000000000e+02 2.533450640204237558e+01
3.910000000000000000e+02 2.533124881435132281e+01
3.920000000000000000e+02 2.533204503357481840e+01
3.930000000000000000e+02 2.533230800600499677e+01
3.940000000000000000e+02 2.533657295191022030e+01
3.950000000000000000e+02 2.533012611644985057e+01
3.960000000000000000e+02 2.532854180268881805e+01
3.970000000000000000e+02 2.533232708359037488e+01
3.980000000000000000e+02 2.533288547577248906e+01
3.990000000000000000e+02 2.533397917163043545e+01
4.000000000000000000e+02 2.533236565013762487e+01
4.010000000000000000e+02 2.533954643270319451e+01
4.020000000000000000e+02 2.534115172666593097e+01
4.030000000000000000e+02 2.533601615381205718e+01
4.040000000000000000e+02 2.532796572131702817e+01
4.050000000000000000e+02 2.533920920681404354e+01
4.060000000000000000e+02 2.533962562268021657e+01
4.070000000000000000e+02 2.533942132282391668e+01
4.080000000000000000e+02 2.533871426945766814e+01
4.090000000000000000e+02 2.533163648528428169e+01
4.100000000000000000e+02 2.533443785643239821e+01
4.110000000000000000e+02 2.533271686282791535e+01
4.120000000000000000e+02 2.535364574531303461e+01
4.130000000000000000e+02 2.535304739818797515e+01
4.140000000000000000e+02 2.535335176537887136e+01
4.150000000000000000e+02 2.535289333768722386e+01
4.160000000000000000e+02 2.536283435375050743e+01
4.170000000000000000e+02 2.536371351676162078e+01
4.180000000000000000e+02 2.536516624146343091e+01
4.190000000000000000e+02 2.536215902779713005e+01
4.200000000000000000e+02 2.535634797472368973e+01
4.210000000000000000e+02 2.535670916329420166e+01
4.220000000000000000e+02 2.535178920315048856e+01
4.230000000000000000e+02 2.534548953763442114e+01
4.240000000000000000e+02 2.534359607443063567e+01
4.250000000000000000e+02 2.533909391854879445e+01
4.260000000000000000e+02 2.533740357249386221e+01
4.270000000000000000e+02 2.533116885304336208e+01
4.280000000000000000e+02 2.533020031848675657e+01
4.290000000000000000e+02 2.535583293134067873e+01
4.300000000000000000e+02 2.535653833920091671e+01
4.310000000000000000e+02 2.534541255880611388e+01
4.320000000000000000e+02 2.534932156119124258e+01
4.330000000000000000e+02 2.535898253269943226e+01
4.340000000000000000e+02 2.535810583794734541e+01
4.350000000000000000e+02 2.535710161647901728e+01
4.360000000000000000e+02 2.535350860267101680e+01
4.370000000000000000e+02 2.534649190790847939e+01
4.380000000000000000e+02 2.534667106237597523e+01
4.390000000000000000e+02 2.534890072302765418e+01
4.400000000000000000e+02 2.536669285966977583e+01
4.410000000000000000e+02 2.535869559758789293e+01
4.420000000000000000e+02 2.540948995146485245e+01
4.430000000000000000e+02 2.541083710667132323e+01
4.440000000000000000e+02 2.539418869955444436e+01
4.450000000000000000e+02 2.538188597098169552e+01
4.460000000000000000e+02 2.538141144818433048e+01
4.470000000000000000e+02 2.537872202286736822e+01
4.480000000000000000e+02 2.537804253172688718e+01
4.490000000000000000e+02 2.537632827441265349e+01
4.500000000000000000e+02 2.539940881027988695e+01
4.510000000000000000e+02 2.539290232522643365e+01
4.520000000000000000e+02 2.538901471441951330e+01
4.530000000000000000e+02 2.537936865530959096e+01
4.540000000000000000e+02 2.537955680863811025e+01
4.550000000000000000e+02 2.537660554217634967e+01
4.560000000000000000e+02 2.532852750735530378e+01
4.570000000000000000e+02 2.532708604408528785e+01
4.580000000000000000e+02 2.532937828538764080e+01
4.590000000000000000e+02 2.533676537326996581e+01
4.600000000000000000e+02 2.533530256984380458e+01
4.610000000000000000e+02 2.534186927013302792e+01
4.620000000000000000e+02 2.533917434265532975e+01
4.630000000000000000e+02 2.534099308960157160e+01
4.640000000000000000e+02 2.533745098363595005e+01
4.650000000000000000e+02 2.533166157925102624e+01
4.660000000000000000e+02 2.532786447127498519e+01
4.670000000000000000e+02 2.531315174487561137e+01
4.680000000000000000e+02 2.531269881934470689e+01
4.690000000000000000e+02 2.525349227875951286e+01
4.700000000000000000e+02 2.525363590058147167e+01
4.710000000000000000e+02 2.525226421705094637e+01
4.720000000000000000e+02 2.527374943483567193e+01
4.730000000000000000e+02 2.527107132237256693e+01
4.740000000000000000e+02 2.527630788815817553e+01
4.750000000000000000e+02 2.527296149456432417e+01
4.760000000000000000e+02 2.527826413770088365e+01
4.770000000000000000e+02 2.526064873868928373e+01
4.780000000000000000e+02 2.526215201127902787e+01
4.790000000000000000e+02 2.526361604883470235e+01
4.800000000000000000e+02 2.525212213789087912e+01
4.810000000000000000e+02 2.525465086926097058e+01
4.820000000000000000e+02 2.525372069556335930e+01
4.830000000000000000e+02 2.525641176638633922e+01
4.840000000000000000e+02 2.525818279365812202e+01
4.850000000000000000e+02 2.525912278896976559e+01
4.860000000000000000e+02 2.525030992154663778e+01
4.870000000000000000e+02 2.524845960145370327e+01
4.880000000000000000e+02 2.524753071330767540e+01
4.890000000000000000e+02 2.524199029455180465e+01
4.900000000000000000e+02 2.524202454164575826e+01
4.910000000000000000e+02 2.528571390907800875e+01
4.920000000000000000e+02 2.528510034102228943e+01
4.930000000000000000e+02 2.525235148029186405e+01
4.940000000000000000e+02 2.526998955643323796e+01
4.950000000000000000e+02 2.527047492928589278e+01
4.960000000000000000e+02 2.526805665250713062e+01
4.970000000000000000e+02 2.526189855193050349e+01
4.980000000000000000e+02 2.526069301308552895e+01
4.990000000000000000e+02 2.525763473731066711e+01
5.000000000000000000e+02 2.525903125769762170e+01
5.010000000000000000e+02 2.525898482357473185e+01
5.020000000000000000e+02 2.526794532374073299e+01
5.030000000000000000e+02 2.523172660504319254e+01
5.040000000000000000e+02 2.523755658143581471e+01
5.050000000000000000e+02 2.523047864299624266e+01
5.060000000000000000e+02 2.523057490509817669e+01
5.070000000000000000e+02 2.521747487743861171e+01
5.080000000000000000e+02 2.522400033723331347e+01
5.090000000000000000e+02 2.522264120068615867e+01
5.100000000000000000e+02 2.521866987476067123e+01
5.110000000000000000e+02 2.521157368148873346e+01
5.120000000000000000e+02 2.521519266343855037e+01
5.130000000000000000e+02 2.520771044473967137e+01
5.140000000000000000e+02 2.520947005631346372e+01
5.150000000000000000e+02 2.521486294517059079e+01
5.160000000000000000e+02 2.521574838167338939e+01
5.170000000000000000e+02 2.521911138459358881e+01
5.180000000000000000e+02 2.521598322623511024e+01
5.190000000000000000e+02 2.521277340964058666e+01
5.200000000000000000e+02 2.520735326709007396e+01
5.210000000000000000e+02 2.520843457023083545e+01
5.220000000000000000e+02 2.517218936917084804e+01
5.230000000000000000e+02 2.516790591132294708e+01
5.240000000000000000e+02 2.516372128668012920e+01
5.250000000000000000e+02 2.516479374522605639e+01
5.260000000000000000e+02 2.516139392410875075e+01
5.270000000000000000e+02 2.514338622617852792e+01
5.280000000000000000e+02 2.513906569302320904e+01
5.290000000000000000e+02 2.513720606553687276e+01
5.300000000000000000e+02 2.513859584963357463e+01
5.310000000000000000e+02 2.513673570792661494e+01
5.320000000000000000e+02 2.513630689934325702e+01
5.330000000000000000e+02 2.513451556035658641e+01
5.340000000000000000e+02 2.513812826881471807e+01
5.350000000000000000e+02 2.514075711894146892e+01
5.360000000000000000e+02 2.514110097827674650e+01
5.370000000000000000e+02 2.513958346177555470e+01
5.380000000000000000e+02 2.513936949457140813e+01
5.390000000000000000e+02 2.514387144476499714e+01
5.400000000000000000e+02 2.512580332591074850e+01
5.410000000000000000e+02 2.512598736547422362e+01
5.420000000000000000e+02 2.512192142295281627e+01
5.430000000000000000e+02 2.510212819672904772e+01
5.440000000000000000e+02 2.509801931678503095e+01
5.450000000000000000e+02 2.509192441392383088e+01
5.460000000000000000e+02 2.509223870557288549e+01
5.470000000000000000e+02 2.509652653429613878e+01
5.480000000000000000e+02 2.509490355114373372e+01
5.490000000000000000e+02 2.507632784510561308e+01
5.500000000000000000e+02 2.507893746338080021e+01
5.510000000000000000e+02 2.507791164464601152e+01
5.520000000000000000e+02 2.508154497335140931e+01
5.530000000000000000e+02 2.507953179958495582e+01
5.540000000000000000e+02 2.507917256505283987e+01
5.550000000000000000e+02 2.508121978022499476e+01
5.560000000000000000e+02 2.507665802617213657e+01
5.570000000000000000e+02 2.508767638587733728e+01
5.580000000000000000e+02 2.508770687916069519e+01
5.590000000000000000e+02 2.509065634585024895e+01
5.600000000000000000e+02 2.508987257076600486e+01
5.610000000000000000e+02 2.509018938209614902e+01
5.620000000000000000e+02 2.509629055844903434e+01
5.630000000000000000e+02 2.510583372201088892e+01
5.640000000000000000e+02 2.510439369855863490e+01
5.650000000000000000e+02 2.509059139978468167e+01
5.660000000000000000e+02 2.508960450755158433e+01
5.670000000000000000e+02 2.508699627767209961e+01
5.680000000000000000e+02 2.508512153209924378e+01
5.690000000000000000e+02 2.508507766907950298e+01
5.700000000000000000e+02 2.508693323422286170e+01
5.710000000000000000e+02 2.509437117852549548e+01
5.720000000000000000e+02 2.509240978677648570e+01
5.730000000000000000e+02 2.509395733376247151e+01
5.740000000000000000e+02 2.509458452866488187e+01
5.750000000000000000e+02 2.508059618486699449e+01
5.760000000000000000e+02 2.507789827490963575e+01
5.770000000000000000e+02 2.508055036780886127e+01
5.780000000000000000e+02 2.508370485426359409e+01
5.790000000000000000e+02 2.510378403857971108e+01
5.800000000000000000e+02 2.510257983670837234e+01
5.810000000000000000e+02 2.510410851179723934e+01
5.820000000000000000e+02 2.510390791432947566e+01
5.830000000000000000e+02 2.509720597401456033e+01
5.840000000000000000e+02 2.509518590969166851e+01
5.850000000000000000e+02 2.508893581504433357e+01
5.860000000000000000e+02 2.509065727144738389e+01
5.870000000000000000e+02 2.509148475528517963e+01
5.880000000000000000e+02 2.509107394442387218e+01
5.890000000000000000e+02 2.508638497218715457e+01
5.900000000000000000e+02 2.508396556412300527e+01
5.910000000000000000e+02 2.507790495977782541e+01
5.920000000000000000e+02 2.508204057919460084e+01
5.930000000000000000e+02 2.508347139809757564e+01
5.940000000000000000e+02 2.508207426064586443e+01
5.950000000000000000e+02 2.508095156274438509e+01
5.960000000000000000e+02 2.508237734228518789e+01
5.970000000000000000e+02 2.507985874106151059e+01
5.980000000000000000e+02 2.507610097096365820e+01
5.990000000000000000e+02 2.506863865260315904e+01
6.000000000000000000e+02 2.507094822314074278e+01
6.010000000000000000e+02 2.506789421539711071e+01
6.020000000000000000e+02 2.506837676003630477e+01
6.030000000000000000e+02 2.508024054987928508e+01
6.040000000000000000e+02 2.508272099593221682e+01
6.050000000000000000e+02 2.507901063697645228e+01
6.060000000000000000e+02 2.508231522443308492e+01
6.070000000000000000e+02 2.507847559041093533e+01
6.080000000000000000e+02 2.507448451841325365e+01
6.090000000000000000e+02 2.507802585304793652e+01
6.100000000000000000e+02 2.507060554651291184e+01
6.110000000000000000e+02 2.507146624900340370e+01
6.120000000000000000e+02 2.506677563126067199e+01
6.130000000000000000e+02 2.505618109219871670e+01
6.140000000000000000e+02 2.505659627393538358e+01
6.150000000000000000e+02 2.506001095602889350e+01
6.160000000000000000e+02 2.505960616154895959e+01
6.170000000000000000e+02 2.505808648532111960e+01
6.180000000000000000e+02 2.505670050645708002e+01
6.190000000000000000e+02 2.506243360368301509e+01
6.200000000000000000e+02 2.506181350502529881e+01
6.210000000000000000e+02 2.506270166689743206e+01
6.220000000000000000e+02 2.506365107244660351e+01
6.230000000000000000e+02 2.507569514804246325e+01
6.240000000000000000e+02 2.507077508505462404e+01
6.250000000000000000e+02 2.507314101417325247e+01
6.260000000000000000e+02 2.507261743472778903e+01
6.270000000000000000e+02 2.508296458224464587e+01
6.280000000000000000e+02 2.507449110043731721e+01
6.290000000000000000e+02 2.507719651801587446e+01
6.300000000000000000e+02 2.506596902478045408e+01
6.310000000000000000e+02 2.506633396716156525e+01
6.320000000000000000e+02 2.506706220641776994e+01
6.330000000000000000e+02 2.507100165066420061e+01
6.340000000000000000e+02 2.506658711797771488e+01
6.350000000000000000e+02 2.506695735683131332e+01
6.360000000000000000e+02 2.506377032021070050e+01
6.370000000000000000e+02 2.506348364220947289e+01
6.380000000000000000e+02 2.506010336147610573e+01
6.390000000000000000e+02 2.505772164578413808e+01
6.400000000000000000e+02 2.505526639654207344e+01
6.410000000000000000e+02 2.505673830167338423e+01
6.420000000000000000e+02 2.505154868423129955e+01
6.430000000000000000e+02 2.505204716971002554e+01
6.440000000000000000e+02 2.504834102736342061e+01
6.450000000000000000e+02 2.504524917298142128e+01
6.460000000000000000e+02 2.504416293332261034e+01
6.470000000000000000e+02 2.504017890614755970e+01
6.480000000000000000e+02 2.504104315676039860e+01
6.490000000000000000e+02 2.503823571780885260e+01
6.500000000000000000e+02 2.503836139333082400e+01
6.510000000000000000e+02 2.503836159901907621e+01
6.520000000000000000e+02 2.503636400613771684e+01
6.530000000000000000e+02 2.503424490292148619e+01
6.540000000000000000e+02 2.503398182764717461e+01
6.550000000000000000e+02 2.503378678376221700e+01
6.560000000000000000e+02 2.504365575751523920e+01
6.570000000000000000e+02 2.503842453962419157e+01
6.580000000000000000e+02 2.503681939992764427e+01
6.590000000000000000e+02 2.503501520542522840e+01
6.600000000000000000e+02 2.503501844501519358e+01
6.610000000000000000e+02 2.503678597558669594e+01
6.620000000000000000e+02 2.503586670336644460e+01
6.630000000000000000e+02 2.502813133385141597e+01
6.640000000000000000e+02 2.502329205492454989e+01
6.650000000000000000e+02 2.502302867111786355e+01
6.660000000000000000e+02 2.502212981345662257e+01
6.670000000000000000e+02 2.500786255638902134e+01
6.680000000000000000e+02 2.500781997892085684e+01
6.690000000000000000e+02 2.500915402150126710e+01
6.700000000000000000e+02 2.500908115643799334e+01
6.710000000000000000e+02 2.501045448547453631e+01
6.720000000000000000e+02 2.501254515228992759e+01
6.730000000000000000e+02 2.500553894762823859e+01
6.740000000000000000e+02 2.500443548157832296e+01
6.750000000000000000e+02 2.500517122845572615e+01
6.760000000000000000e+02 2.500856199928994528e+01
6.770000000000000000e+02 2.501266964510444879e+01
6.780000000000000000e+02 2.501156895584593443e+01
6.790000000000000000e+02 2.501009807915588112e+01
6.800000000000000000e+02 2.501062093869246539e+01
6.810000000000000000e+02 2.501094854865583983e+01
6.820000000000000000e+02 2.500793017640186733e+01
6.830000000000000000e+02 2.501270944578121203e+01
6.840000000000000000e+02 2.501242276777998796e+01
6.850000000000000000e+02 2.501329879404525514e+01
6.860000000000000000e+02 2.501253275957274624e+01
6.870000000000000000e+02 2.502044450676386234e+01
6.880000000000000000e+02 2.501921515950371955e+01
6.890000000000000000e+02 2.502266470575594681e+01
6.900000000000000000e+02 2.502288119264117938e+01
6.910000000000000000e+02 2.501936387210991697e+01
6.920000000000000000e+02 2.500450670113557905e+01
6.930000000000000000e+02 2.499233201349969846e+01
6.940000000000000000e+02 2.498829229623041925e+01
6.950000000000000000e+02 2.498945119526424818e+01
6.960000000000000000e+02 2.499302903956366251e+01
6.970000000000000000e+02 2.499302554286337852e+01
6.980000000000000000e+02 2.499595402935123190e+01
6.990000000000000000e+02 2.499830818281743205e+01
7.000000000000000000e+02 2.499640361244803799e+01
7.010000000000000000e+02 2.499504591571864864e+01
7.020000000000000000e+02 2.499441085324059841e+01
7.030000000000000000e+02 2.499675657348847224e+01
7.040000000000000000e+02 2.499478407457385387e+01
7.050000000000000000e+02 2.499412931744567246e+01
7.060000000000000000e+02 2.500193369536924592e+01
7.070000000000000000e+02 2.500315970019529388e+01
7.080000000000000000e+02 2.500378848918165886e+01
7.090000000000000000e+02 2.500472010269702849e+01
7.100000000000000000e+02 2.500566560016940798e+01
7.110000000000000000e+02 2.500705610417499258e+01
