0.000000000000000000e+00 2.524458520611696804e+04
1.000000000000000000e+00 3.966385586782718775e+01
2.000000000000000000e+00 3.098106430686729240e+01
3.000000000000000000e+00 1.610782990280109971e+03
4.000000000000000000e+00 1.545039857023578236e+02
5.000000000000000000e+00 1.169916853604537579e+02
6.000000000000000000e+00 9.665919236245734680e+01
7.000000000000000000e+00 2.228136069787350664e+02
8.000000000000000000e+00 8.114692950231020063e+01
9.000000000000000000e+00 7.575143560347363803e+01
1.000000000000000000e+01 7.217875922139113243e+01
1.100000000000000000e+01 6.965411179154659749e+01
1.200000000000000000e+01 6.729805108102692657e+01
1.300000000000000000e+01 6.535226952768283581e+01
1.400000000000000000e+01 6.369118879724140214e+01
1.500000000000000000e+01 6.216480816082845706e+01
1.600000000000000000e+01 6.085692604075008205e+01
1.700000000000000000e+01 5.987252829193019465e+01
1.800000000000000000e+01 5.917670036203310246e+01
1.900000000000000000e+01 5.774557035557695883e+01
2.000000000000000000e+01 5.682877667876254435e+01
2.100000000000000000e+01 5.598285751716041148e+01
2.200000000000000000e+01 5.517800607195260909e+01
2.300000000000000000e+01 5.451517105189694234e+01
2.400000000000000000e+01 5.391365324242435975e+01
2.500000000000000000e+01 5.334249913271202104e+01
2.600000000000000000e+01 5.297799332491588586e+01
2.700000000000000000e+01 7.016587701803834420e+01
2.800000000000000000e+01 5.909814544749115583e+01
2.900000000000000000e+01 5.596143817103840234e+01
3.000000000000000000e+01 5.433776287766441015e+01
3.100000000000000000e+01 5.327171769143377844e+01
3.200000000000000000e+01 5.240169186669724866e+01
3.300000000000000000e+01 5.173615204612777774e+01
3.400000000000000000e+01 5.109489968866621723e+01
3.500000000000000000e+01 5.054532073392678626e+01
3.600000000000000000e+01 5.006566539761062984e+01
3.700000000000000000e+01 4.962830496522229140e+01
3.800000000000000000e+01 4.920094386151668431e+01
3.900000000000000000e+01 4.881383044656672610e+01
4.000000000000000000e+01 4.846418103841398306e+01
4.100000000000000000e+01 4.811169102407907161e+01
