0.000000000000000000e+00 1.415430845480043718e+04
1.000000000000000000e+00 8.605839266433409307e+01
2.000000000000000000e+00 5.127109913588586210e+01
3.000000000000000000e+00 6.764925502956620562e+01
4.000000000000000000e+00 4.804988792642269146e+01
5.000000000000000000e+00 4.686561848083699999e+01
6.000000000000000000e+00 4.142155037569349219e+01
7.000000000000000000e+00 3.799526365953302331e+01
8.000000000000000000e+00 3.665911920229890342e+01
9.000000000000000000e+00 3.504139436721116141e+01
1.000000000000000000e+01 3.356457853172678085e+01
1.100000000000000000e+01 3.226233952026408502e+01
1.200000000000000000e+01 3.205966573244126749e+01
1.300000000000000000e+01 3.131072472500241943e+01
1.400000000000000000e+01 3.058766187076830789e+01
1.500000000000000000e+01 2.977077005235318197e+01
1.600000000000000000e+01 2.925064020456147063e+01
1.700000000000000000e+01 2.872531307744028695e+01
1.800000000000000000e+01 2.888359131863967733e+01
1.900000000000000000e+01 2.875158347814160109e+01
2.000000000000000000e+01 2.852556253105489859e+01
2.100000000000000000e+01 2.868471139920293567e+01
2.200000000000000000e+01 2.860160306098233818e+01
2.300000000000000000e+01 2.835579819506526533e+01
2.400000000000000000e+01 2.811362269835473171e+01
2.500000000000000000e+01 2.800085678814301104e+01
2.600000000000000000e+01 2.796845754601891443e+01
2.700000000000000000e+01 2.795968926152440304e+01
2.800000000000000000e+01 2.749956006523679974e+01
2.900000000000000000e+01 2.740017962655635486e+01
3.000000000000000000e+01 2.757530358132834891e+01
3.100000000000000000e+01 2.761320848089372859e+01
3.200000000000000000e+01 2.723681204093773189e+01
3.300000000000000000e+01 2.709915543539704430e+01
3.400000000000000000e+01 2.704878495358539681e+01
3.500000000000000000e+01 2.700196943325512677e+01
3.600000000000000000e+01 2.699914533355516610e+01
3.700000000000000000e+01 2.695444187161848859e+01
3.800000000000000000e+01 2.694911778548166126e+01
3.900000000000000000e+01 2.676785696744505572e+01
4.000000000000000000e+01 2.670283479722282038e+01
4.100000000000000000e+01 2.666102459766084110e+01
4.200000000000000000e+01 2.665562944623293973e+01
4.300000000000000000e+01 2.663488815143363553e+01
4.400000000000000000e+01 2.659702320681120824e+01
4.500000000000000000e+01 2.659339553453274974e+01
4.600000000000000000e+01 2.663909447618703652e+01
4.700000000000000000e+01 2.663936413348541166e+01
4.800000000000000000e+01 2.655034066393585945e+01
4.900000000000000000e+01 2.650249500541750791e+01
5.000000000000000000e+01 2.643605410047710080e+01
5.100000000000000000e+01 2.644617540229326380e+01
5.200000000000000000e+01 2.641476845171887788e+01
5.300000000000000000e+01 2.641394071077077044e+01
5.400000000000000000e+01 2.639496067305127625e+01
5.500000000000000000e+01 2.636336351226586316e+01
5.600000000000000000e+01 2.633830574665420343e+01
5.700000000000000000e+01 2.627163976734405182e+01
5.800000000000000000e+01 2.625879016513129471e+01
5.900000000000000000e+01 2.625083902863991625e+01
6.000000000000000000e+01 2.627295339536545171e+01
6.100000000000000000e+01 2.624631527549161802e+01
6.200000000000000000e+01 2.619258564741448936e+01
6.300000000000000000e+01 2.619837314918308024e+01
6.400000000000000000e+01 2.615467982225198185e+01
6.500000000000000000e+01 2.613525380098009521e+01
6.600000000000000000e+01 2.615329554031602655e+01
6.700000000000000000e+01 2.613541048400605504e+01
6.800000000000000000e+01 2.612682927297674240e+01
6.900000000000000000e+01 2.611987922120785299e+01
7.000000000000000000e+01 2.606540793271607726e+01
7.100000000000000000e+01 2.605704727091497119e+01
7.200000000000000000e+01 2.602846066622994670e+01
7.300000000000000000e+01 2.605754745332177080e+01
7.400000000000000000e+01 2.605864418308143371e+01
7.500000000000000000e+01 2.604571888759194209e+01
7.600000000000000000e+01 2.603065895942319941e+01
7.700000000000000000e+01 2.603558164493625071e+01
7.800000000000000000e+01 2.598878931595638875e+01
7.900000000000000000e+01 2.598056183729844903e+01
8.000000000000000000e+01 2.596787704279761044e+01
8.100000000000000000e+01 2.596444631702044248e+01
8.200000000000000000e+01 2.599680051341734810e+01
8.300000000000000000e+01 2.599704219711344777e+01
8.400000000000000000e+01 2.599446188941417546e+01
8.500000000000000000e+01 2.599638733714114380e+01
8.600000000000000000e+01 2.598852690916890040e+01
8.700000000000000000e+01 2.598410872551593798e+01
8.800000000000000000e+01 2.598126606245123682e+01
8.900000000000000000e+01 2.599012968345054730e+01
9.000000000000000000e+01 2.596973157949970457e+01
9.100000000000000000e+01 2.596661920771457588e+01
9.200000000000000000e+01 2.587060506296635509e+01
9.300000000000000000e+01 2.585948175083057166e+01
9.400000000000000000e+01 2.585453782800550471e+01
9.500000000000000000e+01 2.583973228478241779e+01
9.600000000000000000e+01 2.583988845358774356e+01
9.700000000000000000e+01 2.583547196686286895e+01
9.800000000000000000e+01 2.583774826732568641e+01
9.900000000000000000e+01 2.583676975688886301e+01
1.000000000000000000e+02 2.583027221927436656e+01
1.010000000000000000e+02 2.581968554778805114e+01
1.020000000000000000e+02 2.581158184203575701e+01
1.030000000000000000e+02 2.580571381331651537e+01
1.040000000000000000e+02 2.580515686095216310e+01
1.050000000000000000e+02 2.580582766176399545e+01
1.060000000000000000e+02 2.580592058143183465e+01
1.070000000000000000e+02 2.581198792206727433e+01
1.080000000000000000e+02 2.579765952416675745e+01
1.090000000000000000e+02 2.579355717482474830e+01
1.100000000000000000e+02 2.579109524071449400e+01
1.110000000000000000e+02 2.578201631553740825e+01
1.120000000000000000e+02 2.577186539461295212e+01
1.130000000000000000e+02 2.577016923786489855e+01
1.140000000000000000e+02 2.576933301227639106e+01
1.150000000000000000e+02 2.575843791125620541e+01
1.160000000000000000e+02 2.575535166187907166e+01
1.170000000000000000e+02 2.575000222466518096e+01
1.180000000000000000e+02 2.573871307637622863e+01
1.190000000000000000e+02 2.573923156503745346e+01
1.200000000000000000e+02 2.573381507345341035e+01
1.210000000000000000e+02 2.573174692950161457e+01
1.220000000000000000e+02 2.573545919107370850e+01
1.230000000000000000e+02 2.571016452401782360e+01
1.240000000000000000e+02 2.569946153582500159e+01
1.250000000000000000e+02 2.569212782404406425e+01
1.260000000000000000e+02 2.568848251399799665e+01
1.270000000000000000e+02 2.568150957941107038e+01
1.280000000000000000e+02 2.567909099409992990e+01
1.290000000000000000e+02 2.567630803205036827e+01
1.300000000000000000e+02 2.567266369902349510e+01
1.310000000000000000e+02 2.566454878326146627e+01
1.320000000000000000e+02 2.566145836869722530e+01
1.330000000000000000e+02 2.566481484101542776e+01
1.340000000000000000e+02 2.566634089357907911e+01
1.350000000000000000e+02 2.566389160929632496e+01
1.360000000000000000e+02 2.565533343535123123e+01
1.370000000000000000e+02 2.565146305093541912e+01
1.380000000000000000e+02 2.565359876347799428e+01
1.390000000000000000e+02 2.564066297788765070e+01
1.400000000000000000e+02 2.563435199951772248e+01
1.410000000000000000e+02 2.563657086153617115e+01
1.420000000000000000e+02 2.563223397616481591e+01
1.430000000000000000e+02 2.562582735275771029e+01
1.440000000000000000e+02 2.562327172764867100e+01
1.450000000000000000e+02 2.562033964161641464e+01
1.460000000000000000e+02 2.562210028163146802e+01
1.470000000000000000e+02 2.561185633819505370e+01
1.480000000000000000e+02 2.560729998345880887e+01
1.490000000000000000e+02 2.560027588391919906e+01
1.500000000000000000e+02 2.559888553417980717e+01
1.510000000000000000e+02 2.559359466669567240e+01
1.520000000000000000e+02 2.558442138203297489e+01
1.530000000000000000e+02 2.558215006951026638e+01
1.540000000000000000e+02 2.558198896418688761e+01
1.550000000000000000e+02 2.556894184983014995e+01
1.560000000000000000e+02 2.556493797373878252e+01
1.570000000000000000e+02 2.555960910535009134e+01
1.580000000000000000e+02 2.555432610544159289e+01
1.590000000000000000e+02 2.555491349966724357e+01
1.600000000000000000e+02 2.555496697861276800e+01
1.610000000000000000e+02 2.554716959408975896e+01
1.620000000000000000e+02 2.554586841020761057e+01
1.630000000000000000e+02 2.553927995838573750e+01
1.640000000000000000e+02 2.554278504046600418e+01
1.650000000000000000e+02 2.554165411503444005e+01
1.660000000000000000e+02 2.554352407835543559e+01
1.670000000000000000e+02 2.553195658243946298e+01
1.680000000000000000e+02 2.553154484598102059e+01
1.690000000000000000e+02 2.553025518064097810e+01
1.700000000000000000e+02 2.553018540090148747e+01
1.710000000000000000e+02 2.552605893461192821e+01
1.720000000000000000e+02 2.552238837633292334e+01
1.730000000000000000e+02 2.551989121810951744e+01
1.740000000000000000e+02 2.552051100823485896e+01
1.750000000000000000e+02 2.551624415971330961e+01
1.760000000000000000e+02 2.551742851266832091e+01
1.770000000000000000e+02 2.551463860864025790e+01
1.780000000000000000e+02 2.551523711003151718e+01
1.790000000000000000e+02 2.551446073972433837e+01
1.800000000000000000e+02 2.551067864699069432e+01
1.810000000000000000e+02 2.550701955583173586e+01
1.820000000000000000e+02 2.551080303696108942e+01
1.830000000000000000e+02 2.550905535530590384e+01
1.840000000000000000e+02 2.550609879237165600e+01
1.850000000000000000e+02 2.549935556014015248e+01
1.860000000000000000e+02 2.549106390674759481e+01
1.870000000000000000e+02 2.548748559964961302e+01
1.880000000000000000e+02 2.548865185203845130e+01
1.890000000000000000e+02 2.548560432347475668e+01
1.900000000000000000e+02 2.548508501206051946e+01
1.910000000000000000e+02 2.548610923671135708e+01
1.920000000000000000e+02 2.548531260611136062e+01
1.930000000000000000e+02 2.547811284880453542e+01
1.940000000000000000e+02 2.547597513080150478e+01
1.950000000000000000e+02 2.547474732620325355e+01
1.960000000000000000e+02 2.547182063948761055e+01
1.970000000000000000e+02 2.547151524385545329e+01
1.980000000000000000e+02 2.547333327089281596e+01
1.990000000000000000e+02 2.547144618402483829e+01
2.000000000000000000e+02 2.546890115186078063e+01
2.010000000000000000e+02 2.547120943684679162e+01
2.020000000000000000e+02 2.546474439797611566e+01
2.030000000000000000e+02 2.545982418072208731e+01
2.040000000000000000e+02 2.545986531837248279e+01
2.050000000000000000e+02 2.545973460348833939e+01
2.060000000000000000e+02 2.546627847238159603e+01
2.070000000000000000e+02 2.546384672302232488e+01
2.080000000000000000e+02 2.545891555286887709e+01
2.090000000000000000e+02 2.545806158666863439e+01
2.100000000000000000e+02 2.545847157477693301e+01
2.110000000000000000e+02 2.545855184461727561e+01
2.120000000000000000e+02 2.546198262181651017e+01
2.130000000000000000e+02 2.546110597848648283e+01
2.140000000000000000e+02 2.545745480632523439e+01
2.150000000000000000e+02 2.545425131464446267e+01
2.160000000000000000e+02 2.543927515301633946e+01
2.170000000000000000e+02 2.543362052585854372e+01
2.180000000000000000e+02 2.542955679448584760e+01
2.190000000000000000e+02 2.542866431316041798e+01
2.200000000000000000e+02 2.543049416727227552e+01
2.210000000000000000e+02 2.542947837583977133e+01
2.220000000000000000e+02 2.542409669699237540e+01
2.230000000000000000e+02 2.542619980794701462e+01
2.240000000000000000e+02 2.542689081762960868e+01
2.250000000000000000e+02 2.542225784401950150e+01
2.260000000000000000e+02 2.542192185225985668e+01
2.270000000000000000e+02 2.542105467058942381e+01
2.280000000000000000e+02 2.541646206329876989e+01
2.290000000000000000e+02 2.541821930945766539e+01
2.300000000000000000e+02 2.541409001495464537e+01
2.310000000000000000e+02 2.541308049701382643e+01
2.320000000000000000e+02 2.540989536300953944e+01
2.330000000000000000e+02 2.540909353878118537e+01
2.340000000000000000e+02 2.540530800076930973e+01
2.350000000000000000e+02 2.540159260245137673e+01
2.360000000000000000e+02 2.540671326290697962e+01
2.370000000000000000e+02 2.540694476503459853e+01
2.380000000000000000e+02 2.540420489467383902e+01
2.390000000000000000e+02 2.540025794280620985e+01
2.400000000000000000e+02 2.540248127854413696e+01
2.410000000000000000e+02 2.540130741568997763e+01
2.420000000000000000e+02 2.540043010387313061e+01
2.430000000000000000e+02 2.539614191519543596e+01
2.440000000000000000e+02 2.539412226224904856e+01
2.450000000000000000e+02 2.539415470957080245e+01
2.460000000000000000e+02 2.539765038141354125e+01
2.470000000000000000e+02 2.539527956719892643e+01
2.480000000000000000e+02 2.539229359084464477e+01
2.490000000000000000e+02 2.538857798683845246e+01
2.500000000000000000e+02 2.539243006499984645e+01
2.510000000000000000e+02 2.539404934576371531e+01
2.520000000000000000e+02 2.539446838415510399e+01
2.530000000000000000e+02 2.539276996483627613e+01
2.540000000000000000e+02 2.539444514138262576e+01
2.550000000000000000e+02 2.539044728167262832e+01
2.560000000000000000e+02 2.539333817863242260e+01
2.570000000000000000e+02 2.539034330626124003e+01
2.580000000000000000e+02 2.538964473753538442e+01
2.590000000000000000e+02 2.538748753057047125e+01
2.600000000000000000e+02 2.538932082996054973e+01
2.610000000000000000e+02 2.538045047267099008e+01
2.620000000000000000e+02 2.538125656493057036e+01
2.630000000000000000e+02 2.538311002176934750e+01
2.640000000000000000e+02 2.538219198367860585e+01
2.650000000000000000e+02 2.537780300775742859e+01
2.660000000000000000e+02 2.537917757092348126e+01
2.670000000000000000e+02 2.537634488373900155e+01
2.680000000000000000e+02 2.537365736103837222e+01
2.690000000000000000e+02 2.537470451992930620e+01
2.700000000000000000e+02 2.537395560900377234e+01
2.710000000000000000e+02 2.537151414087459500e+01
2.720000000000000000e+02 2.537098444220363191e+01
2.730000000000000000e+02 2.536622178215063528e+01
2.740000000000000000e+02 2.536830643258465301e+01
2.750000000000000000e+02 2.536842532039431219e+01
2.760000000000000000e+02 2.536131092371206819e+01
2.770000000000000000e+02 2.536074738932365236e+01
2.780000000000000000e+02 2.535521051869012865e+01
2.790000000000000000e+02 2.535331422727287887e+01
2.800000000000000000e+02 2.534930700874741660e+01
2.810000000000000000e+02 2.534662025737772595e+01
2.820000000000000000e+02 2.534079758291805007e+01
2.830000000000000000e+02 2.534133808022223988e+01
2.840000000000000000e+02 2.533957646318798851e+01
2.850000000000000000e+02 2.533952380699547646e+01
2.860000000000000000e+02 2.533742434700730684e+01
2.870000000000000000e+02 2.533731476659106008e+01
2.880000000000000000e+02 2.533553139802415899e+01
2.890000000000000000e+02 2.533436442572643088e+01
2.900000000000000000e+02 2.533008302476105555e+01
2.910000000000000000e+02 2.532763240350465850e+01
2.920000000000000000e+02 2.532709051780476983e+01
2.930000000000000000e+02 2.532768146015276756e+01
2.940000000000000000e+02 2.532837051579696208e+01
2.950000000000000000e+02 2.532959009286513563e+01
2.960000000000000000e+02 2.532559264453164261e+01
2.970000000000000000e+02 2.532386059518361066e+01
2.980000000000000000e+02 2.532060316175874704e+01
2.990000000000000000e+02 2.532146607539795369e+01
3.000000000000000000e+02 2.531875834382656265e+01
3.010000000000000000e+02 2.531473523588363150e+01
3.020000000000000000e+02 2.531341260900121171e+01
3.030000000000000000e+02 2.530969309691823099e+01
3.040000000000000000e+02 2.530892958212680810e+01
3.050000000000000000e+02 2.531239861734091434e+01
3.060000000000000000e+02 2.531202441898846089e+01
3.070000000000000000e+02 2.531222002851611208e+01
3.080000000000000000e+02 2.531116752173063134e+01
3.090000000000000000e+02 2.530800907577704351e+01
3.100000000000000000e+02 2.530587876255107815e+01
3.110000000000000000e+02 2.530476213245303541e+01
3.120000000000000000e+02 2.530103022765286980e+01
3.130000000000000000e+02 2.529759842201237774e+01
3.140000000000000000e+02 2.529598047822214468e+01
3.150000000000000000e+02 2.529192512864571896e+01
3.160000000000000000e+02 2.528899185990600529e+01
3.170000000000000000e+02 2.529020495779424138e+01
3.180000000000000000e+02 2.528865756507444473e+01
3.190000000000000000e+02 2.528930023801781601e+01
3.200000000000000000e+02 2.529081261231270972e+01
3.210000000000000000e+02 2.529234216157664861e+01
3.220000000000000000e+02 2.529247272219459930e+01
3.230000000000000000e+02 2.529387068239931935e+01
3.240000000000000000e+02 2.529335121671889652e+01
3.250000000000000000e+02 2.529348794798441347e+01
3.260000000000000000e+02 2.529187962011996049e+01
3.270000000000000000e+02 2.528820659358192913e+01
3.280000000000000000e+02 2.528653090281495608e+01
3.290000000000000000e+02 2.528775279387595631e+01
3.300000000000000000e+02 2.528544090934553878e+01
3.310000000000000000e+02 2.528165161752306744e+01
3.320000000000000000e+02 2.528385818966846443e+01
3.330000000000000000e+02 2.528218512142669638e+01
3.340000000000000000e+02 2.528184388461662735e+01
3.350000000000000000e+02 2.528142345782953981e+01
3.360000000000000000e+02 2.528334597449892129e+01
3.370000000000000000e+02 2.528316969966695282e+01
3.380000000000000000e+02 2.528428293590884124e+01
3.390000000000000000e+02 2.528178279520578187e+01
3.400000000000000000e+02 2.527975589174851478e+01
3.410000000000000000e+02 2.527857534402616224e+01
3.420000000000000000e+02 2.527672826352320001e+01
3.430000000000000000e+02 2.527773294779009206e+01
3.440000000000000000e+02 2.527609659490130767e+01
3.450000000000000000e+02 2.527428833805591069e+01
3.460000000000000000e+02 2.527355279686675971e+01
3.470000000000000000e+02 2.526957812850717389e+01
3.480000000000000000e+02 2.526457537884203219e+01
3.490000000000000000e+02 2.526859380737722915e+01
3.500000000000000000e+02 2.526306511285172007e+01
3.510000000000000000e+02 2.526306367303395461e+01
3.520000000000000000e+02 2.526318132671410055e+01
3.530000000000000000e+02 2.526221690592253211e+01
3.540000000000000000e+02 2.526263445307409938e+01
3.550000000000000000e+02 2.526293414085725786e+01
3.560000000000000000e+02 2.526360751277224281e+01
3.570000000000000000e+02 2.526424648332708145e+01
3.580000000000000000e+02 2.526628068871730193e+01
3.590000000000000000e+02 2.526145915040216750e+01
3.600000000000000000e+02 2.526532871206498143e+01
3.610000000000000000e+02 2.526613249033173503e+01
3.620000000000000000e+02 2.526492741428532796e+01
3.630000000000000000e+02 2.526155489828347456e+01
3.640000000000000000e+02 2.525845234811236750e+01
3.650000000000000000e+02 2.525465457164950323e+01
3.660000000000000000e+02 2.525187171244407125e+01
3.670000000000000000e+02 2.524845919007720241e+01
3.680000000000000000e+02 2.524780782680517888e+01
3.690000000000000000e+02 2.525013755479145772e+01
3.700000000000000000e+02 2.524969825610724783e+01
3.710000000000000000e+02 2.524990970363030485e+01
3.720000000000000000e+02 2.525007435707603065e+01
3.730000000000000000e+02 2.525045282345971387e+01
3.740000000000000000e+02 2.524864070995958798e+01
3.750000000000000000e+02 2.524734615952356265e+01
3.760000000000000000e+02 2.524433256952144689e+01
3.770000000000000000e+02 2.524454581681671073e+01
3.780000000000000000e+02 2.524719693269673826e+01
3.790000000000000000e+02 2.524888393631758277e+01
3.800000000000000000e+02 2.524517604562084117e+01
3.810000000000000000e+02 2.524468146821891068e+01
3.820000000000000000e+02 2.524060986927056405e+01
3.830000000000000000e+02 2.523841245025238322e+01
3.840000000000000000e+02 2.523681234991801503e+01
3.850000000000000000e+02 2.523395148344300765e+01
3.860000000000000000e+02 2.523308281053275337e+01
3.870000000000000000e+02 2.523181258273252325e+01
3.880000000000000000e+02 2.523262577123680828e+01
3.890000000000000000e+02 2.523005497661918994e+01
3.900000000000000000e+02 2.523202135630830512e+01
3.910000000000000000e+02 2.523183654541388066e+01
3.920000000000000000e+02 2.523043879089741992e+01
3.930000000000000000e+02 2.523055963274546443e+01
3.940000000000000000e+02 2.522741028849702971e+01
3.950000000000000000e+02 2.522551348285915296e+01
3.960000000000000000e+02 2.522272219043538399e+01
3.970000000000000000e+02 2.522289301452867605e+01
3.980000000000000000e+02 2.522001836694078136e+01
3.990000000000000000e+02 2.522303360244891124e+01
4.000000000000000000e+02 2.522169390344157236e+01
