0.000000000000000000e+00 7.058064590999623761e+04
1.000000000000000000e+00 1.325991326997515962e+01
2.000000000000000000e+00 7.023542133980655855e+00
3.000000000000000000e+00 6.754688489897695547e+00
4.000000000000000000e+00 4.182828939749144048e+00
5.000000000000000000e+00 3.857623213329199885e+00
6.000000000000000000e+00 3.748884373165863426e+00
7.000000000000000000e+00 3.250444118933152104e+00
8.000000000000000000e+00 3.166113019453527411e+00
9.000000000000000000e+00 3.100149794653591862e+00
1.000000000000000000e+01 3.113677906997807554e+00
1.100000000000000000e+01 3.122704276818599745e+00
1.200000000000000000e+01 3.040451365157823549e+00
1.300000000000000000e+01 3.240596727234311913e+00
1.400000000000000000e+01 3.199768440144103554e+00
1.500000000000000000e+01 3.013189504040503675e+00
1.600000000000000000e+01 2.977209496448959936e+00
1.700000000000000000e+01 2.751576673183024013e+00
1.800000000000000000e+01 2.723839973414903692e+00
1.900000000000000000e+01 2.726628568835840039e+00
2.000000000000000000e+01 2.737760718818855743e+00
2.100000000000000000e+01 2.727692234625015644e+00
2.200000000000000000e+01 2.721108187200344641e+00
2.300000000000000000e+01 2.788002974683551738e+00
2.400000000000000000e+01 2.580977303960231062e+00
2.500000000000000000e+01 2.553561385592395094e+00
2.600000000000000000e+01 2.549663262315689405e+00
2.700000000000000000e+01 2.541779128434234813e+00
2.800000000000000000e+01 2.540499382486991919e+00
2.900000000000000000e+01 2.490991477521165454e+00
3.000000000000000000e+01 2.536834302945139008e+00
3.100000000000000000e+01 2.518424846549560669e+00
3.200000000000000000e+01 2.520680272996954407e+00
3.300000000000000000e+01 2.522295565241440052e+00
3.400000000000000000e+01 2.467286321166641372e+00
3.500000000000000000e+01 2.462924088687846957e+00
3.600000000000000000e+01 2.458272710763807378e+00
3.700000000000000000e+01 2.486284484970505915e+00
3.800000000000000000e+01 2.526892634685292904e+00
3.900000000000000000e+01 2.519564140938287622e+00
4.000000000000000000e+01 2.528704450266164638e+00
4.100000000000000000e+01 2.522761851354248908e+00
4.200000000000000000e+01 2.520865465513042913e+00
4.300000000000000000e+01 2.516980675814497470e+00
4.400000000000000000e+01 2.519214139953864784e+00
4.500000000000000000e+01 2.540123318438973765e+00
4.600000000000000000e+01 2.526011628032355016e+00
4.700000000000000000e+01 2.530965689065180602e+00
4.800000000000000000e+01 2.526547006570277976e+00
4.900000000000000000e+01 2.555448228401231869e+00
5.000000000000000000e+01 2.570119967186507814e+00
5.100000000000000000e+01 2.593583276923455028e+00
5.200000000000000000e+01 2.580672691564319887e+00
5.300000000000000000e+01 2.553138493473650961e+00
5.400000000000000000e+01 2.562676706706344731e+00
5.500000000000000000e+01 2.567198248232767099e+00
5.600000000000000000e+01 2.529337234674254198e+00
5.700000000000000000e+01 2.513405777520359319e+00
5.800000000000000000e+01 2.520219116230029144e+00
5.900000000000000000e+01 2.503963454483743245e+00
6.000000000000000000e+01 2.495552685082044864e+00
6.100000000000000000e+01 2.499453417930476373e+00
6.200000000000000000e+01 2.718734271502461386e+00
6.300000000000000000e+01 2.727533374565223934e+00
6.400000000000000000e+01 2.492429631819226277e+00
6.500000000000000000e+01 2.456257364915168662e+00
6.600000000000000000e+01 2.490834726343633676e+00
6.700000000000000000e+01 2.488276322904507065e+00
6.800000000000000000e+01 2.530031016120718679e+00
6.900000000000000000e+01 2.532099361581973351e+00
7.000000000000000000e+01 2.545900877585791200e+00
7.100000000000000000e+01 2.537241393413194324e+00
7.200000000000000000e+01 2.497796135799340345e+00
7.300000000000000000e+01 2.492132091662016435e+00
7.400000000000000000e+01 2.487478561317502557e+00
7.500000000000000000e+01 2.483678472493933587e+00
7.600000000000000000e+01 2.464168307452140105e+00
7.700000000000000000e+01 2.450515591459449638e+00
7.800000000000000000e+01 2.435257950759577295e+00
7.900000000000000000e+01 2.431666412704123204e+00
8.000000000000000000e+01 2.422113581515944691e+00
8.100000000000000000e+01 2.400228877635574243e+00
8.200000000000000000e+01 2.402232378368757804e+00
8.300000000000000000e+01 2.384481837473324095e+00
8.400000000000000000e+01 2.376548119007944937e+00
8.500000000000000000e+01 2.363956502770919066e+00
8.600000000000000000e+01 2.356048145315427611e+00
8.700000000000000000e+01 2.366141326561386204e+00
8.800000000000000000e+01 2.352478283848467910e+00
8.900000000000000000e+01 2.345026982404332383e+00
9.000000000000000000e+01 2.331010937291336127e+00
9.100000000000000000e+01 2.329764606923645065e+00
9.200000000000000000e+01 2.348915543600700317e+00
9.300000000000000000e+01 2.343472322565676169e+00
9.400000000000000000e+01 2.342479901622088523e+00
9.500000000000000000e+01 2.346955376996537446e+00
9.600000000000000000e+01 2.335047161062979715e+00
9.700000000000000000e+01 2.342995905654603916e+00
9.800000000000000000e+01 2.336103332837002444e+00
9.900000000000000000e+01 2.335803180386928801e+00
1.000000000000000000e+02 2.333004622878310119e+00
1.010000000000000000e+02 2.331541806902930336e+00
1.020000000000000000e+02 2.333773613869011943e+00
1.030000000000000000e+02 2.333569928496356916e+00
1.040000000000000000e+02 2.330780190197292878e+00
1.050000000000000000e+02 2.322612315051454601e+00
1.060000000000000000e+02 2.330343191697083149e+00
1.070000000000000000e+02 2.337542142929417199e+00
1.080000000000000000e+02 2.338597944628617586e+00
1.090000000000000000e+02 2.349952052428644578e+00
1.100000000000000000e+02 2.348489522172796828e+00
1.110000000000000000e+02 2.335867271359663544e+00
1.120000000000000000e+02 2.336733162088789229e+00
1.130000000000000000e+02 2.333392099380778184e+00
1.140000000000000000e+02 2.332860073285363711e+00
1.150000000000000000e+02 2.331282942285799908e+00
1.160000000000000000e+02 2.325277855151666628e+00
1.170000000000000000e+02 2.320447328359923844e+00
1.180000000000000000e+02 2.312845507145192769e+00
1.190000000000000000e+02 2.310889974639724453e+00
1.200000000000000000e+02 2.315242704903226478e+00
1.210000000000000000e+02 2.321544970283162090e+00
1.220000000000000000e+02 2.314817725671329374e+00
1.230000000000000000e+02 2.309965486916293109e+00
1.240000000000000000e+02 2.303507311190591267e+00
1.250000000000000000e+02 2.325234488368985719e+00
1.260000000000000000e+02 2.330930707246750000e+00
1.270000000000000000e+02 2.322452208710275912e+00
1.280000000000000000e+02 2.311003595773616581e+00
1.290000000000000000e+02 2.305799802264131060e+00
1.300000000000000000e+02 2.309347812989738902e+00
1.310000000000000000e+02 2.310773765703214355e+00
1.320000000000000000e+02 2.306233802069824090e+00
1.330000000000000000e+02 2.311695537730522165e+00
1.340000000000000000e+02 2.323874950480438795e+00
1.350000000000000000e+02 2.326213621993765468e+00
1.360000000000000000e+02 2.334222073804162356e+00
1.370000000000000000e+02 2.331115540572570310e+00
1.380000000000000000e+02 2.335086054294130964e+00
1.390000000000000000e+02 2.325139109746927168e+00
1.400000000000000000e+02 2.322659883271825265e+00
1.410000000000000000e+02 2.312959073856316383e+00
1.420000000000000000e+02 2.310097783223024948e+00
1.430000000000000000e+02 2.305793478338489244e+00
1.440000000000000000e+02 2.310246656704888935e+00
1.450000000000000000e+02 2.302447142064258934e+00
1.460000000000000000e+02 2.317144835067594055e+00
1.470000000000000000e+02 2.317455980916803604e+00
1.480000000000000000e+02 2.303948962837464531e+00
1.490000000000000000e+02 2.304439624908060757e+00
1.500000000000000000e+02 2.315502943695248561e+00
1.510000000000000000e+02 2.319995045225321739e+00
1.520000000000000000e+02 2.319258925586491493e+00
1.530000000000000000e+02 2.325507301541554384e+00
1.540000000000000000e+02 2.318131941627886050e+00
1.550000000000000000e+02 2.324749336603649574e+00
1.560000000000000000e+02 2.326266681471426789e+00
1.570000000000000000e+02 2.317800863439896553e+00
1.580000000000000000e+02 2.321442388807759105e+00
1.590000000000000000e+02 2.324363498226497793e+00
1.600000000000000000e+02 2.332192055577270828e+00
1.610000000000000000e+02 2.339310488324349180e+00
1.620000000000000000e+02 2.334457746158709490e+00
1.630000000000000000e+02 2.322785243396775279e+00
1.640000000000000000e+02 2.320495367337237713e+00
1.650000000000000000e+02 2.324578307612932715e+00
1.660000000000000000e+02 2.320424443585979990e+00
1.670000000000000000e+02 2.312291801740145480e+00
1.680000000000000000e+02 2.323806467590326275e+00
1.690000000000000000e+02 2.325138053945227767e+00
1.700000000000000000e+02 2.319245227375786200e+00
1.710000000000000000e+02 2.319045819632695515e+00
1.720000000000000000e+02 2.315993978561805555e+00
1.730000000000000000e+02 2.317178726846366388e+00
1.740000000000000000e+02 2.310520294382393036e+00
1.750000000000000000e+02 2.315319677745147242e+00
1.760000000000000000e+02 2.317296557581363103e+00
1.770000000000000000e+02 2.320360181181525316e+00
1.780000000000000000e+02 2.324028656704101525e+00
1.790000000000000000e+02 2.323339990997829396e+00
1.800000000000000000e+02 2.324913671593902276e+00
1.810000000000000000e+02 2.321981601429687903e+00
1.820000000000000000e+02 2.320069862925629334e+00
1.830000000000000000e+02 2.321596258299725601e+00
1.840000000000000000e+02 2.322743503854857394e+00
1.850000000000000000e+02 2.319153383512509325e+00
1.860000000000000000e+02 2.319071741197094472e+00
1.870000000000000000e+02 2.309230910162936912e+00
1.880000000000000000e+02 2.309444470546845540e+00
1.890000000000000000e+02 2.311939278260425557e+00
1.900000000000000000e+02 2.310967263133699934e+00
1.910000000000000000e+02 2.308424381068007403e+00
1.920000000000000000e+02 2.308052061306427483e+00
1.930000000000000000e+02 2.308157312218600321e+00
1.940000000000000000e+02 2.304139238440084725e+00
1.950000000000000000e+02 2.300461010357483183e+00
1.960000000000000000e+02 2.302206204306907811e+00
1.970000000000000000e+02 2.302034930413734859e+00
1.980000000000000000e+02 2.296653773103337404e+00
1.990000000000000000e+02 2.293790730056916249e+00
2.000000000000000000e+02 2.293622294311094212e+00
2.010000000000000000e+02 2.298163542321809416e+00
2.020000000000000000e+02 2.297914177198833396e+00
2.030000000000000000e+02 2.295098890131332059e+00
2.040000000000000000e+02 2.293700818201902969e+00
2.050000000000000000e+02 2.290455125952535198e+00
2.060000000000000000e+02 2.300247678549199648e+00
2.070000000000000000e+02 2.296955345987656383e+00
2.080000000000000000e+02 2.290738916197409658e+00
2.090000000000000000e+02 2.292205432921013308e+00
2.100000000000000000e+02 2.295540375788763132e+00
2.110000000000000000e+02 2.298164211721855921e+00
2.120000000000000000e+02 2.299977480390633655e+00
2.130000000000000000e+02 2.300436005816725249e+00
2.140000000000000000e+02 2.295867021242298911e+00
2.150000000000000000e+02 2.295541763569346916e+00
2.160000000000000000e+02 2.286116540166436284e+00
2.170000000000000000e+02 2.289308000127492804e+00
2.180000000000000000e+02 2.287280643173956740e+00
2.190000000000000000e+02 2.286577212570726214e+00
2.200000000000000000e+02 2.292480409398609975e+00
2.210000000000000000e+02 2.293917192242917569e+00
2.220000000000000000e+02 2.293848782823541654e+00
2.230000000000000000e+02 2.294906141013905998e+00
2.240000000000000000e+02 2.292290131074851800e+00
2.250000000000000000e+02 2.292858601376857042e+00
2.260000000000000000e+02 2.295124691965640729e+00
2.270000000000000000e+02 2.293942741011355313e+00
2.280000000000000000e+02 2.295684304962154254e+00
2.290000000000000000e+02 2.292082440186471892e+00
2.300000000000000000e+02 2.293372635305170881e+00
2.310000000000000000e+02 2.289700075353856334e+00
2.320000000000000000e+02 2.286570197475930932e+00
2.330000000000000000e+02 2.287659531763634568e+00
2.340000000000000000e+02 2.287590646145038153e+00
2.350000000000000000e+02 2.288206137718595823e+00
2.360000000000000000e+02 2.290153855114579251e+00
2.370000000000000000e+02 2.288874577203140692e+00
2.380000000000000000e+02 2.294336971379331569e+00
2.390000000000000000e+02 2.294608040302186236e+00
2.400000000000000000e+02 2.291962114167562348e+00
2.410000000000000000e+02 2.290583588175260754e+00
2.420000000000000000e+02 2.290433378614442184e+00
2.430000000000000000e+02 2.292126174322836718e+00
2.440000000000000000e+02 2.291614472410131942e+00
2.450000000000000000e+02 2.289773113429650842e+00
2.460000000000000000e+02 2.289246325525656545e+00
2.470000000000000000e+02 2.286796490066413501e+00
2.480000000000000000e+02 2.284943705025790806e+00
2.490000000000000000e+02 2.286185197209407161e+00
2.500000000000000000e+02 2.289574331548392738e+00
2.510000000000000000e+02 2.288970393928481339e+00
2.520000000000000000e+02 2.288380687862402230e+00
2.530000000000000000e+02 2.288021029557797625e+00
2.540000000000000000e+02 2.289688524121348490e+00
2.550000000000000000e+02 2.290514493029007781e+00
2.560000000000000000e+02 2.295440199799705372e+00
2.570000000000000000e+02 2.292209786742453570e+00
2.580000000000000000e+02 2.297422434836292826e+00
2.590000000000000000e+02 2.296431115953757374e+00
2.600000000000000000e+02 2.294048013692635557e+00
2.610000000000000000e+02 2.278758628192189661e+00
2.620000000000000000e+02 2.279365839341596089e+00
2.630000000000000000e+02 2.282684545176512536e+00
2.640000000000000000e+02 2.284925579522908645e+00
2.650000000000000000e+02 2.282869250608827727e+00
2.660000000000000000e+02 2.279767977337763263e+00
2.670000000000000000e+02 2.278922016226279101e+00
2.680000000000000000e+02 2.277664507422040518e+00
2.690000000000000000e+02 2.280890985713166064e+00
2.700000000000000000e+02 2.284269858639245143e+00
2.710000000000000000e+02 2.283326154236433592e+00
2.720000000000000000e+02 2.280656537870899392e+00
2.730000000000000000e+02 2.280794505030055763e+00
2.740000000000000000e+02 2.280212875302747744e+00
2.750000000000000000e+02 2.276553044836868711e+00
2.760000000000000000e+02 2.270111927927795925e+00
2.770000000000000000e+02 2.268787827424632919e+00
2.780000000000000000e+02 2.267172673958205653e+00
2.790000000000000000e+02 2.263193716544189549e+00
2.800000000000000000e+02 2.264339291320343950e+00
2.810000000000000000e+02 2.262859441018580053e+00
2.820000000000000000e+02 2.265494928866301549e+00
2.830000000000000000e+02 2.262259383742026841e+00
2.840000000000000000e+02 2.263279837853411358e+00
2.850000000000000000e+02 2.263459283325199412e+00
2.860000000000000000e+02 2.263833763670668464e+00
2.870000000000000000e+02 2.261414527412733744e+00
2.880000000000000000e+02 2.262676183231893567e+00
2.890000000000000000e+02 2.261740636802004989e+00
2.900000000000000000e+02 2.261789007758202796e+00
2.910000000000000000e+02 2.261493037697850372e+00
2.920000000000000000e+02 2.264113793302274580e+00
2.930000000000000000e+02 2.265328114918966573e+00
2.940000000000000000e+02 2.266513720362123063e+00
2.950000000000000000e+02 2.265255256438306386e+00
2.960000000000000000e+02 2.265464054830014895e+00
2.970000000000000000e+02 2.266353077956678952e+00
2.980000000000000000e+02 2.268149456519407803e+00
2.990000000000000000e+02 2.269230997466733513e+00
3.000000000000000000e+02 2.268124296873761825e+00
3.010000000000000000e+02 2.266675045773305808e+00
3.020000000000000000e+02 2.265710671603207160e+00
3.030000000000000000e+02 2.267356647404290992e+00
3.040000000000000000e+02 2.268904577867684846e+00
3.050000000000000000e+02 2.268730269905195662e+00
3.060000000000000000e+02 2.267110055121344558e+00
3.070000000000000000e+02 2.265890987839283000e+00
3.080000000000000000e+02 2.265297804158328709e+00
3.090000000000000000e+02 2.263592012292935607e+00
3.100000000000000000e+02 2.261976652019990208e+00
3.110000000000000000e+02 2.262665957193786159e+00
3.120000000000000000e+02 2.263148292580878351e+00
3.130000000000000000e+02 2.265377721271998546e+00
3.140000000000000000e+02 2.268687278639614391e+00
3.150000000000000000e+02 2.269880802595515057e+00
3.160000000000000000e+02 2.274933504895340519e+00
3.170000000000000000e+02 2.274657039955038762e+00
3.180000000000000000e+02 2.272861363446017524e+00
3.190000000000000000e+02 2.272071212883117752e+00
3.200000000000000000e+02 2.272186529286232659e+00
3.210000000000000000e+02 2.273468171866940502e+00
3.220000000000000000e+02 2.272307595454786888e+00
3.230000000000000000e+02 2.270548167230391989e+00
3.240000000000000000e+02 2.268750248503328848e+00
3.250000000000000000e+02 2.269381919965812955e+00
3.260000000000000000e+02 2.265848440119260676e+00
3.270000000000000000e+02 2.265423455445087164e+00
3.280000000000000000e+02 2.266325368604352075e+00
3.290000000000000000e+02 2.265390875255024028e+00
3.300000000000000000e+02 2.266299710990378191e+00
3.310000000000000000e+02 2.267495077156976180e+00
3.320000000000000000e+02 2.266625926504047150e+00
3.330000000000000000e+02 2.269689520171686681e+00
3.340000000000000000e+02 2.269964910262320501e+00
3.350000000000000000e+02 2.269650452787677963e+00
3.360000000000000000e+02 2.269806999879830034e+00
3.370000000000000000e+02 2.269916822304515858e+00
3.380000000000000000e+02 2.269770991055382936e+00
3.390000000000000000e+02 2.270538537121594036e+00
3.400000000000000000e+02 2.274670174890095709e+00
3.410000000000000000e+02 2.274989397078076792e+00
3.420000000000000000e+02 2.274761632351719687e+00
3.430000000000000000e+02 2.275018382644313775e+00
3.440000000000000000e+02 2.271680958098342806e+00
3.450000000000000000e+02 2.271909114668629659e+00
3.460000000000000000e+02 2.296139537810782283e+00
3.470000000000000000e+02 2.297159681712388934e+00
3.480000000000000000e+02 2.299724322000728183e+00
3.490000000000000000e+02 2.300477946722884859e+00
3.500000000000000000e+02 2.300477565763508370e+00
3.510000000000000000e+02 2.299288645973780465e+00
3.520000000000000000e+02 2.294021931581072149e+00
3.530000000000000000e+02 2.291625506626343789e+00
3.540000000000000000e+02 2.292149333931759347e+00
3.550000000000000000e+02 2.293324033052208666e+00
3.560000000000000000e+02 2.292305742245852596e+00
3.570000000000000000e+02 2.294343387823678970e+00
3.580000000000000000e+02 2.297500019934353599e+00
3.590000000000000000e+02 2.295575976442450372e+00
3.600000000000000000e+02 2.293256826376005808e+00
3.610000000000000000e+02 2.292549096374103090e+00
3.620000000000000000e+02 2.287670702036766368e+00
3.630000000000000000e+02 2.284183212150312503e+00
3.640000000000000000e+02 2.286136243929591139e+00
3.650000000000000000e+02 2.286719666887104818e+00
3.660000000000000000e+02 2.289862187174037000e+00
3.670000000000000000e+02 2.289207383314014077e+00
3.680000000000000000e+02 2.288929832639491124e+00
3.690000000000000000e+02 2.290607022619161270e+00
3.700000000000000000e+02 2.311156608106987420e+00
3.710000000000000000e+02 2.316299774652920807e+00
3.720000000000000000e+02 2.316375531145976829e+00
3.730000000000000000e+02 2.314914179143055861e+00
3.740000000000000000e+02 2.308630403898547900e+00
3.750000000000000000e+02 2.294019011799568464e+00
3.760000000000000000e+02 2.290558809488990377e+00
3.770000000000000000e+02 2.290094439057615450e+00
3.780000000000000000e+02 2.296044910222922564e+00
3.790000000000000000e+02 2.297577074410426246e+00
3.800000000000000000e+02 2.298520022336763002e+00
3.810000000000000000e+02 2.297260616899059471e+00
3.820000000000000000e+02 2.298656073814486334e+00
3.830000000000000000e+02 2.298259680141481631e+00
3.840000000000000000e+02 2.299837183937006202e+00
3.850000000000000000e+02 2.299834394770146062e+00
3.860000000000000000e+02 2.301575210407885486e+00
3.870000000000000000e+02 2.293778827797554154e+00
3.880000000000000000e+02 2.294649377115620226e+00
3.890000000000000000e+02 2.287486271439429508e+00
3.900000000000000000e+02 2.296713722503428201e+00
3.910000000000000000e+02 2.297104298382533383e+00
3.920000000000000000e+02 2.298661205881508796e+00
3.930000000000000000e+02 2.298098507114049394e+00
3.940000000000000000e+02 2.300019366874024751e+00
3.950000000000000000e+02 2.301493442920103494e+00
3.960000000000000000e+02 2.300777173985902202e+00
3.970000000000000000e+02 2.303353564149852595e+00
3.980000000000000000e+02 2.302441993670406362e+00
3.990000000000000000e+02 2.303598975458733378e+00
4.000000000000000000e+02 2.304558152254487791e+00
