################################################################################
# Neural network connection values (weights and biases).
################################################################################
# Col  Name       Description
################################################################################
# 1    connection Neural network connection value.
# 2    t          Connection type (a = weight, b = bias).
# 3    index      Index enumerating weights.
# 4    l_s        Starting point layer (end point layer for biases).
# 5    n_s        Starting point neuron in starting layer (end point neuron for biases).
# 6    l_e        End point layer.
# 7    n_e        End point neuron in end layer.
################################################################################
#                      1 2         3     4     5     6     7
#             connection t     index   l_s   n_s   l_e   n_e
############################################################
 -1.1089601316270491E+01 a         1     0     1     1     1
  3.1914400417360809E+00 a         2     0     1     1     2
  2.7748277486871169E+00 a         3     0     1     1     3
 -9.2316666120252595E+00 a         4     0     1     1     4
 -7.6685803486533120E+00 a         5     0     1     1     5
  1.8956984248615805E+00 a         6     0     1     1     6
 -9.9140430557943748E-01 a         7     0     1     1     7
  5.2277097939562251E+00 a         8     0     1     1     8
 -4.5976141189851294E+00 a         9     0     1     1     9
  2.3315666596484772E+00 a        10     0     1     1    10
 -5.2321152957265644E+00 a        11     0     1     1    11
 -1.2630409807131883E+01 a        12     0     1     1    12
  2.0142261264693238E+00 a        13     0     1     1    13
 -3.6447829500933132E-01 a        14     0     1     1    14
 -2.7691696832642427E+00 a        15     0     1     1    15
 -3.8470993520064067E+00 a        16     0     1     1    16
 -1.5475828194268157E+01 a        17     0     2     1     1
  2.8515061878320211E+00 a        18     0     2     1     2
 -1.1331067307294557E+01 a        19     0     2     1     3
 -3.5694592333412871E+01 a        20     0     2     1     4
 -7.9550364951298711E+00 a        21     0     2     1     5
  2.6311998196539386E+00 a        22     0     2     1     6
 -9.6935320325073349E+00 a        23     0     2     1     7
 -9.8143490385196097E-01 a        24     0     2     1     8
  1.6045322194412990E+00 a        25     0     2     1     9
  5.9644800915452706E+01 a        26     0     2     1    10
 -4.0776596316622982E+00 a        27     0     2     1    11
 -2.9355748803917634E+00 a        28     0     2     1    12
  1.1403437393028957E+01 a        29     0     2     1    13
 -9.6644360664795830E+00 a        30     0     2     1    14
 -2.9879674850055885E+01 a        31     0     2     1    15
  2.4390372767019578E+01 a        32     0     2     1    16
 -3.6051981234291098E+01 a        33     0     3     1     1
  5.3196923180884585E+00 a        34     0     3     1     2
 -4.2803302843222788E+00 a        35     0     3     1     3
 -2.3545591040252464E+01 a        36     0     3     1     4
  2.0375127376772313E+00 a        37     0     3     1     5
 -4.9934253358221724E+01 a        38     0     3     1     6
  2.2417624152934945E+01 a        39     0     3     1     7
 -5.1232931697841977E+00 a        40     0     3     1     8
  1.6556124201464261E+01 a        41     0     3     1     9
  2.1742805477328652E+01 a        42     0     3     1    10
  5.4399197901559271E+00 a        43     0     3     1    11
 -8.4796619479416986E+00 a        44     0     3     1    12
  1.5543656321615570E-01 a        45     0     3     1    13
 -1.1381580878097232E+01 a        46     0     3     1    14
  1.6042209457340140E+00 a        47     0     3     1    15
  6.2589548993605604E-01 a        48     0     3     1    16
  1.4275437415558754E+01 a        49     0     4     1     1
 -2.3567114797348103E+00 a        50     0     4     1     2
  6.6503651898414642E+00 a        51     0     4     1     3
  3.9240155268175904E+01 a        52     0     4     1     4
  9.7947012451699749E+00 a        53     0     4     1     5
 -6.2367668484404764E+00 a        54     0     4     1     6
  7.0968571847950566E+00 a        55     0     4     1     7
 -1.1065926857885366E+00 a        56     0     4     1     8
 -3.0579868793104537E-01 a        57     0     4     1     9
 -6.9705489516024542E+01 a        58     0     4     1    10
  3.6710132720661339E+00 a        59     0     4     1    11
  6.3392348473796707E+00 a        60     0     4     1    12
 -1.6449523873207344E+01 a        61     0     4     1    13
  5.3142850263136268E+00 a        62     0     4     1    14
  3.0949713529600135E+01 a        63     0     4     1    15
 -1.8726156429248601E+01 a        64     0     4     1    16
  3.5061450549044125E+01 a        65     0     5     1     1
 -5.3416613150377756E+00 a        66     0     5     1     2
  7.3332115660832642E+00 a        67     0     5     1     3
  3.0351213205238182E+01 a        68     0     5     1     4
  3.9271105491376401E+00 a        69     0     5     1     5
  4.8370393510352166E+01 a        70     0     5     1     6
 -2.3871334666055734E+01 a        71     0     5     1     7
  1.1814547637579313E+01 a        72     0     5     1     8
 -7.9269130792954945E+00 a        73     0     5     1     9
 -1.5725859065397316E+01 a        74     0     5     1    10
 -1.9960376619479039E+01 a        75     0     5     1    11
  7.8386125407695699E+00 a        76     0     5     1    12
 -2.7120508251457127E+00 a        77     0     5     1    13
  1.4164393036350321E+01 a        78     0     5     1    14
 -9.3438279887158551E+00 a        79     0     5     1    15
  6.0160667605254980E+00 a        80     0     5     1    16
  6.9482942770376441E+00 a        81     0     6     1     1
 -1.5942442330100033E+00 a        82     0     6     1     2
 -2.5907990647237003E+00 a        83     0     6     1     3
  6.5563646305155006E+00 a        84     0     6     1     4
  5.4549093946652656E+00 a        85     0     6     1     5
 -9.9211490222634491E-01 a        86     0     6     1     6
 -1.0904788949519135E+00 a        87     0     6     1     7
 -2.2881726561122218E+00 a        88     0     6     1     8
  2.0717005729546067E+00 a        89     0     6     1     9
 -1.4126480050558365E+00 a        90     0     6     1    10
  2.3121269084451344E+00 a        91     0     6     1    11
  1.2112770023856189E+01 a        92     0     6     1    12
 -1.5945377312464382E+00 a        93     0     6     1    13
 -1.5278750075375307E+00 a        94     0     6     1    14
  2.0786742870357240E+00 a        95     0     6     1    15
  4.6624165867934755E+00 a        96     0     6     1    16
 -1.0584548714798621E+00 a        97     0     7     1     1
 -1.0834866699960650E+00 a        98     0     7     1     2
 -9.0910640693803790E-01 a        99     0     7     1     3
 -9.4293516145558929E+00 a       100     0     7     1     4
 -3.2466220089055651E+00 a       101     0     7     1     5
  6.1263431909746888E+00 a       102     0     7     1     6
  7.2358089667111269E-01 a       103     0     7     1     7
  6.0852965054111885E-01 a       104     0     7     1     8
  9.9936576208184258E-01 a       105     0     7     1     9
  1.9353058802211436E+01 a       106     0     7     1    10
 -8.4940975266730778E-01 a       107     0     7     1    11
 -1.6189496629132756E+00 a       108     0     7     1    12
  5.1998711027588724E+00 a       109     0     7     1    13
 -2.8872720536917909E+00 a       110     0     7     1    14
 -6.6231763750220063E+00 a       111     0     7     1    15
  2.4308402245068375E+00 a       112     0     7     1    16
 -4.9905045572967284E+00 a       113     0     8     1     1
  8.9943157304267429E-01 a       114     0     8     1     2
 -4.6271380910546878E+00 a       115     0     8     1     3
 -8.0479769540370878E+00 a       116     0     8     1     4
 -4.1246947658395507E+00 a       117     0     8     1     5
 -6.7498356316698080E+00 a       118     0     8     1     6
  8.2718500650994109E+00 a       119     0     8     1     7
 -6.1088485716229446E+00 a       120     0     8     1     8
  1.2642862657562903E+00 a       121     0     8     1     9
  1.8709700811147423E+00 a       122     0     8     1    10
  8.5855668027058485E+00 a       123     0     8     1    11
 -1.4286741959643021E+00 a       124     0     8     1    12
  1.7298718863603295E+00 a       125     0     8     1    13
 -6.8721072744180471E+00 a       126     0     8     1    14
  3.3068728732872228E+00 a       127     0     8     1    15
 -5.1008184295769547E+00 a       128     0     8     1    16
 -2.1545479311900007E+00 a       129     0     9     1     1
 -2.7976671899019606E-01 a       130     0     9     1     2
  1.2416065257160585E+00 a       131     0     9     1     3
 -1.9494600878081494E+00 a       132     0     9     1     4
 -2.0667666557113353E+00 a       133     0     9     1     5
  1.2365143252574389E+00 a       134     0     9     1     6
  1.5655188394714506E-01 a       135     0     9     1     7
  8.7362000522200045E-01 a       136     0     9     1     8
 -9.5310103207674551E-02 a       137     0     9     1     9
  1.4449395392547779E-01 a       138     0     9     1    10
 -4.2712576537725151E-02 a       139     0     9     1    11
 -4.3543198189405512E+00 a       140     0     9     1    12
  6.9516441091057768E-01 a       141     0     9     1    13
  8.4567479879105900E-01 a       142     0     9     1    14
 -6.6163211530092669E-01 a       143     0     9     1    15
 -2.2461649453300274E+00 a       144     0     9     1    16
  2.3141459778405267E+01 a       145     0    10     1     1
 -4.8706927869739429E+00 a       146     0    10     1     2
  1.3250603981307821E+01 a       147     0    10     1     3
  1.8223875716277224E+01 a       148     0    10     1     4
  1.5893251728547094E+01 a       149     0    10     1     5
 -1.2372100209969885E+01 a       150     0    10     1     6
  5.3540623295669736E+00 a       151     0    10     1     7
 -2.0438243352374641E+01 a       152     0    10     1     8
  8.8114181906186040E-01 a       153     0    10     1     9
  1.4950632247381044E+00 a       154     0    10     1    10
  2.5618880526101037E+01 a       155     0    10     1    11
  2.3459052177798583E+00 a       156     0    10     1    12
  9.8197625186945263E+00 a       157     0    10     1    13
 -9.2563020356116503E+00 a       158     0    10     1    14
 -5.4460644174968671E+00 a       159     0    10     1    15
  2.5598579682976219E+01 a       160     0    10     1    16
 -4.0131078325980702E+00 a       161     0    11     1     1
  1.7347353379385599E+01 a       162     0    11     1     2
  3.0467089594823232E+01 a       163     0    11     1     3
  3.1036509976963213E+01 a       164     0    11     1     4
  1.1240911899227680E+01 a       165     0    11     1     5
 -6.0593217989330084E+00 a       166     0    11     1     6
 -5.9409088732235711E+00 a       167     0    11     1     7
 -8.5582508346581996E+00 a       168     0    11     1     8
  7.8112092099551778E-01 a       169     0    11     1     9
 -1.9456185353242176E+01 a       170     0    11     1    10
  7.8587472122830979E+00 a       171     0    11     1    11
 -2.1597540337549215E-01 a       172     0    11     1    12
 -6.4367646169132575E+00 a       173     0    11     1    13
  9.4328338937965128E+00 a       174     0    11     1    14
 -1.8615295322288013E+01 a       175     0    11     1    15
 -3.4650110059366966E+01 a       176     0    11     1    16
  1.9746503163665700E+01 a       177     0    12     1     1
  1.5479822561886788E+01 a       178     0    12     1     2
  1.4727170732558386E+00 a       179     0    12     1     3
 -2.4175757275953598E+00 a       180     0    12     1     4
  1.1510384106817217E+01 a       181     0    12     1     5
  1.6118194720758702E+01 a       182     0    12     1     6
 -1.1776233357562436E+01 a       183     0    12     1     7
  2.9978990380919046E+00 a       184     0    12     1     8
 -1.8764858886150375E+01 a       185     0    12     1     9
 -1.3798395168375832E+01 a       186     0    12     1    10
  2.3593052892882085E+01 a       187     0    12     1    11
  3.3187959547255321E+00 a       188     0    12     1    12
  6.7846908469825395E+00 a       189     0    12     1    13
 -2.3547654342215356E+00 a       190     0    12     1    14
  1.7425004386368453E+01 a       191     0    12     1    15
  8.8614918601754606E+00 a       192     0    12     1    16
 -2.2441198249779866E+01 a       193     0    13     1     1
 -1.1035737608337106E+01 a       194     0    13     1     2
  3.4459636913590299E+00 a       195     0    13     1     3
  2.5752607406248403E-02 a       196     0    13     1     4
  1.4281155354563079E+01 a       197     0    13     1     5
 -2.0233260720912187E+00 a       198     0    13     1     6
 -4.8856624592978841E+00 a       199     0    13     1     7
 -3.5809013922881072E+00 a       200     0    13     1     8
  2.8603342136839665E+01 a       201     0    13     1     9
 -9.1074660501590969E+00 a       202     0    13     1    10
  2.7865872966078968E+00 a       203     0    13     1    11
  1.3441530555715770E+01 a       204     0    13     1    12
 -1.0058191106265411E+01 a       205     0    13     1    13
 -1.1142136950003586E+01 a       206     0    13     1    14
 -6.3089552998528076E+00 a       207     0    13     1    15
 -2.5436839106882889E+01 a       208     0    13     1    16
  2.1194761185436260E+01 a       209     0    14     1     1
  4.0302498058148872E+00 a       210     0    14     1     2
  2.3887579941553678E+00 a       211     0    14     1     3
 -4.2471268362090527E+01 a       212     0    14     1     4
  9.2623840693308832E+00 a       213     0    14     1     5
  3.0285360725583597E+01 a       214     0    14     1     6
 -2.3056902531162837E+01 a       215     0    14     1     7
 -4.6000115295134769E+00 a       216     0    14     1     8
 -3.6216903105584954E+01 a       217     0    14     1     9
 -1.4266138033436096E+01 a       218     0    14     1    10
  6.3729777902767220E+00 a       219     0    14     1    11
  6.2559744079764348E-02 a       220     0    14     1    12
  2.4963022162757429E+01 a       221     0    14     1    13
  1.3233427068218216E+01 a       222     0    14     1    14
  1.3761261998198401E+01 a       223     0    14     1    15
  4.4311350532159750E+00 a       224     0    14     1    16
  3.1939773351992297E+01 a       225     0    15     1     1
  6.2035830997677230E+00 a       226     0    15     1     2
 -3.1708344513076018E+01 a       227     0    15     1     3
 -7.1983153125254953E+00 a       228     0    15     1     4
  1.8173673252327987E+01 a       229     0    15     1     5
  1.6132256053491748E+01 a       230     0    15     1     6
  8.1082333003045655E+00 a       231     0    15     1     7
 -2.5577227743969924E+01 a       232     0    15     1     8
  9.1950935963128018E+00 a       233     0    15     1     9
 -1.9424181338076099E+01 a       234     0    15     1    10
 -9.1114583074769513E+00 a       235     0    15     1    11
  3.3233555684907827E+00 a       236     0    15     1    12
 -1.0404666706417752E+01 a       237     0    15     1    13
  1.1249685450017612E+01 a       238     0    15     1    14
 -1.7503909872786068E+01 a       239     0    15     1    15
 -1.7519098839306502E+00 a       240     0    15     1    16
 -1.3211532626982585E+01 a       241     0    16     1     1
  9.8109460096694843E+00 a       242     0    16     1     2
 -8.9916474933325876E+00 a       243     0    16     1     3
 -7.8944242143174224E+00 a       244     0    16     1     4
 -1.0489653281085400E+00 a       245     0    16     1     5
 -1.1141477486549187E+01 a       246     0    16     1     6
  1.7448302463299665E+00 a       247     0    16     1     7
 -5.0249512238650818E+00 a       248     0    16     1     8
 -3.6785434249155458E+00 a       249     0    16     1     9
  2.0117873253208929E+00 a       250     0    16     1    10
 -2.8960554206143909E+00 a       251     0    16     1    11
  1.8377077401396924E+00 a       252     0    16     1    12
 -3.5240437928795525E+00 a       253     0    16     1    13
 -2.8535387667527741E+00 a       254     0    16     1    14
 -2.0231024900057903E+01 a       255     0    16     1    15
  1.1363779141428735E+01 a       256     0    16     1    16
  1.9754714112298788E+00 a       257     0    17     1     1
  1.5076786307806334E+00 a       258     0    17     1     2
 -2.3520212371374396E+00 a       259     0    17     1     3
 -7.0509681348569675E+00 a       260     0    17     1     4
 -5.1227939566885394E-01 a       261     0    17     1     5
  5.9440286489118517E+00 a       262     0    17     1     6
 -1.2203739838107801E+00 a       263     0    17     1     7
 -2.9748995997640670E+00 a       264     0    17     1     8
 -1.4081641362603412E+00 a       265     0    17     1     9
 -3.1252606530116722E+00 a       266     0    17     1    10
 -1.2766611407328108E+00 a       267     0    17     1    11
 -3.7603292604609573E+00 a       268     0    17     1    12
 -2.8825283278251801E-01 a       269     0    17     1    13
 -2.7207126152377850E+00 a       270     0    17     1    14
 -3.9854734367093672E+00 a       271     0    17     1    15
  6.2280757821548099E-02 a       272     0    17     1    16
 -1.8019876419234020E+00 a       273     0    18     1     1
  1.2763724374342729E+00 a       274     0    18     1     2
 -4.2345005043289250E+00 a       275     0    18     1     3
  8.9615425915796965E-01 a       276     0    18     1     4
  1.5789239326013069E-01 a       277     0    18     1     5
 -4.9594491010889934E+00 a       278     0    18     1     6
 -2.1942953028479386E+00 a       279     0    18     1     7
 -3.9948063864828436E+00 a       280     0    18     1     8
  2.5534919385583184E+00 a       281     0    18     1     9
 -6.2036392074721991E-01 a       282     0    18     1    10
 -6.3108961193915847E-01 a       283     0    18     1    11
  3.6950598553203191E+00 a       284     0    18     1    12
 -7.3476368059818418E+00 a       285     0    18     1    13
 -2.2971555923049660E+00 a       286     0    18     1    14
 -4.0029839050970564E+00 a       287     0    18     1    15
  7.0965710541352012E+00 a       288     0    18     1    16
 -1.2913519237785289E+01 a       289     0    19     1     1
  7.2633219041733952E+00 a       290     0    19     1     2
 -1.1719872451506671E+01 a       291     0    19     1     3
 -7.3871624039583779E+00 a       292     0    19     1     4
  7.4215944738639872E-01 a       293     0    19     1     5
  4.0916127598102738E+00 a       294     0    19     1     6
  6.3205775792257768E+00 a       295     0    19     1     7
  1.3493641839377288E+00 a       296     0    19     1     8
 -1.2444329127474127E+00 a       297     0    19     1     9
  1.2047904746697471E+01 a       298     0    19     1    10
 -1.1151979372560296E+01 a       299     0    19     1    11
 -1.0275409379004461E+01 a       300     0    19     1    12
 -9.4410376025094678E-01 a       301     0    19     1    13
 -8.5275965632135318E+00 a       302     0    19     1    14
 -7.2689155603941273E+00 a       303     0    19     1    15
  1.0350267307784633E+00 a       304     0    19     1    16
 -2.8797634226680799E+01 a       305     0    20     1     1
  3.0547216281252223E+00 a       306     0    20     1     2
 -3.0629897316646066E+01 a       307     0    20     1     3
 -2.8473540010856109E+00 a       308     0    20     1     4
 -1.9913781733371152E+01 a       309     0    20     1     5
  2.5609861219767197E+01 a       310     0    20     1     6
 -8.1907644569994709E+00 a       311     0    20     1     7
  4.3540205360096678E+01 a       312     0    20     1     8
  2.7614900053986783E+01 a       313     0    20     1     9
  3.4107615743136126E+00 a       314     0    20     1    10
 -6.3179550316330165E+01 a       315     0    20     1    11
  3.0818560149360462E+01 a       316     0    20     1    12
 -4.4156630022323760E+01 a       317     0    20     1    13
  4.1252045824554230E+01 a       318     0    20     1    14
  1.2984372250042998E+01 a       319     0    20     1    15
 -4.3057861444651081E+01 a       320     0    20     1    16
  3.1215021518180468E+01 a       321     0    21     1     1
 -4.4150934384721424E+01 a       322     0    21     1     2
 -3.4247718493973686E+01 a       323     0    21     1     3
 -3.7265728188949595E+01 a       324     0    21     1     4
 -2.4213483863071993E+01 a       325     0    21     1     5
  1.0309842662554663E+01 a       326     0    21     1     6
  2.4246177022175672E+01 a       327     0    21     1     7
  3.7814500449197268E+01 a       328     0    21     1     8
 -6.9022669168401274E+00 a       329     0    21     1     9
  5.5816425492057142E+00 a       330     0    21     1    10
 -2.0564648622233584E+01 a       331     0    21     1    11
  6.4911989449724059E+00 a       332     0    21     1    12
  1.3795577884786775E+01 a       333     0    21     1    13
  7.4741020189993597E+00 a       334     0    21     1    14
  7.1915878743184166E+01 a       335     0    21     1    15
  5.6716993099851926E+01 a       336     0    21     1    16
 -2.7897368338057533E+00 a       337     0    22     1     1
 -5.1683396170921753E+01 a       338     0    22     1     2
  7.6665339196881508E+00 a       339     0    22     1     3
  1.7883163058534489E+01 a       340     0    22     1     4
 -3.7670603092103775E+01 a       341     0    22     1     5
  1.2662534320371124E+01 a       342     0    22     1     6
  5.9472618427502493E+00 a       343     0    22     1     7
 -1.0126084431882894E+01 a       344     0    22     1     8
  8.0354669056182111E+00 a       345     0    22     1     9
  7.8822380165915682E+00 a       346     0    22     1    10
 -2.0227570212050725E+01 a       347     0    22     1    11
  2.5658437473874720E+01 a       348     0    22     1    12
 -1.7410461403471640E+01 a       349     0    22     1    13
  5.2579566144366146E+00 a       350     0    22     1    14
 -1.2866854993134083E+01 a       351     0    22     1    15
 -2.5515217761220665E+01 a       352     0    22     1    16
 -1.3565692926553110E+01 a       353     0    23     1     1
  1.2560880814825408E+01 a       354     0    23     1     2
  8.8300498747257343E+00 a       355     0    23     1     3
  7.6139313077146284E+01 a       356     0    23     1     4
  9.0161622194990390E+00 a       357     0    23     1     5
 -5.5752982196860003E+01 a       358     0    23     1     6
  1.7738245394067611E+01 a       359     0    23     1     7
  1.4992420983689101E+01 a       360     0    23     1     8
  6.8060904785190786E+01 a       361     0    23     1     9
  4.9866909093762777E+00 a       362     0    23     1    10
  2.8747036638727209E+01 a       363     0    23     1    11
  4.4498148017829884E+00 a       364     0    23     1    12
 -3.7536085599513285E+01 a       365     0    23     1    13
 -3.3732666495220862E+01 a       366     0    23     1    14
 -2.0216061118662405E+00 a       367     0    23     1    15
  1.2217921120442961E+01 a       368     0    23     1    16
  2.7935586633625366E+01 a       369     0    24     1     1
  2.3316529376703552E+00 a       370     0    24     1     2
  1.8696295684927694E+01 a       371     0    24     1     3
  1.3797945592614811E+01 a       372     0    24     1     4
 -8.5606865915660553E+00 a       373     0    24     1     5
 -1.2575335097462931E+01 a       374     0    24     1     6
  7.1788652806361430E-01 a       375     0    24     1     7
 -8.7098273138568718E+00 a       376     0    24     1     8
 -3.8149176522090741E+01 a       377     0    24     1     9
  2.0388018452390543E+01 a       378     0    24     1    10
  3.0775258776565945E+01 a       379     0    24     1    11
 -2.9003713573092593E+01 a       380     0    24     1    12
  3.2542240585950665E+01 a       381     0    24     1    13
 -1.1174246562073668E+01 a       382     0    24     1    14
  1.7068114451718660E+01 a       383     0    24     1    15
  4.7542296697207043E+01 a       384     0    24     1    16
 -3.8105954494230048E+00 a       385     0    25     1     1
  1.0620553716068537E+01 a       386     0    25     1     2
  2.2016105272297487E+01 a       387     0    25     1     3
  1.8225396989220215E+01 a       388     0    25     1     4
  1.2924615889688898E+01 a       389     0    25     1     5
  1.5328325494135578E+01 a       390     0    25     1     6
 -1.8273953518188453E+01 a       391     0    25     1     7
 -1.1775989622216191E+01 a       392     0    25     1     8
  4.7578771424038750E+00 a       393     0    25     1     9
  2.3027274450941282E+00 a       394     0    25     1    10
  1.1718188650094024E+01 a       395     0    25     1    11
 -5.5207406579404461E+00 a       396     0    25     1    12
  3.2815305028703592E+00 a       397     0    25     1    13
 -7.5988466701111168E+00 a       398     0    25     1    14
 -1.7207050844619129E+01 a       399     0    25     1    15
 -3.4557468135677645E+01 a       400     0    25     1    16
  4.2003337527139601E+00 a       401     0    26     1     1
  7.0706227723619330E-01 a       402     0    26     1     2
  1.7276553136770125E+00 a       403     0    26     1     3
 -4.2304291135361289E+00 a       404     0    26     1     4
 -7.2055210032775663E-01 a       405     0    26     1     5
 -3.8721274213760202E+00 a       406     0    26     1     6
  5.0572446919017775E+00 a       407     0    26     1     7
 -5.7506090703811701E+00 a       408     0    26     1     8
 -1.9756711549818518E-01 a       409     0    26     1     9
 -2.9412891020532128E+00 a       410     0    26     1    10
  4.9595694318797356E+00 a       411     0    26     1    11
 -2.4757482075525559E+00 a       412     0    26     1    12
  1.7343409005870227E+00 a       413     0    26     1    13
 -7.3835225165975844E+00 a       414     0    26     1    14
 -3.5867211851554242E+00 a       415     0    26     1    15
  4.2112446303983975E-01 a       416     0    26     1    16
  1.3923140112739232E+00 a       417     0    27     1     1
  4.4309974823866032E+00 a       418     0    27     1     2
  4.3411037273892472E-01 a       419     0    27     1     3
  3.0888825930240706E+00 a       420     0    27     1     4
  7.8937730958742736E-01 a       421     0    27     1     5
 -4.8313435730548955E+00 a       422     0    27     1     6
 -3.4598939862048145E-01 a       423     0    27     1     7
 -6.2192718456993603E+00 a       424     0    27     1     8
  3.4446708020511472E+00 a       425     0    27     1     9
 -2.4784987466397426E+00 a       426     0    27     1    10
 -2.3567962201476522E+00 a       427     0    27     1    11
  3.3254365185226722E+00 a       428     0    27     1    12
 -5.7875074520061540E+00 a       429     0    27     1    13
 -9.2872601148960332E-01 a       430     0    27     1    14
 -5.6459469767147974E+00 a       431     0    27     1    15
 -6.4979561020662162E+00 a       432     0    27     1    16
 -4.1405955966793710E+00 a       433     0    28     1     1
  9.5401319461575973E+00 a       434     0    28     1     2
 -1.1066665836681031E+01 a       435     0    28     1     3
 -2.9226487391333052E+01 a       436     0    28     1     4
  6.4719833408256089E-01 a       437     0    28     1     5
  1.4263573820540422E+01 a       438     0    28     1     6
  6.9500565059839472E+00 a       439     0    28     1     7
 -3.5828845889473580E+00 a       440     0    28     1     8
 -1.7702996274913044E+01 a       441     0    28     1     9
  3.2624365899631438E+00 a       442     0    28     1    10
 -1.5576940459430750E+01 a       443     0    28     1    11
 -9.8085032107128907E+00 a       444     0    28     1    12
  8.9408334090807919E+00 a       445     0    28     1    13
  5.1983748805587418E+00 a       446     0    28     1    14
 -7.4385385858005337E+00 a       447     0    28     1    15
 -1.7807835512392460E+00 a       448     0    28     1    16
 -2.0236883948878575E+00 a       449     0    29     1     1
 -1.4021450116235072E+00 a       450     0    29     1     2
  2.3304393048896626E+00 a       451     0    29     1     3
  3.2467137822228427E+00 a       452     0    29     1     4
  5.1955202514759939E+00 a       453     0    29     1     5
 -7.5292454123156283E-01 a       454     0    29     1     6
 -2.4619125666159491E+00 a       455     0    29     1     7
 -1.5396644057676840E+00 a       456     0    29     1     8
  2.2295738616753478E+00 a       457     0    29     1     9
  3.9646187766350707E+00 a       458     0    29     1    10
  4.5259240461595178E+00 a       459     0    29     1    11
  2.1157715471922729E+00 a       460     0    29     1    12
  1.8716801017153788E+00 a       461     0    29     1    13
  4.7448517414894482E+00 a       462     0    29     1    14
 -2.2617063314898465E+00 a       463     0    29     1    15
  1.0177321745537353E+00 a       464     0    29     1    16
 -6.4331617012135007E+00 a       465     0    30     1     1
  2.6272883588965605E+00 a       466     0    30     1     2
  4.6546120025807660E+00 a       467     0    30     1     3
  1.2490623957179237E+00 a       468     0    30     1     4
  1.6124821174835275E+00 a       469     0    30     1     5
  5.7627494005468438E-01 a       470     0    30     1     6
  2.0744139564066542E+00 a       471     0    30     1     7
  1.5904898128763929E+00 a       472     0    30     1     8
 -1.6638168465117142E+00 a       473     0    30     1     9
  3.8830504945555426E+00 a       474     0    30     1    10
  3.6991171147126360E+00 a       475     0    30     1    11
 -7.3935958147425387E+00 a       476     0    30     1    12
  5.3771942117314921E+00 a       477     0    30     1    13
  5.8165324379879788E+00 a       478     0    30     1    14
 -5.1208148697599096E+00 a       479     0    30     1    15
 -1.6427850936543427E+00 a       480     0    30     1    16
  1.8794324132705608E+01 a       481     0    31     1     1
 -1.0124186805751201E+01 a       482     0    31     1     2
  1.0961083539145864E+01 a       483     0    31     1     3
 -1.1461063110311555E+01 a       484     0    31     1     4
  9.1093805222230717E-01 a       485     0    31     1     5
  1.0071004249242785E+01 a       486     0    31     1     6
 -1.8156476166875628E+01 a       487     0    31     1     7
 -4.6464889443120496E+00 a       488     0    31     1     8
 -1.9734597120349243E+01 a       489     0    31     1     9
 -1.2301826627422194E+01 a       490     0    31     1    10
  7.3565933032562620E+00 a       491     0    31     1    11
  4.7615090076244249E+00 a       492     0    31     1    12
  1.7543647904339391E+01 a       493     0    31     1    13
  2.3369419835175069E+01 a       494     0    31     1    14
  1.4558661885229986E+01 a       495     0    31     1    15
 -2.1367309832901782E+00 a       496     0    31     1    16
 -3.0234157281125363E+01 a       497     0    32     1     1
  3.4525015403465882E+00 a       498     0    32     1     2
  2.7759165648759552E+01 a       499     0    32     1     3
 -6.3994023520832393E+00 a       500     0    32     1     4
 -2.0591051840644663E+01 a       501     0    32     1     5
 -1.7826824050892142E+01 a       502     0    32     1     6
  9.2903760190703522E-01 a       503     0    32     1     7
  2.3979672153563335E+01 a       504     0    32     1     8
 -2.4080013660308442E+01 a       505     0    32     1     9
  7.3187809719393746E+00 a       506     0    32     1    10
  3.8195992120553819E+00 a       507     0    32     1    11
 -1.0503606137652243E+01 a       508     0    32     1    12
  1.7150028526288942E+01 a       509     0    32     1    13
 -9.9098257345398419E+00 a       510     0    32     1    14
  6.6265822938647059E+00 a       511     0    32     1    15
 -2.3211474681489774E-01 a       512     0    32     1    16
 -1.5938278448678171E+01 a       513     0    33     1     1
  1.0693296544369831E+01 a       514     0    33     1     2
 -4.6421118201942306E+00 a       515     0    33     1     3
  3.5430433178797998E+00 a       516     0    33     1     4
  4.2606928051911552E+00 a       517     0    33     1     5
 -2.3451115962934562E+01 a       518     0    33     1     6
  1.1299354642321330E+01 a       519     0    33     1     7
  3.5505120647033364E+00 a       520     0    33     1     8
  1.0501380180486425E+01 a       521     0    33     1     9
  5.0870183486674367E+00 a       522     0    33     1    10
 -1.2718040720012654E+01 a       523     0    33     1    11
 -1.1844230478331639E+01 a       524     0    33     1    12
 -6.7285120427827594E-01 a       525     0    33     1    13
  1.0109820346142973E+00 a       526     0    33     1    14
 -1.0738872160264700E+01 a       527     0    33     1    15
  1.9295578420111761E+00 a       528     0    33     1    16
 -1.5502711268510934E+00 a       529     0    34     1     1
  1.4335527157350012E+00 a       530     0    34     1     2
 -1.1411864030859609E+00 a       531     0    34     1     3
  3.1014362802576332E+00 a       532     0    34     1     4
 -8.3923951673139652E-01 a       533     0    34     1     5
  6.7686676884687003E-01 a       534     0    34     1     6
  2.3557936617688884E+00 a       535     0    34     1     7
  2.0060153039424247E+00 a       536     0    34     1     8
 -1.0406883855083300E+00 a       537     0    34     1     9
 -1.2784447970080554E-01 a       538     0    34     1    10
 -8.4343937950055714E-01 a       539     0    34     1    11
  4.3700826394620662E-01 a       540     0    34     1    12
 -3.9425771206863564E-01 a       541     0    34     1    13
  9.2043587514906866E-01 a       542     0    34     1    14
 -8.6402374535351642E-02 a       543     0    34     1    15
  4.8011898380140533E-01 a       544     0    34     1    16
  2.8848680624265388E-01 a       545     0    35     1     1
 -1.0740207324065525E+00 a       546     0    35     1     2
  1.7402874778758863E+00 a       547     0    35     1     3
 -6.7476508319414419E-01 a       548     0    35     1     4
  1.5573757355993134E-01 a       549     0    35     1     5
  9.4421751043636071E-01 a       550     0    35     1     6
 -3.1841994218582839E+00 a       551     0    35     1     7
 -9.3465987977501508E-01 a       552     0    35     1     8
  3.6554611397318904E-01 a       553     0    35     1     9
  1.1591720634063971E+00 a       554     0    35     1    10
  2.1085351816753803E+00 a       555     0    35     1    11
 -7.7279691632515335E-01 a       556     0    35     1    12
 -3.8505514145707087E-01 a       557     0    35     1    13
  1.4211633803435675E+00 a       558     0    35     1    14
  5.4915014903698600E-01 a       559     0    35     1    15
  1.2313648655162730E+00 a       560     0    35     1    16
 -2.7459094368629766E+00 a       561     0    36     1     1
  2.9397116053760017E+00 a       562     0    36     1     2
 -1.1148623304003852E-01 a       563     0    36     1     3
  6.0453945585866496E-02 a       564     0    36     1     4
 -2.2490114705391714E-01 a       565     0    36     1     5
 -7.7070913802913282E-02 a       566     0    36     1     6
  5.4496712104715508E+00 a       567     0    36     1     7
  2.8325497840727185E+00 a       568     0    36     1     8
 -1.9901549501130129E+00 a       569     0    36     1     9
  2.1524620808488093E+00 a       570     0    36     1    10
  2.6234867496361858E+00 a       571     0    36     1    11
  5.5970667860548389E+00 a       572     0    36     1    12
  3.0449675033112875E+00 a       573     0    36     1    13
  2.2634839556529647E+00 a       574     0    36     1    14
 -2.1550788961379443E+00 a       575     0    36     1    15
  5.0334691601383739E+00 a       576     0    36     1    16
  8.8718341954312419E-01 a       577     0    37     1     1
 -2.8165892094779807E+00 a       578     0    37     1     2
  4.3782119484189188E+00 a       579     0    37     1     3
  1.1100817562937992E+00 a       580     0    37     1     4
 -2.5266910360445856E+00 a       581     0    37     1     5
 -6.6203322221649197E+00 a       582     0    37     1     6
 -7.0502303667680231E+00 a       583     0    37     1     7
 -1.0769470138957689E+00 a       584     0    37     1     8
  2.5075780935291264E-01 a       585     0    37     1     9
 -1.0930897194659153E+01 a       586     0    37     1    10
 -4.4442211083589109E+00 a       587     0    37     1    11
 -5.9608746715075176E+00 a       588     0    37     1    12
 -2.4221750634948322E+00 a       589     0    37     1    13
 -1.2884060671080768E+01 a       590     0    37     1    14
  7.0485425930637726E+00 a       591     0    37     1    15
 -4.9223780131329828E+00 a       592     0    37     1    16
  1.7870449308603704E+00 a       593     0    38     1     1
  1.1841448868149960E+00 a       594     0    38     1     2
 -9.1468606696104493E-01 a       595     0    38     1     3
  8.4193294885581271E-01 a       596     0    38     1     4
 -1.5808893714262862E+00 a       597     0    38     1     5
 -4.5555307421913387E+00 a       598     0    38     1     6
  8.6826500127275696E-01 a       599     0    38     1     7
 -4.9772798134351615E-01 a       600     0    38     1     8
  1.1396384687326486E+00 a       601     0    38     1     9
  3.6516396820016186E+00 a       602     0    38     1    10
 -6.8626740055165025E-01 a       603     0    38     1    11
 -5.1274442907525186E-01 a       604     0    38     1    12
 -1.7440481162283253E-01 a       605     0    38     1    13
 -8.3342817883688886E-02 a       606     0    38     1    14
  2.7802481002616508E-01 a       607     0    38     1    15
 -1.4658615042754430E+00 a       608     0    38     1    16
 -5.8613720339565525E+00 a       609     0    39     1     1
  4.4176819318049674E+00 a       610     0    39     1     2
  5.6816363329122135E+00 a       611     0    39     1     3
  1.3639309716969072E+01 a       612     0    39     1     4
  8.6810997829339154E-01 a       613     0    39     1     5
 -6.7899558027081346E+00 a       614     0    39     1     6
  2.2856781105823920E+01 a       615     0    39     1     7
  1.9710424547686340E+01 a       616     0    39     1     8
 -1.4256140827871359E+01 a       617     0    39     1     9
 -1.3690646621103561E+01 a       618     0    39     1    10
 -1.1947407976400099E+01 a       619     0    39     1    11
  8.7609007380442794E+00 a       620     0    39     1    12
  6.5330569563160354E+00 a       621     0    39     1    13
  3.1236578384023712E+00 a       622     0    39     1    14
 -5.3925348786835645E+00 a       623     0    39     1    15
  3.1903044288731603E+00 a       624     0    39     1    16
 -3.7427009191313236E+00 a       625     0    40     1     1
  8.3402569983599619E+00 a       626     0    40     1     2
 -2.6496337825206235E+00 a       627     0    40     1     3
  1.3629962717999375E+00 a       628     0    40     1     4
 -3.5201375083530140E+00 a       629     0    40     1     5
 -1.9939092352521634E+01 a       630     0    40     1     6
  1.2156128404967070E+01 a       631     0    40     1     7
  5.2194127176221841E+00 a       632     0    40     1     8
 -8.6655272000517218E+00 a       633     0    40     1     9
 -1.3464159075725254E+01 a       634     0    40     1    10
 -3.6088568611355214E+00 a       635     0    40     1    11
 -6.2752494852706233E+00 a       636     0    40     1    12
  5.9024167773222569E+00 a       637     0    40     1    13
  6.5328966383372533E+00 a       638     0    40     1    14
 -1.6078286038482819E+00 a       639     0    40     1    15
 -6.8390550900327343E+00 a       640     0    40     1    16
 -3.4623091635721290E+00 a       641     0    41     1     1
  1.6144167053695981E+00 a       642     0    41     1     2
  2.5345665929051129E+00 a       643     0    41     1     3
 -1.2984726434279257E+00 a       644     0    41     1     4
 -5.5738805993562279E-01 a       645     0    41     1     5
 -2.5733849757349536E+00 a       646     0    41     1     6
  4.9434933878052717E-01 a       647     0    41     1     7
  3.2889954925949851E+00 a       648     0    41     1     8
 -3.4358586374784363E+00 a       649     0    41     1     9
 -5.5678404688369367E+00 a       650     0    41     1    10
 -2.4524179306407041E+00 a       651     0    41     1    11
 -4.2562204611290584E+00 a       652     0    41     1    12
  2.1813170334165735E+00 a       653     0    41     1    13
  4.5513632468706078E+00 a       654     0    41     1    14
 -1.3907831606315770E+00 a       655     0    41     1    15
 -9.6424858155591331E-01 a       656     0    41     1    16
 -7.9049650358957269E-01 a       657     0    42     1     1
  1.2090839087534347E+01 a       658     0    42     1     2
  5.9179290115061720E+00 a       659     0    42     1     3
 -1.1668707260650010E+01 a       660     0    42     1     4
 -1.0088342874335851E+01 a       661     0    42     1     5
 -1.9109136422441150E+01 a       662     0    42     1     6
  8.2727888639727780E+00 a       663     0    42     1     7
  3.5922110371784224E+00 a       664     0    42     1     8
  1.7774040993317857E+00 a       665     0    42     1     9
 -1.8070716988114970E+01 a       666     0    42     1    10
 -9.4290280010450473E+00 a       667     0    42     1    11
 -2.0290441025728803E-01 a       668     0    42     1    12
  3.0410745844988685E+00 a       669     0    42     1    13
  4.9027162033144238E+00 a       670     0    42     1    14
 -8.8228618667041125E+00 a       671     0    42     1    15
  1.6468500062460748E+01 a       672     0    42     1    16
 -2.7083935453648249E+00 a       673     0    43     1     1
  5.4114928296429561E+00 a       674     0    43     1     2
 -1.5747477534974484E+01 a       675     0    43     1     3
 -2.0856274038504075E+00 a       676     0    43     1     4
  7.7215007138143728E+00 a       677     0    43     1     5
  1.5696519790186297E+01 a       678     0    43     1     6
  5.6598833608111487E+00 a       679     0    43     1     7
  2.8542300819960031E+00 a       680     0    43     1     8
 -5.2032540724484511E+00 a       681     0    43     1     9
  9.6622937615066302E+00 a       682     0    43     1    10
  1.4345619543050654E+01 a       683     0    43     1    11
  9.0974509230760052E+00 a       684     0    43     1    12
  6.5571112513528780E+00 a       685     0    43     1    13
  9.7643746517464720E+00 a       686     0    43     1    14
 -3.4028640803022556E+00 a       687     0    43     1    15
  6.0719549863221749E+00 a       688     0    43     1    16
 -4.0049169541135932E+00 a       689     0    44     1     1
 -2.0913107180614947E+00 a       690     0    44     1     2
 -2.2219428910108099E+00 a       691     0    44     1     3
 -3.4089279764884419E+00 a       692     0    44     1     4
  3.2290286101522123E+00 a       693     0    44     1     5
  3.5049697412044027E+00 a       694     0    44     1     6
  4.5873685318759971E+00 a       695     0    44     1     7
  3.4549564534340549E-01 a       696     0    44     1     8
 -5.4121874086592570E+00 a       697     0    44     1     9
 -1.6389097447810652E+01 a       698     0    44     1    10
 -1.7831550271316199E-01 a       699     0    44     1    11
  3.1794460056287837E+00 a       700     0    44     1    12
 -1.1156626186135816E+00 a       701     0    44     1    13
 -6.6653384978599304E+00 a       702     0    44     1    14
  8.1310079487866804E-01 a       703     0    44     1    15
  9.7826173655631732E-01 a       704     0    44     1    16
  4.4914626669707829E+00 a       705     0    45     1     1
  2.3541809743244371E+00 a       706     0    45     1     2
 -1.4899201231739491E+01 a       707     0    45     1     3
 -1.0257749188384082E+01 a       708     0    45     1     4
 -4.0644504152303975E+00 a       709     0    45     1     5
  6.4010285639269160E+00 a       710     0    45     1     6
 -2.5619598191355355E+01 a       711     0    45     1     7
 -1.8545701189585447E+01 a       712     0    45     1     8
  1.9351620399096646E+01 a       713     0    45     1     9
  1.5717226979518017E+01 a       714     0    45     1    10
  6.1059940033801574E+00 a       715     0    45     1    11
 -9.4829620382909106E+00 a       716     0    45     1    12
 -6.7312322047102207E+00 a       717     0    45     1    13
 -2.9091683351347806E+00 a       718     0    45     1    14
  5.9262222223540855E+00 a       719     0    45     1    15
 -4.5029560619039435E+00 a       720     0    45     1    16
  8.9913497912764520E+00 a       721     0    46     1     1
 -1.5622253903263731E+01 a       722     0    46     1     2
  3.5051468007383102E+00 a       723     0    46     1     3
 -8.3374381633775201E+00 a       724     0    46     1     4
  1.0432988129555707E+01 a       725     0    46     1     5
  2.5978986248045970E+01 a       726     0    46     1     6
 -1.2414223311884763E+01 a       727     0    46     1     7
 -6.0610142592333238E+00 a       728     0    46     1     8
  1.4758466786994825E+01 a       729     0    46     1     9
  2.1182996045646341E+01 a       730     0    46     1    10
 -3.6619809801022889E+00 a       731     0    46     1    11
  1.1872923123235671E+01 a       732     0    46     1    12
 -7.2913977440024516E+00 a       733     0    46     1    13
 -9.9924610878784836E+00 a       734     0    46     1    14
  7.0833842937246425E+00 a       735     0    46     1    15
  3.1167652187850701E+00 a       736     0    46     1    16
  8.0857247375229218E+00 a       737     0    47     1     1
 -3.9444363027281328E+00 a       738     0    47     1     2
 -4.9460908197454518E+00 a       739     0    47     1     3
  1.6698293083183189E+00 a       740     0    47     1     4
  3.0500563693691318E+00 a       741     0    47     1     5
 -1.9886251784869282E+00 a       742     0    47     1     6
  7.3778682165941545E+00 a       743     0    47     1     7
 -6.2495851547286012E+00 a       744     0    47     1     8
  8.9340325157582878E+00 a       745     0    47     1     9
 -6.2152414083428962E+00 a       746     0    47     1    10
 -7.8200586318899745E-01 a       747     0    47     1    11
  8.2200679613381187E+00 a       748     0    47     1    12
 -4.5201225637305766E+00 a       749     0    47     1    13
 -5.1932808613781587E+00 a       750     0    47     1    14
 -3.8371673407904583E-01 a       751     0    47     1    15
 -1.8858149788452314E+00 a       752     0    47     1    16
 -1.0105269037844375E+01 a       753     0    48     1     1
 -6.2815866488049075E+00 a       754     0    48     1     2
 -2.0995589720069869E+01 a       755     0    48     1     3
  2.2557444958902501E+01 a       756     0    48     1     4
  2.2152688346300784E+00 a       757     0    48     1     5
  1.8172365294122265E+01 a       758     0    48     1     6
 -1.1142393627559942E+01 a       759     0    48     1     7
 -1.7403558766294452E+01 a       760     0    48     1     8
 -2.6538586720896080E+00 a       761     0    48     1     9
  1.7448433407520863E+01 a       762     0    48     1    10
  2.3618129334814726E+00 a       763     0    48     1    11
 -1.2072956499312230E+01 a       764     0    48     1    12
 -8.4985686334318000E+00 a       765     0    48     1    13
 -7.6512437773125939E+00 a       766     0    48     1    14
  1.0635297541629635E+01 a       767     0    48     1    15
 -3.4043855135894823E+01 a       768     0    48     1    16
  3.7097634931259404E-01 a       769     0    49     1     1
  6.5640526004226574E-01 a       770     0    49     1     2
 -4.4738403506242386E-01 a       771     0    49     1     3
  3.7071227014599570E-02 a       772     0    49     1     4
 -1.3038391759427645E-01 a       773     0    49     1     5
 -1.1811952129847463E+00 a       774     0    49     1     6
  3.2172925700369297E+00 a       775     0    49     1     7
  1.7218803336188740E-01 a       776     0    49     1     8
 -6.8216100361430443E-01 a       777     0    49     1     9
  2.4956682591342392E+00 a       778     0    49     1    10
  1.4288267185970975E+00 a       779     0    49     1    11
  1.8232300549595613E+00 a       780     0    49     1    12
 -1.5625381740219910E-01 a       781     0    49     1    13
  3.5444345695645768E-01 a       782     0    49     1    14
 -1.1480680831689070E+00 a       783     0    49     1    15
 -2.0006945632998679E-01 a       784     0    49     1    16
  6.2492332060142020E-01 a       785     0    50     1     1
 -1.1729692627477302E+00 a       786     0    50     1     2
 -5.9478785162327852E-01 a       787     0    50     1     3
 -1.0342667304150552E+00 a       788     0    50     1     4
 -6.7051741233354473E-02 a       789     0    50     1     5
 -3.2726742058071623E-01 a       790     0    50     1     6
 -1.9626246883237295E+00 a       791     0    50     1     7
 -2.4462005551503392E+00 a       792     0    50     1     8
  1.8791326477796677E+00 a       793     0    50     1     9
  1.0271365286865937E+00 a       794     0    50     1    10
  6.5798654030258508E-01 a       795     0    50     1    11
 -2.2234528276792549E+00 a       796     0    50     1    12
 -1.2072849133921080E+00 a       797     0    50     1    13
 -7.8500804463776908E-01 a       798     0    50     1    14
  1.3410686942064078E+00 a       799     0    50     1    15
 -1.9756088001366283E+00 a       800     0    50     1    16
 -4.5195334803788674E+00 a       801     0    51     1     1
 -2.0751911051796048E+00 a       802     0    51     1     2
 -9.6227586515492869E-01 a       803     0    51     1     3
  5.0409493376526306E+00 a       804     0    51     1     4
  9.8854426190114686E-01 a       805     0    51     1     5
  3.4562173490118901E+00 a       806     0    51     1     6
 -3.6987815706850156E+00 a       807     0    51     1     7
  2.9719437827994004E+00 a       808     0    51     1     8
 -3.8397917280933713E+00 a       809     0    51     1     9
  2.6936353950987932E+00 a       810     0    51     1    10
  1.2497174008501999E+00 a       811     0    51     1    11
 -2.3198333183044282E+00 a       812     0    51     1    12
  1.6021649443920938E-01 a       813     0    51     1    13
  2.1725612815780981E+00 a       814     0    51     1    14
  3.0108114787754565E+00 a       815     0    51     1    15
 -4.7113465049129672E+00 a       816     0    51     1    16
 -1.3617812549256594E+00 a       817     0    52     1     1
 -6.9233886011097443E+00 a       818     0    52     1     2
  7.7908031708977132E+00 a       819     0    52     1     3
 -1.5213793223991372E+00 a       820     0    52     1     4
 -8.1442801556472340E+00 a       821     0    52     1     5
 -3.0290445841569418E+00 a       822     0    52     1     6
 -1.4138008777919270E+01 a       823     0    52     1     7
 -3.5285073842697616E+00 a       824     0    52     1     8
  3.1982444831134247E+00 a       825     0    52     1     9
  1.0338784457554944E+00 a       826     0    52     1    10
 -1.7901227678114060E+00 a       827     0    52     1    11
 -8.7862156135482739E+00 a       828     0    52     1    12
 -4.5970877847275293E+00 a       829     0    52     1    13
 -1.4445231346141322E+01 a       830     0    52     1    14
  5.2852392132750809E+00 a       831     0    52     1    15
 -2.8656599523496369E+00 a       832     0    52     1    16
  1.3853674672218645E+00 a       833     0    53     1     1
 -3.0272762688784455E-01 a       834     0    53     1     2
 -3.1296655776069687E-01 a       835     0    53     1     3
  2.7576738076446028E+00 a       836     0    53     1     4
 -2.8060398345773025E+00 a       837     0    53     1     5
  2.1144598943703397E+00 a       838     0    53     1     6
 -7.5216487423893144E+00 a       839     0    53     1     7
 -4.5987399067108514E-01 a       840     0    53     1     8
  4.1544040016688202E+00 a       841     0    53     1     9
  1.2847701879205498E+01 a       842     0    53     1    10
  9.6029334031600044E-01 a       843     0    53     1    11
 -3.8656973559038610E+00 a       844     0    53     1    12
 -5.7721922984276608E-01 a       845     0    53     1    13
  6.8709248717543714E-01 a       846     0    53     1    14
  2.2711926312764321E+00 a       847     0    53     1    15
  4.6084979560670009E-01 a       848     0    53     1    16
 -4.0114918585593919E+00 a       849     0    54     1     1
 -3.6071726622398752E+00 a       850     0    54     1     2
  4.6424002022008839E+00 a       851     0    54     1     3
  4.6050478267618420E+00 a       852     0    54     1     4
  1.6633526884397454E-01 a       853     0    54     1     5
  3.5677074761642773E+00 a       854     0    54     1     6
  6.1536426801504618E+00 a       855     0    54     1     7
  5.2222742632647794E+00 a       856     0    54     1     8
 -4.5041994473798344E+00 a       857     0    54     1     9
 -3.5470151474330847E-01 a       858     0    54     1    10
  7.2734271961399888E-01 a       859     0    54     1    11
 -1.7830022369860370E+00 a       860     0    54     1    12
  1.2247560154776076E+00 a       861     0    54     1    13
  2.6320308353529205E+00 a       862     0    54     1    14
  1.0992336375921461E+00 a       863     0    54     1    15
  3.8071418350147637E+00 a       864     0    54     1    16
 -4.3510591957617004E+00 a       865     0    55     1     1
  8.1785190345485557E+00 a       866     0    55     1     2
 -4.1658515673070315E+00 a       867     0    55     1     3
  5.9092865562107226E+00 a       868     0    55     1     4
 -7.7701163434269906E+00 a       869     0    55     1     5
 -1.0998032148950424E+01 a       870     0    55     1     6
  5.4943412041938240E+00 a       871     0    55     1     7
  7.6880373764418231E-01 a       872     0    55     1     8
 -6.4460109518710542E+00 a       873     0    55     1     9
 -1.1661626065233021E+01 a       874     0    55     1    10
  6.4678248762845651E+00 a       875     0    55     1    11
 -8.4367711537278183E+00 a       876     0    55     1    12
  3.9307076117887112E+00 a       877     0    55     1    13
  3.8713294953200879E+00 a       878     0    55     1    14
 -2.3196615567198919E+00 a       879     0    55     1    15
 -2.9465764899996114E+00 a       880     0    55     1    16
 -7.2078271918177332E+00 a       881     0    56     1     1
  2.1651824235138086E+00 a       882     0    56     1     2
  1.1486523212519097E+00 a       883     0    56     1     3
  1.0551266927287817E-01 a       884     0    56     1     4
 -2.5912065939969255E+00 a       885     0    56     1     5
  2.0740991940184785E+00 a       886     0    56     1     6
  1.3507726958867425E+00 a       887     0    56     1     7
  3.7639936645259597E+00 a       888     0    56     1     8
 -6.3953091840962593E+00 a       889     0    56     1     9
 -2.4610065134511427E+00 a       890     0    56     1    10
  1.7911702158386591E+00 a       891     0    56     1    11
 -7.0501417141762728E+00 a       892     0    56     1    12
  4.2426821056508706E+00 a       893     0    56     1    13
  2.9801458679724542E+00 a       894     0    56     1    14
 -1.4518448176688370E+00 a       895     0    56     1    15
 -9.4531949229084500E-01 a       896     0    56     1    16
 -5.9168048132512254E+00 a       897     0    57     1     1
  1.0393275355401245E+01 a       898     0    57     1     2
  6.8620211020644177E+00 a       899     0    57     1     3
 -2.0095883050085202E+01 a       900     0    57     1     4
  3.8830209553182771E+00 a       901     0    57     1     5
  4.2623874852334014E+00 a       902     0    57     1     6
  2.0013533161298181E+01 a       903     0    57     1     7
  1.4126754368938428E+01 a       904     0    57     1     8
 -1.2437182893800356E+00 a       905     0    57     1     9
  1.1523646236122125E-01 a       906     0    57     1    10
  8.5486749778093873E+00 a       907     0    57     1    11
  1.3918001700022753E+01 a       908     0    57     1    12
  1.7242386350489873E+01 a       909     0    57     1    13
  1.4596552408043520E+01 a       910     0    57     1    14
 -1.8433532368075333E+01 a       911     0    57     1    15
  2.3754722517113787E+01 a       912     0    57     1    16
  2.7286305307055834E+00 a       913     0    58     1     1
 -4.0235136509354597E+00 a       914     0    58     1     2
 -8.5910776037413406E-01 a       915     0    58     1     3
 -1.6290215938011002E+01 a       916     0    58     1     4
 -6.9145628067556447E-02 a       917     0    58     1     5
  7.2752565675668874E+00 a       918     0    58     1     6
 -1.6031269243622763E+01 a       919     0    58     1     7
 -1.2853193573413368E+01 a       920     0    58     1     8
  9.1832000080144507E+00 a       921     0    58     1     9
  8.2475319480606011E+00 a       922     0    58     1    10
  6.6575474938975008E+00 a       923     0    58     1    11
 -8.2733467828634506E+00 a       924     0    58     1    12
 -4.6340490492418800E+00 a       925     0    58     1    13
 -6.3072805023688838E-01 a       926     0    58     1    14
  1.0839321382315961E+00 a       927     0    58     1    15
  4.4823341087780194E-01 a       928     0    58     1    16
  8.7581514695628915E+00 a       929     0    59     1     1
 -7.9464744439374684E+00 a       930     0    59     1     2
  6.8856093777425054E+00 a       931     0    59     1     3
 -3.9793917687627061E+00 a       932     0    59     1     4
  8.3586239553823170E+00 a       933     0    59     1     5
  3.9327272016174168E+00 a       934     0    59     1     6
 -4.7671269075097884E+00 a       935     0    59     1     7
  1.2843190248368748E+00 a       936     0    59     1     8
  2.7272909464720638E+00 a       937     0    59     1     9
  8.2100951474242301E-01 a       938     0    59     1    10
  1.0714610794550954E+00 a       939     0    59     1    11
  1.8511150525964739E+00 a       940     0    59     1    12
  4.5795084287304016E-01 a       941     0    59     1    13
  3.8826226925781686E+00 a       942     0    59     1    14
 -2.4482785709611130E-02 a       943     0    59     1    15
  2.4225190209010181E-02 a       944     0    59     1    16
  2.3605273076490083E+00 a       945     0    60     1     1
  2.7708671165527803E+00 a       946     0    60     1     2
  1.8296142745457091E+00 a       947     0    60     1     3
  1.7090465900208351E+00 a       948     0    60     1     4
  1.5683734518818973E+00 a       949     0    60     1     5
 -3.9069728765200820E+00 a       950     0    60     1     6
  9.3111591505123243E+00 a       951     0    60     1     7
 -1.9863861298002911E-01 a       952     0    60     1     8
  5.1731114172958004E-01 a       953     0    60     1     9
 -2.4146199567774254E+00 a       954     0    60     1    10
 -5.3491795235367565E+00 a       955     0    60     1    11
  1.0795763439415094E+00 a       956     0    60     1    12
  1.0965260411584581E+00 a       957     0    60     1    13
  1.1915056949635652E+01 a       958     0    60     1    14
 -4.3480656091777750E+00 a       959     0    60     1    15
 -2.3291163692708117E+00 a       960     0    60     1    16
  4.5395528117171524E-01 a       961     0    61     1     1
  5.7337799754356999E-01 a       962     0    61     1     2
  1.4177674473629600E+00 a       963     0    61     1     3
 -6.7836819186629649E-01 a       964     0    61     1     4
  7.0900519617929492E-01 a       965     0    61     1     5
 -8.9170175005805008E-01 a       966     0    61     1     6
  1.9615434954803392E+00 a       967     0    61     1     7
 -4.7946418078806313E-01 a       968     0    61     1     8
 -9.7403508458017440E-01 a       969     0    61     1     9
  3.1886584265088747E-01 a       970     0    61     1    10
  1.3433705685066990E+00 a       971     0    61     1    11
 -6.6252986358500887E-01 a       972     0    61     1    12
  2.2989178584185002E+00 a       973     0    61     1    13
  4.4486292881031844E+00 a       974     0    61     1    14
 -1.3463734086291634E+00 a       975     0    61     1    15
 -2.0123384550084875E+00 a       976     0    61     1    16
  5.0503418720253066E+00 a       977     0    62     1     1
 -1.1041773965409294E+00 a       978     0    62     1     2
  6.0881553459285440E+00 a       979     0    62     1     3
  6.7865635986610631E+00 a       980     0    62     1     4
  3.9915842874221470E+00 a       981     0    62     1     5
 -1.3191386066180655E+01 a       982     0    62     1     6
  1.1582583224074682E+01 a       983     0    62     1     7
  4.4166410825650475E+00 a       984     0    62     1     8
 -8.5489861085826053E+00 a       985     0    62     1     9
 -1.0950027265803286E+01 a       986     0    62     1    10
 -2.3027949168434350E-01 a       987     0    62     1    11
  9.8793389073544482E+00 a       988     0    62     1    12
  4.7230452844436295E+00 a       989     0    62     1    13
 -1.8267152969520504E+00 a       990     0    62     1    14
 -4.8799160301836675E-01 a       991     0    62     1    15
 -4.1891632836583010E+00 a       992     0    62     1    16
  1.7756828264409157E+00 a       993     0    63     1     1
  8.5094062950607674E-01 a       994     0    63     1     2
  9.6222041483791698E-01 a       995     0    63     1     3
 -5.0890406703276536E-01 a       996     0    63     1     4
 -1.9906408600480510E-01 a       997     0    63     1     5
  1.4176702011949223E+00 a       998     0    63     1     6
 -8.2561563058170684E+00 a       999     0    63     1     7
 -1.2861775935475388E+00 a      1000     0    63     1     8
 -3.2831325868243388E-01 a      1001     0    63     1     9
  1.1783805888475541E+01 a      1002     0    63     1    10
  1.9073198492786829E+00 a      1003     0    63     1    11
  1.6700738548208629E+00 a      1004     0    63     1    12
 -1.5054231357581307E+00 a      1005     0    63     1    13
 -2.4001634535249239E+00 a      1006     0    63     1    14
  3.4114620468534804E+00 a      1007     0    63     1    15
  3.6417191851575881E+00 a      1008     0    63     1    16
  1.1925326355958255E+01 a      1009     0    64     1     1
 -6.8534661566006472E+00 a      1010     0    64     1     2
  2.3553031010882335E+00 a      1011     0    64     1     3
  7.9683509773903740E+00 a      1012     0    64     1     4
 -6.5625902621135239E+00 a      1013     0    64     1     5
 -9.9048331689780014E+00 a      1014     0    64     1     6
 -1.5757559391389696E+01 a      1015     0    64     1     7
 -5.6669259036307320E+00 a      1016     0    64     1     8
  2.0697669615085297E+00 a      1017     0    64     1     9
 -9.6909466835055902E+00 a      1018     0    64     1    10
 -7.7573456564791217E+00 a      1019     0    64     1    11
 -1.0828969601904125E+01 a      1020     0    64     1    12
 -1.0456996006495190E+01 a      1021     0    64     1    13
 -1.5090152579925443E+01 a      1022     0    64     1    14
  1.3305715686120696E+01 a      1023     0    64     1    15
 -8.4804163875365077E+00 a      1024     0    64     1    16
  4.0634095295331379E-01 b      1025     1     1
  2.3968187088168297E-01 b      1026     1     2
  3.3325387821918551E-01 b      1027     1     3
 -2.4253707465748575E-01 b      1028     1     4
  1.7424584822172862E-01 b      1029     1     5
 -2.7976516749612995E-01 b      1030     1     6
  2.1748824252286214E-01 b      1031     1     7
  1.0066891892866224E-01 b      1032     1     8
 -8.5161126869859285E-02 b      1033     1     9
  8.1770751206849245E-03 b      1034     1    10
 -5.6540794650710548E-03 b      1035     1    11
  5.9282800700784247E-02 b      1036     1    12
  6.8199282989032661E-01 b      1037     1    13
  1.4316949416043229E-01 b      1038     1    14
  1.3720174383576436E-01 b      1039     1    15
  7.2555570849871881E-02 b      1040     1    16
 -1.0144079152826300E+00 a      1041     1     1     2     1
  9.8714952687292123E-01 a      1042     1     1     2     2
 -4.8750685657182458E-01 a      1043     1     1     2     3
  3.7771961067154464E-01 a      1044     1     1     2     4
  3.1988534254269292E-02 a      1045     1     1     2     5
  3.0024275704667980E-01 a      1046     1     1     2     6
 -1.8732193457257407E+00 a      1047     1     1     2     7
  7.4549924282242919E-01 a      1048     1     1     2     8
  5.7699423090982993E-01 a      1049     1     1     2     9
  9.0522590060698113E-02 a      1050     1     1     2    10
  4.6685426092164550E-01 a      1051     1     1     2    11
  4.4180715067524257E-01 a      1052     1     1     2    12
  1.4028316360040402E-01 a      1053     1     1     2    13
  8.1589558159756082E-01 a      1054     1     1     2    14
  4.2702570302849779E-01 a      1055     1     1     2    15
 -1.4175849401263466E-01 a      1056     1     1     2    16
  8.0558419543128656E-01 a      1057     1     2     2     1
 -8.2848533067630337E-01 a      1058     1     2     2     2
  9.9139945391139517E-02 a      1059     1     2     2     3
 -3.3032263598603051E-01 a      1060     1     2     2     4
  2.1776781706494183E-01 a      1061     1     2     2     5
  2.2383112396450322E-01 a      1062     1     2     2     6
  1.3557460152344165E+00 a      1063     1     2     2     7
 -8.5572285703441511E-02 a      1064     1     2     2     8
 -6.4968676632713507E-01 a      1065     1     2     2     9
 -1.2720986994558943E+00 a      1066     1     2     2    10
  1.4128489727679490E+00 a      1067     1     2     2    11
 -6.5782190170619035E-04 a      1068     1     2     2    12
  1.0375036355107770E-02 a      1069     1     2     2    13
 -5.9464214041248997E-03 a      1070     1     2     2    14
 -5.1322268400270732E-01 a      1071     1     2     2    15
 -4.6954465854615646E-01 a      1072     1     2     2    16
  7.9224401028517877E-01 a      1073     1     3     2     1
 -1.2413879983458311E-02 a      1074     1     3     2     2
 -5.0464365044887471E-01 a      1075     1     3     2     3
 -8.3591737131405763E-01 a      1076     1     3     2     4
  5.0833925939274505E-01 a      1077     1     3     2     5
 -3.7958551728883255E-01 a      1078     1     3     2     6
 -4.4727244637846258E-01 a      1079     1     3     2     7
 -7.3171754342745654E-01 a      1080     1     3     2     8
  2.7959259289067445E-01 a      1081     1     3     2     9
  1.4546227394629905E+00 a      1082     1     3     2    10
  8.5364402485048607E-01 a      1083     1     3     2    11
 -6.6407775390181681E-02 a      1084     1     3     2    12
 -1.7066916836638291E+00 a      1085     1     3     2    13
 -9.9623458780522600E-01 a      1086     1     3     2    14
  1.0380227434747649E+00 a      1087     1     3     2    15
 -2.2188784702548964E-01 a      1088     1     3     2    16
  1.2362851958563884E-01 a      1089     1     4     2     1
 -4.6530396328587093E-01 a      1090     1     4     2     2
  9.0320375522509572E-02 a      1091     1     4     2     3
  1.9076117248236782E-02 a      1092     1     4     2     4
 -7.9064886938939274E-02 a      1093     1     4     2     5
  5.4467384504085270E-01 a      1094     1     4     2     6
 -7.5129063597996959E-01 a      1095     1     4     2     7
  2.4641777466841450E-01 a      1096     1     4     2     8
 -1.5109589247225588E+00 a      1097     1     4     2     9
 -5.3373440304328723E-02 a      1098     1     4     2    10
 -4.7910391201313733E-02 a      1099     1     4     2    11
 -5.1467520236186970E-01 a      1100     1     4     2    12
 -1.2914661216074006E+00 a      1101     1     4     2    13
 -2.4378109392288591E-01 a      1102     1     4     2    14
 -3.2594014873830174E-01 a      1103     1     4     2    15
 -1.2151028684312533E-02 a      1104     1     4     2    16
  6.0760843088391514E-01 a      1105     1     5     2     1
  9.0425239683854264E-01 a      1106     1     5     2     2
 -6.4401985451980004E-02 a      1107     1     5     2     3
  8.3202220499537227E-01 a      1108     1     5     2     4
 -6.1526456885376180E-01 a      1109     1     5     2     5
 -4.2161622842879665E-01 a      1110     1     5     2     6
  9.8046621847229787E-02 a      1111     1     5     2     7
 -3.3133478021125408E-02 a      1112     1     5     2     8
  6.2348802889915907E-02 a      1113     1     5     2     9
 -4.3376891291545039E-01 a      1114     1     5     2    10
  3.7149937253534273E+00 a      1115     1     5     2    11
  2.3109838017159981E-01 a      1116     1     5     2    12
 -2.7140118564566501E-01 a      1117     1     5     2    13
 -6.1761922412080539E-01 a      1118     1     5     2    14
 -1.2412038396649585E+00 a      1119     1     5     2    15
 -5.7432101811341474E-01 a      1120     1     5     2    16
 -1.5600023138366287E-01 a      1121     1     6     2     1
  4.9111482085246344E-01 a      1122     1     6     2     2
 -4.2431693267714299E-01 a      1123     1     6     2     3
 -1.0509705943246629E-01 a      1124     1     6     2     4
  4.3906297128006658E-02 a      1125     1     6     2     5
 -4.8626468598398742E-01 a      1126     1     6     2     6
 -3.3430006876415280E-01 a      1127     1     6     2     7
 -8.0731979480327010E-01 a      1128     1     6     2     8
  5.0156276315411363E-01 a      1129     1     6     2     9
  1.3153600075565246E+00 a      1130     1     6     2    10
 -1.6172847017022471E+00 a      1131     1     6     2    11
  2.7137616657438651E-01 a      1132     1     6     2    12
 -6.8257213813648820E-01 a      1133     1     6     2    13
 -3.9249161501618895E-01 a      1134     1     6     2    14
  1.9904855167869047E+00 a      1135     1     6     2    15
 -4.2562399347393358E-02 a      1136     1     6     2    16
  3.0178303281170288E-01 a      1137     1     7     2     1
  2.6032876200232064E-01 a      1138     1     7     2     2
 -5.1093298655706987E-01 a      1139     1     7     2     3
 -9.2585231000743862E-01 a      1140     1     7     2     4
 -2.7311549792395062E-01 a      1141     1     7     2     5
 -1.0863174187362044E+00 a      1142     1     7     2     6
  4.1039092766230445E-01 a      1143     1     7     2     7
 -1.9114287646185307E-01 a      1144     1     7     2     8
  1.0580310638075325E+00 a      1145     1     7     2     9
  8.3283414051306037E-01 a      1146     1     7     2    10
 -2.1554779873541587E+00 a      1147     1     7     2    11
 -3.8683673426965143E-01 a      1148     1     7     2    12
 -1.2263183181794424E+00 a      1149     1     7     2    13
 -7.9981523082856831E-01 a      1150     1     7     2    14
  5.7009510142695197E-01 a      1151     1     7     2    15
 -5.5003188261349190E-01 a      1152     1     7     2    16
 -7.0400943825708406E-01 a      1153     1     8     2     1
  9.2178186268321960E-01 a      1154     1     8     2     2
 -2.0642201108589056E-01 a      1155     1     8     2     3
  1.4266930176989550E+00 a      1156     1     8     2     4
  6.9000361583896552E-01 a      1157     1     8     2     5
  7.4064025993075655E-01 a      1158     1     8     2     6
 -8.5386108648200854E-01 a      1159     1     8     2     7
  3.9933045634188591E-02 a      1160     1     8     2     8
  1.9308867833272947E-01 a      1161     1     8     2     9
  3.5535854579684512E-01 a      1162     1     8     2    10
  6.7271653714015278E-01 a      1163     1     8     2    11
  1.1467020988789269E+00 a      1164     1     8     2    12
  1.8474071059745711E+00 a      1165     1     8     2    13
  1.6658273155422398E+00 a      1166     1     8     2    14
 -6.8922003412980160E-02 a      1167     1     8     2    15
  1.4851183008043428E-01 a      1168     1     8     2    16
  1.9192045325165332E+00 a      1169     1     9     2     1
 -5.0647843217262889E-01 a      1170     1     9     2     2
  1.2279290490676635E+00 a      1171     1     9     2     3
 -8.1050141652658081E-01 a      1172     1     9     2     4
  3.7879101723118069E-01 a      1173     1     9     2     5
  8.2975685117579079E-01 a      1174     1     9     2     6
  6.7703810936225614E-02 a      1175     1     9     2     7
 -6.0861165757745928E-01 a      1176     1     9     2     8
 -2.2295320782799020E+00 a      1177     1     9     2     9
  1.0343876427421677E+00 a      1178     1     9     2    10
 -2.7877687151716896E-01 a      1179     1     9     2    11
 -1.0419155820946430E-01 a      1180     1     9     2    12
  3.3675629436330889E-01 a      1181     1     9     2    13
  8.5623177340350493E-02 a      1182     1     9     2    14
 -9.0031114149829161E-01 a      1183     1     9     2    15
  4.8668587822798198E-01 a      1184     1     9     2    16
 -4.7724328094554747E-01 a      1185     1    10     2     1
  7.9210840165263718E-01 a      1186     1    10     2     2
 -1.0699173644843961E-01 a      1187     1    10     2     3
  4.0910021154325504E-01 a      1188     1    10     2     4
 -2.3522273746875569E-01 a      1189     1    10     2     5
 -6.9716014338454912E-01 a      1190     1    10     2     6
  7.2160104382967094E-01 a      1191     1    10     2     7
  4.5098909971816370E-02 a      1192     1    10     2     8
  2.6737937416086666E-01 a      1193     1    10     2     9
  8.2279909518434446E-02 a      1194     1    10     2    10
 -3.5491271250550144E-01 a      1195     1    10     2    11
  6.3119156053361880E-01 a      1196     1    10     2    12
 -7.1359454088527774E-01 a      1197     1    10     2    13
 -6.7927770854487723E-01 a      1198     1    10     2    14
 -8.8781534647005644E-01 a      1199     1    10     2    15
 -5.1820751087774586E-01 a      1200     1    10     2    16
  1.0179422564208453E-01 a      1201     1    11     2     1
  8.2743565723916071E-02 a      1202     1    11     2     2
 -4.5110491447331386E-01 a      1203     1    11     2     3
  1.3756788144153462E-01 a      1204     1    11     2     4
 -8.4413387955816033E-01 a      1205     1    11     2     5
  9.8431320622393204E-01 a      1206     1    11     2     6
 -4.3485086696889363E-01 a      1207     1    11     2     7
  6.7431152997678279E-01 a      1208     1    11     2     8
 -1.4850000353037787E+00 a      1209     1    11     2     9
 -6.2923655930194011E-01 a      1210     1    11     2    10
  4.3878453298481640E-01 a      1211     1    11     2    11
  8.1782119472683892E-02 a      1212     1    11     2    12
 -1.6997726062512004E-02 a      1213     1    11     2    13
  1.2742858735172891E-01 a      1214     1    11     2    14
 -5.9106969691044020E-01 a      1215     1    11     2    15
  1.0320364447191634E+00 a      1216     1    11     2    16
  1.2511645096891202E-01 a      1217     1    12     2     1
  3.3547775846130468E-01 a      1218     1    12     2     2
  9.7777323211310041E-01 a      1219     1    12     2     3
  5.4987753417131660E-04 a      1220     1    12     2     4
  5.1698304312233700E-01 a      1221     1    12     2     5
 -2.0665950485157275E-01 a      1222     1    12     2     6
  1.1775754619555474E+00 a      1223     1    12     2     7
 -1.0419435978564342E+00 a      1224     1    12     2     8
  1.7214981738141999E-01 a      1225     1    12     2     9
 -6.7044185690658520E-01 a      1226     1    12     2    10
 -2.3301976422111811E-01 a      1227     1    12     2    11
 -6.1253697826992970E-01 a      1228     1    12     2    12
  9.5432648325554514E-01 a      1229     1    12     2    13
 -1.2609529734301353E-01 a      1230     1    12     2    14
  7.7200791743624791E-02 a      1231     1    12     2    15
  2.7585661551267515E-01 a      1232     1    12     2    16
  9.4516326591572253E-01 a      1233     1    13     2     1
 -6.1007678518777664E-01 a      1234     1    13     2     2
  1.3741675266969560E+00 a      1235     1    13     2     3
 -5.2964632482688101E-01 a      1236     1    13     2     4
 -1.0068235975374229E+00 a      1237     1    13     2     5
  1.4564911899578181E-01 a      1238     1    13     2     6
  1.1813739334261679E+00 a      1239     1    13     2     7
  1.9512130699412439E-01 a      1240     1    13     2     8
 -7.3230555658561991E-01 a      1241     1    13     2     9
 -5.7759545620348285E-01 a      1242     1    13     2    10
  1.6325344026125430E-01 a      1243     1    13     2    11
 -4.0580752684942267E-01 a      1244     1    13     2    12
  3.7513295960781384E-01 a      1245     1    13     2    13
 -2.5995148429778431E-01 a      1246     1    13     2    14
 -2.2479084938977549E+00 a      1247     1    13     2    15
 -3.1276879925142942E-02 a      1248     1    13     2    16
 -9.1190923529780099E-01 a      1249     1    14     2     1
 -2.8182343833461198E-02 a      1250     1    14     2     2
 -6.1318275802271294E-01 a      1251     1    14     2     3
  2.9845479122109986E-01 a      1252     1    14     2     4
 -1.0107061259858967E+00 a      1253     1    14     2     5
 -7.8948417703531226E-01 a      1254     1    14     2     6
  9.8189453859080206E-02 a      1255     1    14     2     7
 -1.7500391449617467E-01 a      1256     1    14     2     8
  1.9741559141144123E+00 a      1257     1    14     2     9
 -9.3315148306240422E-02 a      1258     1    14     2    10
 -1.4157188926971755E+00 a      1259     1    14     2    11
  5.2835416877974939E-01 a      1260     1    14     2    12
 -3.1125718714216372E-01 a      1261     1    14     2    13
 -3.5051885762132684E-01 a      1262     1    14     2    14
  9.8230797999398145E-01 a      1263     1    14     2    15
 -3.6731714411195171E-01 a      1264     1    14     2    16
 -2.6738154716888884E-01 a      1265     1    15     2     1
 -3.9616186158643246E-01 a      1266     1    15     2     2
  1.4569787287917027E-01 a      1267     1    15     2     3
 -9.2416600979430885E-01 a      1268     1    15     2     4
  9.7903635117688770E-01 a      1269     1    15     2     5
 -1.1047090871295551E+00 a      1270     1    15     2     6
  1.1046723200233814E+00 a      1271     1    15     2     7
 -1.0027314849794950E+00 a      1272     1    15     2     8
 -1.2694570799164698E-01 a      1273     1    15     2     9
 -2.6857476673749253E-01 a      1274     1    15     2    10
  1.0126286850072335E+00 a      1275     1    15     2    11
  5.6688508873528898E-01 a      1276     1    15     2    12
  1.2775004966081807E-01 a      1277     1    15     2    13
 -8.6792793758192710E-01 a      1278     1    15     2    14
  2.2796273053153915E-01 a      1279     1    15     2    15
 -3.7603973622624215E-01 a      1280     1    15     2    16
  1.3158496511546683E-01 a      1281     1    16     2     1
  5.7155607234108086E-01 a      1282     1    16     2     2
  6.4493696984360624E-02 a      1283     1    16     2     3
 -9.0488433411774571E-01 a      1284     1    16     2     4
 -2.9279958463148587E-01 a      1285     1    16     2     5
  2.5142642992451808E-01 a      1286     1    16     2     6
  3.7847814420926978E-01 a      1287     1    16     2     7
  5.1659017654517148E-01 a      1288     1    16     2     8
  3.6061096226437211E-01 a      1289     1    16     2     9
 -7.1556306929692086E-03 a      1290     1    16     2    10
 -1.8500383918617425E+00 a      1291     1    16     2    11
 -9.3592737133630388E-01 a      1292     1    16     2    12
  4.8072491591812771E-03 a      1293     1    16     2    13
  3.0585414153893836E-01 a      1294     1    16     2    14
 -4.3159639680632390E-02 a      1295     1    16     2    15
  4.4646568912563585E-02 a      1296     1    16     2    16
 -3.1453914112340503E-01 b      1297     2     1
 -9.0964682316439671E-01 b      1298     2     2
  5.0031863110931885E-01 b      1299     2     3
 -9.3428122222503518E-01 b      1300     2     4
 -9.1216921758978486E-01 b      1301     2     5
  1.5233848615575198E+00 b      1302     2     6
 -1.8947174623512562E+00 b      1303     2     7
 -2.4558169212487468E-01 b      1304     2     8
  3.2696133642838016E-01 b      1305     2     9
  9.8156169146253802E-01 b      1306     2    10
 -1.7940220157504854E+00 b      1307     2    11
  1.2236542707154099E+00 b      1308     2    12
 -1.7739495278247483E-01 b      1309     2    13
 -6.2291076156030745E-01 b      1310     2    14
  1.0542127263839136E+00 b      1311     2    15
  1.1225237367008951E+00 b      1312     2    16
 -8.6133142388522585E-02 a      1313     2     1     3     1
 -5.2992664015469967E-02 a      1314     2     2     3     1
  1.3359989239779305E-01 a      1315     2     3     3     1
  3.2016969976429510E-01 a      1316     2     4     3     1
 -8.4851548839552690E-02 a      1317     2     5     3     1
 -1.7200153987534272E-01 a      1318     2     6     3     1
  2.6883177172953496E-02 a      1319     2     7     3     1
  3.2811097220891228E-01 a      1320     2     8     3     1
  3.7759081590454410E-03 a      1321     2     9     3     1
  7.5205256978169918E-02 a      1322     2    10     3     1
  1.3670599819707783E-02 a      1323     2    11     3     1
 -6.0076934163128370E-02 a      1324     2    12     3     1
 -2.0845886191230739E-01 a      1325     2    13     3     1
  6.4426984856783109E-01 a      1326     2    14     3     1
 -3.0202110817936518E-02 a      1327     2    15     3     1
  2.1044775101836832E-01 a      1328     2    16     3     1
 -9.6967393195879728E-02 b      1329     3     1
