0.000000000000000000e+00 1.145134093232796658e+04
1.000000000000000000e+00 7.604282892584759423e+00
2.000000000000000000e+00 6.063763776160167929e+00
3.000000000000000000e+00 4.639498114070200074e+00
4.000000000000000000e+00 5.265470614768927859e+00
5.000000000000000000e+00 4.804476626343216594e+00
6.000000000000000000e+00 4.041124405845479828e+00
7.000000000000000000e+00 3.989340216906423819e+00
8.000000000000000000e+00 3.494332325017320162e+00
9.000000000000000000e+00 3.550972956870240171e+00
1.000000000000000000e+01 3.599459534239255465e+00
1.100000000000000000e+01 3.373798628825031898e+00
1.200000000000000000e+01 3.523793464612287263e+00
1.300000000000000000e+01 3.539500310839232000e+00
1.400000000000000000e+01 3.294172622541463813e+00
1.500000000000000000e+01 3.712512548856103489e+00
1.600000000000000000e+01 3.552995823945416021e+00
1.700000000000000000e+01 3.301856437098463992e+00
1.800000000000000000e+01 3.525901721010455958e+00
1.900000000000000000e+01 3.432568143305191555e+00
2.000000000000000000e+01 3.462119026044591763e+00
2.100000000000000000e+01 3.480544153476216263e+00
2.200000000000000000e+01 3.485469631671287871e+00
2.300000000000000000e+01 3.468458271695384010e+00
2.400000000000000000e+01 3.519665116700112062e+00
2.500000000000000000e+01 3.652430302789015482e+00
2.600000000000000000e+01 3.617072483492631996e+00
2.700000000000000000e+01 3.420028838232767932e+00
2.800000000000000000e+01 3.479993857657583956e+00
2.900000000000000000e+01 3.433110003594783688e+00
3.000000000000000000e+01 3.444132682179967819e+00
3.100000000000000000e+01 3.345898252582152121e+00
3.200000000000000000e+01 3.408349821065503438e+00
3.300000000000000000e+01 3.376885733128447864e+00
3.400000000000000000e+01 3.361538485341063698e+00
3.500000000000000000e+01 3.336271055402640240e+00
3.600000000000000000e+01 3.333147569478815964e+00
3.700000000000000000e+01 3.318369992015472114e+00
3.800000000000000000e+01 3.267163119799359805e+00
3.900000000000000000e+01 3.260189277462303803e+00
4.000000000000000000e+01 3.316189843140775917e+00
4.100000000000000000e+01 3.280317021190807925e+00
4.200000000000000000e+01 3.244269583789711753e+00
4.300000000000000000e+01 3.280107820070615965e+00
4.400000000000000000e+01 3.334650889599279466e+00
4.500000000000000000e+01 3.369926040711071380e+00
4.600000000000000000e+01 3.421571560437263848e+00
4.700000000000000000e+01 3.373233421167967538e+00
4.800000000000000000e+01 3.387755102776175864e+00
4.900000000000000000e+01 3.398896749532207995e+00
5.000000000000000000e+01 3.393619210450943502e+00
5.100000000000000000e+01 3.394512750667351586e+00
5.200000000000000000e+01 3.421648922401975934e+00
5.300000000000000000e+01 3.571116183876240413e+00
5.400000000000000000e+01 3.684511953085951586e+00
5.500000000000000000e+01 3.603505213966839982e+00
5.600000000000000000e+01 3.598573830901439674e+00
5.700000000000000000e+01 3.433040560142816222e+00
5.800000000000000000e+01 3.442475781008208280e+00
5.900000000000000000e+01 3.341675671647184043e+00
6.000000000000000000e+01 3.355101768512783966e+00
6.100000000000000000e+01 3.346477038719831487e+00
6.200000000000000000e+01 3.343714321325079730e+00
6.300000000000000000e+01 3.359549169902359633e+00
6.400000000000000000e+01 3.346189441602335890e+00
6.500000000000000000e+01 3.346938897540463476e+00
6.600000000000000000e+01 3.370509670475103636e+00
6.700000000000000000e+01 3.328466612780367928e+00
6.800000000000000000e+01 3.305181123995584169e+00
6.900000000000000000e+01 3.301530526352295603e+00
7.000000000000000000e+01 3.298944682953544039e+00
7.100000000000000000e+01 3.306623545038655632e+00
7.200000000000000000e+01 3.306189142504480039e+00
7.300000000000000000e+01 3.272117251581783570e+00
7.400000000000000000e+01 3.298797850325480230e+00
7.500000000000000000e+01 3.392231048907567992e+00
7.600000000000000000e+01 3.346274368331799920e+00
7.700000000000000000e+01 3.347086655355584028e+00
7.800000000000000000e+01 3.326711641780671691e+00
7.900000000000000000e+01 3.352215538646055926e+00
8.000000000000000000e+01 3.313942563781751893e+00
8.100000000000000000e+01 3.338274765663479915e+00
8.200000000000000000e+01 3.389046663906351675e+00
8.300000000000000000e+01 3.730966656411687676e+00
8.400000000000000000e+01 3.665375982670095567e+00
8.500000000000000000e+01 3.733981623336120492e+00
8.600000000000000000e+01 3.496385396728736161e+00
8.700000000000000000e+01 3.490530568135911782e+00
8.800000000000000000e+01 3.451482395364215972e+00
8.900000000000000000e+01 3.342544313447231907e+00
9.000000000000000000e+01 3.349093494925583947e+00
9.100000000000000000e+01 3.361625126387719931e+00
9.200000000000000000e+01 3.361246099019983724e+00
9.300000000000000000e+01 3.381914342468880008e+00
9.400000000000000000e+01 3.366950503082055679e+00
9.500000000000000000e+01 3.409336832385952309e+00
9.600000000000000000e+01 3.419976837277943549e+00
9.700000000000000000e+01 3.398008515535679841e+00
9.800000000000000000e+01 3.391246350554759648e+00
9.900000000000000000e+01 3.408305575355120354e+00
1.000000000000000000e+02 3.382017038232095540e+00
1.010000000000000000e+02 3.389183782070327666e+00
1.020000000000000000e+02 3.418277431924375609e+00
1.030000000000000000e+02 3.426533501886895206e+00
1.040000000000000000e+02 3.422352853694671460e+00
1.050000000000000000e+02 3.421739318619624104e+00
1.060000000000000000e+02 3.424675780701215810e+00
1.070000000000000000e+02 3.416607904670440288e+00
1.080000000000000000e+02 3.405862754990672592e+00
1.090000000000000000e+02 3.401315787147039860e+00
1.100000000000000000e+02 3.426440765490223583e+00
1.110000000000000000e+02 3.423706075820992289e+00
1.120000000000000000e+02 3.405981695950135890e+00
1.130000000000000000e+02 3.395945266766647652e+00
1.140000000000000000e+02 3.404188819492528051e+00
1.150000000000000000e+02 3.402586966950599923e+00
1.160000000000000000e+02 3.401592581345088462e+00
1.170000000000000000e+02 3.408613390530927933e+00
1.180000000000000000e+02 3.401402237714007626e+00
1.190000000000000000e+02 3.398066067612840246e+00
1.200000000000000000e+02 3.395223811342655384e+00
1.210000000000000000e+02 3.415471013046919690e+00
1.220000000000000000e+02 3.427016177416287501e+00
1.230000000000000000e+02 3.465818114374167980e+00
1.240000000000000000e+02 3.451084891466743798e+00
1.250000000000000000e+02 3.465034861897112073e+00
1.260000000000000000e+02 3.454234200993983261e+00
1.270000000000000000e+02 3.465238974488495938e+00
1.280000000000000000e+02 3.470513193780912164e+00
1.290000000000000000e+02 3.473612434361592172e+00
1.300000000000000000e+02 3.479046112364247545e+00
1.310000000000000000e+02 3.493296578108127992e+00
1.320000000000000000e+02 3.493275326017224014e+00
1.330000000000000000e+02 3.495212069062040072e+00
1.340000000000000000e+02 3.506102092150223726e+00
1.350000000000000000e+02 3.508566219028344424e+00
1.360000000000000000e+02 3.532528699835663755e+00
1.370000000000000000e+02 3.558051916783687485e+00
1.380000000000000000e+02 3.561103210905759653e+00
1.390000000000000000e+02 3.552804146956519471e+00
1.400000000000000000e+02 3.550898588157768376e+00
1.410000000000000000e+02 3.555891741064847622e+00
1.420000000000000000e+02 3.560024497221232487e+00
1.430000000000000000e+02 3.554386869895496126e+00
1.440000000000000000e+02 3.540179996788783257e+00
1.450000000000000000e+02 3.546783927571743877e+00
1.460000000000000000e+02 3.547418823583231351e+00
1.470000000000000000e+02 3.545885434883448095e+00
1.480000000000000000e+02 3.539376036448504514e+00
1.490000000000000000e+02 3.533574732648007810e+00
1.500000000000000000e+02 3.528567892414776086e+00
1.510000000000000000e+02 3.528755841444064068e+00
1.520000000000000000e+02 3.532130597287744145e+00
1.530000000000000000e+02 3.526627421410351459e+00
1.540000000000000000e+02 3.545350486285391955e+00
1.550000000000000000e+02 3.551507932679679680e+00
1.560000000000000000e+02 3.553092995797680231e+00
1.570000000000000000e+02 3.562134957741503793e+00
1.580000000000000000e+02 3.573162969757952112e+00
1.590000000000000000e+02 3.571368460617303509e+00
1.600000000000000000e+02 3.568578967220695564e+00
1.610000000000000000e+02 3.568410365485432223e+00
1.620000000000000000e+02 3.580798211994511870e+00
1.630000000000000000e+02 3.589245251449943996e+00
1.640000000000000000e+02 3.581936981203527992e+00
1.650000000000000000e+02 3.588822522599503628e+00
1.660000000000000000e+02 3.573580147486055569e+00
1.670000000000000000e+02 3.574047230892415605e+00
1.680000000000000000e+02 3.580698128524159696e+00
1.690000000000000000e+02 3.585642246517271037e+00
1.700000000000000000e+02 3.582329287726655931e+00
1.710000000000000000e+02 3.584937090712295493e+00
1.720000000000000000e+02 3.588999478229655704e+00
1.730000000000000000e+02 3.590567561444040212e+00
1.740000000000000000e+02 3.588270104292919704e+00
1.750000000000000000e+02 3.592853072797583813e+00
1.760000000000000000e+02 3.600341727308535855e+00
1.770000000000000000e+02 3.588545429076231752e+00
1.780000000000000000e+02 3.587483532027015976e+00
1.790000000000000000e+02 3.596824519869616044e+00
1.800000000000000000e+02 3.590439286979863809e+00
1.810000000000000000e+02 3.584001726598680104e+00
1.820000000000000000e+02 3.583055396297311734e+00
1.830000000000000000e+02 3.585992620297655975e+00
1.840000000000000000e+02 3.579089718038688250e+00
1.850000000000000000e+02 3.576049771063744220e+00
1.860000000000000000e+02 3.568797175308991765e+00
1.870000000000000000e+02 3.582727090949351823e+00
1.880000000000000000e+02 3.578292587755792287e+00
1.890000000000000000e+02 3.580398095804175895e+00
1.900000000000000000e+02 3.576032138086911782e+00
1.910000000000000000e+02 3.581012556066280439e+00
1.920000000000000000e+02 3.577883655077040093e+00
1.930000000000000000e+02 3.574824741767447911e+00
1.940000000000000000e+02 3.576724939923551894e+00
1.950000000000000000e+02 3.585671145007079730e+00
1.960000000000000000e+02 3.581231009057031400e+00
1.970000000000000000e+02 3.598525449060687720e+00
1.980000000000000000e+02 3.616394729551344334e+00
1.990000000000000000e+02 3.608843434434423791e+00
2.000000000000000000e+02 3.611992798384431769e+00
2.010000000000000000e+02 3.610604500784136306e+00
2.020000000000000000e+02 3.616118887751735400e+00
2.030000000000000000e+02 3.599017539728943671e+00
2.040000000000000000e+02 3.609456153167951875e+00
2.050000000000000000e+02 3.609266598667007830e+00
2.060000000000000000e+02 3.604229444951999373e+00
2.070000000000000000e+02 3.603275903633871735e+00
2.080000000000000000e+02 3.607329556296967166e+00
2.090000000000000000e+02 3.615124692625911518e+00
2.100000000000000000e+02 3.617835463488608294e+00
2.110000000000000000e+02 3.624336725719736307e+00
2.120000000000000000e+02 3.633544894797031244e+00
2.130000000000000000e+02 3.629478371149303939e+00
2.140000000000000000e+02 3.627840191409735571e+00
2.150000000000000000e+02 3.628396337675928063e+00
2.160000000000000000e+02 3.627471341099615998e+00
2.170000000000000000e+02 3.626951576453831816e+00
2.180000000000000000e+02 3.617453796616624029e+00
2.190000000000000000e+02 3.606469159546271452e+00
2.200000000000000000e+02 3.602870590069192414e+00
2.210000000000000000e+02 3.598637287848928334e+00
2.220000000000000000e+02 3.589697205326799256e+00
2.230000000000000000e+02 3.585531441761624194e+00
2.240000000000000000e+02 3.583737748962496195e+00
2.250000000000000000e+02 3.582421017302119814e+00
2.260000000000000000e+02 3.580470586931152166e+00
2.270000000000000000e+02 3.581232913853912070e+00
2.280000000000000000e+02 3.581221947666159533e+00
2.290000000000000000e+02 3.585130073847623944e+00
2.300000000000000000e+02 3.587717604352183898e+00
2.310000000000000000e+02 3.593403586307287956e+00
2.320000000000000000e+02 3.598503298994112143e+00
2.330000000000000000e+02 3.593624624379519794e+00
2.340000000000000000e+02 3.593386878517511818e+00
2.350000000000000000e+02 3.591177286925327561e+00
2.360000000000000000e+02 3.593654393633616273e+00
2.370000000000000000e+02 3.591970063386784151e+00
2.380000000000000000e+02 3.590586255664848458e+00
2.390000000000000000e+02 3.594783910972072061e+00
2.400000000000000000e+02 3.603893003400223893e+00
2.410000000000000000e+02 3.594704780267399258e+00
2.420000000000000000e+02 3.595947143215304287e+00
2.430000000000000000e+02 3.598340139535647797e+00
2.440000000000000000e+02 3.592833262910031689e+00
2.450000000000000000e+02 3.599928331962807704e+00
2.460000000000000000e+02 3.603226623817448182e+00
2.470000000000000000e+02 3.611264295211983555e+00
2.480000000000000000e+02 3.613530323214583451e+00
2.490000000000000000e+02 3.753864165283399057e+00
2.500000000000000000e+02 3.768684274139935564e+00
2.510000000000000000e+02 3.707854966736511493e+00
2.520000000000000000e+02 3.689611121545095962e+00
2.530000000000000000e+02 3.666757014830864136e+00
2.540000000000000000e+02 3.646576426594631215e+00
2.550000000000000000e+02 3.675028595282264554e+00
2.560000000000000000e+02 3.671434869431535297e+00
2.570000000000000000e+02 3.654950920500319889e+00
2.580000000000000000e+02 3.659657564745264047e+00
2.590000000000000000e+02 3.671630111111735761e+00
2.600000000000000000e+02 3.669404573648527901e+00
2.610000000000000000e+02 3.674360093211535450e+00
2.620000000000000000e+02 3.686151955988247408e+00
2.630000000000000000e+02 3.694414475048775959e+00
2.640000000000000000e+02 3.686549895267864141e+00
2.650000000000000000e+02 3.680178893931944195e+00
2.660000000000000000e+02 3.670384101838376267e+00
2.670000000000000000e+02 3.665257123344783707e+00
2.680000000000000000e+02 3.669496139955687131e+00
2.690000000000000000e+02 3.673228997612807856e+00
2.700000000000000000e+02 3.674722684903335868e+00
2.710000000000000000e+02 3.683088117418151786e+00
2.720000000000000000e+02 3.679093839994943327e+00
2.730000000000000000e+02 3.677609458997743719e+00
2.740000000000000000e+02 3.677017393704671733e+00
2.750000000000000000e+02 3.676654040094120557e+00
2.760000000000000000e+02 3.671061393186135557e+00
2.770000000000000000e+02 3.670415286084439899e+00
2.780000000000000000e+02 3.667298956754608152e+00
2.790000000000000000e+02 3.668979586253215963e+00
2.800000000000000000e+02 3.676594610431464183e+00
2.810000000000000000e+02 3.670364999446807719e+00
2.820000000000000000e+02 3.679303558131431284e+00
2.830000000000000000e+02 3.683173370684223347e+00
2.840000000000000000e+02 3.683247766608079399e+00
2.850000000000000000e+02 3.682360974814903543e+00
2.860000000000000000e+02 3.687339868956768463e+00
2.870000000000000000e+02 3.677369264111175262e+00
2.880000000000000000e+02 3.676180425955599684e+00
2.890000000000000000e+02 3.674976594327439727e+00
2.900000000000000000e+02 3.680784700973935841e+00
2.910000000000000000e+02 3.678540741403760084e+00
2.920000000000000000e+02 3.680870035874159729e+00
2.930000000000000000e+02 3.688065487722512081e+00
2.940000000000000000e+02 3.691289819035439734e+00
2.950000000000000000e+02 3.687495762975704139e+00
2.960000000000000000e+02 3.696101744125079414e+00
2.970000000000000000e+02 3.691720139862015859e+00
2.980000000000000000e+02 3.692072554496199643e+00
2.990000000000000000e+02 3.698454059426344198e+00
3.000000000000000000e+02 3.709660578121832142e+00
3.010000000000000000e+02 3.709678374366968345e+00
3.020000000000000000e+02 3.711143299224607617e+00
3.030000000000000000e+02 3.711975423347327663e+00
3.040000000000000000e+02 3.714417291313336200e+00
3.050000000000000000e+02 3.719840846681143454e+00
3.060000000000000000e+02 3.728324757561895630e+00
3.070000000000000000e+02 3.722548869194056032e+00
3.080000000000000000e+02 3.718121359326183484e+00
3.090000000000000000e+02 3.717696099817032085e+00
3.100000000000000000e+02 3.716041538824295110e+00
3.110000000000000000e+02 3.717165450617647693e+00
3.120000000000000000e+02 3.716441927128471878e+00
3.130000000000000000e+02 3.719485520428871705e+00
3.140000000000000000e+02 3.719758151285168069e+00
3.150000000000000000e+02 3.730063619422264054e+00
3.160000000000000000e+02 3.723600317071815269e+00
3.170000000000000000e+02 3.732356205735648302e+00
3.180000000000000000e+02 3.736942058647016118e+00
3.190000000000000000e+02 3.735195740867431446e+00
3.200000000000000000e+02 3.736566051742904015e+00
3.210000000000000000e+02 3.731979627392471688e+00
3.220000000000000000e+02 3.727281609156255726e+00
3.230000000000000000e+02 3.729576590071431497e+00
3.240000000000000000e+02 3.728236429409432340e+00
3.250000000000000000e+02 3.731060100304343763e+00
3.260000000000000000e+02 3.732536072983887898e+00
3.270000000000000000e+02 3.743650726046992006e+00
3.280000000000000000e+02 3.744196014970967656e+00
3.290000000000000000e+02 3.743468518619728069e+00
3.300000000000000000e+02 3.742799118573327366e+00
3.310000000000000000e+02 3.742086125889759529e+00
3.320000000000000000e+02 3.740996418806095569e+00
3.330000000000000000e+02 3.739337014187007924e+00
3.340000000000000000e+02 3.740223425020807735e+00
3.350000000000000000e+02 3.737267642856576089e+00
3.360000000000000000e+02 3.740072020880231829e+00
3.370000000000000000e+02 3.743345523164047783e+00
3.380000000000000000e+02 3.744534442953776132e+00
3.390000000000000000e+02 3.745248388035783638e+00
3.400000000000000000e+02 3.739402103817536016e+00
3.410000000000000000e+02 3.739435573819856362e+00
3.420000000000000000e+02 3.746641202725824016e+00
3.430000000000000000e+02 3.743921697008863791e+00
3.440000000000000000e+02 3.743601065271192407e+00
3.450000000000000000e+02 3.745402785428599834e+00
3.460000000000000000e+02 3.740356760802407532e+00
3.470000000000000000e+02 3.740657147270384009e+00
3.480000000000000000e+02 3.745501535541135407e+00
3.490000000000000000e+02 3.739472472456559782e+00
3.500000000000000000e+02 3.744915565598080143e+00
3.510000000000000000e+02 3.744544783279695643e+00
3.520000000000000000e+02 3.752058172938703695e+00
3.530000000000000000e+02 3.749592032418168408e+00
3.540000000000000000e+02 3.755178801667207633e+00
3.550000000000000000e+02 3.755027996177080052e+00
3.560000000000000000e+02 3.754107625536047266e+00
3.570000000000000000e+02 3.749993454754936284e+00
3.580000000000000000e+02 3.751243464101744252e+00
3.590000000000000000e+02 3.747210546513255913e+00
3.600000000000000000e+02 3.752501963400360019e+00
3.610000000000000000e+02 3.751727255297879982e+00
3.620000000000000000e+02 3.755756336081223612e+00
3.630000000000000000e+02 3.751548966309912192e+00
3.640000000000000000e+02 3.755309987749471556e+00
3.650000000000000000e+02 3.766941629897191390e+00
3.660000000000000000e+02 3.765334661615071354e+00
3.670000000000000000e+02 3.763660644482775819e+00
3.680000000000000000e+02 3.766197452967559922e+00
3.690000000000000000e+02 3.769763913011519474e+00
3.700000000000000000e+02 3.770555002367168118e+00
3.710000000000000000e+02 3.778868624406847232e+00
3.720000000000000000e+02 3.778717601225647371e+00
3.730000000000000000e+02 3.775298871785423671e+00
3.740000000000000000e+02 3.775035220685847737e+00
3.750000000000000000e+02 3.775619176986487524e+00
3.760000000000000000e+02 3.779789784178015921e+00
3.770000000000000000e+02 3.774331126124847557e+00
3.780000000000000000e+02 3.777128320343127843e+00
3.790000000000000000e+02 3.777308323648287391e+00
3.800000000000000000e+02 3.780544383067720116e+00
3.810000000000000000e+02 3.783338175862999364e+00
3.820000000000000000e+02 3.785258537654647704e+00
3.830000000000000000e+02 3.782405342408096338e+00
3.840000000000000000e+02 3.783344978708999662e+00
3.850000000000000000e+02 3.786298856076351971e+00
3.860000000000000000e+02 3.785738029452111686e+00
3.870000000000000000e+02 3.788201584891167872e+00
3.880000000000000000e+02 3.782501126479776321e+00
3.890000000000000000e+02 3.774227858922567957e+00
3.900000000000000000e+02 3.774997015902711972e+00
3.910000000000000000e+02 3.772933739922295970e+00
3.920000000000000000e+02 3.777794291755143696e+00
3.930000000000000000e+02 3.774068563480632132e+00
3.940000000000000000e+02 3.772276639421463962e+00
3.950000000000000000e+02 3.777895028298711821e+00
3.960000000000000000e+02 3.780747325569591588e+00
3.970000000000000000e+02 3.783789503878024263e+00
3.980000000000000000e+02 3.785201965187312112e+00
3.990000000000000000e+02 3.793901417440727730e+00
4.000000000000000000e+02 3.795193441164431913e+00
4.010000000000000000e+02 3.798626973597551526e+00
4.020000000000000000e+02 3.797305724847431119e+00
4.030000000000000000e+02 3.792586753845535785e+00
4.040000000000000000e+02 3.790509627270663540e+00
4.050000000000000000e+02 3.788759146149327961e+00
4.060000000000000000e+02 3.794199436518296054e+00
4.070000000000000000e+02 3.791033990640344076e+00
4.080000000000000000e+02 3.798491542539384369e+00
4.090000000000000000e+02 3.804640471770480037e+00
4.100000000000000000e+02 3.805018138569016273e+00
4.110000000000000000e+02 3.814606396258024112e+00
4.120000000000000000e+02 3.805031444935791818e+00
4.130000000000000000e+02 3.803695365981392129e+00
4.140000000000000000e+02 3.806642331657208000e+00
4.150000000000000000e+02 3.807278207278519844e+00
4.160000000000000000e+02 3.808367098020664088e+00
4.170000000000000000e+02 3.817152647093055684e+00
4.180000000000000000e+02 3.816010313192735648e+00
4.190000000000000000e+02 3.815628129304455829e+00
4.200000000000000000e+02 3.813424932387511568e+00
4.210000000000000000e+02 3.815070867371520347e+00
4.220000000000000000e+02 3.815393594385759535e+00
4.230000000000000000e+02 3.823595051100591835e+00
4.240000000000000000e+02 3.821870284737135748e+00
4.250000000000000000e+02 3.830055931637863953e+00
4.260000000000000000e+02 3.829781559252992018e+00
4.270000000000000000e+02 3.828596176943184215e+00
4.280000000000000000e+02 3.827927402758616093e+00
4.290000000000000000e+02 3.824722119414488031e+00
4.300000000000000000e+02 3.824480563958719603e+00
4.310000000000000000e+02 3.829084648497367738e+00
4.320000000000000000e+02 3.828746111669024010e+00
4.330000000000000000e+02 3.831276715958256140e+00
4.340000000000000000e+02 3.830090245193087828e+00
4.350000000000000000e+02 3.832178746126471580e+00
4.360000000000000000e+02 3.830235934943024390e+00
4.370000000000000000e+02 3.831954061728783945e+00
4.380000000000000000e+02 3.831844944078943271e+00
4.390000000000000000e+02 3.833681440385104278e+00
4.400000000000000000e+02 3.838530590648055796e+00
4.410000000000000000e+02 3.835661803278471282e+00
4.420000000000000000e+02 3.833168777910543668e+00
4.430000000000000000e+02 3.831619307282815523e+00
4.440000000000000000e+02 3.825940209807863202e+00
4.450000000000000000e+02 3.823817776278632063e+00
4.460000000000000000e+02 3.825682790115224385e+00
4.470000000000000000e+02 3.821228857993487882e+00
4.480000000000000000e+02 3.832417199484464465e+00
4.490000000000000000e+02 3.836577820098063807e+00
4.500000000000000000e+02 3.836985582687303609e+00
4.510000000000000000e+02 3.839295829188903664e+00
4.520000000000000000e+02 3.844449883009575686e+00
4.530000000000000000e+02 3.839651808514392251e+00
4.540000000000000000e+02 3.836429381998343935e+00
4.550000000000000000e+02 3.837217178776528126e+00
4.560000000000000000e+02 3.859697183383527630e+00
4.570000000000000000e+02 3.865895991081496508e+00
4.580000000000000000e+02 3.872333143291919466e+00
4.590000000000000000e+02 3.872777233078799952e+00
4.600000000000000000e+02 3.872380817636688288e+00
4.610000000000000000e+02 3.869862404047488269e+00
4.620000000000000000e+02 3.869923330336263678e+00
4.630000000000000000e+02 3.865933733271103456e+00
4.640000000000000000e+02 3.870062815890647823e+00
4.650000000000000000e+02 3.872273740840647793e+00
4.660000000000000000e+02 3.864974831310327819e+00
4.670000000000000000e+02 3.863599159792208138e+00
4.680000000000000000e+02 3.864737466407695887e+00
4.690000000000000000e+02 3.862210073061775439e+00
4.700000000000000000e+02 3.865829187133776212e+00
4.710000000000000000e+02 3.867423583756488092e+00
4.720000000000000000e+02 3.871724016461079998e+00
4.730000000000000000e+02 3.864684485843048023e+00
4.740000000000000000e+02 3.863080565235935904e+00
4.750000000000000000e+02 3.861018867515792152e+00
4.760000000000000000e+02 3.859008082295111830e+00
4.770000000000000000e+02 3.854806345280287871e+00
4.780000000000000000e+02 3.856047320447608229e+00
4.790000000000000000e+02 3.856835824721775552e+00
4.800000000000000000e+02 3.857368623620495374e+00
4.810000000000000000e+02 3.859081444186376331e+00
4.820000000000000000e+02 3.859485451604623307e+00
4.830000000000000000e+02 3.861432752666432044e+00
4.840000000000000000e+02 3.864208041720591957e+00
4.850000000000000000e+02 3.857912796877727146e+00
4.860000000000000000e+02 3.860995520148319926e+00
4.870000000000000000e+02 3.860040536626839991e+00
4.880000000000000000e+02 3.859111567188463709e+00
4.890000000000000000e+02 3.858294926343239784e+00
4.900000000000000000e+02 3.857955001734311828e+00
4.910000000000000000e+02 3.856637834691791777e+00
4.920000000000000000e+02 3.857004344822888342e+00
4.930000000000000000e+02 3.856477913388024259e+00
4.940000000000000000e+02 3.858427173669479515e+00
4.950000000000000000e+02 3.858823208152216466e+00
4.960000000000000000e+02 3.857899082340191743e+00
4.970000000000000000e+02 3.863355155311880118e+00
4.980000000000000000e+02 3.864051521839824144e+00
4.990000000000000000e+02 3.867792869448751780e+00
5.000000000000000000e+02 3.867042733226023543e+00
5.010000000000000000e+02 3.868273830660952317e+00
5.020000000000000000e+02 3.871442106522839488e+00
5.030000000000000000e+02 3.871901516318912329e+00
5.040000000000000000e+02 3.871375302575120081e+00
5.050000000000000000e+02 3.871154944787487562e+00
5.060000000000000000e+02 3.871575360670287402e+00
5.070000000000000000e+02 3.871427249107175950e+00
5.080000000000000000e+02 3.870773958200103060e+00
5.090000000000000000e+02 3.870108503804383648e+00
5.100000000000000000e+02 3.873090626588327812e+00
5.110000000000000000e+02 3.874044440020295799e+00
5.120000000000000000e+02 3.874135434888391405e+00
5.130000000000000000e+02 3.878396247817879949e+00
5.140000000000000000e+02 3.882960222776511205e+00
5.150000000000000000e+02 3.884410861657551450e+00
5.160000000000000000e+02 3.888579019824519367e+00
5.170000000000000000e+02 3.885108752023000100e+00
5.180000000000000000e+02 3.883849708496704078e+00
5.190000000000000000e+02 3.884104896855855582e+00
5.200000000000000000e+02 3.886725788517200186e+00
5.210000000000000000e+02 3.884230422970247343e+00
5.220000000000000000e+02 3.885826071316623942e+00
5.230000000000000000e+02 3.890270969258871503e+00
5.240000000000000000e+02 3.892563664417791447e+00
5.250000000000000000e+02 3.888716899907247448e+00
5.260000000000000000e+02 3.889114920821016064e+00
5.270000000000000000e+02 3.890486238517696371e+00
5.280000000000000000e+02 3.901089535252671769e+00
5.290000000000000000e+02 3.901836623800392090e+00
5.300000000000000000e+02 3.898652211587791516e+00
5.310000000000000000e+02 3.899544472869151512e+00
5.320000000000000000e+02 3.900865476716815827e+00
5.330000000000000000e+02 3.901616810240439381e+00
5.340000000000000000e+02 3.908039594840111874e+00
5.350000000000000000e+02 3.911716260989271721e+00
5.360000000000000000e+02 3.912337088715232003e+00
5.370000000000000000e+02 3.915236951485344008e+00
5.380000000000000000e+02 3.913969281950319790e+00
5.390000000000000000e+02 3.915539569286807353e+00
5.400000000000000000e+02 3.915953835396823735e+00
5.410000000000000000e+02 3.920695500692976232e+00
5.420000000000000000e+02 3.918013764377008101e+00
5.430000000000000000e+02 3.918513555866935949e+00
5.440000000000000000e+02 3.918881889160759968e+00
5.450000000000000000e+02 3.921493882699535583e+00
5.460000000000000000e+02 3.920312908633935667e+00
5.470000000000000000e+02 3.917527115985552033e+00
5.480000000000000000e+02 3.914915258503695483e+00
5.490000000000000000e+02 3.917822196233648135e+00
5.500000000000000000e+02 3.912775817859464045e+00
5.510000000000000000e+02 3.910647697150975599e+00
5.520000000000000000e+02 3.911621619795719873e+00
5.530000000000000000e+02 3.912908908738607749e+00
5.540000000000000000e+02 3.905605264427471912e+00
5.550000000000000000e+02 3.901844841638360428e+00
5.560000000000000000e+02 3.901927890782327601e+00
5.570000000000000000e+02 3.904079821451815757e+00
5.580000000000000000e+02 3.908474541601968166e+00
5.590000000000000000e+02 3.909861505844447471e+00
5.600000000000000000e+02 3.907991430690431756e+00
5.610000000000000000e+02 3.913335120646199705e+00
5.620000000000000000e+02 3.913896382652583661e+00
5.630000000000000000e+02 3.911376717339719367e+00
5.640000000000000000e+02 3.909200813440927735e+00
5.650000000000000000e+02 3.909801423108576035e+00
5.660000000000000000e+02 3.908240632545104010e+00
5.670000000000000000e+02 3.908866385531567733e+00
5.680000000000000000e+02 3.911764751675559815e+00
5.690000000000000000e+02 3.907594090061263792e+00
5.700000000000000000e+02 3.912256651864128187e+00
5.710000000000000000e+02 3.909627923324192178e+00
5.720000000000000000e+02 3.908079813265664004e+00
5.730000000000000000e+02 3.907529517447032585e+00
5.740000000000000000e+02 3.909666971660231916e+00
5.750000000000000000e+02 3.909604984127480254e+00
5.760000000000000000e+02 3.912619161921775834e+00
5.770000000000000000e+02 3.907968627550639784e+00
5.780000000000000000e+02 3.907178109634056540e+00
5.790000000000000000e+02 3.904765439483079970e+00
5.800000000000000000e+02 3.904058787051984059e+00
5.810000000000000000e+02 3.908679007941343819e+00
5.820000000000000000e+02 3.910730719083559848e+00
5.830000000000000000e+02 3.909215806913511670e+00
5.840000000000000000e+02 3.915956991917368235e+00
5.850000000000000000e+02 3.915365144315367640e+00
5.860000000000000000e+02 3.923323304045855942e+00
5.870000000000000000e+02 3.925636081206167916e+00
5.880000000000000000e+02 3.923896103679055614e+00
5.890000000000000000e+02 3.925639809165776040e+00
5.900000000000000000e+02 3.923439224541696024e+00
5.910000000000000000e+02 3.919511832700359300e+00
5.920000000000000000e+02 3.921233714657112124e+00
5.930000000000000000e+02 3.926809055124871772e+00
5.940000000000000000e+02 3.926902934399671974e+00
5.950000000000000000e+02 3.927097985600183971e+00
5.960000000000000000e+02 3.927661424517287614e+00
5.970000000000000000e+02 3.926189343065655368e+00
5.980000000000000000e+02 3.922111445059416113e+00
5.990000000000000000e+02 3.920448176423799502e+00
6.000000000000000000e+02 3.915697259257088447e+00
6.010000000000000000e+02 3.917704887957223381e+00
6.020000000000000000e+02 3.919101811566247928e+00
6.030000000000000000e+02 3.918015016100671488e+00
6.040000000000000000e+02 3.916662229356496105e+00
6.050000000000000000e+02 3.918240816165103890e+00
6.060000000000000000e+02 3.916938234424407472e+00
6.070000000000000000e+02 3.916219772252655495e+00
6.080000000000000000e+02 3.914804861918807610e+00
6.090000000000000000e+02 3.914829433798559410e+00
6.100000000000000000e+02 3.912638618061335283e+00
6.110000000000000000e+02 3.914901870502767611e+00
6.120000000000000000e+02 3.913587560655567898e+00
6.130000000000000000e+02 3.912148785937952233e+00
6.140000000000000000e+02 3.913313324327615916e+00
6.150000000000000000e+02 3.915541501295071836e+00
6.160000000000000000e+02 3.910085101786776374e+00
6.170000000000000000e+02 3.914140305498760242e+00
6.180000000000000000e+02 3.915256325990751574e+00
6.190000000000000000e+02 3.915445118572943972e+00
6.200000000000000000e+02 3.917195708539816135e+00
6.210000000000000000e+02 3.919994317750063573e+00
6.220000000000000000e+02 3.912610808026888431e+00
6.230000000000000000e+02 3.914281287679264310e+00
6.240000000000000000e+02 3.924894298878327970e+00
6.250000000000000000e+02 3.929291985069335968e+00
6.260000000000000000e+02 3.970278914528263758e+00
6.270000000000000000e+02 3.985318292717071831e+00
6.280000000000000000e+02 3.954182183591367750e+00
6.290000000000000000e+02 3.947649601057255708e+00
6.300000000000000000e+02 3.944882475418296064e+00
6.310000000000000000e+02 3.942137472634527740e+00
6.320000000000000000e+02 3.941858311046072316e+00
6.330000000000000000e+02 3.936082422678231829e+00
6.340000000000000000e+02 3.936869729651503835e+00
6.350000000000000000e+02 3.933135429791031701e+00
6.360000000000000000e+02 3.934324512849063815e+00
6.370000000000000000e+02 3.937144673475439394e+00
6.380000000000000000e+02 3.938914828427407588e+00
6.390000000000000000e+02 3.940457768322975785e+00
6.400000000000000000e+02 4.905072895226695984e+00
6.410000000000000000e+02 3.986847191538496205e+00
6.420000000000000000e+02 3.962022871777127531e+00
6.430000000000000000e+02 3.962849199875055461e+00
6.440000000000000000e+02 3.961744553741575636e+00
6.450000000000000000e+02 3.960286540575472358e+00
6.460000000000000000e+02 3.961081602793184331e+00
6.470000000000000000e+02 3.960336228562655769e+00
6.480000000000000000e+02 3.952634127955607646e+00
6.490000000000000000e+02 3.951533291415887827e+00
6.500000000000000000e+02 3.947802882783328471e+00
6.510000000000000000e+02 3.949306175692407717e+00
6.520000000000000000e+02 3.953467231688152062e+00
6.530000000000000000e+02 3.954139679409560237e+00
6.540000000000000000e+02 3.965028450774080060e+00
6.550000000000000000e+02 3.963966417667942999e+00
6.560000000000000000e+02 3.964452739522791980e+00
6.570000000000000000e+02 3.963801162932912181e+00
6.580000000000000000e+02 3.963639064718424088e+00
6.590000000000000000e+02 3.963288690938040038e+00
6.600000000000000000e+02 3.962058437056015681e+00
6.610000000000000000e+02 3.962514254949399906e+00
6.620000000000000000e+02 3.960213668489120042e+00
6.630000000000000000e+02 3.958035261142999417e+00
6.640000000000000000e+02 3.958812772018031723e+00
6.650000000000000000e+02 3.958189849015503636e+00
6.660000000000000000e+02 3.954478052969600199e+00
6.670000000000000000e+02 3.961013383853495995e+00
6.680000000000000000e+02 3.966819177532352025e+00
6.690000000000000000e+02 3.969587228358367970e+00
6.700000000000000000e+02 3.969275658011568009e+00
6.710000000000000000e+02 3.970526320431591483e+00
6.720000000000000000e+02 3.973131511124367687e+00
6.730000000000000000e+02 3.975374681564407542e+00
6.740000000000000000e+02 3.976395244521327310e+00
6.750000000000000000e+02 3.974762316578872134e+00
6.760000000000000000e+02 3.977173816640335868e+00
6.770000000000000000e+02 3.978269265326023874e+00
6.780000000000000000e+02 3.979689753993591150e+00
6.790000000000000000e+02 3.979605044955200288e+00
6.800000000000000000e+02 3.977277111053999725e+00
6.810000000000000000e+02 3.978009831990967804e+00
6.820000000000000000e+02 3.976587656217592137e+00
6.830000000000000000e+02 3.975699748757671959e+00
6.840000000000000000e+02 3.977866808956664446e+00
6.850000000000000000e+02 3.985211433612103171e+00
6.860000000000000000e+02 3.984466277072648221e+00
6.870000000000000000e+02 3.988578869593488285e+00
6.880000000000000000e+02 3.988246727440383665e+00
6.890000000000000000e+02 3.988899800656383832e+00
6.900000000000000000e+02 3.987333731084416133e+00
6.910000000000000000e+02 3.985508581925384153e+00
6.920000000000000000e+02 3.988127895326456507e+00
6.930000000000000000e+02 3.989085627197720196e+00
6.940000000000000000e+02 3.987451719645439763e+00
6.950000000000000000e+02 3.986827354439559823e+00
6.960000000000000000e+02 3.989271236047983837e+00
6.970000000000000000e+02 3.990999594314128096e+00
6.980000000000000000e+02 3.989651596773535758e+00
6.990000000000000000e+02 3.989616167551567560e+00
7.000000000000000000e+02 3.993696133622992139e+00
7.010000000000000000e+02 3.994166455184048115e+00
7.020000000000000000e+02 3.993027168958735995e+00
7.030000000000000000e+02 3.991565890426551633e+00
7.040000000000000000e+02 3.990905116388880014e+00
7.050000000000000000e+02 3.992966052190271675e+00
7.060000000000000000e+02 3.990235553074175545e+00
7.070000000000000000e+02 3.995812471802207888e+00
7.080000000000000000e+02 3.990290384012935565e+00
7.090000000000000000e+02 3.991502705592904210e+00
7.100000000000000000e+02 3.991016274892519533e+00
7.110000000000000000e+02 3.994609483726952348e+00
7.120000000000000000e+02 3.994120114197096338e+00
7.130000000000000000e+02 3.993143035031807564e+00
7.140000000000000000e+02 3.994485971254976509e+00
7.150000000000000000e+02 3.991943502802320243e+00
7.160000000000000000e+02 3.989848443925392285e+00
7.170000000000000000e+02 3.990146354157424025e+00
7.180000000000000000e+02 3.987416807439768007e+00
7.190000000000000000e+02 3.986579621999624568e+00
7.200000000000000000e+02 3.982337476079560012e+00
7.210000000000000000e+02 3.984259334497327831e+00
7.220000000000000000e+02 3.990208967552008268e+00
7.230000000000000000e+02 3.989199125880384056e+00
7.240000000000000000e+02 3.989786728506479641e+00
7.250000000000000000e+02 3.991880263545903418e+00
7.260000000000000000e+02 3.992800362073096299e+00
7.270000000000000000e+02 3.990090108226695964e+00
7.280000000000000000e+02 3.990590852115063925e+00
7.290000000000000000e+02 3.990568946950943552e+00
7.300000000000000000e+02 3.988489452985663597e+00
7.310000000000000000e+02 3.987215116661559922e+00
7.320000000000000000e+02 3.986831789895151967e+00
7.330000000000000000e+02 3.987745738649560057e+00
7.340000000000000000e+02 3.988163542239495651e+00
7.350000000000000000e+02 3.990956899652632117e+00
7.360000000000000000e+02 3.990707371261351888e+00
7.370000000000000000e+02 3.993467993379535841e+00
7.380000000000000000e+02 3.993985172943840478e+00
7.390000000000000000e+02 3.993266765194856127e+00
7.400000000000000000e+02 3.992224868512879610e+00
7.410000000000000000e+02 4.001043914798976253e+00
7.420000000000000000e+02 4.004735057404423593e+00
7.430000000000000000e+02 4.007234994463887645e+00
7.440000000000000000e+02 4.007649832012968538e+00
7.450000000000000000e+02 4.008710368492983456e+00
7.460000000000000000e+02 4.006990772292487790e+00
7.470000000000000000e+02 4.009081667827664397e+00
7.480000000000000000e+02 4.008954889989608361e+00
7.490000000000000000e+02 4.010288275016992365e+00
7.500000000000000000e+02 4.012696536923759716e+00
7.510000000000000000e+02 4.011066520599392504e+00
7.520000000000000000e+02 4.011703947269592341e+00
7.530000000000000000e+02 4.009502410247071325e+00
7.540000000000000000e+02 4.011792275422056520e+00
7.550000000000000000e+02 4.007210966811815211e+00
7.560000000000000000e+02 4.007617341620472118e+00
7.570000000000000000e+02 4.009040877963047755e+00
7.580000000000000000e+02 4.004975469982062997e+00
7.590000000000000000e+02 4.003214675746192164e+00
7.600000000000000000e+02 4.004274640787143902e+00
7.610000000000000000e+02 4.003935260405896202e+00
7.620000000000000000e+02 4.002202248993087963e+00
7.630000000000000000e+02 4.002816382718584087e+00
7.640000000000000000e+02 4.001967197058095671e+00
7.650000000000000000e+02 4.002051661194031773e+00
7.660000000000000000e+02 4.001165658530991820e+00
7.670000000000000000e+02 4.005167419084799896e+00
7.680000000000000000e+02 4.005429274233032189e+00
7.690000000000000000e+02 4.005129105456127547e+00
7.700000000000000000e+02 4.005389980994536359e+00
7.710000000000000000e+02 4.006144362193168718e+00
7.720000000000000000e+02 4.006218268312111697e+00
7.730000000000000000e+02 4.008643891081871580e+00
7.740000000000000000e+02 4.008536705440295833e+00
7.750000000000000000e+02 4.010124244794240234e+00
7.760000000000000000e+02 4.010885129513647840e+00
7.770000000000000000e+02 4.011618231409991964e+00
7.780000000000000000e+02 4.012831913559160135e+00
7.790000000000000000e+02 4.011745308573271274e+00
7.800000000000000000e+02 4.012656345709592287e+00
7.810000000000000000e+02 4.010588688696351767e+00
7.820000000000000000e+02 4.011234632529743216e+00
7.830000000000000000e+02 4.010602620924960782e+00
7.840000000000000000e+02 4.009934826350216142e+00
7.850000000000000000e+02 4.007133414367416435e+00
7.860000000000000000e+02 4.007268627734511313e+00
7.870000000000000000e+02 4.007633205857343839e+00
7.880000000000000000e+02 4.007265226311511164e+00
7.890000000000000000e+02 4.011915080398048339e+00
7.900000000000000000e+02 4.013524633761647920e+00
7.910000000000000000e+02 4.012446491516183933e+00
7.920000000000000000e+02 4.014687893216263959e+00
7.930000000000000000e+02 4.016287432790552003e+00
7.940000000000000000e+02 4.021069969585472137e+00
7.950000000000000000e+02 4.021105453230208404e+00
7.960000000000000000e+02 4.023441577757991716e+00
7.970000000000000000e+02 4.023435509619359252e+00
7.980000000000000000e+02 4.022165282214240634e+00
7.990000000000000000e+02 4.019463627165183794e+00
8.000000000000000000e+02 4.021150651339032045e+00
8.010000000000000000e+02 4.020248784439120371e+00
8.020000000000000000e+02 4.017597252759391502e+00
8.030000000000000000e+02 4.017344404579263006e+00
8.040000000000000000e+02 4.020354419031807680e+00
8.050000000000000000e+02 4.022993242995207552e+00
8.060000000000000000e+02 4.025480227435887848e+00
8.070000000000000000e+02 4.023977070583727667e+00
8.080000000000000000e+02 4.022392769384479649e+00
8.090000000000000000e+02 4.023310010716351748e+00
8.100000000000000000e+02 4.023745447283119780e+00
8.110000000000000000e+02 4.023039039754479518e+00
8.120000000000000000e+02 4.022748014002599959e+00
8.130000000000000000e+02 4.021573815571616528e+00
8.140000000000000000e+02 4.021594251320999902e+00
8.150000000000000000e+02 4.021661191325639706e+00
8.160000000000000000e+02 4.022839335407304873e+00
8.170000000000000000e+02 4.021037343136055320e+00
8.180000000000000000e+02 4.022455954218127516e+00
8.190000000000000000e+02 4.022793756339104299e+00
8.200000000000000000e+02 4.023043774535294936e+00
8.210000000000000000e+02 4.020577742860296233e+00
8.220000000000000000e+02 4.020347861088263919e+00
8.230000000000000000e+02 4.019779007105743318e+00
8.240000000000000000e+02 4.022598460236136653e+00
8.250000000000000000e+02 4.020278199945223285e+00
8.260000000000000000e+02 4.020250199431088411e+00
8.270000000000000000e+02 4.019593996905928002e+00
8.280000000000000000e+02 4.021556345863087856e+00
8.290000000000000000e+02 4.022323543623583575e+00
8.300000000000000000e+02 4.021680402562743062e+00
8.310000000000000000e+02 4.024892434330103796e+00
8.320000000000000000e+02 4.027227089443151442e+00
8.330000000000000000e+02 4.026503048937679630e+00
8.340000000000000000e+02 4.025120084768648354e+00
8.350000000000000000e+02 4.024174543597416331e+00
8.360000000000000000e+02 4.023816931588887869e+00
8.370000000000000000e+02 4.029020074746296309e+00
8.380000000000000000e+02 4.028948345538071685e+00
8.390000000000000000e+02 4.028188549274023700e+00
8.400000000000000000e+02 4.029108212419071577e+00
8.410000000000000000e+02 4.027742010462583622e+00
8.420000000000000000e+02 4.029019802632456404e+00
8.430000000000000000e+02 4.029020972721967908e+00
8.440000000000000000e+02 4.028681265804112677e+00
8.450000000000000000e+02 4.025775851911663317e+00
8.460000000000000000e+02 4.021953768126407702e+00
8.470000000000000000e+02 4.022895363646959765e+00
8.480000000000000000e+02 4.022955745708055808e+00
8.490000000000000000e+02 4.020439046436047548e+00
8.500000000000000000e+02 4.020782699004583627e+00
8.510000000000000000e+02 4.018910555785383920e+00
8.520000000000000000e+02 4.018316368004359873e+00
8.530000000000000000e+02 4.018594196234999139e+00
8.540000000000000000e+02 4.019028707614711315e+00
8.550000000000000000e+02 4.019541370089272370e+00
8.560000000000000000e+02 4.019811470286855482e+00
8.570000000000000000e+02 4.020931164315687312e+00
8.580000000000000000e+02 4.019703713206215667e+00
8.590000000000000000e+02 4.021567094359767225e+00
8.600000000000000000e+02 4.018769818507335501e+00
8.610000000000000000e+02 4.018992815799216523e+00
8.620000000000000000e+02 4.018550630809215818e+00
8.630000000000000000e+02 4.020533932532056376e+00
8.640000000000000000e+02 4.019928724140512166e+00
8.650000000000000000e+02 4.019400333486000676e+00
8.660000000000000000e+02 4.019939146100584004e+00
8.670000000000000000e+02 4.020055501978568202e+00
8.680000000000000000e+02 4.020978893083223760e+00
8.690000000000000000e+02 4.014809419257208134e+00
8.700000000000000000e+02 4.012584126696455478e+00
8.710000000000000000e+02 4.013827061083423686e+00
8.720000000000000000e+02 4.013323487211119200e+00
8.730000000000000000e+02 4.014865637976552826e+00
8.740000000000000000e+02 4.017788467154759680e+00
8.750000000000000000e+02 4.016072871027712488e+00
8.760000000000000000e+02 4.015209181699551877e+00
8.770000000000000000e+02 4.018985359879999386e+00
8.780000000000000000e+02 4.018211141582431978e+00
8.790000000000000000e+02 4.019231949441807394e+00
8.800000000000000000e+02 4.019866791030528574e+00
8.810000000000000000e+02 4.020699704283384079e+00
8.820000000000000000e+02 4.022231514722895973e+00
8.830000000000000000e+02 4.020934511315919835e+00
8.840000000000000000e+02 4.019673018765064221e+00
8.850000000000000000e+02 4.018936515445719948e+00
8.860000000000000000e+02 4.021192801772847325e+00
8.870000000000000000e+02 4.021832486987920063e+00
8.880000000000000000e+02 4.023136293240895611e+00
8.890000000000000000e+02 4.023173327934520316e+00
8.900000000000000000e+02 4.022396306864399307e+00
8.910000000000000000e+02 4.025441451213688460e+00
8.920000000000000000e+02 4.025914385067607348e+00
8.930000000000000000e+02 4.027081943920896023e+00
8.940000000000000000e+02 4.024334600958103358e+00
8.950000000000000000e+02 4.024186026801463534e+00
8.960000000000000000e+02 4.025056546187007811e+00
8.970000000000000000e+02 4.024473487862040066e+00
8.980000000000000000e+02 4.024832106691776268e+00
8.990000000000000000e+02 4.025210426563528010e+00
9.000000000000000000e+02 4.025702435597632523e+00
9.010000000000000000e+02 4.024906502615632320e+00
9.020000000000000000e+02 4.027221320629744028e+00
9.030000000000000000e+02 4.022978331156775944e+00
9.040000000000000000e+02 4.024291606971383217e+00
9.050000000000000000e+02 4.022861757587720355e+00
9.060000000000000000e+02 4.022379680708775496e+00
9.070000000000000000e+02 4.019298535698455410e+00
9.080000000000000000e+02 4.023418529715743652e+00
9.090000000000000000e+02 4.021065370861576227e+00
9.100000000000000000e+02 4.019668066293175634e+00
9.110000000000000000e+02 4.020003773137584169e+00
9.120000000000000000e+02 4.019742734330871592e+00
9.130000000000000000e+02 4.023020916972734895e+00
9.140000000000000000e+02 4.023412570422648216e+00
9.150000000000000000e+02 4.023053978804295383e+00
9.160000000000000000e+02 4.022806654535120430e+00
9.170000000000000000e+02 4.024615041481608202e+00
9.180000000000000000e+02 4.025740994128759631e+00
9.190000000000000000e+02 4.025749783405791149e+00
9.200000000000000000e+02 4.025271135161231584e+00
9.210000000000000000e+02 4.022704475788200007e+00
9.220000000000000000e+02 4.024787860981391852e+00
9.230000000000000000e+02 4.025142044355535909e+00
9.240000000000000000e+02 4.025274073990703805e+00
9.250000000000000000e+02 4.025424199196231179e+00
9.260000000000000000e+02 4.025957515111247886e+00
9.270000000000000000e+02 4.026251915074743337e+00
9.280000000000000000e+02 4.024455882096590997e+00
9.290000000000000000e+02 4.022873268003150926e+00
9.300000000000000000e+02 4.026663106298367545e+00
9.310000000000000000e+02 4.027200531132367978e+00
9.320000000000000000e+02 4.025358374858336141e+00
9.330000000000000000e+02 4.024863889588287336e+00
9.340000000000000000e+02 4.025367708363047470e+00
9.350000000000000000e+02 4.024807942982783437e+00
9.360000000000000000e+02 4.024078106452519954e+00
9.370000000000000000e+02 4.026481551944319115e+00
9.380000000000000000e+02 4.027487094217272023e+00
9.390000000000000000e+02 4.027621028649320145e+00
9.400000000000000000e+02 4.028775526038288035e+00
9.410000000000000000e+02 4.028436526616415492e+00
9.420000000000000000e+02 4.028353531895215944e+00
9.430000000000000000e+02 4.027574687662368369e+00
9.440000000000000000e+02 4.026794237957863842e+00
9.450000000000000000e+02 4.028623251133423899e+00
9.460000000000000000e+02 4.027849087258623229e+00
9.470000000000000000e+02 4.026562342543416051e+00
9.480000000000000000e+02 4.028008818082703613e+00
9.490000000000000000e+02 4.027561598986663327e+00
9.500000000000000000e+02 4.027034242364743832e+00
9.510000000000000000e+02 4.027329649149447022e+00
9.520000000000000000e+02 4.026699515130159668e+00
9.530000000000000000e+02 4.027289213032823945e+00
9.540000000000000000e+02 4.026406992752160185e+00
9.550000000000000000e+02 4.024858365677335570e+00
9.560000000000000000e+02 4.026867572637744530e+00
9.570000000000000000e+02 4.027731506868359013e+00
9.580000000000000000e+02 4.027633491463191717e+00
9.590000000000000000e+02 4.027978722291999603e+00
9.600000000000000000e+02 4.030291472240928208e+00
9.610000000000000000e+02 4.030260968279463896e+00
9.620000000000000000e+02 4.032281876134992338e+00
9.630000000000000000e+02 4.033391638008663627e+00
9.640000000000000000e+02 4.031562570410335056e+00
9.650000000000000000e+02 4.031626353894432135e+00
9.660000000000000000e+02 4.031399791911248087e+00
9.670000000000000000e+02 4.031233067761480271e+00
9.680000000000000000e+02 4.034455249375071162e+00
9.690000000000000000e+02 4.034482487970455722e+00
9.700000000000000000e+02 4.035471866681311859e+00
9.710000000000000000e+02 4.035273931074096154e+00
9.720000000000000000e+02 4.034746683297711023e+00
9.730000000000000000e+02 4.035252651771807919e+00
9.740000000000000000e+02 4.034794548122167868e+00
9.750000000000000000e+02 4.035524547920735117e+00
9.760000000000000000e+02 4.034759799184799434e+00
9.770000000000000000e+02 4.035397606814375315e+00
9.780000000000000000e+02 4.037339628867687935e+00
9.790000000000000000e+02 4.036566335757175494e+00
9.800000000000000000e+02 4.036719590271864000e+00
9.810000000000000000e+02 4.035927875054383662e+00
9.820000000000000000e+02 4.035754320847232179e+00
9.830000000000000000e+02 4.036000066856136215e+00
9.840000000000000000e+02 4.036521110436967597e+00
9.850000000000000000e+02 4.037471413600400183e+00
9.860000000000000000e+02 4.037491822138399300e+00
9.870000000000000000e+02 4.036218819172112227e+00
9.880000000000000000e+02 4.036931648587375854e+00
9.890000000000000000e+02 4.035430069995488367e+00
9.900000000000000000e+02 4.034811228700560193e+00
9.910000000000000000e+02 4.034470460538727821e+00
9.920000000000000000e+02 4.032651352306944048e+00
9.930000000000000000e+02 4.034429752308263062e+00
9.940000000000000000e+02 4.032225439724575367e+00
9.950000000000000000e+02 4.033406549847096123e+00
9.960000000000000000e+02 4.034035785890711878e+00
9.970000000000000000e+02 4.037519142367935743e+00
9.980000000000000000e+02 4.037743173692407872e+00
9.990000000000000000e+02 4.040414052666160494e+00
1.000000000000000000e+03 4.041723029082095131e+00
1.001000000000000000e+03 4.041676932997599891e+00
1.002000000000000000e+03 4.044966027404447217e+00
1.003000000000000000e+03 4.046355467882871260e+00
1.004000000000000000e+03 4.047775140208920597e+00
1.005000000000000000e+03 4.047709288659639526e+00
1.006000000000000000e+03 4.048328374857024237e+00
1.007000000000000000e+03 4.048756056179351859e+00
1.008000000000000000e+03 4.050949538632207414e+00
1.009000000000000000e+03 4.051400512899239637e+00
1.010000000000000000e+03 4.051029159141791958e+00
1.011000000000000000e+03 4.050644308537878935e+00
1.012000000000000000e+03 4.048975815316535609e+00
1.013000000000000000e+03 4.051376947840696019e+00
1.014000000000000000e+03 4.051611237856936221e+00
1.015000000000000000e+03 4.050185769506096101e+00
1.016000000000000000e+03 4.050733480243247975e+00
1.017000000000000000e+03 4.051794560950943591e+00
1.018000000000000000e+03 4.052175792440784186e+00
1.019000000000000000e+03 4.051589387115583918e+00
1.020000000000000000e+03 4.053145170784399731e+00
1.021000000000000000e+03 4.051402934712415416e+00
1.022000000000000000e+03 4.052482002144935258e+00
1.023000000000000000e+03 4.052652508677079268e+00
1.024000000000000000e+03 4.054519998749616327e+00
1.025000000000000000e+03 4.052042456659183500e+00
1.026000000000000000e+03 4.055883969372616527e+00
1.027000000000000000e+03 4.055834417442351736e+00
1.028000000000000000e+03 4.058112690567751812e+00
1.029000000000000000e+03 4.058908405858679735e+00
1.030000000000000000e+03 4.061578958295823938e+00
1.031000000000000000e+03 4.061533950666688320e+00
1.032000000000000000e+03 4.061855344323111794e+00
1.033000000000000000e+03 4.061497677891815705e+00
1.034000000000000000e+03 4.061087194164175074e+00
1.035000000000000000e+03 4.061956325769135567e+00
1.036000000000000000e+03 4.063446285100056343e+00
1.037000000000000000e+03 4.063811706775791954e+00
1.038000000000000000e+03 4.064454657356944445e+00
1.039000000000000000e+03 4.063958158444479274e+00
1.040000000000000000e+03 4.064390601759008348e+00
1.041000000000000000e+03 4.064452752560064219e+00
1.042000000000000000e+03 4.067877033122623942e+00
1.043000000000000000e+03 4.069109001321839614e+00
1.044000000000000000e+03 4.069041190552911580e+00
1.045000000000000000e+03 4.069745774918824388e+00
1.046000000000000000e+03 4.070182953014167104e+00
1.047000000000000000e+03 4.070053508460479641e+00
1.048000000000000000e+03 4.073122027388624389e+00
1.049000000000000000e+03 4.072892825901191394e+00
1.050000000000000000e+03 4.072350448595304151e+00
1.051000000000000000e+03 4.071410703448864687e+00
1.052000000000000000e+03 4.071255925096672001e+00
1.053000000000000000e+03 4.071400036586336313e+00
1.054000000000000000e+03 4.071701919680431381e+00
1.055000000000000000e+03 4.073962260503776633e+00
1.056000000000000000e+03 4.071244060933247866e+00
1.057000000000000000e+03 4.071482269388783770e+00
1.058000000000000000e+03 4.071967285097199962e+00
1.059000000000000000e+03 4.072825423303023662e+00
1.060000000000000000e+03 4.071210046703247265e+00
1.061000000000000000e+03 4.070752623338207421e+00
1.062000000000000000e+03 4.071262564674367646e+00
1.063000000000000000e+03 4.070506523581311598e+00
1.064000000000000000e+03 4.072875818786191537e+00
1.065000000000000000e+03 4.073122680461839451e+00
1.066000000000000000e+03 4.072866158744871790e+00
1.067000000000000000e+03 4.075031286935599795e+00
1.068000000000000000e+03 4.073163198212616187e+00
1.069000000000000000e+03 4.071251408006928862e+00
1.070000000000000000e+03 4.071955529779311966e+00
1.071000000000000000e+03 4.072750265460416408e+00
1.072000000000000000e+03 4.071809214167543267e+00
1.073000000000000000e+03 4.070445651715303370e+00
1.074000000000000000e+03 4.070196096112638884e+00
1.075000000000000000e+03 4.071002151729487650e+00
1.076000000000000000e+03 4.070994641387503776e+00
1.077000000000000000e+03 4.072950241921431846e+00
1.078000000000000000e+03 4.072587595806863803e+00
1.079000000000000000e+03 4.072268052524551152e+00
1.080000000000000000e+03 4.072213684179319948e+00
1.081000000000000000e+03 4.071178644766111354e+00
1.082000000000000000e+03 4.071524011651839636e+00
1.083000000000000000e+03 4.071586244087048279e+00
1.084000000000000000e+03 4.072336217041472750e+00
1.085000000000000000e+03 4.073682772378711903e+00
1.086000000000000000e+03 4.073651424864343618e+00
1.087000000000000000e+03 4.071922604004671875e+00
1.088000000000000000e+03 4.070771589672856017e+00
1.089000000000000000e+03 4.072435892341063735e+00
1.090000000000000000e+03 4.072443838065192168e+00
1.091000000000000000e+03 4.073110326493503131e+00
1.092000000000000000e+03 4.073040774196000413e+00
1.093000000000000000e+03 4.072487757238968165e+00
1.094000000000000000e+03 4.077189394589256111e+00
1.095000000000000000e+03 4.076826748474687179e+00
1.096000000000000000e+03 4.078119316426072061e+00
1.097000000000000000e+03 4.079031169903911902e+00
1.098000000000000000e+03 4.079907784639472013e+00
1.099000000000000000e+03 4.079137022187671491e+00
1.100000000000000000e+03 4.078135915370311615e+00
1.101000000000000000e+03 4.077387139716783793e+00
1.102000000000000000e+03 4.077664886313272063e+00
1.103000000000000000e+03 4.077510924302599982e+00
1.104000000000000000e+03 4.080188851024807661e+00
1.105000000000000000e+03 4.082952548029384232e+00
1.106000000000000000e+03 4.082880111325176031e+00
1.107000000000000000e+03 4.084660280066455762e+00
1.108000000000000000e+03 4.084228571459295409e+00
1.109000000000000000e+03 4.083531415801215481e+00
1.110000000000000000e+03 4.083770739923496151e+00
1.111000000000000000e+03 4.082993555585071377e+00
1.112000000000000000e+03 4.086525783707959825e+00
1.113000000000000000e+03 4.087580007146888406e+00
1.114000000000000000e+03 4.086923859044496510e+00
1.115000000000000000e+03 4.085853335986551649e+00
1.116000000000000000e+03 4.088856112210951466e+00
1.117000000000000000e+03 4.089684236260223926e+00
1.118000000000000000e+03 4.090311295393119551e+00
1.119000000000000000e+03 4.087985674459559071e+00
1.120000000000000000e+03 4.087691682666823922e+00
1.121000000000000000e+03 4.088388457365527806e+00
1.122000000000000000e+03 4.093403542648111682e+00
1.123000000000000000e+03 4.096580961535024379e+00
1.124000000000000000e+03 4.096930056380359453e+00
1.125000000000000000e+03 4.097272130688623726e+00
1.126000000000000000e+03 4.100210579201247540e+00
1.127000000000000000e+03 4.099808422157112275e+00
1.128000000000000000e+03 4.099126640930991883e+00
1.129000000000000000e+03 4.098788566696176083e+00
1.130000000000000000e+03 4.098550848045552364e+00
1.131000000000000000e+03 4.097042412184896065e+00
1.132000000000000000e+03 4.097781908756480185e+00
1.133000000000000000e+03 4.100786072761463785e+00
1.134000000000000000e+03 4.098983128091775896e+00
1.135000000000000000e+03 4.098230951015247925e+00
1.136000000000000000e+03 4.099849212021728029e+00
1.137000000000000000e+03 4.099302698585471916e+00
1.138000000000000000e+03 4.102863362604639796e+00
1.139000000000000000e+03 4.102930819625576042e+00
1.140000000000000000e+03 4.103534721870688351e+00
1.141000000000000000e+03 4.104129698781847857e+00
1.142000000000000000e+03 4.104654579167823947e+00
1.143000000000000000e+03 4.105153391047927869e+00
1.144000000000000000e+03 4.108451955016406920e+00
1.145000000000000000e+03 4.108603794539127385e+00
1.146000000000000000e+03 4.109261085519648304e+00
1.147000000000000000e+03 4.111420227205895728e+00
1.148000000000000000e+03 4.109792306158095876e+00
1.149000000000000000e+03 4.108766981208975544e+00
1.150000000000000000e+03 4.108376688328264414e+00
1.151000000000000000e+03 4.108548011201928141e+00
1.152000000000000000e+03 4.108641291826279129e+00
1.153000000000000000e+03 4.108305857095712277e+00
1.154000000000000000e+03 4.110122461880167499e+00
1.155000000000000000e+03 4.109497878983216168e+00
1.156000000000000000e+03 4.110779997763144067e+00
1.157000000000000000e+03 4.110468019245583804e+00
1.158000000000000000e+03 4.110687778382767554e+00
1.159000000000000000e+03 4.110282056647327487e+00
1.160000000000000000e+03 4.109943193282376228e+00
1.161000000000000000e+03 4.111622353366247928e+00
1.162000000000000000e+03 4.109995221448583536e+00
1.163000000000000000e+03 4.109568029931168098e+00
1.164000000000000000e+03 4.108959556173543248e+00
1.165000000000000000e+03 4.109393115154815312e+00
1.166000000000000000e+03 4.112142118012031666e+00
1.167000000000000000e+03 4.114762274966007993e+00
1.168000000000000000e+03 4.114153665151464523e+00
1.169000000000000000e+03 4.115805314526112646e+00
1.170000000000000000e+03 4.116250574402504192e+00
1.171000000000000000e+03 4.115859764505496621e+00
1.172000000000000000e+03 4.115959766341696024e+00
1.173000000000000000e+03 4.120051705422079991e+00
1.174000000000000000e+03 4.119722338830143826e+00
1.175000000000000000e+03 4.119770285288752554e+00
1.176000000000000000e+03 4.122175145772519755e+00
1.177000000000000000e+03 4.121393580401272239e+00
1.178000000000000000e+03 4.122787020953143866e+00
1.179000000000000000e+03 4.123712316854679649e+00
1.180000000000000000e+03 4.121310721736991312e+00
1.181000000000000000e+03 4.119314276915679862e+00
1.182000000000000000e+03 4.121473908406840359e+00
1.183000000000000000e+03 4.122471967549191874e+00
1.184000000000000000e+03 4.123676370616416342e+00
1.185000000000000000e+03 4.124706321500815065e+00
1.186000000000000000e+03 4.128303557620080610e+00
1.187000000000000000e+03 4.127556278592671823e+00
1.188000000000000000e+03 4.127767819891888124e+00
1.189000000000000000e+03 4.131320320495856180e+00
1.190000000000000000e+03 4.130949021161176127e+00
1.191000000000000000e+03 4.130640743391839287e+00
1.192000000000000000e+03 4.129492940003335555e+00
1.193000000000000000e+03 4.128498880934432513e+00
1.194000000000000000e+03 4.128674666475071753e+00
1.195000000000000000e+03 4.127670212657479354e+00
1.196000000000000000e+03 4.129179356014120117e+00
1.197000000000000000e+03 4.129883368940967081e+00
1.198000000000000000e+03 4.128153214723480069e+00
1.199000000000000000e+03 4.128509357317271089e+00
1.200000000000000000e+03 4.131059172843607463e+00
1.201000000000000000e+03 4.131687837448160039e+00
1.202000000000000000e+03 4.131725552426383175e+00
1.203000000000000000e+03 4.131000287408632232e+00
1.204000000000000000e+03 4.131545957291983484e+00
1.205000000000000000e+03 4.131071934982703198e+00
1.206000000000000000e+03 4.131160970631151841e+00
1.207000000000000000e+03 4.131285381078799723e+00
1.208000000000000000e+03 4.130598565746639750e+00
1.209000000000000000e+03 4.129285289932032477e+00
1.210000000000000000e+03 4.129367468311711420e+00
1.211000000000000000e+03 4.130704336396248344e+00
1.212000000000000000e+03 4.130266913398448203e+00
1.213000000000000000e+03 4.131551100243560093e+00
1.214000000000000000e+03 4.133321581732135819e+00
1.215000000000000000e+03 4.131905120349399496e+00
1.216000000000000000e+03 4.133162585615424156e+00
1.217000000000000000e+03 4.138177997434615563e+00
1.218000000000000000e+03 4.136685180908375337e+00
1.219000000000000000e+03 4.136240819007655389e+00
1.220000000000000000e+03 4.136060353108967469e+00
1.221000000000000000e+03 4.135297971763439939e+00
1.222000000000000000e+03 4.134214822623319741e+00
1.223000000000000000e+03 4.133472849815792216e+00
1.224000000000000000e+03 4.135118294994888366e+00
1.225000000000000000e+03 4.135812783937335979e+00
1.226000000000000000e+03 4.135219793457208581e+00
1.227000000000000000e+03 4.136257880545423760e+00
1.228000000000000000e+03 4.137256157378848442e+00
1.229000000000000000e+03 4.136863878067104316e+00
1.230000000000000000e+03 4.136849673724656284e+00
1.231000000000000000e+03 4.135847832199927687e+00
1.232000000000000000e+03 4.135014782890151785e+00
1.233000000000000000e+03 4.135230569165272207e+00
1.234000000000000000e+03 4.136383025700439475e+00
1.235000000000000000e+03 4.134660708361543868e+00
1.236000000000000000e+03 4.136968070456440216e+00
1.237000000000000000e+03 4.137590476442672305e+00
1.238000000000000000e+03 4.137802752449256438e+00
1.239000000000000000e+03 4.138915099404408160e+00
1.240000000000000000e+03 4.137840440216096205e+00
1.241000000000000000e+03 4.134873147636431767e+00
1.242000000000000000e+03 4.134359641608967628e+00
1.243000000000000000e+03 4.136093605420215980e+00
1.244000000000000000e+03 4.136163593099864144e+00
1.245000000000000000e+03 4.136148191456519463e+00
1.246000000000000000e+03 4.135835831979584043e+00
1.247000000000000000e+03 4.132767040937599390e+00
1.248000000000000000e+03 4.131523507900183745e+00
1.249000000000000000e+03 4.131732110369927824e+00
1.250000000000000000e+03 4.133415352161399881e+00
1.251000000000000000e+03 4.134177080433712348e+00
1.252000000000000000e+03 4.136540334711344080e+00
1.253000000000000000e+03 4.134676327695959053e+00
1.254000000000000000e+03 4.136239594495375371e+00
1.255000000000000000e+03 4.137288103543664164e+00
1.256000000000000000e+03 4.137184591438927583e+00
1.257000000000000000e+03 4.137266035111239582e+00
1.258000000000000000e+03 4.137898727000624000e+00
1.259000000000000000e+03 4.140696356601047512e+00
1.260000000000000000e+03 4.140821665024367881e+00
1.261000000000000000e+03 4.140919653218151808e+00
1.262000000000000000e+03 4.141682823693815685e+00
1.263000000000000000e+03 4.141706878557272375e+00
1.264000000000000000e+03 4.143117843240440301e+00
1.265000000000000000e+03 4.144358274180079960e+00
1.266000000000000000e+03 4.144560754088423948e+00
1.267000000000000000e+03 4.144442575047711408e+00
1.268000000000000000e+03 4.143305329676199911e+00
1.269000000000000000e+03 4.142457722275983301e+00
1.270000000000000000e+03 4.141250543647592153e+00
1.271000000000000000e+03 4.141469214329416282e+00
1.272000000000000000e+03 4.144089915511071531e+00
1.273000000000000000e+03 4.144768757907720591e+00
1.274000000000000000e+03 4.141720756363111988e+00
1.275000000000000000e+03 4.141991237520071145e+00
1.276000000000000000e+03 4.144815942447575452e+00
1.277000000000000000e+03 4.143812196125967517e+00
1.278000000000000000e+03 4.145776504302776111e+00
1.279000000000000000e+03 4.145584908948031888e+00
1.280000000000000000e+03 4.147599612608007469e+00
1.281000000000000000e+03 4.147721900567703734e+00
1.282000000000000000e+03 4.148145173645824357e+00
1.283000000000000000e+03 4.148696095326287470e+00
1.284000000000000000e+03 4.148263488743455518e+00
1.285000000000000000e+03 4.148932126871104131e+00
1.286000000000000000e+03 4.146267152767679320e+00
1.287000000000000000e+03 4.147164067195703296e+00
1.288000000000000000e+03 4.147534849514087796e+00
1.289000000000000000e+03 4.150342166367216201e+00
1.290000000000000000e+03 4.149660711677704228e+00
1.291000000000000000e+03 4.152074742397879881e+00
1.292000000000000000e+03 4.153723697845511431e+00
1.293000000000000000e+03 4.156329596034271212e+00
1.294000000000000000e+03 4.156806257847799557e+00
1.295000000000000000e+03 4.155591160706664233e+00
1.296000000000000000e+03 4.155651189019768488e+00
1.297000000000000000e+03 4.155340435014488243e+00
1.298000000000000000e+03 4.155246691796607550e+00
1.299000000000000000e+03 4.155526098287519510e+00
1.300000000000000000e+03 4.157910250908063432e+00
1.301000000000000000e+03 4.160801786994672291e+00
1.302000000000000000e+03 4.161660115680184013e+00
1.303000000000000000e+03 4.164399050325319429e+00
1.304000000000000000e+03 4.164193985335495896e+00
1.305000000000000000e+03 4.164610047396855919e+00
1.306000000000000000e+03 4.161780961436527981e+00
1.307000000000000000e+03 4.164524685285247330e+00
1.308000000000000000e+03 4.163655254355063562e+00
1.309000000000000000e+03 4.165049347980152028e+00
1.310000000000000000e+03 4.166268390771968200e+00
1.311000000000000000e+03 4.166711310469335849e+00
1.312000000000000000e+03 4.164701613704015593e+00
1.313000000000000000e+03 4.164285905390647358e+00
1.314000000000000000e+03 4.164013954818951646e+00
1.315000000000000000e+03 4.164608251445511833e+00
1.316000000000000000e+03 4.163802141405895441e+00
1.317000000000000000e+03 4.162644814032991469e+00
1.318000000000000000e+03 4.158832145386599954e+00
1.319000000000000000e+03 4.159067605492351660e+00
1.320000000000000000e+03 4.157470161194631864e+00
1.321000000000000000e+03 4.157665049126840096e+00
1.322000000000000000e+03 4.158168731844679833e+00
1.323000000000000000e+03 4.157238891642015766e+00
1.324000000000000000e+03 4.158077192748903528e+00
1.325000000000000000e+03 4.159179716394432624e+00
