0.000000000000000000e+00 1.319164182407055523e+04
1.000000000000000000e+00 3.614552910963540455e+01
2.000000000000000000e+00 2.927053694339806356e+01
3.000000000000000000e+00 2.674440547281533753e+01
4.000000000000000000e+00 2.661489931568221579e+01
5.000000000000000000e+00 2.580080650300030243e+01
6.000000000000000000e+00 2.557403546228061231e+01
7.000000000000000000e+00 2.539234706979016210e+01
8.000000000000000000e+00 2.528176073514075739e+01
9.000000000000000000e+00 2.519750455362986941e+01
1.000000000000000000e+01 2.511982335136035260e+01
1.100000000000000000e+01 2.504815194843777348e+01
1.200000000000000000e+01 2.498374792283485490e+01
1.300000000000000000e+01 2.493123833462447081e+01
1.400000000000000000e+01 2.487660408961504643e+01
1.500000000000000000e+01 2.482582567657762240e+01
1.600000000000000000e+01 2.478172765801070909e+01
1.700000000000000000e+01 2.474499312459920830e+01
1.800000000000000000e+01 2.471041384411423181e+01
1.900000000000000000e+01 2.467196531049881258e+01
2.000000000000000000e+01 2.463891799611473132e+01
2.100000000000000000e+01 2.460754390423860372e+01
2.200000000000000000e+01 2.458207208817568201e+01
2.300000000000000000e+01 2.455462880163939943e+01
2.400000000000000000e+01 2.452793627722291703e+01
2.500000000000000000e+01 2.450637001826690664e+01
2.600000000000000000e+01 2.448118230910205639e+01
2.700000000000000000e+01 2.445379239866717214e+01
2.800000000000000000e+01 2.443372812674932604e+01
2.900000000000000000e+01 2.440754118405626016e+01
3.000000000000000000e+01 2.438537236136601649e+01
3.100000000000000000e+01 2.436334129838254725e+01
3.200000000000000000e+01 2.434339349743739689e+01
3.300000000000000000e+01 2.432743676848993175e+01
3.400000000000000000e+01 2.430821941794969732e+01
3.500000000000000000e+01 2.429195040281363305e+01
3.600000000000000000e+01 2.427278529708940624e+01
3.700000000000000000e+01 2.425757958737205655e+01
3.800000000000000000e+01 2.424625428937280702e+01
3.900000000000000000e+01 2.423530709780280290e+01
4.000000000000000000e+01 2.422292034557910867e+01
4.100000000000000000e+01 2.420871716040200639e+01
4.200000000000000000e+01 2.419623337474543590e+01
4.300000000000000000e+01 2.418107569323492001e+01
4.400000000000000000e+01 2.416975990831733156e+01
4.500000000000000000e+01 2.415712123940700451e+01
4.600000000000000000e+01 2.414444739780558180e+01
4.700000000000000000e+01 2.413048306811111487e+01
4.800000000000000000e+01 2.411908691050905418e+01
4.900000000000000000e+01 2.410968628890583432e+01
5.000000000000000000e+01 2.409832550968311793e+01
5.100000000000000000e+01 2.408663352095262056e+01
5.200000000000000000e+01 2.407636119253742280e+01
5.300000000000000000e+01 2.406657305426743676e+01
5.400000000000000000e+01 2.405507904047948742e+01
5.500000000000000000e+01 2.404486255642471093e+01
5.600000000000000000e+01 2.403502464159774021e+01
5.700000000000000000e+01 2.402539277497720960e+01
5.800000000000000000e+01 2.401597035041928052e+01
5.900000000000000000e+01 2.400788505376553772e+01
6.000000000000000000e+01 2.400036797090794494e+01
6.100000000000000000e+01 2.399176799082563605e+01
6.200000000000000000e+01 2.398294170224406230e+01
6.300000000000000000e+01 2.397239426579182009e+01
6.400000000000000000e+01 2.396356278358188518e+01
6.500000000000000000e+01 2.395786213367770401e+01
6.600000000000000000e+01 2.395045278004209521e+01
6.700000000000000000e+01 2.394157990307144956e+01
6.800000000000000000e+01 2.393359575361562719e+01
6.900000000000000000e+01 2.392479882703202776e+01
7.000000000000000000e+01 2.391693814194946910e+01
7.100000000000000000e+01 2.391042142390547909e+01
7.200000000000000000e+01 2.390504622423802772e+01
7.300000000000000000e+01 2.389769939983102631e+01
7.400000000000000000e+01 2.389047285162938650e+01
7.500000000000000000e+01 2.388448413532827885e+01
7.600000000000000000e+01 2.387778728579759857e+01
7.700000000000000000e+01 2.387195674376228283e+01
7.800000000000000000e+01 2.386315143538241657e+01
7.900000000000000000e+01 2.385679258307183304e+01
8.000000000000000000e+01 2.385179101611413799e+01
8.100000000000000000e+01 2.384660042165285532e+01
8.200000000000000000e+01 2.384083919655846273e+01
8.300000000000000000e+01 2.383382872386554396e+01
8.400000000000000000e+01 2.382730131003244978e+01
8.500000000000000000e+01 2.381972360056258253e+01
8.600000000000000000e+01 2.381369806606436867e+01
8.700000000000000000e+01 2.380741603831591036e+01
8.800000000000000000e+01 2.380310553246287242e+01
8.900000000000000000e+01 2.379689076477281873e+01
9.000000000000000000e+01 2.379075960935720246e+01
9.100000000000000000e+01 2.378467524801891742e+01
9.200000000000000000e+01 2.377854213856490517e+01
9.300000000000000000e+01 2.377313958235993852e+01
9.400000000000000000e+01 2.376825047545402469e+01
9.500000000000000000e+01 2.376175648596188239e+01
9.600000000000000000e+01 2.375662600389224366e+01
9.700000000000000000e+01 2.375159774888384945e+01
9.800000000000000000e+01 2.374612335605687363e+01
9.900000000000000000e+01 2.374070033387082646e+01
1.000000000000000000e+02 2.373493442936869968e+01
