################################################################################
# Neural network connection values (weights and biases).
################################################################################
# Col  Name       Description
################################################################################
# 1    connection Neural network connection value.
# 2    t          Connection type (a = weight, b = bias).
# 3    index      Index enumerating weights.
# 4    l_s        Starting point layer (end point layer for biases).
# 5    n_s        Starting point neuron in starting layer (end point neuron for biases).
# 6    l_e        End point layer.
# 7    n_e        End point neuron in end layer.
################################################################################
#                      1 2         3     4     5     6     7
#             connection t     index   l_s   n_s   l_e   n_e
############################################################
 -1.1828764994020444E+01 a         1     0     1     1     1
 -1.4384078834242666E+00 a         2     0     1     1     2
 -8.2405464464534255E+00 a         3     0     1     1     3
  7.7471286338640533E-02 a         4     0     1     1     4
 -1.1888025760889919E+01 a         5     0     1     1     5
 -1.0569140784909955E+01 a         6     0     1     1     6
 -5.6238797987751168E+00 a         7     0     1     1     7
  1.0552585933820279E+01 a         8     0     1     1     8
  8.5115292479865587E+00 a         9     0     1     1     9
 -8.1811381298691561E+00 a        10     0     1     1    10
  4.6468776854882874E+00 a        11     0     1     1    11
  1.6677602177831814E+00 a        12     0     1     1    12
 -5.5569872046362665E+00 a        13     0     1     1    13
 -3.0746497812147147E+00 a        14     0     1     1    14
  4.3203277562786697E+00 a        15     0     1     1    15
  1.0459774789493965E+01 a        16     0     1     1    16
 -2.9705361571247324E+00 a        17     0     2     1     1
  3.4635652587168777E+00 a        18     0     2     1     2
 -9.9704696961622137E+00 a        19     0     2     1     3
  9.2972280102642966E+00 a        20     0     2     1     4
  6.8591513281034369E-02 a        21     0     2     1     5
  2.2093357962616195E-01 a        22     0     2     1     6
 -2.3508138642269008E+00 a        23     0     2     1     7
  2.8178556850691319E+00 a        24     0     2     1     8
  5.5093169165383378E+00 a        25     0     2     1     9
  8.6055448390634908E+00 a        26     0     2     1    10
 -3.2773327764589268E+00 a        27     0     2     1    11
  2.7581630277519307E+00 a        28     0     2     1    12
 -1.8603210987149847E+00 a        29     0     2     1    13
 -5.1461699149426856E+00 a        30     0     2     1    14
  6.1356349280460440E+00 a        31     0     2     1    15
 -3.4454365564000855E+00 a        32     0     2     1    16
  2.4644787194580872E-01 a        33     0     3     1     1
 -3.8831778626357222E-01 a        34     0     3     1     2
 -1.3690929047435079E+00 a        35     0     3     1     3
 -2.9935183432639206E-01 a        36     0     3     1     4
 -5.9847242440733392E+00 a        37     0     3     1     5
  3.6984590288108041E+00 a        38     0     3     1     6
 -5.2328939776628569E-01 a        39     0     3     1     7
  4.7537781280137548E+00 a        40     0     3     1     8
  2.8208944789502519E-02 a        41     0     3     1     9
  3.0198888214364867E+00 a        42     0     3     1    10
 -5.0918251233511347E+00 a        43     0     3     1    11
 -3.7318087783192930E+00 a        44     0     3     1    12
  1.1250336333194335E+00 a        45     0     3     1    13
 -5.3485206470589131E-01 a        46     0     3     1    14
 -3.4169584055480748E+00 a        47     0     3     1    15
 -2.7721262472447190E+00 a        48     0     3     1    16
  1.2432276422520296E+01 a        49     0     4     1     1
  1.9687391383490134E+00 a        50     0     4     1     2
  5.8746731647525809E+00 a        51     0     4     1     3
  9.5590447014662613E-02 a        52     0     4     1     4
  1.3093212014492684E+01 a        53     0     4     1     5
  9.4582921862547806E+00 a        54     0     4     1     6
  4.8097740985077442E+00 a        55     0     4     1     7
 -1.2718126551708751E+01 a        56     0     4     1     8
 -9.4260347182500688E+00 a        57     0     4     1     9
  8.7407295172857928E+00 a        58     0     4     1    10
 -4.6482145611443872E+00 a        59     0     4     1    11
 -2.0879107765806504E+00 a        60     0     4     1    12
  1.7764972659078422E+00 a        61     0     4     1    13
  1.4368002695282540E+00 a        62     0     4     1    14
 -6.0900722244083338E+00 a        63     0     4     1    15
 -9.2190065150376999E+00 a        64     0     4     1    16
  2.0805588440119553E+00 a        65     0     5     1     1
 -3.2699964460370450E+00 a        66     0     5     1     2
  1.1154192323142192E+01 a        67     0     5     1     3
 -1.4688966154366648E+01 a        68     0     5     1     4
  3.4890039969873485E+00 a        69     0     5     1     5
  6.5204029109426802E+00 a        70     0     5     1     6
  2.7327895081425861E+00 a        71     0     5     1     7
 -2.5941695080880924E+00 a        72     0     5     1     8
 -9.5340504965013526E+00 a        73     0     5     1     9
 -7.2143388043690226E+00 a        74     0     5     1    10
  2.8105770778193819E+00 a        75     0     5     1    11
 -1.9318684867306362E+00 a        76     0     5     1    12
  6.6917585817843701E+00 a        77     0     5     1    13
  8.1998558147571501E+00 a        78     0     5     1    14
 -1.2269600966989213E+01 a        79     0     5     1    15
  1.3592089662293392E+00 a        80     0     5     1    16
 -2.1324154114418761E+00 a        81     0     6     1     1
 -4.9439080997935819E-01 a        82     0     6     1     2
 -2.2448970911628838E-01 a        83     0     6     1     3
 -1.0203470039122104E+00 a        84     0     6     1     4
 -3.3663760821855253E+00 a        85     0     6     1     5
 -1.8261396566167056E+00 a        86     0     6     1     6
 -5.1130461051491105E-01 a        87     0     6     1     7
  3.9725323348009294E+00 a        88     0     6     1     8
  1.9950090681662582E+00 a        89     0     6     1     9
 -9.6246068274378715E-01 a        90     0     6     1    10
  1.5972044972020192E+00 a        91     0     6     1    11
  6.8334823465022265E-01 a        92     0     6     1    12
  2.0621191623546862E+00 a        93     0     6     1    13
 -5.7104906336205596E-01 a        94     0     6     1    14
  1.0850358049934865E+00 a        95     0     6     1    15
  2.6431364967456221E+00 a        96     0     6     1    16
 -1.1967725521029828E+00 a        97     0     7     1     1
  2.6747463983521675E+00 a        98     0     7     1     2
  1.2987608069938703E+00 a        99     0     7     1     3
  3.6652434238137094E-01 a       100     0     7     1     4
  2.0598965822010773E+00 a       101     0     7     1     5
  3.2789166505719675E-01 a       102     0     7     1     6
 -1.3505550576991547E+00 a       103     0     7     1     7
 -3.5419486928255051E+00 a       104     0     7     1     8
  1.5127662823472445E-02 a       105     0     7     1     9
  1.1465606532734800E+00 a       106     0     7     1    10
 -1.9177975350980669E+00 a       107     0     7     1    11
  3.6177070929941707E-01 a       108     0     7     1    12
  9.4360538489462720E-01 a       109     0     7     1    13
 -2.1299259773102386E+00 a       110     0     7     1    14
  2.9739238681248428E+00 a       111     0     7     1    15
 -2.8332260278545945E-01 a       112     0     7     1    16
 -4.7965850985157399E+00 a       113     0     8     1     1
  2.2972570618564972E-01 a       114     0     8     1     2
 -3.3543190252894961E+00 a       115     0     8     1     3
  7.0458734157814442E+00 a       116     0     8     1     4
 -3.6716235387060241E+00 a       117     0     8     1     5
 -4.7257003751800930E+00 a       118     0     8     1     6
 -1.3600707839342157E+00 a       119     0     8     1     7
  2.7057546456630930E+00 a       120     0     8     1     8
  5.6218170914835417E+00 a       121     0     8     1     9
  4.7594087388622048E+00 a       122     0     8     1    10
  1.8202207140927098E+00 a       123     0     8     1    11
  3.7871144894135527E+00 a       124     0     8     1    12
 -1.1995320631958850E+00 a       125     0     8     1    13
 -1.3897628408087655E+01 a       126     0     8     1    14
  8.3066751792357270E+00 a       127     0     8     1    15
 -4.1616463444261687E+00 a       128     0     8     1    16
  2.6594808691345593E+00 a       129     0     9     1     1
 -1.2546784567551756E+01 a       130     0     9     1     2
  1.7476633921997330E+01 a       131     0     9     1     3
  9.9834116232165560E+00 a       132     0     9     1     4
  9.0648864101333189E+00 a       133     0     9     1     5
 -1.9156401994554333E+00 a       134     0     9     1     6
 -1.2760029584564309E+01 a       135     0     9     1     7
 -3.1847691632041386E+01 a       136     0     9     1     8
  1.8733294812634036E+01 a       137     0     9     1     9
 -9.5431378784210281E+00 a       138     0     9     1    10
 -1.5576877178299069E+01 a       139     0     9     1    11
 -4.8288717717338780E+00 a       140     0     9     1    12
 -4.7349613703169124E+00 a       141     0     9     1    13
 -3.1328860184931764E+00 a       142     0     9     1    14
  1.5544670922459890E+01 a       143     0     9     1    15
 -2.3394180039099414E+01 a       144     0     9     1    16
  2.7983772141489069E+01 a       145     0    10     1     1
  3.0076480407139673E+01 a       146     0    10     1     2
  1.6245027331961037E+01 a       147     0    10     1     3
 -4.7717140759297312E+00 a       148     0    10     1     4
 -8.3786883776081460E+00 a       149     0    10     1     5
 -5.5288076825493334E+01 a       150     0    10     1     6
  1.1422192876674266E+01 a       151     0    10     1     7
  6.9565832437513073E+00 a       152     0    10     1     8
  2.0569015042166537E+01 a       153     0    10     1     9
 -3.3569228551863226E+01 a       154     0    10     1    10
 -4.4758337429478230E+00 a       155     0    10     1    11
 -4.4870345408942939E+01 a       156     0    10     1    12
 -3.4504825645586223E+01 a       157     0    10     1    13
 -4.1292546968825727E-01 a       158     0    10     1    14
  1.3737862373793471E+01 a       159     0    10     1    15
  1.4406651982087515E+01 a       160     0    10     1    16
  2.1990642569819588E+01 a       161     0    11     1     1
 -5.5739681920034281E+00 a       162     0    11     1     2
  9.0124746605010291E+00 a       163     0    11     1     3
  3.6175774377806370E+01 a       164     0    11     1     4
 -5.4816433938953812E+00 a       165     0    11     1     5
  9.8489513000180295E+00 a       166     0    11     1     6
  3.1949006521795852E+01 a       167     0    11     1     7
  8.9607410210806523E-02 a       168     0    11     1     8
 -1.3020860642197988E+01 a       169     0    11     1     9
 -1.3350729021769528E+01 a       170     0    11     1    10
  1.2840220195356489E+01 a       171     0    11     1    11
  5.5106479406836062E+00 a       172     0    11     1    12
 -1.8591502213193042E+01 a       173     0    11     1    13
 -2.4828968196954314E+01 a       174     0    11     1    14
 -1.1619321350344611E+01 a       175     0    11     1    15
  1.4090973870754683E+01 a       176     0    11     1    16
 -4.5933086566945409E+00 a       177     0    12     1     1
  6.1808548692526664E+01 a       178     0    12     1     2
 -2.2656151729216770E+01 a       179     0    12     1     3
 -7.8516803530098516E+00 a       180     0    12     1     4
 -4.9494911427673713E+01 a       181     0    12     1     5
  8.2225348838774536E+01 a       182     0    12     1     6
  4.2275204493978649E+01 a       183     0    12     1     7
  3.6033353692081036E+01 a       184     0    12     1     8
  2.5020233548168683E+01 a       185     0    12     1     9
  5.3879049494963240E+01 a       186     0    12     1    10
 -2.4783017553786738E+01 a       187     0    12     1    11
  3.1193162404521374E+01 a       188     0    12     1    12
 -6.5033695928816840E+01 a       189     0    12     1    13
 -1.6452134461400782E+01 a       190     0    12     1    14
  1.2646793940060016E+02 a       191     0    12     1    15
  7.2345698679518577E-01 a       192     0    12     1    16
 -1.8185593539769989E+01 a       193     0    13     1     1
 -1.5964043818988380E+01 a       194     0    13     1     2
 -4.7292954399111636E+01 a       195     0    13     1     3
  3.8558078939815656E+00 a       196     0    13     1     4
  1.7160542014702777E+01 a       197     0    13     1     5
  7.5056407366454660E+00 a       198     0    13     1     6
  4.9973753271305739E+01 a       199     0    13     1     7
  2.8201538826559968E+01 a       200     0    13     1     8
 -1.5807929458272685E+01 a       201     0    13     1     9
  2.0303768273323906E+00 a       202     0    13     1    10
  7.1621847908011080E+00 a       203     0    13     1    11
  4.0366691361079113E+01 a       204     0    13     1    12
  3.7865092860784461E-01 a       205     0    13     1    13
  1.7113723705396954E+01 a       206     0    13     1    14
  3.8141738215943533E-01 a       207     0    13     1    15
 -1.0101061359519935E+01 a       208     0    13     1    16
  1.1633473489551041E+00 a       209     0    14     1     1
  5.6583280714861539E+00 a       210     0    14     1     2
 -7.3671715078215190E+00 a       211     0    14     1     3
  6.9745656018998048E+00 a       212     0    14     1     4
 -2.8013088505158357E+00 a       213     0    14     1     5
 -2.6860061692180828E+01 a       214     0    14     1     6
  1.4407724237399404E+00 a       215     0    14     1     7
  9.1396655507545308E+00 a       216     0    14     1     8
  8.9655646076444544E+00 a       217     0    14     1     9
 -3.5706465641022117E-01 a       218     0    14     1    10
  9.6678185191398818E+00 a       219     0    14     1    11
 -7.0620085465227342E+00 a       220     0    14     1    12
  1.8143319473177473E+00 a       221     0    14     1    13
 -4.8892006872683796E-01 a       222     0    14     1    14
 -7.6677222380346910E+00 a       223     0    14     1    15
 -9.1420755536755554E-04 a       224     0    14     1    16
 -2.9695129122583483E+00 a       225     0    15     1     1
  9.9224194117986517E+00 a       226     0    15     1     2
  3.8794655448206368E+00 a       227     0    15     1     3
  1.7705471173279934E+00 a       228     0    15     1     4
  7.0081622989779675E+01 a       229     0    15     1     5
 -1.7418568377425760E+01 a       230     0    15     1     6
 -8.7206210640185411E+00 a       231     0    15     1     7
  1.4018095164524221E+01 a       232     0    15     1     8
  2.2664395236744312E+01 a       233     0    15     1     9
 -3.9171887179445932E+01 a       234     0    15     1    10
 -5.8878180241190545E+00 a       235     0    15     1    11
  9.9534044609343972E+00 a       236     0    15     1    12
  9.5368040518058130E+00 a       237     0    15     1    13
  7.2877220325708745E+00 a       238     0    15     1    14
  4.7846125550276497E+01 a       239     0    15     1    15
  1.1328276401405789E+01 a       240     0    15     1    16
  1.8548611878824810E+00 a       241     0    16     1     1
 -8.9511338352711678E-01 a       242     0    16     1     2
 -6.3811179552822530E+00 a       243     0    16     1     3
  1.2387588435352388E+00 a       244     0    16     1     4
  5.2605974753745661E+00 a       245     0    16     1     5
  1.4755568203877514E+00 a       246     0    16     1     6
  4.3641919204188548E+00 a       247     0    16     1     7
  1.8717899682846137E+00 a       248     0    16     1     8
 -6.3070110389833756E-01 a       249     0    16     1     9
  2.1682241292421036E+00 a       250     0    16     1    10
  5.1150913655073549E-01 a       251     0    16     1    11
  3.3303437669970566E+00 a       252     0    16     1    12
  3.0677993853309959E+00 a       253     0    16     1    13
 -1.4259711273043238E+00 a       254     0    16     1    14
 -1.5338193071082478E+00 a       255     0    16     1    15
  1.9160334101116092E-01 a       256     0    16     1    16
  6.5423935478727868E-01 a       257     0    17     1     1
  2.2390293653867901E+00 a       258     0    17     1     2
 -4.3213458902665369E+00 a       259     0    17     1     3
  4.1834785401446406E-01 a       260     0    17     1     4
  3.9006391755764791E+00 a       261     0    17     1     5
 -7.0501084938545695E+00 a       262     0    17     1     6
  2.6168468344595506E+00 a       263     0    17     1     7
  4.7693990969386837E+00 a       264     0    17     1     8
  2.3536226410624908E+00 a       265     0    17     1     9
  3.6107948168088178E-01 a       266     0    17     1    10
  8.6634957551636749E-01 a       267     0    17     1    11
 -3.9399752449625414E+00 a       268     0    17     1    12
  1.1066600985211676E+00 a       269     0    17     1    13
 -1.3546814888952927E+00 a       270     0    17     1    14
 -6.0105771638251735E+00 a       271     0    17     1    15
  3.3278297144318403E-02 a       272     0    17     1    16
  1.4727060019209703E+00 a       273     0    18     1     1
  4.0151342135201427E+00 a       274     0    18     1     2
 -1.5132946289378332E-01 a       275     0    18     1     3
 -1.9061814918987943E-01 a       276     0    18     1     4
  2.3470186054628934E+00 a       277     0    18     1     5
 -2.1860012470426868E+00 a       278     0    18     1     6
  3.2744222844927076E+00 a       279     0    18     1     7
  6.8982789183438156E+00 a       280     0    18     1     8
  3.7240731028938430E+00 a       281     0    18     1     9
 -6.1275445283586205E-01 a       282     0    18     1    10
 -6.6090890992455114E+00 a       283     0    18     1    11
 -6.8656240089755594E-01 a       284     0    18     1    12
 -2.6823632005633034E+00 a       285     0    18     1    13
 -5.2670250225099569E-01 a       286     0    18     1    14
  6.1996266447399844E+00 a       287     0    18     1    15
  1.9825920683510077E+00 a       288     0    18     1    16
 -2.8567084470175788E+00 a       289     0    19     1     1
  3.5735252354995794E+01 a       290     0    19     1     2
 -3.2005631921346364E+01 a       291     0    19     1     3
 -2.6424321819935535E+01 a       292     0    19     1     4
 -6.4822490533400758E+00 a       293     0    19     1     5
  2.6508312924204290E+01 a       294     0    19     1     6
  4.0908333671262277E+01 a       295     0    19     1     7
  6.8413327859656874E+01 a       296     0    19     1     8
 -5.2415475431166342E+01 a       297     0    19     1     9
  2.7326428679275132E+01 a       298     0    19     1    10
  2.1329293705859747E+01 a       299     0    19     1    11
  1.1137421314923596E+01 a       300     0    19     1    12
  1.2556256784512460E+01 a       301     0    19     1    13
  5.7613893764730078E+00 a       302     0    19     1    14
 -3.2985256381776509E+01 a       303     0    19     1    15
  3.1882381248239277E+01 a       304     0    19     1    16
 -5.3093105054749991E+01 a       305     0    20     1     1
 -8.7038502598091370E+01 a       306     0    20     1     2
 -1.7387662560734551E+01 a       307     0    20     1     3
 -5.7545772774376278E+00 a       308     0    20     1     4
  3.7194993656005238E+01 a       309     0    20     1     5
  1.4558737823136116E+02 a       310     0    20     1     6
 -3.5044536865538269E+01 a       311     0    20     1     7
 -3.2991846388170053E+01 a       312     0    20     1     8
 -6.2879204947013804E+01 a       313     0    20     1     9
  5.8615918618973609E+01 a       314     0    20     1    10
 -4.3039536363957227E+00 a       315     0    20     1    11
  1.0043643162489671E+02 a       316     0    20     1    12
  8.3535946362086236E+01 a       317     0    20     1    13
  9.5277726604912960E-01 a       318     0    20     1    14
 -4.3065271528465949E+01 a       319     0    20     1    15
 -3.6935447686875001E+01 a       320     0    20     1    16
 -5.0475570918043914E+01 a       321     0    21     1     1
 -4.0460375220806108E+00 a       322     0    21     1     2
 -2.6768047347777856E+01 a       323     0    21     1     3
 -8.3242733080998548E+01 a       324     0    21     1     4
  5.3720663426531161E+01 a       325     0    21     1     5
 -1.8737463940878627E+01 a       326     0    21     1     6
 -7.1979412358938617E+01 a       327     0    21     1     7
 -6.5452328865620588E+00 a       328     0    21     1     8
  1.9600175716021681E+01 a       329     0    21     1     9
  1.5169060441503468E+01 a       330     0    21     1    10
 -1.9481023271841007E+01 a       331     0    21     1    11
  9.6887384680297188E+00 a       332     0    21     1    12
  3.0529314215967432E+01 a       333     0    21     1    13
  7.3685315409594139E+01 a       334     0    21     1    14
  3.9857592016067727E+01 a       335     0    21     1    15
 -2.4905522664606760E+01 a       336     0    21     1    16
  5.3641598541459476E+00 a       337     0    22     1     1
 -7.8397608294254262E+00 a       338     0    22     1     2
  3.3993667271655227E+01 a       339     0    22     1     3
  7.8796377381984906E+00 a       340     0    22     1     4
 -4.3710640765396738E+00 a       341     0    22     1     5
 -1.3602927615750799E+01 a       342     0    22     1     6
 -3.5017579068806604E+01 a       343     0    22     1     7
 -3.7267458267159874E+01 a       344     0    22     1     8
  2.7324126202787433E+01 a       345     0    22     1     9
 -1.3799853361515291E+01 a       346     0    22     1    10
 -1.3088993005153622E+01 a       347     0    22     1    11
 -2.1761565597540589E+01 a       348     0    22     1    12
 -9.0175667196621418E+00 a       349     0    22     1    13
 -6.1984887817556586E+00 a       350     0    22     1    14
  1.4891372320770017E+01 a       351     0    22     1    15
 -7.6536750294099871E+00 a       352     0    22     1    16
  2.8229030132582892E+01 a       353     0    23     1     1
 -3.4968485361035512E+01 a       354     0    23     1     2
  3.7038797776928924E+01 a       355     0    23     1     3
  9.1725424370972028E+00 a       356     0    23     1     4
  4.0567828991054874E+01 a       357     0    23     1     5
 -1.3182996164216829E+02 a       358     0    23     1     6
 -3.4994015996340927E+01 a       359     0    23     1     7
 -3.4545851515199161E+01 a       360     0    23     1     8
 -5.6199721389826998E+00 a       361     0    23     1     9
 -8.3391846379110490E+01 a       362     0    23     1    10
  1.8439728845933544E+01 a       363     0    23     1    11
 -7.3107329022498448E+01 a       364     0    23     1    12
  3.0771066914634691E+01 a       365     0    23     1    13
  1.9172105271986730E+01 a       366     0    23     1    14
 -1.1099855538195010E+02 a       367     0    23     1    15
  1.8301809270411930E+01 a       368     0    23     1    16
  2.2245959409138262E+01 a       369     0    24     1     1
 -6.5682725698937867E+00 a       370     0    24     1     2
  8.3512690282899502E+00 a       371     0    24     1     3
  3.4593704212781930E+01 a       372     0    24     1     4
 -4.0330853561082009E+01 a       373     0    24     1     5
  1.5970077182844685E+01 a       374     0    24     1     6
  2.6922742707430299E+01 a       375     0    24     1     7
 -9.1059706951862349E+00 a       376     0    24     1     8
 -1.8522809012650942E+01 a       377     0    24     1     9
  6.4093503174756998E+00 a       378     0    24     1    10
  1.3765022389740389E+01 a       379     0    24     1    11
 -8.7051455126067019E+00 a       380     0    24     1    12
 -1.8205411998314169E+01 a       381     0    24     1    13
 -2.4300623141048156E+01 a       382     0    24     1    14
 -3.6681242894069484E+01 a       383     0    24     1    15
  8.8574993722448347E+00 a       384     0    24     1    16
  2.8265315897603527E+00 a       385     0    25     1     1
 -2.2257354621583747E-01 a       386     0    25     1     2
  3.8464955937371754E+00 a       387     0    25     1     3
  2.7663804817460966E+00 a       388     0    25     1     4
  3.6293604310666918E+00 a       389     0    25     1     5
 -1.5447079427735035E+00 a       390     0    25     1     6
 -4.2992557839158803E+00 a       391     0    25     1     7
 -4.5775330281176370E+00 a       392     0    25     1     8
  6.8373627878962235E+00 a       393     0    25     1     9
 -1.0487176646641603E+00 a       394     0    25     1    10
 -4.1098521124050613E+00 a       395     0    25     1    11
 -1.9851951660266871E+00 a       396     0    25     1    12
 -1.9184012014910972E-02 a       397     0    25     1    13
 -2.9911984410085135E+00 a       398     0    25     1    14
  2.2841615704448488E+00 a       399     0    25     1    15
 -1.6874887375397338E+00 a       400     0    25     1    16
  3.3196956899755565E+00 a       401     0    26     1     1
  8.9621055627323116E+00 a       402     0    26     1     2
 -6.3902427906035275E-01 a       403     0    26     1     3
  6.7361663475833089E-01 a       404     0    26     1     4
  1.9045635838614385E+00 a       405     0    26     1     5
 -1.3252679316585207E+01 a       406     0    26     1     6
  3.7512829505337719E+00 a       407     0    26     1     7
  5.8022667320505477E+00 a       408     0    26     1     8
  7.5203210014646098E+00 a       409     0    26     1     9
 -6.1472551928281582E+00 a       410     0    26     1    10
 -1.4242140420008449E+00 a       411     0    26     1    11
 -8.6311487335154453E+00 a       412     0    26     1    12
 -8.0277389755750352E+00 a       413     0    26     1    13
  3.9885221770345802E-01 a       414     0    26     1    14
  2.8238323507466694E+00 a       415     0    26     1    15
  5.2458974999233012E+00 a       416     0    26     1    16
  7.4664517098358640E+00 a       417     0    27     1     1
  4.0737848728018058E+00 a       418     0    27     1     2
  2.7330257528187278E+00 a       419     0    27     1     3
  5.6457056018920238E+00 a       420     0    27     1     4
 -7.6146687576748926E+00 a       421     0    27     1     5
 -1.7569804999919576E+00 a       422     0    27     1     6
  5.2287833375083617E+00 a       423     0    27     1     7
  3.3857760231984511E+00 a       424     0    27     1     8
 -6.8523172824620748E-01 a       425     0    27     1     9
  1.2314942158726812E+00 a       426     0    27     1    10
  1.3031658270492152E-01 a       427     0    27     1    11
 -1.3430110139119225E+00 a       428     0    27     1    12
 -2.3483275046120591E+00 a       429     0    27     1    13
 -2.5994118472524859E+00 a       430     0    27     1    14
 -1.5637544047537622E+00 a       431     0    27     1    15
  6.2424710694377632E+00 a       432     0    27     1    16
 -3.9851881306068364E+00 a       433     0    28     1     1
 -5.1725997230490108E+00 a       434     0    28     1     2
 -9.9987882671987927E-01 a       435     0    28     1     3
  8.5520434793110445E-01 a       436     0    28     1     4
 -5.5188322706404263E+00 a       437     0    28     1     5
 -1.7032140541592984E+00 a       438     0    28     1     6
  8.0519387852128188E-01 a       439     0    28     1     7
 -2.7401169950224271E+00 a       440     0    28     1     8
 -1.2714605075736218E+00 a       441     0    28     1     9
 -2.2313051344298640E+00 a       442     0    28     1    10
  1.7732854713750061E+00 a       443     0    28     1    11
  3.8563151968517020E+00 a       444     0    28     1    12
 -1.8209968903679903E+00 a       445     0    28     1    13
  3.6736509438024476E+00 a       446     0    28     1    14
  2.7438868666408527E+00 a       447     0    28     1    15
 -4.9846186147102820E+00 a       448     0    28     1    16
  2.6507164120903215E+00 a       449     0    29     1     1
  1.3538709475068687E+01 a       450     0    29     1     2
  3.0181709634057277E+00 a       451     0    29     1     3
 -1.5744478420033432E+00 a       452     0    29     1     4
 -2.0071936764949065E+01 a       453     0    29     1     5
  5.2792322059997581E+00 a       454     0    29     1     6
  6.4109803416278677E+00 a       455     0    29     1     7
  4.8901992431101355E+00 a       456     0    29     1     8
  5.0907075448288603E+00 a       457     0    29     1     9
  6.8427543286105870E+00 a       458     0    29     1    10
  1.9160160132166133E+00 a       459     0    29     1    11
  3.0324426382746128E+00 a       460     0    29     1    12
 -1.1682036872831912E+01 a       461     0    29     1    13
 -2.7519592243980884E+00 a       462     0    29     1    14
  2.4564709667645758E+01 a       463     0    29     1    15
 -1.9624632579859289E+00 a       464     0    29     1    16
 -2.0995333803996212E+00 a       465     0    30     1     1
 -3.0454606213892697E+00 a       466     0    30     1     2
  3.5517800724086301E+00 a       467     0    30     1     3
  4.8077871531452567E+00 a       468     0    30     1     4
  1.9870589266735452E+00 a       469     0    30     1     5
  2.7194624605414162E+00 a       470     0    30     1     6
  2.5537226640249049E+00 a       471     0    30     1     7
 -3.2061070123322750E+00 a       472     0    30     1     8
 -5.6524605922373394E-01 a       473     0    30     1     9
 -6.0107059251523767E+00 a       474     0    30     1    10
  5.8066870449475729E+00 a       475     0    30     1    11
  3.0676313936936719E+00 a       476     0    30     1    12
  3.7611222384193694E+00 a       477     0    30     1    13
 -9.0431916910995067E+00 a       478     0    30     1    14
 -5.7177603764054030E-01 a       479     0    30     1    15
 -4.0540788009748363E+00 a       480     0    30     1    16
  1.4331760089338006E+01 a       481     0    31     1     1
  5.4574038781810756E+00 a       482     0    31     1     2
  3.1417011510762457E+01 a       483     0    31     1     3
  5.4115168719665097E-01 a       484     0    31     1     4
 -1.4382854717700198E+01 a       485     0    31     1     5
 -1.2070932886844401E+01 a       486     0    31     1     6
 -4.5080235416922861E+01 a       487     0    31     1     7
 -2.6575123875111217E+01 a       488     0    31     1     8
  1.5343441130625340E+01 a       489     0    31     1     9
 -2.7253850396606003E+00 a       490     0    31     1    10
  2.1165224341945760E-02 a       491     0    31     1    11
 -3.0870050534471517E+01 a       492     0    31     1    12
 -1.5171122577631105E-01 a       493     0    31     1    13
 -1.3911781314869355E+01 a       494     0    31     1    14
 -1.8764368633583026E+00 a       495     0    31     1    15
  8.6085526242491692E+00 a       496     0    31     1    16
  5.6082982748700827E+00 a       497     0    32     1     1
 -4.4153146553501816E+00 a       498     0    32     1     2
 -1.1617645142969426E+00 a       499     0    32     1     3
  3.3803415403269188E+00 a       500     0    32     1     4
 -6.6835325431789187E+01 a       501     0    32     1     5
  1.1967852184753536E+01 a       502     0    32     1     6
  1.3872934512727671E+01 a       503     0    32     1     7
 -2.8766018329685896E+00 a       504     0    32     1     8
 -1.3985624718030941E+01 a       505     0    32     1     9
  3.4975340849052536E+01 a       506     0    32     1    10
 -2.6082721652748758E-01 a       507     0    32     1    11
 -1.1773844966856249E+01 a       508     0    32     1    12
 -5.4746748379810777E+00 a       509     0    32     1    13
 -1.6194643749935580E+01 a       510     0    32     1    14
 -4.1912671000362550E+01 a       511     0    32     1    15
 -8.6094943202868990E+00 a       512     0    32     1    16
  7.5115460878535822E-02 a       513     0    33     1     1
 -5.8100947054193108E+00 a       514     0    33     1     2
 -5.5533075566473897E+00 a       515     0    33     1     3
 -2.0871590881338231E+00 a       516     0    33     1     4
  5.4597977495853884E+00 a       517     0    33     1     5
  2.4760895093190096E+00 a       518     0    33     1     6
  1.5087760887427135E+00 a       519     0    33     1     7
 -5.9168736021536645E+00 a       520     0    33     1     8
 -1.7475404610406970E+00 a       521     0    33     1     9
  1.6925911791002282E+00 a       522     0    33     1    10
  1.2737228838875334E-01 a       523     0    33     1    11
 -5.2891006227350488E+00 a       524     0    33     1    12
 -1.6101659310143877E+00 a       525     0    33     1    13
  9.2385598060291461E+00 a       526     0    33     1    14
 -2.7299124886758525E-01 a       527     0    33     1    15
  5.2129578308534530E+00 a       528     0    33     1    16
  6.5377279287821255E-01 a       529     0    34     1     1
 -8.8885816668187262E-02 a       530     0    34     1     2
 -1.5584009012970207E-01 a       531     0    34     1     3
 -4.1791037583759150E-01 a       532     0    34     1     4
  3.4681976650921365E-01 a       533     0    34     1     5
  7.1621656654281318E-01 a       534     0    34     1     6
  7.4248026188030070E-01 a       535     0    34     1     7
  2.4742761686925904E-01 a       536     0    34     1     8
 -4.6217850778607350E-02 a       537     0    34     1     9
  4.6866473548463911E-01 a       538     0    34     1    10
 -1.3815141464364913E+00 a       539     0    34     1    11
 -8.1925748748268257E-01 a       540     0    34     1    12
 -3.3926596612709353E-01 a       541     0    34     1    13
 -5.7575875822728040E-01 a       542     0    34     1    14
 -1.8071135769930877E-01 a       543     0    34     1    15
  2.4100862529048281E-01 a       544     0    34     1    16
  6.9876459395143276E-01 a       545     0    35     1     1
  1.0517665100925822E-01 a       546     0    35     1     2
 -2.0067056343720310E-01 a       547     0    35     1     3
  7.8928044980561363E-01 a       548     0    35     1     4
 -3.7068356261881952E-01 a       549     0    35     1     5
 -4.9586076675092011E-01 a       550     0    35     1     6
 -4.0470535537142599E-01 a       551     0    35     1     7
  1.1477101778772101E+00 a       552     0    35     1     8
  7.1478634348199788E-02 a       553     0    35     1     9
 -3.0426615563881138E-01 a       554     0    35     1    10
 -1.6085346637044438E+00 a       555     0    35     1    11
  3.7493292659418959E-01 a       556     0    35     1    12
 -3.7731912433158338E-01 a       557     0    35     1    13
 -2.5862974215449981E+00 a       558     0    35     1    14
 -7.0958502910690191E-01 a       559     0    35     1    15
 -1.2698851600183678E+00 a       560     0    35     1    16
  1.4591371756312730E+00 a       561     0    36     1     1
  5.5813131453761800E-01 a       562     0    36     1     2
  1.5885957103124038E-01 a       563     0    36     1     3
  1.9132669670199907E-02 a       564     0    36     1     4
  4.0516288155528274E-01 a       565     0    36     1     5
  1.1450452651992742E+00 a       566     0    36     1     6
 -9.1323975761428744E-01 a       567     0    36     1     7
 -2.0288265029201651E+00 a       568     0    36     1     8
 -1.1057296103914238E+00 a       569     0    36     1     9
  6.4231643740485872E-02 a       570     0    36     1    10
  6.1654540260405566E-01 a       571     0    36     1    11
 -2.0588308048551802E+00 a       572     0    36     1    12
  9.1438792076322106E-01 a       573     0    36     1    13
  4.1494184347655816E-01 a       574     0    36     1    14
  2.7231539698296281E-01 a       575     0    36     1    15
  3.3545107592689788E-01 a       576     0    36     1    16
  5.6848561357484400E+00 a       577     0    37     1     1
  2.5731999618946371E+00 a       578     0    37     1     2
  1.0896510235845043E+00 a       579     0    37     1     3
 -2.3315183475222252E+00 a       580     0    37     1     4
  1.2653736129497857E+00 a       581     0    37     1     5
  4.0470566929954037E+00 a       582     0    37     1     6
 -1.4116642680973657E-01 a       583     0    37     1     7
 -7.8838071640517011E+00 a       584     0    37     1     8
 -5.5104492519511972E+00 a       585     0    37     1     9
 -1.5348408839334069E+00 a       586     0    37     1    10
  6.7315158636903911E+00 a       587     0    37     1    11
 -5.5208554984633915E+00 a       588     0    37     1    12
  4.7399986154530218E+00 a       589     0    37     1    13
 -1.7228663452556074E+00 a       590     0    37     1    14
  8.6911434401885390E-01 a       591     0    37     1    15
  4.1076727880885375E+00 a       592     0    37     1    16
  1.1387142664498087E+00 a       593     0    38     1     1
  2.0969707085034459E+00 a       594     0    38     1     2
  4.9252629772641363E+00 a       595     0    38     1     3
  1.2620529222831984E+00 a       596     0    38     1     4
 -5.1399967019023602E+00 a       597     0    38     1     5
 -4.0673888540671688E-01 a       598     0    38     1     6
  4.7570050183248308E-01 a       599     0    38     1     7
  2.8851710219119449E+00 a       600     0    38     1     8
 -5.3531859852511354E-01 a       601     0    38     1     9
  1.9928115307813550E+00 a       602     0    38     1    10
 -5.1098821537749419E+00 a       603     0    38     1    11
  1.0088824294158480E+00 a       604     0    38     1    12
 -2.8122630288718709E+00 a       605     0    38     1    13
  2.6273884434965304E+00 a       606     0    38     1    14
  1.7827873691785090E-01 a       607     0    38     1    15
 -1.0011604984739895E+00 a       608     0    38     1    16
  7.2609732661273430E-01 a       609     0    39     1     1
 -5.3271073976887207E-01 a       610     0    39     1     2
 -8.1807787661020104E-01 a       611     0    39     1     3
  3.8747153457785115E-02 a       612     0    39     1     4
  2.1682727316707100E-02 a       613     0    39     1     5
 -1.2824338287592998E-01 a       614     0    39     1     6
 -9.0511256420826069E-01 a       615     0    39     1     7
  1.8961821393234904E-01 a       616     0    39     1     8
  2.6250688729293586E-01 a       617     0    39     1     9
 -3.2703074837066826E-01 a       618     0    39     1    10
  1.6846858697831973E-01 a       619     0    39     1    11
 -5.3042543539073528E-01 a       620     0    39     1    12
  4.0624125277043323E-02 a       621     0    39     1    13
  1.8029282378822326E-01 a       622     0    39     1    14
  1.0884219751865734E-01 a       623     0    39     1    15
 -4.3213677405602186E-01 a       624     0    39     1    16
 -6.7853491672167863E+00 a       625     0    40     1     1
  1.5983333984992394E+00 a       626     0    40     1     2
 -1.5472927833865671E+00 a       627     0    40     1     3
 -5.8159010715586634E-01 a       628     0    40     1     4
  3.4390041600365495E+00 a       629     0    40     1     5
 -2.3169705250608161E+00 a       630     0    40     1     6
  3.7489348503321831E+00 a       631     0    40     1     7
  4.0346024712737556E+00 a       632     0    40     1     8
  4.6611282621608465E+00 a       633     0    40     1     9
 -4.4647111884151007E+00 a       634     0    40     1    10
 -5.4574142649269026E+00 a       635     0    40     1    11
  2.8246642288842225E+00 a       636     0    40     1    12
 -7.7545173421326705E+00 a       637     0    40     1    13
 -3.9538076899168599E+00 a       638     0    40     1    14
  1.6352634324811712E+00 a       639     0    40     1    15
  2.3480681918318238E+00 a       640     0    40     1    16
  4.4888450224904384E+00 a       641     0    41     1     1
  3.3166217582478095E+00 a       642     0    41     1     2
  5.3650309190458501E+00 a       643     0    41     1     3
 -3.2055588571784338E-01 a       644     0    41     1     4
 -2.8106413947083300E+00 a       645     0    41     1     5
  1.3951754293271852E+00 a       646     0    41     1     6
 -4.5826792238475482E+00 a       647     0    41     1     7
  7.5635940586057409E+00 a       648     0    41     1     8
  5.2116211190476580E+00 a       649     0    41     1     9
 -4.5506654659024068E+00 a       650     0    41     1    10
  8.5933124168639541E-01 a       651     0    41     1    11
  4.3975316816131906E+00 a       652     0    41     1    12
  1.7024320453508670E+00 a       653     0    41     1    13
  5.9585936207766350E+00 a       654     0    41     1    14
  3.3142925863046093E+00 a       655     0    41     1    15
 -5.9515048505698243E-01 a       656     0    41     1    16
  2.2574558091689023E+00 a       657     0    42     1     1
  2.1878503455320999E+00 a       658     0    42     1     2
  1.1645726823323224E+00 a       659     0    42     1     3
  6.0801396393806229E-01 a       660     0    42     1     4
  1.6180966310515965E-01 a       661     0    42     1     5
  2.2423992459644406E+00 a       662     0    42     1     6
 -2.9425754800715065E-01 a       663     0    42     1     7
  1.1710008719253422E+00 a       664     0    42     1     8
  2.5523031609547577E+00 a       665     0    42     1     9
 -2.6017969188977572E+00 a       666     0    42     1    10
 -2.1360588889446941E+00 a       667     0    42     1    11
  2.6003132152180917E+00 a       668     0    42     1    12
 -7.6870441669441381E-01 a       669     0    42     1    13
  1.6960566006973972E+00 a       670     0    42     1    14
  3.7358349363109555E+00 a       671     0    42     1    15
  1.1149411641143652E+00 a       672     0    42     1    16
  6.2230673001746100E+00 a       673     0    43     1     1
  3.2083227873067294E+01 a       674     0    43     1     2
  2.3785129171733761E+01 a       675     0    43     1     3
  6.9296730116397143E+00 a       676     0    43     1     4
  4.9633691117087704E+00 a       677     0    43     1     5
  1.2450652011215679E+01 a       678     0    43     1     6
 -2.9506418085111656E+00 a       679     0    43     1     7
 -9.4873608106946001E+00 a       680     0    43     1     8
  1.3077128698479573E+01 a       681     0    43     1     9
 -1.7093405004369583E+01 a       682     0    43     1    10
  1.5623370706501856E+01 a       683     0    43     1    11
  2.4284602029099784E+00 a       684     0    43     1    12
  1.6321819574041776E+01 a       685     0    43     1    13
 -1.6253644627401524E+01 a       686     0    43     1    14
  2.8220586319959004E+01 a       687     0    43     1    15
  1.0625707244217844E+01 a       688     0    43     1    16
 -2.3567897187741798E+00 a       689     0    44     1     1
 -2.9432103287991742E+00 a       690     0    44     1     2
 -4.6624720399848663E+00 a       691     0    44     1     3
 -4.3576880639311533E+00 a       692     0    44     1     4
  3.5891712839654599E+00 a       693     0    44     1     5
 -3.8077376083579635E+00 a       694     0    44     1     6
  3.6561463955986855E+00 a       695     0    44     1     7
  4.9883554498328406E+00 a       696     0    44     1     8
  5.9901404823197515E+00 a       697     0    44     1     9
 -5.6991512044524404E+00 a       698     0    44     1    10
  8.4200023726561497E+00 a       699     0    44     1    11
  3.4652398266390501E+00 a       700     0    44     1    12
  6.2053591818013158E+00 a       701     0    44     1    13
  2.1356284714348535E+00 a       702     0    44     1    14
  1.8254074032703467E+00 a       703     0    44     1    15
  7.1500839532253178E+00 a       704     0    44     1    16
 -2.6866561026287830E+00 a       705     0    45     1     1
  1.0687055824530023E+00 a       706     0    45     1     2
  3.7228216891801322E+00 a       707     0    45     1     3
 -1.3011028172203531E+00 a       708     0    45     1     4
 -3.0787775187085424E+00 a       709     0    45     1     5
 -1.1707256545568985E+00 a       710     0    45     1     6
  5.3578913562984987E+00 a       711     0    45     1     7
  6.2485774992739191E+00 a       712     0    45     1     8
  2.4746989964594657E+00 a       713     0    45     1     9
 -3.0730989000627845E-01 a       714     0    45     1    10
 -1.5727718496633860E+00 a       715     0    45     1    11
  4.4429238392241137E+00 a       716     0    45     1    12
  1.3847407253913196E-01 a       717     0    45     1    13
  1.8731605180730571E+00 a       718     0    45     1    14
  9.9465600127872467E-01 a       719     0    45     1    15
  3.4400938178915252E+00 a       720     0    45     1    16
  1.3866940241485189E+01 a       721     0    46     1     1
  2.8286512097565248E+00 a       722     0    46     1     2
  5.5072192265461304E+00 a       723     0    46     1     3
  2.4018748117831175E+00 a       724     0    46     1     4
 -1.0924182667210991E+01 a       725     0    46     1     5
  3.3595153558628335E+00 a       726     0    46     1     6
 -1.1661966552853631E+01 a       727     0    46     1     7
 -6.8423686439568874E+00 a       728     0    46     1     8
 -1.5416651535093457E+00 a       729     0    46     1     9
  9.4653876626376015E+00 a       730     0    46     1    10
  8.2391019751919412E+00 a       731     0    46     1    11
 -9.9776549663015626E+00 a       732     0    46     1    12
  1.6314301149081796E+01 a       733     0    46     1    13
  1.0516992956934759E+01 a       734     0    46     1    14
  1.9682093110844505E+00 a       735     0    46     1    15
 -5.1719192856966840E+00 a       736     0    46     1    16
 -1.4547483578641787E+01 a       737     0    47     1     1
 -5.0519745383092758E+00 a       738     0    47     1     2
 -7.8768382235988037E+00 a       739     0    47     1     3
  2.4268445733297410E+00 a       740     0    47     1     4
 -1.7001336906839559E+00 a       741     0    47     1     5
 -6.6133214455364833E+00 a       742     0    47     1     6
  1.1398033885127012E+01 a       743     0    47     1     7
 -6.9812634384951231E+00 a       744     0    47     1     8
 -4.0936193746956739E+00 a       745     0    47     1     9
  7.1286432876343069E+00 a       746     0    47     1    10
  8.1037541436380867E+00 a       747     0    47     1    11
  3.4176622122052330E-01 a       748     0    47     1    12
 -3.6738343946228191E+00 a       749     0    47     1    13
 -1.6426254747659591E+01 a       750     0    47     1    14
 -3.1126938100546995E+00 a       751     0    47     1    15
 -3.6089303192823428E+00 a       752     0    47     1    16
 -5.8775502368614330E+00 a       753     0    48     1     1
  2.9611329658545538E+00 a       754     0    48     1     2
 -1.1556702959265472E+00 a       755     0    48     1     3
 -7.2077725527627923E-01 a       756     0    48     1     4
 -4.3148678471369442E+00 a       757     0    48     1     5
 -3.7929507325155440E+00 a       758     0    48     1     6
 -8.2755992791212023E+00 a       759     0    48     1     7
 -1.3446279584825078E+01 a       760     0    48     1     8
 -4.7364193648945809E+00 a       761     0    48     1     9
  4.2257466778881607E+00 a       762     0    48     1    10
  1.8834329165367954E+01 a       763     0    48     1    11
 -1.1105143055040122E+01 a       764     0    48     1    12
  4.8854349788023796E+00 a       765     0    48     1    13
 -3.8022585601302925E+00 a       766     0    48     1    14
 -2.9150451445237331E+00 a       767     0    48     1    15
 -8.7325340433332670E+00 a       768     0    48     1    16
  6.2357269664275652E+00 a       769     0    49     1     1
 -1.0128643716546954E+01 a       770     0    49     1     2
 -3.3808204355144994E+01 a       771     0    49     1     3
 -1.3391939952921028E+01 a       772     0    49     1     4
 -9.2138691443405882E+00 a       773     0    49     1     5
 -1.5112082523459133E-01 a       774     0    49     1     6
 -3.8901135470636805E+00 a       775     0    49     1     7
 -3.0442820481923587E+01 a       776     0    49     1     8
 -2.0414036929301815E+01 a       777     0    49     1     9
  1.7002966142638591E+01 a       778     0    49     1    10
 -6.8470908768369920E+00 a       779     0    49     1    11
 -2.5428150385166912E+01 a       780     0    49     1    12
 -1.9741839531972005E+01 a       781     0    49     1    13
 -1.9072822607503965E+00 a       782     0    49     1    14
 -1.8335167928028831E+01 a       783     0    49     1    15
 -6.5998035936892574E+00 a       784     0    49     1    16
 -4.7947389075043712E-01 a       785     0    50     1     1
 -2.2333769624947408E-01 a       786     0    50     1     2
 -1.3065706193706439E+00 a       787     0    50     1     3
 -3.2311774381992189E-02 a       788     0    50     1     4
  1.1908710306790209E+00 a       789     0    50     1     5
  2.7197812574476704E-01 a       790     0    50     1     6
  2.8041213682229721E-01 a       791     0    50     1     7
 -5.3977335768079582E-01 a       792     0    50     1     8
  3.5402716333442863E-01 a       793     0    50     1     9
 -4.1799807798688526E-01 a       794     0    50     1    10
  6.9639160180331106E-01 a       795     0    50     1    11
 -3.4009600911662102E-01 a       796     0    50     1    12
 -1.3665010105163539E-01 a       797     0    50     1    13
 -8.0847624590878187E-01 a       798     0    50     1    14
  6.7207555421192178E-01 a       799     0    50     1    15
  1.6999643090641176E-01 a       800     0    50     1    16
  2.6084615587339295E+00 a       801     0    51     1     1
  7.8149309499126896E-01 a       802     0    51     1     2
  1.7466121503782897E+00 a       803     0    51     1     3
  2.1561059783271883E-01 a       804     0    51     1     4
 -7.5684218835572004E-01 a       805     0    51     1     5
  1.2386796596638272E+00 a       806     0    51     1     6
 -1.4253185303284654E+00 a       807     0    51     1     7
 -9.9256133623775677E-01 a       808     0    51     1     8
 -8.2321054251028325E-01 a       809     0    51     1     9
  4.5857616451665789E-01 a       810     0    51     1    10
  1.5063661135782758E+00 a       811     0    51     1    11
 -6.1805468630379246E-01 a       812     0    51     1    12
  2.1721741348817862E+00 a       813     0    51     1    13
  1.0665866492175589E+00 a       814     0    51     1    14
  7.3541223340971618E-01 a       815     0    51     1    15
 -1.8263618167116691E-01 a       816     0    51     1    16
  2.9236978684920234E+00 a       817     0    52     1     1
 -3.9277698687778315E+00 a       818     0    52     1     2
 -3.6237380976876845E+00 a       819     0    52     1     3
 -6.3060679131282382E-01 a       820     0    52     1     4
 -1.1151630349893518E+00 a       821     0    52     1     5
 -3.0415220801910547E+00 a       822     0    52     1     6
  1.5347506770322046E+00 a       823     0    52     1     7
 -8.1737378138531561E-02 a       824     0    52     1     8
 -2.9421534872584321E+00 a       825     0    52     1     9
  2.3620414230234412E+00 a       826     0    52     1    10
 -6.3878256370956743E+00 a       827     0    52     1    11
  1.0666402449058803E+00 a       828     0    52     1    12
 -2.0650119231177584E+00 a       829     0    52     1    13
  2.4343613709361893E+00 a       830     0    52     1    14
 -4.5210800085340317E+00 a       831     0    52     1    15
  2.6843779419361415E+00 a       832     0    52     1    16
  3.1465185853083826E+00 a       833     0    53     1     1
  5.1771536569648244E+00 a       834     0    53     1     2
  7.7058266573673047E+00 a       835     0    53     1     3
  1.4895879221156139E-01 a       836     0    53     1     4
 -5.3963943997852279E+00 a       837     0    53     1     5
  4.9427112485601848E-01 a       838     0    53     1     6
  8.4541992579942082E-01 a       839     0    53     1     7
  1.2469040718482189E+00 a       840     0    53     1     8
 -2.6247422135495238E+00 a       841     0    53     1     9
  3.9126532581950966E+00 a       842     0    53     1    10
 -7.1671994050406909E+00 a       843     0    53     1    11
  1.1105420223991096E-01 a       844     0    53     1    12
 -2.5481672008182286E+00 a       845     0    53     1    13
 -1.0080296827466426E+00 a       846     0    53     1    14
 -6.0849676951493181E-01 a       847     0    53     1    15
 -5.4831627702161023E-01 a       848     0    53     1    16
  4.4325972906182862E+00 a       849     0    54     1     1
  2.2780714019347394E+00 a       850     0    54     1     2
  1.0019647756173262E+00 a       851     0    54     1     3
 -1.5767132537968651E+00 a       852     0    54     1     4
  1.5151737056646251E+00 a       853     0    54     1     5
  2.0502700694766722E+00 a       854     0    54     1     6
  8.4424670149160308E-01 a       855     0    54     1     7
 -4.1350059714707277E-01 a       856     0    54     1     8
 -4.0806952432252852E-01 a       857     0    54     1     9
  9.4851946454936942E-01 a       858     0    54     1    10
 -6.0601978992393395E+00 a       859     0    54     1    11
 -4.5552748641529774E+00 a       860     0    54     1    12
 -1.6618063854729315E+00 a       861     0    54     1    13
 -6.7598397220808004E-01 a       862     0    54     1    14
  1.9045267169553062E-01 a       863     0    54     1    15
  1.9491296833247413E+00 a       864     0    54     1    16
 -6.6095892273690851E+00 a       865     0    55     1     1
  5.9170841975546971E+00 a       866     0    55     1     2
  1.3046542155171539E+00 a       867     0    55     1     3
 -1.0848754213184788E+00 a       868     0    55     1     4
  3.7088431027725641E+00 a       869     0    55     1     5
 -2.4062728878002609E-01 a       870     0    55     1     6
  5.4407252542850877E+00 a       871     0    55     1     7
  1.4863832190755424E+00 a       872     0    55     1     8
  2.4283388957081558E+00 a       873     0    55     1     9
 -4.8983816938388678E+00 a       874     0    55     1    10
 -4.0922239227956974E+00 a       875     0    55     1    11
  3.2545671107392171E+00 a       876     0    55     1    12
 -6.8121048719198098E+00 a       877     0    55     1    13
 -6.6257792197214771E+00 a       878     0    55     1    14
  3.8694995651391073E+00 a       879     0    55     1    15
  6.4354214983617064E+00 a       880     0    55     1    16
  8.8006549914044747E+00 a       881     0    56     1     1
  3.2511545933700892E+00 a       882     0    56     1     2
  4.6425365646797081E+00 a       883     0    56     1     3
 -1.8709117677561915E+00 a       884     0    56     1     4
  9.0910432718151324E-01 a       885     0    56     1     5
  4.0568575590059615E+00 a       886     0    56     1     6
 -5.0165163100362857E+00 a       887     0    56     1     7
  3.1693656220686242E+00 a       888     0    56     1     8
  1.2229897475712770E+00 a       889     0    56     1     9
 -4.0187975881930145E+00 a       890     0    56     1    10
 -3.1527562090381238E+00 a       891     0    56     1    11
 -1.7020064272357269E+00 a       892     0    56     1    12
  1.6822421640939369E+00 a       893     0    56     1    13
  1.2133886221959616E+01 a       894     0    56     1    14
  2.2696003944123717E+00 a       895     0    56     1    15
  5.2431653963987221E+00 a       896     0    56     1    16
  1.4026843398165281E+00 a       897     0    57     1     1
 -3.8640902602236245E+00 a       898     0    57     1     2
 -1.0563162979442084E+00 a       899     0    57     1     3
 -2.6665704411274449E+00 a       900     0    57     1     4
  2.9700098039249645E+00 a       901     0    57     1     5
  3.1386547457897560E+00 a       902     0    57     1     6
  9.0497254784949455E-01 a       903     0    57     1     7
  1.4963933406663126E+00 a       904     0    57     1     8
  5.4506793763097205E-01 a       905     0    57     1     9
 -4.1008778744326051E+00 a       906     0    57     1    10
 -9.3316449568782094E+00 a       907     0    57     1    11
  4.4181694303089525E-01 a       908     0    57     1    12
 -2.4906111618280455E+00 a       909     0    57     1    13
  1.5002138010261998E+00 a       910     0    57     1    14
  8.1830180867399682E-01 a       911     0    57     1    15
  1.6116204611225999E+00 a       912     0    57     1    16
 -3.7027972688522395E+00 a       913     0    58     1     1
  5.4317971975011501E+00 a       914     0    58     1     2
  1.5614117621281585E+01 a       915     0    58     1     3
  5.3404399428943456E+00 a       916     0    58     1     4
  1.8145093251475231E+00 a       917     0    58     1     5
  1.2719045161693364E+01 a       918     0    58     1     6
 -5.0300223124883470E+00 a       919     0    58     1     7
 -1.9363294928456352E+00 a       920     0    58     1     8
  1.1888037040183725E+00 a       921     0    58     1     9
 -1.2712744270153898E+01 a       922     0    58     1    10
  2.2340618070567103E+01 a       923     0    58     1    11
  5.9642767649439481E+00 a       924     0    58     1    12
  1.5755530859252087E+01 a       925     0    58     1    13
  3.9285292858957264E+00 a       926     0    58     1    14
  1.5642997521296270E+01 a       927     0    58     1    15
 -3.1410585837853762E+00 a       928     0    58     1    16
 -7.9218531072235283E+00 a       929     0    59     1     1
 -2.0849469198328315E+01 a       930     0    59     1     2
 -2.4315518971492955E+00 a       931     0    59     1     3
 -1.9321778923142192E+00 a       932     0    59     1     4
  1.0283634672433040E-01 a       933     0    59     1     5
 -8.3464832284242121E+00 a       934     0    59     1     6
  2.4353905261271658E+00 a       935     0    59     1     7
  2.0426532497687326E+01 a       936     0    59     1     8
  1.5969451470340548E+00 a       937     0    59     1     9
  3.5462313693003531E+00 a       938     0    59     1    10
  2.8051596218822592E+00 a       939     0    59     1    11
  3.5254906897648732E+00 a       940     0    59     1    12
 -5.6953912341346751E+00 a       941     0    59     1    13
  2.1412017108618304E+01 a       942     0    59     1    14
 -1.0634591959729578E+01 a       943     0    59     1    15
 -6.9047524721605544E+00 a       944     0    59     1    16
 -1.2773546072697162E+00 a       945     0    60     1     1
 -3.5133028260528882E+00 a       946     0    60     1     2
 -4.5864655486243917E+00 a       947     0    60     1     3
  2.2613545841486484E+00 a       948     0    60     1     4
  4.4074948753583669E+00 a       949     0    60     1     5
  2.4266924904194256E+00 a       950     0    60     1     6
 -3.7653795990257519E+00 a       951     0    60     1     7
 -6.0512380754802120E+00 a       952     0    60     1     8
 -1.4090415446814020E+00 a       953     0    60     1     9
 -4.1590064132114551E-01 a       954     0    60     1    10
  2.4525451771224294E+00 a       955     0    60     1    11
 -3.1425331241975973E+00 a       956     0    60     1    12
  1.3407421739751341E-01 a       957     0    60     1    13
 -3.1069442131818197E+00 a       958     0    60     1    14
 -9.6155665985945515E-01 a       959     0    60     1    15
 -3.9838981028811609E+00 a       960     0    60     1    16
 -2.4617026956880088E+00 a       961     0    61     1     1
 -1.0583871380070555E+01 a       962     0    61     1     2
 -6.1209997655912272E+00 a       963     0    61     1     3
 -1.5252278671985346E+00 a       964     0    61     1     4
  3.7197767510720716E+00 a       965     0    61     1     5
 -2.7669087756621775E+00 a       966     0    61     1     6
  3.4163654952887019E+00 a       967     0    61     1     7
  2.4873442070497735E+00 a       968     0    61     1     8
 -4.4065726433423862E+00 a       969     0    61     1     9
 -6.7750032943327121E-01 a       970     0    61     1    10
  6.6371455125550627E-01 a       971     0    61     1    11
  4.2882953531821215E+00 a       972     0    61     1    12
 -2.2130740399542801E+00 a       973     0    61     1    13
 -1.9696563992387348E+00 a       974     0    61     1    14
 -8.1274297012847079E+00 a       975     0    61     1    15
 -4.0520176301585291E+00 a       976     0    61     1    16
 -4.6349578120788748E-01 a       977     0    62     1     1
 -2.0581972442505383E+00 a       978     0    62     1     2
 -2.8851645088556149E-01 a       979     0    62     1     3
  1.9834719997233747E+00 a       980     0    62     1     4
  1.0933414639779269E+00 a       981     0    62     1     5
 -3.7471061807610484E+00 a       982     0    62     1     6
  8.5698399251222313E+00 a       983     0    62     1     7
  1.2572297270449550E+01 a       984     0    62     1     8
  3.9886295183129414E+00 a       985     0    62     1     9
  1.7977544163740335E+00 a       986     0    62     1    10
 -6.0544399715375290E+00 a       987     0    62     1    11
  8.3931570396811921E+00 a       988     0    62     1    12
 -3.0919502241324928E+00 a       989     0    62     1    13
 -4.2561895550525219E-01 a       990     0    62     1    14
 -1.6265545397339130E+00 a       991     0    62     1    15
  5.5772784302244638E+00 a       992     0    62     1    16
 -3.0667766210232053E+00 a       993     0    63     1     1
 -2.9092136453794919E+00 a       994     0    63     1     2
 -3.0622342988403251E+00 a       995     0    63     1     3
  2.8967242988067259E+00 a       996     0    63     1     4
  5.2365663274458041E-01 a       997     0    63     1     5
 -2.3469049779276743E+00 a       998     0    63     1     6
 -4.6480195538836595E+00 a       999     0    63     1     7
 -4.4945764614704391E+00 a      1000     0    63     1     8
 -1.9559385771862863E+00 a      1001     0    63     1     9
 -1.1383082298712035E+00 a      1002     0    63     1    10
  8.7599806372267004E+00 a      1003     0    63     1    11
  2.1760904779237213E+00 a      1004     0    63     1    12
  1.4208363625835341E+00 a      1005     0    63     1    13
 -3.0146341616916661E-01 a      1006     0    63     1    14
 -1.2955127442844392E+00 a      1007     0    63     1    15
 -4.1582414735444964E+00 a      1008     0    63     1    16
 -5.8079355849282353E+00 a      1009     0    64     1     1
 -5.0870913322431193E+00 a      1010     0    64     1     2
  1.3896052140106741E+00 a      1011     0    64     1     3
  2.1143249425567654E+00 a      1012     0    64     1     4
  1.7113432116072256E+00 a      1013     0    64     1     5
 -1.9850966377457500E+01 a      1014     0    64     1     6
  8.0516612414540489E+00 a      1015     0    64     1     7
  2.7877681992983145E+01 a      1016     0    64     1     8
  1.3993831123051862E+01 a      1017     0    64     1     9
  7.7775659489004951E+00 a      1018     0    64     1    10
 -3.0431243448075588E+01 a      1019     0    64     1    11
  1.2623376380844450E+01 a      1020     0    64     1    12
 -6.6870376898312571E+00 a      1021     0    64     1    13
 -8.3045934882787247E+00 a      1022     0    64     1    14
 -1.1826456889670080E+01 a      1023     0    64     1    15
  1.4128019383262342E+00 a      1024     0    64     1    16
  5.1887968294450060E-01 b      1025     1     1
  4.2049427426409797E-01 b      1026     1     2
  2.0321405488347898E-02 b      1027     1     3
  5.9429432580779575E-02 b      1028     1     4
  2.0610061745940728E-01 b      1029     1     5
  2.8032538957758363E-01 b      1030     1     6
  3.4177052688732246E-01 b      1031     1     7
 -2.0122184373607616E-01 b      1032     1     8
  4.1171244664313167E-01 b      1033     1     9
  2.5922152626668887E-01 b      1034     1    10
 -1.8008500330624655E-01 b      1035     1    11
  2.1595022625954430E-01 b      1036     1    12
 -3.2432131264377279E-01 b      1037     1    13
  3.4455560551417597E-01 b      1038     1    14
  5.2642814860106510E-02 b      1039     1    15
  1.4830116992498785E-01 b      1040     1    16
  1.3786930662540581E-01 a      1041     1     1     2     1
 -8.9292372530505970E-01 a      1042     1     1     2     2
 -1.1527385610886842E+00 a      1043     1     1     2     3
 -6.4801288878246177E-01 a      1044     1     1     2     4
 -4.6689724929144982E-01 a      1045     1     1     2     5
 -1.0337289156593483E+00 a      1046     1     1     2     6
 -1.5273219184096715E-02 a      1047     1     1     2     7
  5.0506257695122370E-01 a      1048     1     1     2     8
 -8.1167007964186833E-01 a      1049     1     1     2     9
  4.7579729767233980E-01 a      1050     1     1     2    10
 -6.4446540341131753E-01 a      1051     1     1     2    11
 -4.9331393557495673E-01 a      1052     1     1     2    12
  7.7845595623739694E-01 a      1053     1     1     2    13
  3.0218050607682407E+00 a      1054     1     1     2    14
 -2.3038751458596459E-02 a      1055     1     1     2    15
  7.7612175990530552E-01 a      1056     1     1     2    16
 -1.0606444164673978E+00 a      1057     1     2     2     1
 -2.0872345777389323E+00 a      1058     1     2     2     2
 -1.9473997751674230E-01 a      1059     1     2     2     3
 -4.2153123775950219E-01 a      1060     1     2     2     4
  1.3379859555530489E+00 a      1061     1     2     2     5
  5.8778436951347512E-01 a      1062     1     2     2     6
 -3.3978964421740254E-01 a      1063     1     2     2     7
 -5.5802380438574373E-01 a      1064     1     2     2     8
  4.0035836105635436E-01 a      1065     1     2     2     9
 -3.2342697315056546E-01 a      1066     1     2     2    10
 -1.3689251788572279E-01 a      1067     1     2     2    11
  1.6065904629493268E+00 a      1068     1     2     2    12
  3.9007442272729281E-01 a      1069     1     2     2    13
 -1.6293514208153188E+00 a      1070     1     2     2    14
  9.4545306797306494E-01 a      1071     1     2     2    15
 -8.9675429215318725E-01 a      1072     1     2     2    16
  1.0429473037208479E+00 a      1073     1     3     2     1
  5.5140334383356859E-01 a      1074     1     3     2     2
  3.8520600357883400E-01 a      1075     1     3     2     3
  4.4673299643578690E-01 a      1076     1     3     2     4
  2.0058984562190189E-02 a      1077     1     3     2     5
  1.9381183701905763E-01 a      1078     1     3     2     6
  1.3879243919034809E+00 a      1079     1     3     2     7
  5.0219746490063444E-02 a      1080     1     3     2     8
  6.7577144821411617E-01 a      1081     1     3     2     9
 -1.2743815212764295E-01 a      1082     1     3     2    10
 -3.4913252711779974E-01 a      1083     1     3     2    11
  3.1829825336222461E-01 a      1084     1     3     2    12
 -5.6960040256482836E-01 a      1085     1     3     2    13
  1.5814850323946616E-01 a      1086     1     3     2    14
 -7.9292891208584115E-01 a      1087     1     3     2    15
  1.9172192448265686E+00 a      1088     1     3     2    16
 -4.6116908789046940E-01 a      1089     1     4     2     1
 -7.0762924987399023E-01 a      1090     1     4     2     2
  3.5610496836403632E-01 a      1091     1     4     2     3
 -2.3524222732901157E+00 a      1092     1     4     2     4
  5.4652341355308309E-01 a      1093     1     4     2     5
  6.1458247271756938E-01 a      1094     1     4     2     6
 -2.2549077398072806E-01 a      1095     1     4     2     7
  5.5989075111703057E-01 a      1096     1     4     2     8
  1.1907464190349859E+00 a      1097     1     4     2     9
  7.3241733398045050E-01 a      1098     1     4     2    10
 -8.4994928091134136E-01 a      1099     1     4     2    11
  7.0707831486486628E-01 a      1100     1     4     2    12
 -1.0321087817132170E-01 a      1101     1     4     2    13
  1.7631170491678083E+00 a      1102     1     4     2    14
 -2.0700965207295635E-01 a      1103     1     4     2    15
  1.1094592610153282E+00 a      1104     1     4     2    16
  2.5968050560259606E-02 a      1105     1     5     2     1
 -2.8604577080957072E-01 a      1106     1     5     2     2
  9.8919334329820210E-02 a      1107     1     5     2     3
  7.4176520547652702E-01 a      1108     1     5     2     4
  1.1521481160258005E+00 a      1109     1     5     2     5
  1.0360900571108558E+00 a      1110     1     5     2     6
 -2.4998136553021916E-01 a      1111     1     5     2     7
 -6.5109276514854958E-02 a      1112     1     5     2     8
  1.4473000423281546E+00 a      1113     1     5     2     9
  2.9857127732784122E-01 a      1114     1     5     2    10
 -6.6399189630321043E-01 a      1115     1     5     2    11
  7.2896158370479791E-01 a      1116     1     5     2    12
 -1.0999274498973900E-01 a      1117     1     5     2    13
 -1.7869602639285169E+00 a      1118     1     5     2    14
 -5.6013753476324668E-01 a      1119     1     5     2    15
 -3.8964479404405300E-01 a      1120     1     5     2    16
  2.8109544162413713E-01 a      1121     1     6     2     1
  8.6468768616478398E-01 a      1122     1     6     2     2
 -5.5302786569410178E-01 a      1123     1     6     2     3
  8.3731391566332569E-01 a      1124     1     6     2     4
 -6.7996631260692841E-01 a      1125     1     6     2     5
 -6.8374301238000912E-01 a      1126     1     6     2     6
  1.5045516278520523E+00 a      1127     1     6     2     7
 -7.2384371525798130E-01 a      1128     1     6     2     8
 -1.5045093636336364E+00 a      1129     1     6     2     9
 -1.6622652618846729E-02 a      1130     1     6     2    10
  6.6045159097498740E-01 a      1131     1     6     2    11
  1.9376998461000317E-02 a      1132     1     6     2    12
 -3.3848234878448702E-01 a      1133     1     6     2    13
 -1.4265794634825864E+00 a      1134     1     6     2    14
 -1.1200428197347565E+00 a      1135     1     6     2    15
 -2.0675570243295424E-01 a      1136     1     6     2    16
 -3.9888199905792976E-01 a      1137     1     7     2     1
 -5.7062326171851852E-01 a      1138     1     7     2     2
 -2.0776640970430701E-01 a      1139     1     7     2     3
 -7.3416327074659060E-01 a      1140     1     7     2     4
 -7.6374242923755969E-02 a      1141     1     7     2     5
 -9.8792732499983227E-01 a      1142     1     7     2     6
 -1.3676346915510779E-01 a      1143     1     7     2     7
 -7.1292289398377628E-01 a      1144     1     7     2     8
 -1.0006185559558802E+00 a      1145     1     7     2     9
 -8.0949687063016876E-02 a      1146     1     7     2    10
 -1.7343522806913500E-01 a      1147     1     7     2    11
 -9.4208791963799965E-01 a      1148     1     7     2    12
 -7.2050653331283732E-01 a      1149     1     7     2    13
 -4.0941214445735535E-02 a      1150     1     7     2    14
  6.0837868825134789E-01 a      1151     1     7     2    15
 -1.1971884403050670E-01 a      1152     1     7     2    16
 -3.7116838908483586E-02 a      1153     1     8     2     1
 -4.3520163976086890E-01 a      1154     1     8     2     2
  4.8741682385002771E-01 a      1155     1     8     2     3
  1.3219787886610707E-01 a      1156     1     8     2     4
  1.1589176463907742E+00 a      1157     1     8     2     5
 -4.1714158873392075E-02 a      1158     1     8     2     6
 -2.8400567795695780E-01 a      1159     1     8     2     7
 -4.3445886958463320E-01 a      1160     1     8     2     8
 -1.7150439693912373E-01 a      1161     1     8     2     9
 -1.9638742812010584E-01 a      1162     1     8     2    10
 -5.1775368282583534E-01 a      1163     1     8     2    11
  8.2432257054117675E-01 a      1164     1     8     2    12
  1.2026369686306077E-01 a      1165     1     8     2    13
  2.8023298705724370E-01 a      1166     1     8     2    14
  8.5348521507836161E-01 a      1167     1     8     2    15
  3.3250589653773566E-01 a      1168     1     8     2    16
 -5.7725009387679316E-01 a      1169     1     9     2     1
  4.5747520624163768E-01 a      1170     1     9     2     2
 -6.4658626537084862E-01 a      1171     1     9     2     3
 -1.8590285074605482E+00 a      1172     1     9     2     4
 -8.2437312379163874E-01 a      1173     1     9     2     5
 -8.3439701428206603E-01 a      1174     1     9     2     6
 -1.9399971236709740E-01 a      1175     1     9     2     7
 -9.1087365556612865E-01 a      1176     1     9     2     8
 -1.1806505569786963E+00 a      1177     1     9     2     9
 -2.3205915106985753E-01 a      1178     1     9     2    10
  3.7210692370518411E-01 a      1179     1     9     2    11
 -9.8252213435955005E-01 a      1180     1     9     2    12
 -5.8339659312828074E-01 a      1181     1     9     2    13
 -1.4345854365766071E+00 a      1182     1     9     2    14
  1.0461086281024672E-01 a      1183     1     9     2    15
 -5.7405268509441654E-01 a      1184     1     9     2    16
  9.1671208159042894E-01 a      1185     1    10     2     1
 -1.3624323066083232E-02 a      1186     1    10     2     2
 -1.1480796180021301E-01 a      1187     1    10     2     3
 -9.3432477480767190E-02 a      1188     1    10     2     4
 -1.1938588828477710E-01 a      1189     1    10     2     5
 -4.4436923508052041E-02 a      1190     1    10     2     6
  5.7897978069885925E-01 a      1191     1    10     2     7
  3.8617468125739290E-01 a      1192     1    10     2     8
  3.5154134720357672E-01 a      1193     1    10     2     9
  5.8757485165734025E-01 a      1194     1    10     2    10
  8.4458692987632511E-01 a      1195     1    10     2    11
  9.7245964771017934E-01 a      1196     1    10     2    12
 -3.0410860711519683E-01 a      1197     1    10     2    13
 -1.6586033287044988E+00 a      1198     1    10     2    14
  6.7045815858906802E-02 a      1199     1    10     2    15
  4.5952663594677123E-01 a      1200     1    10     2    16
  5.7291455061030416E-01 a      1201     1    11     2     1
 -2.5744171882481776E-01 a      1202     1    11     2     2
  6.0553572694180202E-01 a      1203     1    11     2     3
  8.8236284426438449E-01 a      1204     1    11     2     4
 -4.8396961276656186E-01 a      1205     1    11     2     5
  5.2053001635937568E-01 a      1206     1    11     2     6
 -3.5694641576658809E-01 a      1207     1    11     2     7
 -5.6246815506273296E-01 a      1208     1    11     2     8
  4.6248171770911943E-02 a      1209     1    11     2     9
 -1.5332352365909760E-01 a      1210     1    11     2    10
  5.2813884318191917E-01 a      1211     1    11     2    11
  3.6534500354697919E-01 a      1212     1    11     2    12
 -2.1472332261807031E-01 a      1213     1    11     2    13
  5.7099545425072923E-02 a      1214     1    11     2    14
 -3.7025074960445586E-01 a      1215     1    11     2    15
  9.1949699880286828E-01 a      1216     1    11     2    16
  2.3240658840546566E-01 a      1217     1    12     2     1
  1.5033550271197744E+00 a      1218     1    12     2     2
 -1.0575286689571894E+00 a      1219     1    12     2     3
  3.0706033928967463E-01 a      1220     1    12     2     4
  8.3517720959549935E-01 a      1221     1    12     2     5
 -2.5594756330046903E-01 a      1222     1    12     2     6
  7.4452322505750368E-01 a      1223     1    12     2     7
  3.0878609641523158E-01 a      1224     1    12     2     8
  1.8201162246946950E-01 a      1225     1    12     2     9
  3.2147498552987286E-01 a      1226     1    12     2    10
  4.8172833657240349E-01 a      1227     1    12     2    11
  1.0339448623890828E+00 a      1228     1    12     2    12
  5.3786312781035195E-01 a      1229     1    12     2    13
 -1.0578940288358314E+00 a      1230     1    12     2    14
 -1.3719774099232834E-01 a      1231     1    12     2    15
 -2.7137374107555517E-01 a      1232     1    12     2    16
 -7.7246908465945965E-02 a      1233     1    13     2     1
 -3.2759395537711666E-01 a      1234     1    13     2     2
 -8.7046139602780362E-02 a      1235     1    13     2     3
  1.1712167100599731E+00 a      1236     1    13     2     4
 -1.0645002259045184E+00 a      1237     1    13     2     5
 -8.7521191287445976E-01 a      1238     1    13     2     6
  2.0258860359816548E+00 a      1239     1    13     2     7
 -8.2699790644795168E-01 a      1240     1    13     2     8
 -1.2102589457747854E+00 a      1241     1    13     2     9
 -2.9239498719219975E-01 a      1242     1    13     2    10
  6.2558436719571020E-01 a      1243     1    13     2    11
 -1.0188692041262315E+00 a      1244     1    13     2    12
 -7.2809166178246532E-01 a      1245     1    13     2    13
 -1.8860612537143915E+00 a      1246     1    13     2    14
 -9.2346699489398520E-01 a      1247     1    13     2    15
 -1.3147684521412100E+00 a      1248     1    13     2    16
 -3.7381193480492186E-01 a      1249     1    14     2     1
  3.3782713322497787E-01 a      1250     1    14     2     2
 -7.2189688422329668E-01 a      1251     1    14     2     3
 -3.2198893668982664E-01 a      1252     1    14     2     4
  5.3214028369470867E-01 a      1253     1    14     2     5
 -7.2615930253946925E-01 a      1254     1    14     2     6
 -8.5109804719624149E-02 a      1255     1    14     2     7
 -8.4263656253634600E-01 a      1256     1    14     2     8
 -6.5535794552141047E-01 a      1257     1    14     2     9
 -5.0880622594202352E-01 a      1258     1    14     2    10
  7.6580855165905473E-02 a      1259     1    14     2    11
  2.4883194393233496E-01 a      1260     1    14     2    12
  8.9710747797846019E-02 a      1261     1    14     2    13
 -9.2984913225819588E-01 a      1262     1    14     2    14
  5.7282269447059875E-01 a      1263     1    14     2    15
 -6.7139289459333007E-01 a      1264     1    14     2    16
  1.5192701001258131E+00 a      1265     1    15     2     1
  3.4142987280339133E-02 a      1266     1    15     2     2
  4.0484263535391052E-01 a      1267     1    15     2     3
  2.0346065070822803E+00 a      1268     1    15     2     4
  5.1408739799018621E-01 a      1269     1    15     2     5
 -2.7894135705425083E-01 a      1270     1    15     2     6
  5.8639855418186515E-01 a      1271     1    15     2     7
 -1.1949584029253935E+00 a      1272     1    15     2     8
  2.1600594237554099E-01 a      1273     1    15     2     9
 -4.3710731014468113E-01 a      1274     1    15     2    10
  1.5629542006631814E+00 a      1275     1    15     2    11
  1.4526254239078706E-01 a      1276     1    15     2    12
  4.3760900875852209E-02 a      1277     1    15     2    13
  1.0343455575811977E+00 a      1278     1    15     2    14
  1.2988777294411833E+00 a      1279     1    15     2    15
  6.5356417812719014E-01 a      1280     1    15     2    16
 -3.1798097818545527E-02 a      1281     1    16     2     1
  4.7928576114673183E-01 a      1282     1    16     2     2
  8.6370017240576880E-01 a      1283     1    16     2     3
  6.4435144235435404E-01 a      1284     1    16     2     4
 -1.9725487601979541E-01 a      1285     1    16     2     5
  5.5755489114741907E-01 a      1286     1    16     2     6
  1.7247715856517400E+00 a      1287     1    16     2     7
 -6.5562934950159701E-01 a      1288     1    16     2     8
 -1.5431901038368606E-01 a      1289     1    16     2     9
 -4.4999209696292003E-01 a      1290     1    16     2    10
  2.3375211076915975E-01 a      1291     1    16     2    11
 -1.3608831206931701E-01 a      1292     1    16     2    12
 -4.7817164128417716E-01 a      1293     1    16     2    13
 -1.4704524651904254E+00 a      1294     1    16     2    14
  8.7201418018771376E-02 a      1295     1    16     2    15
 -4.0885616356285970E-01 a      1296     1    16     2    16
  3.8974033824550725E-01 b      1297     2     1
 -9.4630228095812707E-01 b      1298     2     2
  3.9622590425868637E-01 b      1299     2     3
  6.2736727728477215E-01 b      1300     2     4
  8.1903573728162853E-03 b      1301     2     5
 -5.4227244044182588E-01 b      1302     2     6
 -2.2814419327844324E+00 b      1303     2     7
 -4.9803400724485148E-04 b      1304     2     8
 -8.7690986635673229E-01 b      1305     2     9
  2.2863043440413816E-01 b      1306     2    10
  7.9074805184924790E-01 b      1307     2    11
 -7.6091521619871239E-01 b      1308     2    12
 -1.6999902665823877E-01 b      1309     2    13
  2.6360759376780045E+00 b      1310     2    14
  6.0084880337310842E-01 b      1311     2    15
  3.5389897320188674E-01 b      1312     2    16
  3.6183465147221561E-01 a      1313     2     1     3     1
  9.0355990068374262E-02 a      1314     2     2     3     1
  3.9547788183555266E-01 a      1315     2     3     3     1
 -3.2233011143061638E-02 a      1316     2     4     3     1
 -1.3200175134832667E-01 a      1317     2     5     3     1
 -1.1839382925760380E+00 a      1318     2     6     3     1
 -2.4845254192833077E-02 a      1319     2     7     3     1
 -4.3413385138045413E-01 a      1320     2     8     3     1
  9.5582930145023004E-01 a      1321     2     9     3     1
 -1.1552088861837984E-01 a      1322     2    10     3     1
 -1.9572185928131647E-01 a      1323     2    11     3     1
  1.5578096195264615E-01 a      1324     2    12     3     1
 -4.3931233268571557E-01 a      1325     2    13     3     1
  2.1272726352608093E-01 a      1326     2    14     3     1
  7.8471395931456592E-02 a      1327     2    15     3     1
 -2.3657848687403038E-01 a      1328     2    16     3     1
  1.3625713302150208E-01 b      1329     3     1
