################################################################################
# Neural network connection values (weights and biases).
################################################################################
# Col  Name       Description
################################################################################
# 1    connection Neural network connection value.
# 2    t          Connection type (a = weight, b = bias).
# 3    index      Index enumerating weights.
# 4    l_s        Starting point layer (end point layer for biases).
# 5    n_s        Starting point neuron in starting layer (end point neuron for biases).
# 6    l_e        End point layer.
# 7    n_e        End point neuron in end layer.
################################################################################
#                      1 2         3     4     5     6     7
#             connection t     index   l_s   n_s   l_e   n_e
############################################################
 -7.9919961377489752E+00 a         1     0     1     1     1
  2.4826355857307658E+00 a         2     0     1     1     2
 -4.8647955949259352E+00 a         3     0     1     1     3
 -2.0625360174888581E+00 a         4     0     1     1     4
 -1.1663123405223352E+01 a         5     0     1     1     5
 -7.8174190304160103E+00 a         6     0     1     1     6
 -7.4067640147832394E+00 a         7     0     1     1     7
  9.4428159810982777E+00 a         8     0     1     1     8
  6.6288643075408356E+00 a         9     0     1     1     9
 -9.1383689364379439E+00 a        10     0     1     1    10
  7.6413028237577159E+00 a        11     0     1     1    11
 -3.5575572478679534E+00 a        12     0     1     1    12
 -3.1868528757473711E+00 a        13     0     1     1    13
 -1.2104676214076464E+00 a        14     0     1     1    14
  4.0936795671960580E+00 a        15     0     1     1    15
  1.0093942483050188E+01 a        16     0     1     1    16
 -3.9564028509228937E+00 a        17     0     2     1     1
  1.6013947970485496E+00 a        18     0     2     1     2
 -1.1146625606015622E+01 a        19     0     2     1     3
  9.7476787207788149E+00 a        20     0     2     1     4
  3.9160617843615703E-01 a        21     0     2     1     5
  7.5060466029555115E-02 a        22     0     2     1     6
 -2.5647322558950094E+00 a        23     0     2     1     7
  2.0970652081928640E+00 a        24     0     2     1     8
  4.2395064831801070E+00 a        25     0     2     1     9
  8.9098225647915861E+00 a        26     0     2     1    10
 -3.6869851269997382E+00 a        27     0     2     1    11
  3.6694111735378963E+00 a        28     0     2     1    12
 -2.5960417067750949E+00 a        29     0     2     1    13
 -5.4751605211084788E+00 a        30     0     2     1    14
  4.4046855425864120E+00 a        31     0     2     1    15
 -4.2659669811262582E+00 a        32     0     2     1    16
 -1.8294126594481173E-02 a        33     0     3     1     1
 -3.2666068019740940E-01 a        34     0     3     1     2
 -1.4734146051154053E+00 a        35     0     3     1     3
 -1.1007711001556046E+00 a        36     0     3     1     4
 -7.0171932507468835E+00 a        37     0     3     1     5
  3.3875541376769922E+00 a        38     0     3     1     6
 -1.3579735877888568E+00 a        39     0     3     1     7
  5.7718517321400125E+00 a        40     0     3     1     8
  3.4945972326478447E-01 a        41     0     3     1     9
  3.4123079382916770E+00 a        42     0     3     1    10
 -7.4530896669590749E+00 a        43     0     3     1    11
 -4.5189183368209918E+00 a        44     0     3     1    12
 -2.3747812848750552E-01 a        45     0     3     1    13
 -4.1053947851610634E-01 a        46     0     3     1    14
 -4.5522953964519797E+00 a        47     0     3     1    15
 -4.8444651816362008E+00 a        48     0     3     1    16
  9.3782530630167962E+00 a        49     0     4     1     1
 -9.9541638707692781E-01 a        50     0     4     1     2
  3.2269532424635172E+00 a        51     0     4     1     3
  1.7651814704687359E+00 a        52     0     4     1     4
  1.2856200574934107E+01 a        53     0     4     1     5
  7.3840477577555195E+00 a        54     0     4     1     6
  6.4980864954307904E+00 a        55     0     4     1     7
 -1.1754575314456867E+01 a        56     0     4     1     8
 -8.1097339819547525E+00 a        57     0     4     1     9
  9.7730408144343812E+00 a        58     0     4     1    10
 -6.9815498612864060E+00 a        59     0     4     1    11
  2.2730357072112901E+00 a        60     0     4     1    12
  9.1150977790590698E-02 a        61     0     4     1    13
 -8.0422618850595906E-01 a        62     0     4     1    14
 -6.1182394158648679E+00 a        63     0     4     1    15
 -8.9843311851254732E+00 a        64     0     4     1    16
  3.6858967714925912E+00 a        65     0     5     1     1
 -2.0620134199789195E+00 a        66     0     5     1     2
  1.2328495057770192E+01 a        67     0     5     1     3
 -1.5333993337407113E+01 a        68     0     5     1     4
  2.7337086162372382E+00 a        69     0     5     1     5
  7.2038481337646765E+00 a        70     0     5     1     6
  2.3899031418029715E+00 a        71     0     5     1     7
 -1.7336817153064785E+00 a        72     0     5     1     8
 -8.1683483014187566E+00 a        73     0     5     1     9
 -6.8274920566694348E+00 a        74     0     5     1    10
  2.3879788020980941E+00 a        75     0     5     1    11
 -2.7960299600126981E+00 a        76     0     5     1    12
  8.2194573747595161E+00 a        77     0     5     1    13
  7.7852059686151041E+00 a        78     0     5     1    14
 -1.0733719291580984E+01 a        79     0     5     1    15
  1.6934946721122464E+00 a        80     0     5     1    16
 -1.6850140201611770E+00 a        81     0     6     1     1
  6.5735671576870412E-03 a        82     0     6     1     2
  1.6572107569745076E-01 a        83     0     6     1     3
 -1.2364580649495676E+00 a        84     0     6     1     4
 -3.3429802552090084E+00 a        85     0     6     1     5
 -1.5129918146595778E+00 a        86     0     6     1     6
 -8.5701806143817005E-01 a        87     0     6     1     7
  3.8979102742816916E+00 a        88     0     6     1     8
  1.8104899023338228E+00 a        89     0     6     1     9
 -1.1926958202374773E+00 a        90     0     6     1    10
  2.0294252027244526E+00 a        91     0     6     1    11
  2.2940854691334996E-02 a        92     0     6     1    12
  2.3665058568741100E+00 a        93     0     6     1    13
  2.9190917803097845E-02 a        94     0     6     1    14
  1.1711439059615587E+00 a        95     0     6     1    15
  2.5845317752447947E+00 a        96     0     6     1    16
 -1.2713402007404042E+00 a        97     0     7     1     1
  2.6008411217943834E+00 a        98     0     7     1     2
  1.1386791776510188E+00 a        99     0     7     1     3
  5.0939496591786482E-01 a       100     0     7     1     4
  2.4437867016324448E+00 a       101     0     7     1     5
  4.1427862474004873E-01 a       102     0     7     1     6
 -1.2255103236862614E+00 a       103     0     7     1     7
 -4.0202236452555375E+00 a       104     0     7     1     8
 -2.9387049340478536E-02 a       105     0     7     1     9
  8.7232738706840895E-01 a       106     0     7     1    10
 -1.2270373274279618E+00 a       107     0     7     1    11
  4.5966981656789674E-01 a       108     0     7     1    12
  1.2545890450729631E+00 a       109     0     7     1    13
 -2.0390103047319181E+00 a       110     0     7     1    14
  3.3773557066005075E+00 a       111     0     7     1    15
  7.4918592676139359E-02 a       112     0     7     1    16
 -5.7274481188228901E+00 a       113     0     8     1     1
 -4.5101953051768184E-01 a       114     0     8     1     2
 -3.8495050548730698E+00 a       115     0     8     1     3
  7.3403623142523662E+00 a       116     0     8     1     4
 -3.5216812008957015E+00 a       117     0     8     1     5
 -5.4176423074750915E+00 a       118     0     8     1     6
 -1.2767344339131901E+00 a       119     0     8     1     7
  2.2357572677874775E+00 a       120     0     8     1     8
  4.8584851701910790E+00 a       121     0     8     1     9
  4.4478152856382538E+00 a       122     0     8     1    10
  2.7652753129810028E+00 a       123     0     8     1    11
  4.6028338292992101E+00 a       124     0     8     1    12
 -1.8011046968593876E+00 a       125     0     8     1    13
 -1.3847514071061990E+01 a       126     0     8     1    14
  7.4541184174860620E+00 a       127     0     8     1    15
 -4.6519569483684027E+00 a       128     0     8     1    16
 -1.4524520887233838E+00 a       129     0     9     1     1
 -1.5130689354233237E+01 a       130     0     9     1     2
  1.9295857042763682E+01 a       131     0     9     1     3
  1.3033678835179884E+01 a       132     0     9     1     4
  9.0295913789341569E+00 a       133     0     9     1     5
 -6.6769165478261918E+00 a       134     0     9     1     6
 -1.8966731971137190E+01 a       135     0     9     1     7
 -3.8227516963443904E+01 a       136     0     9     1     8
  2.7373508278691791E+01 a       137     0     9     1     9
 -1.2411338609083126E+01 a       138     0     9     1    10
 -2.2244957357721621E+01 a       139     0     9     1    11
 -6.8711015187794535E+00 a       140     0     9     1    12
 -1.1301776290246419E+01 a       141     0     9     1    13
 -4.4840698315054812E+00 a       142     0     9     1    14
  2.1369484708800034E+01 a       143     0     9     1    15
 -2.6649415791542971E+01 a       144     0     9     1    16
  2.6302214494925760E+01 a       145     0    10     1     1
  4.6429005923814294E+01 a       146     0    10     1     2
  2.1379577632790774E+01 a       147     0    10     1     3
 -6.3945883181329268E+00 a       148     0    10     1     4
 -4.2034991086671534E+00 a       149     0    10     1     5
 -5.9838570971067931E+01 a       150     0    10     1     6
  1.8230459662641309E+01 a       151     0    10     1     7
  9.7849995594369599E+00 a       152     0    10     1     8
  2.7593346598584173E+01 a       153     0    10     1     9
 -4.1462300512431248E+01 a       154     0    10     1    10
 -2.9877644105165508E+00 a       155     0    10     1    11
 -5.1690645643938922E+01 a       156     0    10     1    12
 -4.2672128744787152E+01 a       157     0    10     1    13
  5.6901075596188981E+00 a       158     0    10     1    14
  2.5103048606294546E+01 a       159     0    10     1    15
  2.2067473450565345E+01 a       160     0    10     1    16
  2.7064280902268365E+01 a       161     0    11     1     1
 -4.2802452381780700E+00 a       162     0    11     1     2
  1.3540109198217451E+01 a       163     0    11     1     3
  4.1214322376139251E+01 a       164     0    11     1     4
 -9.1264569512515124E+00 a       165     0    11     1     5
  1.2709906247635427E+01 a       166     0    11     1     6
  3.8343774773231047E+01 a       167     0    11     1     7
 -2.3713084238778093E+00 a       168     0    11     1     8
 -1.8852754334245379E+01 a       169     0    11     1     9
 -7.9807966115288096E+00 a       170     0    11     1    10
  1.8073280702201316E+01 a       171     0    11     1    11
  1.0996523686791660E+01 a       172     0    11     1    12
 -2.0845505444164306E+01 a       173     0    11     1    13
 -3.3966303976524948E+01 a       174     0    11     1    14
 -8.4793584080914908E+00 a       175     0    11     1    15
  2.1290552143256154E+01 a       176     0    11     1    16
 -1.4335475331969604E+01 a       177     0    12     1     1
  7.0849017307177064E+01 a       178     0    12     1     2
 -3.8591154366170834E+00 a       179     0    12     1     3
 -4.4301236813726685E+00 a       180     0    12     1     4
 -6.8728289271949038E+01 a       181     0    12     1     5
  9.6935292855879879E+01 a       182     0    12     1     6
  5.0923755618290137E+01 a       183     0    12     1     7
  3.8735777692162117E+01 a       184     0    12     1     8
  3.8732499974408412E+01 a       185     0    12     1     9
  5.7353077544079511E+01 a       186     0    12     1    10
 -3.4806661296583123E+01 a       187     0    12     1    11
  3.4304807705984459E+01 a       188     0    12     1    12
 -8.3338276001260070E+01 a       189     0    12     1    13
 -1.5231914041733832E+01 a       190     0    12     1    14
  1.5299092679466932E+02 a       191     0    12     1    15
  2.7364365719540396E+00 a       192     0    12     1    16
 -2.8965094172497682E+01 a       193     0    13     1     1
 -2.4627774508269930E+01 a       194     0    13     1     2
 -5.7193489395140723E+01 a       195     0    13     1     3
  1.0641587832100841E+01 a       196     0    13     1     4
  1.6966121930061501E+01 a       197     0    13     1     5
  4.6674321554462797E+00 a       198     0    13     1     6
  5.4093983845394099E+01 a       199     0    13     1     7
  3.1832732686614015E+01 a       200     0    13     1     8
 -1.1999042901949592E+01 a       201     0    13     1     9
  3.0848689461314955E+00 a       202     0    13     1    10
 -8.8810646220901746E-01 a       203     0    13     1    11
  5.1025539739341752E+01 a       204     0    13     1    12
 -1.2477567187673310E+01 a       205     0    13     1    13
  1.9913677493935815E+01 a       206     0    13     1    14
  3.6954282286661169E+00 a       207     0    13     1    15
 -9.9927687494382145E+00 a       208     0    13     1    16
  3.7104392955029247E-01 a       209     0    14     1     1
  6.8973413534668513E+00 a       210     0    14     1     2
 -8.9755628286463729E+00 a       211     0    14     1     3
  6.4624455567972614E+00 a       212     0    14     1     4
 -9.5935781513497229E-02 a       213     0    14     1     5
 -2.9269694410625000E+01 a       214     0    14     1     6
  2.1089996662659178E+00 a       215     0    14     1     7
  8.5342839601112299E+00 a       216     0    14     1     8
  8.1846337129838567E+00 a       217     0    14     1     9
 -2.0048595839215797E+00 a       218     0    14     1    10
  1.0850701152684730E+01 a       219     0    14     1    11
 -8.2010500354035596E+00 a       220     0    14     1    12
  9.9279223780025094E-01 a       221     0    14     1    13
 -4.4407190034478705E-01 a       222     0    14     1    14
 -9.1692392532079428E+00 a       223     0    14     1    15
  3.1682704450301291E-01 a       224     0    14     1    16
 -3.5524174346789659E+00 a       225     0    15     1     1
  9.6080312460292596E+00 a       226     0    15     1     2
  3.7231504746620354E+00 a       227     0    15     1     3
  8.0071888422979622E+00 a       228     0    15     1     4
  7.9630435905330174E+01 a       229     0    15     1     5
 -1.6050544198385367E+01 a       230     0    15     1     6
 -6.4372873872660872E+00 a       231     0    15     1     7
  1.0539131330193630E+01 a       232     0    15     1     8
  2.5408629987549528E+01 a       233     0    15     1     9
 -4.6485541641613686E+01 a       234     0    15     1    10
  4.9826227791313800E+00 a       235     0    15     1    11
  1.6912779809659352E+01 a       236     0    15     1    12
  1.4743021801660946E+01 a       237     0    15     1    13
  1.1205483661395304E+01 a       238     0    15     1    14
  5.6889284708307464E+01 a       239     0    15     1    15
  2.3880393082927252E+01 a       240     0    15     1    16
  8.7073422646902732E-01 a       241     0    16     1     1
 -1.3536929057236773E+00 a       242     0    16     1     2
 -6.9871300121632460E+00 a       243     0    16     1     3
  2.1439240834410689E+00 a       244     0    16     1     4
  5.3277014803980665E+00 a       245     0    16     1     5
  1.5495949114993224E+00 a       246     0    16     1     6
  4.4602470870590523E+00 a       247     0    16     1     7
  1.7294978441986359E+00 a       248     0    16     1     8
 -2.6239559600652057E-01 a       249     0    16     1     9
  2.0774619744055638E+00 a       250     0    16     1    10
  6.2132201207488025E-02 a       251     0    16     1    11
  3.8355444217714876E+00 a       252     0    16     1    12
  1.5668386648643629E+00 a       253     0    16     1    13
 -6.3087172880169884E-01 a       254     0    16     1    14
 -7.3249833791293728E-01 a       255     0    16     1    15
  2.1084607819331691E-01 a       256     0    16     1    16
  4.3076993465696006E-01 a       257     0    17     1     1
  2.3949977909931319E+00 a       258     0    17     1     2
 -4.9974041117936903E+00 a       259     0    17     1     3
  5.2645279652950494E-01 a       260     0    17     1     4
  4.9960863151441579E+00 a       261     0    17     1     5
 -7.7057220770171382E+00 a       262     0    17     1     6
  2.6765003222692645E+00 a       263     0    17     1     7
  4.3830141133336387E+00 a       264     0    17     1     8
  2.0162805777633350E+00 a       265     0    17     1     9
 -2.0934881585688703E-01 a       266     0    17     1    10
  1.0589247754591380E+00 a       267     0    17     1    11
 -4.2678932591827419E+00 a       268     0    17     1    12
  8.7717502635023203E-01 a       269     0    17     1    13
 -1.1468559010440713E+00 a       270     0    17     1    14
 -6.4568413413108008E+00 a       271     0    17     1    15
  4.3299228388224315E-01 a       272     0    17     1    16
  9.7256489374576405E-01 a       273     0    18     1     1
  3.7015073832937313E+00 a       274     0    18     1     2
 -3.8870950286384531E-01 a       275     0    18     1     3
  6.7310707839304673E-01 a       276     0    18     1     4
  3.2855756833152450E+00 a       277     0    18     1     5
 -1.9255691772395076E+00 a       278     0    18     1     6
  4.0982213395644846E+00 a       279     0    18     1     7
  6.8127230789777391E+00 a       280     0    18     1     8
  4.1790357873748833E+00 a       281     0    18     1     9
 -1.2272524084386751E+00 a       282     0    18     1    10
 -6.5894955500954726E+00 a       283     0    18     1    11
  2.3410633904565906E-01 a       284     0    18     1    12
 -3.0312753076395897E+00 a       285     0    18     1    13
 -8.9773987461284144E-01 a       286     0    18     1    14
  7.2234325761656102E+00 a       287     0    18     1    15
  3.2382552156548372E+00 a       288     0    18     1    16
  1.0155824397887516E+00 a       289     0    19     1     1
  3.4161823994663784E+01 a       290     0    19     1     2
 -4.2165331435104271E+01 a       291     0    19     1     3
 -3.0441399828108878E+01 a       292     0    19     1     4
 -6.6563889524192463E+00 a       293     0    19     1     5
  3.3190306416645058E+01 a       294     0    19     1     6
  5.8453076254789480E+01 a       295     0    19     1     7
  8.6886656758223992E+01 a       296     0    19     1     8
 -6.9273553552996830E+01 a       297     0    19     1     9
  3.5267606114272944E+01 a       298     0    19     1    10
  3.0315857706098154E+01 a       299     0    19     1    11
  2.4603386974244870E+01 a       300     0    19     1    12
  2.3006046926411212E+01 a       301     0    19     1    13
  8.8829439772352465E+00 a       302     0    19     1    14
 -4.5853001134171180E+01 a       303     0    19     1    15
  4.1020263367242364E+01 a       304     0    19     1    16
 -4.6222860264025790E+01 a       305     0    20     1     1
 -1.2378017286572911E+02 a       306     0    20     1     2
 -2.7741468739146310E+01 a       307     0    20     1     3
 -2.8089972979383449E+00 a       308     0    20     1     4
  2.7054396480769476E+01 a       309     0    20     1     5
  1.5657445681316688E+02 a       310     0    20     1     6
 -5.1669902554182634E+01 a       311     0    20     1     7
 -3.7631618920449647E+01 a       312     0    20     1     8
 -7.7682652688961042E+01 a       313     0    20     1     9
  7.6839383299701467E+01 a       314     0    20     1    10
 -7.9537407240065843E+00 a       315     0    20     1    11
  1.1558614828246624E+02 a       316     0    20     1    12
  1.0487091131135416E+02 a       317     0    20     1    13
 -1.2245897540621380E+01 a       318     0    20     1    14
 -6.7732729331287516E+01 a       319     0    20     1    15
 -5.3761243520910284E+01 a       320     0    20     1    16
 -6.0505083550416508E+01 a       321     0    21     1     1
 -7.0292299421453919E+00 a       322     0    21     1     2
 -3.6935417712056157E+01 a       323     0    21     1     3
 -9.2017650034061717E+01 a       324     0    21     1     4
  6.7153867601194634E+01 a       325     0    21     1     5
 -2.5066248898098568E+01 a       326     0    21     1     6
 -8.5556079243750247E+01 a       327     0    21     1     7
 -1.9463410767657041E+00 a       328     0    21     1     8
  3.4601242418099901E+01 a       329     0    21     1     9
  2.2552364408599138E-01 a       330     0    21     1    10
 -2.5339071582978566E+01 a       331     0    21     1    11
 -9.2347710784914983E-01 a       332     0    21     1    12
  4.0726281801763243E+01 a       333     0    21     1    13
  9.8228190381294255E+01 a       334     0    21     1    14
  3.7361942846184370E+01 a       335     0    21     1    15
 -3.4445672045302565E+01 a       336     0    21     1    16
  7.9193262186822579E+00 a       337     0    22     1     1
 -4.6712372913081337E+00 a       338     0    22     1     2
  4.1321956490966073E+01 a       339     0    22     1     3
  6.6394003761075968E+00 a       340     0    22     1     4
 -4.1414046483278026E+00 a       341     0    22     1     5
 -1.5814747664990067E+01 a       342     0    22     1     6
 -4.3046505068533335E+01 a       343     0    22     1     7
 -4.5407291872344182E+01 a       344     0    22     1     8
  3.2588394744307180E+01 a       345     0    22     1     9
 -1.7106147238199348E+01 a       346     0    22     1    10
 -1.4018912782325714E+01 a       347     0    22     1    11
 -3.0396319121522179E+01 a       348     0    22     1    12
 -7.8870100517151984E+00 a       349     0    22     1    13
 -8.9017921983483461E+00 a       350     0    22     1    14
  1.8095008678121321E+01 a       351     0    22     1    15
 -1.0870159087223692E+01 a       352     0    22     1    16
  3.6488084255781978E+01 a       353     0    23     1     1
 -2.9788807083761156E+01 a       354     0    23     1     2
  2.2232704424878996E+01 a       355     0    23     1     3
  4.4853888182858608E+00 a       356     0    23     1     4
  6.3836576094046158E+01 a       357     0    23     1     5
 -1.5070026811318749E+02 a       358     0    23     1     6
 -3.7631658141572395E+01 a       359     0    23     1     7
 -3.5032751074678735E+01 a       360     0    23     1     8
 -1.3666508818562143E+01 a       361     0    23     1     9
 -9.3729552276901586E+01 a       362     0    23     1    10
  3.0314899221252524E+01 a       363     0    23     1    11
 -8.2197270288005157E+01 a       364     0    23     1    12
  4.2197729386426992E+01 a       365     0    23     1    13
  2.3430758318203157E+01 a       366     0    23     1    14
 -1.2822336814932180E+02 a       367     0    23     1    15
  2.3132409168073103E+01 a       368     0    23     1    16
  2.7184856316293484E+01 a       369     0    24     1     1
 -5.1304326287220201E+00 a       370     0    24     1     2
  1.2470122978776585E+01 a       371     0    24     1     3
  3.5757709424824768E+01 a       372     0    24     1     4
 -4.9167338831507315E+01 a       373     0    24     1     5
  1.7836878373528091E+01 a       374     0    24     1     6
  3.0834197529332400E+01 a       375     0    24     1     7
 -1.0018319287335139E+01 a       376     0    24     1     8
 -2.5879566829503911E+01 a       377     0    24     1     9
  1.5302542355474614E+01 a       378     0    24     1    10
  1.2676099295480642E+01 a       379     0    24     1    11
 -7.5208077109039557E+00 a       380     0    24     1    12
 -2.2988143954517056E+01 a       381     0    24     1    13
 -3.4843146881855908E+01 a       382     0    24     1    14
 -3.9410020914937633E+01 a       383     0    24     1    15
  8.4384613568224154E+00 a       384     0    24     1    16
  2.3558085459869975E+00 a       385     0    25     1     1
 -1.5616411812639197E-01 a       386     0    25     1     2
  4.7383577606996203E+00 a       387     0    25     1     3
  3.4017420458337853E+00 a       388     0    25     1     4
  3.6732043265341248E+00 a       389     0    25     1     5
 -1.9160623628716800E+00 a       390     0    25     1     6
 -5.7201358782092919E+00 a       391     0    25     1     7
 -6.3789567570103278E+00 a       392     0    25     1     8
  8.1467274693070930E+00 a       393     0    25     1     9
 -1.7197248949715802E+00 a       394     0    25     1    10
 -4.7424856193145084E+00 a       395     0    25     1    11
 -3.1145772832481087E+00 a       396     0    25     1    12
 -1.2314991743582333E+00 a       397     0    25     1    13
 -2.7230270390631257E+00 a       398     0    25     1    14
  3.6399968672633238E+00 a       399     0    25     1    15
 -2.1934707693313200E+00 a       400     0    25     1    16
  2.3552888658909321E+00 a       401     0    26     1     1
  1.1789303520208941E+01 a       402     0    26     1     2
  7.2314246667818050E-02 a       403     0    26     1     3
  7.8513097067676418E-01 a       404     0    26     1     4
  2.9274935921358365E+00 a       405     0    26     1     5
 -1.4012442299536868E+01 a       406     0    26     1     6
  5.1172439103385283E+00 a       407     0    26     1     7
  6.0941072386875659E+00 a       408     0    26     1     8
  8.8319305585798737E+00 a       409     0    26     1     9
 -7.7638065987349592E+00 a       410     0    26     1    10
 -1.4922206102518747E+00 a       411     0    26     1    11
 -9.8246195410903816E+00 a       412     0    26     1    12
 -1.0328788327217390E+01 a       413     0    26     1    13
  1.8064185448666130E+00 a       414     0    26     1    14
  5.0062974823116537E+00 a       415     0    26     1    15
  6.8008229383787997E+00 a       416     0    26     1    16
  7.6000328568759770E+00 a       417     0    27     1     1
  3.9463964600494776E+00 a       418     0    27     1     2
  3.0530672868643594E+00 a       419     0    27     1     3
  6.7185856100839398E+00 a       420     0    27     1     4
 -8.3229383488906930E+00 a       421     0    27     1     5
 -1.3113984340418647E+00 a       422     0    27     1     6
  6.5888972107229282E+00 a       423     0    27     1     7
  3.0838300987554765E+00 a       424     0    27     1     8
 -1.7026601547166531E+00 a       425     0    27     1     9
  2.3574060818616953E+00 a       426     0    27     1    10
 -1.1922043849578380E-01 a       427     0    27     1    11
 -4.7154732361130453E-01 a       428     0    27     1    12
 -3.6346166594859408E+00 a       429     0    27     1    13
 -4.8918203376672604E+00 a       430     0    27     1    14
 -1.4728638556190501E+00 a       431     0    27     1    15
  6.9329575055013288E+00 a       432     0    27     1    16
 -4.6365204095843930E+00 a       433     0    28     1     1
 -5.3862969549621305E+00 a       434     0    28     1     2
 -1.0827554940600514E+00 a       435     0    28     1     3
  1.0865578948605914E+00 a       436     0    28     1     4
 -5.6789600873496546E+00 a       437     0    28     1     5
 -2.3477422183266898E+00 a       438     0    28     1     6
  6.9935923487083079E-02 a       439     0    28     1     7
 -3.1575278921313141E+00 a       440     0    28     1     8
 -1.4020627855142692E-01 a       441     0    28     1     9
 -2.5573460297130226E+00 a       442     0    28     1    10
  7.0949511030007029E-01 a       443     0    28     1    11
  3.7730757527426602E+00 a       444     0    28     1    12
 -2.6964713334614889E+00 a       445     0    28     1    13
  3.0280002689403132E+00 a       446     0    28     1    14
  3.2634188621073363E+00 a       447     0    28     1    15
 -5.8767244851127840E+00 a       448     0    28     1    16
  1.0518077202380427E+00 a       449     0    29     1     1
  1.6953283760578593E+01 a       450     0    29     1     2
  6.6179982968895814E+00 a       451     0    29     1     3
 -1.6650150873111491E+00 a       452     0    29     1     4
 -2.2947782798718201E+01 a       453     0    29     1     5
  6.7236986452264746E+00 a       454     0    29     1     6
  8.5797913241968207E+00 a       455     0    29     1     7
  5.7277079212901736E+00 a       456     0    29     1     8
  7.9284192206548392E+00 a       457     0    29     1     9
  6.6074673447155607E+00 a       458     0    29     1    10
  8.6363752111150172E-01 a       459     0    29     1    11
  2.7308074969375924E+00 a       460     0    29     1    12
 -1.5163521992647055E+01 a       461     0    29     1    13
 -2.2799165063305575E+00 a       462     0    29     1    14
  2.9701463753283846E+01 a       463     0    29     1    15
 -1.3257263569748823E+00 a       464     0    29     1    16
 -9.5437439097143673E-01 a       465     0    30     1     1
 -2.3781271738934571E+00 a       466     0    30     1     2
  4.6786843028418597E+00 a       467     0    30     1     3
  5.0493464800681283E+00 a       468     0    30     1     4
  1.3909113054455842E+00 a       469     0    30     1     5
  3.1418187511034845E+00 a       470     0    30     1     6
  2.9344467804582264E+00 a       471     0    30     1     7
 -3.7464489775274692E+00 a       472     0    30     1     8
 -1.4575629308141529E+00 a       473     0    30     1     9
 -5.7140099827450266E+00 a       474     0    30     1    10
  7.8780804968517106E+00 a       475     0    30     1    11
  3.9595212633549042E+00 a       476     0    30     1    12
  4.0052303511453173E+00 a       477     0    30     1    13
 -9.5253241139794049E+00 a       478     0    30     1    14
  1.1339766288720363E-01 a       479     0    30     1    15
 -3.1378587691726931E+00 a       480     0    30     1    16
  2.3906405286555589E+01 a       481     0    31     1     1
  1.4375145936641287E+01 a       482     0    31     1     2
  4.1289314252417959E+01 a       483     0    31     1     3
 -5.2436116669113737E+00 a       484     0    31     1     4
 -1.4207971663631833E+01 a       485     0    31     1     5
 -8.8483866196147503E+00 a       486     0    31     1     6
 -5.0176562637736957E+01 a       487     0    31     1     7
 -3.1395728027094350E+01 a       488     0    31     1     8
  1.2526201772311079E+01 a       489     0    31     1     9
 -4.3604272574592713E+00 a       490     0    31     1    10
  7.3616873449595426E+00 a       491     0    31     1    11
 -4.2289972200966602E+01 a       492     0    31     1    12
  1.0224074746852901E+01 a       493     0    31     1    13
 -1.6252290815124208E+01 a       494     0    31     1    14
 -3.7041146075019551E+00 a       495     0    31     1    15
  7.3736218103990696E+00 a       496     0    31     1    16
  5.8484522958477099E+00 a       497     0    32     1     1
 -3.9485818233491567E+00 a       498     0    32     1     2
 -2.6847835252670177E-01 a       499     0    32     1     3
 -1.7792168734236313E+00 a       500     0    32     1     4
 -7.6477508336953235E+01 a       501     0    32     1     5
  1.1293935835219512E+01 a       502     0    32     1     6
  1.2845622281634403E+01 a       503     0    32     1     7
  9.1163903692760492E-02 a       504     0    32     1     8
 -1.7027805813628355E+01 a       505     0    32     1     9
  4.1997266323170777E+01 a       506     0    32     1    10
 -9.8369006406528108E+00 a       507     0    32     1    11
 -1.6670837009797509E+01 a       508     0    32     1    12
 -1.1687746946358221E+01 a       509     0    32     1    13
 -2.1719955311438945E+01 a       510     0    32     1    14
 -4.9566721143413240E+01 a       511     0    32     1    15
 -1.9777817928659058E+01 a       512     0    32     1    16
  3.1308672428924167E-01 a       513     0    33     1     1
 -5.7450570797766929E+00 a       514     0    33     1     2
 -5.4658270460066998E+00 a       515     0    33     1     3
 -1.9537177479334482E+00 a       516     0    33     1     4
  5.3744961324736673E+00 a       517     0    33     1     5
  2.7322966408832294E+00 a       518     0    33     1     6
  1.3003656631275957E+00 a       519     0    33     1     7
 -5.8066676780245468E+00 a       520     0    33     1     8
 -1.7130553510393984E+00 a       521     0    33     1     9
  1.8531776480808604E+00 a       522     0    33     1    10
 -5.5508158999888579E-01 a       523     0    33     1    11
 -5.5382542465259945E+00 a       524     0    33     1    12
 -1.9689026856943921E+00 a       525     0    33     1    13
  9.5202828588451123E+00 a       526     0    33     1    14
 -2.7800940404157537E-01 a       527     0    33     1    15
  5.4706992313795526E+00 a       528     0    33     1    16
  6.7170594516897042E-01 a       529     0    34     1     1
 -1.1630511318004839E-01 a       530     0    34     1     2
 -1.6427618939294505E-01 a       531     0    34     1     3
 -4.7247445327310417E-01 a       532     0    34     1     4
  3.1745885137623958E-01 a       533     0    34     1     5
  6.9218292295624073E-01 a       534     0    34     1     6
  8.0657741799450022E-01 a       535     0    34     1     7
  3.6440272722327682E-01 a       536     0    34     1     8
 -1.5308019687835250E-02 a       537     0    34     1     9
  4.6157174485573998E-01 a       538     0    34     1    10
 -1.4666537038260181E+00 a       539     0    34     1    11
 -7.8303048337976822E-01 a       540     0    34     1    12
 -3.6118105679227680E-01 a       541     0    34     1    13
 -5.0450353098111722E-01 a       542     0    34     1    14
 -1.8636897534357377E-01 a       543     0    34     1    15
  2.4942326158993544E-01 a       544     0    34     1    16
  6.5267541612896529E-01 a       545     0    35     1     1
  5.6558964442783258E-02 a       546     0    35     1     2
 -2.5491786599957394E-01 a       547     0    35     1     3
  7.2940252920130344E-01 a       548     0    35     1     4
 -3.0535285262283662E-01 a       549     0    35     1     5
 -4.5868716754625177E-01 a       550     0    35     1     6
 -2.7908981557311163E-01 a       551     0    35     1     7
  1.1147049588664211E+00 a       552     0    35     1     8
  3.8323853878351903E-02 a       553     0    35     1     9
 -3.0660476157741473E-01 a       554     0    35     1    10
 -1.5294422536124797E+00 a       555     0    35     1    11
  3.8874678185763506E-01 a       556     0    35     1    12
 -3.4677074288587456E-01 a       557     0    35     1    13
 -2.6669847060672782E+00 a       558     0    35     1    14
 -7.1862268206480029E-01 a       559     0    35     1    15
 -1.3561297924777387E+00 a       560     0    35     1    16
  1.5274899854456943E+00 a       561     0    36     1     1
  5.5666437003100722E-01 a       562     0    36     1     2
  1.6780133700210956E-01 a       563     0    36     1     3
  3.4798054990369809E-02 a       564     0    36     1     4
  4.6679748281233768E-01 a       565     0    36     1     5
  1.1743064126379656E+00 a       566     0    36     1     6
 -9.0651203506263034E-01 a       567     0    36     1     7
 -1.9860167709340675E+00 a       568     0    36     1     8
 -1.1074217810486027E+00 a       569     0    36     1     9
  2.9415680772104973E-02 a       570     0    36     1    10
  7.0624749656824071E-01 a       571     0    36     1    11
 -2.0947691190180548E+00 a       572     0    36     1    12
  8.8103963015973219E-01 a       573     0    36     1    13
  5.1773611683922727E-01 a       574     0    36     1    14
  2.7148790059669142E-01 a       575     0    36     1    15
  3.5917981396954457E-01 a       576     0    36     1    16
  5.9210859491379271E+00 a       577     0    37     1     1
  2.8794587484183718E+00 a       578     0    37     1     2
  1.3970363361998659E+00 a       579     0    37     1     3
 -2.4309361699059107E+00 a       580     0    37     1     4
  1.4674537274488362E+00 a       581     0    37     1     5
  4.6037731614994479E+00 a       582     0    37     1     6
  6.2682101493383172E-02 a       583     0    37     1     7
 -8.1160746132820094E+00 a       584     0    37     1     8
 -5.5532316286641521E+00 a       585     0    37     1     9
 -1.8091793932958438E+00 a       586     0    37     1    10
  8.2857763400092992E+00 a       587     0    37     1    11
 -5.8430128455648953E+00 a       588     0    37     1    12
  4.7854558557451137E+00 a       589     0    37     1    13
 -1.1924803099198058E+00 a       590     0    37     1    14
  1.3461875858925747E+00 a       591     0    37     1    15
  4.3033763520051673E+00 a       592     0    37     1    16
  4.9638918242278046E-01 a       593     0    38     1     1
  1.4515916809452918E+00 a       594     0    38     1     2
  4.5861022297319707E+00 a       595     0    38     1     3
  1.1353645598992288E+00 a       596     0    38     1     4
 -4.5297170554991970E+00 a       597     0    38     1     5
 -7.3326910985800420E-01 a       598     0    38     1     6
  9.8761584279546066E-01 a       599     0    38     1     7
  2.8860397020430284E+00 a       600     0    38     1     8
 -7.9313103881221636E-01 a       601     0    38     1     9
  1.2000718667350831E+00 a       602     0    38     1    10
 -4.3305405012768752E+00 a       603     0    38     1    11
  1.8128763949291957E+00 a       604     0    38     1    12
 -2.6291048696423318E+00 a       605     0    38     1    13
  2.8296059772289115E+00 a       606     0    38     1    14
 -4.9520295565118333E-03 a       607     0    38     1    15
 -8.7018568824908726E-01 a       608     0    38     1    16
  7.8437370074712320E-01 a       609     0    39     1     1
 -6.1504724648267872E-01 a       610     0    39     1     2
 -8.3732701550811939E-01 a       611     0    39     1     3
  8.7688319567604173E-02 a       612     0    39     1     4
  1.2920915154876980E-01 a       613     0    39     1     5
 -7.9941766934629982E-02 a       614     0    39     1     6
 -6.9089232820344226E-01 a       615     0    39     1     7
  1.1050400095058278E-01 a       616     0    39     1     8
  1.2190595313221682E-01 a       617     0    39     1     9
 -3.4234150272707614E-01 a       618     0    39     1    10
  7.3206679596149571E-02 a       619     0    39     1    11
 -4.3456550068272870E-01 a       620     0    39     1    12
  5.0994961668117122E-02 a       621     0    39     1    13
  2.2599154428290760E-01 a       622     0    39     1    14
  1.2682281425456179E-02 a       623     0    39     1    15
 -8.3432919258898258E-02 a       624     0    39     1    16
 -7.5969208162012336E+00 a       625     0    40     1     1
  9.1271398024134065E-01 a       626     0    40     1     2
 -1.6393505170860481E+00 a       627     0    40     1     3
 -7.0294879426832158E-01 a       628     0    40     1     4
  3.5756356325167293E+00 a       629     0    40     1     5
 -2.2969815289759827E+00 a       630     0    40     1     6
  4.4714689722681191E+00 a       631     0    40     1     7
  3.6696668793472265E+00 a       632     0    40     1     8
  4.3263552118227784E+00 a       633     0    40     1     9
 -4.7308377225340497E+00 a       634     0    40     1    10
 -4.8727372941535991E+00 a       635     0    40     1    11
  3.7265330854053071E+00 a       636     0    40     1    12
 -7.5223988294809869E+00 a       637     0    40     1    13
 -4.7673880469947489E+00 a       638     0    40     1    14
  1.3920836536577708E+00 a       639     0    40     1    15
  2.4506515065485410E+00 a       640     0    40     1    16
  4.4620081627292567E+00 a       641     0    41     1     1
  3.4499036070899454E+00 a       642     0    41     1     2
  5.3316979789955647E+00 a       643     0    41     1     3
  6.3855904877111180E-02 a       644     0    41     1     4
 -2.8711712256921302E+00 a       645     0    41     1     5
  1.6535701304029229E+00 a       646     0    41     1     6
 -4.4529652623723512E+00 a       647     0    41     1     7
  7.4812426654402273E+00 a       648     0    41     1     8
  5.1124584519789309E+00 a       649     0    41     1     9
 -4.7428379651480537E+00 a       650     0    41     1    10
  1.1304489389913475E+00 a       651     0    41     1    11
  4.6726804149677479E+00 a       652     0    41     1    12
  2.3297405540895211E+00 a       653     0    41     1    13
  6.3738681474020753E+00 a       654     0    41     1    14
  3.5035251056971957E+00 a       655     0    41     1    15
  2.0567422059736185E-01 a       656     0    41     1    16
  2.4263624174744738E+00 a       657     0    42     1     1
  2.3053520771424587E+00 a       658     0    42     1     2
  1.2937024874324698E+00 a       659     0    42     1     3
  8.0970965657062255E-01 a       660     0    42     1     4
  2.6417951517950666E-01 a       661     0    42     1     5
  2.5006410947806867E+00 a       662     0    42     1     6
 -3.1217430703721843E-01 a       663     0    42     1     7
  1.2959903914815225E+00 a       664     0    42     1     8
  2.6856129655817820E+00 a       665     0    42     1     9
 -2.6875663327053507E+00 a       666     0    42     1    10
 -1.8188423761905805E+00 a       667     0    42     1    11
  2.7098869515321002E+00 a       668     0    42     1    12
 -3.5551037963222903E-01 a       669     0    42     1    13
  1.7742182530837227E+00 a       670     0    42     1    14
  3.9266550967045544E+00 a       671     0    42     1    15
  1.3841177784644438E+00 a       672     0    42     1    16
  5.9790387614343574E+00 a       673     0    43     1     1
  3.2474224679571648E+01 a       674     0    43     1     2
  2.4640628311730509E+01 a       675     0    43     1     3
  6.9248256707596560E+00 a       676     0    43     1     4
  5.8249858871516871E+00 a       677     0    43     1     5
  1.3281836356748597E+01 a       678     0    43     1     6
 -2.5244498632589289E+00 a       679     0    43     1     7
 -1.1886665566674628E+01 a       680     0    43     1     8
  1.2730377370765073E+01 a       681     0    43     1     9
 -1.9476780399321097E+01 a       682     0    43     1    10
  2.0135696408600531E+01 a       683     0    43     1    11
  3.2575194796769331E+00 a       684     0    43     1    12
  1.8473933569745590E+01 a       685     0    43     1    13
 -1.6656288453541205E+01 a       686     0    43     1    14
  3.0323024238364955E+01 a       687     0    43     1    15
  1.2509964585047056E+01 a       688     0    43     1    16
 -2.1121990133062933E+00 a       689     0    44     1     1
 -2.1932742216829770E+00 a       690     0    44     1     2
 -4.9578149738405068E+00 a       691     0    44     1     3
 -3.9407448589175229E+00 a       692     0    44     1     4
  2.6893585820872339E+00 a       693     0    44     1     5
 -2.9126212800456641E+00 a       694     0    44     1     6
  2.7387063875468360E+00 a       695     0    44     1     7
  4.7511933913243389E+00 a       696     0    44     1     8
  6.2493771013305004E+00 a       697     0    44     1     9
 -4.2162086022398544E+00 a       698     0    44     1    10
  7.2429172814991887E+00 a       699     0    44     1    11
  2.3189540210930524E+00 a       700     0    44     1    12
  4.9818390138313511E+00 a       701     0    44     1    13
  1.2998349077094506E+00 a       702     0    44     1    14
  1.9167811588109209E+00 a       703     0    44     1    15
  6.3886899525761240E+00 a       704     0    44     1    16
 -2.9213836301276914E+00 a       705     0    45     1     1
  1.3116796403826230E+00 a       706     0    45     1     2
  3.6633424705906954E+00 a       707     0    45     1     3
 -1.5011363810376626E+00 a       708     0    45     1     4
 -3.3423426842036541E+00 a       709     0    45     1     5
 -1.2735645752248481E+00 a       710     0    45     1     6
  5.0000624544827215E+00 a       711     0    45     1     7
  6.5814215703827550E+00 a       712     0    45     1     8
  2.8398955667485835E+00 a       713     0    45     1     9
 -3.6921566291365238E-01 a       714     0    45     1    10
 -8.8856274781827016E-01 a       715     0    45     1    11
  4.3096802878075788E+00 a       716     0    45     1    12
  6.1010016123794468E-02 a       717     0    45     1    13
  1.8428605634165651E+00 a       718     0    45     1    14
  1.1991380840526509E+00 a       719     0    45     1    15
  2.5243058023953466E+00 a       720     0    45     1    16
  1.4746749462364896E+01 a       721     0    46     1     1
  3.9938459873395282E+00 a       722     0    46     1     2
  5.2625162076518084E+00 a       723     0    46     1     3
  2.6149428556409573E+00 a       724     0    46     1     4
 -1.1117042916192414E+01 a       725     0    46     1     5
  3.6980367016469526E+00 a       726     0    46     1     6
 -1.2928328971848197E+01 a       727     0    46     1     7
 -6.6799822144356167E+00 a       728     0    46     1     8
 -1.2167178634906386E+00 a       729     0    46     1     9
  9.6577048814454294E+00 a       730     0    46     1    10
  8.2218279529227516E+00 a       731     0    46     1    11
 -1.1873198850084343E+01 a       732     0    46     1    12
  1.5555892843310739E+01 a       733     0    46     1    13
  1.2053638848540201E+01 a       734     0    46     1    14
  2.5954187095804357E+00 a       735     0    46     1    15
 -5.4498058318125029E+00 a       736     0    46     1    16
 -1.4302270091315261E+01 a       737     0    47     1     1
 -5.5426754166616599E+00 a       738     0    47     1     2
 -8.5479920649125081E+00 a       739     0    47     1     3
  1.8552541195356156E+00 a       740     0    47     1     4
 -1.1872692049265636E+00 a       741     0    47     1     5
 -6.8049024794916857E+00 a       742     0    47     1     6
  1.1236290817991611E+01 a       743     0    47     1     7
 -7.4001098066318374E+00 a       744     0    47     1     8
 -4.2811968762836301E+00 a       745     0    47     1     9
  7.5847680328241713E+00 a       746     0    47     1    10
  8.5890950371189216E+00 a       747     0    47     1    11
 -3.3881217477793263E-01 a       748     0    47     1    12
 -4.1788300326411640E+00 a       749     0    47     1    13
 -1.7927660935885172E+01 a       750     0    47     1    14
 -3.8679658499096714E+00 a       751     0    47     1    15
 -5.1625627431551120E+00 a       752     0    47     1    16
 -5.8176061002706421E+00 a       753     0    48     1     1
  2.8469168163350740E+00 a       754     0    48     1     2
 -1.8026948080751846E+00 a       755     0    48     1     3
 -1.0277509138365080E+00 a       756     0    48     1     4
 -3.9835021599416032E+00 a       757     0    48     1     5
 -3.7528920447290863E+00 a       758     0    48     1     6
 -8.3312072524571938E+00 a       759     0    48     1     7
 -1.4289770320609126E+01 a       760     0    48     1     8
 -5.5702945924139264E+00 a       761     0    48     1     9
  4.2239495870056576E+00 a       762     0    48     1    10
  1.8825949741061997E+01 a       763     0    48     1    11
 -1.2089330947140100E+01 a       764     0    48     1    12
  3.8792276935050576E+00 a       765     0    48     1    13
 -4.2214441935777964E+00 a       766     0    48     1    14
 -3.5211672728451369E+00 a       767     0    48     1    15
 -9.0886503207226905E+00 a       768     0    48     1    16
  6.4196011155685699E+00 a       769     0    49     1     1
 -9.9088474510607387E+00 a       770     0    49     1     2
 -3.4948479998390638E+01 a       771     0    49     1     3
 -1.3078458957015744E+01 a       772     0    49     1     4
 -1.0360633813785942E+01 a       773     0    49     1     5
  1.4221618951272073E+00 a       774     0    49     1     6
 -4.0388842379073289E+00 a       775     0    49     1     7
 -3.1116667231282705E+01 a       776     0    49     1     8
 -2.1978344576106508E+01 a       777     0    49     1     9
  1.8564774253447855E+01 a       778     0    49     1    10
 -6.6367361771832254E+00 a       779     0    49     1    11
 -2.8501961088449498E+01 a       780     0    49     1    12
 -2.4400224499679084E+01 a       781     0    49     1    13
 -8.7593338681343480E-01 a       782     0    49     1    14
 -1.8994398537098764E+01 a       783     0    49     1    15
 -9.0670449972142837E+00 a       784     0    49     1    16
 -3.1461774186682190E-01 a       785     0    50     1     1
 -1.9181054320281057E-01 a       786     0    50     1     2
 -1.2688669240835193E+00 a       787     0    50     1     3
  1.5581594525559845E-02 a       788     0    50     1     4
  1.0830049762156884E+00 a       789     0    50     1     5
  3.0651267157626289E-01 a       790     0    50     1     6
  1.9046690718738868E-01 a       791     0    50     1     7
 -6.6635241868961514E-01 a       792     0    50     1     8
  2.9284153111451189E-01 a       793     0    50     1     9
 -2.6288729797418103E-01 a       794     0    50     1    10
  6.1471419290501461E-01 a       795     0    50     1    11
 -4.4960998905427629E-01 a       796     0    50     1    12
 -7.7659032085924742E-02 a       797     0    50     1    13
 -8.6375856756858815E-01 a       798     0    50     1    14
  6.2340123574338935E-01 a       799     0    50     1    15
  2.3450805893773402E-01 a       800     0    50     1    16
  2.8656473617761691E+00 a       801     0    51     1     1
  9.0941457129915215E-01 a       802     0    51     1     2
  1.7766694495483357E+00 a       803     0    51     1     3
  2.7079150271024255E-01 a       804     0    51     1     4
 -7.6159158805685145E-01 a       805     0    51     1     5
  1.2222484797495592E+00 a       806     0    51     1     6
 -1.5552653824441667E+00 a       807     0    51     1     7
 -9.4331054256581648E-01 a       808     0    51     1     8
 -7.9315835224693443E-01 a       809     0    51     1     9
  5.4277562417676128E-01 a       810     0    51     1    10
  1.5297140553914430E+00 a       811     0    51     1    11
 -7.2671252362345939E-01 a       812     0    51     1    12
  2.2651916977611273E+00 a       813     0    51     1    13
  1.2574826070009590E+00 a       814     0    51     1    14
  7.5501525592706320E-01 a       815     0    51     1    15
 -6.6515578833850370E-02 a       816     0    51     1    16
  2.7342351050995046E+00 a       817     0    52     1     1
 -3.8936847986177483E+00 a       818     0    52     1     2
 -3.8601217264829488E+00 a       819     0    52     1     3
 -5.6144428887018150E-01 a       820     0    52     1     4
 -1.2664698801081413E+00 a       821     0    52     1     5
 -3.1829508862890350E+00 a       822     0    52     1     6
  1.6486264911657411E+00 a       823     0    52     1     7
  3.9464239590510825E-01 a       824     0    52     1     8
 -2.8210415418146568E+00 a       825     0    52     1     9
  2.6807902668547912E+00 a       826     0    52     1    10
 -6.8675677426959130E+00 a       827     0    52     1    11
  1.0170449835474891E+00 a       828     0    52     1    12
 -2.5076000900040829E+00 a       829     0    52     1    13
  2.4073641225015781E+00 a       830     0    52     1    14
 -4.7547092294991913E+00 a       831     0    52     1    15
  2.2702537366369362E+00 a       832     0    52     1    16
  2.7056624516953187E+00 a       833     0    53     1     1
  4.8357752572606563E+00 a       834     0    53     1     2
  7.8594500404415220E+00 a       835     0    53     1     3
  1.8789303197006010E-01 a       836     0    53     1     4
 -5.1788750066379974E+00 a       837     0    53     1     5
 -1.9727257192276099E-01 a       838     0    53     1     6
  1.1248995692055597E+00 a       839     0    53     1     7
  1.2431965521221124E+00 a       840     0    53     1     8
 -2.7564825354214255E+00 a       841     0    53     1     9
  3.1264426465479653E+00 a       842     0    53     1    10
 -6.2306478401073893E+00 a       843     0    53     1    11
  1.1189861599444324E+00 a       844     0    53     1    12
 -1.6944889894935664E+00 a       845     0    53     1    13
 -7.4128628375370564E-01 a       846     0    53     1    14
 -5.3038425137997891E-01 a       847     0    53     1    15
 -2.0411562913700002E-01 a       848     0    53     1    16
  4.5641395393263160E+00 a       849     0    54     1     1
  2.3395056479100265E+00 a       850     0    54     1     2
  1.2957196071753554E+00 a       851     0    54     1     3
 -1.3651288491763518E+00 a       852     0    54     1     4
  1.2638517368429310E+00 a       853     0    54     1     5
  1.9520790473838814E+00 a       854     0    54     1     6
  1.0610386814862289E+00 a       855     0    54     1     7
 -3.7758976397262584E-01 a       856     0    54     1     8
 -4.8410140082494219E-01 a       857     0    54     1     9
  9.8858047091785839E-01 a       858     0    54     1    10
 -6.2578905451070854E+00 a       859     0    54     1    11
 -4.1433713660274050E+00 a       860     0    54     1    12
 -1.4025193423448250E+00 a       861     0    54     1    13
 -3.1931522929672196E-01 a       862     0    54     1    14
  3.6913508920449656E-01 a       863     0    54     1    15
  2.6666606631446608E+00 a       864     0    54     1    16
 -7.0111643359466296E+00 a       865     0    55     1     1
  5.2934657844624855E+00 a       866     0    55     1     2
  1.3411433311331555E+00 a       867     0    55     1     3
 -1.2536499752494386E+00 a       868     0    55     1     4
  3.9976453553296523E+00 a       869     0    55     1     5
 -4.6113862193977589E-01 a       870     0    55     1     6
  6.2767285428267723E+00 a       871     0    55     1     7
  1.1588671209445096E+00 a       872     0    55     1     8
  2.1423921761521649E+00 a       873     0    55     1     9
 -5.0405004889909657E+00 a       874     0    55     1    10
 -3.8622351332295994E+00 a       875     0    55     1    11
  4.2054731520347808E+00 a       876     0    55     1    12
 -6.1515512711356362E+00 a       877     0    55     1    13
 -7.5626046878795856E+00 a       878     0    55     1    14
  3.5186984977061737E+00 a       879     0    55     1    15
  6.7664271074205669E+00 a       880     0    55     1    16
  8.6223786985922164E+00 a       881     0    56     1     1
  3.6215781065002313E+00 a       882     0    56     1     2
  5.2030480847886071E+00 a       883     0    56     1     3
 -1.4509233928907737E+00 a       884     0    56     1     4
  5.4615184356369861E-01 a       885     0    56     1     5
  3.9407895506691877E+00 a       886     0    56     1     6
 -5.0073342296543641E+00 a       887     0    56     1     7
  3.4950979290060711E+00 a       888     0    56     1     8
  1.3366818194524821E+00 a       889     0    56     1     9
 -4.3163515314710850E+00 a       890     0    56     1    10
 -3.4914148678855166E+00 a       891     0    56     1    11
 -1.2411279329335061E+00 a       892     0    56     1    12
  1.9507299141576144E+00 a       893     0    56     1    13
  1.3387764102557625E+01 a       894     0    56     1    14
  2.7130001187992772E+00 a       895     0    56     1    15
  6.3231801673770835E+00 a       896     0    56     1    16
  1.7630963987915640E+00 a       897     0    57     1     1
 -4.0816008232985963E+00 a       898     0    57     1     2
 -8.2952361147070486E-01 a       899     0    57     1     3
 -2.4834006686677927E+00 a       900     0    57     1     4
  3.0689734996705389E+00 a       901     0    57     1     5
  2.9361712116151124E+00 a       902     0    57     1     6
  9.6213920414886644E-01 a       903     0    57     1     7
  2.0629415042654760E+00 a       904     0    57     1     8
  8.3274206863770961E-01 a       905     0    57     1     9
 -4.0072895895783009E+00 a       906     0    57     1    10
 -9.3033243091748350E+00 a       907     0    57     1    11
  8.9216288139071398E-01 a       908     0    57     1    12
 -1.8271636776418436E+00 a       909     0    57     1    13
  2.1722759595809036E+00 a       910     0    57     1    14
  8.3019583251681273E-01 a       911     0    57     1    15
  2.1744266864815787E+00 a       912     0    57     1    16
 -2.2678284312118868E+00 a       913     0    58     1     1
  5.4227871490413149E+00 a       914     0    58     1     2
  1.6320658502832213E+01 a       915     0    58     1     3
  4.8580550394076667E+00 a       916     0    58     1     4
  3.2868855395297629E+00 a       917     0    58     1     5
  1.2979706532596122E+01 a       918     0    58     1     6
 -5.2413515140374489E+00 a       919     0    58     1     7
 -1.1967140506694234E+00 a       920     0    58     1     8
  1.9178660370585292E+00 a       921     0    58     1     9
 -1.3330920035015847E+01 a       922     0    58     1    10
  2.2182653380570624E+01 a       923     0    58     1    11
  5.8468851059653479E+00 a       924     0    58     1    12
  1.8131251961142937E+01 a       925     0    58     1    13
  4.2691854933487017E+00 a       926     0    58     1    14
  1.5592845863539223E+01 a       927     0    58     1    15
 -1.6198824379663517E+00 a       928     0    58     1    16
 -7.2892015783123290E+00 a       929     0    59     1     1
 -2.1007611084533629E+01 a       930     0    59     1     2
 -2.1982554311577283E+00 a       931     0    59     1     3
 -2.0737037951571429E+00 a       932     0    59     1     4
 -1.3286676558485497E-01 a       933     0    59     1     5
 -8.8836305743623658E+00 a       934     0    59     1     6
  1.8314593971732647E+00 a       935     0    59     1     7
  2.2627319119144399E+01 a       936     0    59     1     8
  2.5435155964245615E+00 a       937     0    59     1     9
  4.9554403193824115E+00 a       938     0    59     1    10
 -6.6972985069086455E-01 a       939     0    59     1    11
  3.4960390228996685E+00 a       940     0    59     1    12
 -5.3201440430718341E+00 a       941     0    59     1    13
  2.1386112033426361E+01 a       942     0    59     1    14
 -1.2040571754081141E+01 a       943     0    59     1    15
 -7.1537801476209992E+00 a       944     0    59     1    16
 -8.0337147411862686E-01 a       945     0    60     1     1
 -3.4500713244327450E+00 a       946     0    60     1     2
 -4.3603565609991017E+00 a       947     0    60     1     3
  1.9640239804253288E+00 a       948     0    60     1     4
  4.5986991311853744E+00 a       949     0    60     1     5
  2.4449128265805835E+00 a       950     0    60     1     6
 -3.4307156494441724E+00 a       951     0    60     1     7
 -5.8141938628108498E+00 a       952     0    60     1     8
 -1.3020840366123281E+00 a       953     0    60     1     9
 -4.8038462976087148E-01 a       954     0    60     1    10
  2.2795919483357752E+00 a       955     0    60     1    11
 -3.5338015209816471E+00 a       956     0    60     1    12
  2.5986219876431804E-01 a       957     0    60     1    13
 -2.8305670392992268E+00 a       958     0    60     1    14
 -9.9962788327890850E-01 a       959     0    60     1    15
 -3.7771669887641646E+00 a       960     0    60     1    16
 -2.3823802970428258E+00 a       961     0    61     1     1
 -1.0592672426508448E+01 a       962     0    61     1     2
 -5.9560714497032201E+00 a       963     0    61     1     3
 -1.5871355831598579E+00 a       964     0    61     1     4
  3.5219602730082995E+00 a       965     0    61     1     5
 -2.9298730472176415E+00 a       966     0    61     1     6
  3.4113325324822430E+00 a       967     0    61     1     7
  2.9189702654192380E+00 a       968     0    61     1     8
 -4.2516144339761013E+00 a       969     0    61     1     9
 -4.7792767565996147E-01 a       970     0    61     1    10
 -1.5808201142613729E-01 a       971     0    61     1    11
  4.4531011269976419E+00 a       972     0    61     1    12
 -2.4140080060162701E+00 a       973     0    61     1    13
 -2.1273807696741076E+00 a       974     0    61     1    14
 -8.3218348451854762E+00 a       975     0    61     1    15
 -4.2182118460815090E+00 a       976     0    61     1    16
 -1.1249563182459579E+00 a       977     0    62     1     1
 -1.9714834649585322E+00 a       978     0    62     1     2
 -1.3552918172296877E-01 a       979     0    62     1     3
  1.8472384642436721E+00 a       980     0    62     1     4
  5.5412083686875913E-01 a       981     0    62     1     5
 -3.9346388611308711E+00 a       982     0    62     1     6
  8.6449656029962263E+00 a       983     0    62     1     7
  1.2557560045098633E+01 a       984     0    62     1     8
  4.2261563979725967E+00 a       985     0    62     1     9
  1.8919565803064959E+00 a       986     0    62     1    10
 -6.4643523185825593E+00 a       987     0    62     1    11
  8.8290333286728764E+00 a       988     0    62     1    12
 -3.0447798708826350E+00 a       989     0    62     1    13
 -9.2905298218504373E-01 a       990     0    62     1    14
 -1.4284785796384445E+00 a       991     0    62     1    15
  5.1216809688240739E+00 a       992     0    62     1    16
 -3.1003762727798763E+00 a       993     0    63     1     1
 -3.1297349579108502E+00 a       994     0    63     1     2
 -3.3416224871005538E+00 a       995     0    63     1     3
  2.9548289517256299E+00 a       996     0    63     1     4
  9.3296984277596162E-01 a       997     0    63     1     5
 -2.2114140109291065E+00 a       998     0    63     1     6
 -4.7010894340052776E+00 a       999     0    63     1     7
 -4.9278920852087547E+00 a      1000     0    63     1     8
 -2.1624435949429546E+00 a      1001     0    63     1     9
 -1.0810669704475180E+00 a      1002     0    63     1    10
  8.6444156095767273E+00 a      1003     0    63     1    11
  1.8613042600984049E+00 a      1004     0    63     1    12
  1.3339439315320338E+00 a      1005     0    63     1    13
 -7.2038144913096258E-01 a      1006     0    63     1    14
 -1.5720514592184385E+00 a      1007     0    63     1    15
 -4.2426336245852907E+00 a      1008     0    63     1    16
 -8.0832583331360031E+00 a      1009     0    64     1     1
 -5.8187993081823466E+00 a      1010     0    64     1     2
  6.5567521787455751E-01 a      1011     0    64     1     3
  2.3961971440738976E+00 a      1012     0    64     1     4
  7.7767921651381910E-01 a      1013     0    64     1     5
 -2.2298770386052507E+01 a      1014     0    64     1     6
  8.4366151180868396E+00 a      1015     0    64     1     7
  2.7547000953865727E+01 a      1016     0    64     1     8
  1.3950101474778899E+01 a      1017     0    64     1     9
  7.7349348184178668E+00 a      1018     0    64     1    10
 -3.2281997509275399E+01 a      1019     0    64     1    11
  1.5356424035472862E+01 a      1020     0    64     1    12
 -6.3345036572082547E+00 a      1021     0    64     1    13
 -1.0093162141911126E+01 a      1022     0    64     1    14
 -1.2219355267207185E+01 a      1023     0    64     1    15
  1.0310112261632918E+00 a      1024     0    64     1    16
  5.2050730735084116E-01 b      1025     1     1
  4.1109592347815938E-01 b      1026     1     2
  1.1553241344473697E-02 b      1027     1     3
  5.9782413327627439E-02 b      1028     1     4
  2.0903651281854202E-01 b      1029     1     5
  2.7708648296433214E-01 b      1030     1     6
  3.4126932544114175E-01 b      1031     1     7
 -1.9409398372214468E-01 b      1032     1     8
  4.2244041881459782E-01 b      1033     1     9
  2.6514954854885753E-01 b      1034     1    10
 -1.7738750956778165E-01 b      1035     1    11
  2.2593209464168723E-01 b      1036     1    12
 -3.3660717802813978E-01 b      1037     1    13
  3.3719978080180069E-01 b      1038     1    14
  5.3370977329482039E-02 b      1039     1    15
  1.5120542479923435E-01 b      1040     1    16
  1.1215671605273404E-01 a      1041     1     1     2     1
 -8.5064644643248211E-01 a      1042     1     1     2     2
 -1.1928510318341954E+00 a      1043     1     1     2     3
 -7.3495445848119456E-01 a      1044     1     1     2     4
 -4.7439474140116117E-01 a      1045     1     1     2     5
 -1.0305918430503882E+00 a      1046     1     1     2     6
  6.6008035568878243E-02 a      1047     1     1     2     7
  5.8804292857213325E-01 a      1048     1     1     2     8
 -7.9640454489867329E-01 a      1049     1     1     2     9
  4.3876264432082918E-01 a      1050     1     1     2    10
 -6.6499946479153571E-01 a      1051     1     1     2    11
 -4.7841792926348964E-01 a      1052     1     1     2    12
  8.2103678377368505E-01 a      1053     1     1     2    13
  3.1109019947607339E+00 a      1054     1     1     2    14
  1.2679549479068568E-02 a      1055     1     1     2    15
  7.7598434801874161E-01 a      1056     1     1     2    16
 -1.1010117127975774E+00 a      1057     1     2     2     1
 -2.0846926984059229E+00 a      1058     1     2     2     2
 -1.9436145065119878E-01 a      1059     1     2     2     3
 -4.3835460171351870E-01 a      1060     1     2     2     4
  1.3585238328663962E+00 a      1061     1     2     2     5
  6.2193070097477454E-01 a      1062     1     2     2     6
 -3.8715217689121445E-01 a      1063     1     2     2     7
 -6.1252954981294172E-01 a      1064     1     2     2     8
  4.3563818698485568E-01 a      1065     1     2     2     9
 -2.9037989576525369E-01 a      1066     1     2     2    10
 -1.6347789382666664E-01 a      1067     1     2     2    11
  1.6330625140957136E+00 a      1068     1     2     2    12
  3.9947787208647739E-01 a      1069     1     2     2    13
 -1.6967597467670541E+00 a      1070     1     2     2    14
  9.5819530964673150E-01 a      1071     1     2     2    15
 -9.3324558106432465E-01 a      1072     1     2     2    16
  1.1010890993034324E+00 a      1073     1     3     2     1
  5.4227799228554485E-01 a      1074     1     3     2     2
  3.5747931936906174E-01 a      1075     1     3     2     3
  5.4382177490657202E-01 a      1076     1     3     2     4
  4.1675744694294914E-02 a      1077     1     3     2     5
  1.4905934528360504E-01 a      1078     1     3     2     6
  1.3565386092754670E+00 a      1079     1     3     2     7
  4.2350282541002163E-02 a      1080     1     3     2     8
  6.4387507886680495E-01 a      1081     1     3     2     9
 -1.4932083111967495E-01 a      1082     1     3     2    10
 -3.2243318597937942E-01 a      1083     1     3     2    11
  3.4722356618233186E-01 a      1084     1     3     2    12
 -5.4697132919905922E-01 a      1085     1     3     2    13
  3.0307331638790946E-01 a      1086     1     3     2    14
 -7.5008800690795041E-01 a      1087     1     3     2    15
  2.0007127136925287E+00 a      1088     1     3     2    16
 -5.1251951167155596E-01 a      1089     1     4     2     1
 -5.8876387974860533E-01 a      1090     1     4     2     2
  3.3887851315982487E-01 a      1091     1     4     2     3
 -2.5660955811116812E+00 a      1092     1     4     2     4
  4.9485673020291976E-01 a      1093     1     4     2     5
  5.9624205005935760E-01 a      1094     1     4     2     6
 -1.4165965651926668E-01 a      1095     1     4     2     7
  5.4322564750718139E-01 a      1096     1     4     2     8
  1.1647602608749752E+00 a      1097     1     4     2     9
  6.8220483372389806E-01 a      1098     1     4     2    10
 -8.5248378889931364E-01 a      1099     1     4     2    11
  7.5580275772379957E-01 a      1100     1     4     2    12
 -5.1152687496107796E-02 a      1101     1     4     2    13
  1.8145716272553036E+00 a      1102     1     4     2    14
 -2.6112055043822280E-01 a      1103     1     4     2    15
  1.0973724131239071E+00 a      1104     1     4     2    16
  1.9085957510370725E-02 a      1105     1     5     2     1
 -3.0881890020451536E-01 a      1106     1     5     2     2
  9.0789624708572048E-02 a      1107     1     5     2     3
  7.9874688955263407E-01 a      1108     1     5     2     4
  1.1419469078017044E+00 a      1109     1     5     2     5
  1.0393499504385804E+00 a      1110     1     5     2     6
 -2.9079188762323177E-01 a      1111     1     5     2     7
 -2.0246223357063292E-01 a      1112     1     5     2     8
  1.4320096074164941E+00 a      1113     1     5     2     9
  3.2139741536801725E-01 a      1114     1     5     2    10
 -6.9679432118940487E-01 a      1115     1     5     2    11
  7.3339822729094339E-01 a      1116     1     5     2    12
 -1.1098727160551290E-01 a      1117     1     5     2    13
 -1.7472121996800718E+00 a      1118     1     5     2    14
 -5.7335112926074427E-01 a      1119     1     5     2    15
 -3.8005486641648883E-01 a      1120     1     5     2    16
  3.1627746274445989E-01 a      1121     1     6     2     1
  7.7431437908323653E-01 a      1122     1     6     2     2
 -4.9496675551780839E-01 a      1123     1     6     2     3
  8.7384987363075928E-01 a      1124     1     6     2     4
 -6.5592350713285597E-01 a      1125     1     6     2     5
 -6.2133305211800749E-01 a      1126     1     6     2     6
  1.3087975645470982E+00 a      1127     1     6     2     7
 -7.8639212380123635E-01 a      1128     1     6     2     8
 -1.4709146460153548E+00 a      1129     1     6     2     9
  8.3585669659475888E-03 a      1130     1     6     2    10
  7.4172848267302927E-01 a      1131     1     6     2    11
  3.6846002987832124E-02 a      1132     1     6     2    12
 -4.1829278163854111E-01 a      1133     1     6     2    13
 -1.6655769830430629E+00 a      1134     1     6     2    14
 -1.1495758686374837E+00 a      1135     1     6     2    15
 -2.0352946395577934E-01 a      1136     1     6     2    16
 -4.3571217002395751E-01 a      1137     1     7     2     1
 -5.3782736200447145E-01 a      1138     1     7     2     2
 -2.1520564819871388E-01 a      1139     1     7     2     3
 -7.1725562179391045E-01 a      1140     1     7     2     4
 -1.0739509377969388E-01 a      1141     1     7     2     5
 -9.8291908664830752E-01 a      1142     1     7     2     6
 -1.3543229070659160E-01 a      1143     1     7     2     7
 -7.6522153541054005E-01 a      1144     1     7     2     8
 -9.9321788108079367E-01 a      1145     1     7     2     9
 -6.4406674982862080E-02 a      1146     1     7     2    10
 -1.9344141775099205E-01 a      1147     1     7     2    11
 -9.7791769575802623E-01 a      1148     1     7     2    12
 -7.1208471778601246E-01 a      1149     1     7     2    13
 -4.9223105355530886E-02 a      1150     1     7     2    14
  5.9636424179676195E-01 a      1151     1     7     2    15
 -1.7749352415167166E-01 a      1152     1     7     2    16
 -5.2212277793473809E-02 a      1153     1     8     2     1
 -3.8488753947147469E-01 a      1154     1     8     2     2
  4.9903197427582902E-01 a      1155     1     8     2     3
  1.6238374814234643E-01 a      1156     1     8     2     4
  1.1724628391188212E+00 a      1157     1     8     2     5
 -4.4100381572369986E-02 a      1158     1     8     2     6
 -1.6497592953836343E-01 a      1159     1     8     2     7
 -4.9148288548778574E-01 a      1160     1     8     2     8
 -1.9787526782826670E-01 a      1161     1     8     2     9
 -2.0807933902623296E-01 a      1162     1     8     2    10
 -5.2758552933461844E-01 a      1163     1     8     2    11
  8.3950242911995998E-01 a      1164     1     8     2    12
  1.1440651311765948E-01 a      1165     1     8     2    13
  2.6792892629200082E-01 a      1166     1     8     2    14
  8.9766075940173340E-01 a      1167     1     8     2    15
  3.2239800301900756E-01 a      1168     1     8     2    16
 -6.1541134660201635E-01 a      1169     1     9     2     1
  4.3370625953899117E-01 a      1170     1     9     2     2
 -6.2601501883181221E-01 a      1171     1     9     2     3
 -2.1444817492074018E+00 a      1172     1     9     2     4
 -8.1003475282634441E-01 a      1173     1     9     2     5
 -7.8258164637823657E-01 a      1174     1     9     2     6
 -3.1361819174886468E-01 a      1175     1     9     2     7
 -8.4713573341269810E-01 a      1176     1     9     2     8
 -1.0948355763314630E+00 a      1177     1     9     2     9
 -2.5747482078139899E-01 a      1178     1     9     2    10
  4.0149401949816782E-01 a      1179     1     9     2    11
 -9.9738510947813930E-01 a      1180     1     9     2    12
 -5.9425096596796889E-01 a      1181     1     9     2    13
 -1.5501108054231481E+00 a      1182     1     9     2    14
  1.1920353490234706E-01 a      1183     1     9     2    15
 -6.1850225487269128E-01 a      1184     1     9     2    16
  9.3760792336218302E-01 a      1185     1    10     2     1
  9.9608912771018028E-03 a      1186     1    10     2     2
 -1.5143072159097087E-01 a      1187     1    10     2     3
 -9.3839857458572012E-02 a      1188     1    10     2     4
 -9.2319502222140221E-02 a      1189     1    10     2     5
 -9.8236449098826492E-02 a      1190     1    10     2     6
  6.3995623356945863E-01 a      1191     1    10     2     7
  3.0806481099803223E-01 a      1192     1    10     2     8
  3.2341181652988521E-01 a      1193     1    10     2     9
  6.0360736488986211E-01 a      1194     1    10     2    10
  8.3327538812842783E-01 a      1195     1    10     2    11
  9.7117764208213087E-01 a      1196     1    10     2    12
 -2.9210771373103156E-01 a      1197     1    10     2    13
 -1.5933310145502424E+00 a      1198     1    10     2    14
  1.3244984282551436E-01 a      1199     1    10     2    15
  4.9121405122854161E-01 a      1200     1    10     2    16
  6.1099246426963572E-01 a      1201     1    11     2     1
 -2.5723341269868655E-01 a      1202     1    11     2     2
  6.0289885201622329E-01 a      1203     1    11     2     3
  9.0017385190652632E-01 a      1204     1    11     2     4
 -4.9091843138069940E-01 a      1205     1    11     2     5
  5.0352332503180741E-01 a      1206     1    11     2     6
 -4.3502567870453523E-01 a      1207     1    11     2     7
 -5.1593288399797388E-01 a      1208     1    11     2     8
  2.3535032252350263E-02 a      1209     1    11     2     9
 -1.7967202979419583E-01 a      1210     1    11     2    10
  6.0881418322152581E-01 a      1211     1    11     2    11
  4.1196971490522855E-01 a      1212     1    11     2    12
 -2.1830968282490201E-01 a      1213     1    11     2    13
  8.8287885288518927E-02 a      1214     1    11     2    14
 -3.7769568595423264E-01 a      1215     1    11     2    15
  9.5611168262470592E-01 a      1216     1    11     2    16
  2.6853521456310581E-01 a      1217     1    12     2     1
  1.4797796351082666E+00 a      1218     1    12     2     2
 -1.0276235010848542E+00 a      1219     1    12     2     3
  3.1842754805366391E-01 a      1220     1    12     2     4
  8.9559518964588070E-01 a      1221     1    12     2     5
 -2.4753691253276267E-01 a      1222     1    12     2     6
  7.4720164871784911E-01 a      1223     1    12     2     7
  3.0253090841598052E-01 a      1224     1    12     2     8
  1.9622188868057480E-01 a      1225     1    12     2     9
  3.5101661079878188E-01 a      1226     1    12     2    10
  5.1419916218797612E-01 a      1227     1    12     2    11
  1.0407031197280654E+00 a      1228     1    12     2    12
  4.9889617500039957E-01 a      1229     1    12     2    13
 -1.1375525505081872E+00 a      1230     1    12     2    14
 -1.4006744017302197E-01 a      1231     1    12     2    15
 -2.6667212084570951E-01 a      1232     1    12     2    16
 -8.0152878600159613E-02 a      1233     1    13     2     1
 -4.1265869016737788E-01 a      1234     1    13     2     2
 -4.9244768923911143E-02 a      1235     1    13     2     3
  1.2457040948731182E+00 a      1236     1    13     2     4
 -1.1129215242412129E+00 a      1237     1    13     2     5
 -8.6968798426366822E-01 a      1238     1    13     2     6
  2.0846670420582365E+00 a      1239     1    13     2     7
 -9.2200361493759819E-01 a      1240     1    13     2     8
 -1.2300831696183017E+00 a      1241     1    13     2     9
 -2.4059835647354733E-01 a      1242     1    13     2    10
  6.3596949397265690E-01 a      1243     1    13     2    11
 -1.1027493699692150E+00 a      1244     1    13     2    12
 -7.8202661891640990E-01 a      1245     1    13     2    13
 -2.0213644492152145E+00 a      1246     1    13     2    14
 -9.5967115418210458E-01 a      1247     1    13     2    15
 -1.3906720955032486E+00 a      1248     1    13     2    16
 -3.6406329501131590E-01 a      1249     1    14     2     1
  3.2520081766892983E-01 a      1250     1    14     2     2
 -7.2944814047860407E-01 a      1251     1    14     2     3
 -2.9376393601133599E-01 a      1252     1    14     2     4
  5.8429088298845955E-01 a      1253     1    14     2     5
 -6.9688525543287616E-01 a      1254     1    14     2     6
 -6.6707937713498505E-02 a      1255     1    14     2     7
 -8.4090400219311812E-01 a      1256     1    14     2     8
 -5.9324411789505205E-01 a      1257     1    14     2     9
 -4.7182766845616103E-01 a      1258     1    14     2    10
  5.4198556343036913E-02 a      1259     1    14     2    11
  2.3831495051600976E-01 a      1260     1    14     2    12
  8.4053357054222538E-02 a      1261     1    14     2    13
 -9.3859999854908727E-01 a      1262     1    14     2    14
  6.2269505310165307E-01 a      1263     1    14     2    15
 -6.7218280347210246E-01 a      1264     1    14     2    16
  1.5737772216575645E+00 a      1265     1    15     2     1
  5.2894696878596589E-02 a      1266     1    15     2     2
  3.8692623519121222E-01 a      1267     1    15     2     3
  2.3211170550607938E+00 a      1268     1    15     2     4
  5.0759931970649974E-01 a      1269     1    15     2     5
 -3.3872671100592189E-01 a      1270     1    15     2     6
  7.7151937013670524E-01 a      1271     1    15     2     7
 -1.2145728433387533E+00 a      1272     1    15     2     8
  1.6255575701729602E-01 a      1273     1    15     2     9
 -4.2233684296715446E-01 a      1274     1    15     2    10
  1.5553991032793284E+00 a      1275     1    15     2    11
  1.2635966307066607E-01 a      1276     1    15     2    12
  5.4366206479454685E-02 a      1277     1    15     2    13
  1.1719900136157841E+00 a      1278     1    15     2    14
  1.3261214526579501E+00 a      1279     1    15     2    15
  6.9123473464302976E-01 a      1280     1    15     2    16
 -1.6252690382962964E-02 a      1281     1    16     2     1
  4.6257441624799928E-01 a      1282     1    16     2     2
  8.9133645483401380E-01 a      1283     1    16     2     3
  6.2630468050159815E-01 a      1284     1    16     2     4
 -2.1005541672481143E-01 a      1285     1    16     2     5
  5.5678144798679285E-01 a      1286     1    16     2     6
  1.6633650116704131E+00 a      1287     1    16     2     7
 -6.3845468852725662E-01 a      1288     1    16     2     8
 -1.7825365682146388E-01 a      1289     1    16     2     9
 -4.6775217297349408E-01 a      1290     1    16     2    10
  2.7280134447973270E-01 a      1291     1    16     2    11
 -1.2652958869233094E-01 a      1292     1    16     2    12
 -4.9618244554703100E-01 a      1293     1    16     2    13
 -1.5363428175371348E+00 a      1294     1    16     2    14
  5.1719224709657889E-02 a      1295     1    16     2    15
 -4.0113371389662866E-01 a      1296     1    16     2    16
  3.7378107412894618E-01 b      1297     2     1
 -9.5707263483625060E-01 b      1298     2     2
  3.8641994264259627E-01 b      1299     2     3
  6.8424826446259601E-01 b      1300     2     4
 -5.8694010722234097E-02 b      1301     2     5
 -5.6692505725620290E-01 b      1302     2     6
 -2.2824619314369752E+00 b      1303     2     7
  2.6000098119348281E-01 b      1304     2     8
 -9.2007581617936363E-01 b      1305     2     9
  1.7354836379809790E-01 b      1306     2    10
  7.0535325616563882E-01 b      1307     2    11
 -8.1214919971933452E-01 b      1308     2    12
 -1.3857846954173153E-01 b      1309     2    13
  2.7624163307512588E+00 b      1310     2    14
  5.0370135013627904E-01 b      1311     2    15
  3.8279232665008894E-01 b      1312     2    16
  3.6171274326491903E-01 a      1313     2     1     3     1
  9.0091767117000704E-02 a      1314     2     2     3     1
  3.9763679661748813E-01 a      1315     2     3     3     1
 -3.2358530110469963E-02 a      1316     2     4     3     1
 -1.3219353039554227E-01 a      1317     2     5     3     1
 -1.1812257738285223E+00 a      1318     2     6     3     1
 -2.4906798518811012E-02 a      1319     2     7     3     1
 -4.3281049007454964E-01 a      1320     2     8     3     1
  9.5105705500725124E-01 a      1321     2     9     3     1
 -1.1579451879819740E-01 a      1322     2    10     3     1
 -1.9566271132690422E-01 a      1323     2    11     3     1
  1.5599305058714411E-01 a      1324     2    12     3     1
 -4.4055180049702375E-01 a      1325     2    13     3     1
  2.1616913351233552E-01 a      1326     2    14     3     1
  7.8552605605635428E-02 a      1327     2    15     3     1
 -2.3658952015806581E-01 a      1328     2    16     3     1
  1.3778306619064698E-01 b      1329     3     1
