################################################################################
# Neural network connection values (weights and biases).
################################################################################
# Col  Name       Description
################################################################################
# 1    connection Neural network connection value.
# 2    t          Connection type (a = weight, b = bias).
# 3    index      Index enumerating weights.
# 4    l_s        Starting point layer (end point layer for biases).
# 5    n_s        Starting point neuron in starting layer (end point neuron for biases).
# 6    l_e        End point layer.
# 7    n_e        End point neuron in end layer.
################################################################################
#                      1 2         3     4     5     6     7
#             connection t     index   l_s   n_s   l_e   n_e
############################################################
 -1.0689191878792624E+01 a         1     0     1     1     1
  7.2357319577865709E-01 a         2     0     1     1     2
 -6.4600705855723470E+00 a         3     0     1     1     3
 -5.9609594414176992E-01 a         4     0     1     1     4
 -1.2020956496501867E+01 a         5     0     1     1     5
 -9.8471086930223546E+00 a         6     0     1     1     6
 -6.9878169053563939E+00 a         7     0     1     1     7
  1.0224457853059581E+01 a         8     0     1     1     8
  8.1193571388632630E+00 a         9     0     1     1     9
 -8.7012827103361410E+00 a        10     0     1     1    10
  5.5265259206440378E+00 a        11     0     1     1    11
 -1.3631351989871887E+00 a        12     0     1     1    12
 -4.1861527877282088E+00 a        13     0     1     1    13
 -3.4262380821509932E+00 a        14     0     1     1    14
  3.8617543585307574E+00 a        15     0     1     1    15
  1.0341733333127664E+01 a        16     0     1     1    16
 -3.4533008462124353E+00 a        17     0     2     1     1
  2.7201243803736488E+00 a        18     0     2     1     2
 -1.0410729627876153E+01 a        19     0     2     1     3
  9.3927234272385061E+00 a        20     0     2     1     4
  2.7358839768583454E-01 a        21     0     2     1     5
  9.7037324724191784E-02 a        22     0     2     1     6
 -2.3839482642772269E+00 a        23     0     2     1     7
  2.4754551021532478E+00 a        24     0     2     1     8
  4.8701313389788918E+00 a        25     0     2     1     9
  8.6137835743557734E+00 a        26     0     2     1    10
 -3.3082469577804599E+00 a        27     0     2     1    11
  3.1260485636014717E+00 a        28     0     2     1    12
 -2.0316054500090606E+00 a        29     0     2     1    13
 -5.3461545703114632E+00 a        30     0     2     1    14
  5.2485923070913598E+00 a        31     0     2     1    15
 -3.7470618119748211E+00 a        32     0     2     1    16
  7.3512615194091357E-02 a        33     0     3     1     1
 -2.8407091667821477E-01 a        34     0     3     1     2
 -1.4246127746424213E+00 a        35     0     3     1     3
 -7.4169078830492463E-01 a        36     0     3     1     4
 -6.5890298174931852E+00 a        37     0     3     1     5
  3.6858232870523171E+00 a        38     0     3     1     6
 -1.0496087608471896E+00 a        39     0     3     1     7
  5.4505312613624621E+00 a        40     0     3     1     8
  2.7881743990064556E-01 a        41     0     3     1     9
  3.1367110745560862E+00 a        42     0     3     1    10
 -6.1371787690456143E+00 a        43     0     3     1    11
 -4.2154553067282974E+00 a        44     0     3     1    12
  4.0426452682406533E-01 a        45     0     3     1    13
 -2.8882105941822472E-01 a        46     0     3     1    14
 -3.8548347868441302E+00 a        47     0     3     1    15
 -3.8895796998443508E+00 a        48     0     3     1    16
  1.1624074452069692E+01 a        49     0     4     1     1
  2.4002617327751732E-01 a        50     0     4     1     2
  4.3398805822753959E+00 a        51     0     4     1     3
  6.6163244390627385E-01 a        52     0     4     1     4
  1.3333103932782050E+01 a        53     0     4     1     5
  9.0786054806661447E+00 a        54     0     4     1     6
  5.9252841723267444E+00 a        55     0     4     1     7
 -1.2345111027207574E+01 a        56     0     4     1     8
 -9.0896318580394020E+00 a        57     0     4     1     9
  9.2404217725688156E+00 a        58     0     4     1    10
 -5.3728260268251935E+00 a        59     0     4     1    11
  3.3792632514701043E-01 a        60     0     4     1    12
  6.6049817629965091E-01 a        61     0     4     1    13
  1.5841775409324999E+00 a        62     0     4     1    14
 -5.7231774554825652E+00 a        63     0     4     1    15
 -9.1581358876836845E+00 a        64     0     4     1    16
  2.8219438373126935E+00 a        65     0     5     1     1
 -2.9882398441698417E+00 a        66     0     5     1     2
  1.1395327096004646E+01 a        67     0     5     1     3
 -1.4934785876393693E+01 a        68     0     5     1     4
  3.0195848703621535E+00 a        69     0     5     1     5
  6.8540343275468389E+00 a        70     0     5     1     6
  2.5666940845595105E+00 a        71     0     5     1     7
 -2.2466377471984513E+00 a        72     0     5     1     8
 -8.9438331853250457E+00 a        73     0     5     1     9
 -6.8381783672689584E+00 a        74     0     5     1    10
  2.4406664087704928E+00 a        75     0     5     1    11
 -2.2299526888514811E+00 a        76     0     5     1    12
  7.0700036186792081E+00 a        77     0     5     1    13
  8.0122042943707115E+00 a        78     0     5     1    14
 -1.1518122455113961E+01 a        79     0     5     1    15
  1.2974791677131616E+00 a        80     0     5     1    16
 -2.0340007059585323E+00 a        81     0     6     1     1
 -1.8776738437233753E-01 a        82     0     6     1     2
  4.9997201199306972E-02 a        83     0     6     1     3
 -1.1058998481650502E+00 a        84     0     6     1     4
 -3.4638928397823787E+00 a        85     0     6     1     5
 -1.8130024813870302E+00 a        86     0     6     1     6
 -6.8606788639127758E-01 a        87     0     6     1     7
  3.9099658051728134E+00 a        88     0     6     1     8
  1.8937931546592655E+00 a        89     0     6     1     9
 -1.0626107546743997E+00 a        90     0     6     1    10
  1.7704334548154268E+00 a        91     0     6     1    11
  3.4575225334557408E-01 a        92     0     6     1    12
  2.2918663699345090E+00 a        93     0     6     1    13
 -5.1058748391157460E-01 a        94     0     6     1    14
  1.0278422731471180E+00 a        95     0     6     1    15
  2.6360215628625405E+00 a        96     0     6     1    16
 -1.2153852771873956E+00 a        97     0     7     1     1
  2.6286244933913490E+00 a        98     0     7     1     2
  1.2176187401966454E+00 a        99     0     7     1     3
  4.1857088631240658E-01 a       100     0     7     1     4
  2.2689358025891098E+00 a       101     0     7     1     5
  3.4757906308322872E-01 a       102     0     7     1     6
 -1.2293989689118432E+00 a       103     0     7     1     7
 -3.8627998522188460E+00 a       104     0     7     1     8
 -6.3249866732633386E-02 a       105     0     7     1     9
  1.0314420529658359E+00 a       106     0     7     1    10
 -1.5685296160733917E+00 a       107     0     7     1    11
  4.3102563404953126E-01 a       108     0     7     1    12
  1.1346482762837340E+00 a       109     0     7     1    13
 -2.1453061843729899E+00 a       110     0     7     1    14
  3.1389993436611570E+00 a       111     0     7     1    15
 -8.8655211839516357E-02 a       112     0     7     1    16
 -5.2072246415982733E+00 a       113     0     8     1     1
  1.0037105646002302E-01 a       114     0     8     1     2
 -3.3686899523657403E+00 a       115     0     8     1     3
  7.2083720031413856E+00 a       116     0     8     1     4
 -3.5656537565559443E+00 a       117     0     8     1     5
 -5.0077471720940219E+00 a       118     0     8     1     6
 -1.3319087857603413E+00 a       119     0     8     1     7
  2.5285456068534482E+00 a       120     0     8     1     8
  5.3001002785561688E+00 a       121     0     8     1     9
  4.5204242839904989E+00 a       122     0     8     1    10
  2.3224858244097684E+00 a       123     0     8     1    11
  4.1246155064290075E+00 a       124     0     8     1    12
 -1.2903812895995830E+00 a       125     0     8     1    13
 -1.3812771814425457E+01 a       126     0     8     1    14
  7.9500269916734139E+00 a       127     0     8     1    15
 -4.1984235732101078E+00 a       128     0     8     1    16
  1.0070269424796168E+00 a       129     0     9     1     1
 -1.3908533099720165E+01 a       130     0     9     1     2
  1.8400238717538691E+01 a       131     0     9     1     3
  1.1313488106885750E+01 a       132     0     9     1     4
  8.9206534244626461E+00 a       133     0     9     1     5
 -4.1988414227776332E+00 a       134     0     9     1     6
 -1.5252377943697699E+01 a       135     0     9     1     7
 -3.5257800990288040E+01 a       136     0     9     1     8
  2.2947253620293697E+01 a       137     0     9     1     9
 -1.0246459893928538E+01 a       138     0     9     1    10
 -1.8459103973787776E+01 a       139     0     9     1    11
 -5.0512286747736823E+00 a       140     0     9     1    12
 -7.9696437518493450E+00 a       141     0     9     1    13
 -3.7599639832491110E+00 a       142     0     9     1    14
  1.8957236605761484E+01 a       143     0     9     1    15
 -2.5075984377014574E+01 a       144     0     9     1    16
  2.7009279581336667E+01 a       145     0    10     1     1
  3.8070841332548703E+01 a       146     0    10     1     2
  1.9064023238939260E+01 a       147     0    10     1     3
 -5.2298951425124800E+00 a       148     0    10     1     4
 -6.0608733267994976E+00 a       149     0    10     1     5
 -5.7462442877613590E+01 a       150     0    10     1     6
  1.4077543533689658E+01 a       151     0    10     1     7
  8.4312681876960163E+00 a       152     0    10     1     8
  2.4507932751327100E+01 a       153     0    10     1     9
 -3.7184150062909779E+01 a       154     0    10     1    10
 -4.4420799831074591E+00 a       155     0    10     1    11
 -4.8200239433588280E+01 a       156     0    10     1    12
 -3.8292793547355195E+01 a       157     0    10     1    13
  2.2867298838563697E+00 a       158     0    10     1    14
  1.9031630518599851E+01 a       159     0    10     1    15
  1.7643953271918445E+01 a       160     0    10     1    16
  2.4550772485284497E+01 a       161     0    11     1     1
 -5.2382997057300615E+00 a       162     0    11     1     2
  1.1367335338553062E+01 a       163     0    11     1     3
  3.9351934142999831E+01 a       164     0    11     1     4
 -7.0603602291551386E+00 a       165     0    11     1     5
  1.0741852590477395E+01 a       166     0    11     1     6
  3.5087219338532130E+01 a       167     0    11     1     7
 -1.5324368173788965E+00 a       168     0    11     1     8
 -1.6268756471938250E+01 a       169     0    11     1     9
 -1.0616356369222924E+01 a       170     0    11     1    10
  1.4963329868360717E+01 a       171     0    11     1    11
  8.5564853916986099E+00 a       172     0    11     1    12
 -1.9877343883543709E+01 a       173     0    11     1    13
 -2.9623023920098202E+01 a       174     0    11     1    14
 -1.0474386676805926E+01 a       175     0    11     1    15
  1.8537151784235373E+01 a       176     0    11     1    16
 -8.4580869279246151E+00 a       177     0    12     1     1
  6.8838479243329417E+01 a       178     0    12     1     2
 -1.2727747993577426E+01 a       179     0    12     1     3
 -6.3316364105205434E+00 a       180     0    12     1     4
 -5.8996399821894620E+01 a       181     0    12     1     5
  8.9120813085950800E+01 a       182     0    12     1     6
  4.7888628452057375E+01 a       183     0    12     1     7
  3.7438486744998336E+01 a       184     0    12     1     8
  3.0909893719402458E+01 a       185     0    12     1     9
  5.6205811001687103E+01 a       186     0    12     1    10
 -2.9526700654876311E+01 a       187     0    12     1    11
  3.3448952078158676E+01 a       188     0    12     1    12
 -7.5943543988458430E+01 a       189     0    12     1    13
 -1.5547841149242638E+01 a       190     0    12     1    14
  1.4033978102346688E+02 a       191     0    12     1    15
  1.8342536965667053E+00 a       192     0    12     1    16
 -2.3180400072155773E+01 a       193     0    13     1     1
 -1.9897781963912834E+01 a       194     0    13     1     2
 -5.2196415962860478E+01 a       195     0    13     1     3
  5.5385087507204194E+00 a       196     0    13     1     4
  1.7304476736784903E+01 a       197     0    13     1     5
  6.2480324157773426E+00 a       198     0    13     1     6
  5.4021083313098998E+01 a       199     0    13     1     7
  2.9061561885716415E+01 a       200     0    13     1     8
 -1.5943322356902975E+01 a       201     0    13     1     9
  2.6020606679589102E+00 a       202     0    13     1    10
  5.5076087599663177E+00 a       203     0    13     1    11
  4.6731702988568017E+01 a       204     0    13     1    12
 -5.2965977108233417E+00 a       205     0    13     1    13
  1.7945967856419902E+01 a       206     0    13     1    14
  1.3953343595369219E+00 a       207     0    13     1    15
 -1.1103794033153099E+01 a       208     0    13     1    16
  5.8561180303101779E-01 a       209     0    14     1     1
  6.1127999410815592E+00 a       210     0    14     1     2
 -8.1081682636995112E+00 a       211     0    14     1     3
  6.7172430952495290E+00 a       212     0    14     1     4
 -1.3928060229632786E+00 a       213     0    14     1     5
 -2.8094126571064397E+01 a       214     0    14     1     6
  1.6005958129382940E+00 a       215     0    14     1     7
  8.7859236774663714E+00 a       216     0    14     1     8
  8.6350655964913674E+00 a       217     0    14     1     9
 -1.2837156296635153E+00 a       218     0    14     1    10
  1.0535199642637426E+01 a       219     0    14     1    11
 -7.6240414869232414E+00 a       220     0    14     1    12
  1.8195952858135562E+00 a       221     0    14     1    13
 -5.7832764507070822E-01 a       222     0    14     1    14
 -8.6313194884300977E+00 a       223     0    14     1    15
  5.3877046455049364E-02 a       224     0    14     1    16
 -2.4785102886907859E+00 a       225     0    15     1     1
  9.8897736762418962E+00 a       226     0    15     1     2
  3.8738475751013173E+00 a       227     0    15     1     3
  5.6665703758516308E+00 a       228     0    15     1     4
  7.5042074704046300E+01 a       229     0    15     1     5
 -1.8199745480306891E+01 a       230     0    15     1     6
 -7.2038410602358374E+00 a       231     0    15     1     7
  1.0917414426299162E+01 a       232     0    15     1     8
  2.2987285480749939E+01 a       233     0    15     1     9
 -4.1404953890970233E+01 a       234     0    15     1    10
 -1.3271326263365424E+00 a       235     0    15     1    11
  1.3669557943629849E+01 a       236     0    15     1    12
  1.2055947561444604E+01 a       237     0    15     1    13
  8.4816447527908050E+00 a       238     0    15     1    14
  5.1019365452276297E+01 a       239     0    15     1    15
  1.7969234879008759E+01 a       240     0    15     1    16
  1.3941961480322969E+00 a       241     0    16     1     1
 -1.1577429375580879E+00 a       242     0    16     1     2
 -6.7651433496930418E+00 a       243     0    16     1     3
  1.5242615482776201E+00 a       244     0    16     1     4
  5.3870357787923302E+00 a       245     0    16     1     5
  1.4405259078690515E+00 a       246     0    16     1     6
  4.6043964606116026E+00 a       247     0    16     1     7
  1.7236251187457232E+00 a       248     0    16     1     8
 -6.4040123153365758E-01 a       249     0    16     1     9
  2.1156049510992094E+00 a       250     0    16     1    10
  4.7239410068817700E-01 a       251     0    16     1    11
  3.6729022269176084E+00 a       252     0    16     1    12
  2.4222336549414436E+00 a       253     0    16     1    13
 -1.2197730381572960E+00 a       254     0    16     1    14
 -1.2966071578494314E+00 a       255     0    16     1    15
  1.4455895191926610E-01 a       256     0    16     1    16
  4.0138501411145111E-01 a       257     0    17     1     1
  2.1998352221463993E+00 a       258     0    17     1     2
 -4.7422407491954441E+00 a       259     0    17     1     3
  4.5701215942682832E-01 a       260     0    17     1     4
  4.4544123121879400E+00 a       261     0    17     1     5
 -7.4360345548241575E+00 a       262     0    17     1     6
  2.6727548827215895E+00 a       263     0    17     1     7
  4.6166510184346237E+00 a       264     0    17     1     8
  2.1824288844295809E+00 a       265     0    17     1     9
  2.3661782569035596E-02 a       266     0    17     1    10
  1.0475440665059925E+00 a       267     0    17     1    11
 -4.0594301585019625E+00 a       268     0    17     1    12
  1.0710189891772590E+00 a       269     0    17     1    13
 -1.3122448739323156E+00 a       270     0    17     1    14
 -6.3382114827628753E+00 a       271     0    17     1    15
  1.7204461056621057E-01 a       272     0    17     1    16
  1.4228580558863215E+00 a       273     0    18     1     1
  3.8867941553413901E+00 a       274     0    18     1     2
 -2.3332668105377333E-01 a       275     0    18     1     3
  3.4225630044585342E-01 a       276     0    18     1     4
  2.8192427138955254E+00 a       277     0    18     1     5
 -2.2353386997160771E+00 a       278     0    18     1     6
  3.6754896169773144E+00 a       279     0    18     1     7
  6.7337202638224873E+00 a       280     0    18     1     8
  3.7889476215255642E+00 a       281     0    18     1     9
 -6.8029279630667860E-01 a       282     0    18     1    10
 -6.6817063807825425E+00 a       283     0    18     1    11
 -2.7980298949804133E-01 a       284     0    18     1    12
 -2.8255919466711097E+00 a       285     0    18     1    13
 -6.8474728781917349E-01 a       286     0    18     1    14
  6.5247160606514596E+00 a       287     0    18     1    15
  2.7190457217390560E+00 a       288     0    18     1    16
 -1.0581429581232735E+00 a       289     0    19     1     1
  3.5235026459891493E+01 a       290     0    19     1     2
 -3.6807632335320001E+01 a       291     0    19     1     3
 -2.8829811489618152E+01 a       292     0    19     1     4
 -6.3123018026632307E+00 a       293     0    19     1     5
  3.0352173934082661E+01 a       294     0    19     1     6
  4.9394174265466695E+01 a       295     0    19     1     7
  7.7696621982508745E+01 a       296     0    19     1     8
 -6.1753256465383728E+01 a       297     0    19     1     9
  2.9717952743220163E+01 a       298     0    19     1    10
  2.5815588775506416E+01 a       299     0    19     1    11
  1.6829102336658352E+01 a       300     0    19     1    12
  1.7615030799529240E+01 a       301     0    19     1    13
  8.4811180970987010E+00 a       302     0    19     1    14
 -4.0285687528011458E+01 a       303     0    19     1    15
  3.6292413109761455E+01 a       304     0    19     1    16
 -4.9316884003909145E+01 a       305     0    20     1     1
 -1.0533647923453029E+02 a       306     0    20     1     2
 -2.3432186211313141E+01 a       307     0    20     1     3
 -4.8356215667822777E+00 a       308     0    20     1     4
  3.1536651923536787E+01 a       309     0    20     1     5
  1.5097695754145471E+02 a       310     0    20     1     6
 -4.1753050377396669E+01 a       311     0    20     1     7
 -3.5318363062855340E+01 a       312     0    20     1     8
 -7.1010904796859009E+01 a       313     0    20     1     9
  6.7168416986672298E+01 a       314     0    20     1    10
 -5.2108640425543893E+00 a       315     0    20     1    11
  1.0781948127937954E+02 a       316     0    20     1    12
  9.3052455690977624E+01 a       317     0    20     1    13
 -4.6943574876280199E+00 a       318     0    20     1    14
 -5.4286995554756032E+01 a       319     0    20     1    15
 -4.3947409457381944E+01 a       320     0    20     1    16
 -5.5748528033639694E+01 a       321     0    21     1     1
 -4.9839322219301465E+00 a       322     0    21     1     2
 -3.2059569857948894E+01 a       323     0    21     1     3
 -8.8971656186179459E+01 a       324     0    21     1     4
  6.0080220536950499E+01 a       325     0    21     1     5
 -2.1160274309144786E+01 a       326     0    21     1     6
 -7.8354058230788581E+01 a       327     0    21     1     7
 -3.7599834781314949E+00 a       328     0    21     1     8
  2.7741424034837831E+01 a       329     0    21     1     9
  7.7620299707290368E+00 a       330     0    21     1    10
 -2.2028331984380621E+01 a       331     0    21     1    11
  4.0764728029863200E+00 a       332     0    21     1    12
  3.5754851599808767E+01 a       333     0    21     1    13
  8.5782265083274766E+01 a       334     0    21     1    14
  3.9199640843813590E+01 a       335     0    21     1    15
 -3.1788393464432577E+01 a       336     0    21     1    16
  6.5673469164909317E+00 a       337     0    22     1     1
 -6.4515609678633945E+00 a       338     0    22     1     2
  3.7640390553907821E+01 a       339     0    22     1     3
  8.0402035832349483E+00 a       340     0    22     1     4
 -4.5777809204289719E+00 a       341     0    22     1     5
 -1.4862665964914992E+01 a       342     0    22     1     6
 -3.9702324591614079E+01 a       343     0    22     1     7
 -4.0992627147325408E+01 a       344     0    22     1     8
  3.1062058049437759E+01 a       345     0    22     1     9
 -1.4828013214717103E+01 a       346     0    22     1    10
 -1.4383611131967747E+01 a       347     0    22     1    11
 -2.6003709014979346E+01 a       348     0    22     1    12
 -8.7031598218777919E+00 a       349     0    22     1    13
 -7.5874422639665324E+00 a       350     0    22     1    14
  1.7188289090708373E+01 a       351     0    22     1    15
 -8.8713683952848559E+00 a       352     0    22     1    16
  3.1319829510829273E+01 a       353     0    23     1     1
 -3.4956391761491652E+01 a       354     0    23     1     2
  2.9485840361431833E+01 a       355     0    23     1     3
  7.2329361732418009E+00 a       356     0    23     1     4
  5.2282581156706669E+01 a       357     0    23     1     5
 -1.4066356217708650E+02 a       358     0    23     1     6
 -3.8346432465346190E+01 a       359     0    23     1     7
 -3.4852847264471059E+01 a       360     0    23     1     8
 -8.3214920363269087E+00 a       361     0    23     1     9
 -8.8877138436244095E+01 a       362     0    23     1    10
  2.3548966868790927E+01 a       363     0    23     1    11
 -7.8394300602814937E+01 a       364     0    23     1    12
  3.8679242537208147E+01 a       365     0    23     1    13
  2.0610863653776970E+01 a       366     0    23     1    14
 -1.2060324709498680E+02 a       367     0    23     1    15
  2.0043115563681678E+01 a       368     0    23     1    16
  2.4319187458533790E+01 a       369     0    24     1     1
 -6.1508851999767700E+00 a       370     0    24     1     2
  1.0439103773993750E+01 a       371     0    24     1     3
  3.5347757889064205E+01 a       372     0    24     1     4
 -4.4690034252683645E+01 a       373     0    24     1     5
  1.7190568083559736E+01 a       374     0    24     1     6
  2.8604412394539914E+01 a       375     0    24     1     7
 -9.2393781541153661E+00 a       376     0    24     1     8
 -2.1982128915504347E+01 a       377     0    24     1     9
  1.0125182748535133E+01 a       378     0    24     1    10
  1.3469075848516082E+01 a       379     0    24     1    11
 -7.9698509508685174E+00 a       380     0    24     1    12
 -2.0700296632745413E+01 a       381     0    24     1    13
 -2.9310899609297387E+01 a       382     0    24     1    14
 -3.7701905685010942E+01 a       383     0    24     1    15
  9.1944146657436203E+00 a       384     0    24     1    16
  2.6317182255236986E+00 a       385     0    25     1     1
 -2.2243549481660946E-01 a       386     0    25     1     2
  4.2671185581944675E+00 a       387     0    25     1     3
  3.0950453560473572E+00 a       388     0    25     1     4
  3.6573249251327282E+00 a       389     0    25     1     5
 -1.7840886139138556E+00 a       390     0    25     1     6
 -4.9452522523690732E+00 a       391     0    25     1     7
 -5.4796271122047582E+00 a       392     0    25     1     8
  7.5140312435576968E+00 a       393     0    25     1     9
 -1.2597561083868607E+00 a       394     0    25     1    10
 -4.3851563689928419E+00 a       395     0    25     1    11
 -2.4534938478904889E+00 a       396     0    25     1    12
 -5.8380694672751576E-01 a       397     0    25     1    13
 -3.0067209697371475E+00 a       398     0    25     1    14
  2.9793831403879665E+00 a       399     0    25     1    15
 -1.8902985386818876E+00 a       400     0    25     1    16
  2.7730052386502408E+00 a       401     0    26     1     1
  1.0338191797222599E+01 a       402     0    26     1     2
 -2.7608561458859898E-01 a       403     0    26     1     3
  7.8200829998804655E-01 a       404     0    26     1     4
  2.4649612557388090E+00 a       405     0    26     1     5
 -1.3661964119841294E+01 a       406     0    26     1     6
  4.3779705165253651E+00 a       407     0    26     1     7
  5.9841524319499442E+00 a       408     0    26     1     8
  8.2065775315640561E+00 a       409     0    26     1     9
 -6.9028969685106594E+00 a       410     0    26     1    10
 -1.4673724420597358E+00 a       411     0    26     1    11
 -9.1641757528826435E+00 a       412     0    26     1    12
 -9.0931876299027721E+00 a       413     0    26     1    13
  1.0023635699935076E+00 a       414     0    26     1    14
  3.7946509776437600E+00 a       415     0    26     1    15
  5.8927540470506665E+00 a       416     0    26     1    16
  7.6379133245528150E+00 a       417     0    27     1     1
  3.9725337518303911E+00 a       418     0    27     1     2
  2.9492985199567765E+00 a       419     0    27     1     3
  6.2876542497393029E+00 a       420     0    27     1     4
 -7.9507030562256773E+00 a       421     0    27     1     5
 -1.6032777047165372E+00 a       422     0    27     1     6
  5.8710286502038613E+00 a       423     0    27     1     7
  3.1989925855939783E+00 a       424     0    27     1     8
 -1.2757506829742671E+00 a       425     0    27     1     9
  1.8743008479374452E+00 a       426     0    27     1    10
  1.0247396213996732E-02 a       427     0    27     1    11
 -8.7420330499316157E-01 a       428     0    27     1    12
 -2.9472729152248172E+00 a       429     0    27     1    13
 -3.7146689616846618E+00 a       430     0    27     1    14
 -1.5971953897901090E+00 a       431     0    27     1    15
  6.7772619531708633E+00 a       432     0    27     1    16
 -4.3235391447084934E+00 a       433     0    28     1     1
 -5.2375914000141783E+00 a       434     0    28     1     2
 -1.0377571004497961E+00 a       435     0    28     1     3
  9.3596645706997073E-01 a       436     0    28     1     4
 -5.6173296875943368E+00 a       437     0    28     1     5
 -1.9978148852451214E+00 a       438     0    28     1     6
  5.3915013738855577E-01 a       439     0    28     1     7
 -3.0226274616190496E+00 a       440     0    28     1     8
 -7.0493741743856919E-01 a       441     0    28     1     9
 -2.3047221113029295E+00 a       442     0    28     1    10
  1.2972375178340945E+00 a       443     0    28     1    11
  3.8741724200697827E+00 a       444     0    28     1    12
 -2.2675761008966515E+00 a       445     0    28     1    13
  3.3197064453167520E+00 a       446     0    28     1    14
  3.0987237993309593E+00 a       447     0    28     1    15
 -5.5194301270051316E+00 a       448     0    28     1    16
  2.0559944920520641E+00 a       449     0    29     1     1
  1.5686549543318302E+01 a       450     0    29     1     2
  5.0413007080766796E+00 a       451     0    29     1     3
 -1.6003671169578895E+00 a       452     0    29     1     4
 -2.1441251906123469E+01 a       453     0    29     1     5
  5.9942153761371264E+00 a       454     0    29     1     6
  7.5304418570135905E+00 a       455     0    29     1     7
  5.2511207891833394E+00 a       456     0    29     1     8
  6.4244156121912397E+00 a       457     0    29     1     9
  6.8413514278448497E+00 a       458     0    29     1    10
  1.2948241543868639E+00 a       459     0    29     1    11
  2.9387416771952704E+00 a       460     0    29     1    12
 -1.3635606288121179E+01 a       461     0    29     1    13
 -2.4418159575010878E+00 a       462     0    29     1    14
  2.7223959219294148E+01 a       463     0    29     1    15
 -1.6380861816601773E+00 a       464     0    29     1    16
 -1.5527641424005290E+00 a       465     0    30     1     1
 -2.7419326682020015E+00 a       466     0    30     1     2
  4.0827917114063013E+00 a       467     0    30     1     3
  5.0588077344167335E+00 a       468     0    30     1     4
  1.7506882089283851E+00 a       469     0    30     1     5
  2.8387571040518309E+00 a       470     0    30     1     6
  2.7678095448246922E+00 a       471     0    30     1     7
 -3.5941306014224388E+00 a       472     0    30     1     8
 -1.0744269512985853E+00 a       473     0    30     1     9
 -5.8692857678842341E+00 a       474     0    30     1    10
  6.7068646876408176E+00 a       475     0    30     1    11
  3.5232122257842695E+00 a       476     0    30     1    12
  3.8306942343142780E+00 a       477     0    30     1    13
 -9.3600914038249279E+00 a       478     0    30     1    14
 -3.0440820190729873E-01 a       479     0    30     1    15
 -3.4762433659814307E+00 a       480     0    30     1    16
  1.8625825932111375E+01 a       481     0    31     1     1
  9.5417756287279438E+00 a       482     0    31     1     2
  3.6172868434731285E+01 a       483     0    31     1     3
 -7.6298779063694899E-01 a       484     0    31     1     4
 -1.4414800036210961E+01 a       485     0    31     1     5
 -1.0853874191982040E+01 a       486     0    31     1     6
 -4.9424414763468725E+01 a       487     0    31     1     7
 -2.8135460584294901E+01 a       488     0    31     1     8
  1.5880888681185242E+01 a       489     0    31     1     9
 -3.5326764621391198E+00 a       490     0    31     1    10
  1.6381971780454445E+00 a       491     0    31     1    11
 -3.7536208335667489E+01 a       492     0    31     1    12
  4.5141033101474450E+00 a       493     0    31     1    13
 -1.5067498608232750E+01 a       494     0    31     1    14
 -2.3381180455967456E+00 a       495     0    31     1    15
  8.9279773207978756E+00 a       496     0    31     1    16
  5.2873684549773303E+00 a       497     0    32     1     1
 -4.2541139624316751E+00 a       498     0    32     1     2
 -7.3735130221876666E-01 a       499     0    32     1     3
  2.7937270594722613E-01 a       500     0    32     1     4
 -7.1798067219756305E+01 a       501     0    32     1     5
  1.2834873510342899E+01 a       502     0    32     1     6
  1.2979663219789732E+01 a       503     0    32     1     7
 -2.8426695216046444E-01 a       504     0    32     1     8
 -1.4737729098418082E+01 a       505     0    32     1     9
  3.7402239071783349E+01 a       506     0    32     1    10
 -4.2331678654719980E+00 a       507     0    32     1    11
 -1.4512548533322985E+01 a       508     0    32     1    12
 -8.4040916899874709E+00 a       509     0    32     1    13
 -1.8139102499309359E+01 a       510     0    32     1    14
 -4.4660341408612972E+01 a       511     0    32     1    15
 -1.4199425240658876E+01 a       512     0    32     1    16
  1.4287599525249098E-01 a       513     0    33     1     1
 -5.8010403581905230E+00 a       514     0    33     1     2
 -5.5815252825929393E+00 a       515     0    33     1     3
 -2.0386511596575234E+00 a       516     0    33     1     4
  5.4026964265540620E+00 a       517     0    33     1     5
  2.5387136524775449E+00 a       518     0    33     1     6
  1.4173850049071719E+00 a       519     0    33     1     7
 -5.8927994633981768E+00 a       520     0    33     1     8
 -1.7384790738676501E+00 a       521     0    33     1     9
  1.7902433613039439E+00 a       522     0    33     1    10
 -2.0591467521054649E-01 a       523     0    33     1    11
 -5.4207032550628780E+00 a       524     0    33     1    12
 -1.8561196874409680E+00 a       525     0    33     1    13
  9.3755655687428039E+00 a       526     0    33     1    14
 -2.8523609686990808E-01 a       527     0    33     1    15
  5.2457257664178876E+00 a       528     0    33     1    16
  6.5849332555323048E-01 a       529     0    34     1     1
 -1.1820274561925438E-01 a       530     0    34     1     2
 -1.8093809781729817E-01 a       531     0    34     1     3
 -4.4843750583339997E-01 a       532     0    34     1     4
  3.3057173302544707E-01 a       533     0    34     1     5
  7.0410941029530782E-01 a       534     0    34     1     6
  7.8547993170674768E-01 a       535     0    34     1     7
  3.0602795222815393E-01 a       536     0    34     1     8
 -4.0040565418260669E-02 a       537     0    34     1     9
  4.7486593088276868E-01 a       538     0    34     1    10
 -1.4462090495917244E+00 a       539     0    34     1    11
 -7.8836283041396304E-01 a       540     0    34     1    12
 -3.7156987764425731E-01 a       541     0    34     1    13
 -5.4372197254129162E-01 a       542     0    34     1    14
 -1.9255269858193924E-01 a       543     0    34     1    15
  2.4847642508397166E-01 a       544     0    34     1    16
  6.8836281310744651E-01 a       545     0    35     1     1
  9.1084577473293585E-02 a       546     0    35     1     2
 -2.0886835488207178E-01 a       547     0    35     1     3
  7.6266930076697659E-01 a       548     0    35     1     4
 -3.2877349981867743E-01 a       549     0    35     1     5
 -4.6587754998919945E-01 a       550     0    35     1     6
 -3.5026330319050536E-01 a       551     0    35     1     7
  1.1463223266583003E+00 a       552     0    35     1     8
  7.1278310602645306E-02 a       553     0    35     1     9
 -3.1412849956811573E-01 a       554     0    35     1    10
 -1.5483456992851243E+00 a       555     0    35     1    11
  3.8400021905815246E-01 a       556     0    35     1    12
 -3.4195496831793548E-01 a       557     0    35     1    13
 -2.6254679286544516E+00 a       558     0    35     1    14
 -7.0688644413222146E-01 a       559     0    35     1    15
 -1.2945177688012515E+00 a       560     0    35     1    16
  1.4750033452950804E+00 a       561     0    36     1     1
  5.5921077342695213E-01 a       562     0    36     1     2
  1.6304997556531273E-01 a       563     0    36     1     3
  1.9313888428747112E-02 a       564     0    36     1     4
  4.2760498222534266E-01 a       565     0    36     1     5
  1.1614741176110408E+00 a       566     0    36     1     6
 -9.1165071104584960E-01 a       567     0    36     1     7
 -2.0028300412618574E+00 a       568     0    36     1     8
 -1.0963793255658578E+00 a       569     0    36     1     9
  3.8435253448796856E-02 a       570     0    36     1    10
  6.8433844426755885E-01 a       571     0    36     1    11
 -2.0663348562112973E+00 a       572     0    36     1    12
  8.9006375764694490E-01 a       573     0    36     1    13
  4.7534886248340130E-01 a       574     0    36     1    14
  2.8228176164722230E-01 a       575     0    36     1    15
  3.3545701291242802E-01 a       576     0    36     1    16
  5.7670194424131216E+00 a       577     0    37     1     1
  2.7042208017304117E+00 a       578     0    37     1     2
  1.2326840671181654E+00 a       579     0    37     1     3
 -2.4925392371341117E+00 a       580     0    37     1     4
  1.3511762159432790E+00 a       581     0    37     1     5
  4.3931396811464376E+00 a       582     0    37     1     6
 -1.1092839101800098E-02 a       583     0    37     1     7
 -7.9827166773393490E+00 a       584     0    37     1     8
 -5.5101407079173859E+00 a       585     0    37     1     9
 -1.6391139854962202E+00 a       586     0    37     1    10
  7.6454924133137858E+00 a       587     0    37     1    11
 -5.6662144130485856E+00 a       588     0    37     1    12
  4.8019915779251248E+00 a       589     0    37     1    13
 -1.6000573588026827E+00 a       590     0    37     1    14
  1.0741685076368352E+00 a       591     0    37     1    15
  4.1021457475636094E+00 a       592     0    37     1    16
  8.1004674764038020E-01 a       593     0    38     1     1
  1.7161864010111918E+00 a       594     0    38     1     2
  4.7904637802452301E+00 a       595     0    38     1     3
  1.1798715966623117E+00 a       596     0    38     1     4
 -5.0496608034181101E+00 a       597     0    38     1     5
 -8.1568034337146600E-01 a       598     0    38     1     6
  6.8467326061429823E-01 a       599     0    38     1     7
  2.9882483218405280E+00 a       600     0    38     1     8
 -6.9325348418796484E-01 a       601     0    38     1     9
  1.5238292341760100E+00 a       602     0    38     1    10
 -4.4983567937616256E+00 a       603     0    38     1    11
  1.5017940681564390E+00 a       604     0    38     1    12
 -2.5909427795126914E+00 a       605     0    38     1    13
  2.8397337943142040E+00 a       606     0    38     1    14
 -1.1000281879632919E-02 a       607     0    38     1    15
 -9.4680114944236071E-01 a       608     0    38     1    16
  7.7666033524808786E-01 a       609     0    39     1     1
 -5.4809619847445967E-01 a       610     0    39     1     2
 -7.9705017903839703E-01 a       611     0    39     1     3
  6.1690980151325805E-02 a       612     0    39     1     4
  7.8352866234435714E-02 a       613     0    39     1     5
 -9.1671892505432978E-02 a       614     0    39     1     6
 -7.9350092303931663E-01 a       615     0    39     1     7
  1.5993814063911152E-01 a       616     0    39     1     8
  2.0947385665586077E-01 a       617     0    39     1     9
 -3.4717168680175492E-01 a       618     0    39     1    10
  1.1676595598497502E-01 a       619     0    39     1    11
 -4.8840738036321529E-01 a       620     0    39     1    12
  1.3322297315738157E-01 a       621     0    39     1    13
  1.6684159227277817E-01 a       622     0    39     1    14
  8.0734959640999096E-02 a       623     0    39     1    15
 -2.0821997266775408E-01 a       624     0    39     1    16
 -7.2350364045082758E+00 a       625     0    40     1     1
  1.1809689048775993E+00 a       626     0    40     1     2
 -1.6878590683455510E+00 a       627     0    40     1     3
 -5.4876408093422480E-01 a       628     0    40     1     4
  3.6809257032996183E+00 a       629     0    40     1     5
 -2.2732255192141251E+00 a       630     0    40     1     6
  4.2535534211723904E+00 a       631     0    40     1     7
  3.9738084532974352E+00 a       632     0    40     1     8
  4.5807891327933623E+00 a       633     0    40     1     9
 -4.6366481005351510E+00 a       634     0    40     1    10
 -5.3632691519699183E+00 a       635     0    40     1    11
  3.3576030487510757E+00 a       636     0    40     1    12
 -7.9278991859208530E+00 a       637     0    40     1    13
 -4.0986611547783411E+00 a       638     0    40     1    14
  1.5651862760864497E+00 a       639     0    40     1    15
  2.6000684755328982E+00 a       640     0    40     1    16
  4.5536422870233713E+00 a       641     0    41     1     1
  3.3960769117743257E+00 a       642     0    41     1     2
  5.4176877598131750E+00 a       643     0    41     1     3
 -1.6734357654048118E-01 a       644     0    41     1     4
 -2.8006548791088126E+00 a       645     0    41     1     5
  1.5119606849505460E+00 a       646     0    41     1     6
 -4.4784465153691162E+00 a       647     0    41     1     7
  7.5578566992772220E+00 a       648     0    41     1     8
  5.1747295459239488E+00 a       649     0    41     1     9
 -4.6398219545285180E+00 a       650     0    41     1    10
  9.2246406767314726E-01 a       651     0    41     1    11
  4.4894968644070659E+00 a       652     0    41     1    12
  2.0769625156226685E+00 a       653     0    41     1    13
  6.1289001495574515E+00 a       654     0    41     1    14
  3.3829111801108493E+00 a       655     0    41     1    15
 -7.7682558982667391E-02 a       656     0    41     1    16
  2.3390242345121606E+00 a       657     0    42     1     1
  2.2286469912206606E+00 a       658     0    42     1     2
  1.2089342456853103E+00 a       659     0    42     1     3
  7.0392423059622133E-01 a       660     0    42     1     4
  2.3503722707527372E-01 a       661     0    42     1     5
  2.3547998943065558E+00 a       662     0    42     1     6
 -2.8756875705625562E-01 a       663     0    42     1     7
  1.2435864727559478E+00 a       664     0    42     1     8
  2.6455149269659985E+00 a       665     0    42     1     9
 -2.6374767423608425E+00 a       666     0    42     1    10
 -2.0580250869332293E+00 a       667     0    42     1    11
  2.6239015492062991E+00 a       668     0    42     1    12
 -5.8029740500382798E-01 a       669     0    42     1    13
  1.6992348883022170E+00 a       670     0    42     1    14
  3.8127407755288347E+00 a       671     0    42     1    15
  1.2355298381195219E+00 a       672     0    42     1    16
  6.3923439694349566E+00 a       673     0    43     1     1
  3.2122049405138881E+01 a       674     0    43     1     2
  2.4198698407399945E+01 a       675     0    43     1     3
  6.8196707271026735E+00 a       676     0    43     1     4
  5.5429929132854632E+00 a       677     0    43     1     5
  1.2751659889469373E+01 a       678     0    43     1     6
 -2.6858465899842408E+00 a       679     0    43     1     7
 -1.0812118840899004E+01 a       680     0    43     1     8
  1.2952973783390346E+01 a       681     0    43     1     9
 -1.8346002382778678E+01 a       682     0    43     1    10
  1.7135111603619638E+01 a       683     0    43     1    11
  2.6821245674455891E+00 a       684     0    43     1    12
  1.7441736309849603E+01 a       685     0    43     1    13
 -1.6284342729315444E+01 a       686     0    43     1    14
  2.9243500831411009E+01 a       687     0    43     1    15
  1.1949348295395538E+01 a       688     0    43     1    16
 -2.0667772795812471E+00 a       689     0    44     1     1
 -2.4893375530324913E+00 a       690     0    44     1     2
 -4.7884288784496603E+00 a       691     0    44     1     3
 -4.1502393672456970E+00 a       692     0    44     1     4
  3.4668799365923402E+00 a       693     0    44     1     5
 -2.8557312920489353E+00 a       694     0    44     1     6
  3.2663719557530868E+00 a       695     0    44     1     7
  4.7338468269787519E+00 a       696     0    44     1     8
  6.0850156997552975E+00 a       697     0    44     1     9
 -4.7736629055689761E+00 a       698     0    44     1    10
  7.3870372566587985E+00 a       699     0    44     1    11
  2.8579867517822621E+00 a       700     0    44     1    12
  5.3760265708386514E+00 a       701     0    44     1    13
  1.5101881794575758E+00 a       702     0    44     1    14
  1.9965501970905764E+00 a       703     0    44     1    15
  6.8557750806752162E+00 a       704     0    44     1    16
 -2.8611079447462702E+00 a       705     0    45     1     1
  1.0468584814318771E+00 a       706     0    45     1     2
  3.5824537375815835E+00 a       707     0    45     1     3
 -1.3867368911580240E+00 a       708     0    45     1     4
 -3.2582775853178587E+00 a       709     0    45     1     5
 -1.2320277944078246E+00 a       710     0    45     1     6
  5.1778076264797335E+00 a       711     0    45     1     7
  6.3854030803981043E+00 a       712     0    45     1     8
  2.5172876672426225E+00 a       713     0    45     1     9
 -2.8268264238424823E-01 a       714     0    45     1    10
 -1.1994389593958992E+00 a       715     0    45     1    11
  4.4825238482237726E+00 a       716     0    45     1    12
 -1.4225126857307679E-01 a       717     0    45     1    13
  1.9673039986360388E+00 a       718     0    45     1    14
  9.7972723063100908E-01 a       719     0    45     1    15
  2.8430701632353550E+00 a       720     0    45     1    16
  1.4469780138832860E+01 a       721     0    46     1     1
  3.6225090560725031E+00 a       722     0    46     1     2
  5.5472296053860752E+00 a       723     0    46     1     3
  2.2557365973723242E+00 a       724     0    46     1     4
 -1.1424124020889669E+01 a       725     0    46     1     5
  3.5109819894083412E+00 a       726     0    46     1     6
 -1.2605201975634548E+01 a       727     0    46     1     7
 -7.1376016722830000E+00 a       728     0    46     1     8
 -1.7066529600232578E+00 a       729     0    46     1     9
  9.7167207967358689E+00 a       730     0    46     1    10
  8.8016707961003871E+00 a       731     0    46     1    11
 -1.1182955568176727E+01 a       732     0    46     1    12
  1.6557913740049127E+01 a       733     0    46     1    13
  1.0651774587552808E+01 a       734     0    46     1    14
  2.0948292736241547E+00 a       735     0    46     1    15
 -5.7381992914508384E+00 a       736     0    46     1    16
 -1.4629701610886437E+01 a       737     0    47     1     1
 -5.3663446855328560E+00 a       738     0    47     1     2
 -8.2700492720139245E+00 a       739     0    47     1     3
  2.2188516833340581E+00 a       740     0    47     1     4
 -1.5291019442165670E+00 a       741     0    47     1     5
 -6.6297692721231014E+00 a       742     0    47     1     6
  1.1220084433370912E+01 a       743     0    47     1     7
 -7.3303424025676591E+00 a       744     0    47     1     8
 -4.3322391182045275E+00 a       745     0    47     1     9
  7.3256613449144403E+00 a       746     0    47     1    10
  8.8123417530498767E+00 a       747     0    47     1    11
  1.0630717302153636E-01 a       748     0    47     1    12
 -3.9206673500031206E+00 a       749     0    47     1    13
 -1.7129177085775257E+01 a       750     0    47     1    14
 -3.5055401462567088E+00 a       751     0    47     1    15
 -4.6415066325237078E+00 a       752     0    47     1    16
 -5.8457254069825071E+00 a       753     0    48     1     1
  2.9660830918545678E+00 a       754     0    48     1     2
 -1.3843661718146718E+00 a       755     0    48     1     3
 -9.5841729819609967E-01 a       756     0    48     1     4
 -4.3070717192222236E+00 a       757     0    48     1     5
 -3.7560813978266312E+00 a       758     0    48     1     6
 -8.3740914753790072E+00 a       759     0    48     1     7
 -1.3845328905243075E+01 a       760     0    48     1     8
 -5.1899486880441961E+00 a       761     0    48     1     9
  4.1669860634140079E+00 a       762     0    48     1    10
  1.9167512427331893E+01 a       763     0    48     1    11
 -1.1476837733200506E+01 a       764     0    48     1    12
  4.4994888788399043E+00 a       765     0    48     1    13
 -3.9372031527209717E+00 a       766     0    48     1    14
 -3.1358530454458786E+00 a       767     0    48     1    15
 -8.9372840509792031E+00 a       768     0    48     1    16
  6.1667793932792714E+00 a       769     0    49     1     1
 -9.9110749931248563E+00 a       770     0    49     1     2
 -3.4687323219572619E+01 a       771     0    49     1     3
 -1.3415646860257532E+01 a       772     0    49     1     4
 -1.0014008765132012E+01 a       773     0    49     1     5
  8.8400278627327633E-01 a       774     0    49     1     6
 -3.8278908732848258E+00 a       775     0    49     1     7
 -3.0793121244121227E+01 a       776     0    49     1     8
 -2.1285420307387394E+01 a       777     0    49     1     9
  1.8249189294334816E+01 a       778     0    49     1    10
 -5.3990852935629965E+00 a       779     0    49     1    11
 -2.6824857551603561E+01 a       780     0    49     1    12
 -2.1861230243054404E+01 a       781     0    49     1    13
 -2.2034472428175422E+00 a       782     0    49     1    14
 -1.8788691237625802E+01 a       783     0    49     1    15
 -8.4565372000633694E+00 a       784     0    49     1    16
 -4.0018142626630981E-01 a       785     0    50     1     1
 -1.8082272144517561E-01 a       786     0    50     1     2
 -1.2884861286281306E+00 a       787     0    50     1     3
 -3.3739434016929527E-03 a       788     0    50     1     4
  1.1731524971033560E+00 a       789     0    50     1     5
  3.5445862641535236E-01 a       790     0    50     1     6
  2.5222430147884151E-01 a       791     0    50     1     7
 -6.1805426770427385E-01 a       792     0    50     1     8
  3.2784500675477291E-01 a       793     0    50     1     9
 -3.2310318113437397E-01 a       794     0    50     1    10
  5.9731575053433850E-01 a       795     0    50     1    11
 -4.2183113101320990E-01 a       796     0    50     1    12
 -1.3167945853344626E-01 a       797     0    50     1    13
 -8.6685059001422171E-01 a       798     0    50     1    14
  6.7484093989126137E-01 a       799     0    50     1    15
  2.0068721349240717E-01 a       800     0    50     1    16
  2.7245392943949183E+00 a       801     0    51     1     1
  8.4969400412273199E-01 a       802     0    51     1     2
  1.7819438123621818E+00 a       803     0    51     1     3
  2.2515328667263765E-01 a       804     0    51     1     4
 -8.0837833586918761E-01 a       805     0    51     1     5
  1.2290990014268866E+00 a       806     0    51     1     6
 -1.5099780436285355E+00 a       807     0    51     1     7
 -9.8476286564216797E-01 a       808     0    51     1     8
 -8.2722236460574827E-01 a       809     0    51     1     9
  5.1133838483820426E-01 a       810     0    51     1    10
  1.5267772489087170E+00 a       811     0    51     1    11
 -6.7905451730762001E-01 a       812     0    51     1    12
  2.2525087123038920E+00 a       813     0    51     1    13
  1.1031494420121366E+00 a       814     0    51     1    14
  7.3625646246935772E-01 a       815     0    51     1    15
 -1.8224800975717506E-01 a       816     0    51     1    16
  2.7034859510193288E+00 a       817     0    52     1     1
 -3.8924878109431371E+00 a       818     0    52     1     2
 -3.7522539605357483E+00 a       819     0    52     1     3
 -5.9414838001930759E-01 a       820     0    52     1     4
 -1.2790360308714486E+00 a       821     0    52     1     5
 -3.1076934200572865E+00 a       822     0    52     1     6
  1.6054237670068570E+00 a       823     0    52     1     7
  1.8031801655792259E-01 a       824     0    52     1     8
 -2.8786667710268294E+00 a       825     0    52     1     9
  2.5494739436309501E+00 a       826     0    52     1    10
 -6.4113905692945954E+00 a       827     0    52     1    11
  1.1111156325081448E+00 a       828     0    52     1    12
 -2.2978371151961938E+00 a       829     0    52     1    13
  2.3483184303528177E+00 a       830     0    52     1    14
 -4.6328716921542243E+00 a       831     0    52     1    15
  2.3311274628887859E+00 a       832     0    52     1    16
  2.8778540088276228E+00 a       833     0    53     1     1
  4.9325468489552025E+00 a       834     0    53     1     2
  7.8233361612061119E+00 a       835     0    53     1     3
  6.2406531416549241E-02 a       836     0    53     1     4
 -5.5000912639897832E+00 a       837     0    53     1     5
 -2.9971059122306954E-02 a       838     0    53     1     6
  9.6193268496188455E-01 a       839     0    53     1     7
  1.3332191641926190E+00 a       840     0    53     1     8
 -2.7211135307530636E+00 a       841     0    53     1     9
  3.4396749953315564E+00 a       842     0    53     1    10
 -6.5889952305428245E+00 a       843     0    53     1    11
  6.2250689331941933E-01 a       844     0    53     1    12
 -2.0869541857907556E+00 a       845     0    53     1    13
 -8.1680984026019177E-01 a       846     0    53     1    14
 -6.7411606551880432E-01 a       847     0    53     1    15
 -5.0126840661790195E-01 a       848     0    53     1    16
  4.5380314969624260E+00 a       849     0    54     1     1
  2.3320892426923931E+00 a       850     0    54     1     2
  1.1700783361904450E+00 a       851     0    54     1     3
 -1.5450866572069315E+00 a       852     0    54     1     4
  1.3948247239043388E+00 a       853     0    54     1     5
  2.0317951925290552E+00 a       854     0    54     1     6
  1.0171812054974878E+00 a       855     0    54     1     7
 -3.7734157633667204E-01 a       856     0    54     1     8
 -4.2671235940533359E-01 a       857     0    54     1     9
  9.6359478650432895E-01 a       858     0    54     1    10
 -6.2822526138677617E+00 a       859     0    54     1    11
 -4.3842675162327227E+00 a       860     0    54     1    12
 -1.4526322754609171E+00 a       861     0    54     1    13
 -5.7580493540099464E-01 a       862     0    54     1    14
  2.9754773562159359E-01 a       863     0    54     1    15
  2.3841441027114780E+00 a       864     0    54     1    16
 -6.9289748124555439E+00 a       865     0    55     1     1
  5.4359554331677531E+00 a       866     0    55     1     2
  1.1825202208852708E+00 a       867     0    55     1     3
 -1.0533670692067432E+00 a       868     0    55     1     4
  4.0508876053380609E+00 a       869     0    55     1     5
 -3.3129927828859751E-01 a       870     0    55     1     6
  6.0824494984379607E+00 a       871     0    55     1     7
  1.5217737087336225E+00 a       872     0    55     1     8
  2.4242997098258954E+00 a       873     0    55     1     9
 -5.0220405964595436E+00 a       874     0    55     1    10
 -4.3155818268155386E+00 a       875     0    55     1    11
  3.9109958744394255E+00 a       876     0    55     1    12
 -6.8923611646074976E+00 a       877     0    55     1    13
 -6.7624348069564784E+00 a       878     0    55     1    14
  3.7647545472578257E+00 a       879     0    55     1    15
  6.8027007411896250E+00 a       880     0    55     1    16
  8.8591918017902973E+00 a       881     0    56     1     1
  3.5055634610647859E+00 a       882     0    56     1     2
  4.9493699436909644E+00 a       883     0    56     1     3
 -1.6955315650870950E+00 a       884     0    56     1     4
  7.7233147929340717E-01 a       885     0    56     1     5
  3.9450713605353376E+00 a       886     0    56     1     6
 -4.9533942664542883E+00 a       887     0    56     1     7
  3.4392061082261391E+00 a       888     0    56     1     8
  1.3892964869166571E+00 a       889     0    56     1     9
 -4.1470858255208940E+00 a       890     0    56     1    10
 -3.7235026149369626E+00 a       891     0    56     1    11
 -1.5338839213249083E+00 a       892     0    56     1    12
  1.7940365251378141E+00 a       893     0    56     1    13
  1.2745970231607242E+01 a       894     0    56     1    14
  2.5262882624041572E+00 a       895     0    56     1    15
  5.9624483993426303E+00 a       896     0    56     1    16
  1.5193370834610280E+00 a       897     0    57     1     1
 -4.0365636463871857E+00 a       898     0    57     1     2
 -1.0780640945325710E+00 a       899     0    57     1     3
 -2.5418403808513261E+00 a       900     0    57     1     4
  3.1016144304314488E+00 a       901     0    57     1     5
  3.0029296398718688E+00 a       902     0    57     1     6
  1.0040652968128583E+00 a       903     0    57     1     7
  1.7987454693743234E+00 a       904     0    57     1     8
  7.5088008582548005E-01 a       905     0    57     1     9
 -4.0191773121995551E+00 a       906     0    57     1    10
 -9.5589232451426476E+00 a       907     0    57     1    11
  5.9764034796876320E-01 a       908     0    57     1    12
 -2.2965838340926163E+00 a       909     0    57     1    13
  1.7685467256049814E+00 a       910     0    57     1    14
  8.0255887469335052E-01 a       911     0    57     1    15
  1.8536364052798628E+00 a       912     0    57     1    16
 -3.1006256116569322E+00 a       913     0    58     1     1
  5.3506000811331100E+00 a       914     0    58     1     2
  1.6046805125371108E+01 a       915     0    58     1     3
  5.0848558699349251E+00 a       916     0    58     1     4
  2.5654983226493049E+00 a       917     0    58     1     5
  1.2744849250734799E+01 a       918     0    58     1     6
 -5.2624379498124823E+00 a       919     0    58     1     7
 -1.4753140284928101E+00 a       920     0    58     1     8
  1.7491986896681202E+00 a       921     0    58     1     9
 -1.3265925512776150E+01 a       922     0    58     1    10
  2.1856525574747614E+01 a       923     0    58     1    11
  5.8307890767191459E+00 a       924     0    58     1    12
  1.6834563384724344E+01 a       925     0    58     1    13
  4.3132790996094679E+00 a       926     0    58     1    14
  1.5735626677251416E+01 a       927     0    58     1    15
 -2.4185609190322754E+00 a       928     0    58     1    16
 -7.6584909316008698E+00 a       929     0    59     1     1
 -2.0877453884186757E+01 a       930     0    59     1     2
 -2.1558219340740461E+00 a       931     0    59     1     3
 -1.9096897768255796E+00 a       932     0    59     1     4
  3.6674383491636674E-02 a       933     0    59     1     5
 -8.5831238186713819E+00 a       934     0    59     1     6
  1.9996283755648634E+00 a       935     0    59     1     7
  2.1712009062673619E+01 a       936     0    59     1     8
  2.1568753558733316E+00 a       937     0    59     1     9
  4.0980777082887494E+00 a       938     0    59     1    10
  1.0624931294224889E+00 a       939     0    59     1    11
  3.5041631123982824E+00 a       940     0    59     1    12
 -5.5747113320704988E+00 a       941     0    59     1    13
  2.1542049618742922E+01 a       942     0    59     1    14
 -1.1264062716795483E+01 a       943     0    59     1    15
 -7.0483365328879053E+00 a       944     0    59     1    16
 -1.1553398678665086E+00 a       945     0    60     1     1
 -3.4874694367006511E+00 a       946     0    60     1     2
 -4.5735059372855051E+00 a       947     0    60     1     3
  2.2211851768524844E+00 a       948     0    60     1     4
  4.5368662263960955E+00 a       949     0    60     1     5
  2.2936072529459839E+00 a       950     0    60     1     6
 -3.6080998500374060E+00 a       951     0    60     1     7
 -5.9880425760119502E+00 a       952     0    60     1     8
 -1.3059331753706369E+00 a       953     0    60     1     9
 -4.8583643355707068E-01 a       954     0    60     1    10
  2.5448301362832644E+00 a       955     0    60     1    11
 -3.3616955745755068E+00 a       956     0    60     1    12
  2.8143328778844251E-01 a       957     0    60     1    13
 -2.9180774256920459E+00 a       958     0    60     1    14
 -9.5979990062874365E-01 a       959     0    60     1    15
 -3.8393799319278830E+00 a       960     0    60     1    16
 -2.3990225067331843E+00 a       961     0    61     1     1
 -1.0575442380983107E+01 a       962     0    61     1     2
 -5.9860983840367066E+00 a       963     0    61     1     3
 -1.5024010808755524E+00 a       964     0    61     1     4
  3.6938727991992204E+00 a       965     0    61     1     5
 -2.8845849697121770E+00 a       966     0    61     1     6
  3.3757185026150140E+00 a       967     0    61     1     7
  2.7712400896714033E+00 a       968     0    61     1     8
 -4.2199163891194704E+00 a       969     0    61     1     9
 -6.4215676480126971E-01 a       970     0    61     1    10
  1.8848449064115819E-01 a       971     0    61     1    11
  4.3749519094308740E+00 a       972     0    61     1    12
 -2.2586141057691487E+00 a       973     0    61     1    13
 -1.9586645028294420E+00 a       974     0    61     1    14
 -8.1668851203620232E+00 a       975     0    61     1    15
 -4.0526997354340866E+00 a       976     0    61     1    16
 -7.0282203555136369E-01 a       977     0    62     1     1
 -1.9981151642601427E+00 a       978     0    62     1     2
 -1.6979824256405102E-01 a       979     0    62     1     3
  1.9844393353904592E+00 a       980     0    62     1     4
  8.9017402338184470E-01 a       981     0    62     1     5
 -3.8050799803884607E+00 a       982     0    62     1     6
  8.5976579981762615E+00 a       983     0    62     1     7
  1.2502147658727269E+01 a       984     0    62     1     8
  4.0438143767768508E+00 a       985     0    62     1     9
  1.8808173832837995E+00 a       986     0    62     1    10
 -6.2856451425708402E+00 a       987     0    62     1    11
  8.5792576707982491E+00 a       988     0    62     1    12
 -3.0219998617085428E+00 a       989     0    62     1    13
 -6.6155788987284836E-01 a       990     0    62     1    14
 -1.5708382598036914E+00 a       991     0    62     1    15
  5.4449978790756894E+00 a       992     0    62     1    16
 -3.0736287013275350E+00 a       993     0    63     1     1
 -2.9170446901660494E+00 a       994     0    63     1     2
 -3.1121481711250398E+00 a       995     0    63     1     3
  2.9802817477567887E+00 a       996     0    63     1     4
  7.5546899662516576E-01 a       997     0    63     1     5
 -2.3065456748918791E+00 a       998     0    63     1     6
 -4.7556082758813689E+00 a       999     0    63     1     7
 -4.7142468598973757E+00 a      1000     0    63     1     8
 -1.9608026259345770E+00 a      1001     0    63     1     9
 -1.1543291070316881E+00 a      1002     0    63     1    10
  8.8188090921845603E+00 a      1003     0    63     1    11
  1.9503430041366752E+00 a      1004     0    63     1    12
  1.4902553183308374E+00 a      1005     0    63     1    13
 -5.1434791379390676E-01 a      1006     0    63     1    14
 -1.3542940556636816E+00 a      1007     0    63     1    15
 -4.1830027260373353E+00 a      1008     0    63     1    16
 -6.7242510520838081E+00 a      1009     0    64     1     1
 -5.4071945386751645E+00 a      1010     0    64     1     2
  1.1255104340949806E+00 a      1011     0    64     1     3
  2.5445826992999159E+00 a      1012     0    64     1     4
  1.3525331989660971E+00 a      1013     0    64     1     5
 -2.1207039664564928E+01 a      1014     0    64     1     6
  8.2702383018028982E+00 a      1015     0    64     1     7
  2.7548987869086414E+01 a      1016     0    64     1     8
  1.3743480914589169E+01 a      1017     0    64     1     9
  7.7002084119315883E+00 a      1018     0    64     1    10
 -3.1854264776239994E+01 a      1019     0    64     1    11
  1.4007737222632359E+01 a      1020     0    64     1    12
 -6.5902858564083679E+00 a      1021     0    64     1    13
 -8.7126645336826822E+00 a      1022     0    64     1    14
 -1.2023056756969210E+01 a      1023     0    64     1    15
  1.7691493010813886E+00 a      1024     0    64     1    16
  5.1959143715900702E-01 b      1025     1     1
  4.1602321989183139E-01 b      1026     1     2
  1.5775992278401232E-02 b      1027     1     3
  5.9154125246482725E-02 b      1028     1     4
  2.0710003206806168E-01 b      1029     1     5
  2.7891529352436739E-01 b      1030     1     6
  3.4200535393901638E-01 b      1031     1     7
 -1.9790197026362899E-01 b      1032     1     8
  4.1687208154964095E-01 b      1033     1     9
  2.6252244416353820E-01 b      1034     1    10
 -1.7868879353847264E-01 b      1035     1    11
  2.2068484057983820E-01 b      1036     1    12
 -3.3005648053540004E-01 b      1037     1    13
  3.4184946072581246E-01 b      1038     1    14
  5.2866444812554238E-02 b      1039     1    15
  1.4974361591917359E-01 b      1040     1    16
  1.2794097675155822E-01 a      1041     1     1     2     1
 -8.7670063085936389E-01 a      1042     1     1     2     2
 -1.1722391550066673E+00 a      1043     1     1     2     3
 -6.7963481822697558E-01 a      1044     1     1     2     4
 -4.6591220619691193E-01 a      1045     1     1     2     5
 -1.0323574836180012E+00 a      1046     1     1     2     6
  1.7077909401896275E-02 a      1047     1     1     2     7
  5.5689690246890744E-01 a      1048     1     1     2     8
 -8.0231937148608934E-01 a      1049     1     1     2     9
  4.5931178568335529E-01 a      1050     1     1     2    10
 -6.5219905785282761E-01 a      1051     1     1     2    11
 -4.8264373227294260E-01 a      1052     1     1     2    12
  7.9601440008647173E-01 a      1053     1     1     2    13
  3.0564097041047731E+00 a      1054     1     1     2    14
 -2.2088113781959759E-04 a      1055     1     1     2    15
  7.7901679201517204E-01 a      1056     1     1     2    16
 -1.0808166867535294E+00 a      1057     1     2     2     1
 -2.0790491960710993E+00 a      1058     1     2     2     2
 -1.8800517270959452E-01 a      1059     1     2     2     3
 -4.3496552741899375E-01 a      1060     1     2     2     4
  1.3529687022468826E+00 a      1061     1     2     2     5
  6.1306652205213230E-01 a      1062     1     2     2     6
 -3.3410131227833118E-01 a      1063     1     2     2     7
 -5.9144324767138068E-01 a      1064     1     2     2     8
  4.2307128297703622E-01 a      1065     1     2     2     9
 -3.1415318422885763E-01 a      1066     1     2     2    10
 -1.5338779746712938E-01 a      1067     1     2     2    11
  1.6210800821198279E+00 a      1068     1     2     2    12
  3.8972673775142214E-01 a      1069     1     2     2    13
 -1.6800066662050113E+00 a      1070     1     2     2    14
  9.5083898059247995E-01 a      1071     1     2     2    15
 -9.1325005212250943E-01 a      1072     1     2     2    16
  1.0695400576283633E+00 a      1073     1     3     2     1
  5.4046455776241997E-01 a      1074     1     3     2     2
  3.6655721518332807E-01 a      1075     1     3     2     3
  4.9977744022121179E-01 a      1076     1     3     2     4
  1.9311062351542556E-02 a      1077     1     3     2     5
  1.6714262474134922E-01 a      1078     1     3     2     6
  1.3892082347255610E+00 a      1079     1     3     2     7
  5.5889016076570999E-02 a      1080     1     3     2     8
  6.5615523942465293E-01 a      1081     1     3     2     9
 -1.3353054068236647E-01 a      1082     1     3     2    10
 -3.4147277163365214E-01 a      1083     1     3     2    11
  3.2785518423758275E-01 a      1084     1     3     2    12
 -5.5381425854265276E-01 a      1085     1     3     2    13
  2.3776317548039005E-01 a      1086     1     3     2    14
 -7.7909949838150394E-01 a      1087     1     3     2    15
  1.9548493960138615E+00 a      1088     1     3     2    16
 -4.7954563452059135E-01 a      1089     1     4     2     1
 -6.5375088785361291E-01 a      1090     1     4     2     2
  3.4422420448464708E-01 a      1091     1     4     2     3
 -2.4426131855780269E+00 a      1092     1     4     2     4
  5.1963073618082156E-01 a      1093     1     4     2     5
  5.9893847126871957E-01 a      1094     1     4     2     6
 -2.0439975732871754E-01 a      1095     1     4     2     7
  5.7543232587906668E-01 a      1096     1     4     2     8
  1.1775070079529679E+00 a      1097     1     4     2     9
  7.1804485000042240E-01 a      1098     1     4     2    10
 -8.4306292017629936E-01 a      1099     1     4     2    11
  7.2922137437916890E-01 a      1100     1     4     2    12
 -8.4188802027020060E-02 a      1101     1     4     2    13
  1.7849363639639082E+00 a      1102     1     4     2    14
 -2.2693244349117053E-01 a      1103     1     4     2    15
  1.1080922337454699E+00 a      1104     1     4     2    16
  1.8031138351943206E-02 a      1105     1     5     2     1
 -2.9544017968480019E-01 a      1106     1     5     2     2
  9.6287210712501098E-02 a      1107     1     5     2     3
  7.5930996931963335E-01 a      1108     1     5     2     4
  1.1473377749562488E+00 a      1109     1     5     2     5
  1.0422021488914632E+00 a      1110     1     5     2     6
 -2.5937127837892804E-01 a      1111     1     5     2     7
 -1.4782803706036698E-01 a      1112     1     5     2     8
  1.4427337703074901E+00 a      1113     1     5     2     9
  3.0928500237079298E-01 a      1114     1     5     2    10
 -6.8719475932616236E-01 a      1115     1     5     2    11
  7.3248006690675960E-01 a      1116     1     5     2    12
 -1.0742637166644377E-01 a      1117     1     5     2    13
 -1.7710482245691233E+00 a      1118     1     5     2    14
 -5.7199195214427501E-01 a      1119     1     5     2    15
 -3.8723413309307042E-01 a      1120     1     5     2    16
  2.9848438030340990E-01 a      1121     1     6     2     1
  8.1691054627772985E-01 a      1122     1     6     2     2
 -5.2548957075124625E-01 a      1123     1     6     2     3
  8.5584338541125848E-01 a      1124     1     6     2     4
 -6.7881462461768738E-01 a      1125     1     6     2     5
 -6.5780226251566809E-01 a      1126     1     6     2     6
  1.4113503537699532E+00 a      1127     1     6     2     7
 -7.6559821172339559E-01 a      1128     1     6     2     8
 -1.4962171471135990E+00 a      1129     1     6     2     9
 -1.0862278501998382E-02 a      1130     1     6     2    10
  6.9787675986118169E-01 a      1131     1     6     2    11
  1.9143491498694754E-02 a      1132     1     6     2    12
 -3.7797893309345310E-01 a      1133     1     6     2    13
 -1.5461456685430424E+00 a      1134     1     6     2    14
 -1.1460211376946776E+00 a      1135     1     6     2    15
 -2.0552008307226041E-01 a      1136     1     6     2    16
 -4.1339031621108369E-01 a      1137     1     7     2     1
 -5.5249493891329804E-01 a      1138     1     7     2     2
 -2.1403454027478361E-01 a      1139     1     7     2     3
 -7.2059554648838353E-01 a      1140     1     7     2     4
 -8.8413228550946271E-02 a      1141     1     7     2     5
 -9.8813483159494664E-01 a      1142     1     7     2     6
 -1.2959368756364581E-01 a      1143     1     7     2     7
 -7.2515790693929005E-01 a      1144     1     7     2     8
 -9.9735434750591678E-01 a      1145     1     7     2     9
 -6.8311967470627136E-02 a      1146     1     7     2    10
 -1.8681354616381227E-01 a      1147     1     7     2    11
 -9.5514746402447193E-01 a      1148     1     7     2    12
 -7.1775798896371679E-01 a      1149     1     7     2    13
 -4.9983619088968291E-02 a      1150     1     7     2    14
  5.9806808764603714E-01 a      1151     1     7     2    15
 -1.4232884976525739E-01 a      1152     1     7     2    16
 -4.3256728723157410E-02 a      1153     1     8     2     1
 -4.1303731191847481E-01 a      1154     1     8     2     2
  4.9191058909359819E-01 a      1155     1     8     2     3
  1.3071363700203809E-01 a      1156     1     8     2     4
  1.1706853987449266E+00 a      1157     1     8     2     5
 -4.0193309296172063E-02 a      1158     1     8     2     6
 -2.2500950077417015E-01 a      1159     1     8     2     7
 -4.7566331120365785E-01 a      1160     1     8     2     8
 -1.7983324418127708E-01 a      1161     1     8     2     9
 -2.0128942025760935E-01 a      1162     1     8     2    10
 -5.1481317921722314E-01 a      1163     1     8     2    11
  8.4219408693064490E-01 a      1164     1     8     2    12
  1.2320189315803461E-01 a      1165     1     8     2    13
  2.8461403372613081E-01 a      1166     1     8     2    14
  8.8371162885865473E-01 a      1167     1     8     2    15
  3.2930133775050030E-01 a      1168     1     8     2    16
 -6.0156287294317168E-01 a      1169     1     9     2     1
  4.5790886705986289E-01 a      1170     1     9     2     2
 -6.3637992127384879E-01 a      1171     1     9     2     3
 -2.0072118761535864E+00 a      1172     1     9     2     4
 -8.2828475251202860E-01 a      1173     1     9     2     5
 -8.1451512352572797E-01 a      1174     1     9     2     6
 -2.3302295292247158E-01 a      1175     1     9     2     7
 -8.6534613749899703E-01 a      1176     1     9     2     8
 -1.1467643551791864E+00 a      1177     1     9     2     9
 -2.4823491129189623E-01 a      1178     1     9     2    10
  3.7178359396351096E-01 a      1179     1     9     2    11
 -1.0105406617745558E+00 a      1180     1     9     2    12
 -5.9676291473744913E-01 a      1181     1     9     2    13
 -1.4976416091352969E+00 a      1182     1     9     2    14
  1.0060508306828447E-01 a      1183     1     9     2    15
 -6.0058869721975816E-01 a      1184     1     9     2    16
  9.2437205812909240E-01 a      1185     1    10     2     1
  1.0854377669932856E-02 a      1186     1    10     2     2
 -1.3078753662196665E-01 a      1187     1    10     2     3
 -1.0831868084798769E-01 a      1188     1    10     2     4
 -9.8216470465161479E-02 a      1189     1    10     2     5
 -6.9960647624387681E-02 a      1190     1    10     2     6
  6.2444719069063215E-01 a      1191     1    10     2     7
  3.3417984881056001E-01 a      1192     1    10     2     8
  3.3585211986151259E-01 a      1193     1    10     2     9
  5.9475839958308874E-01 a      1194     1    10     2    10
  8.3940935629472446E-01 a      1195     1    10     2    11
  9.7591940304679703E-01 a      1196     1    10     2    12
 -2.9633187585876675E-01 a      1197     1    10     2    13
 -1.6231055920824295E+00 a      1198     1    10     2    14
  1.0534708921815419E-01 a      1199     1    10     2    15
  4.7183788990242753E-01 a      1200     1    10     2    16
  5.9431451983441952E-01 a      1201     1    11     2     1
 -2.6082109141889692E-01 a      1202     1    11     2     2
  6.0389219323134702E-01 a      1203     1    11     2     3
  9.1009504827910848E-01 a      1204     1    11     2     4
 -4.8936831522622382E-01 a      1205     1    11     2     5
  5.0892216521237899E-01 a      1206     1    11     2     6
 -3.9670449792517826E-01 a      1207     1    11     2     7
 -5.3823871356309316E-01 a      1208     1    11     2     8
  3.1272450612194296E-02 a      1209     1    11     2     9
 -1.6428321985932498E-01 a      1210     1    11     2    10
  5.7169524899867419E-01 a      1211     1    11     2    11
  3.8694599449449224E-01 a      1212     1    11     2    12
 -2.1968928103739599E-01 a      1213     1    11     2    13
  7.8220556558136770E-02 a      1214     1    11     2    14
 -3.6682914285334789E-01 a      1215     1    11     2    15
  9.4011361671987126E-01 a      1216     1    11     2    16
  2.4877522406702801E-01 a      1217     1    12     2     1
  1.4899451978663003E+00 a      1218     1    12     2     2
 -1.0422540527542383E+00 a      1219     1    12     2     3
  3.1266560715824682E-01 a      1220     1    12     2     4
  8.6774273060150009E-01 a      1221     1    12     2     5
 -2.5308871777097830E-01 a      1222     1    12     2     6
  7.3831785811795259E-01 a      1223     1    12     2     7
  3.0019546644318706E-01 a      1224     1    12     2     8
  1.8244864283233408E-01 a      1225     1    12     2     9
  3.3211835076808671E-01 a      1226     1    12     2    10
  4.9195190461787563E-01 a      1227     1    12     2    11
  1.0283134040541442E+00 a      1228     1    12     2    12
  5.1477031577107890E-01 a      1229     1    12     2    13
 -1.1131952977345805E+00 a      1230     1    12     2    14
 -1.4036328042795104E-01 a      1231     1    12     2    15
 -2.7315728849462378E-01 a      1232     1    12     2    16
 -8.5980956771024311E-02 a      1233     1    13     2     1
 -3.6245295982846515E-01 a      1234     1    13     2     2
 -6.8091764366951898E-02 a      1235     1    13     2     3
  1.1781650279838705E+00 a      1236     1    13     2     4
 -1.0833833042900631E+00 a      1237     1    13     2     5
 -8.7354296928837116E-01 a      1238     1    13     2     6
  2.0447707844821519E+00 a      1239     1    13     2     7
 -8.7882788741108153E-01 a      1240     1    13     2     8
 -1.2206370738734977E+00 a      1241     1    13     2     9
 -2.7018124346968281E-01 a      1242     1    13     2    10
  6.2036988167661489E-01 a      1243     1    13     2    11
 -1.0641796508775292E+00 a      1244     1    13     2    12
 -7.5000715394750572E-01 a      1245     1    13     2    13
 -1.9473910864005619E+00 a      1246     1    13     2    14
 -9.4410786701402505E-01 a      1247     1    13     2    15
 -1.3560432020796154E+00 a      1248     1    13     2    16
 -3.7422759834987340E-01 a      1249     1    14     2     1
  3.4087324506866085E-01 a      1250     1    14     2     2
 -7.2196532982935724E-01 a      1251     1    14     2     3
 -3.2843771365784452E-01 a      1252     1    14     2     4
  5.5876136729976866E-01 a      1253     1    14     2     5
 -7.0789522427034723E-01 a      1254     1    14     2     6
 -4.8155665862064718E-02 a      1255     1    14     2     7
 -8.4609257723613918E-01 a      1256     1    14     2     8
 -6.2566524872801710E-01 a      1257     1    14     2     9
 -4.9843471028045633E-01 a      1258     1    14     2    10
  5.8967363074235474E-02 a      1259     1    14     2    11
  2.4293685402058515E-01 a      1260     1    14     2    12
  8.4815798825921662E-02 a      1261     1    14     2    13
 -9.4865648088884624E-01 a      1262     1    14     2    14
  5.9179346160036284E-01 a      1263     1    14     2    15
 -6.7542330700801501E-01 a      1264     1    14     2    16
  1.5500178676753560E+00 a      1265     1    15     2     1
  4.1582608709149108E-02 a      1266     1    15     2     2
  3.9570382478781257E-01 a      1267     1    15     2     3
  2.1844988384272495E+00 a      1268     1    15     2     4
  5.2170506982636533E-01 a      1269     1    15     2     5
 -3.0455306869623489E-01 a      1270     1    15     2     6
  6.4650102765381412E-01 a      1271     1    15     2     7
 -1.2070989147437867E+00 a      1272     1    15     2     8
  1.9476226470044006E-01 a      1273     1    15     2     9
 -4.2533919924373498E-01 a      1274     1    15     2    10
  1.5702551978992958E+00 a      1275     1    15     2    11
  1.5448573421098918E-01 a      1276     1    15     2    12
  5.4557649969033638E-02 a      1277     1    15     2    13
  1.1098557957757502E+00 a      1278     1    15     2    14
  1.3171738973819072E+00 a      1279     1    15     2    15
  6.7639751358069655E-01 a      1280     1    15     2    16
 -2.2703021979391520E-02 a      1281     1    16     2     1
  4.6567946906788321E-01 a      1282     1    16     2     2
  8.7669508188382850E-01 a      1283     1    16     2     3
  6.5011952296500153E-01 a      1284     1    16     2     4
 -2.0699907125061451E-01 a      1285     1    16     2     5
  5.5583017365680187E-01 a      1286     1    16     2     6
  1.6838514011213104E+00 a      1287     1    16     2     7
 -6.5326541324911891E-01 a      1288     1    16     2     8
 -1.6780434887293474E-01 a      1289     1    16     2     9
 -4.5832436039353086E-01 a      1290     1    16     2    10
  2.5495685409108843E-01 a      1291     1    16     2    11
 -1.3672844547527255E-01 a      1292     1    16     2    12
 -4.8591223039931103E-01 a      1293     1    16     2    13
 -1.4910357691239715E+00 a      1294     1    16     2    14
  7.3039811867093615E-02 a      1295     1    16     2    15
 -4.0532263055255480E-01 a      1296     1    16     2    16
  3.8725040172569936E-01 b      1297     2     1
 -9.6912094216117162E-01 b      1298     2     2
  3.8952459096923264E-01 b      1299     2     3
  6.7223881964882581E-01 b      1300     2     4
 -2.7558680525664771E-02 b      1301     2     5
 -5.5009041543752302E-01 b      1302     2     6
 -2.3283714964977249E+00 b      1303     2     7
  1.3228638259580441E-01 b      1304     2     8
 -8.8434653661254659E-01 b      1305     2     9
  2.0893438701634132E-01 b      1306     2    10
  7.7063969440849933E-01 b      1307     2    11
 -7.7303822079770246E-01 b      1308     2    12
 -1.4373474456470425E-01 b      1309     2    13
  2.7319330116086902E+00 b      1310     2    14
  5.6641398268756249E-01 b      1311     2    15
  3.7040465061005634E-01 b      1312     2    16
  3.6175369743167479E-01 a      1313     2     1     3     1
  9.0252149300983006E-02 a      1314     2     2     3     1
  3.9651023155506604E-01 a      1315     2     3     3     1
 -3.2270760427510869E-02 a      1316     2     4     3     1
 -1.3206958187482909E-01 a      1317     2     5     3     1
 -1.1825788056824351E+00 a      1318     2     6     3     1
 -2.4873268729927549E-02 a      1319     2     7     3     1
 -4.3374944687755779E-01 a      1320     2     8     3     1
  9.5379445818483111E-01 a      1321     2     9     3     1
 -1.1561605617265684E-01 a      1322     2    10     3     1
 -1.9569205938273673E-01 a      1323     2    11     3     1
  1.5586752368823370E-01 a      1324     2    12     3     1
 -4.3967740676311740E-01 a      1325     2    13     3     1
  2.1441021263433457E-01 a      1326     2    14     3     1
  7.8479380824226216E-02 a      1327     2    15     3     1
 -2.3660855262333408E-01 a      1328     2    16     3     1
  1.3685172073654731E-01 b      1329     3     1
