################################################################################
# Neural network connection values (weights and biases).
################################################################################
# Col  Name       Description
################################################################################
# 1    connection Neural network connection value.
# 2    t          Connection type (a = weight, b = bias).
# 3    index      Index enumerating weights.
# 4    l_s        Starting point layer (end point layer for biases).
# 5    n_s        Starting point neuron in starting layer (end point neuron for biases).
# 6    l_e        End point layer.
# 7    n_e        End point neuron in end layer.
################################################################################
#                      1 2         3     4     5     6     7
#             connection t     index   l_s   n_s   l_e   n_e
############################################################
 -6.3446018992564666E+00 a         1     0     1     1     1
 -1.4400208633169898E+00 a         2     0     1     1     2
  5.3982066789940912E+00 a         3     0     1     1     3
  4.7404168036243490E+00 a         4     0     1     1     4
 -5.9010781317509320E-01 a         5     0     1     1     5
  8.5268154919751304E-01 a         6     0     1     1     6
  2.6099673846166258E+00 a         7     0     1     1     7
  1.0517471667982252E+00 a         8     0     1     1     8
  9.9038057434906812E-01 a         9     0     1     1     9
 -3.6849937832129944E+00 a        10     0     1     1    10
  6.2990122374489221E-01 a        11     0     1     1    11
 -1.8057806618716548E+00 a        12     0     1     1    12
 -4.0983755290125794E+00 a        13     0     1     1    13
  2.0140313626688475E+00 a        14     0     1     1    14
  5.3088446147705781E+00 a        15     0     1     1    15
  1.0999625494610239E+00 a        16     0     1     1    16
  6.6448504373185555E+00 a        17     0     2     1     1
  3.8900047437948411E+00 a        18     0     2     1     2
 -1.8631612442797394E+00 a        19     0     2     1     3
  2.0491906913253670E+00 a        20     0     2     1     4
 -1.6753620831435054E+00 a        21     0     2     1     5
  1.6884494685474467E+00 a        22     0     2     1     6
  3.6721008398332949E-01 a        23     0     2     1     7
 -1.8507627957698989E+00 a        24     0     2     1     8
  5.3272878520706124E+00 a        25     0     2     1     9
 -2.2761847493350165E+00 a        26     0     2     1    10
  7.7283317095757367E+00 a        27     0     2     1    11
  4.1227165572309081E+00 a        28     0     2     1    12
 -5.4765411098372594E+00 a        29     0     2     1    13
 -7.6993824959150037E-01 a        30     0     2     1    14
  2.7590716151551407E+00 a        31     0     2     1    15
  5.1668589261292537E+00 a        32     0     2     1    16
  9.8598273304504787E+00 a        33     0     3     1     1
 -1.6150272153036949E+00 a        34     0     3     1     2
 -1.4581136060873959E+01 a        35     0     3     1     3
  6.8324207494952494E-01 a        36     0     3     1     4
 -1.8742078611961738E+01 a        37     0     3     1     5
  5.6118510382837998E+00 a        38     0     3     1     6
 -6.3297569160924683E+00 a        39     0     3     1     7
  1.4656795432876898E+01 a        40     0     3     1     8
  8.1091234440890947E+00 a        41     0     3     1     9
  2.1616421719031621E+01 a        42     0     3     1    10
  6.9606177241433214E+00 a        43     0     3     1    11
  2.8641831920915823E+00 a        44     0     3     1    12
 -9.6430091482097300E+00 a        45     0     3     1    13
  9.5545857503596954E-01 a        46     0     3     1    14
  4.8233195691361503E+00 a        47     0     3     1    15
 -7.5106902865495497E+00 a        48     0     3     1    16
 -7.0167089912333669E+00 a        49     0     4     1     1
  2.0989899524236160E+00 a        50     0     4     1     2
  2.4336200639844829E+01 a        51     0     4     1     3
  1.0040662290855918E+01 a        52     0     4     1     4
  3.2233970106847408E+01 a        53     0     4     1     5
 -7.1602950812645458E+00 a        54     0     4     1     6
  7.6510864903529692E+00 a        55     0     4     1     7
 -2.7221091026821714E+01 a        56     0     4     1     8
  9.6457640270153711E+00 a        57     0     4     1     9
 -3.6913295713609749E+01 a        58     0     4     1    10
 -6.6790789750072443E+00 a        59     0     4     1    11
 -5.9340222796613391E+00 a        60     0     4     1    12
  1.5198218270236325E+01 a        61     0     4     1    13
  2.0511858721538728E-01 a        62     0     4     1    14
  5.7810841845344090E+00 a        63     0     4     1    15
  6.4785057004181725E+00 a        64     0     4     1    16
  4.4017596205006928E+00 a        65     0     5     1     1
  4.1637834883810687E-01 a        66     0     5     1     2
 -2.3071722780115165E+00 a        67     0     5     1     3
 -2.7685331412368748E+00 a        68     0     5     1     4
  1.2382703655331564E+00 a        69     0     5     1     5
  5.8670531390818716E-02 a        70     0     5     1     6
 -1.3182614389710998E-01 a        71     0     5     1     7
 -9.9827997056695206E-01 a        72     0     5     1     8
 -1.7245247844424050E+00 a        73     0     5     1     9
  2.0401975500879299E+00 a        74     0     5     1    10
  7.0243189606386169E-01 a        75     0     5     1    11
  1.8559313934904084E-01 a        76     0     5     1    12
  2.1875921601462158E+00 a        77     0     5     1    13
  5.2028716046230150E-01 a        78     0     5     1    14
 -1.2724488053602043E+00 a        79     0     5     1    15
 -7.9422630764945670E-02 a        80     0     5     1    16
 -1.2242950824347392E+00 a        81     0     6     1     1
 -2.8147016418069454E-01 a        82     0     6     1     2
  1.9522300462415438E+00 a        83     0     6     1     3
  1.6539475298486874E+00 a        84     0     6     1     4
  2.2297161433010912E+00 a        85     0     6     1     5
 -4.2271285845062589E-01 a        86     0     6     1     6
 -3.8746081707640440E-01 a        87     0     6     1     7
 -8.9352656369224148E-01 a        88     0     6     1     8
 -2.1584334331065627E+00 a        89     0     6     1     9
  1.7921657202781689E+00 a        90     0     6     1    10
 -1.4829267839016145E+00 a        91     0     6     1    11
 -1.4573450968540349E+00 a        92     0     6     1    12
  3.2095893755018992E+00 a        93     0     6     1    13
  1.1552225125472855E+00 a        94     0     6     1    14
 -5.0029975052419649E-02 a        95     0     6     1    15
 -2.0119622676532112E+00 a        96     0     6     1    16
 -2.5393634933383602E+00 a        97     0     7     1     1
 -2.7261290525140471E+00 a        98     0     7     1     2
 -1.5991354422403898E+01 a        99     0     7     1     3
 -1.4659283773976728E+01 a       100     0     7     1     4
 -1.8946405031860397E+01 a       101     0     7     1     5
  5.3142754630843063E+00 a       102     0     7     1     6
 -5.5113498672919690E+00 a       103     0     7     1     7
  1.5643810496249904E+01 a       104     0     7     1     8
 -1.9909791742166057E+01 a       105     0     7     1     9
  3.1028193471315838E+01 a       106     0     7     1    10
  5.0435464272895816E+00 a       107     0     7     1    11
  7.6671595418523077E+00 a       108     0     7     1    12
 -7.4151690719905625E+00 a       109     0     7     1    13
 -2.3486040744521390E+00 a       110     0     7     1    14
 -1.2751579536993848E+01 a       111     0     7     1    15
  2.1361420975046572E+00 a       112     0     7     1    16
  1.3940860048883197E+00 a       113     0     8     1     1
  1.4768954324470556E+00 a       114     0     8     1     2
  8.2700551692336894E+00 a       115     0     8     1     3
  6.1929563013556690E+00 a       116     0     8     1     4
  6.5934106340182419E+00 a       117     0     8     1     5
 -2.1736040979004705E+00 a       118     0     8     1     6
  2.5167256869858137E+00 a       119     0     8     1     7
 -5.4651211145408851E+00 a       120     0     8     1     8
  1.2702742008571313E+01 a       121     0     8     1     9
 -1.0282097631589480E+01 a       122     0     8     1    10
 -2.0426763246898112E+00 a       123     0     8     1    11
 -5.8999352261456002E+00 a       124     0     8     1    12
  2.6588266937777814E+00 a       125     0     8     1    13
  3.1605993371111447E+00 a       126     0     8     1    14
  7.1158615397034612E+00 a       127     0     8     1    15
 -3.2197197932311137E+00 a       128     0     8     1    16
  1.6144330166717449E+01 a       129     0     9     1     1
  8.8053789367974620E+00 a       130     0     9     1     2
 -1.5263805114370303E+01 a       131     0     9     1     3
 -2.0484946118211789E+00 a       132     0     9     1     4
 -1.2565531962294338E+01 a       133     0     9     1     5
 -8.4934754402719825E+00 a       134     0     9     1     6
 -1.9797094426349215E+01 a       135     0     9     1     7
 -4.6914813602323067E+00 a       136     0     9     1     8
  8.5661127012453697E+00 a       137     0     9     1     9
  1.6825567984375848E+01 a       138     0     9     1    10
 -1.8026312469206417E+01 a       139     0     9     1    11
  2.6565225854922281E-01 a       140     0     9     1    12
 -2.4036423876411264E+00 a       141     0     9     1    13
 -1.8889110991509522E+01 a       142     0     9     1    14
 -1.1515032419116787E+01 a       143     0     9     1    15
 -4.4173938526592993E+00 a       144     0     9     1    16
 -6.7432824393533179E+00 a       145     0    10     1     1
  2.4316140721944510E+00 a       146     0    10     1     2
  4.1782952290417166E+00 a       147     0    10     1     3
 -9.4601310100007225E+00 a       148     0    10     1     4
  2.8611656238650887E+00 a       149     0    10     1     5
 -6.5921751345134796E+00 a       150     0    10     1     6
  2.1656307672629311E+00 a       151     0    10     1     7
  1.1394150237268663E+01 a       152     0    10     1     8
 -3.9833379728642688E+00 a       153     0    10     1     9
  5.1634831350201900E+00 a       154     0    10     1    10
 -4.5166128111598596E+00 a       155     0    10     1    11
 -1.1091831270171362E+01 a       156     0    10     1    12
  5.1364783288947553E+00 a       157     0    10     1    13
 -2.0519487618905141E+00 a       158     0    10     1    14
 -3.2191531627776071E-01 a       159     0    10     1    15
 -1.4112791841691154E+01 a       160     0    10     1    16
 -2.4050162486578183E-01 a       161     0    11     1     1
  1.6857747107399190E+00 a       162     0    11     1     2
 -2.3517374056586959E+00 a       163     0    11     1     3
 -7.0144330785212352E+00 a       164     0    11     1     4
 -1.4918108291217552E+01 a       165     0    11     1     5
 -2.3939545068652999E+00 a       166     0    11     1     6
 -2.6727255919736890E+00 a       167     0    11     1     7
  5.6449857071823049E+00 a       168     0    11     1     8
 -1.5486137359269607E+01 a       169     0    11     1     9
  1.0817394603857224E+01 a       170     0    11     1    10
 -7.9491661324416967E+00 a       171     0    11     1    11
  9.2292515426645831E+00 a       172     0    11     1    12
  6.1424018592461085E+00 a       173     0    11     1    13
 -1.6755096765635251E+01 a       174     0    11     1    14
 -3.0428358729127689E+00 a       175     0    11     1    15
 -3.2413191489330764E+00 a       176     0    11     1    16
 -7.5977067608403166E+00 a       177     0    12     1     1
  9.8096152143131032E-01 a       178     0    12     1     2
 -2.8701730760090005E+01 a       179     0    12     1     3
 -9.9140607934701972E+00 a       180     0    12     1     4
 -1.2564257275322573E+01 a       181     0    12     1     5
  9.5125100464871037E-01 a       182     0    12     1     6
 -4.8638886056871602E+00 a       183     0    12     1     7
  1.4427989211241243E+01 a       184     0    12     1     8
  1.7778253415120133E+01 a       185     0    12     1     9
  1.7015211328144808E+00 a       186     0    12     1    10
 -2.4211077444299743E+01 a       187     0    12     1    11
 -8.8553054112901972E-02 a       188     0    12     1    12
  1.0798614344137926E+01 a       189     0    12     1    13
 -3.3898160577753045E-01 a       190     0    12     1    14
 -2.5958666975215994E+01 a       191     0    12     1    15
 -1.0751408963814335E+01 a       192     0    12     1    16
  1.0007915150216160E+01 a       193     0    13     1     1
  4.5664918204848535E+00 a       194     0    13     1     2
 -1.2840086691119541E+01 a       195     0    13     1     3
 -3.7926615199752671E+00 a       196     0    13     1     4
  9.8616755747854357E-01 a       197     0    13     1     5
  3.8344298402369450E+00 a       198     0    13     1     6
  8.6347541266269108E+00 a       199     0    13     1     7
 -6.1136496914007221E+00 a       200     0    13     1     8
  6.6968393863612325E+00 a       201     0    13     1     9
 -1.8619554908234179E+00 a       202     0    13     1    10
  1.2566756892877171E+01 a       203     0    13     1    11
  8.3218088366204519E+00 a       204     0    13     1    12
 -2.0976091119271536E+00 a       205     0    13     1    13
  8.8238396566397881E-01 a       206     0    13     1    14
  7.3768720826485117E+00 a       207     0    13     1    15
  5.4452889318275766E+00 a       208     0    13     1    16
 -4.4508482379304759E+01 a       209     0    14     1     1
  2.0564107265879183E+01 a       210     0    14     1     2
  5.9277888373058314E+00 a       211     0    14     1     3
 -4.2231493231058366E+00 a       212     0    14     1     4
 -2.8753808629629383E+00 a       213     0    14     1     5
 -2.9714819049291386E+01 a       214     0    14     1     6
 -1.3291072634201964E+01 a       215     0    14     1     7
 -1.2759076288393686E+01 a       216     0    14     1     8
 -2.9370596959640842E+01 a       217     0    14     1     9
  4.6161664805698869E+01 a       218     0    14     1    10
  4.3921714628787235E+01 a       219     0    14     1    11
 -1.0974021718606084E+01 a       220     0    14     1    12
 -2.3897951200169846E+01 a       221     0    14     1    13
  4.2471402282773241E+01 a       222     0    14     1    14
 -4.1334699636853244E+01 a       223     0    14     1    15
  1.7099653525527996E+00 a       224     0    14     1    16
 -1.6561066918013083E+00 a       225     0    15     1     1
 -4.1962267437667009E+00 a       226     0    15     1     2
 -3.2892222670315685E+00 a       227     0    15     1     3
  4.5655353172667281E+00 a       228     0    15     1     4
 -3.2944093515612956E+00 a       229     0    15     1     5
 -1.3380170849486424E+00 a       230     0    15     1     6
  1.6300092623249132E+00 a       231     0    15     1     7
  2.8914602726229424E+00 a       232     0    15     1     8
  4.4146872091752369E+00 a       233     0    15     1     9
  4.1454128759122316E-01 a       234     0    15     1    10
 -3.2663613785117573E+00 a       235     0    15     1    11
  5.7604598764328808E-02 a       236     0    15     1    12
 -4.1750266688472282E+00 a       237     0    15     1    13
 -4.2112262606246265E-01 a       238     0    15     1    14
 -2.0354754223903160E+00 a       239     0    15     1    15
 -1.0616816120855375E+00 a       240     0    15     1    16
 -9.6091143339065543E-01 a       241     0    16     1     1
 -1.8323349566712752E+00 a       242     0    16     1     2
 -1.8855153129445978E+00 a       243     0    16     1     3
 -6.4295819435899277E+00 a       244     0    16     1     4
  4.7414110900971069E+00 a       245     0    16     1     5
 -2.1490966376305365E+00 a       246     0    16     1     6
  7.7837435285413461E+00 a       247     0    16     1     7
  6.5678929829281385E-01 a       248     0    16     1     8
  7.1658251571843019E+00 a       249     0    16     1     9
 -8.9516579248926331E-01 a       250     0    16     1    10
 -2.5439579959246594E+00 a       251     0    16     1    11
 -8.1705248864841473E-01 a       252     0    16     1    12
 -5.6565947012614892E-01 a       253     0    16     1    13
 -1.8605223119180383E+00 a       254     0    16     1    14
  7.2870092990029187E+00 a       255     0    16     1    15
 -1.6581082116249546E+00 a       256     0    16     1    16
 -1.9045784305267939E+00 a       257     0    17     1     1
  1.0005778338890599E+01 a       258     0    17     1     2
  4.0452232873902778E+00 a       259     0    17     1     3
  6.2271629002202944E-01 a       260     0    17     1     4
 -4.5550370905407513E+00 a       261     0    17     1     5
 -4.7990489580585187E+00 a       262     0    17     1     6
 -7.5286328404004743E-01 a       263     0    17     1     7
 -4.8284673997101164E+00 a       264     0    17     1     8
 -1.4836260143357460E+00 a       265     0    17     1     9
  5.5027285454441808E+00 a       266     0    17     1    10
  8.0947469331223054E+00 a       267     0    17     1    11
  5.0510670739401409E-01 a       268     0    17     1    12
  3.0711162797497771E-01 a       269     0    17     1    13
  1.6073203789788792E+00 a       270     0    17     1    14
 -4.0645737876127114E-01 a       271     0    17     1    15
 -7.4721927557604886E+00 a       272     0    17     1    16
 -1.8089899484016101E+01 a       273     0    18     1     1
 -5.4378315082593502E+00 a       274     0    18     1     2
  2.5356270774902800E+01 a       275     0    18     1     3
  2.3424532488130136E+00 a       276     0    18     1     4
  2.6413294887416836E+01 a       277     0    18     1     5
  1.0995089004684226E+01 a       278     0    18     1     6
  3.1793853683833639E+01 a       279     0    18     1     7
  1.6024882441929453E+01 a       280     0    18     1     8
 -2.1198461776695012E+01 a       281     0    18     1     9
 -3.4837389698865415E+01 a       282     0    18     1    10
  5.1415561005793840E+01 a       283     0    18     1    11
  2.5237755294664037E+00 a       284     0    18     1    12
  1.9121652952284961E+01 a       285     0    18     1    13
  3.7005523514630369E+01 a       286     0    18     1    14
  9.4326528252455670E+00 a       287     0    18     1    15
  6.3028976947584203E+00 a       288     0    18     1    16
 -1.0034240420786952E+01 a       289     0    19     1     1
 -7.3890280204475127E+00 a       290     0    19     1     2
  8.6911154916042843E+00 a       291     0    19     1     3
  1.7169591526315827E+01 a       292     0    19     1     4
 -9.6630123223529196E+00 a       293     0    19     1     5
 -8.4993792545253366E-01 a       294     0    19     1     6
 -2.5643054132195935E+01 a       295     0    19     1     7
  4.1569407393003175E+00 a       296     0    19     1     8
 -1.8434625161400707E+01 a       297     0    19     1     9
 -1.6028846826265957E+00 a       298     0    19     1    10
 -1.2997993471551363E+01 a       299     0    19     1    11
  1.3610445328882368E+00 a       300     0    19     1    12
 -5.9383552393871086E-01 a       301     0    19     1    13
  2.1808958739212656E+00 a       302     0    19     1    14
 -2.4313420737665801E+01 a       303     0    19     1    15
  3.6270668365155262E-01 a       304     0    19     1    16
 -2.1387118377729344E+01 a       305     0    20     1     1
 -1.9270491241473626E+00 a       306     0    20     1     2
  3.3916032370580886E+01 a       307     0    20     1     3
  7.4838718011638128E-01 a       308     0    20     1     4
  4.4639304410601156E+01 a       309     0    20     1     5
 -1.3612516333576979E+01 a       310     0    20     1     6
  1.1079879215550429E+01 a       311     0    20     1     7
  7.3944714065871695E+00 a       312     0    20     1     8
  8.7818611876292287E+00 a       313     0    20     1     9
 -3.2450899646996881E+01 a       314     0    20     1    10
  1.5837832138697367E+01 a       315     0    20     1    11
 -4.5621531286325919E+01 a       316     0    20     1    12
 -2.9856649294006164E+01 a       317     0    20     1    13
  4.6775830237221697E+01 a       318     0    20     1    14
 -1.9116351770838108E+01 a       319     0    20     1    15
  2.6861222814257747E+01 a       320     0    20     1    16
  1.6616399252838075E+01 a       321     0    21     1     1
  5.2436235827863849E+00 a       322     0    21     1     2
  4.0455267292801628E-01 a       323     0    21     1     3
 -2.2097249804206864E+00 a       324     0    21     1     4
 -1.4512649034945784E+00 a       325     0    21     1     5
 -3.5274561613789088E+00 a       326     0    21     1     6
 -1.3056420483262658E+01 a       327     0    21     1     7
 -1.6560944047678667E+01 a       328     0    21     1     8
 -1.6031200522667512E+00 a       329     0    21     1     9
  1.0314128484362666E+01 a       330     0    21     1    10
 -9.6559093836918599E+00 a       331     0    21     1    11
  1.1899207449916511E+00 a       332     0    21     1    12
 -6.4958566154553434E+00 a       333     0    21     1    13
 -1.4098347169599652E+01 a       334     0    21     1    14
  5.4106637959492252E+00 a       335     0    21     1    15
  5.2228090745671203E+00 a       336     0    21     1    16
  2.4710909179992527E+01 a       337     0    22     1     1
 -1.8291182458452070E+01 a       338     0    22     1     2
 -2.1075018210709228E+01 a       339     0    22     1     3
 -2.1772064317330813E+00 a       340     0    22     1     4
 -1.3727776784628610E+01 a       341     0    22     1     5
  1.9997772877280294E+01 a       342     0    22     1     6
  8.2641453198149251E-01 a       343     0    22     1     7
  4.3301773165408974E+00 a       344     0    22     1     8
  8.6080221671413781E+00 a       345     0    22     1     9
 -7.6498836225228475E+00 a       346     0    22     1    10
 -2.8758743569528423E+01 a       347     0    22     1    11
  2.4103142920271836E+01 a       348     0    22     1    12
  1.7277025901096660E+01 a       349     0    22     1    13
 -3.4185961070653839E+01 a       350     0    22     1    14
  2.1502350666041767E+01 a       351     0    22     1    15
 -8.3306951883321734E-01 a       352     0    22     1    16
 -2.0906465634656657E+00 a       353     0    23     1     1
 -2.2110977478175009E+00 a       354     0    23     1     2
 -1.2954838826082093E+00 a       355     0    23     1     3
  4.5428694261436142E+00 a       356     0    23     1     4
 -1.7168163151428422E+00 a       357     0    23     1     5
 -1.1217900370390441E+00 a       358     0    23     1     6
  5.0284575642634433E-01 a       359     0    23     1     7
 -5.1309050396615830E-01 a       360     0    23     1     8
  7.8057895144864426E+00 a       361     0    23     1     9
  4.3408917112216860E+00 a       362     0    23     1    10
 -5.9839642117948983E+00 a       363     0    23     1    11
 -8.1221120564405513E-01 a       364     0    23     1    12
 -6.6705038715832350E+00 a       365     0    23     1    13
 -3.6721098001320569E+00 a       366     0    23     1    14
  2.8893538546447868E+00 a       367     0    23     1    15
  1.4730693638756502E+00 a       368     0    23     1    16
 -1.9104349173840658E+00 a       369     0    24     1     1
 -2.9451548309990927E+00 a       370     0    24     1     2
  2.4101865471140846E+00 a       371     0    24     1     3
 -4.3100714201772377E+00 a       372     0    24     1     4
  7.0827207733055273E+00 a       373     0    24     1     5
 -2.0151601590709980E+00 a       374     0    24     1     6
  6.6419834876517063E+00 a       375     0    24     1     7
  4.7137511509665642E-01 a       376     0    24     1     8
  8.0732989197679643E+00 a       377     0    24     1     9
  6.3439996201855642E-01 a       378     0    24     1    10
 -6.1785090495322033E+00 a       379     0    24     1    11
 -4.2119343203966269E+00 a       380     0    24     1    12
 -1.6857780981635788E+00 a       381     0    24     1    13
 -3.2556598049805960E+00 a       382     0    24     1    14
  7.8489175882182707E+00 a       383     0    24     1    15
 -2.8167542261747056E+00 a       384     0    24     1    16
  2.4110321779619803E+00 a       385     0    25     1     1
  6.4776514530740963E+00 a       386     0    25     1     2
  2.3013898888838833E+00 a       387     0    25     1     3
  9.4697346286876127E-01 a       388     0    25     1     4
 -3.2979836530067344E+00 a       389     0    25     1     5
 -1.5782306247516198E+00 a       390     0    25     1     6
  1.2893629016770587E+00 a       391     0    25     1     7
 -3.8998854589319096E+00 a       392     0    25     1     8
 -1.4722832162069854E+00 a       393     0    25     1     9
  5.2274241094127305E+00 a       394     0    25     1    10
  6.5256081542777034E-01 a       395     0    25     1    11
  3.2653510338568053E+00 a       396     0    25     1    12
  5.2051520263006630E+00 a       397     0    25     1    13
 -6.8714787955478513E+00 a       398     0    25     1    14
  6.7427714222009643E+00 a       399     0    25     1    15
 -5.3147602548118256E+00 a       400     0    25     1    16
  1.2220222083571695E+00 a       401     0    26     1     1
  3.2691788680161271E+00 a       402     0    26     1     2
 -1.7000946250282420E+00 a       403     0    26     1     3
 -5.1820565937050098E+00 a       404     0    26     1     4
 -3.0242619364096233E+00 a       405     0    26     1     5
  9.0987200698905624E-01 a       406     0    26     1     6
 -4.7792347064673679E+00 a       407     0    26     1     7
 -7.1383724410213611E-01 a       408     0    26     1     8
 -2.3791302986205083E+00 a       409     0    26     1     9
  1.7697112411945326E+00 a       410     0    26     1    10
 -2.5680698646979860E+00 a       411     0    26     1    11
 -8.8794174101380130E-01 a       412     0    26     1    12
  5.2769452495081124E+00 a       413     0    26     1    13
 -2.1089541198714290E+00 a       414     0    26     1    14
 -4.2058729315496368E+00 a       415     0    26     1    15
 -2.2813578251061908E+00 a       416     0    26     1    16
  2.1487554933760120E+00 a       417     0    27     1     1
  5.2018408194335608E+00 a       418     0    27     1     2
 -8.8858863456604631E-01 a       419     0    27     1     3
  6.4903130754635816E+00 a       420     0    27     1     4
 -5.2068130949375870E+00 a       421     0    27     1     5
  2.1280147562542129E+00 a       422     0    27     1     6
 -2.4434948520408728E+00 a       423     0    27     1     7
 -1.4839565032042157E+00 a       424     0    27     1     8
 -4.3047897166445130E+00 a       425     0    27     1     9
  1.8203484245124280E+00 a       426     0    27     1    10
  9.7103610516670713E+00 a       427     0    27     1    11
  3.5026189887709380E+00 a       428     0    27     1    12
  2.3499970460470774E+00 a       429     0    27     1    13
  1.7570492384380898E+00 a       430     0    27     1    14
 -2.7286655375355076E+00 a       431     0    27     1    15
  3.9242517190234585E+00 a       432     0    27     1    16
 -6.7115104517932149E+00 a       433     0    28     1     1
 -7.6137640230943306E+00 a       434     0    28     1     2
 -5.4973365758983928E+00 a       435     0    28     1     3
  1.5420399356181846E+00 a       436     0    28     1     4
 -5.3353653820937863E-01 a       437     0    28     1     5
  2.4825239876526148E+00 a       438     0    28     1     6
 -1.7878214131385630E+00 a       439     0    28     1     7
  3.1358747809708767E+00 a       440     0    28     1     8
  1.7571856193836328E+00 a       441     0    28     1     9
  5.7797994035575035E+00 a       442     0    28     1    10
 -2.1508303803296207E+00 a       443     0    28     1    11
  6.3621212779053893E-01 a       444     0    28     1    12
 -1.1835522979692912E+00 a       445     0    28     1    13
  1.4981203848454758E+00 a       446     0    28     1    14
 -3.9750835854891955E+00 a       447     0    28     1    15
  3.6984418442366684E+00 a       448     0    28     1    16
 -3.1670713423412007E+00 a       449     0    29     1     1
 -3.5802454815456954E+00 a       450     0    29     1     2
  2.0519102734558917E+01 a       451     0    29     1     3
  8.9635155638575892E+00 a       452     0    29     1     4
  5.8622884346158255E+00 a       453     0    29     1     5
 -1.1885588133034530E+00 a       454     0    29     1     6
  5.7114916736389647E+00 a       455     0    29     1     7
 -8.3613257669973677E+00 a       456     0    29     1     8
 -1.4159164517025975E+01 a       457     0    29     1     9
  1.7842677479356388E+00 a       458     0    29     1    10
  1.4574634202428285E+01 a       459     0    29     1    11
 -1.3194748758129256E+00 a       460     0    29     1    12
 -1.3773028328672760E+01 a       461     0    29     1    13
  3.4900418035214720E-01 a       462     0    29     1    14
  2.2125379663963585E+01 a       463     0    29     1    15
  5.1963283085150334E+00 a       464     0    29     1    16
  4.1629686835350498E+01 a       465     0    30     1     1
 -1.1789867049995973E+01 a       466     0    30     1     2
 -1.8073076044976482E+01 a       467     0    30     1     3
  5.8570031746118145E+00 a       468     0    30     1     4
 -2.7780317632477622E+00 a       469     0    30     1     5
  2.6008223585789441E+01 a       470     0    30     1     6
  8.1048480882979348E+00 a       471     0    30     1     7
  7.6588778256796992E+00 a       472     0    30     1     8
  2.3456796616915582E+01 a       473     0    30     1     9
 -2.8850792664864649E+01 a       474     0    30     1    10
 -3.1959037368538592E+01 a       475     0    30     1    11
  1.7120376831636108E+01 a       476     0    30     1    12
  2.7104916570076124E+01 a       477     0    30     1    13
 -3.6316372494337401E+01 a       478     0    30     1    14
  3.7043702792896092E+01 a       479     0    30     1    15
 -1.5661936412851407E+01 a       480     0    30     1    16
 -4.8674337302936277E-01 a       481     0    31     1     1
 -9.5668958871821674E-01 a       482     0    31     1     2
  3.7239252371336401E-01 a       483     0    31     1     3
  2.0867753092367528E-01 a       484     0    31     1     4
  8.1711672011227710E-01 a       485     0    31     1     5
 -1.7717196431986329E-01 a       486     0    31     1     6
 -7.0632221308686349E-01 a       487     0    31     1     7
  2.5874042549705267E-01 a       488     0    31     1     8
  1.6304850228484080E+00 a       489     0    31     1     9
 -4.9731191180479445E-01 a       490     0    31     1    10
 -1.4603957915620756E+00 a       491     0    31     1    11
 -4.9372921941314968E-01 a       492     0    31     1    12
  4.4919978015254847E-01 a       493     0    31     1    13
 -1.3785337222897709E-01 a       494     0    31     1    14
  9.4920285738945287E-01 a       495     0    31     1    15
 -1.9443361168356210E+00 a       496     0    31     1    16
  4.0047911027680866E-01 a       497     0    32     1     1
 -1.1125140544418546E+00 a       498     0    32     1     2
 -1.5121578174414221E+00 a       499     0    32     1     3
 -1.5586715205237731E+00 a       500     0    32     1     4
 -8.0711969440236087E-01 a       501     0    32     1     5
 -1.3105264314978778E-02 a       502     0    32     1     6
 -7.8188681351899370E-01 a       503     0    32     1     7
  1.9391406518540921E+00 a       504     0    32     1     8
 -2.3796442524955244E+00 a       505     0    32     1     9
  3.5788001256768948E-01 a       506     0    32     1    10
 -5.1738599806658647E-01 a       507     0    32     1    11
  4.3578764790002922E-01 a       508     0    32     1    12
  5.0038554021709292E-01 a       509     0    32     1    13
  9.6388422224706255E-02 a       510     0    32     1    14
 -1.0910649194540594E+00 a       511     0    32     1    15
 -7.4041114031958744E-01 a       512     0    32     1    16
 -1.8574283922430328E+00 a       513     0    33     1     1
 -6.1674230652334805E-01 a       514     0    33     1     2
  8.2640119326735728E-01 a       515     0    33     1     3
  1.9841397763491149E-02 a       516     0    33     1     4
  2.1118874182319522E-01 a       517     0    33     1     5
 -3.6594301629195958E-01 a       518     0    33     1     6
 -4.5948560639018882E-01 a       519     0    33     1     7
  2.5763707363000590E+00 a       520     0    33     1     8
  7.1264409243512961E-01 a       521     0    33     1     9
 -1.7185349964351160E+00 a       522     0    33     1    10
 -2.2459737895808365E+00 a       523     0    33     1    11
 -1.4234066253232820E+00 a       524     0    33     1    12
 -1.0588114024103699E+00 a       525     0    33     1    13
 -2.9240890044640649E-01 a       526     0    33     1    14
  5.0272381616038220E-01 a       527     0    33     1    15
  5.5139611388326770E-01 a       528     0    33     1    16
 -2.7694698756369340E-01 a       529     0    34     1     1
 -1.0054024778258788E+00 a       530     0    34     1     2
  1.6283344948858931E+00 a       531     0    34     1     3
 -1.0670341033891435E+00 a       532     0    34     1     4
 -3.0904761498433964E-01 a       533     0    34     1     5
 -5.8834623845924715E-02 a       534     0    34     1     6
 -1.1902373329925999E+00 a       535     0    34     1     7
  1.2439553560154810E+00 a       536     0    34     1     8
  5.6097405048953053E-01 a       537     0    34     1     9
 -1.0775474440961592E+00 a       538     0    34     1    10
 -9.7438101532622845E-01 a       539     0    34     1    11
 -9.7136126841494763E-01 a       540     0    34     1    12
 -6.6678349882838595E-01 a       541     0    34     1    13
 -4.6804042436836346E-01 a       542     0    34     1    14
 -6.2337411937633580E-01 a       543     0    34     1    15
  5.2508723381756106E-01 a       544     0    34     1    16
  5.4193149312109978E-01 a       545     0    35     1     1
  1.6757481416661484E+00 a       546     0    35     1     2
  1.3000726828648301E+00 a       547     0    35     1     3
 -3.9997407742078850E-01 a       548     0    35     1     4
  2.3790942428014741E-01 a       549     0    35     1     5
  1.0479041152344577E+00 a       550     0    35     1     6
 -1.1625858496052084E+00 a       551     0    35     1     7
  9.8794281801252748E-01 a       552     0    35     1     8
  2.0965397626402686E+00 a       553     0    35     1     9
  1.1744521486360417E+00 a       554     0    35     1    10
  1.3390174133260915E+00 a       555     0    35     1    11
 -7.3974371920822568E-01 a       556     0    35     1    12
 -1.1624860089456877E+00 a       557     0    35     1    13
  1.8675745807822486E+00 a       558     0    35     1    14
  2.7891689654973937E+00 a       559     0    35     1    15
  1.6150540055588924E-01 a       560     0    35     1    16
 -2.6223627403921429E-01 a       561     0    36     1     1
  2.9115867281783625E-01 a       562     0    36     1     2
 -7.0363738676343879E-01 a       563     0    36     1     3
  2.0348219861286271E-01 a       564     0    36     1     4
  9.6975868103097473E-01 a       565     0    36     1     5
 -5.5069291039252388E-01 a       566     0    36     1     6
  2.7815878324729754E-01 a       567     0    36     1     7
 -2.2475835329468519E-01 a       568     0    36     1     8
  9.6077710546907302E-01 a       569     0    36     1     9
  9.6962808515420240E-01 a       570     0    36     1    10
  1.6501199147629833E+00 a       571     0    36     1    11
  1.5046624816110392E+00 a       572     0    36     1    12
  3.6375007131478121E-01 a       573     0    36     1    13
 -2.0120309320754659E-01 a       574     0    36     1    14
  3.7230844702214283E-01 a       575     0    36     1    15
 -1.4088640758021500E+00 a       576     0    36     1    16
  7.3205345310181489E+00 a       577     0    37     1     1
  3.5688534484139303E+00 a       578     0    37     1     2
 -1.5841964128164634E+01 a       579     0    37     1     3
 -1.4633220428216180E+01 a       580     0    37     1     4
  7.2823828821784424E+00 a       581     0    37     1     5
 -6.8926608210618268E-01 a       582     0    37     1     6
  7.5552794750877164E+00 a       583     0    37     1     7
 -3.3386568449347966E+00 a       584     0    37     1     8
 -5.0745978101412392E-01 a       585     0    37     1     9
 -5.7790362843156409E+00 a       586     0    37     1    10
  8.5421950364872401E-01 a       587     0    37     1    11
  3.9024121986272804E+00 a       588     0    37     1    12
  4.2308397869648209E+00 a       589     0    37     1    13
  3.4679566507053061E+00 a       590     0    37     1    14
  7.4082997734574079E+00 a       591     0    37     1    15
  4.5317035648653796E+00 a       592     0    37     1    16
  6.9273346128875857E-01 a       593     0    38     1     1
 -3.5931709173673010E-01 a       594     0    38     1     2
 -1.4719802538931486E+00 a       595     0    38     1     3
 -2.8358202040987903E+00 a       596     0    38     1     4
  7.8618281839904169E-01 a       597     0    38     1     5
 -8.2451051561932465E-01 a       598     0    38     1     6
 -1.0712526208902859E+00 a       599     0    38     1     7
  1.7779400304311641E+00 a       600     0    38     1     8
  7.1622204126277317E-02 a       601     0    38     1     9
 -3.8291438439976544E-01 a       602     0    38     1    10
 -2.5094855536402458E+00 a       603     0    38     1    11
 -7.0175742202447511E-01 a       604     0    38     1    12
 -2.5607662439394591E-01 a       605     0    38     1    13
 -4.5399665708218684E-01 a       606     0    38     1    14
 -2.5810156179811177E+00 a       607     0    38     1    15
 -1.0828825137995131E+00 a       608     0    38     1    16
 -8.7635509150039379E+00 a       609     0    39     1     1
 -3.1475300480650863E+00 a       610     0    39     1     2
 -1.0755385180446645E+01 a       611     0    39     1     3
 -8.8648411658432700E+00 a       612     0    39     1     4
  1.4568170782964716E+01 a       613     0    39     1     5
 -4.1086274917776811E+00 a       614     0    39     1     6
  2.1276855690345262E+00 a       615     0    39     1     7
  4.8303729960161910E+00 a       616     0    39     1     8
 -6.3820041750349326E+00 a       617     0    39     1     9
  4.1915996758626628E+00 a       618     0    39     1    10
 -1.4134495753074990E+01 a       619     0    39     1    11
 -4.4191481943195541E+00 a       620     0    39     1    12
  1.1744073458441171E+01 a       621     0    39     1    13
  1.6749833135738150E+00 a       622     0    39     1    14
 -4.6081798088763577E+00 a       623     0    39     1    15
 -1.3239625589006039E+01 a       624     0    39     1    16
  3.2867253751298438E+00 a       625     0    40     1     1
 -3.1473088474744024E+00 a       626     0    40     1     2
 -8.0983355849008998E+00 a       627     0    40     1     3
 -1.5910485577358358E+00 a       628     0    40     1     4
 -3.2036173653589231E+00 a       629     0    40     1     5
 -2.2072013845961811E+00 a       630     0    40     1     6
 -4.1176781188314369E+00 a       631     0    40     1     7
  8.8269875027570155E-01 a       632     0    40     1     8
  5.2112113316559991E+00 a       633     0    40     1     9
 -5.3271862543679760E-01 a       634     0    40     1    10
  2.1798800008228980E+00 a       635     0    40     1    11
  3.1749645801749704E+00 a       636     0    40     1    12
 -1.8128695763787470E+00 a       637     0    40     1    13
 -1.9499766292820733E+00 a       638     0    40     1    14
 -2.3349003167591094E+00 a       639     0    40     1    15
  3.0176708576722020E+00 a       640     0    40     1    16
  3.5792935701683928E+00 a       641     0    41     1     1
 -2.1059779751616556E+00 a       642     0    41     1     2
 -1.4484183381231748E+00 a       643     0    41     1     3
 -1.1892366553166127E+00 a       644     0    41     1     4
  2.1399925873010575E+00 a       645     0    41     1     5
 -2.7288016252022826E+00 a       646     0    41     1     6
 -7.9796906810419910E-01 a       647     0    41     1     7
  3.0752858926668982E+00 a       648     0    41     1     8
  2.3917276733572920E-01 a       649     0    41     1     9
 -2.8037315612945815E+00 a       650     0    41     1    10
 -1.9075199710587283E+00 a       651     0    41     1    11
 -1.1194786705571242E+00 a       652     0    41     1    12
  1.0862247231467987E+00 a       653     0    41     1    13
 -1.2975340548477261E+00 a       654     0    41     1    14
 -1.7445565338820703E+00 a       655     0    41     1    15
 -3.3517627813084805E+00 a       656     0    41     1    16
 -7.8723763395564799E+00 a       657     0    42     1     1
 -2.8954354457645266E+00 a       658     0    42     1     2
  1.7063025345562188E+01 a       659     0    42     1     3
  9.5694240220246183E+00 a       660     0    42     1     4
 -6.5215154473379870E+00 a       661     0    42     1     5
  4.7067661589074801E+00 a       662     0    42     1     6
 -7.1071000809739431E+00 a       663     0    42     1     7
  4.5767107954801958E+00 a       664     0    42     1     8
 -3.3806633201906253E+00 a       665     0    42     1     9
  1.9061807556783702E+01 a       666     0    42     1    10
 -9.5952704695865680E+00 a       667     0    42     1    11
 -1.6808769819877632E+01 a       668     0    42     1    12
 -7.3837988206169411E+00 a       669     0    42     1    13
 -6.2547052172479054E+00 a       670     0    42     1    14
 -1.7072350454209499E+01 a       671     0    42     1    15
 -9.6512924463269396E+00 a       672     0    42     1    16
  4.0423689145743626E+00 a       673     0    43     1     1
 -3.8972599318376715E+00 a       674     0    43     1     2
  3.8660411546299316E+00 a       675     0    43     1     3
  8.3916324645614371E-01 a       676     0    43     1     4
  1.9477611288932983E-01 a       677     0    43     1     5
  1.9837102772849786E+00 a       678     0    43     1     6
  5.5490265435782193E-01 a       679     0    43     1     7
 -4.2528679594192447E+00 a       680     0    43     1     8
 -1.1374876632342287E-01 a       681     0    43     1     9
  7.7904350996427160E-02 a       682     0    43     1    10
 -8.6345184024880872E-01 a       683     0    43     1    11
 -1.8938632855784288E+00 a       684     0    43     1    12
  1.2020009065685107E+00 a       685     0    43     1    13
  1.0487843624332778E-01 a       686     0    43     1    14
  1.4803167732630755E+00 a       687     0    43     1    15
  2.5495008912557173E+00 a       688     0    43     1    16
  9.0509983665171898E+00 a       689     0    44     1     1
 -1.6644206953322809E+00 a       690     0    44     1     2
  1.4997415928319750E+01 a       691     0    44     1     3
  5.0834512059337031E+00 a       692     0    44     1     4
 -1.0011596001193348E+01 a       693     0    44     1     5
  1.2043793872858927E+01 a       694     0    44     1     6
 -5.7709813186324448E+00 a       695     0    44     1     7
 -1.6967536918950969E+01 a       696     0    44     1     8
  1.3361455916001940E+01 a       697     0    44     1     9
  6.6831009846835199E-01 a       698     0    44     1    10
  1.1679725989063217E+01 a       699     0    44     1    11
  2.3429869382323812E-01 a       700     0    44     1    12
 -5.4108915265477480E+00 a       701     0    44     1    13
  2.0949135441370199E+00 a       702     0    44     1    14
  1.0884507712877653E+01 a       703     0    44     1    15
  9.5832034249522930E+00 a       704     0    44     1    16
 -3.2748314374942153E+00 a       705     0    45     1     1
  1.4675953007408147E+00 a       706     0    45     1     2
  8.6845822375249053E+00 a       707     0    45     1     3
 -8.7363052105953454E-01 a       708     0    45     1     4
  3.9210221822670004E+00 a       709     0    45     1     5
  1.4775462212382864E+00 a       710     0    45     1     6
  6.0441393739526594E+00 a       711     0    45     1     7
 -4.6752168074633662E+00 a       712     0    45     1     8
 -2.7709372616944212E+00 a       713     0    45     1     9
 -3.0803253146795117E-02 a       714     0    45     1    10
 -3.2649192113685399E+00 a       715     0    45     1    11
 -3.5844428946716089E+00 a       716     0    45     1    12
  1.7277241573346538E+00 a       717     0    45     1    13
  2.3578120580807589E+00 a       718     0    45     1    14
  4.8302711726367002E+00 a       719     0    45     1    15
 -1.4377088950244268E-01 a       720     0    45     1    16
 -6.7753540723900860E+00 a       721     0    46     1     1
  4.8816375961296190E+00 a       722     0    46     1     2
 -1.3558629846435961E+00 a       723     0    46     1     3
  6.1444944258323497E+00 a       724     0    46     1     4
 -6.0686248263056912E+00 a       725     0    46     1     5
  7.0676847812801711E+00 a       726     0    46     1     6
  1.3294822123290235E+00 a       727     0    46     1     7
 -1.1230869763923172E+01 a       728     0    46     1     8
 -2.3688345725318651E+00 a       729     0    46     1     9
  5.6605935130720413E+00 a       730     0    46     1    10
  3.0179187380955619E+00 a       731     0    46     1    11
  4.1047200024435533E+00 a       732     0    46     1    12
  3.6998076314086487E-01 a       733     0    46     1    13
  3.7549714733672168E+00 a       734     0    46     1    14
  3.2203815511512084E+00 a       735     0    46     1    15
  4.3322392123783571E+00 a       736     0    46     1    16
  4.0075222316933559E+00 a       737     0    47     1     1
 -1.4418884099286535E+00 a       738     0    47     1     2
  2.3508070778596926E+00 a       739     0    47     1     3
 -3.4986282163266766E+00 a       740     0    47     1     4
  1.0538075117380307E+01 a       741     0    47     1     5
  1.9962903945625210E+00 a       742     0    47     1     6
 -7.5655416179567787E+00 a       743     0    47     1     7
  1.4980698052296837E+00 a       744     0    47     1     8
  7.7004675542641019E+00 a       745     0    47     1     9
  1.4342110104827245E+01 a       746     0    47     1    10
  3.6592413313545600E+00 a       747     0    47     1    11
  7.4050402928837178E+00 a       748     0    47     1    12
  9.6404809910880420E+00 a       749     0    47     1    13
  6.1897878119563189E-02 a       750     0    47     1    14
  1.8309196938004941E+00 a       751     0    47     1    15
 -2.9396606694987408E+00 a       752     0    47     1    16
  1.7498281804649218E+00 a       753     0    48     1     1
  3.7233464304924233E+00 a       754     0    48     1     2
  3.2585271188857545E+00 a       755     0    48     1     3
 -1.1212796858714430E+01 a       756     0    48     1     4
  5.8470318112922115E+00 a       757     0    48     1     5
 -1.5807977921029033E+00 a       758     0    48     1     6
  4.3049225332809327E+00 a       759     0    48     1     7
 -2.2136605418239426E+00 a       760     0    48     1     8
 -1.0202831389810141E+00 a       761     0    48     1     9
 -5.8179321372745836E+00 a       762     0    48     1    10
 -7.2272885479890698E+00 a       763     0    48     1    11
 -5.9998242903921808E+00 a       764     0    48     1    12
 -4.1620736369418374E+00 a       765     0    48     1    13
  5.2296993944553973E+00 a       766     0    48     1    14
  6.2760286955691420E+00 a       767     0    48     1    15
 -5.5826892795445531E+00 a       768     0    48     1    16
 -2.3652935298298567E+00 a       769     0    49     1     1
  2.4390546048303468E+00 a       770     0    49     1     2
  3.1418618365840776E+00 a       771     0    49     1     3
 -2.2950124915578049E-01 a       772     0    49     1     4
 -1.7651591286693225E+00 a       773     0    49     1     5
 -1.0477416835219204E+00 a       774     0    49     1     6
 -8.3416253634429338E-01 a       775     0    49     1     7
  3.0904119664804669E-01 a       776     0    49     1     8
  2.6929557246654192E+00 a       777     0    49     1     9
  1.1790199418490217E+00 a       778     0    49     1    10
 -4.9131097279978642E-01 a       779     0    49     1    11
 -5.1326194589361473E-01 a       780     0    49     1    12
 -1.0297660986060100E+00 a       781     0    49     1    13
 -2.0284788492277124E+00 a       782     0    49     1    14
 -7.0734046682475271E-01 a       783     0    49     1    15
 -2.0464712863820984E+00 a       784     0    49     1    16
 -3.9812810230614043E-01 a       785     0    50     1     1
  4.4703822291805534E-01 a       786     0    50     1     2
  2.8702467423066191E-01 a       787     0    50     1     3
  2.1187610060392600E-02 a       788     0    50     1     4
  5.8236992869364357E-01 a       789     0    50     1     5
 -7.4613725819214660E-01 a       790     0    50     1     6
 -4.7787504865400143E-01 a       791     0    50     1     7
  7.4795568632637810E-01 a       792     0    50     1     8
  9.9901060189073376E-01 a       793     0    50     1     9
  5.3586505832397835E-01 a       794     0    50     1    10
  3.1178174668749165E-01 a       795     0    50     1    11
  1.9946882982747161E-01 a       796     0    50     1    12
  4.5660659549564686E-01 a       797     0    50     1    13
 -6.5758361147642208E-01 a       798     0    50     1    14
 -1.6537300738035035E-01 a       799     0    50     1    15
 -6.1046514511208250E-01 a       800     0    50     1    16
  2.0903919232796073E+00 a       801     0    51     1     1
  9.0554956898898753E-01 a       802     0    51     1     2
  1.1768523417908676E+00 a       803     0    51     1     3
  2.9486058367794996E+00 a       804     0    51     1     4
 -5.9437536332216723E-01 a       805     0    51     1     5
 -5.5264104049959795E-01 a       806     0    51     1     6
 -2.7021802354048391E-01 a       807     0    51     1     7
  3.4453040694695469E-01 a       808     0    51     1     8
  1.1972868223828284E+00 a       809     0    51     1     9
 -6.6692053667832663E-01 a       810     0    51     1    10
  9.9999732747214443E-01 a       811     0    51     1    11
  5.0463997207220412E-01 a       812     0    51     1    12
 -1.0707804300397372E+00 a       813     0    51     1    13
 -8.2555743837453932E-01 a       814     0    51     1    14
  8.7401627871575183E-01 a       815     0    51     1    15
 -6.3992365451895972E-01 a       816     0    51     1    16
  2.4430598036770377E+00 a       817     0    52     1     1
 -2.5381853236321694E-01 a       818     0    52     1     2
 -1.8090570788424498E+00 a       819     0    52     1     3
  6.0843944419459692E+00 a       820     0    52     1     4
  1.3272125663091225E-01 a       821     0    52     1     5
  7.8459712042502183E-01 a       822     0    52     1     6
 -5.9677784861615901E-01 a       823     0    52     1     7
  3.9057521036606340E+00 a       824     0    52     1     8
  2.1753122115579222E+00 a       825     0    52     1     9
  1.7682718580372063E+00 a       826     0    52     1    10
  2.7534494104728431E+00 a       827     0    52     1    11
  3.1091577360951614E+00 a       828     0    52     1    12
  1.1129412513305599E+00 a       829     0    52     1    13
 -1.2468461536714852E+00 a       830     0    52     1    14
  4.7835665501745822E-01 a       831     0    52     1    15
 -1.8312722816257967E+00 a       832     0    52     1    16
  8.8758504904675366E+00 a       833     0    53     1     1
 -3.1663135210137519E+00 a       834     0    53     1     2
 -5.8994106907867261E+00 a       835     0    53     1     3
  1.7028976027691398E+00 a       836     0    53     1     4
  2.5687680719565162E+00 a       837     0    53     1     5
  5.0516924843470357E-01 a       838     0    53     1     6
  1.2204192701661296E+00 a       839     0    53     1     7
 -4.9161333043848341E+00 a       840     0    53     1     8
  2.5562136993494460E+00 a       841     0    53     1     9
 -1.0809090038655073E+01 a       842     0    53     1    10
  8.9617676113858007E+00 a       843     0    53     1    11
  1.0167258148390845E+01 a       844     0    53     1    12
  2.3928153043320237E+00 a       845     0    53     1    13
  4.1742844460820088E+00 a       846     0    53     1    14
  8.7903700077483560E+00 a       847     0    53     1    15
  8.8374337167589765E+00 a       848     0    53     1    16
 -2.9730978795742455E+00 a       849     0    54     1     1
  1.4137334053639465E+00 a       850     0    54     1     2
 -1.7955726323787904E+00 a       851     0    54     1     3
  1.0616547910891669E+00 a       852     0    54     1     4
 -3.9189862332539843E-01 a       853     0    54     1     5
 -2.8679180073028543E+00 a       854     0    54     1     6
  1.1954544252004871E+00 a       855     0    54     1     7
  1.1623897201462929E+00 a       856     0    54     1     8
  7.2698532894191337E-01 a       857     0    54     1     9
 -3.7634670492700222E+00 a       858     0    54     1    10
 -3.5247434552852339E+00 a       859     0    54     1    11
  2.4223224729616026E+00 a       860     0    54     1    12
  5.3878485078474558E-01 a       861     0    54     1    13
 -3.5491596174091637E+00 a       862     0    54     1    14
 -2.7126392105526032E+00 a       863     0    54     1    15
  2.0546459266189956E+00 a       864     0    54     1    16
 -5.9325685746334704E+00 a       865     0    55     1     1
  1.0903112847875827E+00 a       866     0    55     1     2
  1.5392511641159576E+01 a       867     0    55     1     3
  4.0422798480316446E+00 a       868     0    55     1     4
  4.9457942899927936E+00 a       869     0    55     1     5
 -4.1096106948896969E+00 a       870     0    55     1     6
  1.5006950894666760E-01 a       871     0    55     1     7
  2.4520993106815427E+00 a       872     0    55     1     8
  1.0333551099345677E+01 a       873     0    55     1     9
 -9.9123482139794064E+00 a       874     0    55     1    10
 -4.3960735405666131E+00 a       875     0    55     1    11
 -6.7709111735513821E+00 a       876     0    55     1    12
 -1.1789273293484437E+00 a       877     0    55     1    13
 -3.2657255784457697E+00 a       878     0    55     1    14
  6.2691445085593118E+00 a       879     0    55     1    15
  6.1384390551761383E+00 a       880     0    55     1    16
 -3.8141392405265586E+00 a       881     0    56     1     1
 -5.4151414941215990E+00 a       882     0    56     1     2
  3.2137444620655953E+00 a       883     0    56     1     3
 -1.2549300571979380E+00 a       884     0    56     1     4
 -9.7768402945740185E+00 a       885     0    56     1     5
  2.5802270184323444E+00 a       886     0    56     1     6
 -1.5118952632238107E+00 a       887     0    56     1     7
 -4.4104027660438110E+00 a       888     0    56     1     8
 -1.9811871867416184E+00 a       889     0    56     1     9
 -1.2920534304725367E+01 a       890     0    56     1    10
 -2.0280360840593734E+00 a       891     0    56     1    11
 -7.8577119955615329E+00 a       892     0    56     1    12
 -6.6910372029169380E+00 a       893     0    56     1    13
 -3.3243169811303219E+00 a       894     0    56     1    14
 -6.3358886812669057E+00 a       895     0    56     1    15
  1.3635936222953033E+01 a       896     0    56     1    16
  1.1177576442609813E+00 a       897     0    57     1     1
 -6.4529094336122199E+00 a       898     0    57     1     2
  4.9951995277522352E+00 a       899     0    57     1     3
  1.0064275669124276E+01 a       900     0    57     1     4
  3.8492693865419103E-01 a       901     0    57     1     5
  1.0626862700770139E+00 a       902     0    57     1     6
 -5.2672183725596087E+00 a       903     0    57     1     7
  3.6082605418828697E+00 a       904     0    57     1     8
 -2.7646380693889778E+00 a       905     0    57     1     9
 -7.1802664979276742E-01 a       906     0    57     1    10
  1.9932660573243761E+00 a       907     0    57     1    11
  9.0070429838245092E-01 a       908     0    57     1    12
 -5.7533794670772964E-01 a       909     0    57     1    13
  1.0220801720888502E+00 a       910     0    57     1    14
 -5.3488416570437263E+00 a       911     0    57     1    15
 -1.0341798411928460E+00 a       912     0    57     1    16
  4.4371265294515254E+00 a       913     0    58     1     1
  3.0041448884787094E+00 a       914     0    58     1     2
  5.0913601625347260E+00 a       915     0    58     1     3
  1.3894501410180193E+00 a       916     0    58     1     4
 -1.2091363905431349E+01 a       917     0    58     1     5
  2.7632311193394297E+00 a       918     0    58     1     6
 -2.4424888039558312E-01 a       919     0    58     1     7
 -4.5220104737827924E+00 a       920     0    58     1     8
  9.9244520671168268E-01 a       921     0    58     1     9
 -4.0549294401835470E+00 a       922     0    58     1    10
  7.9640725174662403E+00 a       923     0    58     1    11
  2.7916153299803135E+00 a       924     0    58     1    12
 -9.1241555510685934E+00 a       925     0    58     1    13
 -1.6235063563681411E+00 a       926     0    58     1    14
  5.6362362610337802E-01 a       927     0    58     1    15
  1.3026279581605271E+01 a       928     0    58     1    16
 -8.8795624464545018E+00 a       929     0    59     1     1
 -4.4954619765080448E+00 a       930     0    59     1     2
 -4.2211208248669632E+00 a       931     0    59     1     3
  1.1353629328654111E+00 a       932     0    59     1     4
 -9.1862401661070248E+00 a       933     0    59     1     5
 -6.7560530584953449E-01 a       934     0    59     1     6
 -2.0945963502748906E+00 a       935     0    59     1     7
 -3.5924230981175227E+00 a       936     0    59     1     8
 -7.7969960123673578E+00 a       937     0    59     1     9
 -2.1829385374869608E+00 a       938     0    59     1    10
  5.3230168181245308E-01 a       939     0    59     1    11
 -1.3209412273102452E+00 a       940     0    59     1    12
  3.2567379844820961E+00 a       941     0    59     1    13
 -5.8987265444442745E+00 a       942     0    59     1    14
 -1.1946636317997875E+01 a       943     0    59     1    15
  1.1248658488912911E+01 a       944     0    59     1    16
 -5.9047654320410725E+00 a       945     0    60     1     1
  6.1548840156117475E+00 a       946     0    60     1     2
 -3.4219503955568342E+00 a       947     0    60     1     3
 -6.8195197963373033E+00 a       948     0    60     1     4
 -1.5289542266873006E+00 a       949     0    60     1     5
 -3.4905102709401623E+00 a       950     0    60     1     6
  3.7487134530816175E+00 a       951     0    60     1     7
 -4.8816786351870928E-01 a       952     0    60     1     8
  3.0037330409035081E+00 a       953     0    60     1     9
 -1.9591085025250334E+00 a       954     0    60     1    10
 -7.7729607614386909E-01 a       955     0    60     1    11
  2.8441634358310752E+00 a       956     0    60     1    12
  1.0855122364460688E+00 a       957     0    60     1    13
 -8.2943577977459038E-01 a       958     0    60     1    14
  5.7790817432394928E+00 a       959     0    60     1    15
 -4.3644140814987764E-01 a       960     0    60     1    16
 -2.8875522593157097E+00 a       961     0    61     1     1
  2.0049708648545836E+00 a       962     0    61     1     2
 -2.6865555963707837E+00 a       963     0    61     1     3
 -4.5530484801587789E-01 a       964     0    61     1     4
 -3.2575876598549092E-01 a       965     0    61     1     5
 -1.0439763861083371E+00 a       966     0    61     1     6
 -5.4414162071973926E-01 a       967     0    61     1     7
  3.3921452734179232E+00 a       968     0    61     1     8
  1.8421490630350805E-02 a       969     0    61     1     9
  1.3337408603967879E-01 a       970     0    61     1    10
  1.5518732316029233E+00 a       971     0    61     1    11
  2.0377654750153043E+00 a       972     0    61     1    12
 -1.2056140395219976E+00 a       973     0    61     1    13
  1.0239196340218717E-01 a       974     0    61     1    14
 -1.0672079128271181E+00 a       975     0    61     1    15
 -1.5549932364190271E+00 a       976     0    61     1    16
 -3.5910713870224997E-01 a       977     0    62     1     1
 -2.8532194863231208E-01 a       978     0    62     1     2
 -8.8438171640018659E+00 a       979     0    62     1     3
 -2.1809460410499590E+00 a       980     0    62     1     4
  7.8816625693260560E+00 a       981     0    62     1     5
 -5.7031876043035057E+00 a       982     0    62     1     6
  3.8320930912353872E+00 a       983     0    62     1     7
  1.2861131612122117E+01 a       984     0    62     1     8
 -9.3966699933573068E+00 a       985     0    62     1     9
  3.0903385169944970E+00 a       986     0    62     1    10
 -2.1852569161310118E+00 a       987     0    62     1    11
 -7.4897572224634634E-01 a       988     0    62     1    12
  2.8833187702260243E+00 a       989     0    62     1    13
  1.7488106786556008E+00 a       990     0    62     1    14
 -5.4376769428096106E+00 a       991     0    62     1    15
 -8.9270209264138423E+00 a       992     0    62     1    16
  7.7101977635298438E+00 a       993     0    63     1     1
  6.8373931917470081E+00 a       994     0    63     1     2
 -5.1415136941845274E+00 a       995     0    63     1     3
  9.1159096447163055E+00 a       996     0    63     1     4
  1.9812464669673340E+00 a       997     0    63     1     5
 -9.6730262006385614E-01 a       998     0    63     1     6
  9.3781529019750067E+00 a       999     0    63     1     7
  1.3533567213724496E+00 a      1000     0    63     1     8
 -2.2647136237269945E+00 a      1001     0    63     1     9
 -4.9926832710448393E-01 a      1002     0    63     1    10
 -2.4256472240546498E-01 a      1003     0    63     1    11
  3.4782571680348990E+00 a      1004     0    63     1    12
 -3.5374462046808448E+00 a      1005     0    63     1    13
  6.4420114813607379E+00 a      1006     0    63     1    14
  9.4406526336240706E+00 a      1007     0    63     1    15
 -1.3454408701123347E+01 a      1008     0    63     1    16
  1.1974751728469675E+01 a      1009     0    64     1     1
 -6.1815211873054734E+00 a      1010     0    64     1     2
 -1.3469091237089206E+01 a      1011     0    64     1     3
 -1.0017801500858612E+01 a      1012     0    64     1     4
 -1.0475936281838740E+00 a      1013     0    64     1     5
  1.7255467339224462E+00 a      1014     0    64     1     6
 -4.8594903127724504E-01 a      1015     0    64     1     7
  3.2880898195982882E+00 a      1016     0    64     1     8
 -6.8325428778681285E+00 a      1017     0    64     1     9
  4.6283201901625670E+00 a      1018     0    64     1    10
  1.3496337159549741E+00 a      1019     0    64     1    11
  4.3512551625497817E+00 a      1020     0    64     1    12
  4.9025058844622654E-01 a      1021     0    64     1    13
  4.7824756925646161E-01 a      1022     0    64     1    14
 -8.0405737140849496E+00 a      1023     0    64     1    15
 -6.7839114052143472E+00 a      1024     0    64     1    16
  5.4891693326182411E-01 b      1025     1     1
  6.1695797045221756E-01 b      1026     1     2
 -2.0842802264796026E-01 b      1027     1     3
 -3.0890517265420625E-01 b      1028     1     4
 -3.3088204597320070E-01 b      1029     1     5
 -3.3149962523367571E-01 b      1030     1     6
 -2.2906885073790478E-01 b      1031     1     7
  4.4557486118423351E-01 b      1032     1     8
  5.8941599982237074E-02 b      1033     1     9
  1.5857870178978509E-01 b      1034     1    10
  4.9574532182929576E-01 b      1035     1    11
  2.1217232533237931E-01 b      1036     1    12
 -6.5074673354670667E-02 b      1037     1    13
  7.9574570638832040E-02 b      1038     1    14
 -3.1450148145367712E-01 b      1039     1    15
 -2.0875916822624332E-01 b      1040     1    16
 -1.2273801686147248E-02 a      1041     1     1     2     1
 -3.9973288856861333E-01 a      1042     1     1     2     2
  1.6511778582061626E-01 a      1043     1     1     2     3
 -6.5281932074161900E-02 a      1044     1     1     2     4
  2.5435757851051050E-01 a      1045     1     1     2     5
  5.9894829515411052E-01 a      1046     1     1     2     6
 -2.2760586245672676E-02 a      1047     1     1     2     7
 -2.0105213900286517E-01 a      1048     1     1     2     8
  2.7354655265255839E-01 a      1049     1     1     2     9
  5.1348719111136243E-01 a      1050     1     1     2    10
  4.5738611244355631E-01 a      1051     1     1     2    11
 -1.6756751487660942E-01 a      1052     1     1     2    12
 -4.7681091219498151E-01 a      1053     1     1     2    13
 -5.5871407674513363E-01 a      1054     1     1     2    14
 -2.4201530611125624E-01 a      1055     1     1     2    15
 -1.4943096737045272E-01 a      1056     1     1     2    16
  4.4442185677316037E-01 a      1057     1     2     2     1
 -3.6961605611838494E-01 a      1058     1     2     2     2
 -1.6540676893938633E-01 a      1059     1     2     2     3
  1.4770798491400267E-01 a      1060     1     2     2     4
  3.0802326720478712E-01 a      1061     1     2     2     5
  8.3125219732388733E-01 a      1062     1     2     2     6
  1.3559544656760256E-01 a      1063     1     2     2     7
 -4.9062666363496282E-01 a      1064     1     2     2     8
 -1.4191783431537026E+00 a      1065     1     2     2     9
  1.9220770195090045E-01 a      1066     1     2     2    10
 -3.4202324978581261E-01 a      1067     1     2     2    11
  7.2469955348971782E-01 a      1068     1     2     2    12
 -2.2168709575720249E+00 a      1069     1     2     2    13
 -5.2369041013081097E-01 a      1070     1     2     2    14
  1.8828973998704857E-01 a      1071     1     2     2    15
 -1.1484725440052496E-01 a      1072     1     2     2    16
 -1.0963202885806331E+00 a      1073     1     3     2     1
  3.3578638978749004E-01 a      1074     1     3     2     2
  8.8746242417522592E-01 a      1075     1     3     2     3
 -9.5146765468077688E-01 a      1076     1     3     2     4
  8.7358810602770209E-01 a      1077     1     3     2     5
 -3.8020638666465079E-01 a      1078     1     3     2     6
 -6.1452658435542686E-03 a      1079     1     3     2     7
  3.6185911478101929E-01 a      1080     1     3     2     8
  9.1046822524825444E-01 a      1081     1     3     2     9
  3.2189890477373466E+00 a      1082     1     3     2    10
 -3.8514977523748994E-01 a      1083     1     3     2    11
 -4.5052590462912556E-01 a      1084     1     3     2    12
  4.6638957264308661E-01 a      1085     1     3     2    13
  2.2911578114178477E-01 a      1086     1     3     2    14
  2.7887071533784991E-01 a      1087     1     3     2    15
 -8.1249751286374683E-02 a      1088     1     3     2    16
  6.9779416894195634E-01 a      1089     1     4     2     1
  1.7067205827307325E-01 a      1090     1     4     2     2
 -5.3365824405870906E-02 a      1091     1     4     2     3
  2.0296379390711450E-01 a      1092     1     4     2     4
 -9.9938466969539036E-02 a      1093     1     4     2     5
  4.5636706621814122E-01 a      1094     1     4     2     6
 -6.4555329875728915E-02 a      1095     1     4     2     7
  9.5063459584083521E-02 a      1096     1     4     2     8
 -6.1335774111210917E-01 a      1097     1     4     2     9
 -2.4470566834198233E+00 a      1098     1     4     2    10
 -1.0940705027738598E+00 a      1099     1     4     2    11
  4.5445665579084227E-01 a      1100     1     4     2    12
  3.6307016763068056E-01 a      1101     1     4     2    13
  4.1308460668342137E-02 a      1102     1     4     2    14
  1.3717665219325420E-01 a      1103     1     4     2    15
 -9.4149094788162135E-02 a      1104     1     4     2    16
  8.2422800057290177E-02 a      1105     1     5     2     1
  1.3412231715995176E-01 a      1106     1     5     2     2
  7.0749758894126691E-01 a      1107     1     5     2     3
  6.0694846273998238E-01 a      1108     1     5     2     4
  4.9916164257666268E-01 a      1109     1     5     2     5
  9.4464131359305226E-01 a      1110     1     5     2     6
 -2.4913956139885060E-01 a      1111     1     5     2     7
  8.1985063084070264E-01 a      1112     1     5     2     8
 -1.0534502066672065E+00 a      1113     1     5     2     9
  1.5882467555852846E+00 a      1114     1     5     2    10
 -9.0369654896389517E-01 a      1115     1     5     2    11
 -1.0748530201066520E+00 a      1116     1     5     2    12
 -1.4958258366107631E+00 a      1117     1     5     2    13
 -2.1349300041605562E-01 a      1118     1     5     2    14
 -5.8866511765954399E-01 a      1119     1     5     2    15
  4.6518296158019773E-01 a      1120     1     5     2    16
  6.3536395779329091E-01 a      1121     1     6     2     1
  6.6394612929256069E-01 a      1122     1     6     2     2
  2.9220950021391751E-01 a      1123     1     6     2     3
  7.9382257398008826E-01 a      1124     1     6     2     4
  1.8093763043138746E+00 a      1125     1     6     2     5
  6.4308467428855742E-01 a      1126     1     6     2     6
  1.0269004565255473E+00 a      1127     1     6     2     7
 -2.2275131660095058E+00 a      1128     1     6     2     8
  1.0600310650970945E+00 a      1129     1     6     2     9
  1.8156916650977675E+00 a      1130     1     6     2    10
 -1.3590626016693241E+00 a      1131     1     6     2    11
  4.7430746378242861E-01 a      1132     1     6     2    12
 -1.7408387937423186E+00 a      1133     1     6     2    13
  1.3764245087960025E+00 a      1134     1     6     2    14
 -3.8488133904640903E-01 a      1135     1     6     2    15
  2.8925828796999470E-01 a      1136     1     6     2    16
 -9.4868119032703735E-01 a      1137     1     7     2     1
  5.7163028587193965E-01 a      1138     1     7     2     2
  8.7466764579152603E-02 a      1139     1     7     2     3
 -4.6684674623528283E-01 a      1140     1     7     2     4
  7.5777271572371196E-01 a      1141     1     7     2     5
 -3.1891996892766938E-01 a      1142     1     7     2     6
  1.9933051034964643E-02 a      1143     1     7     2     7
  2.9490255760397360E-01 a      1144     1     7     2     8
 -5.7940501541601108E-01 a      1145     1     7     2     9
 -1.8437381209108581E+00 a      1146     1     7     2    10
 -5.4886066892239616E-01 a      1147     1     7     2    11
  1.2116776394425106E-01 a      1148     1     7     2    12
 -1.9030491487212760E+00 a      1149     1     7     2    13
  9.1971669576383530E-02 a      1150     1     7     2    14
  1.4233310311635479E+00 a      1151     1     7     2    15
  9.9385641267000813E-01 a      1152     1     7     2    16
  6.9754689515325186E-01 a      1153     1     8     2     1
  4.4580920992506951E-01 a      1154     1     8     2     2
 -1.5150645385506090E-01 a      1155     1     8     2     3
 -1.0013135513884383E-01 a      1156     1     8     2     4
  2.7863488990931912E-01 a      1157     1     8     2     5
  5.8967955618723833E-01 a      1158     1     8     2     6
  3.2961953366729757E-01 a      1159     1     8     2     7
 -9.2979741235436930E-01 a      1160     1     8     2     8
 -9.6975506038235515E-02 a      1161     1     8     2     9
 -1.0034943593803374E+00 a      1162     1     8     2    10
 -1.2681155284757262E+00 a      1163     1     8     2    11
  1.0810308666730408E+00 a      1164     1     8     2    12
 -5.5522542058999225E-01 a      1165     1     8     2    13
 -1.2555875371924503E-02 a      1166     1     8     2    14
 -4.7747341679284161E-01 a      1167     1     8     2    15
 -4.3198246531810197E-01 a      1168     1     8     2    16
  3.5831022271294938E-01 a      1169     1     9     2     1
 -8.6391393040527176E-01 a      1170     1     9     2     2
 -4.4122618725604190E-01 a      1171     1     9     2     3
 -8.0216359759945211E-01 a      1172     1     9     2     4
 -7.8725821532358561E-02 a      1173     1     9     2     5
  1.0687086766850258E+00 a      1174     1     9     2     6
 -2.6502245952672875E-02 a      1175     1     9     2     7
  3.5563548476723328E-02 a      1176     1     9     2     8
 -1.0465161258991011E+00 a      1177     1     9     2     9
  8.0096925191069657E-01 a      1178     1     9     2    10
  1.3326024368534958E-01 a      1179     1     9     2    11
 -9.1830665234275732E-01 a      1180     1     9     2    12
  5.5466933615241021E-01 a      1181     1     9     2    13
 -8.0974322677153132E-01 a      1182     1     9     2    14
  8.1309613057601857E-02 a      1183     1     9     2    15
  1.8425165021450204E-01 a      1184     1     9     2    16
 -1.8811041394416914E-01 a      1185     1    10     2     1
  1.7996745273002601E+00 a      1186     1    10     2     2
  4.7531996194134019E-01 a      1187     1    10     2     3
  1.2088889650926766E+00 a      1188     1    10     2     4
  3.7837515780147801E-01 a      1189     1    10     2     5
 -4.1517247050546030E-01 a      1190     1    10     2     6
  1.1131137662063643E-01 a      1191     1    10     2     7
 -1.9863328263480609E-01 a      1192     1    10     2     8
  2.1132067874237384E-01 a      1193     1    10     2     9
 -1.0574957188596017E+00 a      1194     1    10     2    10
 -5.2255802658333329E-02 a      1195     1    10     2    11
 -2.0647432619628061E+00 a      1196     1    10     2    12
  3.0467583877784488E-01 a      1197     1    10     2    13
 -7.6303563027246557E-01 a      1198     1    10     2    14
 -7.2980278888611538E-01 a      1199     1    10     2    15
 -3.2781774352141607E-01 a      1200     1    10     2    16
  1.5745622100188653E-02 a      1201     1    11     2     1
 -2.5546018820700817E-01 a      1202     1    11     2     2
 -1.3070977315271703E-01 a      1203     1    11     2     3
 -1.0824933567766282E+00 a      1204     1    11     2     4
  4.0908433472984042E-02 a      1205     1    11     2     5
 -3.4017217078404161E-01 a      1206     1    11     2     6
  1.0118801981328832E-01 a      1207     1    11     2     7
  1.7135764994083871E-01 a      1208     1    11     2     8
  1.4141333907825604E+00 a      1209     1    11     2     9
  1.6013525076870302E-01 a      1210     1    11     2    10
 -6.8760557674377365E-01 a      1211     1    11     2    11
 -6.5034523642234610E-01 a      1212     1    11     2    12
 -6.5755249392757520E-01 a      1213     1    11     2    13
  1.5212104915674474E-01 a      1214     1    11     2    14
  8.7921265551003346E-03 a      1215     1    11     2    15
  5.3571676667563006E-01 a      1216     1    11     2    16
 -1.6600641431461316E+00 a      1217     1    12     2     1
  1.3939039268004318E+00 a      1218     1    12     2     2
  7.0281277438008605E-01 a      1219     1    12     2     3
  1.7982476113833565E+00 a      1220     1    12     2     4
  7.6561487384473670E-01 a      1221     1    12     2     5
  6.3388541978124813E-01 a      1222     1    12     2     6
 -5.0942149026551808E-02 a      1223     1    12     2     7
 -3.8007415068148642E-02 a      1224     1    12     2     8
  1.5086844092203620E+00 a      1225     1    12     2     9
  1.5390008984459982E-01 a      1226     1    12     2    10
  1.2701538467101825E+00 a      1227     1    12     2    11
 -7.1605743765833549E-02 a      1228     1    12     2    12
 -7.0067313408060036E-02 a      1229     1    12     2    13
  9.5596591681849030E-01 a      1230     1    12     2    14
  5.0984741287663016E-01 a      1231     1    12     2    15
 -7.3530931818136691E-01 a      1232     1    12     2    16
  1.1698956657557216E+00 a      1233     1    13     2     1
 -1.8462328229050360E+00 a      1234     1    13     2     2
 -1.2339381079299181E+00 a      1235     1    13     2     3
 -1.2070385796527379E+00 a      1236     1    13     2     4
 -3.8198861433745013E-01 a      1237     1    13     2     5
 -1.3192796466331325E+00 a      1238     1    13     2     6
  6.0438758878365129E-01 a      1239     1    13     2     7
 -1.2059706555609790E+00 a      1240     1    13     2     8
 -3.0016234086432941E-01 a      1241     1    13     2     9
  9.7556916064158405E-01 a      1242     1    13     2    10
  1.2715940632174738E+00 a      1243     1    13     2    11
  2.2103242190296474E-01 a      1244     1    13     2    12
 -9.6219194437230737E-01 a      1245     1    13     2    13
  1.4721797541865047E+00 a      1246     1    13     2    14
  1.4444568485481821E+00 a      1247     1    13     2    15
  2.7900044460771597E-02 a      1248     1    13     2    16
 -1.8844734248736372E-01 a      1249     1    14     2     1
  8.9372905612525211E-01 a      1250     1    14     2     2
 -1.0305721214114036E+00 a      1251     1    14     2     3
  1.7994247463158073E+00 a      1252     1    14     2     4
 -1.2142215004122858E+00 a      1253     1    14     2     5
 -5.2768499678537173E-01 a      1254     1    14     2     6
 -6.2963510461296301E-01 a      1255     1    14     2     7
 -6.5666975621885060E-01 a      1256     1    14     2     8
 -1.1887841725935666E-03 a      1257     1    14     2     9
  3.9620737606381920E-02 a      1258     1    14     2    10
  9.0580665771870694E-01 a      1259     1    14     2    11
  7.3733760945858096E-01 a      1260     1    14     2    12
 -1.4601607268895395E-01 a      1261     1    14     2    13
 -2.4409901675359280E-01 a      1262     1    14     2    14
 -5.2588540397479899E-01 a      1263     1    14     2    15
 -2.2345744077384523E-02 a      1264     1    14     2    16
  1.1872903821600893E+00 a      1265     1    15     2     1
 -1.5516372512776107E+00 a      1266     1    15     2     2
  5.2667520698469272E-01 a      1267     1    15     2     3
  1.4942925201776011E-01 a      1268     1    15     2     4
 -1.8754895249965270E-01 a      1269     1    15     2     5
 -1.0820616846223678E+00 a      1270     1    15     2     6
  8.8819772976496805E-02 a      1271     1    15     2     7
 -2.0477593878841080E-01 a      1272     1    15     2     8
  3.7560882420027597E-01 a      1273     1    15     2     9
  1.1301290603682634E-01 a      1274     1    15     2    10
  1.0413389156117481E+00 a      1275     1    15     2    11
  6.9176991282165401E-01 a      1276     1    15     2    12
 -4.1194616586285254E-01 a      1277     1    15     2    13
  2.7059810232575543E-01 a      1278     1    15     2    14
 -1.2733333433992318E+00 a      1279     1    15     2    15
 -4.4309006592330685E-01 a      1280     1    15     2    16
 -3.5573452200269675E-03 a      1281     1    16     2     1
 -1.8459569482245466E-01 a      1282     1    16     2     2
 -1.2587963270957758E-01 a      1283     1    16     2     3
  7.2417697023659500E-01 a      1284     1    16     2     4
 -4.0965611854151240E-01 a      1285     1    16     2     5
  1.0015638427607712E-01 a      1286     1    16     2     6
 -4.3476663854863534E-01 a      1287     1    16     2     7
  5.5976921422038972E-01 a      1288     1    16     2     8
 -2.7978407688526746E-01 a      1289     1    16     2     9
  4.2487899665932949E-01 a      1290     1    16     2    10
 -3.5955364292402214E-01 a      1291     1    16     2    11
 -7.0983825859199445E-01 a      1292     1    16     2    12
  9.4149635910398677E-01 a      1293     1    16     2    13
 -3.7168707885663815E-01 a      1294     1    16     2    14
  2.2739547536800994E-01 a      1295     1    16     2    15
  2.1523703704893683E-02 a      1296     1    16     2    16
  4.6852441911838122E-01 b      1297     2     1
 -1.6474305623103234E+00 b      1298     2     2
  1.3067268776987975E+00 b      1299     2     3
 -1.0880347424459234E+00 b      1300     2     4
  1.1209396981942530E+00 b      1301     2     5
  9.1967132394860585E-01 b      1302     2     6
  9.2946341738819299E-02 b      1303     2     7
  2.7748637865707408E+00 b      1304     2     8
 -5.9966321918246118E-03 b      1305     2     9
 -2.9353751607887207E-01 b      1306     2    10
 -8.7631957753764300E-01 b      1307     2    11
 -2.6384884805663780E+00 b      1308     2    12
  7.8846663093080871E-01 b      1309     2    13
 -1.4512140926687864E-01 b      1310     2    14
  9.0304885732291196E-01 b      1311     2    15
  4.5624014266699736E-01 b      1312     2    16
  7.1646161734089484E-02 a      1313     2     1     3     1
  5.7517893769448256E-02 a      1314     2     2     3     1
 -4.5926417380877793E-01 a      1315     2     3     3     1
 -5.4413580975585733E-02 a      1316     2     4     3     1
  4.8696709158398782E-01 a      1317     2     5     3     1
 -1.1409246247683015E-01 a      1318     2     6     3     1
 -8.4492104596957074E-01 a      1319     2     7     3     1
  7.9119649256575664E-02 a      1320     2     8     3     1
 -2.4854123049060695E-02 a      1321     2     9     3     1
 -5.1324301512873536E-03 a      1322     2    10     3     1
  6.3691878287927300E-02 a      1323     2    11     3     1
  5.5964672220657666E-02 a      1324     2    12     3     1
 -3.1736684330156362E-01 a      1325     2    13     3     1
  7.5030284968475636E-02 a      1326     2    14     3     1
 -9.4676258388207132E-02 a      1327     2    15     3     1
 -2.9827954904141574E-01 a      1328     2    16     3     1
  2.5331106033353679E-01 b      1329     3     1
