################################################################################
# Neural network connection values (weights and biases).
################################################################################
# Col  Name       Description
################################################################################
# 1    connection Neural network connection value.
# 2    t          Connection type (a = weight, b = bias).
# 3    index      Index enumerating weights.
# 4    l_s        Starting point layer (end point layer for biases).
# 5    n_s        Starting point neuron in starting layer (end point neuron for biases).
# 6    l_e        End point layer.
# 7    n_e        End point neuron in end layer.
################################################################################
#                      1 2         3     4     5     6     7
#             connection t     index   l_s   n_s   l_e   n_e
############################################################
 -1.2913152253381966E+01 a         1     0     1     1     1
 -5.8238769426459331E+00 a         2     0     1     1     2
 -1.1198466556299884E+01 a         3     0     1     1     3
  1.7079827795863252E+00 a         4     0     1     1     4
 -7.8565284949193508E+00 a         5     0     1     1     5
 -1.1311098236824979E+01 a         6     0     1     1     6
 -3.9627967785223599E+00 a         7     0     1     1     7
  9.8967906590465162E+00 a         8     0     1     1     8
  8.5265132727910693E+00 a         9     0     1     1     9
 -7.7838596875397039E+00 a        10     0     1     1    10
  4.4177991148626354E+00 a        11     0     1     1    11
  3.0964784498454954E+00 a        12     0     1     1    12
 -6.6056248269644753E+00 a        13     0     1     1    13
 -3.2246041358300186E+00 a        14     0     1     1    14
  3.3199978462833086E+00 a        15     0     1     1    15
  1.0839586105720688E+01 a        16     0     1     1    16
 -1.2727773369958859E+00 a        17     0     2     1     1
  6.2151608413023469E+00 a        18     0     2     1     2
 -8.2809842735951591E+00 a        19     0     2     1     3
  7.9392955292689047E+00 a        20     0     2     1     4
 -6.0508690513637242E-01 a        21     0     2     1     5
  5.2318631264806936E-01 a        22     0     2     1     6
 -1.1250815591319716E+00 a        23     0     2     1     7
  3.9099320943259332E+00 a        24     0     2     1     8
  7.1100125204756166E+00 a        25     0     2     1     9
  8.5237395268748273E+00 a        26     0     2     1    10
 -4.0731616491540263E+00 a        27     0     2     1    11
  1.0751484029371619E+00 a        28     0     2     1    12
 -9.1854751399949452E-01 a        29     0     2     1    13
 -5.5136922164494244E+00 a        30     0     2     1    14
  8.1838261770202809E+00 a        31     0     2     1    15
 -1.8483144522292179E+00 a        32     0     2     1    16
  8.1860906284932677E-01 a        33     0     3     1     1
 -1.8938919065043974E-01 a        34     0     3     1     2
 -6.8519837777358605E-01 a        35     0     3     1     3
  4.7334942642854028E-01 a        36     0     3     1     4
 -4.1168338163881639E+00 a        37     0     3     1     5
  4.1008103536766747E+00 a        38     0     3     1     6
  3.5981118701087589E-01 a        39     0     3     1     7
  3.5594306437374081E+00 a        40     0     3     1     8
 -1.4737824345086573E-01 a        41     0     3     1     9
  1.7358102366723609E+00 a        42     0     3     1    10
 -2.7855666516432289E+00 a        43     0     3     1    11
 -3.3119554439158705E+00 a        44     0     3     1    12
  2.8269359902461799E+00 a        45     0     3     1    13
 -7.4251116102181758E-01 a        46     0     3     1    14
 -2.1457409424758582E+00 a        47     0     3     1    15
 -1.4761161851132276E-01 a        48     0     3     1    16
  1.2701068058173941E+01 a        49     0     4     1     1
  5.5378609734501021E+00 a        50     0     4     1     2
  8.2952033198725204E+00 a        51     0     4     1     3
 -1.2955435494874759E+00 a        52     0     4     1     4
  9.2633456324763497E+00 a        53     0     4     1     5
  9.4982234813582203E+00 a        54     0     4     1     6
  4.1251775070983578E+00 a        55     0     4     1     7
 -1.2149714420753117E+01 a        56     0     4     1     8
 -9.0195988551948219E+00 a        57     0     4     1     9
  8.3158907529740489E+00 a        58     0     4     1    10
 -4.3653626790596389E+00 a        59     0     4     1    11
 -2.4393558580734962E+00 a        60     0     4     1    12
  2.8637486544396351E+00 a        61     0     4     1    13
  1.2767388970426525E+00 a        62     0     4     1    14
 -4.6121141480243288E+00 a        63     0     4     1    15
 -9.2344373208442097E+00 a        64     0     4     1    16
 -3.5002697720645731E-01 a        65     0     5     1     1
 -5.3555650544915823E+00 a        66     0     5     1     2
  9.4867736265782252E+00 a        67     0     5     1     3
 -1.3136869367256047E+01 a        68     0     5     1     4
  4.3279076743652025E+00 a        69     0     5     1     5
  4.7780761234539666E+00 a        70     0     5     1     6
  1.8780435993623970E+00 a        71     0     5     1     7
 -3.7665536046676422E+00 a        72     0     5     1     8
 -1.1454506313710530E+01 a        73     0     5     1     9
 -8.1052224712277265E+00 a        74     0     5     1    10
  4.7222812950577531E+00 a        75     0     5     1    11
  2.6269207049336701E-01 a        76     0     5     1    12
  4.7527164347714264E+00 a        77     0     5     1    13
  1.0015800439312557E+01 a        78     0     5     1    14
 -1.4397138637117793E+01 a        79     0     5     1    15
 -1.4167262425218156E-02 a        80     0     5     1    16
 -2.1412749002052123E+00 a        81     0     6     1     1
 -1.2836172134145090E+00 a        82     0     6     1     2
 -6.9079771645207799E-01 a        83     0     6     1     3
 -8.1586816533066386E-01 a        84     0     6     1     4
 -2.6595817016063257E+00 a        85     0     6     1     5
 -1.7184683170615425E+00 a        86     0     6     1     6
 -5.9060847228527780E-01 a        87     0     6     1     7
  3.8138359199850105E+00 a        88     0     6     1     8
  1.8633819031264138E+00 a        89     0     6     1     9
 -9.0827320444834814E-01 a        90     0     6     1    10
  1.4110213166559553E+00 a        91     0     6     1    11
  4.7223800647707859E-01 a        92     0     6     1    12
  1.6075763841360833E+00 a        93     0     6     1    13
 -3.9627019271954872E-01 a        94     0     6     1    14
  6.4250142179254788E-01 a        95     0     6     1    15
  2.4298195165710705E+00 a        96     0     6     1    16
 -1.2850010045002889E+00 a        97     0     7     1     1
  2.7011649943416218E+00 a        98     0     7     1     2
  1.4304809169531825E+00 a        99     0     7     1     3
  1.1873767003157386E-01 a       100     0     7     1     4
  1.4311552083981860E+00 a       101     0     7     1     5
  2.3494991279147781E-01 a       102     0     7     1     6
 -1.3515425292383221E+00 a       103     0     7     1     7
 -2.9193753157992086E+00 a       104     0     7     1     8
  1.7213714177880517E-02 a       105     0     7     1     9
  1.6619911274179744E+00 a       106     0     7     1    10
 -2.6861762248622885E+00 a       107     0     7     1    11
  3.1694602797300642E-01 a       108     0     7     1    12
  3.6399065685029558E-01 a       109     0     7     1    13
 -2.2809421991544347E+00 a       110     0     7     1    14
  2.4608328348840320E+00 a       111     0     7     1    15
 -8.1678389978608756E-01 a       112     0     7     1    16
 -3.3997712181412076E+00 a       113     0     8     1     1
  1.3688799979053636E+00 a       114     0     8     1     2
 -2.7662282569103533E+00 a       115     0     8     1     3
  6.4586371953471069E+00 a       116     0     8     1     4
 -3.7091782309368058E+00 a       117     0     8     1     5
 -3.3586390084937991E+00 a       118     0     8     1     6
 -8.6462426188232577E-01 a       119     0     8     1     7
  3.4720049973587179E+00 a       120     0     8     1     8
  6.8233905669892696E+00 a       121     0     8     1     9
  5.5366700555737376E+00 a       122     0     8     1    10
 -1.8969523305288410E-04 a       123     0     8     1    11
  2.0965355981278391E+00 a       124     0     8     1    12
 -6.4188963020364243E-01 a       125     0     8     1    13
 -1.4588602916612455E+01 a       126     0     8     1    14
  9.4212513519800449E+00 a       127     0     8     1    15
 -3.0374825715119878E+00 a       128     0     8     1    16
  7.2423720573855368E+00 a       129     0     9     1     1
 -6.3911258100942616E+00 a       130     0     9     1     2
  1.4256102097524199E+01 a       131     0     9     1     3
  5.8019748174006249E+00 a       132     0     9     1     4
  5.4117458243953456E+00 a       133     0     9     1     5
  6.6427842106912338E-01 a       134     0     9     1     6
 -5.6462167837899662E+00 a       135     0     9     1     7
 -2.3219046772373261E+01 a       136     0     9     1     8
  9.9310563225129087E+00 a       137     0     9     1     9
 -6.0371617681531795E+00 a       138     0     9     1    10
 -9.7382708531056235E+00 a       139     0     9     1    11
 -2.4933665414528217E+00 a       140     0     9     1    12
 -1.4130174548616414E+00 a       141     0     9     1    13
 -1.7331779455629053E+00 a       142     0     9     1    14
  8.3288632806906495E+00 a       143     0     9     1    15
 -1.8937322526415112E+01 a       144     0     9     1    16
  2.6067562301431909E+01 a       145     0    10     1     1
  8.3634791513052811E+00 a       146     0    10     1     2
  1.1600216246272897E+01 a       147     0    10     1     3
  6.0042654432361349E-02 a       148     0    10     1     4
 -1.0993687960723808E+01 a       149     0    10     1     5
 -4.2900423978449595E+01 a       150     0    10     1     6
  2.5854617614916124E+00 a       151     0    10     1     7
  2.6464629149916190E+00 a       152     0    10     1     8
  1.1523826247191208E+01 a       153     0    10     1     9
 -2.6707972522201612E+01 a       154     0    10     1    10
 -1.0641754543092021E+00 a       155     0    10     1    11
 -3.5679485736587978E+01 a       156     0    10     1    12
 -2.4723594716979218E+01 a       157     0    10     1    13
 -6.9380843367165115E+00 a       158     0    10     1    14
  2.9003947243069761E+00 a       159     0    10     1    15
  5.2616802052262202E+00 a       160     0    10     1    16
  1.5514194994169785E+01 a       161     0    11     1     1
 -4.9356167205753758E+00 a       162     0    11     1     2
  2.4199608938749413E+00 a       163     0    11     1     3
  3.0017596194340495E+01 a       164     0    11     1     4
 -4.4962065767028268E+00 a       165     0    11     1     5
  6.4279848132785879E+00 a       166     0    11     1     6
  2.4937157274487021E+01 a       167     0    11     1     7
  1.4475570691494315E+00 a       168     0    11     1     8
 -7.0821415798333218E+00 a       169     0    11     1     9
 -1.6693363037541538E+01 a       170     0    11     1    10
  7.6484604385705461E+00 a       171     0    11     1    11
  2.2628389887285074E+00 a       172     0    11     1    12
 -1.5269748063626420E+01 a       173     0    11     1    13
 -1.3380124207499257E+01 a       174     0    11     1    14
 -1.3969136049298559E+01 a       175     0    11     1    15
  5.0723720417844884E+00 a       176     0    11     1    16
  2.6197282690445096E+00 a       177     0    12     1     1
  4.2956841968465596E+01 a       178     0    12     1     2
 -4.5758989799966770E+01 a       179     0    12     1     3
 -9.0595850538652183E+00 a       180     0    12     1     4
 -3.0670475104226487E+01 a       181     0    12     1     5
  6.6428019685544569E+01 a       182     0    12     1     6
  1.9245746855581945E+01 a       183     0    12     1     7
  3.0446021480499891E+01 a       184     0    12     1     8
  9.3156809691369578E+00 a       185     0    12     1     9
  4.6829006620688439E+01 a       186     0    12     1    10
 -1.0981609325193885E+01 a       187     0    12     1    11
  2.9106737165351753E+01 a       188     0    12     1    12
 -3.8045783656221033E+01 a       189     0    12     1    13
 -1.8919466513678049E+01 a       190     0    12     1    14
  9.4184804429673861E+01 a       191     0    12     1    15
 -6.2842919671576674E+00 a       192     0    12     1    16
 -7.5322850903107632E+00 a       193     0    13     1     1
 -6.7401088657674357E+00 a       194     0    13     1     2
 -3.2427344422784188E+01 a       195     0    13     1     3
 -2.0952545841219612E+00 a       196     0    13     1     4
  1.1576969588753302E+01 a       197     0    13     1     5
  9.3957911414430821E+00 a       198     0    13     1     6
  3.7826215346049949E+01 a       199     0    13     1     7
  2.6535566512090444E+01 a       200     0    13     1     8
 -1.4164708555118773E+01 a       201     0    13     1     9
 -6.4623264443760731E-01 a       202     0    13     1    10
  6.4551049486406802E+00 a       203     0    13     1    11
  2.9770462246804602E+01 a       204     0    13     1    12
  9.3114426138602813E+00 a       205     0    13     1    13
  1.8706064991963782E+01 a       206     0    13     1    14
  6.6635668698022021E-01 a       207     0    13     1    15
 -7.8768038844596200E+00 a       208     0    13     1    16
  2.0971806093091874E+00 a       209     0    14     1     1
  4.5093616069374871E+00 a       210     0    14     1     2
 -4.5354429923848238E+00 a       211     0    14     1     3
  7.0813039144530352E+00 a       212     0    14     1     4
 -5.9318232319881901E+00 a       213     0    14     1     5
 -2.2148979063251076E+01 a       214     0    14     1     6
  2.5522744017753598E+00 a       215     0    14     1     7
  1.0455371948039371E+01 a       216     0    14     1     8
  9.5172731954977152E+00 a       217     0    14     1     9
  1.4919871478765712E+00 a       218     0    14     1    10
  7.2873753035440956E+00 a       219     0    14     1    11
 -5.8580075100982034E+00 a       220     0    14     1    12
  2.1542977261215657E+00 a       221     0    14     1    13
 -6.0686007226541661E-01 a       222     0    14     1    14
 -5.2721108893145017E+00 a       223     0    14     1    15
  5.9405678152735664E-01 a       224     0    14     1    16
 -1.0058800580522376E+00 a       225     0    15     1     1
  1.1603152302619328E+01 a       226     0    15     1     2
  3.1215704965831130E+00 a       227     0    15     1     3
  2.0754839388355348E+00 a       228     0    15     1     4
  5.8142619745649327E+01 a       229     0    15     1     5
 -1.8444089861175556E+01 a       230     0    15     1     6
 -1.7058768279307760E+01 a       231     0    15     1     7
  1.6656662760780183E+01 a       232     0    15     1     8
  1.7681996179604894E+01 a       233     0    15     1     9
 -2.7128592828673035E+01 a       234     0    15     1    10
 -1.3268551137371468E+01 a       235     0    15     1    11
  8.7939019824879008E+00 a       236     0    15     1    12
  5.1713584075619528E+00 a       237     0    15     1    13
  6.0660253828801247E+00 a       238     0    15     1    14
  3.8991326896447781E+01 a       239     0    15     1    15
 -1.6976496043482143E+00 a       240     0    15     1    16
  2.5597354666070751E+00 a       241     0    16     1     1
 -4.5334971635501536E-01 a       242     0    16     1     2
 -4.9252247345592339E+00 a       243     0    16     1     3
  9.7429814921932367E-02 a       244     0    16     1     4
  4.0329768918636493E+00 a       245     0    16     1     5
  1.2745157445205646E+00 a       246     0    16     1     6
  3.5323356336032634E+00 a       247     0    16     1     7
  2.5307832628842912E+00 a       248     0    16     1     8
 -4.4223370457738542E-01 a       249     0    16     1     9
  1.8964575902063501E+00 a       250     0    16     1    10
  2.1805476191894546E-01 a       251     0    16     1    11
  3.0905941378895445E+00 a       252     0    16     1    12
  3.6718951747637796E+00 a       253     0    16     1    13
 -1.5983203870257525E+00 a       254     0    16     1    14
 -1.8906149024198748E+00 a       255     0    16     1    15
  1.7260455078459574E-01 a       256     0    16     1    16
  1.2600423001794074E+00 a       257     0    17     1     1
  2.4212079470109806E+00 a       258     0    17     1     2
 -2.9184761664674292E+00 a       259     0    17     1     3
  7.0522604301487324E-02 a       260     0    17     1     4
  2.5478410005945604E+00 a       261     0    17     1     5
 -5.6878377720524513E+00 a       262     0    17     1     6
  3.1879610021090521E+00 a       263     0    17     1     7
  5.1930665079003830E+00 a       264     0    17     1     8
  2.2539775143503933E+00 a       265     0    17     1     9
  1.0647611272024724E+00 a       266     0    17     1    10
 -2.1179306260707811E-02 a       267     0    17     1    11
 -3.7074906886318173E+00 a       268     0    17     1    12
  1.4784819897623549E+00 a       269     0    17     1    13
 -1.7178862356286895E+00 a       270     0    17     1    14
 -5.4894680349008702E+00 a       271     0    17     1    15
  2.4389583982327553E-01 a       272     0    17     1    16
  2.7390838078261197E+00 a       273     0    18     1     1
  5.2013571277302919E+00 a       274     0    18     1     2
  3.9100457188056914E-01 a       275     0    18     1     3
 -9.9794243680492306E-02 a       276     0    18     1     4
  1.5271262170974151E+00 a       277     0    18     1     5
 -2.3468904198122074E+00 a       278     0    18     1     6
  1.6025379125325176E+00 a       279     0    18     1     7
  6.4000031302986296E+00 a       280     0    18     1     8
  2.8215929754827305E+00 a       281     0    18     1     9
  5.2974709475170656E-01 a       282     0    18     1    10
 -6.2879231108175384E+00 a       283     0    18     1    11
 -1.3665983987621364E+00 a       284     0    18     1    12
 -1.3755134038835837E+00 a       285     0    18     1    13
 -4.3988642428956032E-02 a       286     0    18     1    14
  5.2638614366280718E+00 a       287     0    18     1    15
  1.3265592272125730E+00 a       288     0    18     1    16
 -9.8574597972760749E+00 a       289     0    19     1     1
  2.9244746440214509E+01 a       290     0    19     1     2
 -1.9394010423262415E+01 a       291     0    19     1     3
 -1.8247901944713298E+01 a       292     0    19     1     4
 -9.7242052627843900E-01 a       293     0    19     1     5
  2.2622245163416473E+01 a       294     0    19     1     6
  1.8074554850691083E+01 a       295     0    19     1     7
  4.6232335436332164E+01 a       296     0    19     1     8
 -3.2728495222483353E+01 a       297     0    19     1     9
  1.8138116470048914E+01 a       298     0    19     1    10
  9.3347694037012499E+00 a       299     0    19     1    11
 -3.5297063943720242E-01 a       300     0    19     1    12
  6.7095105983164673E+00 a       301     0    19     1    13
  2.4564987297183896E+00 a       302     0    19     1    14
 -1.6417704904590320E+01 a       303     0    19     1    15
  1.9494531813323444E+01 a       304     0    19     1    16
 -5.2270284396931352E+01 a       305     0    20     1     1
 -3.7866300272794561E+01 a       306     0    20     1     2
 -9.8528862431109854E+00 a       307     0    20     1     3
 -1.4915962260374238E+01 a       308     0    20     1     4
  4.5251200403298107E+01 a       309     0    20     1     5
  1.1440838834529603E+02 a       310     0    20     1     6
 -1.4433035486092344E+01 a       311     0    20     1     7
 -2.5914820976225656E+01 a       312     0    20     1     8
 -4.3574671023835968E+01 a       313     0    20     1     9
  4.2765376589090124E+01 a       314     0    20     1    10
 -9.3517179559741628E+00 a       315     0    20     1    11
  8.0212818084307685E+01 a       316     0    20     1    12
  5.7822363260587338E+01 a       317     0    20     1    13
  1.5448293561265325E+01 a       318     0    20     1    14
 -2.0390435492246262E+01 a       319     0    20     1    15
 -1.7828011207714432E+01 a       320     0    20     1    16
 -3.7784271663804240E+01 a       321     0    21     1     1
 -6.4236857980746676E+00 a       322     0    21     1     2
 -1.3914559676940993E+01 a       323     0    21     1     3
 -7.1386106870127918E+01 a       324     0    21     1     4
  4.4157848704050039E+01 a       325     0    21     1     5
 -1.2444539917477433E+01 a       326     0    21     1     6
 -5.7492013149256131E+01 a       327     0    21     1     7
 -8.2675113006425498E+00 a       328     0    21     1     8
  3.4326617477084560E+00 a       329     0    21     1     9
  2.7929106466094076E+01 a       330     0    21     1    10
 -1.1555992205894974E+01 a       331     0    21     1    11
  1.6755474267899604E+01 a       332     0    21     1    12
  1.8309683011133032E+01 a       333     0    21     1    13
  4.3693607580656838E+01 a       334     0    21     1    14
  3.9359606223803837E+01 a       335     0    21     1    15
 -1.2657892654698859E+01 a       336     0    21     1    16
  4.1679776930502239E+00 a       337     0    22     1     1
 -7.8033165716702619E+00 a       338     0    22     1     2
  2.3490848065158222E+01 a       339     0    22     1     3
  7.6035365252137126E+00 a       340     0    22     1     4
 -4.0914687513921857E+00 a       341     0    22     1     5
 -1.2154028131345372E+01 a       342     0    22     1     6
 -2.2156943194495113E+01 a       343     0    22     1     7
 -2.8733202357935397E+01 a       344     0    22     1     8
  1.8824472647984749E+01 a       345     0    22     1     9
 -9.2967208702294624E+00 a       346     0    22     1    10
 -7.4425785425316695E+00 a       347     0    22     1    11
 -1.4097857414876938E+01 a       348     0    22     1    12
 -9.8515325923509351E+00 a       349     0    22     1    13
 -5.1173344357393606E+00 a       350     0    22     1    14
  8.7982929984643850E+00 a       351     0    22     1    15
 -3.9798478554409704E+00 a       352     0    22     1    16
  1.9044141114945209E+01 a       353     0    23     1     1
 -3.4835302586285110E+01 a       354     0    23     1     2
  5.7027545989359204E+01 a       355     0    23     1     3
  1.4514880841924139E+01 a       356     0    23     1     4
  1.8892022905575015E+01 a       357     0    23     1     5
 -1.0477095173266811E+02 a       358     0    23     1     6
 -2.0003650937491535E+01 a       359     0    23     1     7
 -3.2539128147161904E+01 a       360     0    23     1     8
  3.0698719632770799E+00 a       361     0    23     1     9
 -7.0556450606471145E+01 a       362     0    23     1    10
  7.6246127326495712E+00 a       363     0    23     1    11
 -6.2892059623781002E+01 a       364     0    23     1    12
  1.2147151956244711E+01 a       365     0    23     1    13
  1.6097769977954961E+01 a       366     0    23     1    14
 -8.7013898969523211E+01 a       367     0    23     1    15
  1.7143076590326224E+01 a       368     0    23     1    16
  1.4920193967317458E+01 a       369     0    24     1     1
 -6.9740597953211809E+00 a       370     0    24     1     2
  3.5112499246437143E+00 a       371     0    24     1     3
  2.9268679609412075E+01 a       372     0    24     1     4
 -3.2676480466010474E+01 a       373     0    24     1     5
  1.3862781157560478E+01 a       374     0    24     1     6
  2.5332488598988352E+01 a       375     0    24     1     7
 -8.7577450508151475E+00 a       376     0    24     1     8
 -9.6233095440410388E+00 a       377     0    24     1     9
 -3.6541390472764008E+00 a       378     0    24     1    10
  1.3461086040073862E+01 a       379     0    24     1    11
 -1.0244852548252295E+01 a       380     0    24     1    12
 -1.3217906031465086E+01 a       381     0    24     1    13
 -1.2402402635630130E+01 a       382     0    24     1    14
 -3.2704770289768923E+01 a       383     0    24     1    15
  7.8948973950863817E+00 a       384     0    24     1    16
  3.2264129126490491E+00 a       385     0    25     1     1
  9.3072917325714669E-02 a       386     0    25     1     2
  2.9632659690326761E+00 a       387     0    25     1     3
  1.5458335466876956E+00 a       388     0    25     1     4
  2.5082736489897797E+00 a       389     0    25     1     5
 -1.5247160583959871E+00 a       390     0    25     1     6
 -2.4517936944698695E+00 a       391     0    25     1     7
 -2.0535238545591676E+00 a       392     0    25     1     8
  5.4195162860171520E+00 a       393     0    25     1     9
 -4.5569261524157834E-01 a       394     0    25     1    10
 -3.3775694628697930E+00 a       395     0    25     1    11
 -5.7744331140397409E-01 a       396     0    25     1    12
  3.8170742118730744E-01 a       397     0    25     1    13
 -2.9707539786372057E+00 a       398     0    25     1    14
  7.1167792144567332E-01 a       399     0    25     1    15
 -1.1821587652043699E+00 a       400     0    25     1    16
  3.6140060549648969E+00 a       401     0    26     1     1
  5.0261141275106080E+00 a       402     0    26     1     2
 -9.3620782873198061E-01 a       403     0    26     1     3
  1.0806652554785940E+00 a       404     0    26     1     4
  5.5039139810778748E-01 a       405     0    26     1     5
 -1.0901742430084333E+01 a       406     0    26     1     6
  2.1794642509189925E+00 a       407     0    26     1     7
  5.3313248765232046E+00 a       408     0    26     1     8
  5.4671062828555286E+00 a       409     0    26     1     9
 -4.6896018340631498E+00 a       410     0    26     1    10
 -7.5083831469128059E-01 a       411     0    26     1    11
 -6.6351128543054179E+00 a       412     0    26     1    12
 -5.1583092657187306E+00 a       413     0    26     1    13
 -1.0782587971600783E+00 a       414     0    26     1    14
  6.9410287587512498E-01 a       415     0    26     1    15
  3.6685280326085730E+00 a       416     0    26     1    16
  7.2368087168671860E+00 a       417     0    27     1     1
  4.6752768680855414E+00 a       418     0    27     1     2
  2.1715713764762725E+00 a       419     0    27     1     3
  4.4974628771981138E+00 a       420     0    27     1     4
 -7.1606067307235035E+00 a       421     0    27     1     5
 -2.3061307853707382E+00 a       422     0    27     1     6
  3.9831774203519554E+00 a       423     0    27     1     7
  3.4765338274423438E+00 a       424     0    27     1     8
  4.4572490698617051E-01 a       425     0    27     1     9
  3.5330964527337955E-01 a       426     0    27     1    10
 -6.8040811796048956E-02 a       427     0    27     1    11
 -1.9002018028605119E+00 a       428     0    27     1    12
 -7.1870458782054369E-01 a       429     0    27     1    13
  4.9571966125927083E-02 a       430     0    27     1    14
 -1.3500154941339633E+00 a       431     0    27     1    15
  5.5947179172932806E+00 a       432     0    27     1    16
 -2.7599093870057181E+00 a       433     0    28     1     1
 -4.3784284006137462E+00 a       434     0    28     1     2
 -1.1988627271890899E+00 a       435     0    28     1     3
  7.2893344974297813E-01 a       436     0    28     1     4
 -5.0514737779930190E+00 a       437     0    28     1     5
 -1.0805259080550382E+00 a       438     0    28     1     6
  1.5641094608067170E+00 a       439     0    28     1     7
 -2.5632215944570285E+00 a       440     0    28     1     8
 -2.4246614522126877E+00 a       441     0    28     1     9
 -1.6173689337072110E+00 a       442     0    28     1    10
  2.5336069683895528E+00 a       443     0    28     1    11
  3.3342240076216574E+00 a       444     0    28     1    12
 -8.7870499566494675E-01 a       445     0    28     1    13
  4.1612173745749619E+00 a       446     0    28     1    14
  2.0484355158948762E+00 a       447     0    28     1    15
 -3.4004184002295137E+00 a       448     0    28     1    16
  3.3763583876622505E+00 a       449     0    29     1     1
  7.6961343398049173E+00 a       450     0    29     1     2
 -1.7326821307242348E+00 a       451     0    29     1     3
 -7.6342631886744905E-01 a       452     0    29     1     4
 -1.6519105555560095E+01 a       453     0    29     1     5
  4.7948530858279295E+00 a       454     0    29     1     6
  1.8072908922784423E+00 a       455     0    29     1     7
  3.6288732091310241E+00 a       456     0    29     1     8
  2.2605157987866797E+00 a       457     0    29     1     9
  6.4843526808761416E+00 a       458     0    29     1    10
  3.9353257123246017E+00 a       459     0    29     1    11
  3.4403260349522617E+00 a       460     0    29     1    12
 -7.0722102804924454E+00 a       461     0    29     1    13
 -3.5941280322975078E+00 a       462     0    29     1    14
  1.8754942194136795E+01 a       463     0    29     1    15
 -3.7367620926720928E+00 a       464     0    29     1    16
 -3.6036899487597180E+00 a       465     0    30     1     1
 -3.8222619397306428E+00 a       466     0    30     1     2
  1.8059036139996965E+00 a       467     0    30     1     3
  4.6527121986715843E+00 a       468     0    30     1     4
  2.1922208953730271E+00 a       469     0    30     1     5
  2.4698125634860948E+00 a       470     0    30     1     6
  1.6588136412406604E+00 a       471     0    30     1     7
 -2.5515412013089005E+00 a       472     0    30     1     8
  3.8198401308107310E-01 a       473     0    30     1     9
 -5.9160758100390396E+00 a       474     0    30     1    10
  3.5566606498425890E+00 a       475     0    30     1    11
  2.8416285721684944E+00 a       476     0    30     1    12
  2.7772798557250344E+00 a       477     0    30     1    13
 -7.9630065711351161E+00 a       478     0    30     1    14
 -1.2068876003602627E+00 a       479     0    30     1    15
 -5.5867932397578803E+00 a       480     0    30     1    16
  5.6972726801374574E+00 a       481     0    31     1     1
 -3.4453899627194486E+00 a       482     0    31     1     2
  1.7968902062003227E+01 a       483     0    31     1     3
  4.8931403442867385E+00 a       484     0    31     1     4
 -9.6312178409347844E+00 a       485     0    31     1     5
 -1.4204338544401736E+01 a       486     0    31     1     6
 -3.2427338628072164E+01 a       487     0    31     1     7
 -2.3251202981872737E+01 a       488     0    31     1     8
  1.3214026629030029E+01 a       489     0    31     1     9
  1.6527573372635299E-01 a       490     0    31     1    10
  6.4242434131427750E-01 a       491     0    31     1    11
 -2.0100309712838754E+01 a       492     0    31     1    12
 -7.2291558501817654E+00 a       493     0    31     1    13
 -1.4999529310238058E+01 a       494     0    31     1    14
 -3.0856101885234444E+00 a       495     0    31     1    15
  8.6245264135873487E+00 a       496     0    31     1    16
  4.7388893161351913E+00 a       497     0    32     1     1
 -5.0601920415078050E+00 a       498     0    32     1     2
 -8.9755789153296317E-01 a       499     0    32     1     3
  3.3874288380956381E+00 a       500     0    32     1     4
 -5.4781746704629512E+01 a       501     0    32     1     5
  1.2766311628937384E+01 a       502     0    32     1     6
  1.9333087267662165E+01 a       503     0    32     1     7
 -5.5878542311632806E+00 a       504     0    32     1     8
 -9.0710141243747291E+00 a       505     0    32     1     9
  2.3831455838439691E+01 a       506     0    32     1    10
  5.6637220599225113E+00 a       507     0    32     1    11
 -1.1997991858304280E+01 a       508     0    32     1    12
  1.3814288503974398E-01 a       509     0    32     1    13
 -1.2276769511267830E+01 a       510     0    32     1    14
 -3.3984544754128173E+01 a       511     0    32     1    15
  3.3612828242891579E+00 a       512     0    32     1    16
 -2.5358666242093025E-01 a       513     0    33     1     1
 -5.7798028923508049E+00 a       514     0    33     1     2
 -5.6876890681479502E+00 a       515     0    33     1     3
 -2.6786716915743334E+00 a       516     0    33     1     4
  5.5206040839419330E+00 a       517     0    33     1     5
  1.9728303682440298E+00 a       518     0    33     1     6
  1.9381503554321942E+00 a       519     0    33     1     7
 -6.0532059117761063E+00 a       520     0    33     1     8
 -1.9040548064016736E+00 a       521     0    33     1     9
  1.3797316971542988E+00 a       522     0    33     1    10
  1.0245328035025989E+00 a       523     0    33     1    11
 -4.8976215664379659E+00 a       524     0    33     1    12
 -1.1929044417916681E+00 a       525     0    33     1    13
  8.6259466215196650E+00 a       526     0    33     1    14
 -4.2665461298937496E-01 a       527     0    33     1    15
  4.5396347629208478E+00 a       528     0    33     1    16
  5.0847558449721997E-01 a       529     0    34     1     1
 -5.5343034934516996E-03 a       530     0    34     1     2
 -1.3536702097151093E-01 a       531     0    34     1     3
 -3.2691439041410514E-01 a       532     0    34     1     4
  3.2556312240805402E-01 a       533     0    34     1     5
  7.2360738043403250E-01 a       534     0    34     1     6
  6.1957596998285136E-01 a       535     0    34     1     7
  5.5502541284900814E-02 a       536     0    34     1     8
 -1.4451961225848559E-01 a       537     0    34     1     9
  3.8646100557798879E-01 a       538     0    34     1    10
 -1.1119251729519748E+00 a       539     0    34     1    11
 -8.6299134579553061E-01 a       540     0    34     1    12
 -4.3901881727956976E-01 a       541     0    34     1    13
 -5.2006390039242134E-01 a       542     0    34     1    14
 -1.3224025252519048E-01 a       543     0    34     1    15
  1.1905008708925160E-01 a       544     0    34     1    16
  7.0980442779602182E-01 a       545     0    35     1     1
  1.2855710782983318E-01 a       546     0    35     1     2
 -1.6203202295460092E-01 a       547     0    35     1     3
  9.5480292368995678E-01 a       548     0    35     1     4
 -5.0291366135936688E-01 a       549     0    35     1     5
 -5.2757771954767485E-01 a       550     0    35     1     6
 -5.6753030669705684E-01 a       551     0    35     1     7
  1.1649059136503113E+00 a       552     0    35     1     8
  1.0010418772709168E-01 a       553     0    35     1     9
 -2.8453373705164076E-01 a       554     0    35     1    10
 -1.6773955860926313E+00 a       555     0    35     1    11
  3.7369067388462840E-01 a       556     0    35     1    12
 -4.0187858310135421E-01 a       557     0    35     1    13
 -2.3947169438697014E+00 a       558     0    35     1    14
 -6.4873094252219099E-01 a       559     0    35     1    15
 -1.0963429589355909E+00 a       560     0    35     1    16
  1.3317277483824597E+00 a       561     0    36     1     1
  5.2902706572737268E-01 a       562     0    36     1     2
  1.3048480740857246E-01 a       563     0    36     1     3
 -4.5722646067048421E-03 a       564     0    36     1     4
  2.6033522533272957E-01 a       565     0    36     1     5
  1.0182443354044872E+00 a       566     0    36     1     6
 -9.3278659073482906E-01 a       567     0    36     1     7
 -2.0769736152760863E+00 a       568     0    36     1     8
 -1.0760072153156928E+00 a       569     0    36     1     9
  9.6134273207629767E-02 a       570     0    36     1    10
  4.4852121476457540E-01 a       571     0    36     1    11
 -1.9826133105798329E+00 a       572     0    36     1    12
  1.0611293190429698E+00 a       573     0    36     1    13
  2.5339110087244127E-01 a       574     0    36     1    14
  2.5957303971097578E-01 a       575     0    36     1    15
  3.3304868778257585E-01 a       576     0    36     1    16
  4.9550703531547136E+00 a       577     0    37     1     1
  2.1070769365212203E+00 a       578     0    37     1     2
  6.0505426440695664E-01 a       579     0    37     1     3
 -2.5715955836480591E+00 a       580     0    37     1     4
  7.2317462340299643E-01 a       581     0    37     1     5
  2.8670653925357015E+00 a       582     0    37     1     6
 -3.0340723236906159E-01 a       583     0    37     1     7
 -7.2876488427010706E+00 a       584     0    37     1     8
 -5.1970482377657454E+00 a       585     0    37     1     9
 -1.1557185362316040E+00 a       586     0    37     1    10
  4.8131089863283512E+00 a       587     0    37     1    11
 -5.0764014388532015E+00 a       588     0    37     1    12
  4.6256240400977200E+00 a       589     0    37     1    13
 -2.8586881584245267E+00 a       590     0    37     1    14
  3.8153062020081605E-02 a       591     0    37     1    15
  3.2181377174610519E+00 a       592     0    37     1    16
  2.6564269932678610E+00 a       593     0    38     1     1
  2.9335808131618775E+00 a       594     0    38     1     2
  5.8269253519608970E+00 a       595     0    38     1     3
  1.8482199996377384E+00 a       596     0    38     1     4
 -5.5695669346006724E+00 a       597     0    38     1     5
  6.1826590718406038E-01 a       598     0    38     1     6
 -5.6398511851566835E-01 a       599     0    38     1     7
  2.6676339454381193E+00 a       600     0    38     1     8
 -5.4887006893632018E-01 a       601     0    38     1     9
  3.2808992471387097E+00 a       602     0    38     1    10
 -5.5910396798900841E+00 a       603     0    38     1    11
  3.2147134541658601E-01 a       604     0    38     1    12
 -2.1576737299661128E+00 a       605     0    38     1    13
  1.8167246397060590E+00 a       606     0    38     1    14
  1.8579778202349348E-01 a       607     0    38     1    15
 -5.5872654140497281E-02 a       608     0    38     1    16
  8.9272686390966016E-01 a       609     0    39     1     1
 -3.8445789306140388E-01 a       610     0    39     1     2
 -7.5208274610021197E-01 a       611     0    39     1     3
 -1.4345281451827476E-03 a       612     0    39     1     4
  5.7446136583455418E-02 a       613     0    39     1     5
 -1.5631034529719595E-01 a       614     0    39     1     6
 -1.1717119790798249E+00 a       615     0    39     1     7
  3.5399054554589787E-01 a       616     0    39     1     8
  4.6924582810621646E-01 a       617     0    39     1     9
 -1.8629382399509867E-01 a       618     0    39     1    10
 -2.1236720381681662E-01 a       619     0    39     1    11
 -6.8339987514546852E-01 a       620     0    39     1    12
  5.1554440816041651E-02 a       621     0    39     1    13
 -5.1529356054028086E-02 a       622     0    39     1    14
  1.1103400894458187E-01 a       623     0    39     1    15
 -6.1512978643493466E-01 a       624     0    39     1    16
 -5.6148775145294971E+00 a       625     0    40     1     1
  2.3200525383632318E+00 a       626     0    40     1     2
 -1.5499082710536256E+00 a       627     0    40     1     3
 -6.8447519494529119E-01 a       628     0    40     1     4
  2.7867792577321553E+00 a       629     0    40     1     5
 -2.2430899114942924E+00 a       630     0    40     1     6
  2.8968325009336140E+00 a       631     0    40     1     7
  4.6333181574263378E+00 a       632     0    40     1     8
  5.0077529312152338E+00 a       633     0    40     1     9
 -3.7709879909596893E+00 a       634     0    40     1    10
 -6.7094518102079110E+00 a       635     0    40     1    11
  1.6092815207427131E+00 a       636     0    40     1    12
 -7.6477854083582804E+00 a       637     0    40     1    13
 -3.1674863483020697E+00 a       638     0    40     1    14
  1.7585950510751585E+00 a       639     0    40     1    15
  1.9507059596908520E+00 a       640     0    40     1    16
  4.6909280322934777E+00 a       641     0    41     1     1
  3.2564761297349198E+00 a       642     0    41     1     2
  5.3845006895047103E+00 a       643     0    41     1     3
 -5.4777637885958319E-01 a       644     0    41     1     4
 -2.6955383996515190E+00 a       645     0    41     1     5
  1.2769574264473686E+00 a       646     0    41     1     6
 -5.0124324420861361E+00 a       647     0    41     1     7
  7.3359631023229550E+00 a       648     0    41     1     8
  5.5281455159362887E+00 a       649     0    41     1     9
 -4.2110516064289838E+00 a       650     0    41     1    10
  6.9611897317682758E-01 a       651     0    41     1    11
  3.8747279657528244E+00 a       652     0    41     1    12
  1.2395121000461693E+00 a       653     0    41     1    13
  5.2775336811672409E+00 a       654     0    41     1    14
  3.4296808927065574E+00 a       655     0    41     1    15
 -1.3688033938808590E+00 a       656     0    41     1    16
  2.2419086320902877E+00 a       657     0    42     1     1
  2.1338977714536642E+00 a       658     0    42     1     2
  1.0505513559445547E+00 a       659     0    42     1     3
  2.6929616085292779E-01 a       660     0    42     1     4
 -5.3196029464722377E-02 a       661     0    42     1     5
  1.9382003287980658E+00 a       662     0    42     1     6
 -3.5493456911426413E-01 a       663     0    42     1     7
  9.9508100085654549E-01 a       664     0    42     1     8
  2.4804940473047834E+00 a       665     0    42     1     9
 -2.4122738006461635E+00 a       666     0    42     1    10
 -2.2293098020695381E+00 a       667     0    42     1    11
  2.2692779211106791E+00 a       668     0    42     1    12
 -1.0424412552650095E+00 a       669     0    42     1    13
  1.4073471608274448E+00 a       670     0    42     1    14
  3.5814664560203475E+00 a       671     0    42     1    15
  7.5016231175546366E-01 a       672     0    42     1    16
  5.4451424682688119E+00 a       673     0    43     1     1
  3.0207333086679899E+01 a       674     0    43     1     2
  2.1390985716636575E+01 a       675     0    43     1     3
  6.9839870990638824E+00 a       676     0    43     1     4
  3.9797682807283796E+00 a       677     0    43     1     5
  1.3079429767995761E+01 a       678     0    43     1     6
 -3.3251377509384255E+00 a       679     0    43     1     7
 -8.4610034285428473E+00 a       680     0    43     1     8
  1.2171899350023251E+01 a       681     0    43     1     9
 -1.3014209053254778E+01 a       682     0    43     1    10
  8.9221276732887311E+00 a       683     0    43     1    11
  5.9188361583632876E-01 a       684     0    43     1    12
  1.1980568827940791E+01 a       685     0    43     1    13
 -1.7013558727454107E+01 a       686     0    43     1    14
  2.4986768925502510E+01 a       687     0    43     1    15
  7.0397743281363914E+00 a       688     0    43     1    16
 -4.0776563390331209E+00 a       689     0    44     1     1
 -4.3098791135859544E+00 a       690     0    44     1     2
 -5.2935020740550653E+00 a       691     0    44     1     3
 -5.9789119203932088E+00 a       692     0    44     1     4
  3.4820831658857836E+00 a       693     0    44     1     5
 -5.8318186254968820E+00 a       694     0    44     1     6
  5.2721462598382818E+00 a       695     0    44     1     7
  5.5545803740418567E+00 a       696     0    44     1     8
  6.4277285496082310E+00 a       697     0    44     1     9
 -8.1072539074500600E+00 a       698     0    44     1    10
  9.5254286494058409E+00 a       699     0    44     1    11
  3.8542651850004734E+00 a       700     0    44     1    12
  6.9296965585549790E+00 a       701     0    44     1    13
  4.0013347111531932E+00 a       702     0    44     1    14
  2.2886440884446575E+00 a       703     0    44     1    15
  5.6537689269970413E+00 a       704     0    44     1    16
 -3.1400444275189447E+00 a       705     0    45     1     1
  5.8040063230676653E-01 a       706     0    45     1     2
  3.7713394155499826E+00 a       707     0    45     1     3
 -1.0415635922655280E+00 a       708     0    45     1     4
 -3.4093964636851966E+00 a       709     0    45     1     5
 -8.6039973611279008E-01 a       710     0    45     1     6
  5.5818078548764678E+00 a       711     0    45     1     7
  5.6690985332958386E+00 a       712     0    45     1     8
  1.8952569664141192E+00 a       713     0    45     1     9
 -7.2215649212144006E-01 a       714     0    45     1    10
 -9.3743011772680362E-01 a       715     0    45     1    11
  4.4894815109707684E+00 a       716     0    45     1    12
  1.5359187430074492E-01 a       717     0    45     1    13
  2.6178334157670586E+00 a       718     0    45     1    14
  1.1859063993137506E+00 a       719     0    45     1    15
  3.7128035509707025E+00 a       720     0    45     1    16
  1.1965291703908775E+01 a       721     0    46     1     1
  1.4923795336472727E+00 a       722     0    46     1     2
  6.5004170780372874E+00 a       723     0    46     1     3
  2.5480505178673978E+00 a       724     0    46     1     4
 -1.0416957956146417E+01 a       725     0    46     1     5
  2.9203350848032881E+00 a       726     0    46     1     6
 -1.0148155137431713E+01 a       727     0    46     1     7
 -7.5064446320931344E+00 a       728     0    46     1     8
 -1.8464294348630625E+00 a       729     0    46     1     9
  8.3844436961967137E+00 a       730     0    46     1    10
  9.5345183801684694E+00 a       731     0    46     1    11
 -7.2206599905888655E+00 a       732     0    46     1    12
  1.6334458789003207E+01 a       733     0    46     1    13
  9.1147004805817708E+00 a       734     0    46     1    14
  1.8678004206863728E+00 a       735     0    46     1    15
 -4.7072598632067653E+00 a       736     0    46     1    16
 -1.4646889973552394E+01 a       737     0    47     1     1
 -4.6271595952954740E+00 a       738     0    47     1     2
 -6.6476700581816939E+00 a       739     0    47     1     3
  2.8784434510213148E+00 a       740     0    47     1     4
 -2.3803869965409254E+00 a       741     0    47     1     5
 -6.0560086384401144E+00 a       742     0    47     1     6
  1.1883173591932009E+01 a       743     0    47     1     7
 -5.8507915834976290E+00 a       744     0    47     1     8
 -4.2802810628528647E+00 a       745     0    47     1     9
  6.4493799249810628E+00 a       746     0    47     1    10
  6.7261924271080371E+00 a       747     0    47     1    11
  1.2703645804683124E+00 a       748     0    47     1    12
 -3.4571494493107555E+00 a       749     0    47     1    13
 -1.4012588173463966E+01 a       750     0    47     1    14
 -2.6546560836269406E+00 a       751     0    47     1    15
 -1.7708968301019312E+00 a       752     0    47     1    16
 -6.3741557222802134E+00 a       753     0    48     1     1
  2.2955686323668196E+00 a       754     0    48     1     2
 -6.8558017821081119E-01 a       755     0    48     1     3
  3.9191057789272760E-02 a       756     0    48     1     4
 -4.6418018747605307E+00 a       757     0    48     1     5
 -3.8324003394591082E+00 a       758     0    48     1     6
 -7.7496002567544160E+00 a       759     0    48     1     7
 -1.2395036287171173E+01 a       760     0    48     1     8
 -3.7702511803641898E+00 a       761     0    48     1     9
  4.4903054535392677E+00 a       762     0    48     1    10
  1.7291754159948415E+01 a       763     0    48     1    11
 -8.9326830911446873E+00 a       764     0    48     1    12
  5.7053667705339439E+00 a       765     0    48     1    13
 -3.3337264041498589E+00 a       766     0    48     1    14
 -2.3442172760282753E+00 a       767     0    48     1    15
 -7.7697178086471395E+00 a       768     0    48     1    16
  5.5598124636630715E+00 a       769     0    49     1     1
 -8.6379672458545009E+00 a       770     0    49     1     2
 -3.0224490799904018E+01 a       771     0    49     1     3
 -1.6817316457918512E+01 a       772     0    49     1     4
 -8.7556150005249247E+00 a       773     0    49     1     5
 -5.5428618820753961E+00 a       774     0    49     1     6
 -2.0346185078273127E+00 a       775     0    49     1     7
 -2.6629853183368727E+01 a       776     0    49     1     8
 -1.6411362529825457E+01 a       777     0    49     1     9
  1.3557278886650286E+01 a       778     0    49     1    10
 -4.7822581076845214E+00 a       779     0    49     1    11
 -2.0624323230872278E+01 a       780     0    49     1    12
 -1.3214115157079233E+01 a       781     0    49     1    13
 -4.5933444120563678E+00 a       782     0    49     1    14
 -1.7619822808938082E+01 a       783     0    49     1    15
 -5.4879971350518861E+00 a       784     0    49     1    16
 -7.4645755666135294E-01 a       785     0    50     1     1
 -2.3564943492511420E-01 a       786     0    50     1     2
 -1.4189115926768907E+00 a       787     0    50     1     3
 -1.5083848361367108E-01 a       788     0    50     1     4
  1.3755929092803689E+00 a       789     0    50     1     5
  1.0115339573576093E-01 a       790     0    50     1     6
  4.8193819437748064E-01 a       791     0    50     1     7
 -3.1988331102630929E-01 a       792     0    50     1     8
  4.5449385366886635E-01 a       793     0    50     1     9
 -6.7222818838877119E-01 a       794     0    50     1    10
  6.4219996540446522E-01 a       795     0    50     1    11
 -2.7069261556180413E-01 a       796     0    50     1    12
 -3.7440879609503530E-01 a       797     0    50     1    13
 -6.3991661897379937E-01 a       798     0    50     1    14
  6.9995496421528980E-01 a       799     0    50     1    15
 -2.3154228547874411E-02 a       800     0    50     1    16
  2.3832680163573601E+00 a       801     0    51     1     1
  6.3859307383582475E-01 a       802     0    51     1     2
  1.6837825643714937E+00 a       803     0    51     1     3
  2.4434937396323209E-01 a       804     0    51     1     4
 -5.0146354041375996E-01 a       805     0    51     1     5
  1.2444098909235290E+00 a       806     0    51     1     6
 -1.3348044016844147E+00 a       807     0    51     1     7
 -1.0791719122976824E+00 a       808     0    51     1     8
 -8.4051419728917054E-01 a       809     0    51     1     9
  2.9978760221696393E-01 a       810     0    51     1    10
  1.5233455208969320E+00 a       811     0    51     1    11
 -5.7312345520611996E-01 a       812     0    51     1    12
  2.0915432639176901E+00 a       813     0    51     1    13
  7.8843710134780642E-01 a       814     0    51     1    14
  6.8979759306029043E-01 a       815     0    51     1    15
 -1.8420766795585519E-01 a       816     0    51     1    16
  3.4681044801364798E+00 a       817     0    52     1     1
 -3.6316802451465975E+00 a       818     0    52     1     2
 -3.1583875272550048E+00 a       819     0    52     1     3
 -7.7236598296804082E-01 a       820     0    52     1     4
 -7.9664380040216221E-01 a       821     0    52     1     5
 -3.0725438519140109E+00 a       822     0    52     1     6
  1.4591044481777176E+00 a       823     0    52     1     7
 -4.6625553968582184E-01 a       824     0    52     1     8
 -2.8039700771907010E+00 a       825     0    52     1     9
  1.8080173815739859E+00 a       826     0    52     1    10
 -5.4120379500266331E+00 a       827     0    52     1    11
  1.0090830315398747E+00 a       828     0    52     1    12
 -1.3546641021476740E+00 a       829     0    52     1    13
  2.6433467252143545E+00 a       830     0    52     1    14
 -3.9752281719036877E+00 a       831     0    52     1    15
  3.4421626522814783E+00 a       832     0    52     1    16
  3.8795876663255355E+00 a       833     0    53     1     1
  5.5721962485138148E+00 a       834     0    53     1     2
  7.6955677065377373E+00 a       835     0    53     1     3
  8.2211961612737083E-01 a       836     0    53     1     4
 -5.3444656542179647E+00 a       837     0    53     1     5
  1.5850872178094633E+00 a       838     0    53     1     6
  1.2478350017937755E-01 a       839     0    53     1     7
  1.0255377538129293E+00 a       840     0    53     1     8
 -2.8270564215640839E+00 a       841     0    53     1     9
  5.0741856219539976E+00 a       842     0    53     1    10
 -7.6465005893817350E+00 a       843     0    53     1    11
 -5.7347797314079052E-01 a       844     0    53     1    12
 -3.1340229484221838E+00 a       845     0    53     1    13
 -1.6269196962867760E+00 a       846     0    53     1    14
 -1.0335903684971277E+00 a       847     0    53     1    15
 -1.8442052506288906E-01 a       848     0    53     1    16
  4.0826053170971397E+00 a       849     0    54     1     1
  2.2061697774254676E+00 a       850     0    54     1     2
  4.6341522653920664E-01 a       851     0    54     1     3
 -1.9058342423955978E+00 a       852     0    54     1     4
  1.8038076550404318E+00 a       853     0    54     1     5
  1.8928111857643883E+00 a       854     0    54     1     6
  5.2177333233603185E-01 a       855     0    54     1     7
 -5.0054222632417800E-01 a       856     0    54     1     8
 -3.4115696202470025E-01 a       857     0    54     1     9
  1.0086392692338613E+00 a       858     0    54     1    10
 -6.3212367873442528E+00 a       859     0    54     1    11
 -5.1532136005622586E+00 a       860     0    54     1    12
 -2.2049306308293635E+00 a       861     0    54     1    13
 -1.3568905991378526E+00 a       862     0    54     1    14
 -3.2803139236082846E-01 a       863     0    54     1    15
  7.6555030183128481E-01 a       864     0    54     1    16
 -6.0893950799235288E+00 a       865     0    55     1     1
  6.2474181206175636E+00 a       866     0    55     1     2
  5.4167169219991662E-01 a       867     0    55     1     3
 -1.2856300718032176E+00 a       868     0    55     1     4
  3.0662959603017512E+00 a       869     0    55     1     5
 -1.9244058676461559E-01 a       870     0    55     1     6
  4.6718871984974006E+00 a       871     0    55     1     7
  2.2687243376055291E+00 a       872     0    55     1     8
  2.7198766770590410E+00 a       873     0    55     1     9
 -4.2727455159486896E+00 a       874     0    55     1    10
 -5.4393435975495343E+00 a       875     0    55     1    11
  2.0823155519669863E+00 a       876     0    55     1    12
 -7.2843353348797999E+00 a       877     0    55     1    13
 -6.1412382022533034E+00 a       878     0    55     1    14
  3.6416671461019829E+00 a       879     0    55     1    15
  5.4906192546117465E+00 a       880     0    55     1    16
  8.7832992903420664E+00 a       881     0    56     1     1
  2.9151142674264077E+00 a       882     0    56     1     2
  3.6297582951092449E+00 a       883     0    56     1     3
 -2.3549480469204931E+00 a       884     0    56     1     4
  1.4152336931122220E+00 a       885     0    56     1     5
  3.8504427446272258E+00 a       886     0    56     1     6
 -5.1660530432159266E+00 a       887     0    56     1     7
  2.3821003285054516E+00 a       888     0    56     1     8
  1.3853521167632561E+00 a       889     0    56     1     9
 -3.5497875145366717E+00 a       890     0    56     1    10
 -2.2296256369274805E+00 a       891     0    56     1    11
 -2.3516724848196109E+00 a       892     0    56     1    12
  1.5876366657920122E+00 a       893     0    56     1    13
  1.0026270689459576E+01 a       894     0    56     1    14
  1.9222403642052595E+00 a       895     0    56     1    15
  3.8274995103156639E+00 a       896     0    56     1    16
  1.1621122589512070E+00 a       897     0    57     1     1
 -3.1892804404134494E+00 a       898     0    57     1     2
 -1.3119155352948511E+00 a       899     0    57     1     3
 -3.2043140082604018E+00 a       900     0    57     1     4
  2.6863061377248552E+00 a       901     0    57     1     5
  3.2135506978627149E+00 a       902     0    57     1     6
  7.1667738453166496E-01 a       903     0    57     1     7
  9.5502769513403429E-01 a       904     0    57     1     8
  3.7919597095718033E-01 a       905     0    57     1     9
 -4.1319715109710771E+00 a       906     0    57     1    10
 -8.5880951467305700E+00 a       907     0    57     1    11
 -3.9710763242800834E-01 a       908     0    57     1    12
 -2.6998455729485986E+00 a       909     0    57     1    13
  3.1712487527986954E-01 a       910     0    57     1    14
  7.8008124201172069E-01 a       911     0    57     1    15
  6.6909991162899396E-01 a       912     0    57     1    16
 -6.1961732411359272E+00 a       913     0    58     1     1
  4.0998126701316009E+00 a       914     0    58     1     2
  1.3200279202462092E+01 a       915     0    58     1     3
  6.4018372878182968E+00 a       916     0    58     1     4
  6.6421390528857760E-02 a       917     0    58     1     5
  1.2709278704874459E+01 a       918     0    58     1     6
 -4.8187416148960391E+00 a       919     0    58     1     7
 -3.1645395246222843E+00 a       920     0    58     1     8
 -4.0122004997366306E-01 a       921     0    58     1     9
 -1.0958077415458439E+01 a       922     0    58     1    10
  2.1466759009996597E+01 a       923     0    58     1    11
  6.6838259018317956E+00 a       924     0    58     1    12
  1.3028305053775258E+01 a       925     0    58     1    13
  2.4431447211219970E+00 a       926     0    58     1    14
  1.4470517706298851E+01 a       927     0    58     1    15
 -5.2966840350751561E+00 a       928     0    58     1    16
 -8.0047085012285972E+00 a       929     0    59     1     1
 -2.0502440652706483E+01 a       930     0    59     1     2
 -2.4962452289795301E+00 a       931     0    59     1     3
 -7.5954943447457490E-01 a       932     0    59     1     4
  1.9009609289336341E-01 a       933     0    59     1     5
 -8.0122297872019690E+00 a       934     0    59     1     6
  2.3012130877561066E+00 a       935     0    59     1     7
  1.8513853008681384E+01 a       936     0    59     1     8
  6.2219784893232322E-01 a       937     0    59     1     9
  1.4813029057275244E+00 a       938     0    59     1    10
  7.2109465172604867E+00 a       939     0    59     1    11
  4.2617280473336567E+00 a       940     0    59     1    12
 -4.7739133384606305E+00 a       941     0    59     1    13
  2.2528837697305615E+01 a       942     0    59     1    14
 -8.7244786639184273E+00 a       943     0    59     1    15
 -5.4590042095681710E+00 a       944     0    59     1    16
 -1.3337531829129992E+00 a       945     0    60     1     1
 -3.2671339766788496E+00 a       946     0    60     1     2
 -4.4589756313642805E+00 a       947     0    60     1     3
  2.7082373971620797E+00 a       948     0    60     1     4
  4.5975930001730720E+00 a       949     0    60     1     5
  2.7092575788156825E+00 a       950     0    60     1     6
 -4.0716497844922275E+00 a       951     0    60     1     7
 -6.2072058605837537E+00 a       952     0    60     1     8
 -1.5839251197387187E+00 a       953     0    60     1     9
 -1.7872667415681015E-01 a       954     0    60     1    10
  1.9227217679407409E+00 a       955     0    60     1    11
 -2.4476306421524692E+00 a       956     0    60     1    12
 -3.9547601164774476E-01 a       957     0    60     1    13
 -3.4685205759801425E+00 a       958     0    60     1    14
 -8.8736263100588986E-01 a       959     0    60     1    15
 -3.6080440267082463E+00 a       960     0    60     1    16
 -2.0116317399041810E+00 a       961     0    61     1     1
 -1.0198532738364094E+01 a       962     0    61     1     2
 -6.2341017000122232E+00 a       963     0    61     1     3
 -1.2165802351829729E+00 a       964     0    61     1     4
  4.1998821967812727E+00 a       965     0    61     1     5
 -2.3077923681833927E+00 a       966     0    61     1     6
  3.2277075952427290E+00 a       967     0    61     1     7
  1.9688915026896252E+00 a       968     0    61     1     8
 -4.5873359840992318E+00 a       969     0    61     1     9
 -7.5721925794664857E-01 a       970     0    61     1    10
  1.8522915057848610E+00 a       971     0    61     1    11
  3.8005740725322643E+00 a       972     0    61     1    12
 -1.8937928913158897E+00 a       973     0    61     1    13
 -1.3424169853427239E+00 a       974     0    61     1    14
 -7.7043400568072311E+00 a       975     0    61     1    15
 -3.3268207648702930E+00 a       976     0    61     1    16
  3.6124428295305600E-01 a       977     0    62     1     1
 -1.8954746762375367E+00 a       978     0    62     1     2
 -2.7313770108563995E-01 a       979     0    62     1     3
  2.1449385391084861E+00 a       980     0    62     1     4
  2.0047234216506125E+00 a       981     0    62     1     5
 -3.2216835819721488E+00 a       982     0    62     1     6
  8.2742759012238647E+00 a       983     0    62     1     7
  1.2440049874423297E+01 a       984     0    62     1     8
  3.4257590928569832E+00 a       985     0    62     1     9
  1.3240861491350722E+00 a       986     0    62     1    10
 -5.1181003372961147E+00 a       987     0    62     1    11
  7.3439479449690541E+00 a       988     0    62     1    12
 -3.7623751690046450E+00 a       989     0    62     1    13
  7.0973087092305087E-01 a       990     0    62     1    14
 -1.7879734137131598E+00 a       991     0    62     1    15
  5.8062696738830235E+00 a       992     0    62     1    16
 -2.2702807803386511E+00 a       993     0    63     1     1
 -2.5974992235266217E+00 a       994     0    63     1     2
 -2.5919174457104042E+00 a       995     0    63     1     3
  2.8376704093648337E+00 a       996     0    63     1     4
  5.2158340535815773E-01 a       997     0    63     1     5
 -2.3803674714289138E+00 a       998     0    63     1     6
 -4.3495587100457529E+00 a       999     0    63     1     7
 -3.8287421819037664E+00 a      1000     0    63     1     8
 -1.5701283058868980E+00 a      1001     0    63     1     9
 -8.5500800884125872E-01 a      1002     0    63     1    10
  8.2334503681881301E+00 a      1003     0    63     1    11
  2.7329866134091523E+00 a      1004     0    63     1    12
  1.9404201760421091E+00 a      1005     0    63     1    13
 -1.8899384437043842E-01 a      1006     0    63     1    14
 -1.0727437155373518E+00 a      1007     0    63     1    15
 -3.1599706673209473E+00 a      1008     0    63     1    16
 -1.3682103627321964E+00 a      1009     0    64     1     1
 -3.7991938235606737E+00 a      1010     0    64     1     2
  2.5143547321656632E+00 a      1011     0    64     1     3
  3.7020902360900543E+00 a      1012     0    64     1     4
  4.0604534669468695E+00 a      1013     0    64     1     5
 -1.4203843703959844E+01 a      1014     0    64     1     6
  6.6077842985589141E+00 a      1015     0    64     1     7
  2.6233263854963777E+01 a      1016     0    64     1     8
  1.3243981973794616E+01 a      1017     0    64     1     9
  7.7774627745342615E+00 a      1018     0    64     1    10
 -2.8851424558095996E+01 a      1019     0    64     1    11
  7.8548870184406301E+00 a      1020     0    64     1    12
 -8.0387292420672622E+00 a      1021     0    64     1    13
 -3.3660196281951289E+00 a      1022     0    64     1    14
 -9.6015204296458627E+00 a      1023     0    64     1    15
  4.5222524739376722E+00 a      1024     0    64     1    16
  5.1338098221276607E-01 b      1025     1     1
  4.3298892197212319E-01 b      1026     1     2
  3.0522415495167446E-02 b      1027     1     3
  6.0681832393936437E-02 b      1028     1     4
  1.9861314341427794E-01 b      1029     1     5
  2.8174482116177479E-01 b      1030     1     6
  3.4379876562267836E-01 b      1031     1     7
 -2.1059445381825206E-01 b      1032     1     8
  3.9994416079665568E-01 b      1033     1     9
  2.4939070374979111E-01 b      1034     1    10
 -1.8472082039128304E-01 b      1035     1    11
  2.0804793508752006E-01 b      1036     1    12
 -3.0996142077875161E-01 b      1037     1    13
  3.5526268268559652E-01 b      1038     1    14
  5.4490989423334246E-02 b      1039     1    15
  1.5110102829109187E-01 b      1040     1    16
  1.6669622333370074E-01 a      1041     1     1     2     1
 -9.7212745982710091E-01 a      1042     1     1     2     2
 -1.1024918403128545E+00 a      1043     1     1     2     3
 -5.2860163639804003E-01 a      1044     1     1     2     4
 -4.8072326491883138E-01 a      1045     1     1     2     5
 -1.0254196502450426E+00 a      1046     1     1     2     6
 -8.2844831676661082E-02 a      1047     1     1     2     7
  3.7010561429977046E-01 a      1048     1     1     2     8
 -8.2259998809868140E-01 a      1049     1     1     2     9
  5.4157526488475505E-01 a      1050     1     1     2    10
 -6.4469289716093636E-01 a      1051     1     1     2    11
 -5.3807448557853110E-01 a      1052     1     1     2    12
  7.1821944270591853E-01 a      1053     1     1     2    13
  2.8441443250819622E+00 a      1054     1     1     2    14
 -1.0757931963571571E-01 a      1055     1     1     2    15
  7.6097212588915697E-01 a      1056     1     1     2    16
 -1.0073463665652713E+00 a      1057     1     2     2     1
 -2.0813805168840753E+00 a      1058     1     2     2     2
 -2.1461704556299946E-01 a      1059     1     2     2     3
 -3.5117095869951581E-01 a      1060     1     2     2     4
  1.3491515254705562E+00 a      1061     1     2     2     5
  5.2155128216763369E-01 a      1062     1     2     2     6
 -4.4410139888378980E-01 a      1063     1     2     2     7
 -4.7938612495720850E-01 a      1064     1     2     2     8
  3.3281556406557927E-01 a      1065     1     2     2     9
 -3.6192321766473184E-01 a      1066     1     2     2    10
 -8.5888197886371226E-02 a      1067     1     2     2    11
  1.5843358078800207E+00 a      1068     1     2     2    12
  3.9603261549727242E-01 a      1069     1     2     2    13
 -1.5688288481029466E+00 a      1070     1     2     2    14
  9.8395237095448096E-01 a      1071     1     2     2    15
 -8.5844802895279027E-01 a      1072     1     2     2    16
  9.6947280620615450E-01 a      1073     1     3     2     1
  5.5143154406043715E-01 a      1074     1     3     2     2
  4.3570846862846041E-01 a      1075     1     3     2     3
  2.4978711810432119E-01 a      1076     1     3     2     4
 -1.2617752317965972E-02 a      1077     1     3     2     5
  2.8597860617172638E-01 a      1078     1     3     2     6
  1.5301678996202439E+00 a      1079     1     3     2     7
  5.6781501281412725E-02 a      1080     1     3     2     8
  7.5351710126663418E-01 a      1081     1     3     2     9
 -8.8351197927949321E-02 a      1082     1     3     2    10
 -4.1266866594570956E-01 a      1083     1     3     2    11
  2.6773435562821063E-01 a      1084     1     3     2    12
 -6.0662888643248092E-01 a      1085     1     3     2    13
  6.4208127098900432E-03 a      1086     1     3     2    14
 -8.6894325609569523E-01 a      1087     1     3     2    15
  1.8230903477027531E+00 a      1088     1     3     2    16
 -3.8847130593313228E-01 a      1089     1     4     2     1
 -8.7939130736594329E-01 a      1090     1     4     2     2
  3.8900026543963701E-01 a      1091     1     4     2     3
 -1.9742407571170091E+00 a      1092     1     4     2     4
  5.5091433182838700E-01 a      1093     1     4     2     5
  6.2591525002656023E-01 a      1094     1     4     2     6
 -3.3164493449970800E-01 a      1095     1     4     2     7
  5.1349588540414282E-01 a      1096     1     4     2     8
  1.1913853629782329E+00 a      1097     1     4     2     9
  8.2365996330614888E-01 a      1098     1     4     2    10
 -8.3220407342007274E-01 a      1099     1     4     2    11
  6.3200378643680610E-01 a      1100     1     4     2    12
 -1.8905201549622111E-01 a      1101     1     4     2    13
  1.6661301327667826E+00 a      1102     1     4     2    14
 -2.3256149441774823E-01 a      1103     1     4     2    15
  1.1068048493009286E+00 a      1104     1     4     2    16
  5.7747264637731856E-03 a      1105     1     5     2     1
 -2.3437686482579032E-01 a      1106     1     5     2     2
  1.0545140271567283E-01 a      1107     1     5     2     3
  6.5438291689279404E-01 a      1108     1     5     2     4
  1.1555586786479282E+00 a      1109     1     5     2     5
  1.0167917589008806E+00 a      1110     1     5     2     6
 -3.6201155456382172E-01 a      1111     1     5     2     7
  5.2444951837893126E-02 a      1112     1     5     2     8
  1.4319806016006311E+00 a      1113     1     5     2     9
  2.1864461893932835E-01 a      1114     1     5     2    10
 -6.0901244523658815E-01 a      1115     1     5     2    11
  7.0830773283013448E-01 a      1116     1     5     2    12
 -1.0709633635836766E-01 a      1117     1     5     2    13
 -1.8744441017901816E+00 a      1118     1     5     2    14
 -5.1697540904739281E-01 a      1119     1     5     2    15
 -4.2307378131597256E-01 a      1120     1     5     2    16
  2.6104244245835057E-01 a      1121     1     6     2     1
  9.4740406646446240E-01 a      1122     1     6     2     2
 -6.1862344892467380E-01 a      1123     1     6     2     3
  7.8851544119065220E-01 a      1124     1     6     2     4
 -6.9999389360814324E-01 a      1125     1     6     2     5
 -7.4626808982866633E-01 a      1126     1     6     2     6
  1.7880993608281883E+00 a      1127     1     6     2     7
 -6.2952080660554544E-01 a      1128     1     6     2     8
 -1.5370286333920760E+00 a      1129     1     6     2     9
 -3.4160428718317759E-02 a      1130     1     6     2    10
  5.9372577808775484E-01 a      1131     1     6     2    11
  3.9121676964294250E-02 a      1132     1     6     2    12
 -2.3513758423261163E-01 a      1133     1     6     2    13
 -1.0586635212866462E+00 a      1134     1     6     2    14
 -1.0590915318515350E+00 a      1135     1     6     2    15
 -1.8287514782479874E-01 a      1136     1     6     2    16
 -3.5382173052658439E-01 a      1137     1     7     2     1
 -6.0907180847941356E-01 a      1138     1     7     2     2
 -1.9869361264937807E-01 a      1139     1     7     2     3
 -7.0379692159081941E-01 a      1140     1     7     2     4
 -2.4269918729380471E-02 a      1141     1     7     2     5
 -9.9525774773998910E-01 a      1142     1     7     2     6
 -1.1301747822985331E-01 a      1143     1     7     2     7
 -7.0424734351148877E-01 a      1144     1     7     2     8
 -1.0097407883894172E+00 a      1145     1     7     2     9
 -7.8979742558179897E-02 a      1146     1     7     2    10
 -1.6743816252180263E-01 a      1147     1     7     2    11
 -9.0932224985579357E-01 a      1148     1     7     2    12
 -7.3517555027231252E-01 a      1149     1     7     2    13
 -7.5240807554416145E-02 a      1150     1     7     2    14
  6.1118704818626091E-01 a      1151     1     7     2    15
 -6.8040452523466313E-02 a      1152     1     7     2    16
 -1.1730570840289794E-02 a      1153     1     8     2     1
 -5.2280847974252831E-01 a      1154     1     8     2     2
  4.7657365809260238E-01 a      1155     1     8     2     3
  1.3891348087818267E-01 a      1156     1     8     2     4
  1.1432188939838914E+00 a      1157     1     8     2     5
 -3.1594467117865635E-02 a      1158     1     8     2     6
 -5.3105297591551148E-01 a      1159     1     8     2     7
 -3.1965577042455917E-01 a      1160     1     8     2     8
 -1.2253839730627078E-01 a      1161     1     8     2     9
 -1.9054243406434040E-01 a      1162     1     8     2    10
 -4.7870650447582874E-01 a      1163     1     8     2    11
  8.3271232257473615E-01 a      1164     1     8     2    12
  1.1708009685304260E-01 a      1165     1     8     2    13
  2.6501203416691449E-01 a      1166     1     8     2    14
  8.2233638800039788E-01 a      1167     1     8     2    15
  3.7148987080980783E-01 a      1168     1     8     2    16
 -5.1616932889715472E-01 a      1169     1     9     2     1
  4.5714726468243766E-01 a      1170     1     9     2     2
 -6.8148348870111852E-01 a      1171     1     9     2     3
 -1.4522798076279675E+00 a      1172     1     9     2     4
 -8.4112830975318686E-01 a      1173     1     9     2     5
 -8.9655105721572648E-01 a      1174     1     9     2     6
  1.9176020912816553E-02 a      1175     1     9     2     7
 -1.0389021463194226E+00 a      1176     1     9     2     8
 -1.2821598138888901E+00 a      1177     1     9     2     9
 -1.6051210588130416E-01 a      1178     1     9     2    10
  3.0580170171150611E-01 a      1179     1     9     2    11
 -9.8082423922398065E-01 a      1180     1     9     2    12
 -5.5502715987351647E-01 a      1181     1     9     2    13
 -1.2463808379077759E+00 a      1182     1     9     2    14
  6.2792142331827741E-02 a      1183     1     9     2    15
 -5.2266348452720768E-01 a      1184     1     9     2    16
  8.6628637269980913E-01 a      1185     1    10     2     1
 -3.3406160262145122E-02 a      1186     1    10     2     2
 -7.5888482177619121E-02 a      1187     1    10     2     3
 -1.7907135749995726E-01 a      1188     1    10     2     4
 -1.6879937854122032E-01 a      1189     1    10     2     5
  3.4203529790366394E-02 a      1190     1    10     2     6
  4.7729585920245804E-01 a      1191     1    10     2     7
  4.9552321347280764E-01 a      1192     1    10     2     8
  3.9678263618319282E-01 a      1193     1    10     2     9
  5.4614097023109909E-01 a      1194     1    10     2    10
  8.2816265919404819E-01 a      1195     1    10     2    11
  9.5857114229072593E-01 a      1196     1    10     2    12
 -2.9167103226013052E-01 a      1197     1    10     2    13
 -1.6940521798600103E+00 a      1198     1    10     2    14
 -2.8737487476134142E-02 a      1199     1    10     2    15
  4.1130237078719073E-01 a      1200     1    10     2    16
  5.1920141316265511E-01 a      1201     1    11     2     1
 -2.5242974537945623E-01 a      1202     1    11     2     2
  6.1716944844800292E-01 a      1203     1    11     2     3
  8.5650338801271952E-01 a      1204     1    11     2     4
 -4.8278544786628352E-01 a      1205     1    11     2     5
  5.3829463772763264E-01 a      1206     1    11     2     6
 -2.5850389589957007E-01 a      1207     1    11     2     7
 -6.7650652629639385E-01 a      1208     1    11     2     8
  4.8720643468225577E-02 a      1209     1    11     2     9
 -1.3163867834573856E-01 a      1210     1    11     2    10
  4.3547850469623850E-01 a      1211     1    11     2    11
  3.0952533482386602E-01 a      1212     1    11     2    12
 -2.2009374243359581E-01 a      1213     1    11     2    13
 -1.3860470955311566E-02 a      1214     1    11     2    14
 -3.8287159789506497E-01 a      1215     1    11     2    15
  8.5978884699191860E-01 a      1216     1    11     2    16
  1.6503379530666928E-01 a      1217     1    12     2     1
  1.5472682214279097E+00 a      1218     1    12     2     2
 -1.1085078679329827E+00 a      1219     1    12     2     3
  2.8767435520937484E-01 a      1220     1    12     2     4
  7.3707860671042513E-01 a      1221     1    12     2     5
 -2.7221949392087430E-01 a      1222     1    12     2     6
  8.3174606497200321E-01 a      1223     1    12     2     7
  3.5129810338019757E-01 a      1224     1    12     2     8
  1.5292065831486173E-01 a      1225     1    12     2     9
  2.6319459831283087E-01 a      1226     1    12     2    10
  3.9948356844365313E-01 a      1227     1    12     2    11
  1.0119974962559857E+00 a      1228     1    12     2    12
  6.0469999528712370E-01 a      1229     1    12     2    13
 -9.0697537842629250E-01 a      1230     1    12     2    14
 -1.5752215845714451E-01 a      1231     1    12     2    15
 -2.8952191029059349E-01 a      1232     1    12     2    16
 -7.2442785393720191E-02 a      1233     1    13     2     1
 -2.2695746255633459E-01 a      1234     1    13     2     2
 -1.1518757962072107E-01 a      1235     1    13     2     3
  1.1443799523948266E+00 a      1236     1    13     2     4
 -1.0781461323006478E+00 a      1237     1    13     2     5
 -8.7917309006694577E-01 a      1238     1    13     2     6
  1.9516558144841267E+00 a      1239     1    13     2     7
 -6.7543949353060762E-01 a      1240     1    13     2     8
 -1.1894653145598590E+00 a      1241     1    13     2     9
 -3.7359337194111136E-01 a      1242     1    13     2    10
  6.1870509666620976E-01 a      1243     1    13     2    11
 -9.5527755002605386E-01 a      1244     1    13     2    12
 -6.7069609613222181E-01 a      1245     1    13     2    13
 -1.7107296267057264E+00 a      1246     1    13     2    14
 -9.4481108646619805E-01 a      1247     1    13     2    15
 -1.2229382594379119E+00 a      1248     1    13     2    16
 -3.9494960607296498E-01 a      1249     1    14     2     1
  3.4968989156023944E-01 a      1250     1    14     2     2
 -7.2691710949437116E-01 a      1251     1    14     2     3
 -3.7625995425911890E-01 a      1252     1    14     2     4
  4.8602856371088438E-01 a      1253     1    14     2     5
 -7.5035384549054074E-01 a      1254     1    14     2     6
 -1.0169404140333868E-01 a      1255     1    14     2     7
 -7.9693559659900715E-01 a      1256     1    14     2     8
 -7.0063972971396071E-01 a      1257     1    14     2     9
 -5.5296577850831663E-01 a      1258     1    14     2    10
  6.6018983874554862E-02 a      1259     1    14     2    11
  2.4265045090163456E-01 a      1260     1    14     2    12
  1.1851213528856980E-01 a      1261     1    14     2    13
 -8.8295037570174650E-01 a      1262     1    14     2    14
  5.4615365703900942E-01 a      1263     1    14     2    15
 -6.7027714616108325E-01 a      1264     1    14     2    16
  1.4222133059296638E+00 a      1265     1    15     2     1
  6.4756636762824407E-02 a      1266     1    15     2     2
  4.2942535874103083E-01 a      1267     1    15     2     3
  1.5679157929648280E+00 a      1268     1    15     2     4
  4.9682916312125902E-01 a      1269     1    15     2     5
 -2.1695939630039224E-01 a      1270     1    15     2     6
  4.3962691042471941E-01 a      1271     1    15     2     7
 -1.1343705834531612E+00 a      1272     1    15     2     8
  2.9233544533882999E-01 a      1273     1    15     2     9
 -4.8019751884266132E-01 a      1274     1    15     2    10
  1.5327353873400933E+00 a      1275     1    15     2    11
  1.1656561779876835E-01 a      1276     1    15     2    12
  2.9808422729509503E-02 a      1277     1    15     2    13
  8.5986343241169372E-01 a      1278     1    15     2    14
  1.2454081014875191E+00 a      1279     1    15     2    15
  5.8720922462292169E-01 a      1280     1    15     2    16
 -4.2396667045577104E-02 a      1281     1    16     2     1
  5.1643238907080469E-01 a      1282     1    16     2     2
  8.3071863396592238E-01 a      1283     1    16     2     3
  6.6556321819834174E-01 a      1284     1    16     2     4
 -1.7079457342725368E-01 a      1285     1    16     2     5
  5.4403243079426378E-01 a      1286     1    16     2     6
  1.7503756922231175E+00 a      1287     1    16     2     7
 -6.7363238144531346E-01 a      1288     1    16     2     8
 -1.4338120550196057E-01 a      1289     1    16     2     9
 -4.2359643257826385E-01 a      1290     1    16     2    10
  2.1284936370649649E-01 a      1291     1    16     2    11
 -1.2077042348957688E-01 a      1292     1    16     2    12
 -4.5875710224845256E-01 a      1293     1    16     2    13
 -1.3644055733342397E+00 a      1294     1    16     2    14
  1.3687779707543055E-01 a      1295     1    16     2    15
 -4.0573591473840148E-01 a      1296     1    16     2    16
  4.4996188642083035E-01 b      1297     2     1
 -9.2734828634687483E-01 b      1298     2     2
  4.1606320130094859E-01 b      1299     2     3
  5.0403847419870118E-01 b      1300     2     4
  1.7945222000612857E-01 b      1301     2     5
 -5.2088181473298834E-01 b      1302     2     6
 -2.2390806191098762E+00 b      1303     2     7
 -2.4824261920001439E-01 b      1304     2     8
 -8.0669618121458742E-01 b      1305     2     9
  2.8780615598028808E-01 b      1306     2    10
  9.9163999261002411E-01 b      1307     2    11
 -5.9866630807008026E-01 b      1308     2    12
 -2.4906187501333168E-01 b      1309     2    13
  2.4385210610040371E+00 b      1310     2    14
  8.2299136449876198E-01 b      1311     2    15
  3.7621588154402885E-01 b      1312     2    16
  3.6245883369654758E-01 a      1313     2     1     3     1
  9.1252551359569709E-02 a      1314     2     2     3     1
  3.9328738270002961E-01 a      1315     2     3     3     1
 -3.2156011638844816E-02 a      1316     2     4     3     1
 -1.3182819075506519E-01 a      1317     2     5     3     1
 -1.1895283928029192E+00 a      1318     2     6     3     1
 -2.4758436496753144E-02 a      1319     2     7     3     1
 -4.3255209676424006E-01 a      1320     2     8     3     1
  9.6136547109756776E-01 a      1321     2     9     3     1
 -1.1540894801553918E-01 a      1322     2    10     3     1
 -1.9579600327288435E-01 a      1323     2    11     3     1
  1.5564260836222216E-01 a      1324     2    12     3     1
 -4.3843570785375308E-01 a      1325     2    13     3     1
  2.0918887053999291E-01 a      1326     2    14     3     1
  7.8370150196077848E-02 a      1327     2    15     3     1
 -2.3679196975518968E-01 a      1328     2    16     3     1
  1.3554939639829891E-01 b      1329     3     1
