################################################################################
# Neural network connection values (weights and biases).
################################################################################
# Col  Name       Description
################################################################################
# 1    connection Neural network connection value.
# 2    t          Connection type (a = weight, b = bias).
# 3    index      Index enumerating weights.
# 4    l_s        Starting point layer (end point layer for biases).
# 5    n_s        Starting point neuron in starting layer (end point neuron for biases).
# 6    l_e        End point layer.
# 7    n_e        End point neuron in end layer.
################################################################################
#                      1 2         3     4     5     6     7
#             connection t     index   l_s   n_s   l_e   n_e
############################################################
 -4.4013915075902785E+00 a         1     0     1     1     1
 -3.3171719487047233E+00 a         2     0     1     1     2
 -6.9956271467673208E+00 a         3     0     1     1     3
 -4.6739121512912685E-01 a         4     0     1     1     4
 -4.3488220356492722E+00 a         5     0     1     1     5
  3.2546428457990748E+00 a         6     0     1     1     6
 -3.8171668560595138E+00 a         7     0     1     1     7
  4.4788856531167270E-01 a         8     0     1     1     8
  5.0512531471882225E+00 a         9     0     1     1     9
 -5.4149850324768767E-01 a        10     0     1     1    10
  8.3105427651628041E+00 a        11     0     1     1    11
 -6.7751554051477791E-01 a        12     0     1     1    12
 -1.3026683110034751E+00 a        13     0     1     1    13
  2.4779459666136248E+00 a        14     0     1     1    14
  5.4905533069381729E+00 a        15     0     1     1    15
  9.7164824697756096E+00 a        16     0     1     1    16
 -6.1110870709282930E+00 a        17     0     2     1     1
  7.4496853629312616E+00 a        18     0     2     1     2
  1.3210677619463340E+01 a        19     0     2     1     3
  1.7369512962799504E+01 a        20     0     2     1     4
  6.7401862955757386E-01 a        21     0     2     1     5
 -2.2077765105868735E+01 a        22     0     2     1     6
  4.9276451281687921E+00 a        23     0     2     1     7
  4.5680131645049782E+00 a        24     0     2     1     8
  4.7304793161075116E+00 a        25     0     2     1     9
  8.1095774670328140E+00 a        26     0     2     1    10
 -1.0346262428273279E+01 a        27     0     2     1    11
  1.0136846632280209E+01 a        28     0     2     1    12
  1.8044337225069327E+00 a        29     0     2     1    13
 -5.9960827156125367E+00 a        30     0     2     1    14
 -1.8452265935522066E-01 a        31     0     2     1    15
 -2.0213677249142577E+01 a        32     0     2     1    16
 -7.0376748624963774E+00 a        33     0     3     1     1
 -1.2371220989502469E+01 a        34     0     3     1     2
  2.3545392845589088E+00 a        35     0     3     1     3
  1.6317480513685762E+01 a        36     0     3     1     4
 -1.4197337326394523E+01 a        37     0     3     1     5
 -2.1869972174647234E+00 a        38     0     3     1     6
 -1.0581506520235273E+01 a        39     0     3     1     7
  1.5544855810443543E+01 a        40     0     3     1     8
  8.2277506334281956E+00 a        41     0     3     1     9
 -7.0156152904456022E+00 a        42     0     3     1    10
 -1.3631124297083419E-01 a        43     0     3     1    11
 -4.4931375734793084E+00 a        44     0     3     1    12
 -1.1195398338511882E+01 a        45     0     3     1    13
 -1.7432126478709975E+01 a        46     0     3     1    14
 -1.7493018586839451E+01 a        47     0     3     1    15
  7.1217936505350252E+00 a        48     0     3     1    16
  4.8420135769381600E+00 a        49     0     4     1     1
 -9.4196693223984962E+00 a        50     0     4     1     2
 -2.1445498804503480E+01 a        51     0     4     1     3
 -1.4940344928789209E+01 a        52     0     4     1     4
  1.2686304516309150E+00 a        53     0     4     1     5
  1.9187222566715388E+01 a        54     0     4     1     6
  2.8607562333895760E+00 a        55     0     4     1     7
 -4.4799547109912750E+00 a        56     0     4     1     8
 -2.1855784072658868E+00 a        57     0     4     1     9
 -5.5556212634420996E+00 a        58     0     4     1    10
  1.1755548498653438E+01 a        59     0     4     1    11
 -1.2581784206106333E+01 a        60     0     4     1    12
 -3.8481819604574548E+00 a        61     0     4     1    13
  1.0942715694032168E+01 a        62     0     4     1    14
 -9.4425715404754740E-01 a        63     0     4     1    15
  1.6245853136456763E+01 a        64     0     4     1    16
  1.9097365185075745E+00 a        65     0     5     1     1
  1.3041032995728180E+01 a        66     0     5     1     2
  1.5071993328677098E+00 a        67     0     5     1     3
 -1.8134639059722414E+01 a        68     0     5     1     4
  8.6560356895665329E+00 a        69     0     5     1     5
 -1.7545246593954276E+00 a        70     0     5     1     6
  1.9319100014525905E+01 a        71     0     5     1     7
 -1.7945455692573400E+01 a        72     0     5     1     8
 -9.8619722321942476E+00 a        73     0     5     1     9
  1.6577526802912264E+00 a        74     0     5     1    10
 -8.8637872920374161E-01 a        75     0     5     1    11
 -1.1337406984308254E+01 a        76     0     5     1    12
  1.1018264105723290E+01 a        77     0     5     1    13
  1.2741834654284533E+01 a        78     0     5     1    14
  2.1889994726414258E+01 a        79     0     5     1    15
 -2.1277912525945823E+01 a        80     0     5     1    16
  3.7723846116790529E+00 a        81     0     6     1     1
  4.5954533466309986E+00 a        82     0     6     1     2
  1.7735551444187529E+00 a        83     0     6     1     3
 -2.6299211714718003E+00 a        84     0     6     1     4
  2.5608830610076883E+00 a        85     0     6     1     5
 -2.4502466333168789E+00 a        86     0     6     1     6
  2.9228825872983926E+00 a        87     0     6     1     7
 -8.6783036412250336E-01 a        88     0     6     1     8
 -4.2474321132227235E+00 a        89     0     6     1     9
 -2.2514998667721935E+00 a        90     0     6     1    10
 -7.7762359200306035E+00 a        91     0     6     1    11
  1.6284819131251826E-01 a        92     0     6     1    12
 -9.1503505139920771E-01 a        93     0     6     1    13
 -3.0623028567732415E+00 a        94     0     6     1    14
 -4.0305386628578237E+00 a        95     0     6     1    15
 -7.4308247576298614E+00 a        96     0     6     1    16
 -1.0818415953510485E+00 a        97     0     7     1     1
  2.1504743975545302E+00 a        98     0     7     1     2
  5.9730354137675086E+00 a        99     0     7     1     3
 -2.6317780389973476E-02 a       100     0     7     1     4
 -3.2249304636146914E-01 a       101     0     7     1     5
 -1.5384166306470863E+00 a       102     0     7     1     6
 -2.7260135758190303E+00 a       103     0     7     1     7
  1.4740198408925957E+00 a       104     0     7     1     8
 -1.9405576270947886E-01 a       105     0     7     1     9
  8.8298273305112573E-01 a       106     0     7     1    10
 -3.2916176041486453E+00 a       107     0     7     1    11
  4.5188747067417250E+00 a       108     0     7     1    12
  7.3084878151625887E-01 a       109     0     7     1    13
 -2.7092347004474866E+00 a       110     0     7     1    14
  1.1752073744465785E+00 a       111     0     7     1    15
 -4.5261248244453883E-01 a       112     0     7     1    16
  2.7437250353595437E+00 a       113     0     8     1     1
 -1.6864888184265272E+00 a       114     0     8     1     2
 -1.3352434689360020E+00 a       115     0     8     1     3
  5.5439257707639982E+00 a       116     0     8     1     4
  1.7936283203623862E+00 a       117     0     8     1     5
  3.4769002333617549E+00 a       118     0     8     1     6
 -6.7590350732149789E+00 a       119     0     8     1     7
  3.8570942317076038E+00 a       120     0     8     1     8
  2.6360913008808913E+00 a       121     0     8     1     9
  4.4198145671679706E-01 a       122     0     8     1    10
  6.5836254905491276E-01 a       123     0     8     1    11
  8.8523098306494248E+00 a       124     0     8     1    12
 -2.9878420883345580E+00 a       125     0     8     1    13
  1.5817635601008637E-01 a       126     0     8     1    14
 -4.0782009389753053E+00 a       127     0     8     1    15
  8.3328514531609272E+00 a       128     0     8     1    16
 -1.0734013314992223E+00 a       129     0     9     1     1
 -1.3893542581100022E+00 a       130     0     9     1     2
 -2.4853766193043370E-01 a       131     0     9     1     3
  1.2501104995916135E+00 a       132     0     9     1     4
 -6.7247101525332842E-01 a       133     0     9     1     5
  6.7405684045803671E-01 a       134     0     9     1     6
 -1.3753377671358074E+00 a       135     0     9     1     7
  6.5459461797208041E-01 a       136     0     9     1     8
  1.7743377946788641E+00 a       137     0     9     1     9
  1.7923095612774436E+00 a       138     0     9     1    10
  2.8318123625251608E+00 a       139     0     9     1    11
  5.3064504968672876E-01 a       140     0     9     1    12
  1.0193787108812896E-01 a       141     0     9     1    13
  1.5326473570271746E+00 a       142     0     9     1    14
  1.7518515738553444E+00 a       143     0     9     1    15
  2.6811385256842972E+00 a       144     0     9     1    16
  4.0273201599131099E+00 a       145     0    10     1     1
 -1.3041034743720159E+01 a       146     0    10     1     2
  2.2413502647378941E+01 a       147     0    10     1     3
  1.0579060166559701E+01 a       148     0    10     1     4
  2.1291893186880014E+01 a       149     0    10     1     5
 -1.4493646868846641E+01 a       150     0    10     1     6
  1.2539128135670399E+01 a       151     0    10     1     7
 -4.9513533074220710E+00 a       152     0    10     1     8
 -4.0432942417278328E+00 a       153     0    10     1     9
 -6.4321475302202744E+00 a       154     0    10     1    10
  3.2981186273032344E+00 a       155     0    10     1    11
 -5.2565363764127471E-01 a       156     0    10     1    12
  3.2312429410682215E+00 a       157     0    10     1    13
 -8.7815827486473874E-01 a       158     0    10     1    14
 -2.1482786166729387E+01 a       159     0    10     1    15
 -4.3954016708347261E+00 a       160     0    10     1    16
  9.0094175791875646E+00 a       161     0    11     1     1
  1.7530145826951770E+01 a       162     0    11     1     2
  1.8295756200780751E+01 a       163     0    11     1     3
  5.2674777296285953E+00 a       164     0    11     1     4
 -9.0655403189631159E+00 a       165     0    11     1     5
  6.1285746299818111E+00 a       166     0    11     1     6
 -1.3459095771663199E+01 a       167     0    11     1     7
 -6.8089830195639545E+00 a       168     0    11     1     8
 -7.8197015624077331E+00 a       169     0    11     1     9
 -2.9121488049186429E+01 a       170     0    11     1    10
  3.3896863950061668E-01 a       171     0    11     1    11
 -1.1542333358125324E+01 a       172     0    11     1    12
 -8.1451442987604370E+00 a       173     0    11     1    13
 -2.5319463471601132E+01 a       174     0    11     1    14
 -1.6820977275252126E+01 a       175     0    11     1    15
  3.3036471804185901E+01 a       176     0    11     1    16
 -7.6815606572733035E+00 a       177     0    12     1     1
 -1.2930684084845199E+00 a       178     0    12     1     2
 -1.5351350566665836E+01 a       179     0    12     1     3
 -1.2124857701407463E+00 a       180     0    12     1     4
 -7.1644474073351851E+00 a       181     0    12     1     5
 -6.6640753756103548E+00 a       182     0    12     1     6
 -6.5265955105502007E+00 a       183     0    12     1     7
 -6.2875210709568039E+00 a       184     0    12     1     8
 -4.0726960534546004E+00 a       185     0    12     1     9
  1.0485072955865819E+01 a       186     0    12     1    10
 -1.6059598693114030E+01 a       187     0    12     1    11
  1.2453574917308964E+01 a       188     0    12     1    12
  6.4099478795779874E-02 a       189     0    12     1    13
  1.8403779915173597E+01 a       190     0    12     1    14
  8.2975905876901468E+00 a       191     0    12     1    15
  6.5477045580345381E+00 a       192     0    12     1    16
 -3.3707465370947304E+01 a       193     0    13     1     1
  9.2684072518460159E+00 a       194     0    13     1     2
 -1.1126333339662500E+01 a       195     0    13     1     3
 -1.7389698581323920E+00 a       196     0    13     1     4
 -1.3939777571308090E+01 a       197     0    13     1     5
  1.8829692762532495E+01 a       198     0    13     1     6
 -2.4660698232064817E+01 a       199     0    13     1     7
 -7.1485271481481281E+00 a       200     0    13     1     8
 -1.3715534848297734E+01 a       201     0    13     1     9
 -1.3676765222781810E+01 a       202     0    13     1    10
 -1.9350297273064925E+01 a       203     0    13     1    11
 -1.2426249027750536E+01 a       204     0    13     1    12
 -5.7095307046201462E+00 a       205     0    13     1    13
 -1.3800002700114568E+01 a       206     0    13     1    14
 -8.8349928563630495E+00 a       207     0    13     1    15
 -1.5615463882490900E+01 a       208     0    13     1    16
  1.9222628254304528E+01 a       209     0    14     1     1
  1.5783684762568143E+01 a       210     0    14     1     2
 -2.2156729643835792E+01 a       211     0    14     1     3
  2.0962269302727538E+01 a       212     0    14     1     4
 -3.4189754422110080E-01 a       213     0    14     1     5
  7.3325110622071552E+00 a       214     0    14     1     6
  2.2727162276881150E+00 a       215     0    14     1     7
 -3.0015148540767331E+00 a       216     0    14     1     8
 -9.4865214960295656E+00 a       217     0    14     1     9
  1.6286786113502504E+01 a       218     0    14     1    10
  6.1654081812036556E-02 a       219     0    14     1    11
  2.0668649938887405E+01 a       220     0    14     1    12
  2.0544954991331896E+00 a       221     0    14     1    13
 -3.9086041391594257E+00 a       222     0    14     1    14
  1.9100137489230235E+01 a       223     0    14     1    15
  3.0188786813274846E+00 a       224     0    14     1    16
  1.0118124949936593E+01 a       225     0    15     1     1
 -1.6350319970042211E+01 a       226     0    15     1     2
  1.3354558172006659E+00 a       227     0    15     1     3
  3.4497689134910758E+00 a       228     0    15     1     4
  2.3366700059389753E+01 a       229     0    15     1     5
  5.5390367258311830E+00 a       230     0    15     1     6
  3.4609392465846319E+01 a       231     0    15     1     7
 -3.8620638812028694E+00 a       232     0    15     1     8
 -7.1549082398072503E+00 a       233     0    15     1     9
 -1.4366930362069587E+01 a       234     0    15     1    10
 -1.8378709052996502E+01 a       235     0    15     1    11
  1.4623496840493388E+01 a       236     0    15     1    12
  3.7678947500416392E+01 a       237     0    15     1    13
  4.5199253449630437E+00 a       238     0    15     1    14
  1.0486428111010104E+00 a       239     0    15     1    15
 -1.2837236058962743E+01 a       240     0    15     1    16
 -5.1201999623589307E+00 a       241     0    16     1     1
  1.2585526179927372E+01 a       242     0    16     1     2
  5.5634491297760291E-01 a       243     0    16     1     3
  1.5169110676611645E+01 a       244     0    16     1     4
  6.7291688869326931E+00 a       245     0    16     1     5
 -1.3717757097328468E+01 a       246     0    16     1     6
  4.2725945038010655E+00 a       247     0    16     1     7
 -6.7455086553228938E-01 a       248     0    16     1     8
  9.8215019519514080E+00 a       249     0    16     1     9
  5.4366205045788947E+00 a       250     0    16     1    10
  9.5004592412796711E+00 a       251     0    16     1    11
  5.7209496372303148E+00 a       252     0    16     1    12
  8.8079719204069260E+00 a       253     0    16     1    13
  1.1190903448750889E+01 a       254     0    16     1    14
 -4.5607030767188421E+00 a       255     0    16     1    15
  7.4487329130174613E+00 a       256     0    16     1    16
  2.8390966506678987E+00 a       257     0    17     1     1
 -6.4520816067014097E+00 a       258     0    17     1     2
 -7.8507160091164776E+00 a       259     0    17     1     3
  1.1763107370365551E+00 a       260     0    17     1     4
  1.5991384230648689E+00 a       261     0    17     1     5
  2.7927121141094311E+00 a       262     0    17     1     6
  4.9079308032334819E+00 a       263     0    17     1     7
  1.8693205172409906E+00 a       264     0    17     1     8
  2.8631571505881519E+00 a       265     0    17     1     9
 -1.4520277737538654E+00 a       266     0    17     1    10
 -2.0912116141889707E+00 a       267     0    17     1    11
  1.3972499124956868E+00 a       268     0    17     1    12
  3.6823941905499300E+00 a       269     0    17     1    13
 -2.0828416689974558E+00 a       270     0    17     1    14
  2.7040809085494226E+00 a       271     0    17     1    15
  2.5481989451715159E+00 a       272     0    17     1    16
 -1.3366350908447044E+00 a       273     0    18     1     1
  5.5280157647981387E-01 a       274     0    18     1     2
 -7.4480876240971368E+00 a       275     0    18     1     3
  5.5463302343313412E+00 a       276     0    18     1     4
  3.3076082552749950E+00 a       277     0    18     1     5
 -5.7788848322098376E+00 a       278     0    18     1     6
  3.8473227351164314E+00 a       279     0    18     1     7
 -9.4055437638791495E-01 a       280     0    18     1     8
  4.6993978822293867E+00 a       281     0    18     1     9
  1.7937088109422867E+00 a       282     0    18     1    10
  8.0000552361698780E+00 a       283     0    18     1    11
  5.5465457918850447E+00 a       284     0    18     1    12
  6.4244623068090023E+00 a       285     0    18     1    13
  7.3378288614908431E+00 a       286     0    18     1    14
 -3.8930150192601549E+00 a       287     0    18     1    15
  6.0795629135098599E+00 a       288     0    18     1    16
  7.6550696825588860E-01 a       289     0    19     1     1
  8.0996177823242572E+00 a       290     0    19     1     2
 -2.8476092425913841E+00 a       291     0    19     1     3
  5.9128896374506204E-02 a       292     0    19     1     4
  9.1487094824130100E-01 a       293     0    19     1     5
 -7.4803772130670838E+00 a       294     0    19     1     6
  3.8554106243807480E+00 a       295     0    19     1     7
 -1.6639079916543149E+00 a       296     0    19     1     8
  1.3322110858480098E+00 a       297     0    19     1     9
 -9.4374795977987134E+00 a       298     0    19     1    10
  6.4845179018207935E+00 a       299     0    19     1    11
 -9.9672059906608446E-01 a       300     0    19     1    12
  4.2258447994495763E+00 a       301     0    19     1    13
  4.8523847111513113E-01 a       302     0    19     1    14
  5.9720663931421103E-01 a       303     0    19     1    15
 -4.4220637760721768E+00 a       304     0    19     1    16
 -1.0081549101288440E+01 a       305     0    20     1     1
  2.7467857819506865E+01 a       306     0    20     1     2
 -1.5820366424388506E+01 a       307     0    20     1     3
 -1.5277157606978975E+01 a       308     0    20     1     4
 -3.6463038067268492E+01 a       309     0    20     1     5
  1.5571732870647027E+01 a       310     0    20     1     6
 -1.9464721871751586E+01 a       311     0    20     1     7
 -1.3930670837349808E+00 a       312     0    20     1     8
 -1.5085076002031863E+01 a       313     0    20     1     9
  1.9271793743188983E+00 a       314     0    20     1    10
 -2.8599456369265390E+01 a       315     0    20     1    11
  1.8952965918035463E+01 a       316     0    20     1    12
  9.1783591679575967E+00 a       317     0    20     1    13
  6.6500487713967562E+00 a       318     0    20     1    14
  4.1491422199013385E+01 a       319     0    20     1    15
  2.2455208216858624E+00 a       320     0    20     1    16
 -1.7173534887155391E+01 a       321     0    21     1     1
 -5.9850873895132828E+01 a       322     0    21     1     2
 -2.9898600372241347E+01 a       323     0    21     1     3
 -3.8846608883001466E+01 a       324     0    21     1     4
  1.5654738550261335E+01 a       325     0    21     1     5
  6.9093858084400073E-01 a       326     0    21     1     6
  5.5385856899380386E+00 a       327     0    21     1     7
  4.9025826915653070E+00 a       328     0    21     1     8
 -6.6521913143348694E+00 a       329     0    21     1     9
  4.3619459880877208E+01 a       330     0    21     1    10
 -8.7275451071851897E+00 a       331     0    21     1    11
  3.0055201136322701E+01 a       332     0    21     1    12
  2.1614128271065493E+01 a       333     0    21     1    13
  5.1519586382766349E+01 a       334     0    21     1    14
  4.1185719187951754E+01 a       335     0    21     1    15
 -4.0373966625578575E+01 a       336     0    21     1    16
  4.0980014344282765E+01 a       337     0    22     1     1
  3.6838736117115545E+00 a       338     0    22     1     2
  2.5161221525103169E+01 a       339     0    22     1     3
 -1.5945217604506762E+01 a       340     0    22     1     4
  3.1427078824191771E+01 a       341     0    22     1     5
  3.0550302243694876E+01 a       342     0    22     1     6
  1.7718038026038929E+01 a       343     0    22     1     7
  3.9255082235112329E+00 a       344     0    22     1     8
 -2.5485955901406245E+00 a       345     0    22     1     9
  3.6509747853142107E+00 a       346     0    22     1    10
  2.8863210189012694E+01 a       347     0    22     1    11
  4.9824003822109679E+00 a       348     0    22     1    12
  4.6509827379215913E+00 a       349     0    22     1    13
 -3.5130289198619465E+01 a       350     0    22     1    14
 -1.7857785003434067E+01 a       351     0    22     1    15
  1.4741273452723588E+01 a       352     0    22     1    16
 -6.2451299179531901E+01 a       353     0    23     1     1
 -5.1323949936430097E+01 a       354     0    23     1     2
  1.8889278662802290E+01 a       355     0    23     1     3
 -3.8930797524642465E+01 a       356     0    23     1     4
 -3.0607654787156985E+01 a       357     0    23     1     5
 -1.5225924180189724E+01 a       358     0    23     1     6
 -1.3421254257861273E+01 a       359     0    23     1     7
  1.1131281657140402E+01 a       360     0    23     1     8
  2.2001316018745097E+01 a       361     0    23     1     9
 -1.4856395230641818E+01 a       362     0    23     1    10
 -3.3780310462767694E+01 a       363     0    23     1    11
 -4.2112055506390540E+01 a       364     0    23     1    12
 -2.0475002440788820E+01 a       365     0    23     1    13
  2.2606333450409782E+01 a       366     0    23     1    14
 -2.7182348108891137E+01 a       367     0    23     1    15
 -1.6895396308465465E+01 a       368     0    23     1    16
  3.6396219928204381E+01 a       369     0    24     1     1
 -1.1667056683260345E+01 a       370     0    24     1     2
  2.2155024283698211E+01 a       371     0    24     1     3
  3.4014779839279257E+00 a       372     0    24     1     4
  1.8976874761087227E+01 a       373     0    24     1     5
 -2.8120307709987404E+01 a       374     0    24     1     6
  2.6093742252104622E+01 a       375     0    24     1     7
  9.3167134955460487E+00 a       376     0    24     1     8
  2.1901798745406722E+01 a       377     0    24     1     9
  2.1347992181108214E+01 a       378     0    24     1    10
  4.2068350458825485E+01 a       379     0    24     1    11
 -5.0815866397787577E+00 a       380     0    24     1    12
 -1.6203440421774040E+01 a       381     0    24     1    13
  1.0811691496569615E+01 a       382     0    24     1    14
 -1.2010224326514072E+01 a       383     0    24     1    15
  9.6044698427000821E+00 a       384     0    24     1    16
  1.0304645444928983E+01 a       385     0    25     1     1
  1.9285282599071241E+01 a       386     0    25     1     2
  1.6191539834765130E+01 a       387     0    25     1     3
 -4.3127731305053618E-01 a       388     0    25     1     4
 -1.6000925692130199E+01 a       389     0    25     1     5
  1.8559006613526734E+01 a       390     0    25     1     6
 -1.4077359025238585E+00 a       391     0    25     1     7
  1.9562450380666265E+00 a       392     0    25     1     8
 -4.3163037395556669E+00 a       393     0    25     1     9
 -2.1697375629719449E+01 a       394     0    25     1    10
 -1.1795339776453771E+01 a       395     0    25     1    11
 -2.5858759621120139E+01 a       396     0    25     1    12
 -2.1546113612962095E+01 a       397     0    25     1    13
 -3.9216698525174245E+01 a       398     0    25     1    14
 -1.3730910292044664E+01 a       399     0    25     1    15
  1.0782569219947140E+00 a       400     0    25     1    16
  4.4990773123710215E-01 a       401     0    26     1     1
 -1.0573808657252042E+00 a       402     0    26     1     2
  1.8634030282759710E+00 a       403     0    26     1     3
  5.8461456115782120E+00 a       404     0    26     1     4
  4.3248654720955262E+00 a       405     0    26     1     5
 -3.5743150887041928E+00 a       406     0    26     1     6
 -1.9694856662708766E+00 a       407     0    26     1     7
  1.4544616289378556E-01 a       408     0    26     1     8
  2.7251856269269013E+00 a       409     0    26     1     9
  1.7046718749448275E+00 a       410     0    26     1    10
  2.4433955461385630E+00 a       411     0    26     1    11
 -2.0921413579877463E-01 a       412     0    26     1    12
  2.9699590860180374E+00 a       413     0    26     1    13
  4.5190811047074875E-01 a       414     0    26     1    14
 -8.5299031731633557E-01 a       415     0    26     1    15
  2.6552741822820742E+00 a       416     0    26     1    16
  4.0111816471509093E-01 a       417     0    27     1     1
  7.4547978105336652E+00 a       418     0    27     1     2
  1.5853083651839150E+00 a       419     0    27     1     3
  6.7568413907200267E+00 a       420     0    27     1     4
  1.5425410600491873E+00 a       421     0    27     1     5
 -3.1308015210205715E+00 a       422     0    27     1     6
 -4.7991126751710969E+00 a       423     0    27     1     7
 -3.3715738292083883E+00 a       424     0    27     1     8
  1.7494974676558832E+00 a       425     0    27     1     9
 -2.9021077246974993E+00 a       426     0    27     1    10
  6.3790510267457519E+00 a       427     0    27     1    11
  2.5658128810473952E+00 a       428     0    27     1    12
  8.0039696842935513E+00 a       429     0    27     1    13
  7.4010593240411315E-01 a       430     0    27     1    14
 -3.0454453019492358E+00 a       431     0    27     1    15
  9.7914774157212143E+00 a       432     0    27     1    16
  1.3256275127176798E+01 a       433     0    28     1     1
  1.9474555873413987E+01 a       434     0    28     1     2
 -6.8082959113067050E+00 a       435     0    28     1     3
  1.4311904233207352E+01 a       436     0    28     1     4
  3.8319869936264594E+00 a       437     0    28     1     5
 -6.0563058816873285E+00 a       438     0    28     1     6
  2.9717184522720936E+00 a       439     0    28     1     7
 -3.2426105442136754E+00 a       440     0    28     1     8
 -1.4707378731759120E+00 a       441     0    28     1     9
  1.8455628047095003E+00 a       442     0    28     1    10
  1.1563098390609412E+01 a       443     0    28     1    11
  8.9205594819702245E+00 a       444     0    28     1    12
  1.0261557326802775E+01 a       445     0    28     1    13
 -2.4672027966312888E+00 a       446     0    28     1    14
  1.2326620085424169E+01 a       447     0    28     1    15
  2.5366671183446172E+00 a       448     0    28     1    16
 -4.1848153015869416E+00 a       449     0    29     1     1
  1.0655973162928587E+00 a       450     0    29     1     2
  1.9033096499579396E+00 a       451     0    29     1     3
 -2.2963141253935455E+00 a       452     0    29     1     4
  3.9710974413360693E+00 a       453     0    29     1     5
  2.9563462811149344E+00 a       454     0    29     1     6
 -1.4200314044893952E-01 a       455     0    29     1     7
 -3.4377568962223393E+00 a       456     0    29     1     8
 -6.2191228735593587E+00 a       457     0    29     1     9
 -4.5260235287904083E+00 a       458     0    29     1    10
 -6.5376068762780468E+00 a       459     0    29     1    11
 -1.2123321828977121E+00 a       460     0    29     1    12
 -4.7064559811827706E+00 a       461     0    29     1    13
 -3.8099145832098996E-01 a       462     0    29     1    14
 -5.9115107357177221E+00 a       463     0    29     1    15
 -3.3245137364539428E+00 a       464     0    29     1    16
  4.4477359792849738E+00 a       465     0    30     1     1
  2.0631402943563657E+00 a       466     0    30     1     2
  6.1930215328329590E+00 a       467     0    30     1     3
  8.9718565047993648E-01 a       468     0    30     1     4
 -1.1151398112073903E+00 a       469     0    30     1     5
 -1.6363719195483504E+00 a       470     0    30     1     6
  2.4805898127424513E+00 a       471     0    30     1     7
  1.3009775945012894E+00 a       472     0    30     1     8
 -3.4111582802663856E+00 a       473     0    30     1     9
 -2.3729353954377213E+00 a       474     0    30     1    10
 -8.0675386282282808E+00 a       475     0    30     1    11
 -5.3414631377946575E+00 a       476     0    30     1    12
 -1.6244689693710825E+01 a       477     0    30     1    13
 -6.0086873867281332E+00 a       478     0    30     1    14
  1.8696534696723771E-01 a       479     0    30     1    15
 -4.9635130645020169E+00 a       480     0    30     1    16
  1.5096974130282147E+01 a       481     0    31     1     1
  5.7945099500841009E+00 a       482     0    31     1     2
 -4.2472500869798342E+00 a       483     0    31     1     3
  1.4734180374397956E+01 a       484     0    31     1     4
  8.8898408360619676E+00 a       485     0    31     1     5
  8.0758778742896027E+00 a       486     0    31     1     6
 -7.0826369702168390E-01 a       487     0    31     1     7
 -4.3519656364605215E+00 a       488     0    31     1     8
 -1.2566390191987987E+01 a       489     0    31     1     9
  1.0710019925834631E+01 a       490     0    31     1    10
 -2.9009886413636448E+00 a       491     0    31     1    11
  1.4421759424995912E+01 a       492     0    31     1    12
 -4.0152283152663113E+00 a       493     0    31     1    13
 -2.4176707548876561E+00 a       494     0    31     1    14
  8.0383000986509945E+00 a       495     0    31     1    15
  5.2607353884444583E+00 a       496     0    31     1    16
 -6.8051998627052868E+00 a       497     0    32     1     1
  1.1716500677333643E+01 a       498     0    32     1     2
 -8.3089036535773690E+00 a       499     0    32     1     3
 -4.3178741362433914E+00 a       500     0    32     1     4
 -1.5979461514636734E+01 a       501     0    32     1     5
 -2.1368596992414624E+00 a       502     0    32     1     6
 -3.1566947345135912E+01 a       503     0    32     1     7
  4.3280282202778109E+00 a       504     0    32     1     8
  1.2664548207186778E+01 a       505     0    32     1     9
  1.3130384620993604E+01 a       506     0    32     1    10
  2.0791008625345622E+01 a       507     0    32     1    11
 -1.0204482628763371E+01 a       508     0    32     1    12
 -2.8751798293691145E+01 a       509     0    32     1    13
 -1.8182545142173823E+00 a       510     0    32     1    14
  6.4063915999817889E-01 a       511     0    32     1    15
  2.5664846525456039E+01 a       512     0    32     1    16
 -1.4384498291604254E+01 a       513     0    33     1     1
  1.3274724553373802E+00 a       514     0    33     1     2
  8.8369898329904988E+00 a       515     0    33     1     3
  2.7395281583657831E+00 a       516     0    33     1     4
 -4.0735757682813096E+00 a       517     0    33     1     5
 -9.2406279813810581E+00 a       518     0    33     1     6
 -5.1959745287090078E+00 a       519     0    33     1     7
 -5.4249001722077561E-01 a       520     0    33     1     8
  3.9466934748353109E+00 a       521     0    33     1     9
 -1.2595001212759694E+01 a       522     0    33     1    10
 -9.2653241449330526E-01 a       523     0    33     1    11
 -1.1730088215465010E+01 a       524     0    33     1    12
  3.2723278870367278E+00 a       525     0    33     1    13
  5.3508306506750305E+00 a       526     0    33     1    14
 -1.8571195856940359E+00 a       527     0    33     1    15
 -3.4207047154876280E+00 a       528     0    33     1    16
  3.4010618303651752E-01 a       529     0    34     1     1
 -8.0823067569295415E-01 a       530     0    34     1     2
 -8.6840524281660850E-02 a       531     0    34     1     3
 -1.0648282803729028E+00 a       532     0    34     1     4
 -1.3779547690805187E+00 a       533     0    34     1     5
 -1.3488259665343266E-01 a       534     0    34     1     6
  5.4515556564039291E-01 a       535     0    34     1     7
 -6.0767862099301440E-01 a       536     0    34     1     8
 -1.7985838233679757E-01 a       537     0    34     1     9
 -2.6545931614491898E+00 a       538     0    34     1    10
  1.0298351153436105E+00 a       539     0    34     1    11
  1.6829997256446955E-01 a       540     0    34     1    12
  9.7330404170851181E-01 a       541     0    34     1    13
 -1.5740743667264263E+00 a       542     0    34     1    14
  1.1843897599567630E+00 a       543     0    34     1    15
 -7.3771384168013054E-01 a       544     0    34     1    16
 -1.9553290155982133E+00 a       545     0    35     1     1
 -1.2996932062123989E+00 a       546     0    35     1     2
 -7.3509852099700457E-01 a       547     0    35     1     3
  1.5708662496028427E+00 a       548     0    35     1     4
  1.7630070388411785E+00 a       549     0    35     1     5
 -8.6446203156251855E-01 a       550     0    35     1     6
 -3.0766926307968884E-01 a       551     0    35     1     7
 -1.4827352901263995E+00 a       552     0    35     1     8
 -1.2651352468873760E+00 a       553     0    35     1     9
 -2.5715068121076197E+00 a       554     0    35     1    10
  1.5343204710780698E+00 a       555     0    35     1    11
  7.8050983881712654E-01 a       556     0    35     1    12
  7.8802315040890702E-01 a       557     0    35     1    13
  2.2382164135039360E+00 a       558     0    35     1    14
 -1.0877967961978547E+00 a       559     0    35     1    15
  2.8677316623475271E+00 a       560     0    35     1    16
 -8.8100014000456628E-01 a       561     0    36     1     1
 -1.1406493716786994E+00 a       562     0    36     1     2
 -4.0041173775604575E+00 a       563     0    36     1     3
  7.9544227581355675E-01 a       564     0    36     1     4
  9.9068681451102453E-02 a       565     0    36     1     5
 -3.2307196699263634E+00 a       566     0    36     1     6
 -2.9923042704380003E+00 a       567     0    36     1     7
  3.4558008120682598E-01 a       568     0    36     1     8
  9.7135316762259616E-02 a       569     0    36     1     9
 -3.4480179158452833E+00 a       570     0    36     1    10
  6.6942366216458069E+00 a       571     0    36     1    11
  1.2414414691480198E-01 a       572     0    36     1    12
  1.8101119412433873E+00 a       573     0    36     1    13
  2.5399200297866016E+00 a       574     0    36     1    14
 -4.2526485616989111E+00 a       575     0    36     1    15
 -3.0029391148631140E-01 a       576     0    36     1    16
 -6.2869524515959674E-02 a       577     0    37     1     1
 -5.9833566912571046E+00 a       578     0    37     1     2
  9.4327954280874220E+00 a       579     0    37     1     3
 -1.9726046427048663E-01 a       580     0    37     1     4
 -8.2359033003717421E+00 a       581     0    37     1     5
  1.3172380297677517E+01 a       582     0    37     1     6
 -6.9948615472702462E+00 a       583     0    37     1     7
  5.3972719279548009E+00 a       584     0    37     1     8
  4.3531513487927045E+00 a       585     0    37     1     9
 -9.7991024594835219E-01 a       586     0    37     1    10
 -2.1701824872989164E+00 a       587     0    37     1    11
 -6.3807933644470953E+00 a       588     0    37     1    12
 -6.8976852666150323E-01 a       589     0    37     1    13
 -6.1123040774145885E+00 a       590     0    37     1    14
  4.3536965190972809E+00 a       591     0    37     1    15
 -1.0669643979882901E+00 a       592     0    37     1    16
  8.8034735253125385E-01 a       593     0    38     1     1
 -1.1271990922288000E+00 a       594     0    38     1     2
  2.9694177726335127E+00 a       595     0    38     1     3
 -3.8180283143785541E-02 a       596     0    38     1     4
 -4.7391390331879304E+00 a       597     0    38     1     5
  2.4424504656800217E+00 a       598     0    38     1     6
 -1.0668654106031501E+00 a       599     0    38     1     7
  6.7091228764794641E-01 a       600     0    38     1     8
  1.2117429931103183E+00 a       601     0    38     1     9
 -1.7795274411099409E+00 a       602     0    38     1    10
  2.6899867279229746E+00 a       603     0    38     1    11
 -1.9653681108003720E+00 a       604     0    38     1    12
  4.2007270276183730E+00 a       605     0    38     1    13
 -2.0306814286036219E+00 a       606     0    38     1    14
 -2.1765339106653175E-01 a       607     0    38     1    15
 -1.4930129435513431E+00 a       608     0    38     1    16
  6.2881997129674116E-01 a       609     0    39     1     1
 -9.8827788174741471E+00 a       610     0    39     1     2
 -4.7222728624682491E+00 a       611     0    39     1     3
 -4.5162814174230448E+00 a       612     0    39     1     4
 -3.9181645198692174E+00 a       613     0    39     1     5
  6.3316722702199044E+00 a       614     0    39     1     6
  4.8831786017471707E-01 a       615     0    39     1     7
 -1.9140654593634736E+00 a       616     0    39     1     8
 -2.0996648331540722E+00 a       617     0    39     1     9
 -1.8723315880501676E+01 a       618     0    39     1    10
 -8.1353757431434762E-02 a       619     0    39     1    11
 -2.3623391272901855E+00 a       620     0    39     1    12
 -1.4482355208144275E+01 a       621     0    39     1    13
 -4.8124714539840294E+00 a       622     0    39     1    14
  5.6542674445030174E+00 a       623     0    39     1    15
  2.9248330958291011E+00 a       624     0    39     1    16
  1.1716699147352321E+00 a       625     0    40     1     1
  3.2989641783229438E+00 a       626     0    40     1     2
  9.3712079189720825E+00 a       627     0    40     1     3
  1.0891618278021985E+01 a       628     0    40     1     4
 -8.3345728770416827E-01 a       629     0    40     1     5
  2.5598475150689692E+00 a       630     0    40     1     6
  5.9826784125026409E+00 a       631     0    40     1     7
  4.6961818295917918E-01 a       632     0    40     1     8
  1.7175773622600946E-01 a       633     0    40     1     9
 -2.9592904967625305E-01 a       634     0    40     1    10
  3.4178931736407064E-01 a       635     0    40     1    11
 -4.1095734391930643E+00 a       636     0    40     1    12
  2.6895270893638932E+00 a       637     0    40     1    13
  3.1014821317281420E+00 a       638     0    40     1    14
 -1.9342904499637015E+00 a       639     0    40     1    15
 -7.0103517129055790E+00 a       640     0    40     1    16
  9.7701281413758806E-02 a       641     0    41     1     1
 -2.1092094275551174E+00 a       642     0    41     1     2
  2.8084478709066598E+00 a       643     0    41     1     3
 -3.9200240669019433E+00 a       644     0    41     1     4
 -2.8827113743759933E+00 a       645     0    41     1     5
  1.6797592617750676E+00 a       646     0    41     1     6
 -2.2964214575773778E+00 a       647     0    41     1     7
  3.1731467958271478E+00 a       648     0    41     1     8
  1.0212412607511705E+00 a       649     0    41     1     9
  8.9466077691999074E-02 a       650     0    41     1    10
 -2.9631982512217431E-01 a       651     0    41     1    11
  8.6147781513681210E-01 a       652     0    41     1    12
  1.4696928746076038E-01 a       653     0    41     1    13
 -2.9045796805013753E+00 a       654     0    41     1    14
  4.7337871070400148E-02 a       655     0    41     1    15
  1.1323293246032839E+00 a       656     0    41     1    16
  3.4331930818763188E+00 a       657     0    42     1     1
 -3.3126055576996578E+01 a       658     0    42     1     2
  1.8244899024417889E+00 a       659     0    42     1     3
  1.5559790714313557E+01 a       660     0    42     1     4
 -1.3339580245101401E+00 a       661     0    42     1     5
 -1.5387856558226213E+01 a       662     0    42     1     6
 -6.5491988126783625E+00 a       663     0    42     1     7
  1.0709345798772616E+00 a       664     0    42     1     8
 -8.6955242276474358E+00 a       665     0    42     1     9
 -1.7913372685486319E+01 a       666     0    42     1    10
  1.2137165835220392E+01 a       667     0    42     1    11
  6.0285995881419936E+00 a       668     0    42     1    12
 -5.4053073874735054E+00 a       669     0    42     1    13
 -6.2286590824030830E-01 a       670     0    42     1    14
 -9.9285562498651441E+00 a       671     0    42     1    15
 -4.9219906531630722E+00 a       672     0    42     1    16
 -3.7891267971548750E+00 a       673     0    43     1     1
  6.1266944366251241E+00 a       674     0    43     1     2
 -2.6434981797876166E+01 a       675     0    43     1     3
 -1.2885417539383296E+01 a       676     0    43     1     4
  5.4070038999643568E+00 a       677     0    43     1     5
 -1.8985132728452339E+01 a       678     0    43     1     6
  1.3710342742793872E+01 a       679     0    43     1     7
  1.3306429063248557E+00 a       680     0    43     1     8
  9.5210261090703618E-01 a       681     0    43     1     9
  4.0597494382842489E+00 a       682     0    43     1    10
  6.1893993148725217E+00 a       683     0    43     1    11
  2.5217723480596486E+00 a       684     0    43     1    12
  1.0764320517311472E+00 a       685     0    43     1    13
  6.6809173707309615E+00 a       686     0    43     1    14
 -9.0965123885895718E+00 a       687     0    43     1    15
 -2.4214152262561237E+00 a       688     0    43     1    16
 -4.9019254436178211E-01 a       689     0    44     1     1
  3.2684769914938112E+00 a       690     0    44     1     2
 -4.4704024845026016E+00 a       691     0    44     1     3
 -4.5534608177279248E+00 a       692     0    44     1     4
  6.0237704226587949E+00 a       693     0    44     1     5
  1.8009020353471805E+00 a       694     0    44     1     6
  2.8722542088099035E+00 a       695     0    44     1     7
  5.0424979492641260E+00 a       696     0    44     1     8
  1.0722462273844433E+00 a       697     0    44     1     9
  8.1479850274442018E+00 a       698     0    44     1    10
 -9.4302050949283860E+00 a       699     0    44     1    11
  8.2797970604661053E-01 a       700     0    44     1    12
 -1.1300729542170531E+01 a       701     0    44     1    13
  1.4527849813144920E+00 a       702     0    44     1    14
 -1.5054466724668665E+00 a       703     0    44     1    15
  4.9715789298581814E-01 a       704     0    44     1    16
  3.6267782878740584E-01 a       705     0    45     1     1
  1.5889799775318773E+01 a       706     0    45     1     2
  9.4292995387451910E+00 a       707     0    45     1     3
  1.0780997023775404E+01 a       708     0    45     1     4
  2.9102981717558003E+00 a       709     0    45     1     5
 -7.7857949151027714E+00 a       710     0    45     1     6
 -4.6341120663204521E-01 a       711     0    45     1     7
 -4.4473147837437406E+00 a       712     0    45     1     8
  6.2329976162855259E-02 a       713     0    45     1     9
  1.9743355082716592E+00 a       714     0    45     1    10
  7.4716141434085195E+00 a       715     0    45     1    11
 -1.2573991824613071E+00 a       716     0    45     1    12
  2.8575435857816625E+01 a       717     0    45     1    13
  6.8921058429381068E+00 a       718     0    45     1    14
 -4.9130417369390900E+00 a       719     0    45     1    15
 -9.9938248742105049E+00 a       720     0    45     1    16
 -2.4256279125146513E-01 a       721     0    46     1     1
 -1.0151468272407527E+00 a       722     0    46     1     2
 -1.0692396583421363E+01 a       723     0    46     1     3
 -1.4972808877083512E+01 a       724     0    46     1     4
 -6.7513940953227813E-01 a       725     0    46     1     5
  7.6935788560520022E+00 a       726     0    46     1     6
 -1.3566456043014254E+01 a       727     0    46     1     7
  3.1240552512192479E+00 a       728     0    46     1     8
  8.1762250487589387E+00 a       729     0    46     1     9
  4.8006789587841565E+00 a       730     0    46     1    10
 -2.2707001992623604E-01 a       731     0    46     1    11
  3.3737271807097033E+00 a       732     0    46     1    12
  4.2479415592271934E+00 a       733     0    46     1    13
 -5.8690163707715923E+00 a       734     0    46     1    14
  1.0083592263189963E+01 a       735     0    46     1    15
  9.1821627064107165E+00 a       736     0    46     1    16
 -2.7184124802017173E+00 a       737     0    47     1     1
  9.6699664333022017E+00 a       738     0    47     1     2
 -3.7180419648357130E+00 a       739     0    47     1     3
  1.4710686934600973E+01 a       740     0    47     1     4
  9.9822608652615035E+00 a       741     0    47     1     5
 -1.7550404897867051E+00 a       742     0    47     1     6
 -3.6897712977244101E-01 a       743     0    47     1     7
 -8.7458169877742691E+00 a       744     0    47     1     8
 -1.9783315054014405E+00 a       745     0    47     1     9
 -7.3279887006914768E+00 a       746     0    47     1    10
  6.3149150283819804E+00 a       747     0    47     1    11
 -4.2479560145281930E-01 a       748     0    47     1    12
  6.5353128076668887E-01 a       749     0    47     1    13
  1.1017784544149155E+01 a       750     0    47     1    14
 -1.7016965070003623E-01 a       751     0    47     1    15
 -3.8716576718260485E+00 a       752     0    47     1    16
 -1.7843979322486213E+01 a       753     0    48     1     1
  3.4361760409378931E+01 a       754     0    48     1     2
 -1.1816819755940998E+01 a       755     0    48     1     3
 -5.1811802274472978E+00 a       756     0    48     1     4
  1.1844261076908214E+01 a       757     0    48     1     5
  7.6059701004262061E+00 a       758     0    48     1     6
 -1.9743375245944573E+01 a       759     0    48     1     7
 -6.7920110420322555E+00 a       760     0    48     1     8
  1.4124486659377911E+01 a       761     0    48     1     9
 -1.8503089811766838E+01 a       762     0    48     1    10
  5.4771087929062023E+00 a       763     0    48     1    11
 -4.8773871336393676E-01 a       764     0    48     1    12
  2.7994684619999738E+01 a       765     0    48     1    13
  4.0272916519230373E+00 a       766     0    48     1    14
  4.7309433408167916E+00 a       767     0    48     1    15
  1.5188254671218711E+01 a       768     0    48     1    16
 -3.8858546777437725E-01 a       769     0    49     1     1
 -7.4206481741537400E-01 a       770     0    49     1     2
 -1.2585921082523785E+00 a       771     0    49     1     3
  1.6962577773292866E+00 a       772     0    49     1     4
 -9.0617338577551540E-02 a       773     0    49     1     5
 -2.4150346796379303E+00 a       774     0    49     1     6
  3.8717440161212946E-01 a       775     0    49     1     7
 -4.5087318811774418E-01 a       776     0    49     1     8
  2.2669648122955605E-01 a       777     0    49     1     9
  7.7336911271979902E-01 a       778     0    49     1    10
  2.1364789628945382E+00 a       779     0    49     1    11
  4.0637832832855819E-01 a       780     0    49     1    12
  1.1631035226829993E+00 a       781     0    49     1    13
  1.1932925069511329E+00 a       782     0    49     1    14
 -1.8308009210250826E+00 a       783     0    49     1    15
  1.2316250429050479E+00 a       784     0    49     1    16
  1.4092126420241446E-01 a       785     0    50     1     1
  1.4974027159083220E-01 a       786     0    50     1     2
  9.1210679235377634E-01 a       787     0    50     1     3
  7.0373307758233372E-01 a       788     0    50     1     4
  3.5893423680741193E-01 a       789     0    50     1     5
 -3.5056360541995524E-01 a       790     0    50     1     6
 -3.3531807537819891E-01 a       791     0    50     1     7
 -1.8823465983412341E-01 a       792     0    50     1     8
 -1.5620736478457656E-01 a       793     0    50     1     9
  1.6394708577294987E+00 a       794     0    50     1    10
  3.3683991962154636E-01 a       795     0    50     1    11
  4.1958675180621763E-01 a       796     0    50     1    12
  2.6513668476615817E+00 a       797     0    50     1    13
  1.0032753449970035E+00 a       798     0    50     1    14
 -6.8389196152973730E-01 a       799     0    50     1    15
  6.8413875863581985E-01 a       800     0    50     1    16
 -1.1156012364872270E+00 a       801     0    51     1     1
  7.4368587224297764E+00 a       802     0    51     1     2
  9.4644851517521789E-01 a       803     0    51     1     3
  2.6093782233439633E-01 a       804     0    51     1     4
  2.6722178098992533E+00 a       805     0    51     1     5
  1.0320218953617259E+00 a       806     0    51     1     6
 -9.1730368725751410E-02 a       807     0    51     1     7
 -2.7763307034158502E+00 a       808     0    51     1     8
  8.6967773220474376E-01 a       809     0    51     1     9
 -9.7194758550913618E-01 a       810     0    51     1    10
 -1.0759189227099237E+00 a       811     0    51     1    11
 -1.0511643142050122E+00 a       812     0    51     1    12
  2.9106510036771231E+00 a       813     0    51     1    13
  9.4885097588039452E-02 a       814     0    51     1    14
  3.9528695451648721E+00 a       815     0    51     1    15
  5.2134123907529140E-01 a       816     0    51     1    16
  7.2099228896891256E+00 a       817     0    52     1     1
 -5.4373762139894541E+00 a       818     0    52     1     2
  1.1000215286405798E+01 a       819     0    52     1     3
  7.4546111952497469E+00 a       820     0    52     1     4
 -8.6178856116288607E+00 a       821     0    52     1     5
  9.7236373195825916E+00 a       822     0    52     1     6
 -5.4036789626277288E+00 a       823     0    52     1     7
  4.3216696277416217E-01 a       824     0    52     1     8
  6.9227952826372918E-01 a       825     0    52     1     9
 -7.7191869661665011E+00 a       826     0    52     1    10
 -1.7097449572299626E+00 a       827     0    52     1    11
 -5.2533341996136214E+00 a       828     0    52     1    12
 -3.6554392542304375E+00 a       829     0    52     1    13
 -7.9601185758827073E+00 a       830     0    52     1    14
  9.0196239136595242E+00 a       831     0    52     1    15
 -8.6085821493288570E+00 a       832     0    52     1    16
  1.3444045727128382E+00 a       833     0    53     1     1
 -3.0252577114034424E-01 a       834     0    53     1     2
  2.8490939069659715E+00 a       835     0    53     1     3
  2.2683952213049343E+00 a       836     0    53     1     4
 -4.5440007039109851E+00 a       837     0    53     1     5
 -1.2868075770208998E+00 a       838     0    53     1     6
 -1.6243451524466785E+00 a       839     0    53     1     7
 -2.9892211608678010E+00 a       840     0    53     1     8
 -9.6673243639778839E-01 a       841     0    53     1     9
 -5.7529650505582870E+00 a       842     0    53     1    10
  7.1700279582498903E+00 a       843     0    53     1    11
 -9.4391758764521949E-01 a       844     0    53     1    12
  7.6868093972811371E+00 a       845     0    53     1    13
 -1.2500340614994141E+00 a       846     0    53     1    14
  1.1017619786881285E+00 a       847     0    53     1    15
 -3.7407950042346259E+00 a       848     0    53     1    16
  2.5207487841334117E+00 a       849     0    54     1     1
 -9.4206127331233809E+00 a       850     0    54     1     2
 -9.3832741921461409E+00 a       851     0    54     1     3
 -8.9966280106401566E+00 a       852     0    54     1     4
 -9.6980890117963980E+00 a       853     0    54     1     5
  3.3972813707837264E+00 a       854     0    54     1     6
  9.2477743189110484E-01 a       855     0    54     1     7
  8.3149599536422603E+00 a       856     0    54     1     8
  6.3852135649897424E+00 a       857     0    54     1     9
  3.9936412267197383E+00 a       858     0    54     1    10
 -4.7523148606519516E-02 a       859     0    54     1    11
  1.8167328150904745E+00 a       860     0    54     1    12
 -1.1349426176731136E+01 a       861     0    54     1    13
 -1.4510928690815467E+01 a       862     0    54     1    14
  8.5069748795850924E+00 a       863     0    54     1    15
 -3.8057899151391408E+00 a       864     0    54     1    16
  2.9912945493878755E+00 a       865     0    55     1     1
  1.3367079713654012E-01 a       866     0    55     1     2
  3.3619458379409224E+00 a       867     0    55     1     3
  6.1566737984674491E+00 a       868     0    55     1     4
 -1.3449904204177048E+00 a       869     0    55     1     5
 -6.0674417221656922E+00 a       870     0    55     1     6
  7.6116384099969876E+00 a       871     0    55     1     7
 -2.1822375160707552E-01 a       872     0    55     1     8
 -4.8442234176844012E+00 a       873     0    55     1     9
 -1.0557587178209253E-01 a       874     0    55     1    10
  7.2624689553216237E-01 a       875     0    55     1    11
 -2.8480937304012457E+00 a       876     0    55     1    12
 -9.0802607383273592E+00 a       877     0    55     1    13
  5.5679871502367018E-01 a       878     0    55     1    14
 -7.7766740006231894E+00 a       879     0    55     1    15
 -1.0222701877133938E+01 a       880     0    55     1    16
  3.5352452660483467E+00 a       881     0    56     1     1
 -2.9973157788208979E+00 a       882     0    56     1     2
  1.7659870853087738E+00 a       883     0    56     1     3
 -1.0608446858935695E+01 a       884     0    56     1     4
 -6.1538870688762222E+00 a       885     0    56     1     5
  1.0841483435271577E+00 a       886     0    56     1     6
 -1.7360515868214870E+00 a       887     0    56     1     7
  5.8109071214904597E+00 a       888     0    56     1     8
  8.2310110135586467E-01 a       889     0    56     1     9
  2.6887398449692657E+00 a       890     0    56     1    10
 -2.2063669497943996E+00 a       891     0    56     1    11
  8.1390206385863184E-01 a       892     0    56     1    12
 -1.7473990815524982E+00 a       893     0    56     1    13
 -8.0837987647807132E+00 a       894     0    56     1    14
  4.6446556234858760E-01 a       895     0    56     1    15
 -2.2004119570316649E+00 a       896     0    56     1    16
  1.1882482481015339E+01 a       897     0    57     1     1
 -2.0950761864745953E+01 a       898     0    57     1     2
 -2.7177660920336910E+00 a       899     0    57     1     3
  1.1168233878877507E+00 a       900     0    57     1     4
 -1.6747548236217021E+01 a       901     0    57     1     5
 -8.6140693636315593E+00 a       902     0    57     1     6
  1.1343142490838625E+01 a       903     0    57     1     7
  1.1308702992316094E+01 a       904     0    57     1     8
 -5.1693049045272179E+00 a       905     0    57     1     9
  1.2972345602479011E+01 a       906     0    57     1    10
  1.5969925121436953E+01 a       907     0    57     1    11
 -1.8357984416028923E+00 a       908     0    57     1    12
 -1.0259099871870660E+01 a       909     0    57     1    13
 -7.7175143201057450E+00 a       910     0    57     1    14
 -9.2313334948277515E+00 a       911     0    57     1    15
 -2.0421677458106199E+01 a       912     0    57     1    16
  9.0826688559816660E-01 a       913     0    58     1     1
  3.8950423157100911E+00 a       914     0    58     1     2
  2.4302338642948236E+00 a       915     0    58     1     3
  3.1894457601114747E+00 a       916     0    58     1     4
 -1.1345854949141285E+00 a       917     0    58     1     5
 -2.6083352224383836E+00 a       918     0    58     1     6
  1.7003530922239702E+00 a       919     0    58     1     7
  6.7593943716693063E+00 a       920     0    58     1     8
  6.1599355564062188E+00 a       921     0    58     1     9
  1.7741976394593379E+01 a       922     0    58     1    10
 -1.8971823250383364E+00 a       923     0    58     1    11
  3.1703120446130861E+00 a       924     0    58     1    12
  1.9777396337319817E+00 a       925     0    58     1    13
 -2.6631150078561410E+00 a       926     0    58     1    14
  4.2041923215558463E-01 a       927     0    58     1    15
 -4.2456852868950676E+00 a       928     0    58     1    16
  3.0919672863682632E+00 a       929     0    59     1     1
  1.0677444666362863E+01 a       930     0    59     1     2
  1.0479193954264716E+01 a       931     0    59     1     3
 -1.2571106099012848E+01 a       932     0    59     1     4
 -4.8603957601431418E+00 a       933     0    59     1     5
  1.1289599232703585E+01 a       934     0    59     1     6
  1.3505925670833172E+01 a       935     0    59     1     7
  5.3002988805801960E+00 a       936     0    59     1     8
  2.5840013912602027E+00 a       937     0    59     1     9
  2.1897611923814715E+01 a       938     0    59     1    10
 -1.4133925987683012E+01 a       939     0    59     1    11
 -3.0312995428334100E+00 a       940     0    59     1    12
 -9.1139224275444430E+00 a       941     0    59     1    13
 -5.9788858563999103E-01 a       942     0    59     1    14
  3.9191508921198634E+00 a       943     0    59     1    15
  1.5416154783068279E+00 a       944     0    59     1    16
 -1.9979563707754975E+00 a       945     0    60     1     1
  3.7291165639080535E+00 a       946     0    60     1     2
  4.7255475313064528E+00 a       947     0    60     1     3
  3.6295299218149997E+00 a       948     0    60     1     4
  7.5274227484380383E+00 a       949     0    60     1     5
 -3.4533294098065564E-01 a       950     0    60     1     6
 -2.7023934760892909E+00 a       951     0    60     1     7
 -3.3138128387921983E+00 a       952     0    60     1     8
 -2.6560963962031958E+00 a       953     0    60     1     9
  5.6017782192138910E+00 a       954     0    60     1    10
 -9.5541317191102260E-01 a       955     0    60     1    11
  6.0801214786249513E+00 a       956     0    60     1    12
  3.1191057157271849E+00 a       957     0    60     1    13
  4.0045985450517039E+00 a       958     0    60     1    14
 -3.2925388413057051E+00 a       959     0    60     1    15
  8.6525793469681673E+00 a       960     0    60     1    16
 -8.7743921411169423E-01 a       961     0    61     1     1
 -1.0205400927785802E+00 a       962     0    61     1     2
 -6.1660828043185356E-01 a       963     0    61     1     3
  2.9521429114803963E+00 a       964     0    61     1     4
  2.5008237489741210E+00 a       965     0    61     1     5
 -2.2505129402783512E+00 a       966     0    61     1     6
 -7.4155762365737821E-01 a       967     0    61     1     7
 -2.2490382577918857E+00 a       968     0    61     1     8
 -6.8100199678983109E-01 a       969     0    61     1     9
  3.0400622956536671E-01 a       970     0    61     1    10
  1.3606641958456178E+00 a       971     0    61     1    11
  1.3875543758345465E+00 a       972     0    61     1    12
  5.3709665991260791E-01 a       973     0    61     1    13
  1.8121436704886871E+00 a       974     0    61     1    14
 -1.3123054429432338E-01 a       975     0    61     1    15
  2.9733180043398910E+00 a       976     0    61     1    16
 -3.5974116816205846E+00 a       977     0    62     1     1
 -1.7934549832003874E+00 a       978     0    62     1     2
 -2.0096504981776637E+00 a       979     0    62     1     3
 -2.5203153050662497E-01 a       980     0    62     1     4
  1.1339238157434499E+01 a       981     0    62     1     5
  2.8606368863654752E+00 a       982     0    62     1     6
 -3.2142353093652236E+00 a       983     0    62     1     7
 -5.8583286465908824E+00 a       984     0    62     1     8
 -8.4571116631779777E+00 a       985     0    62     1     9
 -3.7373337845676153E+00 a       986     0    62     1    10
 -6.6281094598619772E+00 a       987     0    62     1    11
 -2.8185655996877164E+00 a       988     0    62     1    12
 -9.1746286834278621E+00 a       989     0    62     1    13
  1.2812085289496803E+01 a       990     0    62     1    14
 -9.3894223274680080E+00 a       991     0    62     1    15
  1.3474615942539863E+01 a       992     0    62     1    16
  2.3938663119149317E-01 a       993     0    63     1     1
 -5.7790380965556158E+00 a       994     0    63     1     2
 -2.7149269570455781E+00 a       995     0    63     1     3
  2.7926794306882896E-01 a       996     0    63     1     4
 -1.0276442517093047E+00 a       997     0    63     1     5
 -6.2259329531648833E-01 a       998     0    63     1     6
  3.2673868911990400E+00 a       999     0    63     1     7
 -7.9618767662532522E-02 a      1000     0    63     1     8
  4.9948267264113749E-01 a      1001     0    63     1     9
  3.1714765772387943E+00 a      1002     0    63     1    10
 -2.2795595935499806E+00 a      1003     0    63     1    11
 -1.1907613919114763E+00 a      1004     0    63     1    12
  2.2889699342749653E-01 a      1005     0    63     1    13
 -3.2458227165923365E-01 a      1006     0    63     1    14
 -4.6816315393641905E-01 a      1007     0    63     1    15
  4.4065386108469777E+00 a      1008     0    63     1    16
  5.6205246382045138E-01 a      1009     0    64     1     1
  6.6753801741093277E-01 a      1010     0    64     1     2
  3.5103063961918579E+00 a      1011     0    64     1     3
  7.0935528216507715E-01 a      1012     0    64     1     4
  8.8342416656651306E+00 a      1013     0    64     1     5
  7.2731784353249385E+00 a      1014     0    64     1     6
  2.5119428632101499E+00 a      1015     0    64     1     7
 -6.0696609429180839E+00 a      1016     0    64     1     8
 -1.4299722615130259E+00 a      1017     0    64     1     9
  1.6789541363400049E+00 a      1018     0    64     1    10
 -1.9449893792592292E+01 a      1019     0    64     1    11
  6.1770954127350663E-01 a      1020     0    64     1    12
 -3.4378398214993808E+00 a      1021     0    64     1    13
  2.8513168765269286E+00 a      1022     0    64     1    14
  9.1429535073713382E+00 a      1023     0    64     1    15
  9.9204680569081258E+00 a      1024     0    64     1    16
 -2.8961791790957420E-01 b      1025     1     1
  6.9064881613166387E-02 b      1026     1     2
  7.0288434636655328E-01 b      1027     1     3
 -5.2634466159726070E-02 b      1028     1     4
  4.8873965886812454E-01 b      1029     1     5
  7.1768042365829426E-02 b      1030     1     6
  3.7736459323164517E-01 b      1031     1     7
  8.5029987211414870E-01 b      1032     1     8
  2.4970529170447153E-01 b      1033     1     9
 -1.7671472917337661E-01 b      1034     1    10
  7.2823639492862113E-01 b      1035     1    11
  4.1550535161338472E-03 b      1036     1    12
 -1.8023507322928695E-01 b      1037     1    13
 -1.0307360661761505E-01 b      1038     1    14
  6.6233790304635928E-02 b      1039     1    15
  4.7786464144434371E-01 b      1040     1    16
 -7.3561702960884268E-01 a      1041     1     1     2     1
 -4.4053712561153302E-01 a      1042     1     1     2     2
 -2.3727959960795818E-02 a      1043     1     1     2     3
 -8.6747974232090630E-02 a      1044     1     1     2     4
 -5.9823443236379015E-01 a      1045     1     1     2     5
  1.2175384125173141E+00 a      1046     1     1     2     6
 -1.9742491855952155E-01 a      1047     1     1     2     7
  4.2513694109901112E-01 a      1048     1     1     2     8
 -5.4543182482718200E-01 a      1049     1     1     2     9
 -7.8622164698075658E-01 a      1050     1     1     2    10
 -8.3488132406138682E-01 a      1051     1     1     2    11
 -3.5010978980389029E-01 a      1052     1     1     2    12
  5.0949234521346448E-02 a      1053     1     1     2    13
  8.2426115749579776E-01 a      1054     1     1     2    14
 -3.6910094046114789E-01 a      1055     1     1     2    15
 -1.1226545909997943E+00 a      1056     1     1     2    16
 -2.0584650862321888E-01 a      1057     1     2     2     1
  6.9285802193428181E-01 a      1058     1     2     2     2
  8.7684601156794800E-02 a      1059     1     2     2     3
 -7.1250510308924542E-01 a      1060     1     2     2     4
  2.4253995924745778E-01 a      1061     1     2     2     5
  6.4717188325808539E-01 a      1062     1     2     2     6
 -4.5933423793849310E-01 a      1063     1     2     2     7
  5.2822384381099896E-01 a      1064     1     2     2     8
  3.3036041385161474E-01 a      1065     1     2     2     9
 -4.2893767462688991E-02 a      1066     1     2     2    10
  5.0768870919136411E-01 a      1067     1     2     2    11
  2.7070178384480059E-01 a      1068     1     2     2    12
  8.5877336216105338E-01 a      1069     1     2     2    13
  1.4612353731680532E+00 a      1070     1     2     2    14
  8.6669954489416368E-01 a      1071     1     2     2    15
  6.1203540369626941E-01 a      1072     1     2     2    16
 -3.4380295864906307E-01 a      1073     1     3     2     1
 -4.5350364891062445E-01 a      1074     1     3     2     2
  4.5618529010573633E-01 a      1075     1     3     2     3
 -1.4642596455569037E-01 a      1076     1     3     2     4
 -1.3500313443120676E-01 a      1077     1     3     2     5
  7.5099396054393597E-01 a      1078     1     3     2     6
  8.2099439564902332E-01 a      1079     1     3     2     7
 -4.6121286703439240E-01 a      1080     1     3     2     8
 -1.6471813917982601E+00 a      1081     1     3     2     9
  9.2489977008443150E-02 a      1082     1     3     2    10
  9.6165636502314511E-01 a      1083     1     3     2    11
 -4.0193634354552027E-01 a      1084     1     3     2    12
 -5.0610614209150306E-01 a      1085     1     3     2    13
 -1.0229476273223217E+00 a      1086     1     3     2    14
 -1.4040015800610070E-01 a      1087     1     3     2    15
 -6.5127183134325764E-02 a      1088     1     3     2    16
  2.9611067812365288E+00 a      1089     1     4     2     1
 -4.9588998494495223E-01 a      1090     1     4     2     2
 -9.0280700872276853E-02 a      1091     1     4     2     3
 -7.9507920751849315E-01 a      1092     1     4     2     4
  1.6463097634121349E-01 a      1093     1     4     2     5
  1.0215448391825406E+00 a      1094     1     4     2     6
 -1.0289777813310763E+00 a      1095     1     4     2     7
  1.3509018712341286E-01 a      1096     1     4     2     8
  1.1047494590903610E+00 a      1097     1     4     2     9
 -3.6870375395403354E-01 a      1098     1     4     2    10
  2.9629374413046211E-01 a      1099     1     4     2    11
 -2.6036393582119960E-01 a      1100     1     4     2    12
  4.1836951121737753E-01 a      1101     1     4     2    13
  1.0155978507268995E+00 a      1102     1     4     2    14
  2.1899422971954525E+00 a      1103     1     4     2    15
  2.9481440771881540E-01 a      1104     1     4     2    16
  2.7131872004193353E-01 a      1105     1     5     2     1
 -2.6927650083403659E-01 a      1106     1     5     2     2
 -2.5572541437026008E-01 a      1107     1     5     2     3
  6.1101805129445186E-01 a      1108     1     5     2     4
  7.9812545664934431E-01 a      1109     1     5     2     5
  6.2000436102724765E-01 a      1110     1     5     2     6
  1.3157478922018517E+00 a      1111     1     5     2     7
 -7.5759461528901129E-01 a      1112     1     5     2     8
  3.2249945229114624E-01 a      1113     1     5     2     9
 -6.9675355812136419E-01 a      1114     1     5     2    10
 -1.6066002296298765E-01 a      1115     1     5     2    11
 -4.7928898785958401E-01 a      1116     1     5     2    12
 -7.4250502076525393E-01 a      1117     1     5     2    13
 -1.5830676447896583E-01 a      1118     1     5     2    14
  2.3279510870207257E-01 a      1119     1     5     2    15
 -8.4343114868932834E-01 a      1120     1     5     2    16
 -1.4095188398646223E+00 a      1121     1     6     2     1
 -7.3512190288632595E-02 a      1122     1     6     2     2
  1.1711104632421063E+00 a      1123     1     6     2     3
 -4.4357883767098261E-01 a      1124     1     6     2     4
 -6.2249297657569469E-01 a      1125     1     6     2     5
  3.7155461775305276E-01 a      1126     1     6     2     6
 -2.0291712662238456E-01 a      1127     1     6     2     7
 -4.6044577261056246E-01 a      1128     1     6     2     8
 -1.0547957316247909E+00 a      1129     1     6     2     9
 -2.9867343899986406E-02 a      1130     1     6     2    10
  3.0339744668976243E-01 a      1131     1     6     2    11
  1.9502919016232117E-03 a      1132     1     6     2    12
  5.2231339195347080E-02 a      1133     1     6     2    13
 -1.5673428008804511E+00 a      1134     1     6     2    14
 -5.1978144882939974E+00 a      1135     1     6     2    15
  3.4929350494199185E-01 a      1136     1     6     2    16
 -4.4208944389388455E-01 a      1137     1     7     2     1
 -1.3459462015964149E-01 a      1138     1     7     2     2
  1.1670995657084456E-01 a      1139     1     7     2     3
 -4.1003639349658311E-01 a      1140     1     7     2     4
  9.4254873353974505E-02 a      1141     1     7     2     5
 -4.1202376982008287E-01 a      1142     1     7     2     6
  4.6880549853318237E-01 a      1143     1     7     2     7
 -1.7023329579856850E-01 a      1144     1     7     2     8
 -4.7953616139774563E-01 a      1145     1     7     2     9
  2.2761036093144954E-01 a      1146     1     7     2    10
  6.5524806964032944E-01 a      1147     1     7     2    11
 -4.8955866818394195E-01 a      1148     1     7     2    12
  2.2198961379836882E-01 a      1149     1     7     2    13
 -1.3118677609622778E+00 a      1150     1     7     2    14
 -6.2087445784418360E-01 a      1151     1     7     2    15
  6.6203394965011153E-02 a      1152     1     7     2    16
  2.9318772978879828E+00 a      1153     1     8     2     1
 -5.1875774264039287E-01 a      1154     1     8     2     2
 -4.1016442076830145E-01 a      1155     1     8     2     3
 -2.4564766826237122E-01 a      1156     1     8     2     4
  3.5757056963733913E-01 a      1157     1     8     2     5
  6.9195381131493683E-01 a      1158     1     8     2     6
 -1.7805978025517786E+00 a      1159     1     8     2     7
 -5.6730598191203163E-01 a      1160     1     8     2     8
  3.0025373015595420E+00 a      1161     1     8     2     9
 -7.3122920850626749E-01 a      1162     1     8     2    10
  1.9293765984445649E-01 a      1163     1     8     2    11
 -7.8874355343176417E-01 a      1164     1     8     2    12
  1.5511332513417347E-01 a      1165     1     8     2    13
  1.4156278082963192E+00 a      1166     1     8     2    14
 -4.4615649455492843E+00 a      1167     1     8     2    15
 -4.0530625887684563E-01 a      1168     1     8     2    16
 -4.8821940816635340E-01 a      1169     1     9     2     1
 -9.5207651339005372E-01 a      1170     1     9     2     2
 -2.7521096229597686E-01 a      1171     1     9     2     3
  6.8246960772655807E-01 a      1172     1     9     2     4
  1.4325024091883867E-02 a      1173     1     9     2     5
  6.0012450650795435E-01 a      1174     1     9     2     6
  7.9053534337430587E-01 a      1175     1     9     2     7
 -1.4748120418745366E-02 a      1176     1     9     2     8
  5.7009550114120056E-01 a      1177     1     9     2     9
  9.2534989478373894E-02 a      1178     1     9     2    10
  1.2478659722462360E+00 a      1179     1     9     2    11
  7.0415355048838391E-02 a      1180     1     9     2    12
 -1.3623761735664217E+00 a      1181     1     9     2    13
 -1.2055452121774937E+00 a      1182     1     9     2    14
  2.6409577047607023E-02 a      1183     1     9     2    15
 -7.9325025648375713E-01 a      1184     1     9     2    16
 -8.8015998453132049E-01 a      1185     1    10     2     1
  1.8381126696066200E-01 a      1186     1    10     2     2
  3.8676147137170996E-01 a      1187     1    10     2     3
  5.0524183781345919E-02 a      1188     1    10     2     4
 -4.6104026612124260E-01 a      1189     1    10     2     5
 -7.0312097987784505E-01 a      1190     1    10     2     6
  8.6784749150884710E-01 a      1191     1    10     2     7
  1.4990736602211971E-01 a      1192     1    10     2     8
  2.6123969727348258E-02 a      1193     1    10     2     9
  4.7329606131029101E-01 a      1194     1    10     2    10
 -9.0282067815828027E-01 a      1195     1    10     2    11
  1.1967305951958872E-01 a      1196     1    10     2    12
  3.8944792229425451E-01 a      1197     1    10     2    13
 -1.5486275526652149E+00 a      1198     1    10     2    14
  3.0280055759387792E+00 a      1199     1    10     2    15
  3.5334863269705480E-01 a      1200     1    10     2    16
 -9.7634169742592058E-01 a      1201     1    11     2     1
 -2.8902631124987238E-01 a      1202     1    11     2     2
  1.4262980980781378E-02 a      1203     1    11     2     3
 -4.4522858937555715E-01 a      1204     1    11     2     4
  3.2426421669727012E-01 a      1205     1    11     2     5
  1.3954922242705237E-01 a      1206     1    11     2     6
  3.9607587109205289E-01 a      1207     1    11     2     7
 -3.9306105567214811E-01 a      1208     1    11     2     8
 -1.1563206785340190E+00 a      1209     1    11     2     9
 -3.6430885914950323E-01 a      1210     1    11     2    10
 -9.9140206685868904E-01 a      1211     1    11     2    11
 -7.3797815402093792E-01 a      1212     1    11     2    12
 -1.1727129048290914E-01 a      1213     1    11     2    13
 -8.7079865912855503E-01 a      1214     1    11     2    14
 -5.3898280674403143E-01 a      1215     1    11     2    15
  1.3243549795174506E-01 a      1216     1    11     2    16
  8.5628158358345874E-01 a      1217     1    12     2     1
 -4.4434629999265168E-01 a      1218     1    12     2     2
 -4.5277340114468673E-01 a      1219     1    12     2     3
 -4.5467263580889694E-01 a      1220     1    12     2     4
 -5.2861508483979712E-02 a      1221     1    12     2     5
  4.1227454283808702E-02 a      1222     1    12     2     6
 -2.8216803515206140E-01 a      1223     1    12     2     7
 -5.4780915629553029E-01 a      1224     1    12     2     8
  8.5899892961062851E-01 a      1225     1    12     2     9
  4.4369874290358208E-01 a      1226     1    12     2    10
 -8.8714954558169801E-01 a      1227     1    12     2    11
  3.2638789022126058E-01 a      1228     1    12     2    12
  1.5819147605459061E-01 a      1229     1    12     2    13
 -9.6276978068467201E-01 a      1230     1    12     2    14
 -1.9126699357659258E+00 a      1231     1    12     2    15
  1.6376530626395075E-01 a      1232     1    12     2    16
  2.0459192510138160E+00 a      1233     1    13     2     1
  4.2598932565194797E-01 a      1234     1    13     2     2
 -2.6098509550091942E-01 a      1235     1    13     2     3
  1.4192293739555531E-01 a      1236     1    13     2     4
 -4.1529054712517449E-01 a      1237     1    13     2     5
  3.6543115869806991E-01 a      1238     1    13     2     6
  2.2396520279613619E-01 a      1239     1    13     2     7
  4.4148884350300921E-01 a      1240     1    13     2     8
 -1.1331644925185786E+00 a      1241     1    13     2     9
  8.0317985494449462E-02 a      1242     1    13     2    10
  4.7672744061036854E-01 a      1243     1    13     2    11
  4.0917957830204527E-01 a      1244     1    13     2    12
  4.9161341311648998E-01 a      1245     1    13     2    13
  1.8326560762534194E-01 a      1246     1    13     2    14
  2.8736169376837792E+00 a      1247     1    13     2    15
 -6.6999756850610337E-01 a      1248     1    13     2    16
  8.5199959980485429E-01 a      1249     1    14     2     1
 -2.8030320868102282E-01 a      1250     1    14     2     2
  9.6162795254836550E-02 a      1251     1    14     2     3
  4.8885079440252233E-01 a      1252     1    14     2     4
 -7.9812339208796068E-01 a      1253     1    14     2     5
  7.1978320873104196E-01 a      1254     1    14     2     6
 -5.8332089765940009E-01 a      1255     1    14     2     7
 -9.3830660096117041E-02 a      1256     1    14     2     8
  6.2961251349549519E-01 a      1257     1    14     2     9
  3.7088899398207725E-01 a      1258     1    14     2    10
 -2.4112254247097240E-01 a      1259     1    14     2    11
  6.3637953564383246E-02 a      1260     1    14     2    12
 -1.1827320156248506E+00 a      1261     1    14     2    13
  2.4612637574769153E-01 a      1262     1    14     2    14
 -4.3136606084021514E+00 a      1263     1    14     2    15
 -2.2183529891185153E-01 a      1264     1    14     2    16
  1.8395480345999593E+00 a      1265     1    15     2     1
  4.0474375581150085E-01 a      1266     1    15     2     2
 -1.8337093240418048E+00 a      1267     1    15     2     3
  2.2178111419627639E-01 a      1268     1    15     2     4
  7.3298812144223924E-01 a      1269     1    15     2     5
  1.7976494055593626E+00 a      1270     1    15     2     6
  8.3446856018472859E-01 a      1271     1    15     2     7
 -4.6565948290469283E-01 a      1272     1    15     2     8
 -1.0593514370874906E+00 a      1273     1    15     2     9
  5.0941464633258027E-01 a      1274     1    15     2    10
 -5.2794889380236010E-01 a      1275     1    15     2    11
 -4.1678799480605683E-02 a      1276     1    15     2    12
  6.3468365768661036E-02 a      1277     1    15     2    13
  6.4407324644480124E-01 a      1278     1    15     2    14
 -2.9280805420002265E+00 a      1279     1    15     2    15
 -6.0240253895103825E-02 a      1280     1    15     2    16
 -4.0878358752483651E-01 a      1281     1    16     2     1
  7.9803107077688640E-01 a      1282     1    16     2     2
 -5.6087996160873177E-01 a      1283     1    16     2     3
 -5.1670308075236249E-01 a      1284     1    16     2     4
  3.8175190989140656E-02 a      1285     1    16     2     5
  7.1675094695586694E-01 a      1286     1    16     2     6
  2.8251549675609317E-01 a      1287     1    16     2     7
  3.6638643276385052E-01 a      1288     1    16     2     8
 -7.4001192289733575E-01 a      1289     1    16     2     9
 -3.1927027188429219E-01 a      1290     1    16     2    10
  6.7496457015000688E-01 a      1291     1    16     2    11
  2.9637938346347009E-01 a      1292     1    16     2    12
  5.2545010889615196E-01 a      1293     1    16     2    13
  1.0494409738471999E+00 a      1294     1    16     2    14
  2.2802744144620437E+00 a      1295     1    16     2    15
 -1.0407692726317516E-01 a      1296     1    16     2    16
 -1.1535219368398868E+00 b      1297     2     1
  3.5508431188237044E-01 b      1298     2     2
  3.1710654103019373E+00 b      1299     2     3
 -9.8975789201979092E-01 b      1300     2     4
  7.2225894688596734E-02 b      1301     2     5
 -4.1429349348241180E+00 b      1302     2     6
 -1.0055815146316232E+00 b      1303     2     7
 -6.0778582321407881E-01 b      1304     2     8
 -1.5931398677576640E+00 b      1305     2     9
 -6.9792363396283608E-01 b      1306     2    10
  7.4689937565394326E-02 b      1307     2    11
 -3.6069289185416042E-01 b      1308     2    12
 -1.3523828565622009E+00 b      1309     2    13
 -1.2772911107339917E+00 b      1310     2    14
  6.3542876043277952E+00 b      1311     2    15
  9.0822804766130627E-01 b      1312     2    16
 -1.4789902849100487E-02 a      1313     2     1     3     1
 -1.1676086199814868E-01 a      1314     2     2     3     1
  6.7180634172342421E-02 a      1315     2     3     3     1
 -1.0162077015249429E+00 a      1316     2     4     3     1
  1.5056327203874084E-01 a      1317     2     5     3     1
  3.6422208583025022E-02 a      1318     2     6     3     1
 -7.1623861141757936E-02 a      1319     2     7     3     1
  9.3849332666574470E-01 a      1320     2     8     3     1
  3.3062915864385818E-02 a      1321     2     9     3     1
  7.9763631037157590E-01 a      1322     2    10     3     1
 -4.2914586654935215E-02 a      1323     2    11     3     1
  9.8620447741303841E-01 a      1324     2    12     3     1
 -4.2081749653275546E-01 a      1325     2    13     3     1
 -1.9213837952336973E-01 a      1326     2    14     3     1
  2.0363709926242150E-03 a      1327     2    15     3     1
 -3.6989589520171662E-01 a      1328     2    16     3     1
 -2.0269186485717122E-01 b      1329     3     1
