################################################################################
# Neural network connection values (weights and biases).
################################################################################
# Col  Name       Description
################################################################################
# 1    connection Neural network connection value.
# 2    t          Connection type (a = weight, b = bias).
# 3    index      Index enumerating weights.
# 4    l_s        Starting point layer (end point layer for biases).
# 5    n_s        Starting point neuron in starting layer (end point neuron for biases).
# 6    l_e        End point layer.
# 7    n_e        End point neuron in end layer.
################################################################################
#                      1 2         3     4     5     6     7
#             connection t     index   l_s   n_s   l_e   n_e
############################################################
 -5.6101022648292345E+00 a         1     0     1     1     1
 -7.6325187722853582E-01 a         2     0     1     1     2
  6.6663731930629240E+00 a         3     0     1     1     3
  6.9358022722506352E+00 a         4     0     1     1     4
 -2.4050119480716045E-01 a         5     0     1     1     5
  2.2780127795859548E+00 a         6     0     1     1     6
  4.5189266877243419E+00 a         7     0     1     1     7
 -8.6957819995001795E-01 a         8     0     1     1     8
  2.5461259975204982E+00 a         9     0     1     1     9
 -5.8338342095700479E+00 a        10     0     1     1    10
  2.1907842326995106E+00 a        11     0     1     1    11
 -1.9452783673072276E+00 a        12     0     1     1    12
 -5.8673499419078459E+00 a        13     0     1     1    13
  2.0096841126716396E+00 a        14     0     1     1    14
  8.0781339615942684E+00 a        15     0     1     1    15
  2.7525984421240621E+00 a        16     0     1     1    16
  6.7854187890535576E+00 a        17     0     2     1     1
  4.0375786831372364E+00 a        18     0     2     1     2
 -7.5075415364944242E-01 a        19     0     2     1     3
  7.0526717041753528E-01 a        20     0     2     1     4
 -1.7115631542429528E+00 a        21     0     2     1     5
  1.8180402884969233E+00 a        22     0     2     1     6
  6.5019931511030338E-01 a        23     0     2     1     7
 -2.0220113300616545E+00 a        24     0     2     1     8
  8.2027006660657484E+00 a        25     0     2     1     9
 -2.6604206036564322E+00 a        26     0     2     1    10
  8.0842114666119507E+00 a        27     0     2     1    11
  4.1845789844937045E+00 a        28     0     2     1    12
 -6.2435277811612835E+00 a        29     0     2     1    13
 -9.3420174330732297E-01 a        30     0     2     1    14
  4.1233895104028342E+00 a        31     0     2     1    15
  6.9026194522085538E+00 a        32     0     2     1    16
  5.3491509350155271E+00 a        33     0     3     1     1
  1.7925769377251857E+00 a        34     0     3     1     2
 -1.8064943596082060E+01 a        35     0     3     1     3
  1.8168269236586134E+00 a        36     0     3     1     4
 -2.2020406714371127E+01 a        37     0     3     1     5
  4.4041391807629271E+00 a        38     0     3     1     6
 -2.6640603669714868E-01 a        39     0     3     1     7
  2.2915092779486542E+01 a        40     0     3     1     8
  1.4289156578667361E+01 a        41     0     3     1     9
  1.9688302949488858E+01 a        42     0     3     1    10
  6.0147024228826202E+00 a        43     0     3     1    11
  3.5203479598540843E+00 a        44     0     3     1    12
 -1.3969284904020707E+01 a        45     0     3     1    13
 -1.7119204368408678E+00 a        46     0     3     1    14
  1.0753932864067258E+01 a        47     0     3     1    15
 -8.0781672710355874E+00 a        48     0     3     1    16
  9.1685548855203372E-02 a        49     0     4     1     1
 -7.0235282962892569E+00 a        50     0     4     1     2
  2.9273512352564250E+01 a        51     0     4     1     3
  1.2889271701525152E+01 a        52     0     4     1     4
  3.6278934710910441E+01 a        53     0     4     1     5
 -2.3242549308928555E+00 a        54     0     4     1     6
  3.9110799229703003E-01 a        55     0     4     1     7
 -4.0072741527343389E+01 a        56     0     4     1     8
  3.5324714599644151E+00 a        57     0     4     1     9
 -3.7671363135964135E+01 a        58     0     4     1    10
 -5.4144679542244907E+00 a        59     0     4     1    11
 -7.1922794179570531E+00 a        60     0     4     1    12
  1.9116393464311791E+01 a        61     0     4     1    13
  4.8702318927161983E+00 a        62     0     4     1    14
 -1.5414015527283422E+00 a        63     0     4     1    15
  1.0354555057764884E+01 a        64     0     4     1    16
  3.9242838000105538E+00 a        65     0     5     1     1
  3.7376781889337587E-03 a        66     0     5     1     2
 -2.6156033867658226E+00 a        67     0     5     1     3
 -3.1440715975456368E+00 a        68     0     5     1     4
  1.3492985998185538E+00 a        69     0     5     1     5
 -4.8763906044514543E-01 a        70     0     5     1     6
 -7.6820157608389716E-01 a        71     0     5     1     7
 -3.1471649964395892E-01 a        72     0     5     1     8
 -2.3770472704037311E+00 a        73     0     5     1     9
  2.5761625672697503E+00 a        74     0     5     1    10
  4.0905779759341399E-01 a        75     0     5     1    11
  3.8395930453829896E-01 a        76     0     5     1    12
  2.8957880185159839E+00 a        77     0     5     1    13
  4.3871076703798162E-01 a        78     0     5     1    14
 -2.2339587731701647E+00 a        79     0     5     1    15
 -6.0710571223361209E-01 a        80     0     5     1    16
 -4.1859794091647429E-01 a        81     0     6     1     1
 -1.0353856950679180E-01 a        82     0     6     1     2
  1.6220028166435652E+00 a        83     0     6     1     3
  2.8672929803435583E+00 a        84     0     6     1     4
  2.3173475490556914E+00 a        85     0     6     1     5
 -2.3531528242644603E-01 a        86     0     6     1     6
 -3.3502697488481842E-01 a        87     0     6     1     7
 -1.2086286521360761E+00 a        88     0     6     1     8
 -3.7822740322788126E+00 a        89     0     6     1     9
  1.8924706202605677E+00 a        90     0     6     1    10
 -1.3330945386196169E+00 a        91     0     6     1    11
 -1.3761556884886799E+00 a        92     0     6     1    12
  3.6172843002153940E+00 a        93     0     6     1    13
  1.1093664305468958E+00 a        94     0     6     1    14
 -7.4606508371493718E-01 a        95     0     6     1    15
 -2.5997272887607199E+00 a        96     0     6     1    16
 -7.5023973175213134E+00 a        97     0     7     1     1
  5.0776697241500353E+00 a        98     0     7     1     2
 -1.9314603892146074E+01 a        99     0     7     1     3
 -1.9050689095185234E+01 a       100     0     7     1     4
 -1.9830593665181340E+01 a       101     0     7     1     5
  6.4011934079924115E-01 a       102     0     7     1     6
 -1.6472851701805393E+00 a       103     0     7     1     7
  2.3883935704429167E+01 a       104     0     7     1     8
 -1.7724350078635815E+01 a       105     0     7     1     9
  3.3728741631475465E+01 a       106     0     7     1    10
  3.4764906434412044E+00 a       107     0     7     1    11
  8.3314343696454465E+00 a       108     0     7     1    12
 -9.1018057948182030E+00 a       109     0     7     1    13
 -5.2440709255981135E+00 a       110     0     7     1    14
 -1.0526065100911024E+01 a       111     0     7     1    15
 -2.1337025454260004E+00 a       112     0     7     1    16
  3.2797479688538602E+00 a       113     0     8     1     1
 -1.3988651339292295E+00 a       114     0     8     1     2
  9.8075683093070172E+00 a       115     0     8     1     3
  8.4013405394789551E+00 a       116     0     8     1     4
  6.5744781815855058E+00 a       117     0     8     1     5
 -3.4617379405654292E-01 a       118     0     8     1     6
  1.0300339398769887E+00 a       119     0     8     1     7
 -8.6359876905718593E+00 a       120     0     8     1     8
  1.2176811007165590E+01 a       121     0     8     1     9
 -1.1615682007590360E+01 a       122     0     8     1    10
 -1.1442037064083044E+00 a       123     0     8     1    11
 -6.1400659758391916E+00 a       124     0     8     1    12
  3.1991943879601092E+00 a       125     0     8     1    13
  4.0369117745348850E+00 a       126     0     8     1    14
  6.6825728680132661E+00 a       127     0     8     1    15
 -1.2992714677220822E+00 a       128     0     8     1    16
  1.6991491682317150E+01 a       129     0     9     1     1
  1.2697341288490223E+01 a       130     0     9     1     2
 -1.7376225943909326E+01 a       131     0     9     1     3
 -5.1927822575123974E+00 a       132     0     9     1     4
 -1.9723701959983241E+01 a       133     0     9     1     5
 -1.4615952641978492E+01 a       134     0     9     1     6
 -2.6891282362316147E+01 a       135     0     9     1     7
 -6.8181806652071693E+00 a       136     0     9     1     8
  1.0392811448867663E+01 a       137     0     9     1     9
  2.9559201065406405E+01 a       138     0     9     1    10
 -2.9418313903252066E+01 a       139     0     9     1    11
 -3.3734066175583488E-01 a       140     0     9     1    12
 -2.9119860777682183E+00 a       141     0     9     1    13
 -1.7767557592364419E+01 a       142     0     9     1    14
 -2.1060299294000973E+01 a       143     0     9     1    15
 -1.1535581363452419E+01 a       144     0     9     1    16
 -7.5720141786935287E+00 a       145     0    10     1     1
  3.4057023060946743E+00 a       146     0    10     1     2
  5.5347557247525927E+00 a       147     0    10     1     3
 -9.8904326580396447E+00 a       148     0    10     1     4
  2.2605493588552541E+00 a       149     0    10     1     5
 -7.0100947081127867E+00 a       150     0    10     1     6
  2.2515521176704136E+00 a       151     0    10     1     7
  1.1674813625013849E+01 a       152     0    10     1     8
 -1.7651852665069561E+00 a       153     0    10     1     9
  7.7299281652220753E+00 a       154     0    10     1    10
 -4.3555547990685861E+00 a       155     0    10     1    11
 -1.0280284985115909E+01 a       156     0    10     1    12
  5.2319171510297089E+00 a       157     0    10     1    13
 -2.3464754681004059E+00 a       158     0    10     1    14
  2.8246905411300482E-01 a       159     0    10     1    15
 -1.7605697336049055E+01 a       160     0    10     1    16
  9.4350178676218182E+00 a       161     0    11     1     1
  4.1144656476481529E+00 a       162     0    11     1     2
 -3.8591118813150183E+00 a       163     0    11     1     3
 -1.0275198362201021E+01 a       164     0    11     1     4
 -2.1834766329839120E+01 a       165     0    11     1     5
 -5.2749646430916739E+00 a       166     0    11     1     6
 -5.5434368813500736E+00 a       167     0    11     1     7
  4.8374294514130529E+00 a       168     0    11     1     8
 -2.2398413969409361E+01 a       169     0    11     1     9
  1.7315131112279143E+01 a       170     0    11     1    10
 -2.5393367588491840E+00 a       171     0    11     1    11
  1.2365164847930858E+01 a       172     0    11     1    12
  2.1098989243644638E+01 a       173     0    11     1    13
 -1.8389276677609310E+01 a       174     0    11     1    14
  7.3458527382629066E+00 a       175     0    11     1    15
 -1.1166162137219565E+01 a       176     0    11     1    16
 -1.9510155653775477E+01 a       177     0    12     1     1
  2.1218586496913489E-01 a       178     0    12     1     2
 -3.8484415459510799E+01 a       179     0    12     1     3
 -1.9814470919759980E+01 a       180     0    12     1     4
 -1.1456395522730357E+01 a       181     0    12     1     5
 -7.9033549090336521E+00 a       182     0    12     1     6
 -1.2183666566722101E+01 a       183     0    12     1     7
  3.1870743727752092E+01 a       184     0    12     1     8
  1.6725423845861830E+01 a       185     0    12     1     9
  1.1656409950348333E+01 a       186     0    12     1    10
 -3.1373747448189881E+01 a       187     0    12     1    11
  4.4971703063060042E+00 a       188     0    12     1    12
  2.4054674040025770E+01 a       189     0    12     1    13
  7.2769102135953390E-01 a       190     0    12     1    14
 -3.7421269062057391E+01 a       191     0    12     1    15
 -2.6832849240703251E+01 a       192     0    12     1    16
  1.2067543558379162E+01 a       193     0    13     1     1
  6.1253246948938456E+00 a       194     0    13     1     2
 -1.0104123732076614E+01 a       195     0    13     1     3
 -6.9205036325101750E+00 a       196     0    13     1     4
  1.5925423576799153E-01 a       197     0    13     1     5
  5.4409324120585074E+00 a       198     0    13     1     6
  9.9142443271961938E+00 a       199     0    13     1     7
 -8.3824317237226218E+00 a       200     0    13     1     8
  1.1180483437934239E+01 a       201     0    13     1     9
  2.6426590170083814E-01 a       202     0    13     1    10
  1.4691066366506755E+01 a       203     0    13     1    11
  8.0713034705275053E+00 a       204     0    13     1    12
 -3.4573586151341851E+00 a       205     0    13     1    13
  4.3341943646706566E-01 a       206     0    13     1    14
  9.5204194548991250E+00 a       207     0    13     1    15
  7.4999691701168167E+00 a       208     0    13     1    16
 -5.2412781305414661E+01 a       209     0    14     1     1
  4.4275520067708932E+01 a       210     0    14     1     2
  1.6691782645686722E+01 a       211     0    14     1     3
 -2.2508931937811422E+01 a       212     0    14     1     4
 -5.3554554955235156E+00 a       213     0    14     1     5
 -3.7730759251055204E+01 a       214     0    14     1     6
 -2.9780930813953127E+01 a       215     0    14     1     7
 -3.4027345795415314E+01 a       216     0    14     1     8
 -3.8278892458045860E+01 a       217     0    14     1     9
  7.2026174134324336E+01 a       218     0    14     1    10
  5.7168864859331499E+01 a       219     0    14     1    11
 -9.4662947106312139E+00 a       220     0    14     1    12
 -2.3365575263539565E+01 a       221     0    14     1    13
  4.5117487729213110E+01 a       222     0    14     1    14
 -5.1746768955195108E+01 a       223     0    14     1    15
 -3.0262976038509164E+00 a       224     0    14     1    16
 -4.2043538913573189E+00 a       225     0    15     1     1
 -3.8410561713216995E+00 a       226     0    15     1     2
 -4.7394160495368167E+00 a       227     0    15     1     3
  3.2759549416975005E+00 a       228     0    15     1     4
 -3.8796898264663664E+00 a       229     0    15     1     5
 -2.6204314868053653E+00 a       230     0    15     1     6
  8.2663042743525450E-01 a       231     0    15     1     7
  5.5101819112089121E+00 a       232     0    15     1     8
  4.4440403925759142E+00 a       233     0    15     1     9
  9.5281682411548185E-01 a       234     0    15     1    10
 -4.7789606384264864E+00 a       235     0    15     1    11
  3.0434814308880026E-01 a       236     0    15     1    12
 -3.1228333146052392E+00 a       237     0    15     1    13
 -5.5595877669084670E-01 a       238     0    15     1    14
 -3.0338993442947659E+00 a       239     0    15     1    15
 -2.8278917712461080E+00 a       240     0    15     1    16
  1.8401176612937425E-01 a       241     0    16     1     1
 -8.4247920482354555E-01 a       242     0    16     1     2
  2.3888081337180650E-01 a       243     0    16     1     3
 -8.0803634041108108E+00 a       244     0    16     1     4
  5.3529083086481446E+00 a       245     0    16     1     5
 -1.8174416694242199E+00 a       246     0    16     1     6
  7.5091750309405132E+00 a       247     0    16     1     7
  9.4931742179852907E-01 a       248     0    16     1     8
  9.4793206884814776E+00 a       249     0    16     1     9
  1.6565840901119802E-01 a       250     0    16     1    10
 -1.0980332403159845E+00 a       251     0    16     1    11
 -7.1065443879477586E-01 a       252     0    16     1    12
 -1.1351557388918869E+00 a       253     0    16     1    13
 -2.5023549783748056E+00 a       254     0    16     1    14
  7.8051135945362500E+00 a       255     0    16     1    15
 -7.3024178046073185E-01 a       256     0    16     1    16
 -2.1938983817306710E+00 a       257     0    17     1     1
  1.2977998939539322E+01 a       258     0    17     1     2
  4.7628326540020316E+00 a       259     0    17     1     3
 -2.4145701079468113E-01 a       260     0    17     1     4
 -5.7881207500763141E+00 a       261     0    17     1     5
 -4.9802850651393227E+00 a       262     0    17     1     6
 -1.6435236940824178E+00 a       263     0    17     1     7
 -8.1026310067943772E+00 a       264     0    17     1     8
 -1.4209459641108180E+00 a       265     0    17     1     9
  9.4944784789570438E+00 a       266     0    17     1    10
  1.1315597631461504E+01 a       267     0    17     1    11
  9.6988253135052083E-01 a       268     0    17     1    12
  1.4486150790010441E-01 a       269     0    17     1    13
  1.7519952801149303E+00 a       270     0    17     1    14
 -1.4123941323018563E-01 a       271     0    17     1    15
 -7.2768794812768460E+00 a       272     0    17     1    16
 -1.9843564019363473E+01 a       273     0    18     1     1
 -1.6935335291078513E+01 a       274     0    18     1     2
  2.6303573875172599E+01 a       275     0    18     1     3
  4.8885349699893590E+00 a       276     0    18     1     4
  4.0497497600220456E+01 a       277     0    18     1     5
  2.2151858322432979E+01 a       278     0    18     1     6
  4.1976177125976442E+01 a       279     0    18     1     7
  2.7923914876966201E+01 a       280     0    18     1     8
 -2.8452638056037458E+01 a       281     0    18     1     9
 -5.9356648025518737E+01 a       282     0    18     1    10
  7.5367745334006372E+01 a       283     0    18     1    11
  5.6928131005520113E+00 a       284     0    18     1    12
  2.5671338089165442E+01 a       285     0    18     1    13
  3.5257833070632316E+01 a       286     0    18     1    14
  2.3815342322503163E+01 a       287     0    18     1    15
  1.6918797566755671E+01 a       288     0    18     1    16
 -1.5562461823532153E+01 a       289     0    19     1     1
 -1.2186083002144786E+01 a       290     0    19     1     2
  1.2325391290784671E+00 a       291     0    19     1     3
  2.2538781519151431E+01 a       292     0    19     1     4
 -8.2473516847255670E+00 a       293     0    19     1     5
 -3.2280732960327976E+00 a       294     0    19     1     6
 -2.7753878896661472E+01 a       295     0    19     1     7
  8.6441124781242316E+00 a       296     0    19     1     8
 -2.8707041959414735E+01 a       297     0    19     1     9
 -8.0810703053387556E+00 a       298     0    19     1    10
 -1.8918037455097554E+01 a       299     0    19     1    11
 -2.8308930543181482E-03 a       300     0    19     1    12
  1.6052313545945174E+00 a       301     0    19     1    13
  4.1597038292697723E+00 a       302     0    19     1    14
 -2.8553085460445036E+01 a       303     0    19     1    15
 -1.1984410297321830E+00 a       304     0    19     1    16
 -4.9798128234830941E+01 a       305     0    20     1     1
 -3.9620722659928260E+00 a       306     0    20     1     2
  4.3601457197910534E+01 a       307     0    20     1     3
 -1.3740788650496401E+00 a       308     0    20     1     4
  6.8083180702299629E+01 a       309     0    20     1     5
 -1.0169355434055985E+01 a       310     0    20     1     6
  8.8360074796160895E+00 a       311     0    20     1     7
  4.4998592870958243E+00 a       312     0    20     1     8
  2.1488174857392426E+01 a       313     0    20     1     9
 -4.3335831648054530E+01 a       314     0    20     1    10
  8.5964814121452882E-01 a       315     0    20     1    11
 -5.4422490262101853E+01 a       316     0    20     1    12
 -6.8921588875585272E+01 a       317     0    20     1    13
  5.3746869062795454E+01 a       318     0    20     1    14
 -5.7533445003001610E+01 a       319     0    20     1    15
  4.4453747894347565E+01 a       320     0    20     1    16
  2.4183759395421568E+01 a       321     0    21     1     1
  8.9432640814151139E+00 a       322     0    21     1     2
  4.4425819152654125E+00 a       323     0    21     1     3
  2.3656243536427776E-01 a       324     0    21     1     4
 -6.9344416177296777E+00 a       325     0    21     1     5
 -3.7630422454530739E+00 a       326     0    21     1     6
 -1.4984394672595112E+01 a       327     0    21     1     7
 -2.8358490352821480E+01 a       328     0    21     1     8
  1.4902239496785457E+00 a       329     0    21     1     9
  1.6391653823330067E+01 a       330     0    21     1    10
 -1.5697056853817033E+01 a       331     0    21     1    11
 -1.7705833550007251E+00 a       332     0    21     1    12
 -1.4138464457987203E+01 a       333     0    21     1    13
 -1.3589605072311754E+01 a       334     0    21     1    14
  3.3658568200066741E+00 a       335     0    21     1    15
  8.0777466389318100E+00 a       336     0    21     1    16
  4.0612800382110457E+01 a       337     0    22     1     1
 -2.6962150630520831E+01 a       338     0    22     1     2
 -2.8804984248576194E+01 a       339     0    22     1     3
  4.5209081346995506E+00 a       340     0    22     1     4
 -2.2085552066509909E+01 a       341     0    22     1     5
  2.1038116371330879E+01 a       342     0    22     1     6
  6.4519546486107640E+00 a       343     0    22     1     7
  1.5200476095057919E+01 a       344     0    22     1     8
  4.7795282114103728E+00 a       345     0    22     1     9
 -1.4351626436052003E+01 a       346     0    22     1    10
 -2.8466939304344411E+01 a       347     0    22     1    11
  2.7308611434873196E+01 a       348     0    22     1    12
  3.5275808126162815E+01 a       349     0    22     1    13
 -3.8363251156853970E+01 a       350     0    22     1    14
  4.0810906318113240E+01 a       351     0    22     1    15
 -7.3343692392146744E+00 a       352     0    22     1    16
 -2.6346016436312145E+00 a       353     0    23     1     1
 -9.6009316219498564E-01 a       354     0    23     1     2
 -2.2936229119623590E+00 a       355     0    23     1     3
  4.5278188670020958E+00 a       356     0    23     1     4
 -3.6783264559737461E+00 a       357     0    23     1     5
 -2.2607782803768477E+00 a       358     0    23     1     6
 -4.7748341164398733E-01 a       359     0    23     1     7
 -8.8854855119466425E-01 a       360     0    23     1     8
  8.2392725978241650E+00 a       361     0    23     1     9
  6.4490929123354341E+00 a       362     0    23     1    10
 -7.5694252589571533E+00 a       363     0    23     1    11
 -8.2589485352420378E-01 a       364     0    23     1    12
 -7.3498686962149513E+00 a       365     0    23     1    13
 -3.6227984675819527E+00 a       366     0    23     1    14
  1.7285033443554214E+00 a       367     0    23     1    15
  9.2435371070758554E-01 a       368     0    23     1    16
 -4.4926307540473021E-01 a       369     0    24     1     1
 -1.6847940470009195E+00 a       370     0    24     1     2
  3.8205382699577717E+00 a       371     0    24     1     3
 -4.6029760735410070E+00 a       372     0    24     1     4
  6.9890363837348248E+00 a       373     0    24     1     5
 -2.8050984902240286E+00 a       374     0    24     1     6
  5.9435711772226663E+00 a       375     0    24     1     7
  1.3704067163554332E+00 a       376     0    24     1     8
  8.8970149448101452E+00 a       377     0    24     1     9
  1.7230639847534088E+00 a       378     0    24     1    10
 -3.4472517396054756E+00 a       379     0    24     1    11
 -3.1986978952434346E+00 a       380     0    24     1    12
 -1.9379498252812128E+00 a       381     0    24     1    13
 -4.0246705590329706E+00 a       382     0    24     1    14
  7.5948471228671757E+00 a       383     0    24     1    15
 -1.7752944269524777E+00 a       384     0    24     1    16
  5.6006246931156003E+00 a       385     0    25     1     1
  7.4747361758958260E+00 a       386     0    25     1     2
  1.2133606052931096E+00 a       387     0    25     1     3
  2.3713211893813777E+00 a       388     0    25     1     4
 -5.8089405522776136E+00 a       389     0    25     1     5
 -2.0088607298396837E+00 a       390     0    25     1     6
  1.8062153626824689E+00 a       391     0    25     1     7
 -4.4714652200804412E+00 a       392     0    25     1     8
 -2.8923219561089715E+00 a       393     0    25     1     9
  7.0199048954509342E+00 a       394     0    25     1    10
  3.7140523780388746E+00 a       395     0    25     1    11
  4.7878561379866653E+00 a       396     0    25     1    12
  8.2107275612817929E+00 a       397     0    25     1    13
 -7.7686287074933880E+00 a       398     0    25     1    14
  9.7264564340305260E+00 a       399     0    25     1    15
 -5.7429560534214614E+00 a       400     0    25     1    16
  1.8797088374970359E+00 a       401     0    26     1     1
  3.6253136977357050E+00 a       402     0    26     1     2
 -1.3579276783706020E+00 a       403     0    26     1     3
 -5.2131053300056900E+00 a       404     0    26     1     4
 -2.5011908075964708E+00 a       405     0    26     1     5
  3.1763750299545083E-02 a       406     0    26     1     6
 -5.1102497751055056E+00 a       407     0    26     1     7
 -1.7208194217251269E+00 a       408     0    26     1     8
 -2.1844209785503912E+00 a       409     0    26     1     9
  3.9531587146580391E+00 a       410     0    26     1    10
 -4.0163761885720435E+00 a       411     0    26     1    11
 -9.8409450179806834E-01 a       412     0    26     1    12
  5.9144010128971356E+00 a       413     0    26     1    13
 -1.8590164033050038E+00 a       414     0    26     1    14
 -5.3187146692252236E+00 a       415     0    26     1    15
 -4.0695159426232124E+00 a       416     0    26     1    16
  2.2244207653022006E+00 a       417     0    27     1     1
  4.6013482591718171E+00 a       418     0    27     1     2
 -1.6357146763362886E+00 a       419     0    27     1     3
  6.8447454225337676E+00 a       420     0    27     1     4
 -5.7765727911772267E+00 a       421     0    27     1     5
  3.3692110901569392E+00 a       422     0    27     1     6
 -1.0383182755070390E+00 a       423     0    27     1     7
 -3.9566706034340990E+00 a       424     0    27     1     8
 -3.9086141327034651E+00 a       425     0    27     1     9
  1.9113646491601799E+00 a       426     0    27     1    10
  8.0105379679870694E+00 a       427     0    27     1    11
  2.9621518689265738E+00 a       428     0    27     1    12
  2.3216143670219371E+00 a       429     0    27     1    13
  2.2606667115362549E+00 a       430     0    27     1    14
 -1.6693936606753119E+00 a       431     0    27     1    15
  2.9554207442855467E+00 a       432     0    27     1    16
 -6.4534924027264289E+00 a       433     0    28     1     1
 -7.2047354652738971E+00 a       434     0    28     1     2
 -5.2169578632669475E+00 a       435     0    28     1     3
 -4.3157644572912562E-01 a       436     0    28     1     4
 -1.0582274209196207E+00 a       437     0    28     1     5
  1.7522743331417912E+00 a       438     0    28     1     6
 -2.7208623902201641E+00 a       439     0    28     1     7
  2.9650365578164002E+00 a       440     0    28     1     8
  7.1993736376609840E-01 a       441     0    28     1     9
  6.6004928577649427E+00 a       442     0    28     1    10
 -2.9365585281603792E+00 a       443     0    28     1    11
  2.5407983039783105E-01 a       444     0    28     1    12
  8.7784130693082874E-01 a       445     0    28     1    13
  1.6942068205181076E+00 a       446     0    28     1    14
 -2.5147811445810397E+00 a       447     0    28     1    15
  1.5804929188957064E+00 a       448     0    28     1    16
  3.9622082433634738E+00 a       449     0    29     1     1
 -1.1956323652559262E+00 a       450     0    29     1     2
  2.8521880937845712E+01 a       451     0    29     1     3
  1.7316761924893733E+01 a       452     0    29     1     4
  4.7088582739568325E+00 a       453     0    29     1     5
  5.4725037226565920E+00 a       454     0    29     1     6
  1.2664359722319697E+01 a       455     0    29     1     7
 -2.3664618441304441E+01 a       456     0    29     1     8
 -1.1514667447566618E+01 a       457     0    29     1     9
 -5.5866005493038786E+00 a       458     0    29     1    10
  1.8861311798318550E+01 a       459     0    29     1    11
 -5.5504874262823165E+00 a       460     0    29     1    12
 -2.5651424214755178E+01 a       461     0    29     1    13
 -4.5896632510378838E-01 a       462     0    29     1    14
  3.2612435851280345E+01 a       463     0    29     1    15
  1.7550357901815588E+01 a       464     0    29     1    16
  4.9155770081316447E+01 a       465     0    30     1     1
 -3.1302030388529467E+01 a       466     0    30     1     2
 -2.8920812565410046E+01 a       467     0    30     1     3
  2.2518863225628596E+01 a       468     0    30     1     4
 -4.1619323603028562E+00 a       469     0    30     1     5
  3.3119467717735489E+01 a       470     0    30     1     6
  2.4208687523862690E+01 a       471     0    30     1     7
  2.5420281606693717E+01 a       472     0    30     1     8
  3.1721108723185459E+01 a       473     0    30     1     9
 -4.8462186989740061E+01 a       474     0    30     1    10
 -4.1684200167314863E+01 a       475     0    30     1    11
  1.6178315027346592E+01 a       476     0    30     1    12
  2.9160917834035541E+01 a       477     0    30     1    13
 -3.9179580412828784E+01 a       478     0    30     1    14
  5.1592609343538854E+01 a       479     0    30     1    15
 -1.3229426104112189E+01 a       480     0    30     1    16
 -1.1692183359198992E-01 a       481     0    31     1     1
 -1.0143375545416169E+00 a       482     0    31     1     2
  6.3809324903103315E-01 a       483     0    31     1     3
  4.9183737751710310E-01 a       484     0    31     1     4
  5.6523161497932262E-01 a       485     0    31     1     5
 -1.9692897981549276E-01 a       486     0    31     1     6
 -9.4416148919487752E-01 a       487     0    31     1     7
  1.1640788191897682E-01 a       488     0    31     1     8
  1.3291553072856293E+00 a       489     0    31     1     9
 -7.8684161053484125E-01 a       490     0    31     1    10
 -1.3508736680775804E+00 a       491     0    31     1    11
 -3.8012721436222169E-01 a       492     0    31     1    12
  1.6762041939007433E-01 a       493     0    31     1    13
 -1.8068656992352961E-01 a       494     0    31     1    14
  5.1945005344862072E-01 a       495     0    31     1    15
 -1.6028093857374317E+00 a       496     0    31     1    16
 -3.2726968359500547E-01 a       497     0    32     1     1
 -9.4163839806033589E-01 a       498     0    32     1     2
 -1.5506073106989562E+00 a       499     0    32     1     3
 -2.0225715440034371E+00 a       500     0    32     1     4
 -4.3931078760234954E-01 a       501     0    32     1     5
 -3.3368146302888513E-01 a       502     0    32     1     6
 -5.9908584768145745E-01 a       503     0    32     1     7
  2.4772691990085054E+00 a       504     0    32     1     8
 -1.9543484186718363E+00 a       505     0    32     1     9
  6.0838915616211198E-01 a       506     0    32     1    10
 -6.4716282504647960E-01 a       507     0    32     1    11
  2.9724632379426980E-01 a       508     0    32     1    12
  5.2607697689563782E-01 a       509     0    32     1    13
  1.1625906842861361E-01 a       510     0    32     1    14
 -7.4035832852147143E-01 a       511     0    32     1    15
 -1.2787848599629843E+00 a       512     0    32     1    16
 -2.0181723447949955E+00 a       513     0    33     1     1
 -8.1207594700781505E-01 a       514     0    33     1     2
  9.4095802036366094E-01 a       515     0    33     1     3
 -5.5603400478962428E-01 a       516     0    33     1     4
  4.4934179674555280E-01 a       517     0    33     1     5
 -4.9799305520669035E-01 a       518     0    33     1     6
 -6.8418538441685695E-01 a       519     0    33     1     7
  2.9099235757137714E+00 a       520     0    33     1     8
  7.6541563090253062E-01 a       521     0    33     1     9
 -1.7906175351116502E+00 a       522     0    33     1    10
 -2.4823731261396333E+00 a       523     0    33     1    11
 -1.4344888095112664E+00 a       524     0    33     1    12
 -7.9925502500208800E-01 a       525     0    33     1    13
 -2.7605664139938862E-01 a       526     0    33     1    14
  3.1967496695501496E-01 a       527     0    33     1    15
  5.4411427393354128E-01 a       528     0    33     1    16
  5.6710965469446498E-03 a       529     0    34     1     1
 -9.4777726364539649E-01 a       530     0    34     1     2
  1.6360586267187374E+00 a       531     0    34     1     3
 -1.0555468491743494E+00 a       532     0    34     1     4
 -2.8401148183891051E-01 a       533     0    34     1     5
 -2.1032552367361712E-01 a       534     0    34     1     6
 -1.3201489674440996E+00 a       535     0    34     1     7
  1.4895844989532274E+00 a       536     0    34     1     8
  3.6453796503764446E-01 a       537     0    34     1     9
 -1.3556922313239059E+00 a       538     0    34     1    10
 -8.2521773487920258E-01 a       539     0    34     1    11
 -7.3305997180554350E-01 a       540     0    34     1    12
 -6.6910726393333853E-01 a       541     0    34     1    13
 -5.5889904247895583E-01 a       542     0    34     1    14
 -8.3114349058466963E-01 a       543     0    34     1    15
  5.0696872832278539E-01 a       544     0    34     1    16
  5.3006979536303600E-01 a       545     0    35     1     1
  1.5326527057998534E+00 a       546     0    35     1     2
  1.3322320926808242E+00 a       547     0    35     1     3
 -6.1806830913776101E-01 a       548     0    35     1     4
  4.4374628322946569E-01 a       549     0    35     1     5
  1.0179020450580898E+00 a       550     0    35     1     6
 -1.0649310749208032E+00 a       551     0    35     1     7
  1.0453247654359314E+00 a       552     0    35     1     8
  2.3355184724479847E+00 a       553     0    35     1     9
  1.3369313419302091E+00 a       554     0    35     1    10
  1.1041895681267129E+00 a       555     0    35     1    11
 -1.0973635477924559E+00 a       556     0    35     1    12
 -1.0786594481813194E+00 a       557     0    35     1    13
  1.9771329174280159E+00 a       558     0    35     1    14
  3.0868049848427597E+00 a       559     0    35     1    15
 -9.1504486117373232E-02 a       560     0    35     1    16
 -1.9631886368156992E-01 a       561     0    36     1     1
  2.2171724838965720E-01 a       562     0    36     1     2
 -5.3718386735272083E-01 a       563     0    36     1     3
  2.7287081531739843E-01 a       564     0    36     1     4
  9.8114027620707833E-01 a       565     0    36     1     5
 -5.4399980512511781E-01 a       566     0    36     1     6
  1.4504821542465191E-01 a       567     0    36     1     7
 -3.0553931785947963E-01 a       568     0    36     1     8
  1.0670433877612888E+00 a       569     0    36     1     9
  1.2073778562409947E+00 a       570     0    36     1    10
  1.8229784864915954E+00 a       571     0    36     1    11
  1.5487098064001756E+00 a       572     0    36     1    12
  4.8573742012951859E-01 a       573     0    36     1    13
 -3.0832863577137332E-01 a       574     0    36     1    14
  2.5594619030074417E-01 a       575     0    36     1    15
 -1.3567072378378968E+00 a       576     0    36     1    16
  5.3926679859571092E+00 a       577     0    37     1     1
  5.0795004296668411E+00 a       578     0    37     1     2
 -1.7953756138414601E+01 a       579     0    37     1     3
 -1.2406927615509643E+01 a       580     0    37     1     4
  6.2743211974044106E+00 a       581     0    37     1     5
 -1.2750085807072014E+00 a       582     0    37     1     6
  9.2442023440628009E+00 a       583     0    37     1     7
 -3.9850382070640067E+00 a       584     0    37     1     8
 -5.0018910725868375E+00 a       585     0    37     1     9
 -5.2880891664202654E+00 a       586     0    37     1    10
  1.3089002040959012E+00 a       587     0    37     1    11
  4.6938592873272453E+00 a       588     0    37     1    12
  4.5053163395245388E+00 a       589     0    37     1    13
  3.1688144502776385E+00 a       590     0    37     1    14
  4.4981680230401215E+00 a       591     0    37     1    15
  4.9210037929353332E+00 a       592     0    37     1    16
  3.3910524697694393E-02 a       593     0    38     1     1
 -4.7490195520292017E-01 a       594     0    38     1     2
 -1.2878078492553722E+00 a       595     0    38     1     3
 -2.8920742108142146E+00 a       596     0    38     1     4
  5.3257724348589042E-01 a       597     0    38     1     5
 -1.0623889671481694E+00 a       598     0    38     1     6
 -1.2651977071342733E+00 a       599     0    38     1     7
  2.1729493196908773E+00 a       600     0    38     1     8
  3.3868953307199451E-01 a       601     0    38     1     9
 -6.7780237330998072E-01 a       602     0    38     1    10
 -3.0415107384625077E+00 a       603     0    38     1    11
 -8.0510815611993647E-01 a       604     0    38     1    12
 -3.1841598776691343E-01 a       605     0    38     1    13
 -5.5131284828875682E-01 a       606     0    38     1    14
 -2.8194310588887768E+00 a       607     0    38     1    15
 -1.1894755746375560E+00 a       608     0    38     1    16
 -9.8242695922070862E+00 a       609     0    39     1     1
 -5.2036589222663299E-01 a       610     0    39     1     2
 -8.4697504777166284E+00 a       611     0    39     1     3
 -1.0257348834687544E+01 a       612     0    39     1     4
  1.4339046383076443E+01 a       613     0    39     1     5
 -5.8968216360360506E+00 a       614     0    39     1     6
  7.7801662874357480E-01 a       615     0    39     1     7
  6.0451528925286908E+00 a       616     0    39     1     8
 -1.0702814640069048E+01 a       617     0    39     1     9
  5.5012970393656886E+00 a       618     0    39     1    10
 -1.6186502828295133E+01 a       619     0    39     1    11
 -4.6406023985004987E+00 a       620     0    39     1    12
  1.2848308745327671E+01 a       621     0    39     1    13
  1.0307551197177969E+00 a       622     0    39     1    14
 -7.4115781073051830E+00 a       623     0    39     1    15
 -1.7097174298262598E+01 a       624     0    39     1    16
  1.6981633112936867E+00 a       625     0    40     1     1
 -4.4437204632380229E+00 a       626     0    40     1     2
 -8.7464231010872826E+00 a       627     0    40     1     3
 -3.1931087408397736E+00 a       628     0    40     1     4
 -4.3651395209377615E+00 a       629     0    40     1     5
 -2.1391915078283730E+00 a       630     0    40     1     6
 -4.4343133796702743E+00 a       631     0    40     1     7
  1.3297702540248524E+00 a       632     0    40     1     8
  4.6310512078681247E+00 a       633     0    40     1     9
 -6.5191719410264182E-01 a       634     0    40     1    10
  7.5736331391422596E-01 a       635     0    40     1    11
  1.8195852755964810E+00 a       636     0    40     1    12
 -2.3701931797166416E+00 a       637     0    40     1    13
 -1.4133897719848898E+00 a       638     0    40     1    14
 -2.6635240621009002E+00 a       639     0    40     1    15
  2.3136182189275929E+00 a       640     0    40     1    16
  3.3580367581003037E+00 a       641     0    41     1     1
 -2.3225926174699665E+00 a       642     0    41     1     2
 -1.5460343067312365E+00 a       643     0    41     1     3
 -2.4802904262816088E+00 a       644     0    41     1     4
  2.6024098227861612E+00 a       645     0    41     1     5
 -3.2579636811904775E+00 a       646     0    41     1     6
 -1.0763398574081218E+00 a       647     0    41     1     7
  4.0424933582717966E+00 a       648     0    41     1     8
  3.5259693523586468E-02 a       649     0    41     1     9
 -2.9041589264394445E+00 a       650     0    41     1    10
 -1.9805390370713618E+00 a       651     0    41     1    11
 -1.1552079504230630E+00 a       652     0    41     1    12
  1.5616150118771552E+00 a       653     0    41     1    13
 -1.5991951709931262E+00 a       654     0    41     1    14
 -2.0477468975979538E+00 a       655     0    41     1    15
 -3.2878786575466679E+00 a       656     0    41     1    16
 -8.1746144457906507E+00 a       657     0    42     1     1
 -5.9797415098159670E+00 a       658     0    42     1     2
  2.1044851725975548E+01 a       659     0    42     1     3
  2.5245278285251573E+00 a       660     0    42     1     4
 -1.3124853069829687E+00 a       661     0    42     1     5
  3.5413642019248250E+00 a       662     0    42     1     6
 -1.0838690461637114E+01 a       663     0    42     1     7
  7.6191773233431075E+00 a       664     0    42     1     8
  4.9821870841154867E+00 a       665     0    42     1     9
  2.0175891606470508E+01 a       666     0    42     1    10
 -1.1802641993977598E+01 a       667     0    42     1    11
 -1.7029078117315478E+01 a       668     0    42     1    12
 -5.7433918356860403E+00 a       669     0    42     1    13
 -6.2105086299018231E+00 a       670     0    42     1    14
 -1.4912074230389802E+01 a       671     0    42     1    15
 -1.2939570238547050E+01 a       672     0    42     1    16
  4.9849357059921591E+00 a       673     0    43     1     1
 -3.5440954573139605E+00 a       674     0    43     1     2
  4.2272967654485045E+00 a       675     0    43     1     3
  1.0666021576326394E+00 a       676     0    43     1     4
  5.7977707912642129E-01 a       677     0    43     1     5
  2.0287358298802900E+00 a       678     0    43     1     6
  1.0056479431145258E+00 a       679     0    43     1     7
 -5.0818941870836909E+00 a       680     0    43     1     8
 -2.0317198887835497E+00 a       681     0    43     1     9
  1.3574038030689720E-01 a       682     0    43     1    10
 -1.2008086473683199E+00 a       683     0    43     1    11
 -2.1907412958047550E+00 a       684     0    43     1    12
  1.3831339650373993E+00 a       685     0    43     1    13
 -3.0507150834185132E-01 a       686     0    43     1    14
  1.1224625119093914E+00 a       687     0    43     1    15
  2.7351772788362707E+00 a       688     0    43     1    16
  1.0336658856618232E+01 a       689     0    44     1     1
 -5.4601400198698844E+00 a       690     0    44     1     2
  1.1701766070289942E+01 a       691     0    44     1     3
  7.7582702420773559E+00 a       692     0    44     1     4
 -1.0252131348193585E+01 a       693     0    44     1     5
  1.4372410188328601E+01 a       694     0    44     1     6
 -3.4427030312475844E+00 a       695     0    44     1     7
 -2.0091807553935126E+01 a       696     0    44     1     8
  1.6835905783752711E+01 a       697     0    44     1     9
 -1.0988395656349124E+00 a       698     0    44     1    10
  1.3707654630830801E+01 a       699     0    44     1    11
  9.2427621438613994E-01 a       700     0    44     1    12
 -6.3588772541864635E+00 a       701     0    44     1    13
  2.8240819464724924E+00 a       702     0    44     1    14
  1.3197645326680792E+01 a       703     0    44     1    15
  1.6208627411878634E+01 a       704     0    44     1    16
 -6.4469798761042429E-01 a       705     0    45     1     1
  2.9901371037305804E+00 a       706     0    45     1     2
  9.2042229864180154E+00 a       707     0    45     1     3
  1.1485312973155819E+00 a       708     0    45     1     4
  4.8327247081090778E+00 a       709     0    45     1     5
  1.7723945621154262E+00 a       710     0    45     1     6
  6.2335891043642775E+00 a       711     0    45     1     7
 -6.2392676938937335E+00 a       712     0    45     1     8
 -3.7731893225227715E+00 a       713     0    45     1     9
 -3.6322144984644811E-01 a       714     0    45     1    10
 -1.2403818161237179E+00 a       715     0    45     1    11
 -2.3242579956908371E+00 a       716     0    45     1    12
  2.3070385396187594E+00 a       717     0    45     1    13
  1.8636071332666240E+00 a       718     0    45     1    14
  4.4092260977130691E+00 a       719     0    45     1    15
  1.8178706712121926E+00 a       720     0    45     1    16
 -5.9751757270112451E+00 a       721     0    46     1     1
  5.9418004259377826E+00 a       722     0    46     1     2
 -1.4282763119764821E+00 a       723     0    46     1     3
  9.3079741144507633E+00 a       724     0    46     1     4
 -7.0803095305088481E+00 a       725     0    46     1     5
  8.0849515544913864E+00 a       726     0    46     1     6
  2.3977879334251599E+00 a       727     0    46     1     7
 -1.3951329390701371E+01 a       728     0    46     1     8
 -4.2363089270825034E+00 a       729     0    46     1     9
  6.0534044733477659E+00 a       730     0    46     1    10
  2.5524042934788480E+00 a       731     0    46     1    11
  3.4717974490998884E+00 a       732     0    46     1    12
 -4.2045093416207568E-01 a       733     0    46     1    13
  4.0520727769474885E+00 a       734     0    46     1    14
  3.2996130421644123E+00 a       735     0    46     1    15
  3.5669394283480669E+00 a       736     0    46     1    16
  6.4902283524887023E+00 a       737     0    47     1     1
 -1.4577965856411361E+00 a       738     0    47     1     2
  4.0013136515696468E+00 a       739     0    47     1     3
 -1.4483787047836378E+00 a       740     0    47     1     4
  1.2357871479617767E+01 a       741     0    47     1     5
  1.2771469857447959E-01 a       742     0    47     1     6
 -7.9427536642520868E+00 a       743     0    47     1     7
  2.5820283372460069E+00 a       744     0    47     1     8
  7.7154137767810083E+00 a       745     0    47     1     9
  1.4419347316991454E+01 a       746     0    47     1    10
  5.1979698151113389E+00 a       747     0    47     1    11
  8.8243608651757928E+00 a       748     0    47     1    12
  1.2190067197385934E+01 a       749     0    47     1    13
 -1.9419404152444031E+00 a       750     0    47     1    14
  9.2854644815267018E-01 a       751     0    47     1    15
 -4.1530817069171269E+00 a       752     0    47     1    16
  5.1030836100557531E-01 a       753     0    48     1     1
  5.2055955518695738E+00 a       754     0    48     1     2
  3.9193079475761632E+00 a       755     0    48     1     3
 -1.2747871464381580E+01 a       756     0    48     1     4
  6.7022193305562725E+00 a       757     0    48     1     5
 -3.1801587746597102E+00 a       758     0    48     1     6
  4.0769822272450149E+00 a       759     0    48     1     7
 -3.4006394652599597E-01 a       760     0    48     1     8
 -2.4546470992294016E+00 a       761     0    48     1     9
 -5.7073804444358043E+00 a       762     0    48     1    10
 -8.9729917268153176E+00 a       763     0    48     1    11
 -6.0641754508953669E+00 a       764     0    48     1    12
 -3.0910713174282716E+00 a       765     0    48     1    13
  4.9191783721983704E+00 a       766     0    48     1    14
  6.3096235266942502E+00 a       767     0    48     1    15
 -6.3429950890374007E+00 a       768     0    48     1    16
 -2.4345557035028711E+00 a       769     0    49     1     1
  2.0269207997584617E+00 a       770     0    49     1     2
  3.2538953569076110E+00 a       771     0    49     1     3
 -1.3187263688823896E+00 a       772     0    49     1     4
 -1.1411114883707123E+00 a       773     0    49     1     5
 -8.3975012943359562E-01 a       774     0    49     1     6
 -1.1788575645479278E+00 a       775     0    49     1     7
  5.3515430008855114E-01 a       776     0    49     1     8
  3.4496888347780863E+00 a       777     0    49     1     9
  1.5967984953670724E+00 a       778     0    49     1    10
 -6.5469227692943854E-01 a       779     0    49     1    11
 -8.2594406128466202E-01 a       780     0    49     1    12
 -6.7443071932138077E-01 a       781     0    49     1    13
 -1.8977207149318231E+00 a       782     0    49     1    14
 -3.6946057752827888E-01 a       783     0    49     1    15
 -2.0988176573367610E+00 a       784     0    49     1    16
 -3.9278730512746363E-01 a       785     0    50     1     1
  4.7803105235549626E-01 a       786     0    50     1     2
  7.6021479914787207E-02 a       787     0    50     1     3
 -1.7885920680718689E-01 a       788     0    50     1     4
  7.0643072022732911E-01 a       789     0    50     1     5
 -6.8549655245448471E-01 a       790     0    50     1     6
 -4.2516012019537031E-01 a       791     0    50     1     7
  7.1817148801211894E-01 a       792     0    50     1     8
  1.0033763678967336E+00 a       793     0    50     1     9
  7.2978124347707263E-01 a       794     0    50     1    10
  5.2803746500729487E-01 a       795     0    50     1    11
  2.2129072051220194E-01 a       796     0    50     1    12
  5.3049883981670287E-01 a       797     0    50     1    13
 -5.7135931762972070E-01 a       798     0    50     1    14
 -8.2704087595245460E-02 a       799     0    50     1    15
 -6.9572186951717196E-01 a       800     0    50     1    16
  1.9755737006781990E+00 a       801     0    51     1     1
  2.4685429789918137E-01 a       802     0    51     1     2
  7.7637388448107103E-01 a       803     0    51     1     3
  2.6466172514293373E+00 a       804     0    51     1     4
 -4.1188853017020699E-01 a       805     0    51     1     5
 -2.8380122469119690E-01 a       806     0    51     1     6
  2.8539484107191107E-02 a       807     0    51     1     7
  4.0032858999746351E-01 a       808     0    51     1     8
  1.8737891741337780E+00 a       809     0    51     1     9
 -5.4123413499500928E-01 a       810     0    51     1    10
  1.1031465081741736E+00 a       811     0    51     1    11
  3.9162860269080957E-01 a       812     0    51     1    12
 -9.3177385239349897E-01 a       813     0    51     1    13
 -6.9001560398678474E-01 a       814     0    51     1    14
  1.3699592325402883E+00 a       815     0    51     1    15
 -5.7998675153754391E-02 a       816     0    51     1    16
  2.5807685373855298E+00 a       817     0    52     1     1
 -8.5883507504688805E-01 a       818     0    52     1     2
 -1.8954017183536431E+00 a       819     0    52     1     3
  6.4683164153665409E+00 a       820     0    52     1     4
  3.2086783312507244E-01 a       821     0    52     1     5
  9.2442951575990062E-01 a       822     0    52     1     6
 -4.2920192085630898E-01 a       823     0    52     1     7
  3.8660391774101899E+00 a       824     0    52     1     8
  2.9359258365276926E+00 a       825     0    52     1     9
  1.7999066955030674E+00 a       826     0    52     1    10
  2.8965885523728510E+00 a       827     0    52     1    11
  3.0408184345826577E+00 a       828     0    52     1    12
  1.0056587727108122E+00 a       829     0    52     1    13
 -1.1719830885145597E+00 a       830     0    52     1    14
  7.1838669396372279E-01 a       831     0    52     1    15
 -2.0695238950861108E+00 a       832     0    52     1    16
  1.0853835776279070E+01 a       833     0    53     1     1
 -2.0641987451970794E+00 a       834     0    53     1     2
 -7.0672481035398418E+00 a       835     0    53     1     3
  6.9511155665208708E+00 a       836     0    53     1     4
  2.1170865729510874E-03 a       837     0    53     1     5
  1.0585292859780135E+00 a       838     0    53     1     6
  3.4854334593603853E+00 a       839     0    53     1     7
 -7.1245850403526099E+00 a       840     0    53     1     8
 -2.6671085795836236E+00 a       841     0    53     1     9
 -1.2672239104739957E+01 a       842     0    53     1    10
  9.3507300315088244E+00 a       843     0    53     1    11
  1.0180304855812929E+01 a       844     0    53     1    12
  1.6543430145710483E+00 a       845     0    53     1    13
  3.5781801345088198E+00 a       846     0    53     1    14
  8.4284027736518023E+00 a       847     0    53     1    15
  1.1496126674080742E+01 a       848     0    53     1    16
 -1.2759066173004370E+00 a       849     0    54     1     1
  2.9397956522816346E+00 a       850     0    54     1     2
  4.5820229861237988E-01 a       851     0    54     1     3
  8.8823763663550370E-01 a       852     0    54     1     4
 -1.0883385973037287E+00 a       853     0    54     1     5
 -3.7165211621838323E+00 a       854     0    54     1     6
 -5.9185659309161376E-01 a       855     0    54     1     7
  2.0248550355324837E+00 a       856     0    54     1     8
 -1.2458585228780128E+00 a       857     0    54     1     9
 -4.7835167978122959E+00 a       858     0    54     1    10
 -3.3977924098789716E+00 a       859     0    54     1    11
  2.4991659696707420E+00 a       860     0    54     1    12
 -1.0457838398067480E-01 a       861     0    54     1    13
 -4.0833576578686417E+00 a       862     0    54     1    14
 -4.6607778700665712E+00 a       863     0    54     1    15
  5.4629690856051683E-01 a       864     0    54     1    16
 -4.4511166974282403E+00 a       865     0    55     1     1
  1.1504136073207940E+00 a       866     0    55     1     2
  1.5803332912629870E+01 a       867     0    55     1     3
  3.3312877483935717E+00 a       868     0    55     1     4
  5.8804500849336510E+00 a       869     0    55     1     5
 -4.6413510386155377E+00 a       870     0    55     1     6
 -1.4168851176567736E+00 a       871     0    55     1     7
  3.7375430453901495E+00 a       872     0    55     1     8
  1.0292988329547603E+01 a       873     0    55     1     9
 -1.1536795170532178E+01 a       874     0    55     1    10
 -2.8868097263851427E+00 a       875     0    55     1    11
 -4.6972637227738279E+00 a       876     0    55     1    12
  3.5035354489236992E-01 a       877     0    55     1    13
 -3.5559678430816342E+00 a       878     0    55     1    14
  4.9719154872998299E+00 a       879     0    55     1    15
  7.8003678237734881E+00 a       880     0    55     1    16
 -2.7697381950234692E+00 a       881     0    56     1     1
 -5.6112001928693429E+00 a       882     0    56     1     2
  2.3581420755780584E+00 a       883     0    56     1     3
 -1.4050591917169222E+00 a       884     0    56     1     4
 -1.1459675871406384E+01 a       885     0    56     1     5
  4.1499869807672081E+00 a       886     0    56     1     6
 -2.2388032266667697E+00 a       887     0    56     1     7
 -5.8402881196066634E+00 a       888     0    56     1     8
 -2.0574339573683740E+00 a       889     0    56     1     9
 -1.3930148940714526E+01 a       890     0    56     1    10
  6.9613730502026627E-02 a       891     0    56     1    11
 -7.4353934550185965E+00 a       892     0    56     1    12
 -8.4103322797292002E+00 a       893     0    56     1    13
 -2.7095666622961074E+00 a       894     0    56     1    14
 -6.9662271458324687E+00 a       895     0    56     1    15
  1.5777866367767302E+01 a       896     0    56     1    16
  2.4315849433621874E+00 a       897     0    57     1     1
 -6.6648608062467467E+00 a       898     0    57     1     2
  6.1411558423944070E+00 a       899     0    57     1     3
  1.0487852112089634E+01 a       900     0    57     1     4
 -2.5379902208862531E-01 a       901     0    57     1     5
  1.1822962100150551E+00 a       902     0    57     1     6
 -5.4161124505713305E+00 a       903     0    57     1     7
  3.4061155449161507E+00 a       904     0    57     1     8
 -2.3613780715479775E+00 a       905     0    57     1     9
 -2.4912253663414230E+00 a       906     0    57     1    10
  8.6940462867056889E-01 a       907     0    57     1    11
  3.5461706870320953E-01 a       908     0    57     1    12
 -1.3409294934653342E+00 a       909     0    57     1    13
  7.3925140472803319E-01 a       910     0    57     1    14
 -3.4173006223434630E+00 a       911     0    57     1    15
 -5.2990192395460489E-01 a       912     0    57     1    16
  5.7324762361963462E+00 a       913     0    58     1     1
  2.4237506675841618E+00 a       914     0    58     1     2
  4.4890838677343732E+00 a       915     0    58     1     3
  1.7936895053833022E+00 a       916     0    58     1     4
 -1.1983648474200495E+01 a       917     0    58     1     5
  3.1070751150130218E+00 a       918     0    58     1     6
 -2.6341305923141789E-01 a       919     0    58     1     7
 -4.6086180317306420E+00 a       920     0    58     1     8
  2.3647180923854818E+00 a       921     0    58     1     9
 -5.9047320595818213E+00 a       922     0    58     1    10
  8.9565301326250992E+00 a       923     0    58     1    11
  3.0125589225838829E+00 a       924     0    58     1    12
 -1.0058762277652406E+01 a       925     0    58     1    13
 -1.8486986037563229E+00 a       926     0    58     1    14
  1.2546544693528836E+00 a       927     0    58     1    15
  1.4741923723308172E+01 a       928     0    58     1    16
 -7.4295937125498837E+00 a       929     0    59     1     1
 -5.4913485801333577E+00 a       930     0    59     1     2
 -5.2057229093242219E+00 a       931     0    59     1     3
  1.8508226160742340E+00 a       932     0    59     1     4
 -1.0615871526707021E+01 a       933     0    59     1     5
  1.2298004720261575E+00 a       934     0    59     1     6
 -2.4371303859312272E+00 a       935     0    59     1     7
 -5.8221346743043059E+00 a       936     0    59     1     8
 -7.7885183297730096E+00 a       937     0    59     1     9
 -2.4263911961665023E+00 a       938     0    59     1    10
  2.8915164849455484E+00 a       939     0    59     1    11
 -1.1418920464791114E+00 a       940     0    59     1    12
  1.9890288644402532E+00 a       941     0    59     1    13
 -5.6959335497950345E+00 a       942     0    59     1    14
 -1.2904788267884161E+01 a       943     0    59     1    15
  1.3084445114370311E+01 a       944     0    59     1    16
 -7.1943463480174241E+00 a       945     0    60     1     1
  7.0439188292696340E+00 a       946     0    60     1     2
 -5.4730522730332698E+00 a       947     0    60     1     3
 -7.5759977253723303E+00 a       948     0    60     1     4
 -2.4100311191125310E+00 a       949     0    60     1     5
 -2.9698539098791676E+00 a       950     0    60     1     6
  4.0859959455086896E+00 a       951     0    60     1     7
 -5.0658782019031467E-01 a       952     0    60     1     8
  2.5510779910006680E+00 a       953     0    60     1     9
 -5.6068021229476545E-02 a       954     0    60     1    10
  1.1762481593363361E+00 a       955     0    60     1    11
  2.7587611351894221E+00 a       956     0    60     1    12
  9.6505644395421120E-01 a       957     0    60     1    13
  5.7543189924614227E-02 a       958     0    60     1    14
  4.6179445910683450E+00 a       959     0    60     1    15
 -8.4557955745610036E-01 a       960     0    60     1    16
 -3.3576205768017107E+00 a       961     0    61     1     1
  1.6497960213761025E+00 a       962     0    61     1     2
 -3.2703428359650788E+00 a       963     0    61     1     3
 -7.4202834018282138E-01 a       964     0    61     1     4
 -5.5754329739461983E-01 a       965     0    61     1     5
 -9.6095689002719120E-01 a       966     0    61     1     6
 -9.4092535440632685E-01 a       967     0    61     1     7
  3.9565307735179704E+00 a       968     0    61     1     8
  1.3414723071942354E+00 a       969     0    61     1     9
  3.4600172500055248E-01 a       970     0    61     1    10
  2.1658547453781196E+00 a       971     0    61     1    11
  2.2603837086708132E+00 a       972     0    61     1    12
 -1.3768935271870362E+00 a       973     0    61     1    13
  5.7936946797812650E-01 a       974     0    61     1    14
 -6.9623395632528329E-01 a       975     0    61     1    15
 -1.5334037352152130E+00 a       976     0    61     1    16
 -3.5781337885220950E+00 a       977     0    62     1     1
  5.7586737968974488E-01 a       978     0    62     1     2
 -9.3309506023030817E+00 a       979     0    62     1     3
 -4.0544960432935229E+00 a       980     0    62     1     4
  8.9711946103242646E+00 a       981     0    62     1     5
 -6.0413403987263008E+00 a       982     0    62     1     6
  4.5117184462727140E+00 a       983     0    62     1     7
  1.4087344031611011E+01 a       984     0    62     1     8
 -8.5953398807569048E+00 a       985     0    62     1     9
  6.4634356631258703E+00 a       986     0    62     1    10
 -3.4769445722020675E+00 a       987     0    62     1    11
 -1.5460571918060180E+00 a       988     0    62     1    12
  4.5110363696721771E+00 a       989     0    62     1    13
  2.2259392788027141E+00 a       990     0    62     1    14
 -3.9338870944969035E+00 a       991     0    62     1    15
 -1.2512552209785628E+01 a       992     0    62     1    16
  3.8520346600553728E+00 a       993     0    63     1     1
  7.6969430962614158E+00 a       994     0    63     1     2
 -5.4507957885498435E+00 a       995     0    63     1     3
  7.6041328604546701E+00 a       996     0    63     1     4
  2.2185128159335603E+00 a       997     0    63     1     5
 -1.2776843596528999E+00 a       998     0    63     1     6
  1.0904634208433201E+01 a       999     0    63     1     7
  2.0211845856256074E+00 a      1000     0    63     1     8
 -2.0720128907665782E+00 a      1001     0    63     1     9
  4.5739359590233891E-01 a      1002     0    63     1    10
 -4.4031042521130734E+00 a      1003     0    63     1    11
  1.6383208393311992E+00 a      1004     0    63     1    12
 -3.7430069462012057E+00 a      1005     0    63     1    13
  7.6378085622723324E+00 a      1006     0    63     1    14
  1.1551081032889854E+01 a      1007     0    63     1    15
 -1.5085554859071472E+01 a      1008     0    63     1    16
  1.0427477078333572E+01 a      1009     0    64     1     1
 -6.7401994074403655E+00 a      1010     0    64     1     2
 -1.3869243319944074E+01 a      1011     0    64     1     3
 -1.0649081694072656E+01 a      1012     0    64     1     4
 -1.4408229365060863E+00 a      1013     0    64     1     5
  1.8385504130873309E+00 a      1014     0    64     1     6
  4.6686151413355326E-01 a      1015     0    64     1     7
  3.2687539074251015E+00 a      1016     0    64     1     8
 -5.0108675269505030E+00 a      1017     0    64     1     9
  6.1373480583258129E+00 a      1018     0    64     1    10
  1.0052450149594485E+00 a      1019     0    64     1    11
  3.0555272608960733E+00 a      1020     0    64     1    12
 -6.7721423202111952E-01 a      1021     0    64     1    13
  6.3572732498934770E-01 a      1022     0    64     1    14
 -6.5632045681782074E+00 a      1023     0    64     1    15
 -7.3871045453051529E+00 a      1024     0    64     1    16
  5.4412614322763475E-01 b      1025     1     1
  6.2247516005035053E-01 b      1026     1     2
 -1.9164271844508018E-01 b      1027     1     3
 -2.9063662390648748E-01 b      1028     1     4
 -3.3384229395561393E-01 b      1029     1     5
 -3.3931660491944349E-01 b      1030     1     6
 -2.3985960040056520E-01 b      1031     1     7
  4.5488660362238476E-01 b      1032     1     8
  3.6000207708150204E-02 b      1033     1     9
  1.2889558237759458E-01 b      1034     1    10
  4.7534833657346154E-01 b      1035     1    11
  2.2257751923538624E-01 b      1036     1    12
 -8.7888928011280676E-02 b      1037     1    13
  8.2769601758145794E-02 b      1038     1    14
 -3.4207882780526377E-01 b      1039     1    15
 -2.2305907356782614E-01 b      1040     1    16
  5.9941782411771206E-02 a      1041     1     1     2     1
 -3.9061248019918082E-01 a      1042     1     1     2     2
  1.7868154370873715E-01 a      1043     1     1     2     3
 -6.0164225900726988E-02 a      1044     1     1     2     4
  2.5024580283561471E-01 a      1045     1     1     2     5
  5.7728822303254046E-01 a      1046     1     1     2     6
 -2.1330935765981010E-02 a      1047     1     1     2     7
 -1.5914935590471216E-01 a      1048     1     1     2     8
  1.5333243223872764E-01 a      1049     1     1     2     9
  4.0764633997481070E-01 a      1050     1     1     2    10
  5.3585461298769455E-01 a      1051     1     1     2    11
 -1.4119470700152992E-01 a      1052     1     1     2    12
 -4.0935378512483961E-01 a      1053     1     1     2    13
 -5.5356826042320084E-01 a      1054     1     1     2    14
 -2.2516825490669262E-01 a      1055     1     1     2    15
 -1.4095435959837960E-01 a      1056     1     1     2    16
  4.9140675144302004E-01 a      1057     1     2     2     1
 -3.7647022954099651E-01 a      1058     1     2     2     2
 -1.5247466627861714E-01 a      1059     1     2     2     3
  9.9940921056782733E-02 a      1060     1     2     2     4
  3.1324528952753533E-01 a      1061     1     2     2     5
  8.1670149017486404E-01 a      1062     1     2     2     6
  1.3698381380654084E-01 a      1063     1     2     2     7
 -4.5514882597921102E-01 a      1064     1     2     2     8
 -1.4581798824229415E+00 a      1065     1     2     2     9
  1.6762724709087926E-01 a      1066     1     2     2    10
 -3.8607086151281300E-01 a      1067     1     2     2    11
  7.5313513258395803E-01 a      1068     1     2     2    12
 -2.1189192669688950E+00 a      1069     1     2     2    13
 -6.0766519509478523E-01 a      1070     1     2     2    14
  1.7727173347368286E-01 a      1071     1     2     2    15
 -1.0925405848726358E-01 a      1072     1     2     2    16
 -1.1723423521827789E+00 a      1073     1     3     2     1
  2.4383657343905649E-01 a      1074     1     3     2     2
  8.6673043121969573E-01 a      1075     1     3     2     3
 -9.9882659101299309E-01 a      1076     1     3     2     4
  8.7040824839488928E-01 a      1077     1     3     2     5
 -3.5400487628551669E-01 a      1078     1     3     2     6
 -1.8984345844180149E-02 a      1079     1     3     2     7
  3.3428481177474723E-01 a      1080     1     3     2     8
  7.6827340925449339E-01 a      1081     1     3     2     9
  3.8304323441517774E+00 a      1082     1     3     2    10
 -3.3772414235408688E-01 a      1083     1     3     2    11
 -4.6330885499403174E-01 a      1084     1     3     2    12
  3.1832288337399933E-01 a      1085     1     3     2    13
  2.1001541609867511E-01 a      1086     1     3     2    14
  2.5651777854516589E-01 a      1087     1     3     2    15
 -5.1908722182949792E-02 a      1088     1     3     2    16
  6.7406925102878279E-01 a      1089     1     4     2     1
  2.0677649180078067E-01 a      1090     1     4     2     2
 -6.1300482954716760E-02 a      1091     1     4     2     3
  1.9730331993946465E-01 a      1092     1     4     2     4
 -1.3107569110655390E-01 a      1093     1     4     2     5
  4.8621977579260039E-01 a      1094     1     4     2     6
 -8.2059387798671779E-02 a      1095     1     4     2     7
  1.5677882128923282E-01 a      1096     1     4     2     8
 -7.2599272978946461E-01 a      1097     1     4     2     9
 -2.5489911625744273E+00 a      1098     1     4     2    10
 -1.1279494171518079E+00 a      1099     1     4     2    11
  5.4482870490883661E-01 a      1100     1     4     2    12
  2.7885931991720220E-01 a      1101     1     4     2    13
 -3.1473933039542490E-02 a      1102     1     4     2    14
  1.3455240397169763E-01 a      1103     1     4     2    15
 -1.1728068951971607E-01 a      1104     1     4     2    16
 -5.7673056235651977E-02 a      1105     1     5     2     1
  1.3870567400780687E-01 a      1106     1     5     2     2
  7.0103362769757460E-01 a      1107     1     5     2     3
  6.8864307666757851E-01 a      1108     1     5     2     4
  5.4620982868086865E-01 a      1109     1     5     2     5
  1.0030193477389031E+00 a      1110     1     5     2     6
 -2.4983531665172504E-01 a      1111     1     5     2     7
  7.3515195257714727E-01 a      1112     1     5     2     8
 -1.0489494347999546E+00 a      1113     1     5     2     9
  2.1111355260474380E+00 a      1114     1     5     2    10
 -9.4417229611775233E-01 a      1115     1     5     2    11
 -1.2764140448900747E+00 a      1116     1     5     2    12
 -1.4074661933332047E+00 a      1117     1     5     2    13
 -1.9837619387857486E-01 a      1118     1     5     2    14
 -5.4193572182063365E-01 a      1119     1     5     2    15
  4.6781245767703339E-01 a      1120     1     5     2    16
  6.5255234726033473E-01 a      1121     1     6     2     1
  6.2387495744535326E-01 a      1122     1     6     2     2
  3.3236199259868277E-01 a      1123     1     6     2     3
  6.9635151319800837E-01 a      1124     1     6     2     4
  1.8474048616365208E+00 a      1125     1     6     2     5
  7.1456762386193939E-01 a      1126     1     6     2     6
  1.0185456098297248E+00 a      1127     1     6     2     7
 -2.2086222582230746E+00 a      1128     1     6     2     8
  1.0286917058686056E+00 a      1129     1     6     2     9
  1.8110078409964780E+00 a      1130     1     6     2    10
 -1.4874711929247473E+00 a      1131     1     6     2    11
  6.1319452835435306E-01 a      1132     1     6     2    12
 -1.6906378268526545E+00 a      1133     1     6     2    13
  1.3275329802867304E+00 a      1134     1     6     2    14
 -3.9734937947109372E-01 a      1135     1     6     2    15
  3.0660596511889043E-01 a      1136     1     6     2    16
 -1.0568103871794967E+00 a      1137     1     7     2     1
  5.9476198634177779E-01 a      1138     1     7     2     2
  8.1241388075226947E-02 a      1139     1     7     2     3
 -5.3800692949259443E-01 a      1140     1     7     2     4
  7.4435422699984610E-01 a      1141     1     7     2     5
 -3.3573245029039633E-01 a      1142     1     7     2     6
  1.0580801106405881E-02 a      1143     1     7     2     7
  2.8950545049762311E-01 a      1144     1     7     2     8
 -5.1991803825538419E-01 a      1145     1     7     2     9
 -2.3795031919648197E+00 a      1146     1     7     2    10
 -5.2255321642889907E-01 a      1147     1     7     2    11
  3.1846213981753785E-01 a      1148     1     7     2    12
 -2.4949976007984307E+00 a      1149     1     7     2    13
  7.5384596364166459E-02 a      1150     1     7     2    14
  1.4440049516453164E+00 a      1151     1     7     2    15
  9.9341006560865641E-01 a      1152     1     7     2    16
  7.8344789679322946E-01 a      1153     1     8     2     1
  4.8298914661163334E-01 a      1154     1     8     2     2
 -1.5706040409970029E-01 a      1155     1     8     2     3
 -8.2570275190651507E-02 a      1156     1     8     2     4
  2.8174231434730174E-01 a      1157     1     8     2     5
  5.4328608860494843E-01 a      1158     1     8     2     6
  3.5647768468320790E-01 a      1159     1     8     2     7
 -9.4059676091744093E-01 a      1160     1     8     2     8
  1.6418789037895697E-02 a      1161     1     8     2     9
 -1.3145564962629335E+00 a      1162     1     8     2    10
 -1.2438054566049606E+00 a      1163     1     8     2    11
  1.1616196852391076E+00 a      1164     1     8     2    12
 -8.6853610410091975E-01 a      1165     1     8     2    13
 -7.1219843511834014E-03 a      1166     1     8     2    14
 -5.0529064794243661E-01 a      1167     1     8     2    15
 -4.4195061850686529E-01 a      1168     1     8     2    16
  3.6501756845453037E-01 a      1169     1     9     2     1
 -8.7953129569676214E-01 a      1170     1     9     2     2
 -4.4913249506026220E-01 a      1171     1     9     2     3
 -8.0291666267206019E-01 a      1172     1     9     2     4
 -1.0096288534446157E-01 a      1173     1     9     2     5
  1.0748868791978423E+00 a      1174     1     9     2     6
 -3.8017557743242968E-02 a      1175     1     9     2     7
  9.6055961461877823E-02 a      1176     1     9     2     8
 -1.1309625583948002E+00 a      1177     1     9     2     9
  9.6789615601521994E-01 a      1178     1     9     2    10
  5.2462603217202433E-02 a      1179     1     9     2    11
 -7.6184094061552676E-01 a      1180     1     9     2    12
  4.4530750113633255E-01 a      1181     1     9     2    13
 -8.3967931764067483E-01 a      1182     1     9     2    14
  1.0867371781322413E-01 a      1183     1     9     2    15
  1.7221039330061155E-01 a      1184     1     9     2    16
 -1.7235597286605600E-01 a      1185     1    10     2     1
  1.8979081051231119E+00 a      1186     1    10     2     2
  4.8990515560450881E-01 a      1187     1    10     2     3
  1.2571827545283314E+00 a      1188     1    10     2     4
  3.9655581641683652E-01 a      1189     1    10     2     5
 -4.7355013713304117E-01 a      1190     1    10     2     6
  1.2999400971468345E-01 a      1191     1    10     2     7
 -1.9210429516736971E-01 a      1192     1    10     2     8
  3.1810390700855457E-01 a      1193     1    10     2     9
 -1.4280066076749904E+00 a      1194     1    10     2    10
  2.9788515185408412E-02 a      1195     1    10     2    11
 -2.2350280093105681E+00 a      1196     1    10     2    12
  4.1899309410383251E-01 a      1197     1    10     2    13
 -7.0768646066251517E-01 a      1198     1    10     2    14
 -7.2559344533023318E-01 a      1199     1    10     2    15
 -3.2393788097406584E-01 a      1200     1    10     2    16
 -1.4171535615084727E-01 a      1201     1    11     2     1
 -2.2880243435178502E-01 a      1202     1    11     2     2
 -1.1124120688062186E-01 a      1203     1    11     2     3
 -1.0417382214440216E+00 a      1204     1    11     2     4
  1.0757980035740419E-01 a      1205     1    11     2     5
 -2.9379526553179758E-01 a      1206     1    11     2     6
  1.0473389098774417E-01 a      1207     1    11     2     7
  8.2303927353258546E-02 a      1208     1    11     2     8
  1.6351749601266565E+00 a      1209     1    11     2     9
  4.6198799354088799E-01 a      1210     1    11     2    10
 -7.1370506913706311E-01 a      1211     1    11     2    11
 -7.9189039805939654E-01 a      1212     1    11     2    12
 -8.9316816719372749E-01 a      1213     1    11     2    13
  1.3045856234073130E-01 a      1214     1    11     2    14
 -1.6634973444108760E-03 a      1215     1    11     2    15
  5.3767907433641993E-01 a      1216     1    11     2    16
 -1.5952740874498577E+00 a      1217     1    12     2     1
  1.4370334474073490E+00 a      1218     1    12     2     2
  6.7852067825300921E-01 a      1219     1    12     2     3
  1.8256139821225486E+00 a      1220     1    12     2     4
  7.6727567655846707E-01 a      1221     1    12     2     5
  6.5443553496543772E-01 a      1222     1    12     2     6
 -4.1580394812023420E-02 a      1223     1    12     2     7
 -8.0679668253388737E-02 a      1224     1    12     2     8
  1.5025299984921709E+00 a      1225     1    12     2     9
  5.0772399575838234E-01 a      1226     1    12     2    10
  1.2974597570332755E+00 a      1227     1    12     2    11
 -6.0361256226197840E-02 a      1228     1    12     2    12
 -4.9271280168931689E-02 a      1229     1    12     2    13
  1.0557858390423169E+00 a      1230     1    12     2    14
  5.6420179548966820E-01 a      1231     1    12     2    15
 -7.1969493208552404E-01 a      1232     1    12     2    16
  1.1347098713395922E+00 a      1233     1    13     2     1
 -1.8840290628725498E+00 a      1234     1    13     2     2
 -1.2248442824023154E+00 a      1235     1    13     2     3
 -1.2856415347223753E+00 a      1236     1    13     2     4
 -4.0628602947129683E-01 a      1237     1    13     2     5
 -1.3669349664430515E+00 a      1238     1    13     2     6
  5.8359336114390192E-01 a      1239     1    13     2     7
 -1.1199198563053752E+00 a      1240     1    13     2     8
 -4.3226014658565454E-01 a      1241     1    13     2     9
  1.4745616353832551E+00 a      1242     1    13     2    10
  1.4365085521680190E+00 a      1243     1    13     2    11
  4.2851469456465591E-01 a      1244     1    13     2    12
 -1.0214626504837681E+00 a      1245     1    13     2    13
  1.3016961766284352E+00 a      1246     1    13     2    14
  1.4134955075883027E+00 a      1247     1    13     2    15
  3.1145093943584300E-02 a      1248     1    13     2    16
 -1.1601926251601090E-01 a      1249     1    14     2     1
  9.3635863100358874E-01 a      1250     1    14     2     2
 -1.0525218129149363E+00 a      1251     1    14     2     3
  1.8732511219084957E+00 a      1252     1    14     2     4
 -1.2310623540070276E+00 a      1253     1    14     2     5
 -4.7405056989921379E-01 a      1254     1    14     2     6
 -6.3749098791895720E-01 a      1255     1    14     2     7
 -5.7337159710204233E-01 a      1256     1    14     2     8
 -3.0495961491484983E-02 a      1257     1    14     2     9
  1.7492550841822690E-01 a      1258     1    14     2    10
  8.9752579521461295E-01 a      1259     1    14     2    11
  7.6689409846437817E-01 a      1260     1    14     2    12
 -5.2074362293659571E-01 a      1261     1    14     2    13
 -2.6175348602985793E-01 a      1262     1    14     2    14
 -5.3645895716467729E-01 a      1263     1    14     2    15
 -8.8672229309936131E-03 a      1264     1    14     2    16
  1.3584708608261014E+00 a      1265     1    15     2     1
 -1.5839356063132353E+00 a      1266     1    15     2     2
  5.2841788246247678E-01 a      1267     1    15     2     3
  1.8509716824619349E-01 a      1268     1    15     2     4
 -1.6364858477724886E-01 a      1269     1    15     2     5
 -1.0457188850746355E+00 a      1270     1    15     2     6
  1.1071234182967811E-01 a      1271     1    15     2     7
 -2.9592280300738699E-01 a      1272     1    15     2     8
  3.2204477041884838E-01 a      1273     1    15     2     9
  5.2668452879217542E-01 a      1274     1    15     2    10
  1.0468463413863309E+00 a      1275     1    15     2    11
  5.3959398661768165E-01 a      1276     1    15     2    12
 -4.5383514873530692E-02 a      1277     1    15     2    13
  3.1809776103941345E-01 a      1278     1    15     2    14
 -1.3032486590403569E+00 a      1279     1    15     2    15
 -4.3203661436366941E-01 a      1280     1    15     2    16
  7.9487443158135593E-02 a      1281     1    16     2     1
 -2.1404423629709970E-01 a      1282     1    16     2     2
 -1.5879164902432114E-01 a      1283     1    16     2     3
  7.0728996288883972E-01 a      1284     1    16     2     4
 -4.5617926225731248E-01 a      1285     1    16     2     5
  4.7290909296963973E-02 a      1286     1    16     2     6
 -4.2822247653024514E-01 a      1287     1    16     2     7
  5.8551710538859270E-01 a      1288     1    16     2     8
 -3.6436884890800958E-01 a      1289     1    16     2     9
  4.4080134700254353E-01 a      1290     1    16     2    10
 -2.8356412669006903E-01 a      1291     1    16     2    11
 -6.6715677854940192E-01 a      1292     1    16     2    12
  1.1596725941470976E+00 a      1293     1    16     2    13
 -3.9000186740094156E-01 a      1294     1    16     2    14
  2.2904762848717519E-01 a      1295     1    16     2    15
  9.1352113386200546E-03 a      1296     1    16     2    16
  3.7658360141676595E-01 b      1297     2     1
 -1.8065409016936462E+00 b      1298     2     2
  1.2938499588999059E+00 b      1299     2     3
 -1.1365146606541472E+00 b      1300     2     4
  1.0695164026056996E+00 b      1301     2     5
  8.4644381406023506E-01 b      1302     2     6
  8.8233744742253692E-02 b      1303     2     7
  2.6711340375657162E+00 b      1304     2     8
  1.1933586646344994E-01 b      1305     2     9
 -1.2662729066117984E+00 b      1306     2    10
 -9.6697331320857904E-01 b      1307     2    11
 -2.8874615214276425E+00 b      1308     2    12
  1.5284382450968297E+00 b      1309     2    13
  1.8064191461887483E-02 b      1310     2    14
  8.8840459199663013E-01 b      1311     2    15
  4.1116494827955730E-01 b      1312     2    16
  7.1982256672495526E-02 a      1313     2     1     3     1
  5.7934146303776579E-02 a      1314     2     2     3     1
 -4.6099668749647615E-01 a      1315     2     3     3     1
 -5.4605302671975393E-02 a      1316     2     4     3     1
  4.8843326394712971E-01 a      1317     2     5     3     1
 -1.1462985436756536E-01 a      1318     2     6     3     1
 -8.4710396657643017E-01 a      1319     2     7     3     1
  8.0516012947984023E-02 a      1320     2     8     3     1
 -2.4902741969709423E-02 a      1321     2     9     3     1
 -5.2308993098193202E-03 a      1322     2    10     3     1
  6.1537411016701439E-02 a      1323     2    11     3     1
  5.5330567739653662E-02 a      1324     2    12     3     1
 -3.1940638288947415E-01 a      1325     2    13     3     1
  7.5812355698733999E-02 a      1326     2    14     3     1
 -9.4934829865514075E-02 a      1327     2    15     3     1
 -3.0019072330041591E-01 a      1328     2    16     3     1
  2.5116261119182937E-01 b      1329     3     1
