################################################################################
# Neural network connection values (weights and biases).
################################################################################
# Col  Name       Description
################################################################################
# 1    connection Neural network connection value.
# 2    t          Connection type (a = weight, b = bias).
# 3    index      Index enumerating weights.
# 4    l_s        Starting point layer (end point layer for biases).
# 5    n_s        Starting point neuron in starting layer (end point neuron for biases).
# 6    l_e        End point layer.
# 7    n_e        End point neuron in end layer.
################################################################################
#                      1 2         3     4     5     6     7
#             connection t     index   l_s   n_s   l_e   n_e
############################################################
 -4.7198150047367227E+00 a         1     0     1     1     1
 -3.3232340306886092E+00 a         2     0     1     1     2
 -7.0469654975381397E+00 a         3     0     1     1     3
 -4.6728871342892164E-01 a         4     0     1     1     4
 -4.4797106451663256E+00 a         5     0     1     1     5
  3.6553725403467405E+00 a         6     0     1     1     6
 -4.2682551785451697E+00 a         7     0     1     1     7
  4.0643986189090248E-01 a         8     0     1     1     8
  5.3504301587149232E+00 a         9     0     1     1     9
 -4.0937548545435110E-01 a        10     0     1     1    10
  8.8307443571540833E+00 a        11     0     1     1    11
 -9.0262005060041794E-01 a        12     0     1     1    12
 -1.2066950500232749E+00 a        13     0     1     1    13
  2.7686792875849844E+00 a        14     0     1     1    14
  6.1613239000763800E+00 a        15     0     1     1    15
  9.9869030173611275E+00 a        16     0     1     1    16
 -6.9861019460433242E+00 a        17     0     2     1     1
  7.6089977789812622E+00 a        18     0     2     1     2
  1.3579938676373967E+01 a        19     0     2     1     3
  1.8884393354494367E+01 a        20     0     2     1     4
  1.3629187698240894E+00 a        21     0     2     1     5
 -2.2433023875333159E+01 a        22     0     2     1     6
  4.4438076998987546E+00 a        23     0     2     1     7
  4.5623976658332861E+00 a        24     0     2     1     8
  5.2520431467963675E+00 a        25     0     2     1     9
  9.8036514889235331E+00 a        26     0     2     1    10
 -9.6900569729626032E+00 a        27     0     2     1    11
  1.1185363021412051E+01 a        28     0     2     1    12
  2.9315014708963036E+00 a        29     0     2     1    13
 -6.0273721586817635E+00 a        30     0     2     1    14
 -2.2859043572620441E-01 a        31     0     2     1    15
 -2.0459028456176043E+01 a        32     0     2     1    16
 -7.8077835004353782E+00 a        33     0     3     1     1
 -1.4848215693544612E+01 a        34     0     3     1     2
  3.1427275402528352E+00 a        35     0     3     1     3
  1.6222858271629974E+01 a        36     0     3     1     4
 -1.4814360015218124E+01 a        37     0     3     1     5
 -5.3793754839023777E-01 a        38     0     3     1     6
 -1.0432848680778129E+01 a        39     0     3     1     7
  1.6038946516930167E+01 a        40     0     3     1     8
  7.9468849035843867E+00 a        41     0     3     1     9
 -1.1085771578275645E+01 a        42     0     3     1    10
 -8.0679079626486783E-01 a        43     0     3     1    11
 -3.5366374857316196E+00 a        44     0     3     1    12
 -1.2096762637107631E+01 a        45     0     3     1    13
 -1.9216497750599324E+01 a        46     0     3     1    14
 -1.8697002160130694E+01 a        47     0     3     1    15
  7.7093667691300585E+00 a        48     0     3     1    16
  5.7748340328290455E+00 a        49     0     4     1     1
 -1.0152899440693185E+01 a        50     0     4     1     2
 -2.2519697792435213E+01 a        51     0     4     1     3
 -1.6500045907134698E+01 a        52     0     4     1     4
  6.8528320446069269E-01 a        53     0     4     1     5
  1.9998462279522020E+01 a        54     0     4     1     6
  3.6321259057936524E+00 a        55     0     4     1     7
 -4.4761971309335289E+00 a        56     0     4     1     8
 -2.6207360499384622E+00 a        57     0     4     1     9
 -7.1830336699787081E+00 a        58     0     4     1    10
  1.1203497985502086E+01 a        59     0     4     1    11
 -1.3145725163096566E+01 a        60     0     4     1    12
 -4.9332352301417393E+00 a        61     0     4     1    13
  1.1008450267312194E+01 a        62     0     4     1    14
 -6.1602680671312238E-01 a        63     0     4     1    15
  1.6746801250251686E+01 a        64     0     4     1    16
  2.8124124391231304E+00 a        65     0     5     1     1
  1.5206427132434861E+01 a        66     0     5     1     2
  4.9998175907023090E-01 a        67     0     5     1     3
 -1.8528275229336248E+01 a        68     0     5     1     4
  8.8795357906422083E+00 a        69     0     5     1     5
 -2.8996595454612186E+00 a        70     0     5     1     6
  1.9574909897004449E+01 a        71     0     5     1     7
 -1.8536299407903073E+01 a        72     0     5     1     8
 -1.0050291565648719E+01 a        73     0     5     1     9
  4.8048056967360182E+00 a        74     0     5     1    10
 -1.5914513989308213E-01 a        75     0     5     1    11
 -1.2710938808058021E+01 a        76     0     5     1    12
  1.2142570374036723E+01 a        77     0     5     1    13
  1.3753540699311923E+01 a        78     0     5     1    14
  2.3142642373860749E+01 a        79     0     5     1    15
 -2.2438990972829579E+01 a        80     0     5     1    16
  4.1039649127269318E+00 a        81     0     6     1     1
  4.7119974877458644E+00 a        82     0     6     1     2
  1.8152430609737749E+00 a        83     0     6     1     3
 -2.7172300935438423E+00 a        84     0     6     1     4
  2.7433425151280755E+00 a        85     0     6     1     5
 -2.7643756195691505E+00 a        86     0     6     1     6
  3.2924118994487053E+00 a        87     0     6     1     7
 -7.6665081744345442E-01 a        88     0     6     1     8
 -4.5168593474466698E+00 a        89     0     6     1     9
 -2.3443649816799494E+00 a        90     0     6     1    10
 -8.4544849304346599E+00 a        91     0     6     1    11
  2.1392152292085548E-01 a        92     0     6     1    12
 -1.1473233507832927E+00 a        93     0     6     1    13
 -3.4455730848746615E+00 a        94     0     6     1    14
 -4.5006108704482948E+00 a        95     0     6     1    15
 -7.9961664482675774E+00 a        96     0     6     1    16
 -1.2629512779093275E+00 a        97     0     7     1     1
  2.5554274745733916E+00 a        98     0     7     1     2
  6.3518348767053272E+00 a        99     0     7     1     3
  2.8960245124935141E-01 a       100     0     7     1     4
 -1.8889048634008432E-01 a       101     0     7     1     5
 -1.8453311177309553E+00 a       102     0     7     1     6
 -2.8578778002617060E+00 a       103     0     7     1     7
  1.4518891531494102E+00 a       104     0     7     1     8
 -1.2513291708020530E-01 a       105     0     7     1     9
  1.2148492582500465E+00 a       106     0     7     1    10
 -3.2824466469007292E+00 a       107     0     7     1    11
  4.4325496285442032E+00 a       108     0     7     1    12
  9.1115547457982871E-01 a       109     0     7     1    13
 -2.7269944115935321E+00 a       110     0     7     1    14
  1.1160914754624904E+00 a       111     0     7     1    15
 -7.6591539369125539E-01 a       112     0     7     1    16
  2.4992739099065719E+00 a       113     0     8     1     1
 -1.8738233152803743E+00 a       114     0     8     1     2
 -1.1357769975588965E+00 a       115     0     8     1     3
  5.7202042279362608E+00 a       116     0     8     1     4
  2.0037667440031059E+00 a       117     0     8     1     5
  3.5115051969199889E+00 a       118     0     8     1     6
 -6.9064438114988302E+00 a       119     0     8     1     7
  3.9949960586959423E+00 a       120     0     8     1     8
  2.7909844167572087E+00 a       121     0     8     1     9
  1.3816232808979817E-01 a       122     0     8     1    10
  3.7022351919249535E-01 a       123     0     8     1    11
  9.2935065908736245E+00 a       124     0     8     1    12
 -3.2739731256632960E+00 a       125     0     8     1    13
  1.2343609559036302E-01 a       126     0     8     1    14
 -4.4453411657271902E+00 a       127     0     8     1    15
  8.7902828295197217E+00 a       128     0     8     1    16
 -1.1823181471924251E+00 a       129     0     9     1     1
 -1.4443612559715324E+00 a       130     0     9     1     2
 -2.9755383116570139E-01 a       131     0     9     1     3
  1.1934663192747537E+00 a       132     0     9     1     4
 -7.6633126672802110E-01 a       133     0     9     1     5
  8.2605371240473047E-01 a       134     0     9     1     6
 -1.5698472207173664E+00 a       135     0     9     1     7
  6.1683680722963197E-01 a       136     0     9     1     8
  1.8866082288016097E+00 a       137     0     9     1     9
  1.8412832313165712E+00 a       138     0     9     1    10
  3.0731747254905342E+00 a       139     0     9     1    11
  5.4113171474076383E-01 a       140     0     9     1    12
  2.2763951187790046E-01 a       141     0     9     1    13
  1.6321038294853716E+00 a       142     0     9     1    14
  1.9266754230865049E+00 a       143     0     9     1    15
  2.9844299826917995E+00 a       144     0     9     1    16
  3.6625405946849421E+00 a       145     0    10     1     1
 -1.5197731739932582E+01 a       146     0    10     1     2
  2.2998180126447103E+01 a       147     0    10     1     3
  1.2529854079105274E+01 a       148     0    10     1     4
  2.1135021831717303E+01 a       149     0    10     1     5
 -1.7581628603385976E+01 a       150     0    10     1     6
  1.5805538844313940E+01 a       151     0    10     1     7
 -4.9086473257765935E+00 a       152     0    10     1     8
 -5.4965806147801386E+00 a       153     0    10     1     9
 -6.0023887758074093E+00 a       154     0    10     1    10
  4.5330355630192916E+00 a       155     0    10     1    11
  5.7005264477070372E-01 a       156     0    10     1    12
  2.3508869373402148E+00 a       157     0    10     1    13
  6.3657607516327197E-01 a       158     0    10     1    14
 -2.6062534097748230E+01 a       159     0    10     1    15
 -4.9002151127026359E+00 a       160     0    10     1    16
  1.1658866444413766E+01 a       161     0    11     1     1
  2.1702812810888620E+01 a       162     0    11     1     2
  2.1576002631279430E+01 a       163     0    11     1     3
  5.8724127953982093E+00 a       164     0    11     1     4
 -1.1785532451232958E+01 a       165     0    11     1     5
  6.6236604389530180E+00 a       166     0    11     1     6
 -1.6068747635370823E+01 a       167     0    11     1     7
 -6.8767112745303844E+00 a       168     0    11     1     8
 -7.9123249733934902E+00 a       169     0    11     1     9
 -3.3649926258003880E+01 a       170     0    11     1    10
 -9.2873928143310924E-01 a       171     0    11     1    11
 -1.5061282764471134E+01 a       172     0    11     1    12
 -1.0170398014282322E+01 a       173     0    11     1    13
 -2.7568949137247269E+01 a       174     0    11     1    14
 -1.8831749756741335E+01 a       175     0    11     1    15
  3.5549945269691001E+01 a       176     0    11     1    16
 -8.2213298619744535E+00 a       177     0    12     1     1
 -2.0159594076702412E+00 a       178     0    12     1     2
 -1.6210302258372394E+01 a       179     0    12     1     3
  3.3416981004860952E-01 a       180     0    12     1     4
 -6.9610647422997554E+00 a       181     0    12     1     5
 -1.0051819085799437E+01 a       182     0    12     1     6
 -8.0523447046684851E+00 a       183     0    12     1     7
 -6.4040777682497341E+00 a       184     0    12     1     8
 -2.1463838597317224E+00 a       185     0    12     1     9
  1.2572207143563936E+01 a       186     0    12     1    10
 -1.7190607321510356E+01 a       187     0    12     1    11
  1.1512312378732034E+01 a       188     0    12     1    12
 -6.8354029093570723E-01 a       189     0    12     1    13
  2.2904327528314589E+01 a       190     0    12     1    14
  9.1633808280129436E+00 a       191     0    12     1    15
  5.4040344831635307E+00 a       192     0    12     1    16
 -3.4915455458896844E+01 a       193     0    13     1     1
  1.0069795679777872E+01 a       194     0    13     1     2
 -1.3771669549876217E+01 a       195     0    13     1     3
 -4.7542486642134731E+00 a       196     0    13     1     4
 -1.2657545731433201E+01 a       197     0    13     1     5
  2.0573229006550253E+01 a       198     0    13     1     6
 -2.6603181199355607E+01 a       199     0    13     1     7
 -7.1598318518441371E+00 a       200     0    13     1     8
 -1.4044109053087951E+01 a       201     0    13     1     9
 -1.5166161175511743E+01 a       202     0    13     1    10
 -2.0221468575600181E+01 a       203     0    13     1    11
 -1.3425672303910130E+01 a       204     0    13     1    12
 -5.6975551376544082E+00 a       205     0    13     1    13
 -1.4868621846343657E+01 a       206     0    13     1    14
 -7.6541437949008992E+00 a       207     0    13     1    15
 -1.7960723321487055E+01 a       208     0    13     1    16
  2.1011088751879804E+01 a       209     0    14     1     1
  1.6849458519270680E+01 a       210     0    14     1     2
 -2.3276055337811052E+01 a       211     0    14     1     3
  2.3779128452816838E+01 a       212     0    14     1     4
  1.7502494708335896E+00 a       213     0    14     1     5
  4.3825636201606333E+00 a       214     0    14     1     6
  1.7620624911119316E+00 a       215     0    14     1     7
 -5.5893480962848976E+00 a       216     0    14     1     8
 -9.2073413243622824E+00 a       217     0    14     1     9
  1.8878946080445495E+01 a       218     0    14     1    10
 -2.2431311603335833E+00 a       219     0    14     1    11
  2.2489212539783992E+01 a       220     0    14     1    12
  2.0038483820281310E+00 a       221     0    14     1    13
 -3.0078090359255887E+00 a       222     0    14     1    14
  2.3933345228534382E+01 a       223     0    14     1    15
  5.9245760880448435E+00 a       224     0    14     1    16
  1.2209135448836197E+01 a       225     0    15     1     1
 -1.4890655482427203E+01 a       226     0    15     1     2
  1.7460210834226234E-01 a       227     0    15     1     3
  4.4707572272080984E+00 a       228     0    15     1     4
  2.3968798102445181E+01 a       229     0    15     1     5
  4.6658350659885812E+00 a       230     0    15     1     6
  3.6958917509983436E+01 a       231     0    15     1     7
 -5.0741697588654997E+00 a       232     0    15     1     8
 -7.4253043289665914E+00 a       233     0    15     1     9
 -1.4636355650742457E+01 a       234     0    15     1    10
 -1.9849479636070367E+01 a       235     0    15     1    11
  1.6419296179033140E+01 a       236     0    15     1    12
  3.8603327226124208E+01 a       237     0    15     1    13
  3.1946117955960114E+00 a       238     0    15     1    14
 -6.2161986896995514E-01 a       239     0    15     1    15
 -1.0396953772395618E+01 a       240     0    15     1    16
 -5.0333008411833191E+00 a       241     0    16     1     1
  1.2526493977404307E+01 a       242     0    16     1     2
 -1.5449530166015082E-01 a       243     0    16     1     3
  1.6333716206725207E+01 a       244     0    16     1     4
  6.4683250408121289E+00 a       245     0    16     1     5
 -1.3044967506636942E+01 a       246     0    16     1     6
  3.7669383188451504E+00 a       247     0    16     1     7
 -8.7577363225528571E-01 a       248     0    16     1     8
  1.0628640335057465E+01 a       249     0    16     1     9
  5.1986740429920664E+00 a       250     0    16     1    10
  1.0455612913958799E+01 a       251     0    16     1    11
  6.1963530060859657E+00 a       252     0    16     1    12
  8.5073966161699772E+00 a       253     0    16     1    13
  1.1019099534042930E+01 a       254     0    16     1    14
 -4.7887413272403281E+00 a       255     0    16     1    15
  9.0967796850933862E+00 a       256     0    16     1    16
  2.9808160482017478E+00 a       257     0    17     1     1
 -6.2221676357519975E+00 a       258     0    17     1     2
 -7.7218715784570184E+00 a       259     0    17     1     3
  1.3133038688339209E+00 a       260     0    17     1     4
  1.6346922403712263E+00 a       261     0    17     1     5
  2.6224607615042324E+00 a       262     0    17     1     6
  5.1208117305972820E+00 a       263     0    17     1     7
  1.7699459759429044E+00 a       264     0    17     1     8
  2.8902857133702158E+00 a       265     0    17     1     9
 -1.2370008965006885E+00 a       266     0    17     1    10
 -2.0247144263844410E+00 a       267     0    17     1    11
  1.6112720493857118E+00 a       268     0    17     1    12
  3.7757968753861708E+00 a       269     0    17     1    13
 -2.0676652314724344E+00 a       270     0    17     1    14
  2.4273435347229393E+00 a       271     0    17     1    15
  2.8910413322075681E+00 a       272     0    17     1    16
 -1.6752240311529438E+00 a       273     0    18     1     1
  3.5199430460552356E-01 a       274     0    18     1     2
 -7.9136093682841722E+00 a       275     0    18     1     3
  5.8506755423533310E+00 a       276     0    18     1     4
  3.1400473766809358E+00 a       277     0    18     1     5
 -5.2656907372836255E+00 a       278     0    18     1     6
  3.4027998123286345E+00 a       279     0    18     1     7
 -1.0596563424870689E+00 a       280     0    18     1     8
  5.1336854672742662E+00 a       281     0    18     1     9
  1.7816258259551707E+00 a       282     0    18     1    10
  8.8372292836014417E+00 a       283     0    18     1    11
  5.6808731559543570E+00 a       284     0    18     1    12
  6.7585849575282912E+00 a       285     0    18     1    13
  7.4710740283432013E+00 a       286     0    18     1    14
 -3.7907210029477523E+00 a       287     0    18     1    15
  7.1864556469823748E+00 a       288     0    18     1    16
  1.0595309298919438E+00 a       289     0    19     1     1
  7.9953562547720090E+00 a       290     0    19     1     2
 -3.1055472961089943E+00 a       291     0    19     1     3
  7.8289960003166695E-02 a       292     0    19     1     4
  9.1949646200670998E-01 a       293     0    19     1     5
 -7.0375849089025815E+00 a       294     0    19     1     6
  3.9387284650900245E+00 a       295     0    19     1     7
 -1.8668394444116543E+00 a       296     0    19     1     8
  1.2150511512852704E+00 a       297     0    19     1     9
 -1.0077399120648478E+01 a       298     0    19     1    10
  6.2275493103574595E+00 a       299     0    19     1    11
 -7.3771128931063135E-01 a       300     0    19     1    12
  4.0564726399497015E+00 a       301     0    19     1    13
 -1.4391026432229395E-01 a       302     0    19     1    14
  1.1284885379078493E+00 a       303     0    19     1    15
 -3.9541235517308508E+00 a       304     0    19     1    16
 -8.0318966560625231E+00 a       305     0    20     1     1
  3.3420521215530961E+01 a       306     0    20     1     2
 -1.7340531756163724E+01 a       307     0    20     1     3
 -1.9729682918259105E+01 a       308     0    20     1     4
 -3.5569283219953924E+01 a       309     0    20     1     5
  2.2435410548444878E+01 a       310     0    20     1     6
 -2.6463043877077812E+01 a       311     0    20     1     7
 -2.1597664298972568E+00 a       312     0    20     1     8
 -1.2278612572623837E+01 a       313     0    20     1     9
 -1.7494176988433405E-01 a       314     0    20     1    10
 -3.2774736058594264E+01 a       315     0    20     1    11
  1.7257198894782590E+01 a       316     0    20     1    12
  1.1922857915611392E+01 a       317     0    20     1    13
  2.5841208308350754E+00 a       318     0    20     1    14
  5.2061848898114533E+01 a       319     0    20     1    15
  4.1315362772680908E+00 a       320     0    20     1    16
 -2.3028300479916346E+01 a       321     0    21     1     1
 -6.9570250471048396E+01 a       322     0    21     1     2
 -3.6430967954647706E+01 a       323     0    21     1     3
 -4.2484896315789712E+01 a       324     0    21     1     4
  2.1848119144807974E+01 a       325     0    21     1     5
 -1.4082955512564908E+00 a       326     0    21     1     6
  1.2224155754363551E+01 a       327     0    21     1     7
  5.0583074646758659E+00 a       328     0    21     1     8
 -8.0838732845022108E+00 a       329     0    21     1     9
  5.3002026606286748E+01 a       330     0    21     1    10
 -6.9397660177643168E+00 a       331     0    21     1    11
  3.6889628885423939E+01 a       332     0    21     1    12
  2.5761465012181972E+01 a       333     0    21     1    13
  5.7584994078905190E+01 a       334     0    21     1    14
  4.5095353888206560E+01 a       335     0    21     1    15
 -4.7058035936733688E+01 a       336     0    21     1    16
  4.3426280557551216E+01 a       337     0    22     1     1
  7.6501282370554113E+00 a       338     0    22     1     2
  2.7304050722481016E+01 a       339     0    22     1     3
 -1.8089278582400169E+01 a       340     0    22     1     4
  3.2030253111303843E+01 a       341     0    22     1     5
  3.6308620955709792E+01 a       342     0    22     1     6
  2.0773304080362585E+01 a       343     0    22     1     7
  3.7607428034459813E+00 a       344     0    22     1     8
 -6.3495799215952742E+00 a       345     0    22     1     9
  4.6075440805326977E+00 a       346     0    22     1    10
  3.2500573259846362E+01 a       347     0    22     1    11
  7.2522195455867200E+00 a       348     0    22     1    12
  6.5003515048262344E+00 a       349     0    22     1    13
 -4.2711032681786342E+01 a       350     0    22     1    14
 -1.8613085206861076E+01 a       351     0    22     1    15
  1.8257923978490798E+01 a       352     0    22     1    16
 -6.7922373688688111E+01 a       353     0    23     1     1
 -5.5882125289445419E+01 a       354     0    23     1     2
  1.9722091143609347E+01 a       355     0    23     1     3
 -4.2877506404947390E+01 a       356     0    23     1     4
 -3.5264632209475188E+01 a       357     0    23     1     5
 -1.4220565325158324E+01 a       358     0    23     1     6
 -1.4396244613899698E+01 a       359     0    23     1     7
  1.6841582302491734E+01 a       360     0    23     1     8
  2.4655361001853574E+01 a       361     0    23     1     9
 -1.8841063947365328E+01 a       362     0    23     1    10
 -3.1810284733390031E+01 a       363     0    23     1    11
 -4.8049009488340062E+01 a       364     0    23     1    12
 -2.1364420664511378E+01 a       365     0    23     1    13
  2.7209495611667716E+01 a       366     0    23     1    14
 -3.6543018662272388E+01 a       367     0    23     1    15
 -2.6305048576089650E+01 a       368     0    23     1    16
  3.6230234889598812E+01 a       369     0    24     1     1
 -1.5721849476809973E+01 a       370     0    24     1     2
  2.5804603177168630E+01 a       371     0    24     1     3
  8.1106996567225718E+00 a       372     0    24     1     4
  1.6873233695658953E+01 a       373     0    24     1     5
 -3.2247671288574672E+01 a       374     0    24     1     6
  3.0447160502324593E+01 a       375     0    24     1     7
  1.0148810841805762E+01 a       376     0    24     1     8
  2.1189989020827724E+01 a       377     0    24     1     9
  2.3626698690373839E+01 a       378     0    24     1    10
  4.4948472710882221E+01 a       379     0    24     1    11
 -4.1468614375722606E+00 a       380     0    24     1    12
 -1.7640915902164437E+01 a       381     0    24     1    13
  1.3754514841769408E+01 a       382     0    24     1    14
 -1.6807519323410133E+01 a       383     0    24     1    15
  1.0018850675589546E+01 a       384     0    24     1    16
  1.3079054524350576E+01 a       385     0    25     1     1
  2.3853664642277518E+01 a       386     0    25     1     2
  1.9894267572819309E+01 a       387     0    25     1     3
  2.2706179323215944E-01 a       388     0    25     1     4
 -1.8580665921389578E+01 a       389     0    25     1     5
  1.8783696247340011E+01 a       390     0    25     1     6
 -3.7504419997567053E+00 a       391     0    25     1     7
  2.1580233836049207E+00 a       392     0    25     1     8
 -4.4501220681743705E+00 a       393     0    25     1     9
 -2.5676049584145691E+01 a       394     0    25     1    10
 -1.3892518670232153E+01 a       395     0    25     1    11
 -2.9517814495609880E+01 a       396     0    25     1    12
 -2.3190391008304875E+01 a       397     0    25     1    13
 -4.2218923139228458E+01 a       398     0    25     1    14
 -1.5265576079396517E+01 a       399     0    25     1    15
  1.8931262159880708E+00 a       400     0    25     1    16
  1.1399989226276107E-01 a       401     0    26     1     1
 -1.3627421508582800E+00 a       402     0    26     1     2
  2.2592317942514959E+00 a       403     0    26     1     3
  6.1234182109661104E+00 a       404     0    26     1     4
  4.2684535497203298E+00 a       405     0    26     1     5
 -4.1041788725349058E+00 a       406     0    26     1     6
 -1.6705081490013360E+00 a       407     0    26     1     7
  2.1809021260018235E-01 a       408     0    26     1     8
  2.5465854953134852E+00 a       409     0    26     1     9
  1.9522615979328519E+00 a       410     0    26     1    10
  3.0521065560318843E+00 a       411     0    26     1    11
 -3.0421617739236084E-02 a       412     0    26     1    12
  3.0077472675719430E+00 a       413     0    26     1    13
  9.4342877362998412E-01 a       414     0    26     1    14
 -1.7387160478341228E+00 a       415     0    26     1    15
  2.6345930428064119E+00 a       416     0    26     1    16
  3.8847394684239539E-01 a       417     0    27     1     1
  8.0765699504389659E+00 a       418     0    27     1     2
  2.0454053010059368E+00 a       419     0    27     1     3
  6.9365525156820800E+00 a       420     0    27     1     4
  8.9261317276712759E-01 a       421     0    27     1     5
 -2.6262997249717870E+00 a       422     0    27     1     6
 -5.8793780589168065E+00 a       423     0    27     1     7
 -3.3772664954919409E+00 a       424     0    27     1     8
  2.0367213026387145E+00 a       425     0    27     1     9
 -3.5872988237563384E+00 a       426     0    27     1    10
  6.8900851006914214E+00 a       427     0    27     1    11
  1.9874174976328656E+00 a       428     0    27     1    12
  8.2179698256050528E+00 a       429     0    27     1    13
  4.4916316097673303E-01 a       430     0    27     1    14
 -3.3137024285151919E+00 a       431     0    27     1    15
  1.0960514815955374E+01 a       432     0    27     1    16
  1.4377861851345147E+01 a       433     0    28     1     1
  2.0316925838341490E+01 a       434     0    28     1     2
 -7.2066444174076150E+00 a       435     0    28     1     3
  1.5488965475433250E+01 a       436     0    28     1     4
  4.8937570857086961E+00 a       437     0    28     1     5
 -6.5122652896807605E+00 a       438     0    28     1     6
  2.7631582871841034E+00 a       439     0    28     1     7
 -4.6376631902287846E+00 a       440     0    28     1     8
 -1.7006481195907130E+00 a       441     0    28     1     9
  2.5185215851067269E+00 a       442     0    28     1    10
  1.0871603625621587E+01 a       443     0    28     1    11
  1.0358241261399193E+01 a       444     0    28     1    12
  1.0411184169208520E+01 a       445     0    28     1    13
 -3.1376080555014414E+00 a       446     0    28     1    14
  1.4897100662522412E+01 a       447     0    28     1    15
  4.9632294312870613E+00 a       448     0    28     1    16
 -4.2449086241409510E+00 a       449     0    29     1     1
  8.1349770704017343E-01 a       450     0    29     1     2
  1.2925976638968988E+00 a       451     0    29     1     3
 -2.3947662588067073E+00 a       452     0    29     1     4
  4.1541625274056839E+00 a       453     0    29     1     5
  2.6675574848615948E+00 a       454     0    29     1     6
  2.3179952502844531E-01 a       455     0    29     1     7
 -3.4856859079546916E+00 a       456     0    29     1     8
 -6.5327550116244373E+00 a       457     0    29     1     9
 -4.7182606769803828E+00 a       458     0    29     1    10
 -6.7838791622988781E+00 a       459     0    29     1    11
 -1.1894018997782498E+00 a       460     0    29     1    12
 -5.0708910514765915E+00 a       461     0    29     1    13
 -5.1930827661851486E-01 a       462     0    29     1    14
 -6.3551186400821136E+00 a       463     0    29     1    15
 -3.8088941492551736E+00 a       464     0    29     1    16
  5.3529560925100821E+00 a       465     0    30     1     1
  2.7522606527794786E+00 a       466     0    30     1     2
  6.6582138135484792E+00 a       467     0    30     1     3
  1.3181686560076584E+00 a       468     0    30     1     4
 -1.1467506819703337E+00 a       469     0    30     1     5
 -2.0224804847960702E+00 a       470     0    30     1     6
  2.7526363222178758E+00 a       471     0    30     1     7
  1.2371571481242964E+00 a       472     0    30     1     8
 -3.5627289187256768E+00 a       473     0    30     1     9
 -2.8647897629399313E+00 a       474     0    30     1    10
 -8.8882421485257090E+00 a       475     0    30     1    11
 -5.3755852557767367E+00 a       476     0    30     1    12
 -1.7282322145469092E+01 a       477     0    30     1    13
 -6.4068484153832337E+00 a       478     0    30     1    14
 -1.1015363581823179E-01 a       479     0    30     1    15
 -5.2817986658869458E+00 a       480     0    30     1    16
  1.6449583379538296E+01 a       481     0    31     1     1
  6.8796821283784277E+00 a       482     0    31     1     2
 -4.5802918763559548E+00 a       483     0    31     1     3
  1.6212080301372580E+01 a       484     0    31     1     4
  1.0395515588220691E+01 a       485     0    31     1     5
  6.6183614911590887E+00 a       486     0    31     1     6
 -6.6328124341337580E-01 a       487     0    31     1     7
 -6.1340800143530529E+00 a       488     0    31     1     8
 -1.3074522239645075E+01 a       489     0    31     1     9
  1.2334256053920846E+01 a       490     0    31     1    10
 -3.8990096582824210E+00 a       491     0    31     1    11
  1.5901305685261063E+01 a       492     0    31     1    12
 -3.9455160944608600E+00 a       493     0    31     1    13
 -2.6115033984909353E+00 a       494     0    31     1    14
  1.0715126483360571E+01 a       495     0    31     1    15
  7.3680741748634162E+00 a       496     0    31     1    16
 -8.8897977232723768E+00 a       497     0    32     1     1
  1.0008305259308178E+01 a       498     0    32     1     2
 -7.1981104813715202E+00 a       499     0    32     1     3
 -4.7749749515490789E+00 a       500     0    32     1     4
 -1.6608398279736576E+01 a       501     0    32     1     5
 -1.8741641974922740E+00 a       502     0    32     1     6
 -3.3302105655329711E+01 a       503     0    32     1     7
  5.3998852282799659E+00 a       504     0    32     1     8
  1.2912467538705753E+01 a       505     0    32     1     9
  1.3846823417520637E+01 a       506     0    32     1    10
  2.2772252559664516E+01 a       507     0    32     1    11
 -1.1591981204990455E+01 a       508     0    32     1    12
 -2.9847359410476731E+01 a       509     0    32     1    13
 -8.2048637893440995E-02 a       510     0    32     1    14
  1.1915649706526410E+00 a       511     0    32     1    15
  2.4087265462645533E+01 a       512     0    32     1    16
 -1.5246144008254287E+01 a       513     0    33     1     1
  1.3110348237147967E-01 a       514     0    33     1     2
  8.7479570267209574E+00 a       515     0    33     1     3
  2.0720041999837848E+00 a       516     0    33     1     4
 -4.6690094969988252E+00 a       517     0    33     1     5
 -8.7238141610837285E+00 a       518     0    33     1     6
 -5.3771546276169175E+00 a       519     0    33     1     7
 -1.9621474260554589E-01 a       520     0    33     1     8
  3.9333050251376926E+00 a       521     0    33     1     9
 -1.4918749129337272E+01 a       522     0    33     1    10
 -9.4258816502764631E-01 a       523     0    33     1    11
 -1.2176411667262412E+01 a       524     0    33     1    12
  3.0899803505323700E+00 a       525     0    33     1    13
  5.2707940332696968E+00 a       526     0    33     1    14
 -2.9690900865765610E+00 a       527     0    33     1    15
 -4.0762725574693022E+00 a       528     0    33     1    16
  4.2918403704192348E-01 a       529     0    34     1     1
 -7.4991199334519987E-01 a       530     0    34     1     2
 -8.5376018519546876E-02 a       531     0    34     1     3
 -1.1193465995859262E+00 a       532     0    34     1     4
 -1.3325436616879276E+00 a       533     0    34     1     5
 -1.8623177302111357E-01 a       534     0    34     1     6
  5.7730504651335379E-01 a       535     0    34     1     7
 -7.2279514251667565E-01 a       536     0    34     1     8
 -3.0358949462907353E-01 a       537     0    34     1     9
 -2.8824388780406389E+00 a       538     0    34     1    10
  9.5304498950061189E-01 a       539     0    34     1    11
  1.9742738668314033E-01 a       540     0    34     1    12
  1.0258222531425436E+00 a       541     0    34     1    13
 -1.6833076397953108E+00 a       542     0    34     1    14
  1.1778042619353413E+00 a       543     0    34     1    15
 -8.0674339711250154E-01 a       544     0    34     1    16
 -1.9566165404789204E+00 a       545     0    35     1     1
 -1.3036233835085864E+00 a       546     0    35     1     2
 -7.5739549890064384E-01 a       547     0    35     1     3
  1.4255925374475533E+00 a       548     0    35     1     4
  1.7638071038737047E+00 a       549     0    35     1     5
 -8.6790722255936958E-01 a       550     0    35     1     6
 -1.3066754996201410E-01 a       551     0    35     1     7
 -1.4725094492809534E+00 a       552     0    35     1     8
 -1.2647822528543200E+00 a       553     0    35     1     9
 -2.5078189584882513E+00 a       554     0    35     1    10
  1.5481154013610985E+00 a       555     0    35     1    11
  8.3120108931315295E-01 a       556     0    35     1    12
  8.6771153965052605E-01 a       557     0    35     1    13
  2.2791483153015979E+00 a       558     0    35     1    14
 -1.1829820000734221E+00 a       559     0    35     1    15
  2.9201631829448091E+00 a       560     0    35     1    16
 -1.0623721690973276E+00 a       561     0    36     1     1
 -1.1810354829926297E+00 a       562     0    36     1     2
 -4.3336559304388276E+00 a       563     0    36     1     3
  6.8314672396905241E-01 a       564     0    36     1     4
  6.9115576466234604E-02 a       565     0    36     1     5
 -3.2684437909767579E+00 a       566     0    36     1     6
 -3.1364863193021453E+00 a       567     0    36     1     7
  3.9300034643072945E-01 a       568     0    36     1     8
  2.3230770630157510E-01 a       569     0    36     1     9
 -3.4005721653745993E+00 a       570     0    36     1    10
  7.0538751947377900E+00 a       571     0    36     1    11
  1.2754285654570985E-01 a       572     0    36     1    12
  1.9975202262647489E+00 a       573     0    36     1    13
  2.6318324015964025E+00 a       574     0    36     1    14
 -4.3043748010777776E+00 a       575     0    36     1    15
 -1.5467458459785716E-02 a       576     0    36     1    16
 -4.1978802799090648E-01 a       577     0    37     1     1
 -5.4588551293340100E+00 a       578     0    37     1     2
  1.1260846465392802E+01 a       579     0    37     1     3
  8.0641269323491527E-01 a       580     0    37     1     4
 -8.3756725762709330E+00 a       581     0    37     1     5
  1.2605322953069678E+01 a       582     0    37     1     6
 -7.4942116382594612E+00 a       583     0    37     1     7
  5.1506985438896837E+00 a       584     0    37     1     8
  4.4244761900329044E+00 a       585     0    37     1     9
 -6.4476020484742469E-01 a       586     0    37     1    10
 -1.2854317564648139E+00 a       587     0    37     1    11
 -6.3289956864743413E+00 a       588     0    37     1    12
  1.9042354869413650E-01 a       589     0    37     1    13
 -5.3045786481630026E+00 a       590     0    37     1    14
  5.0826885431484774E+00 a       591     0    37     1    15
 -1.3913243823613908E+00 a       592     0    37     1    16
  7.1185137161442236E-01 a       593     0    38     1     1
 -1.2173445397496858E+00 a       594     0    38     1     2
  2.9716684272247664E+00 a       595     0    38     1     3
  2.7335146687521350E-01 a       596     0    38     1     4
 -4.7862104677005179E+00 a       597     0    38     1     5
  2.4234629717782350E+00 a       598     0    38     1     6
 -1.2144058234614323E+00 a       599     0    38     1     7
  6.2782684374540254E-01 a       600     0    38     1     8
  1.3197569038654706E+00 a       601     0    38     1     9
 -1.8252470561328875E+00 a       602     0    38     1    10
  3.0342701517264823E+00 a       603     0    38     1    11
 -2.0696047326908884E+00 a       604     0    38     1    12
  4.4149687363135408E+00 a       605     0    38     1    13
 -1.8850231739075360E+00 a       606     0    38     1    14
  3.0710270147009345E-04 a       607     0    38     1    15
 -1.5266961100369669E+00 a       608     0    38     1    16
  9.3753632214981464E-01 a       609     0    39     1     1
 -9.4320499252338905E+00 a       610     0    39     1     2
 -4.8000185240239936E+00 a       611     0    39     1     3
 -5.0836634845364497E+00 a       612     0    39     1     4
 -3.7078286815638433E+00 a       613     0    39     1     5
  6.9622184568773262E+00 a       614     0    39     1     6
  5.6566230633059855E-01 a       615     0    39     1     7
 -2.1763127820862347E+00 a       616     0    39     1     8
 -2.3334087998550039E+00 a       617     0    39     1     9
 -1.9702966473334911E+01 a       618     0    39     1    10
 -4.1436433435779169E-01 a       619     0    39     1    11
 -2.4032031063073553E+00 a       620     0    39     1    12
 -1.4367295947540446E+01 a       621     0    39     1    13
 -5.1649484762708830E+00 a       622     0    39     1    14
  5.9608743322130291E+00 a       623     0    39     1    15
  2.7962420208303564E+00 a       624     0    39     1    16
  8.3164289528568536E-01 a       625     0    40     1     1
  3.1190939681563976E+00 a       626     0    40     1     2
  9.8689053014261425E+00 a       627     0    40     1     3
  1.1210203736259176E+01 a       628     0    40     1     4
 -9.2994261923018573E-01 a       629     0    40     1     5
  2.2084537020869246E+00 a       630     0    40     1     6
  5.0448223832985208E+00 a       631     0    40     1     7
  6.7361437561750215E-01 a       632     0    40     1     8
  3.1415175144298607E-01 a       633     0    40     1     9
  1.9107620998995298E-01 a       634     0    40     1    10
  7.8813829775395960E-01 a       635     0    40     1    11
 -3.9587973111151791E+00 a       636     0    40     1    12
  3.5525275844011914E+00 a       637     0    40     1    13
  3.3114949753521832E+00 a       638     0    40     1    14
 -1.8847688237827240E+00 a       639     0    40     1    15
 -6.7158996909100352E+00 a       640     0    40     1    16
 -5.4995989992331198E-02 a       641     0    41     1     1
 -2.2115004320391742E+00 a       642     0    41     1     2
  3.0443761117533548E+00 a       643     0    41     1     3
 -4.0882558093872179E+00 a       644     0    41     1     4
 -2.9447275478116248E+00 a       645     0    41     1     5
  1.6822851275499797E+00 a       646     0    41     1     6
 -2.5645295881003523E+00 a       647     0    41     1     7
  3.2198492260327005E+00 a       648     0    41     1     8
  1.0116072667147311E+00 a       649     0    41     1     9
  1.2355300129455434E-02 a       650     0    41     1    10
 -4.8493714429049928E-02 a       651     0    41     1    11
  9.8331777006415888E-01 a       652     0    41     1    12
  2.8063616814608505E-01 a       653     0    41     1    13
 -2.7347693442764487E+00 a       654     0    41     1    14
 -3.2249030043209739E-02 a       655     0    41     1    15
  1.4356868908307276E+00 a       656     0    41     1    16
  2.9297560642014706E+00 a       657     0    42     1     1
 -3.2730791532569377E+01 a       658     0    42     1     2
  1.5604752992089814E+00 a       659     0    42     1     3
  1.5615615987045560E+01 a       660     0    42     1     4
 -1.1590745533846583E+00 a       661     0    42     1     5
 -1.6160331720135755E+01 a       662     0    42     1     6
 -6.2048221750008032E+00 a       663     0    42     1     7
  1.6525245316753310E+00 a       664     0    42     1     8
 -7.8606921886757952E+00 a       665     0    42     1     9
 -1.6398050458877101E+01 a       666     0    42     1    10
  1.2314054705883056E+01 a       667     0    42     1    11
  7.0099926676836839E+00 a       668     0    42     1    12
 -5.2645205388733434E+00 a       669     0    42     1    13
 -3.6444990982168685E-01 a       670     0    42     1    14
 -1.0148795030175204E+01 a       671     0    42     1    15
 -4.5247413015003088E+00 a       672     0    42     1    16
 -2.7694811671503099E+00 a       673     0    43     1     1
  4.3724791585453922E+00 a       674     0    43     1     2
 -3.0054907166784872E+01 a       675     0    43     1     3
 -1.4579372491237082E+01 a       676     0    43     1     4
  5.4088988952353274E+00 a       677     0    43     1     5
 -1.8589707280028161E+01 a       678     0    43     1     6
  1.4982738461698949E+01 a       679     0    43     1     7
  1.7698827602872365E+00 a       680     0    43     1     8
  6.7023395046929413E-01 a       681     0    43     1     9
  3.2267542429296170E+00 a       682     0    43     1    10
  4.4985557577375141E+00 a       683     0    43     1    11
  2.5116002108562805E+00 a       684     0    43     1    12
 -8.7391230735664049E-01 a       685     0    43     1    13
  4.5162645913159905E+00 a       686     0    43     1    14
 -1.0866198386921427E+01 a       687     0    43     1    15
 -2.3148480505846338E+00 a       688     0    43     1    16
 -1.0785345145063567E-01 a       689     0    44     1     1
  3.2862374409129926E+00 a       690     0    44     1     2
 -4.3107201829821786E+00 a       691     0    44     1     3
 -5.1773100590006988E+00 a       692     0    44     1     4
  6.0113806215672394E+00 a       693     0    44     1     5
  1.4985319384652056E+00 a       694     0    44     1     6
  2.7217581409538352E+00 a       695     0    44     1     7
  5.3215341262517937E+00 a       696     0    44     1     8
  8.8983040718722572E-01 a       697     0    44     1     9
  8.2693304150381834E+00 a       698     0    44     1    10
 -1.0060208052705111E+01 a       699     0    44     1    11
  1.1592819803376557E+00 a       700     0    44     1    12
 -1.1647899596042386E+01 a       701     0    44     1    13
  8.6613369375452032E-01 a       702     0    44     1    14
 -2.1366634839306915E+00 a       703     0    44     1    15
  4.5884919676963842E-01 a       704     0    44     1    16
  5.6048425737771745E-01 a       705     0    45     1     1
  1.5629134897371561E+01 a       706     0    45     1     2
  8.5549221359604068E+00 a       707     0    45     1     3
  1.1454411201420156E+01 a       708     0    45     1     4
  3.0798792619567710E+00 a       709     0    45     1     5
 -9.3811611644058441E+00 a       710     0    45     1     6
  3.8229756900600470E-01 a       711     0    45     1     7
 -4.6089142331737483E+00 a       712     0    45     1     8
 -7.0182467080578376E-02 a       713     0    45     1     9
  2.2392249910627209E+00 a       714     0    45     1    10
  7.0365524390253933E+00 a       715     0    45     1    11
 -1.2653150726017073E+00 a       716     0    45     1    12
  2.8199122750041621E+01 a       717     0    45     1    13
  6.5164625136163670E+00 a       718     0    45     1    14
 -5.4924750654962109E+00 a       719     0    45     1    15
 -1.0830344057096456E+01 a       720     0    45     1    16
  1.6475807921633165E-01 a       721     0    46     1     1
 -1.4774697580638507E+00 a       722     0    46     1     2
 -1.2079334535766650E+01 a       723     0    46     1     3
 -1.5039392109388745E+01 a       724     0    46     1     4
 -6.5995301791631655E-01 a       725     0    46     1     5
  8.2004677510744539E+00 a       726     0    46     1     6
 -1.2228749404592053E+01 a       727     0    46     1     7
  2.7171717274718659E+00 a       728     0    46     1     8
  8.0197911968405702E+00 a       729     0    46     1     9
  3.8868128229909789E+00 a       730     0    46     1    10
 -7.5840272584033297E-01 a       731     0    46     1    11
  2.8545048180816530E+00 a       732     0    46     1    12
  1.7107124245193615E+00 a       733     0    46     1    13
 -6.3806750406539772E+00 a       734     0    46     1    14
  9.8097948072187062E+00 a       735     0    46     1    15
  8.8159084886351682E+00 a       736     0    46     1    16
 -2.5471579442761643E+00 a       737     0    47     1     1
  1.0345004450550361E+01 a       738     0    47     1     2
 -4.1506138556136634E+00 a       739     0    47     1     3
  1.4831485908239879E+01 a       740     0    47     1     4
  1.0143485948652467E+01 a       741     0    47     1     5
 -1.8988814403546439E+00 a       742     0    47     1     6
 -2.7121972618653439E-01 a       743     0    47     1     7
 -8.6612552629045414E+00 a       744     0    47     1     8
 -1.7821914939622834E+00 a       745     0    47     1     9
 -6.9687001218033613E+00 a       746     0    47     1    10
  5.7728803596598244E+00 a       747     0    47     1    11
 -6.7954573317258227E-01 a       748     0    47     1    12
  5.2365000089677383E-01 a       749     0    47     1    13
  1.0538611812703628E+01 a       750     0    47     1    14
 -5.3072041343989573E-02 a       751     0    47     1    15
 -4.5758865447540389E+00 a       752     0    47     1    16
 -1.7977354940449707E+01 a       753     0    48     1     1
  3.5655858547496479E+01 a       754     0    48     1     2
 -1.2541816545834067E+01 a       755     0    48     1     3
 -6.8581417665878277E+00 a       756     0    48     1     4
  1.3437275489132386E+01 a       757     0    48     1     5
  7.6562236125605159E+00 a       758     0    48     1     6
 -2.0969811993340105E+01 a       759     0    48     1     7
 -7.6756067590970467E+00 a       760     0    48     1     8
  1.2891230984334918E+01 a       761     0    48     1     9
 -2.0431679170843761E+01 a       762     0    48     1    10
  5.1814691731947891E+00 a       763     0    48     1    11
 -1.7152410809310001E-01 a       764     0    48     1    12
  2.8538327134340545E+01 a       765     0    48     1    13
  3.3310068984326566E+00 a       766     0    48     1    14
  3.6565297337701379E+00 a       767     0    48     1    15
  1.5375162906808509E+01 a       768     0    48     1    16
 -4.4229193292229735E-01 a       769     0    49     1     1
 -8.5675251416922471E-01 a       770     0    49     1     2
 -1.6126829892949750E+00 a       771     0    49     1     3
  1.5101275629844662E+00 a       772     0    49     1     4
 -2.2887144019508889E-02 a       773     0    49     1     5
 -2.2872052811760066E+00 a       774     0    49     1     6
  4.6134114890378197E-01 a       775     0    49     1     7
 -4.3351605079654171E-01 a       776     0    49     1     8
  2.3082264633976629E-01 a       777     0    49     1     9
  6.5822380032889571E-01 a       778     0    49     1    10
  2.1385167940718448E+00 a       779     0    49     1    11
  4.3356438029378602E-01 a       780     0    49     1    12
  1.0406054186284504E+00 a       781     0    49     1    13
  1.1663045473650488E+00 a       782     0    49     1    14
 -1.9767123668203617E+00 a       783     0    49     1    15
  1.3946949101276307E+00 a       784     0    49     1    16
  1.1219477315494288E-01 a       785     0    50     1     1
  1.0283333170279045E-01 a       786     0    50     1     2
  8.5128468193940787E-01 a       787     0    50     1     3
  7.8756031010567207E-01 a       788     0    50     1     4
  3.4520529551796147E-01 a       789     0    50     1     5
 -4.1258071647864070E-01 a       790     0    50     1     6
 -3.0794491780862393E-01 a       791     0    50     1     7
 -1.5287697833595706E-01 a       792     0    50     1     8
 -9.8257476706089864E-02 a       793     0    50     1     9
  1.7974928939116048E+00 a       794     0    50     1    10
  3.7760005770588712E-01 a       795     0    50     1    11
  4.1157102918384053E-01 a       796     0    50     1    12
  2.5826022257268302E+00 a       797     0    50     1    13
  1.0921791607387350E+00 a       798     0    50     1    14
 -6.9980665632620997E-01 a       799     0    50     1    15
  7.1824851678790491E-01 a       800     0    50     1    16
 -1.0493138128879518E+00 a       801     0    51     1     1
  7.4182825898372098E+00 a       802     0    51     1     2
  1.0133754276820475E+00 a       803     0    51     1     3
  5.4211604565314576E-02 a       804     0    51     1     4
  2.7835101563886258E+00 a       805     0    51     1     5
  1.1443647383088114E+00 a       806     0    51     1     6
 -2.4542353669727482E-01 a       807     0    51     1     7
 -2.8643049348318916E+00 a       808     0    51     1     8
  6.6461097451353424E-01 a       809     0    51     1     9
 -1.3097571972296467E+00 a       810     0    51     1    10
 -1.1661526748096995E+00 a       811     0    51     1    11
 -1.1052918598524322E+00 a       812     0    51     1    12
  2.8747401716329049E+00 a       813     0    51     1    13
  2.7981499615251464E-02 a       814     0    51     1    14
  3.8851114303976373E+00 a       815     0    51     1    15
  4.3656593633296636E-01 a       816     0    51     1    16
  6.8928676451401705E+00 a       817     0    52     1     1
 -4.4894309057333874E+00 a       818     0    52     1     2
  1.3063832824895790E+01 a       819     0    52     1     3
  8.2204206808121860E+00 a       820     0    52     1     4
 -8.7411918023828328E+00 a       821     0    52     1     5
  9.4830067144147936E+00 a       822     0    52     1     6
 -5.8440163196913177E+00 a       823     0    52     1     7
  2.6559189949530154E-01 a       824     0    52     1     8
  8.3967077289813352E-01 a       825     0    52     1     9
 -7.3244957794391325E+00 a       826     0    52     1    10
 -1.0598432644708560E+00 a       827     0    52     1    11
 -5.2849539658282199E+00 a       828     0    52     1    12
 -2.6019899630439118E+00 a       829     0    52     1    13
 -7.1244801705274226E+00 a       830     0    52     1    14
  1.0165174672351135E+01 a       831     0    52     1    15
 -9.0293299921958887E+00 a       832     0    52     1    16
  1.1357369828318076E+00 a       833     0    53     1     1
 -9.5844033099270115E-02 a       834     0    53     1     2
  2.8505620020607521E+00 a       835     0    53     1     3
  2.5354250935485663E+00 a       836     0    53     1     4
 -4.5026049703738735E+00 a       837     0    53     1     5
 -1.1559288334704187E+00 a       838     0    53     1     6
 -1.4669412315641954E+00 a       839     0    53     1     7
 -3.0900139469741505E+00 a       840     0    53     1     8
 -8.2025680102278931E-01 a       841     0    53     1     9
 -5.9045886048228020E+00 a       842     0    53     1    10
  7.4101950481601442E+00 a       843     0    53     1    11
 -1.1426257090951428E+00 a       844     0    53     1    12
  7.9282769698971247E+00 a       845     0    53     1    13
 -1.0105952088797099E+00 a       846     0    53     1    14
  1.5302300192049254E+00 a       847     0    53     1    15
 -3.9767638024292271E+00 a       848     0    53     1    16
  2.2957451937552515E+00 a       849     0    54     1     1
 -9.4497541807724872E+00 a       850     0    54     1     2
 -8.3011622472920159E+00 a       851     0    54     1     3
 -9.3885654476091958E+00 a       852     0    54     1     4
 -9.9278757974196239E+00 a       853     0    54     1     5
  4.2946693274631320E+00 a       854     0    54     1     6
  8.0100902177907829E-02 a       855     0    54     1     7
  8.4920572995650598E+00 a       856     0    54     1     8
  6.3660636037560279E+00 a       857     0    54     1     9
  3.9874295561396895E+00 a       858     0    54     1    10
  1.9128615580281622E-01 a       859     0    54     1    11
  1.9224335937277983E+00 a       860     0    54     1    12
 -1.1080822070393028E+01 a       861     0    54     1    13
 -1.4318911814159041E+01 a       862     0    54     1    14
  8.7299327228597061E+00 a       863     0    54     1    15
 -3.2067679216233991E+00 a       864     0    54     1    16
  2.8574722688144893E+00 a       865     0    55     1     1
  8.7108167415252602E-01 a       866     0    55     1     2
  4.4029061184181417E+00 a       867     0    55     1     3
  6.0718140056996308E+00 a       868     0    55     1     4
 -1.3062913084942802E+00 a       869     0    55     1     5
 -6.4277408425541749E+00 a       870     0    55     1     6
  6.8854220800038188E+00 a       871     0    55     1     7
  4.6898101969602472E-02 a       872     0    55     1     8
 -4.7020932991857398E+00 a       873     0    55     1     9
  3.9297948034365798E-01 a       874     0    55     1    10
  8.8738806879182730E-01 a       875     0    55     1    11
 -2.6004969609315349E+00 a       876     0    55     1    12
 -7.3466999242225590E+00 a       877     0    55     1    13
  7.6257112231572488E-01 a       878     0    55     1    14
 -7.4172324851334261E+00 a       879     0    55     1    15
 -1.0417090209690411E+01 a       880     0    55     1    16
  3.3757568630713464E+00 a       881     0    56     1     1
 -3.2164795332813232E+00 a       882     0    56     1     2
  2.2171638334382049E+00 a       883     0    56     1     3
 -1.0802764699163816E+01 a       884     0    56     1     4
 -6.2968540861081292E+00 a       885     0    56     1     5
  1.1278188083849368E+00 a       886     0    56     1     6
 -2.0789497001406820E+00 a       887     0    56     1     7
  5.8730441381780230E+00 a       888     0    56     1     8
  7.9023257380885092E-01 a       889     0    56     1     9
  2.6016354104888082E+00 a       890     0    56     1    10
 -1.8767537756276562E+00 a       891     0    56     1    11
  9.9543402745929999E-01 a       892     0    56     1    12
 -1.5382727953625162E+00 a       893     0    56     1    13
 -7.8574282960462050E+00 a       894     0    56     1    14
  4.8737702320641846E-01 a       895     0    56     1    15
 -1.8213153895940697E+00 a       896     0    56     1    16
  1.1808564993557617E+01 a       897     0    57     1     1
 -2.2184680212166164E+01 a       898     0    57     1     2
 -2.4472881165912015E+00 a       899     0    57     1     3
  2.1140319286425049E+00 a       900     0    57     1     4
 -1.8384847532061826E+01 a       901     0    57     1     5
 -8.5795627859917882E+00 a       902     0    57     1     6
  1.1556395921731523E+01 a       903     0    57     1     7
  1.2358208747552043E+01 a       904     0    57     1     8
 -4.2135014958927108E+00 a       905     0    57     1     9
  1.4669763957262754E+01 a       906     0    57     1    10
  1.6589305911657441E+01 a       907     0    57     1    11
 -2.1658264375877594E+00 a       908     0    57     1    12
 -1.0306154434152418E+01 a       909     0    57     1    13
 -7.8615984869533113E+00 a       910     0    57     1    14
 -8.4667868615922597E+00 a       911     0    57     1    15
 -2.0602360927607858E+01 a       912     0    57     1    16
  4.3033339948001353E-01 a       913     0    58     1     1
  3.4978322332946279E+00 a       914     0    58     1     2
  3.2449640094195340E+00 a       915     0    58     1     3
  3.5215633503781674E+00 a       916     0    58     1     4
 -1.4732978566257569E+00 a       917     0    58     1     5
 -2.6810518187912442E+00 a       918     0    58     1     6
  1.1821985725483992E+00 a       919     0    58     1     7
  7.0805727584360563E+00 a       920     0    58     1     8
  6.3554961550955245E+00 a       921     0    58     1     9
  1.8388919443685179E+01 a       922     0    58     1    10
 -1.4825314483345688E+00 a       923     0    58     1    11
  3.2518515909366963E+00 a       924     0    58     1    12
  2.1466564233302821E+00 a       925     0    58     1    13
 -2.2981356333913134E+00 a       926     0    58     1    14
  2.4043928914470003E-01 a       927     0    58     1    15
 -3.8747248470364544E+00 a       928     0    58     1    16
  3.5171112333061449E+00 a       929     0    59     1     1
  1.0057250130209978E+01 a       930     0    59     1     2
  1.1244884182020375E+01 a       931     0    59     1     3
 -1.1660148009292485E+01 a       932     0    59     1     4
 -5.7741573397959707E+00 a       933     0    59     1     5
  1.1962814109001194E+01 a       934     0    59     1     6
  1.3799525283479220E+01 a       935     0    59     1     7
  5.1608689409654254E+00 a       936     0    59     1     8
  2.4721569338873377E+00 a       937     0    59     1     9
  2.1509541304202479E+01 a       938     0    59     1    10
 -1.4043618681815262E+01 a       939     0    59     1    11
 -4.1359222585667768E+00 a       940     0    59     1    12
 -9.4289552272607899E+00 a       941     0    59     1    13
 -2.7656379452549362E-01 a       942     0    59     1    14
  4.7218101168953179E+00 a       943     0    59     1    15
  1.0529028104296894E+00 a       944     0    59     1    16
 -2.3189496941351879E+00 a       945     0    60     1     1
  4.0791424925501172E+00 a       946     0    60     1     2
  4.8496343609936199E+00 a       947     0    60     1     3
  3.7740769984990794E+00 a       948     0    60     1     4
  7.7132077979191669E+00 a       949     0    60     1     5
 -1.2007246314596454E-02 a       950     0    60     1     6
 -3.1112424062053425E+00 a       951     0    60     1     7
 -3.3005833716961086E+00 a       952     0    60     1     8
 -2.5396816969328242E+00 a       953     0    60     1     9
  5.8835215391080391E+00 a       954     0    60     1    10
 -7.6008500289587244E-01 a       955     0    60     1    11
  6.0593816067121375E+00 a       956     0    60     1    12
  3.2712162714312973E+00 a       957     0    60     1    13
  4.5410800092776515E+00 a       958     0    60     1    14
 -3.2608732710594723E+00 a       959     0    60     1    15
  9.1599516497744045E+00 a       960     0    60     1    16
 -9.0623983386714402E-01 a       961     0    61     1     1
 -1.1555886520116414E+00 a       962     0    61     1     2
 -8.0138596169546839E-01 a       963     0    61     1     3
  3.0335299014400099E+00 a       964     0    61     1     4
  2.4843836628074287E+00 a       965     0    61     1     5
 -2.0806473077560841E+00 a       966     0    61     1     6
 -5.9995267407857833E-01 a       967     0    61     1     7
 -2.3603404848207923E+00 a       968     0    61     1     8
 -6.8131439413334327E-01 a       969     0    61     1     9
  3.7788497649737801E-01 a       970     0    61     1    10
  1.4542447262722153E+00 a       971     0    61     1    11
  1.3137258026910057E+00 a       972     0    61     1    12
  4.1988487529898855E-01 a       973     0    61     1    13
  1.9842231422405932E+00 a       974     0    61     1    14
 -9.4708491097845418E-02 a       975     0    61     1    15
  3.2079696773993969E+00 a       976     0    61     1    16
 -3.4559120786553130E+00 a       977     0    62     1     1
 -1.5711999726766130E+00 a       978     0    62     1     2
 -2.7921212768799619E+00 a       979     0    62     1     3
 -3.2300631968977694E-01 a       980     0    62     1     4
  1.1436431479396349E+01 a       981     0    62     1     5
  3.1055237831650664E+00 a       982     0    62     1     6
 -2.8785014183642410E+00 a       983     0    62     1     7
 -5.8264484547493565E+00 a       984     0    62     1     8
 -8.1783257198047536E+00 a       985     0    62     1     9
 -3.5504520463324201E+00 a       986     0    62     1    10
 -6.4284383558802238E+00 a       987     0    62     1    11
 -2.9765686148673747E+00 a       988     0    62     1    12
 -9.3002290341592690E+00 a       989     0    62     1    13
  1.2980405390051006E+01 a       990     0    62     1    14
 -9.1477774965334646E+00 a       991     0    62     1    15
  1.3481564122737209E+01 a       992     0    62     1    16
  3.6835662555413601E-01 a       993     0    63     1     1
 -6.1114012578445474E+00 a       994     0    63     1     2
 -2.9654988418863817E+00 a       995     0    63     1     3
  5.4654521373299936E-01 a       996     0    63     1     4
 -9.6351798144766521E-01 a       997     0    63     1     5
 -5.3972880821482805E-01 a       998     0    63     1     6
  3.7870374812348642E+00 a       999     0    63     1     7
 -2.3604360231500243E-01 a      1000     0    63     1     8
  3.7531963740350627E-01 a      1001     0    63     1     9
  3.0486201590864046E+00 a      1002     0    63     1    10
 -2.3187981505335911E+00 a      1003     0    63     1    11
 -1.2172022051322040E+00 a      1004     0    63     1    12
  2.8526607870278577E-02 a      1005     0    63     1    13
 -2.2832231348635007E-01 a      1006     0    63     1    14
 -5.0047021148322746E-01 a      1007     0    63     1    15
  4.4173744612316392E+00 a      1008     0    63     1    16
  9.1808708025756314E-01 a      1009     0    64     1     1
  9.1110334693587658E-01 a      1010     0    64     1     2
  3.7135723219314727E+00 a      1011     0    64     1     3
  8.2045542082590361E-01 a      1012     0    64     1     4
  9.4442696924215568E+00 a      1013     0    64     1     5
  7.1882461378097613E+00 a      1014     0    64     1     6
  3.1221607981504023E+00 a      1015     0    64     1     7
 -6.5338268240096902E+00 a      1016     0    64     1     8
 -1.6861260690645656E+00 a      1017     0    64     1     9
  1.2422267180951450E+00 a      1018     0    64     1    10
 -2.0154736484616382E+01 a      1019     0    64     1    11
  7.3361763861124796E-01 a      1020     0    64     1    12
 -3.8873751354818058E+00 a      1021     0    64     1    13
  3.1824200611658422E+00 a      1022     0    64     1    14
  9.0715788450914179E+00 a      1023     0    64     1    15
  9.7880890315912445E+00 a      1024     0    64     1    16
 -2.9179453988551163E-01 b      1025     1     1
  7.7260193342363684E-02 b      1026     1     2
  7.1259440146254782E-01 b      1027     1     3
 -4.7198289214886835E-02 b      1028     1     4
  4.9198865130464597E-01 b      1029     1     5
  7.2494859227719657E-02 b      1030     1     6
  3.7417233294926006E-01 b      1031     1     7
  8.5173229896688307E-01 b      1032     1     8
  2.4767749181967974E-01 b      1033     1     9
 -1.7607087832528207E-01 b      1034     1    10
  7.2289786178816517E-01 b      1035     1    11
  3.6409020832786176E-03 b      1036     1    12
 -1.7991423716284380E-01 b      1037     1    13
 -9.8574210324798170E-02 b      1038     1    14
  6.3452140908831903E-02 b      1039     1    15
  4.7766853712013729E-01 b      1040     1    16
 -8.9341256987208351E-01 a      1041     1     1     2     1
 -4.1545183591490831E-01 a      1042     1     1     2     2
 -2.1558230915686871E-02 a      1043     1     1     2     3
 -9.7254652151059939E-02 a      1044     1     1     2     4
 -6.0283923902333025E-01 a      1045     1     1     2     5
  1.1988663798695869E+00 a      1046     1     1     2     6
 -1.9847212560279676E-01 a      1047     1     1     2     7
  4.2846438524864194E-01 a      1048     1     1     2     8
 -5.5633318707070634E-01 a      1049     1     1     2     9
 -7.8748513965471612E-01 a      1050     1     1     2    10
 -7.9360712790953192E-01 a      1051     1     1     2    11
 -3.4413342633670857E-01 a      1052     1     1     2    12
  5.7127266728849720E-02 a      1053     1     1     2    13
  8.2318655988247424E-01 a      1054     1     1     2    14
 -3.2528641488433407E-01 a      1055     1     1     2    15
 -1.1261790589619689E+00 a      1056     1     1     2    16
 -2.7786786196564106E-01 a      1057     1     2     2     1
  7.4723045903978558E-01 a      1058     1     2     2     2
  8.7867931162943419E-02 a      1059     1     2     2     3
 -6.9740081797555920E-01 a      1060     1     2     2     4
  2.6491754694366104E-01 a      1061     1     2     2     5
  6.1722767846579951E-01 a      1062     1     2     2     6
 -4.4853551304766398E-01 a      1063     1     2     2     7
  5.3567318750884962E-01 a      1064     1     2     2     8
  2.4812681579245399E-01 a      1065     1     2     2     9
 -4.3932876154635300E-02 a      1066     1     2     2    10
  5.1122140427838547E-01 a      1067     1     2     2    11
  2.9609132356200213E-01 a      1068     1     2     2    12
  8.7357292502644246E-01 a      1069     1     2     2    13
  1.4585515245957204E+00 a      1070     1     2     2    14
  8.9252467220327658E-01 a      1071     1     2     2    15
  6.1300789420319013E-01 a      1072     1     2     2    16
 -2.6198866779993613E-01 a      1073     1     3     2     1
 -4.7527143590444965E-01 a      1074     1     3     2     2
  4.6075370165989366E-01 a      1075     1     3     2     3
 -1.5850425544346455E-01 a      1076     1     3     2     4
 -1.5501417968288805E-01 a      1077     1     3     2     5
  7.9145819708809684E-01 a      1078     1     3     2     6
  8.2769572685952808E-01 a      1079     1     3     2     7
 -4.6414692173362521E-01 a      1080     1     3     2     8
 -1.6152529217107561E+00 a      1081     1     3     2     9
  9.3022896262797666E-02 a      1082     1     3     2    10
  9.5099372598599352E-01 a      1083     1     3     2    11
 -4.1376153485819744E-01 a      1084     1     3     2    12
 -5.0980522912745208E-01 a      1085     1     3     2    13
 -1.0473957690583926E+00 a      1086     1     3     2    14
 -1.5182824860058108E-01 a      1087     1     3     2    15
 -6.6689596905009196E-02 a      1088     1     3     2    16
  3.2033417224237084E+00 a      1089     1     4     2     1
 -4.3901742320230608E-01 a      1090     1     4     2     2
 -1.1741986345431125E-01 a      1091     1     4     2     3
 -7.8938089687118429E-01 a      1092     1     4     2     4
  1.7511659227267265E-01 a      1093     1     4     2     5
  1.2008520921007610E+00 a      1094     1     4     2     6
 -1.0120041621952298E+00 a      1095     1     4     2     7
  1.4443319535795887E-01 a      1096     1     4     2     8
  1.0352941108059526E+00 a      1097     1     4     2     9
 -3.6840500322498543E-01 a      1098     1     4     2    10
  2.8506548125497155E-01 a      1099     1     4     2    11
 -2.3375459515974778E-01 a      1100     1     4     2    12
  4.3344978968511372E-01 a      1101     1     4     2    13
  1.0564600270510289E+00 a      1102     1     4     2    14
  2.3638881948924761E+00 a      1103     1     4     2    15
  3.0702960365697435E-01 a      1104     1     4     2    16
  2.6157985028758013E-01 a      1105     1     5     2     1
 -2.7748779780107380E-01 a      1106     1     5     2     2
 -2.6564465904758988E-01 a      1107     1     5     2     3
  6.1449746820139473E-01 a      1108     1     5     2     4
  7.9324190981998122E-01 a      1109     1     5     2     5
  6.1522429412267010E-01 a      1110     1     5     2     6
  1.3207979900125060E+00 a      1111     1     5     2     7
 -7.5867743803447274E-01 a      1112     1     5     2     8
  4.0425322466107660E-01 a      1113     1     5     2     9
 -6.9618355796055464E-01 a      1114     1     5     2    10
 -1.6744230389134104E-01 a      1115     1     5     2    11
 -4.8810953121496642E-01 a      1116     1     5     2    12
 -7.4395204815745875E-01 a      1117     1     5     2    13
 -1.7320747116462948E-01 a      1118     1     5     2    14
  6.6403460731741004E-01 a      1119     1     5     2    15
 -8.4903227616520305E-01 a      1120     1     5     2    16
 -1.5113557380440095E+00 a      1121     1     6     2     1
 -8.4405311076203707E-02 a      1122     1     6     2     2
  1.2029812311013122E+00 a      1123     1     6     2     3
 -4.5521896071928858E-01 a      1124     1     6     2     4
 -6.3663372932360685E-01 a      1125     1     6     2     5
  2.9842497053916917E-01 a      1126     1     6     2     6
 -2.1447075227326298E-01 a      1127     1     6     2     7
 -4.7161331475423096E-01 a      1128     1     6     2     8
 -1.0700748858620097E+00 a      1129     1     6     2     9
 -3.5362191453456246E-02 a      1130     1     6     2    10
  2.8996805438737572E-01 a      1131     1     6     2    11
 -4.4782472726510678E-03 a      1132     1     6     2    12
  4.1622953981020824E-02 a      1133     1     6     2    13
 -1.5884855931801007E+00 a      1134     1     6     2    14
 -5.6089945948453401E+00 a      1135     1     6     2    15
  3.5169439829317645E-01 a      1136     1     6     2    16
 -4.6841115559959501E-01 a      1137     1     7     2     1
 -1.5437304463414575E-01 a      1138     1     7     2     2
  1.2704681859495781E-01 a      1139     1     7     2     3
 -3.9574624553954801E-01 a      1140     1     7     2     4
  1.0435924480630937E-01 a      1141     1     7     2     5
 -5.0648372206786008E-01 a      1142     1     7     2     6
  4.4261354962001154E-01 a      1143     1     7     2     7
 -1.7152186749119708E-01 a      1144     1     7     2     8
 -4.6102687153320698E-01 a      1145     1     7     2     9
  2.1961311182612037E-01 a      1146     1     7     2    10
  6.1622254310282520E-01 a      1147     1     7     2    11
 -4.9875365852286074E-01 a      1148     1     7     2    12
  2.2029713741188253E-01 a      1149     1     7     2    13
 -1.3316222711301831E+00 a      1150     1     7     2    14
 -5.4738450273048345E-01 a      1151     1     7     2    15
  6.4270438900221577E-02 a      1152     1     7     2    16
  2.8840336289668422E+00 a      1153     1     8     2     1
 -4.7617130821863468E-01 a      1154     1     8     2     2
 -4.4311968180629657E-01 a      1155     1     8     2     3
 -2.1661906220753013E-01 a      1156     1     8     2     4
  3.7477711031512201E-01 a      1157     1     8     2     5
  7.2240999662109195E-01 a      1158     1     8     2     6
 -1.7995353204385596E+00 a      1159     1     8     2     7
 -5.5248332258729038E-01 a      1160     1     8     2     8
  3.0142367765373002E+00 a      1161     1     8     2     9
 -7.3340038069455260E-01 a      1162     1     8     2    10
  1.8505295674809286E-01 a      1163     1     8     2    11
 -7.7495394096116810E-01 a      1164     1     8     2    12
  1.7446207802319577E-01 a      1165     1     8     2    13
  1.4219111922012933E+00 a      1166     1     8     2    14
 -4.5569694493578545E+00 a      1167     1     8     2    15
 -3.9916595804866339E-01 a      1168     1     8     2    16
 -3.5092848823043948E-01 a      1169     1     9     2     1
 -1.0466867875572514E+00 a      1170     1     9     2     2
 -2.6699892010556758E-01 a      1171     1     9     2     3
  6.4353568434263753E-01 a      1172     1     9     2     4
 -1.6173609333417001E-02 a      1173     1     9     2     5
  6.4433493581977253E-01 a      1174     1     9     2     6
  8.1741555128955956E-01 a      1175     1     9     2     7
 -3.0121420744541473E-02 a      1176     1     9     2     8
  5.9149831961789523E-01 a      1177     1     9     2     9
  1.0820053281836381E-01 a      1178     1     9     2    10
  1.2561154642312695E+00 a      1179     1     9     2    11
  2.6395773153780656E-02 a      1180     1     9     2    12
 -1.3874421009934688E+00 a      1181     1     9     2    13
 -1.2379615803879367E+00 a      1182     1     9     2    14
  2.2709698573727788E-01 a      1183     1     9     2    15
 -7.9639957948555096E-01 a      1184     1     9     2    16
 -9.5838064118890720E-01 a      1185     1    10     2     1
  1.9252082597941170E-01 a      1186     1    10     2     2
  3.7682955672219465E-01 a      1187     1    10     2     3
  5.0287749658884724E-02 a      1188     1    10     2     4
 -4.5298644704802649E-01 a      1189     1    10     2     5
 -7.1884013196925256E-01 a      1190     1    10     2     6
  8.6537594125654005E-01 a      1191     1    10     2     7
  1.4084386225209991E-01 a      1192     1    10     2     8
  4.7743205120903548E-02 a      1193     1    10     2     9
  4.7202931369556700E-01 a      1194     1    10     2    10
 -8.8658994088492016E-01 a      1195     1    10     2    11
  1.2356581168319876E-01 a      1196     1    10     2    12
  3.8480624997548535E-01 a      1197     1    10     2    13
 -1.5285659386951926E+00 a      1198     1    10     2    14
  3.1740806170246132E+00 a      1199     1    10     2    15
  3.5108419169491606E-01 a      1200     1    10     2    16
 -1.0934471498951162E+00 a      1201     1    11     2     1
 -2.8308952225684042E-01 a      1202     1    11     2     2
  2.4352681845449056E-02 a      1203     1    11     2     3
 -4.4864780501892976E-01 a      1204     1    11     2     4
  3.2525258234003707E-01 a      1205     1    11     2     5
  6.9375381133763583E-02 a      1206     1    11     2     6
  3.8690139611272795E-01 a      1207     1    11     2     7
 -3.9253215835114674E-01 a      1208     1    11     2     8
 -1.1938422366458581E+00 a      1209     1    11     2     9
 -3.7014609603789811E-01 a      1210     1    11     2    10
 -1.0149182773560450E+00 a      1211     1    11     2    11
 -7.4140588257460949E-01 a      1212     1    11     2    12
 -1.1697374025606336E-01 a      1213     1    11     2    13
 -8.9312099316100113E-01 a      1214     1    11     2    14
 -6.0310855006011155E-01 a      1215     1    11     2    15
  1.3866152080634964E-01 a      1216     1    11     2    16
  7.0959433596243415E-01 a      1217     1    12     2     1
 -4.6996025483620846E-01 a      1218     1    12     2     2
 -4.6613766268083956E-01 a      1219     1    12     2     3
 -4.4848460331183032E-01 a      1220     1    12     2     4
 -6.1789732243195068E-02 a      1221     1    12     2     5
  9.4709607196395915E-02 a      1222     1    12     2     6
 -2.3645578272358234E-01 a      1223     1    12     2     7
 -5.6255261697712500E-01 a      1224     1    12     2     8
  8.4583736107217666E-01 a      1225     1    12     2     9
  4.5377281207056597E-01 a      1226     1    12     2    10
 -8.9876095104632314E-01 a      1227     1    12     2    11
  3.3107240063862747E-01 a      1228     1    12     2    12
  1.6255695368525858E-01 a      1229     1    12     2    13
 -9.3792892668435668E-01 a      1230     1    12     2    14
 -2.0305552505429065E+00 a      1231     1    12     2    15
  1.7017326654916759E-01 a      1232     1    12     2    16
  2.0641883138223744E+00 a      1233     1    13     2     1
  4.2428784269905606E-01 a      1234     1    13     2     2
 -2.6771481723762347E-01 a      1235     1    13     2     3
  1.5052967767870865E-01 a      1236     1    13     2     4
 -4.1688556516250619E-01 a      1237     1    13     2     5
  3.7588311071757352E-01 a      1238     1    13     2     6
  2.2942194760539933E-01 a      1239     1    13     2     7
  4.4768360383735023E-01 a      1240     1    13     2     8
 -1.1335120086939725E+00 a      1241     1    13     2     9
  8.3598145082005026E-02 a      1242     1    13     2    10
  4.8570423314767680E-01 a      1243     1    13     2    11
  4.1373989918759874E-01 a      1244     1    13     2    12
  5.0097361675557373E-01 a      1245     1    13     2    13
  1.9294387348845618E-01 a      1246     1    13     2    14
  2.9236954386450948E+00 a      1247     1    13     2    15
 -6.7988730301068745E-01 a      1248     1    13     2    16
  8.9218366050081743E-01 a      1249     1    14     2     1
 -2.9884062519311161E-01 a      1250     1    14     2     2
  1.0227322320162323E-01 a      1251     1    14     2     3
  4.8002033614358619E-01 a      1252     1    14     2     4
 -7.9415578728347758E-01 a      1253     1    14     2     5
  7.2134840473642625E-01 a      1254     1    14     2     6
 -5.8167974564173575E-01 a      1255     1    14     2     7
 -9.2700315880841419E-02 a      1256     1    14     2     8
  5.5283850937705070E-01 a      1257     1    14     2     9
  3.8122270532882990E-01 a      1258     1    14     2    10
 -2.2071520639848785E-01 a      1259     1    14     2    11
  5.4530453023664924E-02 a      1260     1    14     2    12
 -1.1894496922527458E+00 a      1261     1    14     2    13
  2.4408341529038188E-01 a      1262     1    14     2    14
 -4.7258998139835509E+00 a      1263     1    14     2    15
 -2.1643223728211780E-01 a      1264     1    14     2    16
  1.9484682264589706E+00 a      1265     1    15     2     1
  3.9155581770052311E-01 a      1266     1    15     2     2
 -1.8537305434617017E+00 a      1267     1    15     2     3
  2.3295665761416659E-01 a      1268     1    15     2     4
  7.5192479824157410E-01 a      1269     1    15     2     5
  1.8670999241648021E+00 a      1270     1    15     2     6
  8.7371241787387344E-01 a      1271     1    15     2     7
 -4.5159507167126384E-01 a      1272     1    15     2     8
 -1.1014449887849465E+00 a      1273     1    15     2     9
  5.2203001583743180E-01 a      1274     1    15     2    10
 -5.3368609601871075E-01 a      1275     1    15     2    11
 -3.9141875590515539E-02 a      1276     1    15     2    12
  8.5826050380712962E-02 a      1277     1    15     2    13
  6.5730285238992459E-01 a      1278     1    15     2    14
 -3.3249868805458198E+00 a      1279     1    15     2    15
 -5.5698148399682276E-02 a      1280     1    15     2    16
 -3.3194251260255708E-01 a      1281     1    16     2     1
  8.2041963833480624E-01 a      1282     1    16     2     2
 -5.6583910517672376E-01 a      1283     1    16     2     3
 -5.1682939622873525E-01 a      1284     1    16     2     4
  4.2860722132470011E-02 a      1285     1    16     2     5
  7.4244625433779887E-01 a      1286     1    16     2     6
  2.7523783464175278E-01 a      1287     1    16     2     7
  3.7150738721411697E-01 a      1288     1    16     2     8
 -7.2680512185279111E-01 a      1289     1    16     2     9
 -3.2454771770098373E-01 a      1290     1    16     2    10
  6.7007519389171222E-01 a      1291     1    16     2    11
  3.0548471141599831E-01 a      1292     1    16     2    12
  5.3257872095837067E-01 a      1293     1    16     2    13
  1.0524141758925338E+00 a      1294     1    16     2    14
  2.4220991177675852E+00 a      1295     1    16     2    15
 -1.0312104200028582E-01 a      1296     1    16     2    16
 -1.1382438743370245E+00 b      1297     2     1
  3.6102502055327518E-01 b      1298     2     2
  3.2096240721066613E+00 b      1299     2     3
 -9.9938281706246612E-01 b      1300     2     4
  6.8323876985578763E-02 b      1301     2     5
 -4.2476983667920933E+00 b      1302     2     6
 -1.0514146868580028E+00 b      1303     2     7
 -6.1544280541537488E-01 b      1304     2     8
 -1.5326634363099398E+00 b      1305     2     9
 -7.0822465543357316E-01 b      1306     2    10
  1.2441794043129019E-01 b      1307     2    11
 -3.5157888498571682E-01 b      1308     2    12
 -1.3828173138327180E+00 b      1309     2    13
 -1.2216929771843947E+00 b      1310     2    14
  6.3952236256181108E+00 b      1311     2    15
  8.9717787170290764E-01 b      1312     2    16
 -1.4837689325486040E-02 a      1313     2     1     3     1
 -1.1683672571954028E-01 a      1314     2     2     3     1
  6.7171020522202432E-02 a      1315     2     3     3     1
 -1.0167339596747642E+00 a      1316     2     4     3     1
  1.5079043294240269E-01 a      1317     2     5     3     1
  3.6509580823046762E-02 a      1318     2     6     3     1
 -7.1682812360842479E-02 a      1319     2     7     3     1
  9.4100767299589927E-01 a      1320     2     8     3     1
  3.3683762629394348E-02 a      1321     2     9     3     1
  7.9629326572208159E-01 a      1322     2    10     3     1
 -4.2976508825150236E-02 a      1323     2    11     3     1
  9.8275936505261585E-01 a      1324     2    12     3     1
 -4.2085074330104255E-01 a      1325     2    13     3     1
 -1.9013569050705995E-01 a      1326     2    14     3     1
  2.0780929179153858E-03 a      1327     2    15     3     1
 -3.6793105233684553E-01 a      1328     2    16     3     1
 -2.0256737829391228E-01 b      1329     3     1
