0.000000000000000000e+00 4.944238512331736274e+04
1.000000000000000000e+00 2.597906978082505347e+01
2.000000000000000000e+00 1.077521801418554226e+01
3.000000000000000000e+00 8.617066278087465392e+00
4.000000000000000000e+00 6.097382271002655507e+00
5.000000000000000000e+00 8.457697066089439275e+00
6.000000000000000000e+00 4.236893116130791448e+00
7.000000000000000000e+00 3.774321928677055737e+00
8.000000000000000000e+00 4.464717136093327987e+00
9.000000000000000000e+00 3.671750004469640505e+00
1.000000000000000000e+01 3.496848207947807818e+00
1.100000000000000000e+01 3.504491314274344127e+00
1.200000000000000000e+01 4.652925054488703971e+00
1.300000000000000000e+01 3.721497557373215859e+00
1.400000000000000000e+01 3.587246303181303553e+00
1.500000000000000000e+01 3.518370589529080217e+00
1.600000000000000000e+01 4.048557630767223969e+00
1.700000000000000000e+01 3.905696776311863960e+00
1.800000000000000000e+01 3.985443900465615918e+00
1.900000000000000000e+01 3.834100931080847818e+00
2.000000000000000000e+01 4.270410575104487627e+00
2.100000000000000000e+01 4.731350358453271454e+00
2.200000000000000000e+01 4.631105415748615783e+00
2.300000000000000000e+01 4.303226497387280247e+00
2.400000000000000000e+01 4.207227564619214988e+00
2.500000000000000000e+01 4.023954512346391788e+00
2.600000000000000000e+01 4.127257579230503737e+00
2.700000000000000000e+01 4.051377056686231271e+00
2.800000000000000000e+01 4.019141036207863671e+00
2.900000000000000000e+01 3.901571258383623064e+00
3.000000000000000000e+01 3.662963013193896167e+00
3.100000000000000000e+01 3.569655068612359816e+00
3.200000000000000000e+01 3.565680056849024115e+00
3.300000000000000000e+01 3.621427311753839806e+00
3.400000000000000000e+01 4.016758516270359181e+00
3.500000000000000000e+01 4.909069567251695076e+00
3.600000000000000000e+01 4.568870368247751834e+00
3.700000000000000000e+01 4.457451805410864054e+00
3.800000000000000000e+01 4.281229467634895869e+00
3.900000000000000000e+01 4.525775236813423419e+00
4.000000000000000000e+01 4.580036124290007393e+00
4.100000000000000000e+01 4.170838760405840340e+00
4.200000000000000000e+01 4.073672976280470870e+00
4.300000000000000000e+01 4.276806556490919675e+00
4.400000000000000000e+01 4.020835706780616192e+00
4.500000000000000000e+01 4.221405756927191888e+00
4.600000000000000000e+01 3.959239664210223886e+00
4.700000000000000000e+01 3.908133800651519607e+00
4.800000000000000000e+01 3.850358916679327503e+00
4.900000000000000000e+01 3.733490185741080047e+00
5.000000000000000000e+01 3.712776227167063681e+00
5.100000000000000000e+01 3.720765244607007194e+00
5.200000000000000000e+01 3.650685155098943646e+00
5.300000000000000000e+01 3.795102718410175324e+00
5.400000000000000000e+01 3.753066354715903774e+00
5.500000000000000000e+01 3.803790306500167695e+00
5.600000000000000000e+01 3.817277411288695799e+00
5.700000000000000000e+01 3.956983132980639972e+00
5.800000000000000000e+01 3.885275748286608266e+00
5.900000000000000000e+01 4.067124148550112395e+00
6.000000000000000000e+01 4.007029167555312021e+00
6.100000000000000000e+01 4.246931041940399609e+00
6.200000000000000000e+01 3.974798208394367371e+00
6.300000000000000000e+01 4.026275616190208240e+00
6.400000000000000000e+01 4.006890743244903241e+00
6.500000000000000000e+01 3.917212198638519549e+00
6.600000000000000000e+01 3.889387470043160100e+00
6.700000000000000000e+01 3.848661062374648001e+00
6.800000000000000000e+01 3.849062267020343153e+00
6.900000000000000000e+01 3.793023550981503345e+00
7.000000000000000000e+01 3.813759387508256271e+00
7.100000000000000000e+01 3.810212655717695185e+00
7.200000000000000000e+01 3.793586826630303666e+00
7.300000000000000000e+01 3.781665219974680081e+00
7.400000000000000000e+01 3.797988458471992068e+00
7.500000000000000000e+01 3.791273641299231834e+00
7.600000000000000000e+01 4.014658722612615804e+00
7.700000000000000000e+01 3.971801663576903785e+00
7.800000000000000000e+01 4.251225406506359938e+00
7.900000000000000000e+01 4.239418278143222807e+00
8.000000000000000000e+01 4.156215825237767447e+00
8.100000000000000000e+01 4.168458743915663511e+00
8.200000000000000000e+01 3.901285674908543832e+00
8.300000000000000000e+01 3.870857034555455378e+00
8.400000000000000000e+01 4.004114855540295892e+00
8.500000000000000000e+01 4.004149686111816209e+00
8.600000000000000000e+01 3.925983216831855138e+00
8.700000000000000000e+01 3.902188222093056158e+00
8.800000000000000000e+01 3.884421256406239475e+00
8.900000000000000000e+01 3.764301091616599315e+00
9.000000000000000000e+01 3.735683015120719652e+00
9.100000000000000000e+01 3.852851016860199707e+00
9.200000000000000000e+01 3.883456966591431136e+00
9.300000000000000000e+01 3.868560638648312455e+00
9.400000000000000000e+01 3.782424716913503904e+00
9.500000000000000000e+01 3.775541733387623555e+00
9.600000000000000000e+01 3.971205761478687979e+00
9.700000000000000000e+01 3.999184696987176046e+00
9.800000000000000000e+01 3.998406941209688092e+00
9.900000000000000000e+01 4.038078036983911545e+00
1.000000000000000000e+02 3.980382637464383588e+00
1.010000000000000000e+02 4.132883777774959633e+00
1.020000000000000000e+02 4.042743319925175882e+00
1.030000000000000000e+02 4.161725395790400128e+00
1.040000000000000000e+02 4.172124960893367707e+00
1.050000000000000000e+02 4.062702271438727308e+00
1.060000000000000000e+02 3.997868019749567736e+00
1.070000000000000000e+02 3.985329966400808388e+00
1.080000000000000000e+02 4.032915901382192025e+00
1.090000000000000000e+02 3.909943793069663887e+00
1.100000000000000000e+02 3.929342979202951724e+00
1.110000000000000000e+02 3.951533046513431735e+00
1.120000000000000000e+02 3.974976606227871745e+00
1.130000000000000000e+02 3.987302356358664035e+00
1.140000000000000000e+02 3.961828337592911975e+00
1.150000000000000000e+02 3.962682067554527343e+00
1.160000000000000000e+02 3.990833550448960043e+00
1.170000000000000000e+02 3.994153829101871889e+00
1.180000000000000000e+02 3.990558334511184579e+00
1.190000000000000000e+02 4.099592744727527105e+00
1.200000000000000000e+02 4.055904922138295454e+00
1.210000000000000000e+02 4.051392077370199907e+00
1.220000000000000000e+02 4.049084443161463653e+00
1.230000000000000000e+02 4.046359495167703102e+00
1.240000000000000000e+02 4.050105278232223327e+00
1.250000000000000000e+02 4.077569483200967682e+00
1.260000000000000000e+02 4.238186255521239509e+00
1.270000000000000000e+02 4.257774261448103559e+00
1.280000000000000000e+02 4.270710226865094938e+00
1.290000000000000000e+02 4.301966256560088020e+00
1.300000000000000000e+02 4.285782966210687661e+00
1.310000000000000000e+02 4.261377620128767418e+00
1.320000000000000000e+02 4.188551983609256624e+00
1.330000000000000000e+02 4.149737964796880618e+00
1.340000000000000000e+02 4.109501987902199893e+00
1.350000000000000000e+02 4.087440848129111792e+00
1.360000000000000000e+02 4.088783022433527314e+00
1.370000000000000000e+02 4.039498171903487922e+00
1.380000000000000000e+02 4.062883880215544252e+00
1.390000000000000000e+02 4.044050908560527624e+00
1.400000000000000000e+02 4.017472461352367574e+00
1.410000000000000000e+02 4.069027884186135147e+00
1.420000000000000000e+02 4.058102159762143835e+00
1.430000000000000000e+02 4.073235798185128154e+00
1.440000000000000000e+02 4.068262482376983513e+00
1.450000000000000000e+02 4.118943358540375854e+00
1.460000000000000000e+02 4.119888219427007670e+00
1.470000000000000000e+02 4.185145771405671233e+00
1.480000000000000000e+02 4.190611259516224152e+00
1.490000000000000000e+02 4.171395967916007308e+00
1.500000000000000000e+02 4.173670104911039402e+00
1.510000000000000000e+02 4.677630378867839056e+00
1.520000000000000000e+02 4.532787474413303208e+00
1.530000000000000000e+02 4.445865769542727719e+00
1.540000000000000000e+02 4.331153268672640166e+00
1.550000000000000000e+02 4.312406529893519469e+00
1.560000000000000000e+02 4.321567051837432061e+00
1.570000000000000000e+02 4.374833336017432295e+00
1.580000000000000000e+02 4.359648567403912267e+00
1.590000000000000000e+02 4.506928713889175597e+00
1.600000000000000000e+02 4.228360796197904392e+00
1.610000000000000000e+02 4.195364979455487031e+00
1.620000000000000000e+02 4.188538840510783956e+00
1.630000000000000000e+02 4.139595574484095764e+00
1.640000000000000000e+02 4.169207546780575591e+00
1.650000000000000000e+02 4.178777572842303556e+00
1.660000000000000000e+02 4.120787718936512078e+00
1.670000000000000000e+02 4.156895538398703849e+00
1.680000000000000000e+02 4.141962583932720321e+00
1.690000000000000000e+02 4.227211251280823312e+00
1.700000000000000000e+02 4.185173200480743816e+00
1.710000000000000000e+02 4.174549359150847572e+00
1.720000000000000000e+02 4.152837858450775244e+00
1.730000000000000000e+02 4.148922875000544686e+00
1.740000000000000000e+02 4.203911177194216364e+00
1.750000000000000000e+02 4.198842893655911901e+00
1.760000000000000000e+02 4.227921577248759277e+00
1.770000000000000000e+02 4.235888281353823004e+00
1.780000000000000000e+02 4.231642597953840124e+00
1.790000000000000000e+02 4.229071884084591559e+00
1.800000000000000000e+02 4.226418774144591772e+00
1.810000000000000000e+02 4.241036321458631519e+00
1.820000000000000000e+02 4.205728979279567348e+00
1.830000000000000000e+02 4.239924083349015937e+00
1.840000000000000000e+02 4.307822881104256041e+00
1.850000000000000000e+02 4.342576798155527662e+00
1.860000000000000000e+02 4.336852665840055465e+00
1.870000000000000000e+02 4.331032368493527684e+00
1.880000000000000000e+02 4.351924561632744215e+00
1.890000000000000000e+02 4.347847779293248394e+00
1.900000000000000000e+02 4.358202472823999862e+00
1.910000000000000000e+02 4.293928857279391664e+00
1.920000000000000000e+02 4.288453300956759584e+00
1.930000000000000000e+02 4.288950262462752683e+00
1.940000000000000000e+02 4.287677150650927693e+00
1.950000000000000000e+02 4.291646992251304304e+00
1.960000000000000000e+02 4.274655931967863864e+00
1.970000000000000000e+02 4.265571248151159622e+00
1.980000000000000000e+02 4.251306305950991238e+00
1.990000000000000000e+02 4.268713809255167746e+00
2.000000000000000000e+02 4.401777150478560330e+00
2.010000000000000000e+02 4.330214203810800022e+00
2.020000000000000000e+02 4.311712449121832158e+00
2.030000000000000000e+02 4.318272351885479310e+00
2.040000000000000000e+02 4.332791856582967505e+00
2.050000000000000000e+02 4.321899302836071932e+00
2.060000000000000000e+02 4.192781639504064017e+00
2.070000000000000000e+02 4.189348107070943961e+00
2.080000000000000000e+02 4.186306336933272476e+00
2.090000000000000000e+02 4.238826076793231756e+00
2.100000000000000000e+02 4.239560947429535709e+00
2.110000000000000000e+02 4.238108186060544291e+00
2.120000000000000000e+02 4.247726321849183861e+00
2.130000000000000000e+02 4.216655547256463521e+00
2.140000000000000000e+02 4.216731793554431285e+00
2.150000000000000000e+02 4.198846131810608284e+00
2.160000000000000000e+02 4.207171699647863861e+00
2.170000000000000000e+02 4.199257350245615861e+00
2.180000000000000000e+02 4.206138918779528169e+00
2.190000000000000000e+02 4.228268168646767577e+00
2.200000000000000000e+02 4.256334398275128272e+00
2.210000000000000000e+02 4.238872744316791952e+00
2.220000000000000000e+02 4.251564732464839125e+00
2.230000000000000000e+02 4.253262586769519515e+00
2.240000000000000000e+02 4.254982046913096561e+00
2.250000000000000000e+02 4.249543879032079197e+00
2.260000000000000000e+02 4.255595935736136148e+00
2.270000000000000000e+02 4.278179316390952280e+00
2.280000000000000000e+02 4.260338825544567776e+00
2.290000000000000000e+02 4.263901149458160234e+00
2.300000000000000000e+02 4.240653430074368124e+00
2.310000000000000000e+02 4.236167252462591293e+00
2.320000000000000000e+02 4.379378507909719609e+00
2.330000000000000000e+02 4.401021163808271908e+00
2.340000000000000000e+02 4.358381224405495580e+00
2.350000000000000000e+02 4.395582206797119973e+00
2.360000000000000000e+02 4.398577064508775614e+00
2.370000000000000000e+02 4.433375227270431651e+00
2.380000000000000000e+02 4.432850564575527841e+00
2.390000000000000000e+02 4.389701146430120104e+00
2.400000000000000000e+02 4.387569297762023979e+00
2.410000000000000000e+02 4.443286837835511704e+00
2.420000000000000000e+02 4.480183270417407826e+00
2.430000000000000000e+02 4.492852346580128220e+00
2.440000000000000000e+02 4.417626176186903564e+00
2.450000000000000000e+02 4.411006326744304040e+00
2.460000000000000000e+02 4.403046670387696260e+00
2.470000000000000000e+02 4.397218808276416091e+00
2.480000000000000000e+02 4.397476908253655559e+00
2.490000000000000000e+02 4.395473606163576186e+00
2.500000000000000000e+02 4.400748043147063804e+00
2.510000000000000000e+02 4.352067938415039805e+00
2.520000000000000000e+02 4.348508145160160154e+00
2.530000000000000000e+02 4.356948844363119910e+00
2.540000000000000000e+02 4.409542191016800672e+00
2.550000000000000000e+02 4.399260070247176024e+00
2.560000000000000000e+02 4.397926930122247668e+00
2.570000000000000000e+02 4.389985614238455902e+00
2.580000000000000000e+02 4.399211688406423626e+00
2.590000000000000000e+02 4.400760206635712102e+00
2.600000000000000000e+02 4.397292877663663724e+00
2.610000000000000000e+02 4.368587643104831386e+00
2.620000000000000000e+02 4.354353993996263661e+00
2.630000000000000000e+02 4.390067710983983851e+00
2.640000000000000000e+02 4.362438985987576068e+00
2.650000000000000000e+02 4.357165773516368468e+00
2.660000000000000000e+02 4.351317230753248388e+00
2.670000000000000000e+02 4.362806448517111413e+00
2.680000000000000000e+02 4.370556930964911935e+00
2.690000000000000000e+02 4.367355647694231457e+00
2.700000000000000000e+02 4.365394849785959153e+00
2.710000000000000000e+02 4.386115257457984029e+00
2.720000000000000000e+02 4.398303263562968191e+00
2.730000000000000000e+02 4.431472498455615749e+00
2.740000000000000000e+02 4.410130256236423740e+00
2.750000000000000000e+02 4.461890635214480483e+00
2.760000000000000000e+02 4.450297388329583548e+00
2.770000000000000000e+02 4.445726991484328039e+00
2.780000000000000000e+02 4.412855231441567661e+00
2.790000000000000000e+02 4.407963985167568488e+00
2.800000000000000000e+02 4.399898204413360325e+00
2.810000000000000000e+02 4.410238965715503667e+00
2.820000000000000000e+02 4.423367424462912645e+00
2.830000000000000000e+02 4.458171437672127979e+00
2.840000000000000000e+02 4.461771013970415645e+00
2.850000000000000000e+02 4.422016243190391549e+00
2.860000000000000000e+02 4.436544482742144524e+00
2.870000000000000000e+02 4.445597410873720179e+00
2.880000000000000000e+02 4.467512343880575720e+00
2.890000000000000000e+02 4.468520444023623917e+00
2.900000000000000000e+02 4.477878302924303888e+00
2.910000000000000000e+02 4.469360840407079927e+00
2.920000000000000000e+02 4.472141462892503583e+00
2.930000000000000000e+02 4.486852454099199861e+00
2.940000000000000000e+02 4.490908855112079934e+00
2.950000000000000000e+02 4.482651397368976554e+00
2.960000000000000000e+02 4.495519062212127714e+00
2.970000000000000000e+02 4.487674972603367785e+00
2.980000000000000000e+02 4.479427746340647332e+00
2.990000000000000000e+02 4.482777059540286935e+00
3.000000000000000000e+02 4.492650574167767807e+00
3.010000000000000000e+02 4.476849032324503597e+00
3.020000000000000000e+02 4.477816451448472179e+00
3.030000000000000000e+02 4.492592586708463287e+00
3.040000000000000000e+02 4.497730150430432339e+00
3.050000000000000000e+02 4.494403613159200006e+00
3.060000000000000000e+02 4.493197305295096200e+00
3.070000000000000000e+02 4.477968971255791963e+00
3.080000000000000000e+02 4.443374077532616262e+00
3.090000000000000000e+02 4.437470622196583392e+00
3.100000000000000000e+02 4.438772278750223954e+00
3.110000000000000000e+02 4.420211965162888390e+00
3.120000000000000000e+02 4.418481293929104048e+00
3.130000000000000000e+02 4.447347619881216296e+00
3.140000000000000000e+02 4.446367166504312074e+00
3.150000000000000000e+02 4.497023416365183657e+00
3.160000000000000000e+02 4.501420231791904314e+00
3.170000000000000000e+02 4.461531961961975767e+00
3.180000000000000000e+02 4.464537867495535828e+00
3.190000000000000000e+02 4.471664610599287215e+00
3.200000000000000000e+02 4.476041833829527583e+00
3.210000000000000000e+02 4.468434102302191846e+00
3.220000000000000000e+02 4.449766086056984093e+00
3.230000000000000000e+02 4.450723355334719855e+00
3.240000000000000000e+02 4.458372856336495715e+00
3.250000000000000000e+02 4.444486560544688381e+00
3.260000000000000000e+02 4.428006611686920557e+00
3.270000000000000000e+02 4.422440849626328330e+00
3.280000000000000000e+02 4.425813591827592042e+00
3.290000000000000000e+02 4.447321524163959872e+00
3.300000000000000000e+02 4.454086954510959373e+00
3.310000000000000000e+02 4.472961722851799493e+00
3.320000000000000000e+02 4.474634896431192388e+00
3.330000000000000000e+02 4.477743742630424073e+00
3.340000000000000000e+02 4.479356615782871920e+00
3.350000000000000000e+02 4.477554433031936121e+00
3.360000000000000000e+02 4.478059748432815290e+00
3.370000000000000000e+02 4.462932640741992252e+00
3.380000000000000000e+02 4.468665317432039430e+00
3.390000000000000000e+02 4.467299578069079402e+00
3.400000000000000000e+02 4.437680884560751160e+00
3.410000000000000000e+02 4.450239700195504078e+00
3.420000000000000000e+02 4.451421925984767825e+00
3.430000000000000000e+02 4.428540226927159651e+00
3.440000000000000000e+02 4.427155357961247262e+00
3.450000000000000000e+02 4.452393644507408155e+00
3.460000000000000000e+02 4.454251719441080226e+00
3.470000000000000000e+02 4.446178373922119675e+00
3.480000000000000000e+02 4.481934377400575542e+00
3.490000000000000000e+02 4.480607305414280539e+00
3.500000000000000000e+02 4.482769875734911480e+00
3.510000000000000000e+02 4.485962859533471736e+00
3.520000000000000000e+02 4.516964190674223723e+00
3.530000000000000000e+02 4.518526940457343599e+00
3.540000000000000000e+02 4.523716341865831936e+00
3.550000000000000000e+02 4.572231654456350824e+00
3.560000000000000000e+02 4.589885910590639995e+00
3.570000000000000000e+02 4.584698849361175554e+00
3.580000000000000000e+02 4.607895112017823536e+00
3.590000000000000000e+02 4.560948236389680055e+00
3.600000000000000000e+02 4.517778028746895380e+00
3.610000000000000000e+02 4.525733385704832301e+00
3.620000000000000000e+02 4.518944744047280082e+00
3.630000000000000000e+02 4.518642235091352433e+00
3.640000000000000000e+02 4.501776129483240574e+00
3.650000000000000000e+02 4.500152235720271676e+00
3.660000000000000000e+02 4.501335386696591279e+00
3.670000000000000000e+02 4.488279636767232184e+00
3.680000000000000000e+02 4.486120114121607827e+00
3.690000000000000000e+02 4.486590462894048059e+00
3.700000000000000000e+02 4.480554869077312929e+00
3.710000000000000000e+02 4.473252204376000130e+00
3.720000000000000000e+02 4.480060791978024426e+00
3.730000000000000000e+02 4.482797767403512879e+00
3.740000000000000000e+02 4.482148367724350990e+00
3.750000000000000000e+02 4.477976726500231486e+00
3.760000000000000000e+02 4.477132629368552053e+00
3.770000000000000000e+02 4.481934105286736525e+00
3.780000000000000000e+02 4.489833080257024100e+00
3.790000000000000000e+02 4.459790025215215614e+00
3.800000000000000000e+02 4.482594988169943839e+00
3.810000000000000000e+02 4.478531376140304054e+00
3.820000000000000000e+02 4.475481959603728299e+00
3.830000000000000000e+02 4.447456356571680480e+00
3.840000000000000000e+02 4.444984882619880118e+00
3.850000000000000000e+02 4.436463773777200359e+00
3.860000000000000000e+02 4.448909580534200714e+00
3.870000000000000000e+02 4.450169032231255706e+00
3.880000000000000000e+02 4.442005889145095310e+00
3.890000000000000000e+02 4.443360226938160018e+00
3.900000000000000000e+02 4.444637229977896453e+00
3.910000000000000000e+02 4.441389115915352015e+00
3.920000000000000000e+02 4.452845244636272071e+00
3.930000000000000000e+02 4.452602954473135810e+00
3.940000000000000000e+02 4.445418496023919808e+00
3.950000000000000000e+02 4.454930480203575627e+00
3.960000000000000000e+02 4.456498182458583202e+00
3.970000000000000000e+02 4.464983426697151536e+00
3.980000000000000000e+02 4.461272964009063813e+00
3.990000000000000000e+02 4.463299477409695903e+00
4.000000000000000000e+02 4.462994682697511983e+00
4.010000000000000000e+02 4.459205089304751901e+00
4.020000000000000000e+02 4.455565321792295030e+00
4.030000000000000000e+02 4.460066193551432079e+00
4.040000000000000000e+02 4.459688989346424215e+00
4.050000000000000000e+02 4.474826083615176309e+00
4.060000000000000000e+02 4.461726904316952513e+00
4.070000000000000000e+02 4.456639817712303220e+00
4.080000000000000000e+02 4.463330063005312098e+00
4.090000000000000000e+02 4.469546966273640010e+00
4.100000000000000000e+02 4.469176075109719370e+00
4.110000000000000000e+02 4.465221390250231792e+00
4.120000000000000000e+02 4.488375856221055393e+00
4.130000000000000000e+02 4.476764731456871260e+00
4.140000000000000000e+02 4.485253703655048163e+00
4.150000000000000000e+02 4.481656630804088159e+00
4.160000000000000000e+02 4.481701856124295169e+00
4.170000000000000000e+02 4.476800922597591992e+00
4.180000000000000000e+02 4.476224939232464450e+00
4.190000000000000000e+02 4.471679631283254963e+00
4.200000000000000000e+02 4.482959920040767265e+00
4.210000000000000000e+02 4.490739464246679802e+00
4.220000000000000000e+02 4.486995259442432271e+00
4.230000000000000000e+02 4.486136767488615895e+00
4.240000000000000000e+02 4.491700788020631663e+00
4.250000000000000000e+02 4.495493265820096340e+00
4.260000000000000000e+02 4.472639648910774923e+00
4.270000000000000000e+02 4.468453449596215599e+00
4.280000000000000000e+02 4.466478501768263776e+00
4.290000000000000000e+02 4.465890926353552004e+00
4.300000000000000000e+02 4.463977340196519705e+00
4.310000000000000000e+02 4.465627329676744139e+00
4.320000000000000000e+02 4.468956533663607900e+00
4.330000000000000000e+02 4.455871123325688465e+00
4.340000000000000000e+02 4.433158787922096167e+00
4.350000000000000000e+02 4.432933940256104322e+00
4.360000000000000000e+02 4.428806408685447948e+00
4.370000000000000000e+02 4.431140900530191828e+00
4.380000000000000000e+02 4.431392741889111697e+00
4.390000000000000000e+02 4.429148210879871428e+00
4.400000000000000000e+02 4.438151641503951694e+00
4.410000000000000000e+02 4.437197719226447568e+00
4.420000000000000000e+02 4.439650308477752105e+00
4.430000000000000000e+02 4.438576111882967190e+00
4.440000000000000000e+02 4.433613707839807461e+00
4.450000000000000000e+02 4.426437902610703468e+00
4.460000000000000000e+02 4.448666120281552061e+00
4.470000000000000000e+02 4.447925045449696135e+00
4.480000000000000000e+02 4.448336100616399946e+00
4.490000000000000000e+02 4.454842805124327398e+00
4.500000000000000000e+02 4.456592007310615777e+00
4.510000000000000000e+02 4.455802469003855570e+00
4.520000000000000000e+02 4.478076129685984341e+00
4.530000000000000000e+02 4.497845853235199698e+00
4.540000000000000000e+02 4.486314838785511405e+00
4.550000000000000000e+02 4.514876669350663896e+00
4.560000000000000000e+02 4.503284320441440336e+00
4.570000000000000000e+02 4.485222546620367901e+00
4.580000000000000000e+02 4.485368100313383621e+00
4.590000000000000000e+02 4.475038087507919649e+00
4.600000000000000000e+02 4.476102215890623626e+00
4.610000000000000000e+02 4.476651368831127797e+00
4.620000000000000000e+02 4.487470451841224062e+00
4.630000000000000000e+02 4.488327882551063297e+00
4.640000000000000000e+02 4.504932296279247517e+00
4.650000000000000000e+02 4.500690368050255685e+00
4.660000000000000000e+02 4.520589481730391768e+00
4.670000000000000000e+02 4.517542051624848121e+00
4.680000000000000000e+02 4.502766433381152567e+00
4.690000000000000000e+02 4.500454445350976052e+00
4.700000000000000000e+02 4.502286179664936050e+00
4.710000000000000000e+02 4.506559509831063792e+00
4.720000000000000000e+02 4.518429686970927506e+00
4.730000000000000000e+02 4.493410043895208261e+00
4.740000000000000000e+02 4.489930388166207820e+00
4.750000000000000000e+02 4.488457245470599766e+00
4.760000000000000000e+02 4.481759952429135829e+00
4.770000000000000000e+02 4.488199036647823270e+00
4.780000000000000000e+02 4.494647699273679464e+00
4.790000000000000000e+02 4.496557992853247754e+00
4.800000000000000000e+02 4.494522418061743352e+00
4.810000000000000000e+02 4.492070590729191792e+00
4.820000000000000000e+02 4.492457427764136035e+00
4.830000000000000000e+02 4.492525429012752092e+00
4.840000000000000000e+02 4.496051779476696098e+00
4.850000000000000000e+02 4.495260363584439034e+00
4.860000000000000000e+02 4.488481082642984177e+00
4.870000000000000000e+02 4.490608740757943806e+00
4.880000000000000000e+02 4.489503196648792382e+00
4.890000000000000000e+02 4.489209313701591597e+00
4.900000000000000000e+02 4.485645520373263473e+00
4.910000000000000000e+02 4.506086276651919853e+00
4.920000000000000000e+02 4.504922772294847277e+00
4.930000000000000000e+02 4.509051773280240205e+00
4.940000000000000000e+02 4.513770825916288310e+00
4.950000000000000000e+02 4.514234480688264384e+00
4.960000000000000000e+02 4.511350101195647611e+00
4.970000000000000000e+02 4.507565215372319578e+00
4.980000000000000000e+02 4.518624629325903364e+00
4.990000000000000000e+02 4.518593064120463687e+00
5.000000000000000000e+02 4.527186963415343435e+00
5.010000000000000000e+02 4.522358820340840246e+00
5.020000000000000000e+02 4.524068674865864281e+00
5.030000000000000000e+02 4.501370244479495852e+00
5.040000000000000000e+02 4.501322978305488220e+00
5.050000000000000000e+02 4.511644120199767016e+00
5.060000000000000000e+02 4.507473785122079413e+00
5.070000000000000000e+02 4.507230406503584419e+00
5.080000000000000000e+02 4.503649170678111879e+00
5.090000000000000000e+02 4.500255094751792306e+00
5.100000000000000000e+02 4.507380912668487838e+00
5.110000000000000000e+02 4.507175466719287371e+00
5.120000000000000000e+02 4.504565514034311491e+00
5.130000000000000000e+02 4.510105561337023339e+00
5.140000000000000000e+02 4.512344786126384122e+00
5.150000000000000000e+02 4.535336827346112543e+00
5.160000000000000000e+02 4.532908701129024109e+00
5.170000000000000000e+02 4.524223208315599543e+00
5.180000000000000000e+02 4.521980690948775639e+00
5.190000000000000000e+02 4.517341204399543564e+00
5.200000000000000000e+02 4.517589889237920708e+00
5.210000000000000000e+02 4.529719254810383511e+00
5.220000000000000000e+02 4.516942503201176073e+00
5.230000000000000000e+02 4.511199894355967466e+00
5.240000000000000000e+02 4.514121199696671916e+00
5.250000000000000000e+02 4.511852015173527519e+00
5.260000000000000000e+02 4.509062739467990966e+00
5.270000000000000000e+02 4.505088462412023986e+00
5.280000000000000000e+02 4.505750025579831508e+00
5.290000000000000000e+02 4.504337918018535447e+00
5.300000000000000000e+02 4.503035254643688035e+00
5.310000000000000000e+02 4.504679883481263580e+00
5.320000000000000000e+02 4.498023570784103420e+00
5.330000000000000000e+02 4.496097576235968063e+00
5.340000000000000000e+02 4.496481011847911269e+00
5.350000000000000000e+02 4.492832400635656143e+00
5.360000000000000000e+02 4.494631726191272492e+00
5.370000000000000000e+02 4.498301562283048227e+00
5.380000000000000000e+02 4.498832293116583614e+00
5.390000000000000000e+02 4.494543207559120290e+00
5.400000000000000000e+02 4.485542552496207591e+00
5.410000000000000000e+02 4.483747880087255666e+00
5.420000000000000000e+02 4.486136685854464012e+00
5.430000000000000000e+02 4.498256364174223698e+00
5.440000000000000000e+02 4.497138955901648139e+00
5.450000000000000000e+02 4.495645540724959588e+00
5.460000000000000000e+02 4.494226929642888280e+00
5.470000000000000000e+02 4.494842804896959088e+00
5.480000000000000000e+02 4.496675981414272272e+00
5.490000000000000000e+02 4.493947223826751269e+00
5.500000000000000000e+02 4.485419557040527749e+00
5.510000000000000000e+02 4.478684957191600091e+00
5.520000000000000000e+02 4.464884458893544128e+00
5.530000000000000000e+02 4.468140627525752251e+00
5.540000000000000000e+02 4.476674471296143487e+00
5.550000000000000000e+02 4.474048300626304098e+00
5.560000000000000000e+02 4.484181357434375848e+00
5.570000000000000000e+02 4.496040786077559304e+00
5.580000000000000000e+02 4.485238846239383292e+00
5.590000000000000000e+02 4.487726456541896169e+00
5.600000000000000000e+02 4.492387494507255497e+00
5.610000000000000000e+02 4.493696688614264190e+00
5.620000000000000000e+02 4.485956682549304020e+00
5.630000000000000000e+02 4.484517145912935376e+00
5.640000000000000000e+02 4.484261222846416040e+00
5.650000000000000000e+02 4.478880253294567737e+00
5.660000000000000000e+02 4.476191197116303755e+00
5.670000000000000000e+02 4.483238292499088118e+00
5.680000000000000000e+02 4.482278166026032018e+00
5.690000000000000000e+02 4.484770538320743682e+00
5.700000000000000000e+02 4.469061515183079258e+00
5.710000000000000000e+02 4.482385297244840139e+00
5.720000000000000000e+02 4.487235318272079887e+00
5.730000000000000000e+02 4.482980029253543997e+00
5.740000000000000000e+02 4.471849838490176587e+00
5.750000000000000000e+02 4.478509171650959964e+00
5.760000000000000000e+02 4.479004609319447994e+00
5.770000000000000000e+02 4.477575576277303959e+00
5.780000000000000000e+02 4.477227488253175736e+00
5.790000000000000000e+02 4.476948299453336055e+00
5.800000000000000000e+02 4.493111779915183845e+00
5.810000000000000000e+02 4.497792491711175344e+00
5.820000000000000000e+02 4.497826941323319616e+00
5.830000000000000000e+02 4.496411840509783708e+00
5.840000000000000000e+02 4.495096523841376701e+00
5.850000000000000000e+02 4.503782397614176425e+00
5.860000000000000000e+02 4.501187003019640365e+00
5.870000000000000000e+02 4.501799857810087957e+00
5.880000000000000000e+02 4.502447379903751212e+00
5.890000000000000000e+02 4.501969194252719575e+00
5.900000000000000000e+02 4.504467308149456173e+00
5.910000000000000000e+02 4.513521215890855309e+00
5.920000000000000000e+02 4.519532890901055922e+00
5.930000000000000000e+02 4.517974005134464122e+00
5.940000000000000000e+02 4.518470286355856125e+00
5.950000000000000000e+02 4.517408171615567625e+00
5.960000000000000000e+02 4.521257466784823542e+00
5.970000000000000000e+02 4.531971541064064191e+00
5.980000000000000000e+02 4.548407053731759575e+00
5.990000000000000000e+02 4.583687456640664237e+00
6.000000000000000000e+02 4.572047977614351666e+00
6.010000000000000000e+02 4.566602952464568155e+00
6.020000000000000000e+02 4.553813329870727955e+00
6.030000000000000000e+02 4.547994148190943164e+00
6.040000000000000000e+02 4.547101016145296271e+00
6.050000000000000000e+02 4.542013548581271820e+00
6.060000000000000000e+02 4.539729615488000469e+00
6.070000000000000000e+02 4.539821481120384306e+00
6.080000000000000000e+02 4.549770371281543824e+00
6.090000000000000000e+02 4.553500099629503417e+00
6.100000000000000000e+02 4.553326681479272331e+00
6.110000000000000000e+02 4.555165109793694711e+00
6.120000000000000000e+02 4.555960471336631734e+00
6.130000000000000000e+02 4.554314699620928053e+00
6.140000000000000000e+02 4.554118396696752669e+00
6.150000000000000000e+02 4.556793874394399424e+00
6.160000000000000000e+02 4.547041423214335687e+00
6.170000000000000000e+02 4.545479761886575432e+00
6.180000000000000000e+02 4.545167892214552197e+00
6.190000000000000000e+02 4.541033965968655828e+00
6.200000000000000000e+02 4.525203307944511977e+00
6.210000000000000000e+02 4.524732523789928074e+00
6.220000000000000000e+02 4.521429606000008761e+00
6.230000000000000000e+02 4.528307228883239333e+00
6.240000000000000000e+02 4.531055796358312016e+00
6.250000000000000000e+02 4.528940519423071187e+00
6.260000000000000000e+02 4.524719625593911942e+00
6.270000000000000000e+02 4.534340673000639477e+00
6.280000000000000000e+02 4.533648986830743688e+00
6.290000000000000000e+02 4.533879412830455813e+00
6.300000000000000000e+02 4.533532767009679887e+00
6.310000000000000000e+02 4.534374333482647401e+00
6.320000000000000000e+02 4.525499014054439328e+00
6.330000000000000000e+02 4.522011330967160347e+00
6.340000000000000000e+02 4.521777149796455397e+00
6.350000000000000000e+02 4.519521353274240205e+00
6.360000000000000000e+02 4.518022468609368403e+00
6.370000000000000000e+02 4.514232439834464650e+00
6.380000000000000000e+02 4.512573280117831764e+00
6.390000000000000000e+02 4.517232331652159871e+00
6.400000000000000000e+02 4.514091049483200280e+00
6.410000000000000000e+02 4.515602941189623465e+00
6.420000000000000000e+02 4.513025669376832028e+00
6.430000000000000000e+02 4.500091499911183845e+00
6.440000000000000000e+02 4.496789180771711969e+00
6.450000000000000000e+02 4.515097952325351827e+00
6.460000000000000000e+02 4.520930603640215928e+00
6.470000000000000000e+02 4.519270491525143818e+00
6.480000000000000000e+02 4.523789812602632132e+00
6.490000000000000000e+02 4.529290729935151916e+00
6.500000000000000000e+02 4.527286284966943519e+00
6.510000000000000000e+02 4.520530623506799017e+00
6.520000000000000000e+02 4.516917278248207879e+00
6.530000000000000000e+02 4.517190371698031726e+00
6.540000000000000000e+02 4.523697538799487994e+00
6.550000000000000000e+02 4.524923057900696044e+00
6.560000000000000000e+02 4.533589965338848060e+00
6.570000000000000000e+02 4.541632398725583997e+00
6.580000000000000000e+02 4.554172111968767922e+00
6.590000000000000000e+02 4.551441939389279767e+00
6.600000000000000000e+02 4.544813219035495955e+00
6.610000000000000000e+02 4.551269174312263743e+00
6.620000000000000000e+02 4.550189889188672510e+00
6.630000000000000000e+02 4.548561723238416121e+00
6.640000000000000000e+02 4.545850408148040422e+00
6.650000000000000000e+02 4.545644363548391631e+00
6.660000000000000000e+02 4.543662966622432187e+00
6.670000000000000000e+02 4.519978232411600239e+00
6.680000000000000000e+02 4.519806746269632747e+00
6.690000000000000000e+02 4.521804361180456588e+00
6.700000000000000000e+02 4.518249955779608307e+00
6.710000000000000000e+02 4.516013397705879839e+00
6.720000000000000000e+02 4.520048464993704052e+00
6.730000000000000000e+02 4.512958266778664296e+00
