################################################################################
# Neural network connection values (weights and biases).
################################################################################
# Col  Name       Description
################################################################################
# 1    connection Neural network connection value.
# 2    t          Connection type (a = weight, b = bias).
# 3    index      Index enumerating weights.
# 4    l_s        Starting point layer (end point layer for biases).
# 5    n_s        Starting point neuron in starting layer (end point neuron for biases).
# 6    l_e        End point layer.
# 7    n_e        End point neuron in end layer.
################################################################################
#                      1 2         3     4     5     6     7
#             connection t     index   l_s   n_s   l_e   n_e
############################################################
  1.6967198512089516E+00 a         1     0     1     1     1
  7.6408322462164824E+00 a         2     0     1     1     2
 -2.3733437455682513E+00 a         3     0     1     1     3
 -3.2118853811460499E+00 a         4     0     1     1     4
 -8.9101923345765199E-01 a         5     0     1     1     5
 -1.2762727804321464E+01 a         6     0     1     1     6
  7.1796663324106831E+00 a         7     0     1     1     7
 -1.3567325971078286E+00 a         8     0     1     1     8
 -1.1970136356965997E+00 a         9     0     1     1     9
  3.5909417263584462E+00 a        10     0     1     1    10
  1.6244122996239017E+00 a        11     0     1     1    11
  6.5072136612193743E-01 a        12     0     1     1    12
 -8.5161275901745759E-01 a        13     0     1     1    13
 -3.3008287212335583E+00 a        14     0     1     1    14
  1.4893368144884795E+00 a        15     0     2     1     1
 -4.7176633481810368E+00 a        16     0     2     1     2
 -4.1422221661968921E+00 a        17     0     2     1     3
  4.1761805567315822E+00 a        18     0     2     1     4
 -8.9573773189957357E+00 a        19     0     2     1     5
 -4.0260528626718193E+00 a        20     0     2     1     6
  2.5974278337260905E+00 a        21     0     2     1     7
  1.9194943681700449E+00 a        22     0     2     1     8
 -3.9887841924231604E+00 a        23     0     2     1     9
  9.1228036326524045E+00 a        24     0     2     1    10
 -8.6191586908566276E+00 a        25     0     2     1    11
 -3.4783921456216776E-01 a        26     0     2     1    12
  1.1733778111640822E+00 a        27     0     2     1    13
  2.8278973375726117E+00 a        28     0     2     1    14
 -1.4627222065251400E+01 a        29     0     3     1     1
 -6.9526241472682893E+00 a        30     0     3     1     2
 -1.3846999945188723E+00 a        31     0     3     1     3
  1.6070766679637245E+01 a        32     0     3     1     4
 -1.4318996474590667E+01 a        33     0     3     1     5
 -1.5594440288471475E+01 a        34     0     3     1     6
 -2.8523017252206319E+01 a        35     0     3     1     7
 -8.7111243032360832E+00 a        36     0     3     1     8
  7.7595365420344882E+00 a        37     0     3     1     9
 -1.5324392773914361E+01 a        38     0     3     1    10
 -2.3880374286647843E+01 a        39     0     3     1    11
  2.3294988805661120E+01 a        40     0     3     1    12
 -1.1657952910764493E+00 a        41     0     3     1    13
  1.1798559216946658E-01 a        42     0     3     1    14
  3.1894090774712520E+01 a        43     0     4     1     1
  1.0957494702486903E+01 a        44     0     4     1     2
 -2.0530070026097405E+01 a        45     0     4     1     3
 -3.2509605483754122E+01 a        46     0     4     1     4
  6.5150321930636927E+00 a        47     0     4     1     5
  1.3877369684433285E+01 a        48     0     4     1     6
  3.2607104631067507E+01 a        49     0     4     1     7
  1.0940741682084511E+01 a        50     0     4     1     8
  8.8471121417342733E+00 a        51     0     4     1     9
  2.8665456418191955E+01 a        52     0     4     1    10
  2.3612868418175079E+01 a        53     0     4     1    11
 -5.6471895295601115E+01 a        54     0     4     1    12
 -1.4799343647559780E+01 a        55     0     4     1    13
  2.0826711339040408E+01 a        56     0     4     1    14
 -3.4051959247773234E-01 a        57     0     5     1     1
 -5.0365108752968597E+00 a        58     0     5     1     2
  2.0460824558364266E+00 a        59     0     5     1     3
  3.1237743752715241E+00 a        60     0     5     1     4
  4.1701213780610447E-01 a        61     0     5     1     5
  2.4627296833587171E+00 a        62     0     5     1     6
 -1.5602308979171853E+00 a        63     0     5     1     7
  2.6042301153217640E+00 a        64     0     5     1     8
  1.3107373610789350E+00 a        65     0     5     1     9
 -1.0256549906008118E-01 a        66     0     5     1    10
 -4.0658054200831163E-02 a        67     0     5     1    11
  1.2921233432123147E-01 a        68     0     5     1    12
 -4.5677193828235146E-01 a        69     0     5     1    13
  6.7386173039627448E-02 a        70     0     5     1    14
 -9.9630150900390801E-01 a        71     0     6     1     1
  4.9127953416474518E-01 a        72     0     6     1     2
  2.5688037119047995E+00 a        73     0     6     1     3
  6.3332669124584295E-01 a        74     0     6     1     4
  3.1918018779609292E+00 a        75     0     6     1     5
 -4.3517303718843386E-01 a        76     0     6     1     6
 -1.2020592990548966E+00 a        77     0     6     1     7
  3.7580260676298305E-01 a        78     0     6     1     8
  3.5207915148235620E+00 a        79     0     6     1     9
 -3.8589737017859065E+00 a        80     0     6     1    10
  4.5025112995297869E+00 a        81     0     6     1    11
 -6.9082217107113875E-02 a        82     0     6     1    12
 -2.1613284479149995E+00 a        83     0     6     1    13
 -1.5283687635637770E+00 a        84     0     6     1    14
 -2.5981728805532267E+01 a        85     0     7     1     1
 -1.9146489879706657E+01 a        86     0     7     1     2
  2.8096361943563192E+01 a        87     0     7     1     3
  4.2296520728772066E+01 a        88     0     7     1     4
 -2.3520600047508546E+00 a        89     0     7     1     5
 -1.1078932671687156E+01 a        90     0     7     1     6
 -1.3090721098322001E+01 a        91     0     7     1     7
 -7.0889201385985432E+00 a        92     0     7     1     8
 -1.9871547251987110E+01 a        93     0     7     1     9
 -1.6508232280795212E+01 a        94     0     7     1    10
 -8.7653633299231331E+00 a        95     0     7     1    11
  5.8766429112737264E+01 a        96     0     7     1    12
  2.4929589138704721E+01 a        97     0     7     1    13
 -3.1550633538975003E+01 a        98     0     7     1    14
  1.1278751046323761E+01 a        99     0     8     1     1
  1.1535235595060341E+01 a       100     0     8     1     2
 -1.2912746958597015E+01 a       101     0     8     1     3
 -2.5185646097030627E+01 a       102     0     8     1     4
  1.8929591070295020E+00 a       103     0     8     1     5
  4.8110192784898107E+00 a       104     0     8     1     6
  2.6989015771103579E+00 a       105     0     8     1     7
  3.6892652377447543E+00 a       106     0     8     1     8
  1.1613424573982753E+01 a       107     0     8     1     9
  3.1937782163993638E+00 a       108     0     8     1    10
  4.5343736912300887E+00 a       109     0     8     1    11
 -3.1647017667328850E+01 a       110     0     8     1    12
 -1.5476339029906450E+01 a       111     0     8     1    13
  1.8069967852007675E+01 a       112     0     8     1    14
 -2.0222770327312367E+00 a       113     0     9     1     1
 -7.7987401985312621E+00 a       114     0     9     1     2
 -8.0179428030232121E+00 a       115     0     9     1     3
 -1.3332682548040374E+01 a       116     0     9     1     4
 -1.3096059275227219E+01 a       117     0     9     1     5
  3.6580957810067019E+01 a       118     0     9     1     6
 -3.4793839697823266E+01 a       119     0     9     1     7
  8.9294228439488188E-01 a       120     0     9     1     8
 -2.2925302273842291E+01 a       121     0     9     1     9
 -2.1956976662479626E+01 a       122     0     9     1    10
 -1.4567294377289187E+01 a       123     0     9     1    11
 -2.2553787716570275E+00 a       124     0     9     1    12
  8.0691510932351296E+00 a       125     0     9     1    13
 -8.2973839929639155E+00 a       126     0     9     1    14
 -8.6865465676947462E+00 a       127     0    10     1     1
  3.3971213408962278E+01 a       128     0    10     1     2
  4.0253209119563182E+00 a       129     0    10     1     3
  8.5926969431648601E+00 a       130     0    10     1     4
  1.5067359564098583E+01 a       131     0    10     1     5
  7.9739007395529846E+00 a       132     0    10     1     6
 -2.0457788344715023E+01 a       133     0    10     1     7
 -8.7243046283253083E+00 a       134     0    10     1     8
 -1.1083494709488036E+01 a       135     0    10     1     9
 -7.8464267965205829E+00 a       136     0    10     1    10
  8.2929273483159249E-01 a       137     0    10     1    11
  1.6257722094199401E-01 a       138     0    10     1    12
  5.1119140737825361E+00 a       139     0    10     1    13
  3.4395015079041067E+00 a       140     0    10     1    14
 -3.0205365366970700E+01 a       141     0    11     1     1
  4.9905149962096074E+00 a       142     0    11     1     2
  1.6030335590077545E+01 a       143     0    11     1     3
  7.1331705986379408E+00 a       144     0    11     1     4
  3.2328410481899972E+01 a       145     0    11     1     5
  2.7818180429407057E+01 a       146     0    11     1     6
  2.1325373577156164E+00 a       147     0    11     1     7
  4.3016910750593198E+01 a       148     0    11     1     8
 -3.4658864827512311E+01 a       149     0    11     1     9
  4.4710241294317656E+00 a       150     0    11     1    10
  1.5915815582030937E+01 a       151     0    11     1    11
  2.8780674217357110E+01 a       152     0    11     1    12
  9.9178553329059245E+00 a       153     0    11     1    13
 -3.1228688493984951E+01 a       154     0    11     1    14
  7.5296596321855134E+00 a       155     0    12     1     1
 -1.1551481918968578E+01 a       156     0    12     1     2
  2.9650187571307285E+01 a       157     0    12     1     3
 -1.6642424832658733E+01 a       158     0    12     1     4
  4.9017028924186036E+01 a       159     0    12     1     5
  3.8202735379348042E+01 a       160     0    12     1     6
 -3.1649395191910145E+01 a       161     0    12     1     7
 -9.4914790251852565E+00 a       162     0    12     1     8
  1.6892072218900982E+01 a       163     0    12     1     9
 -4.7470300191807823E+01 a       164     0    12     1    10
 -6.4489529662354608E+00 a       165     0    12     1    11
 -2.2023343107952269E+00 a       166     0    12     1    12
  2.1646222493014850E+01 a       167     0    12     1    13
  8.5237259744579008E-01 a       168     0    12     1    14
  1.4130993481612710E+00 a       169     0    13     1     1
  1.5590108083888479E+01 a       170     0    13     1     2
 -6.3381564347086803E+00 a       171     0    13     1     3
  2.9560069760130636E+00 a       172     0    13     1     4
 -4.8746729639547688E+00 a       173     0    13     1     5
 -3.3220245928556156E+00 a       174     0    13     1     6
  1.7401128745526953E+00 a       175     0    13     1     7
 -2.0791477523611137E+00 a       176     0    13     1     8
 -1.2292780520652832E+01 a       177     0    13     1     9
  1.9544733068061253E+00 a       178     0    13     1    10
 -1.1387179298790258E+01 a       179     0    13     1    11
  1.7807617085308045E+00 a       180     0    13     1    12
  1.4500838422141639E+01 a       181     0    13     1    13
  3.8979570050429611E+00 a       182     0    13     1    14
 -4.7682384810596965E+01 a       183     0    14     1     1
 -1.7126563202040401E+01 a       184     0    14     1     2
  6.0239482376155394E+01 a       185     0    14     1     3
  2.9975338302068479E+01 a       186     0    14     1     4
  7.3273044856574899E+01 a       187     0    14     1     5
 -7.1728007524557116E+00 a       188     0    14     1     6
  3.3974393301548368E+01 a       189     0    14     1     7
 -1.9740110388315820E+01 a       190     0    14     1     8
 -7.5500017217131727E+01 a       191     0    14     1     9
 -1.7010171795069176E+01 a       192     0    14     1    10
  7.4791676218326032E+01 a       193     0    14     1    11
  8.1848952421907004E+00 a       194     0    14     1    12
 -1.3960154850016689E+01 a       195     0    14     1    13
 -5.8486102717961181E+01 a       196     0    14     1    14
  1.0599651297583237E+00 a       197     0    15     1     1
  5.3487867181294559E+00 a       198     0    15     1     2
  7.6578897476975119E+00 a       199     0    15     1     3
 -5.9391697437131379E+00 a       200     0    15     1     4
  8.7040087397096304E+00 a       201     0    15     1     5
  4.3339365186580531E-01 a       202     0    15     1     6
  4.5527470791137259E-01 a       203     0    15     1     7
  1.8420993076911480E+00 a       204     0    15     1     8
  1.6378169723060774E+00 a       205     0    15     1     9
 -7.5125029884955667E+00 a       206     0    15     1    10
  1.1171708850983926E+00 a       207     0    15     1    11
 -1.3044692745115654E+00 a       208     0    15     1    12
  3.7113205847834454E+00 a       209     0    15     1    13
 -3.6557253522187838E+00 a       210     0    15     1    14
 -2.8535348114022905E+00 a       211     0    16     1     1
  4.5403985273579535E+00 a       212     0    16     1     2
 -4.3692585843552951E+00 a       213     0    16     1     3
 -6.8543955066477213E-01 a       214     0    16     1     4
 -5.6033154358023718E-01 a       215     0    16     1     5
 -3.1853805819830865E+00 a       216     0    16     1     6
 -4.5879582776681183E+00 a       217     0    16     1     7
 -3.8157064031276966E+00 a       218     0    16     1     8
 -2.2551724178282826E+00 a       219     0    16     1     9
 -3.8364119947591333E+00 a       220     0    16     1    10
 -6.0998814353352655E+00 a       221     0    16     1    11
 -3.8413246815833877E+00 a       222     0    16     1    12
  4.1788398878890138E+00 a       223     0    16     1    13
  6.0024375451679903E+00 a       224     0    16     1    14
 -5.2530864567663471E+00 a       225     0    17     1     1
 -1.7472880753444549E+01 a       226     0    17     1     2
 -1.0950013152429328E+00 a       227     0    17     1     3
  6.6983917763976830E+00 a       228     0    17     1     4
  6.5731245455674692E-01 a       229     0    17     1     5
 -4.5840220793020210E+00 a       230     0    17     1     6
 -1.6900738508937594E+00 a       231     0    17     1     7
  3.9030646048956039E+00 a       232     0    17     1     8
 -4.8623154530395096E+00 a       233     0    17     1     9
  1.0172253614543887E-01 a       234     0    17     1    10
  2.0736334660817901E+00 a       235     0    17     1    11
 -2.6218092350211397E+00 a       236     0    17     1    12
 -2.7274332755673227E+00 a       237     0    17     1    13
 -5.6153230430372658E-01 a       238     0    17     1    14
 -1.1260243830249870E+01 a       239     0    18     1     1
  1.6786563516398687E+01 a       240     0    18     1     2
  2.7756908237136528E+01 a       241     0    18     1     3
  6.4998513128336725E+01 a       242     0    18     1     4
  4.4983404251114415E+01 a       243     0    18     1     5
 -2.7690018115546309E+01 a       244     0    18     1     6
  2.8545038882124803E+01 a       245     0    18     1     7
 -5.7459161699914931E+00 a       246     0    18     1     8
  5.9716264472705731E+01 a       247     0    18     1     9
  3.7619117345890658E+01 a       248     0    18     1    10
  1.6983928600779805E+01 a       249     0    18     1    11
 -7.0778777081761604E+00 a       250     0    18     1    12
 -2.7868954771148363E+01 a       251     0    18     1    13
  5.1397367364728900E+01 a       252     0    18     1    14
  7.2379694921647229E+00 a       253     0    19     1     1
 -6.5588428442839344E+01 a       254     0    19     1     2
  8.4314443382689781E+00 a       255     0    19     1     3
 -9.1787217985528340E+00 a       256     0    19     1     4
 -1.0587262975818826E+01 a       257     0    19     1     5
 -2.5249385056873668E+00 a       258     0    19     1     6
  1.6360016430695968E+01 a       259     0    19     1     7
  1.2128011385164138E+01 a       260     0    19     1     8
  3.3532018257799095E+01 a       261     0    19     1     9
  3.9215817113064770E+00 a       262     0    19     1    10
  1.7920763349193596E+01 a       263     0    19     1    11
 -7.2902576765848692E-01 a       264     0    19     1    12
 -2.9369738104815738E+01 a       265     0    19     1    13
 -6.0849309118101749E+00 a       266     0    19     1    14
  6.5771101630287134E+01 a       267     0    20     1     1
  4.4713408214926766E+01 a       268     0    20     1     2
  1.8457869540325500E+01 a       269     0    20     1     3
 -1.1548993534668606E+01 a       270     0    20     1     4
 -2.2949974299920004E+01 a       271     0    20     1     5
 -1.7396791928638642E+01 a       272     0    20     1     6
  2.4813539286513674E+01 a       273     0    20     1     7
 -1.1578326857995114E+02 a       274     0    20     1     8
  4.5901552067839894E+01 a       275     0    20     1     9
 -9.7440704510711864E+00 a       276     0    20     1    10
  9.9889056302002697E+00 a       277     0    20     1    11
 -7.9992006516006981E+01 a       278     0    20     1    12
 -1.9356509170988112E+01 a       279     0    20     1    13
  5.1771145836922926E+01 a       280     0    20     1    14
  9.1509583412657181E-01 a       281     0    21     1     1
 -1.2251869219038751E+01 a       282     0    21     1     2
 -3.0218109637014642E+01 a       283     0    21     1     3
 -1.3917956263770085E+01 a       284     0    21     1     4
 -4.1863062461952680E+01 a       285     0    21     1     5
  1.2067021425162245E+00 a       286     0    21     1     6
 -7.9880522823581557E-01 a       287     0    21     1     7
  1.9463423083875295E+00 a       288     0    21     1     8
 -2.6428816158586493E+01 a       289     0    21     1     9
  7.4011843784912115E+00 a       290     0    21     1    10
 -6.8054020418467802E+00 a       291     0    21     1    11
  3.3793046850227029E+00 a       292     0    21     1    12
 -2.6704732533875255E+00 a       293     0    21     1    13
 -1.4841092935283074E+01 a       294     0    21     1    14
 -9.3187390784670043E+00 a       295     0    22     1     1
  9.3671862571058533E+00 a       296     0    22     1     2
 -2.4806633380017423E+01 a       297     0    22     1     3
 -1.4027441603173344E+01 a       298     0    22     1     4
 -7.2821675365279459E+00 a       299     0    22     1     5
  1.7711847426686155E+01 a       300     0    22     1     6
 -1.5372548371895707E+01 a       301     0    22     1     7
  5.6492534709058297E+01 a       302     0    22     1     8
  5.8524263466297892E+00 a       303     0    22     1     9
  9.4058341459265016E+00 a       304     0    22     1    10
 -2.8347971159298659E+01 a       305     0    22     1    11
  3.2068572703694997E+01 a       306     0    22     1    12
  1.3545516344822047E+01 a       307     0    22     1    13
 -4.8858697798084236E+00 a       308     0    22     1    14
  2.3424467549749308E+00 a       309     0    23     1     1
  1.5076169703277114E+00 a       310     0    23     1     2
  5.1368511083595454E+00 a       311     0    23     1     3
 -9.3751096238662779E+00 a       312     0    23     1     4
 -2.2704030636108707E+00 a       313     0    23     1     5
 -3.0450062563731906E+00 a       314     0    23     1     6
  2.3107800651489403E+00 a       315     0    23     1     7
  5.4163287625483827E+00 a       316     0    23     1     8
 -4.8752330264881634E+00 a       317     0    23     1     9
 -3.5072233299537006E+00 a       318     0    23     1    10
  6.8898690360038561E-01 a       319     0    23     1    11
 -7.9247480154692004E-02 a       320     0    23     1    12
  3.2671323618949990E+00 a       321     0    23     1    13
 -1.0287820267391872E+01 a       322     0    23     1    14
 -3.1138812340428557E-01 a       323     0    24     1     1
  4.6676926921942377E+00 a       324     0    24     1     2
  3.1864597510380244E+00 a       325     0    24     1     3
 -3.0315088397306913E+00 a       326     0    24     1     4
 -5.5638544614474716E-01 a       327     0    24     1     5
 -5.7399711838098177E+00 a       328     0    24     1     6
 -1.8757838050987019E+00 a       329     0    24     1     7
 -1.9970315789111004E-01 a       330     0    24     1     8
 -3.1946792069016801E+00 a       331     0    24     1     9
 -7.4166801559641204E-01 a       332     0    24     1    10
 -1.8153267777895354E+00 a       333     0    24     1    11
 -2.3278343056606507E+00 a       334     0    24     1    12
  3.8062472548925608E+00 a       335     0    24     1    13
 -1.9108776088312189E+00 a       336     0    24     1    14
 -3.9042131217563534E+00 a       337     0    25     1     1
 -1.0873179811190743E+01 a       338     0    25     1     2
  5.8528203986037952E-01 a       339     0    25     1     3
  2.4703756702670812E+00 a       340     0    25     1     4
 -1.8670025675885717E+00 a       341     0    25     1     5
  6.4394196675578874E-01 a       342     0    25     1     6
 -7.0573790859144780E-01 a       343     0    25     1     7
  1.4338050196523920E+01 a       344     0    25     1     8
 -2.5560261842626573E+00 a       345     0    25     1     9
  5.6467335580967006E+00 a       346     0    25     1    10
 -2.3535265525357714E+00 a       347     0    25     1    11
  4.9662704879762085E+00 a       348     0    25     1    12
  8.8869274979757040E-01 a       349     0    25     1    13
 -4.6239536273735675E+00 a       350     0    25     1    14
  6.4666963942134406E-02 a       351     0    26     1     1
 -5.7380363757995916E+00 a       352     0    26     1     2
 -5.2765695095559719E+00 a       353     0    26     1     3
 -8.4838208736779275E-01 a       354     0    26     1     4
 -2.3445900122538652E+00 a       355     0    26     1     5
  7.1276802115291416E+00 a       356     0    26     1     6
 -7.7029320207139538E+00 a       357     0    26     1     7
 -3.5433517282928602E+00 a       358     0    26     1     8
 -4.1723277757372266E+00 a       359     0    26     1     9
 -2.6426587297697108E+00 a       360     0    26     1    10
 -3.4086190069466138E+00 a       361     0    26     1    11
  1.2319260351765227E+00 a       362     0    26     1    12
  2.1322850247006730E+00 a       363     0    26     1    13
  1.3777449747269963E+00 a       364     0    26     1    14
  1.0159021396034587E+00 a       365     0    27     1     1
  1.4081413369354665E+01 a       366     0    27     1     2
  1.1336111593806222E+00 a       367     0    27     1     3
  3.7650134949724205E+00 a       368     0    27     1     4
  5.1953471150200441E+00 a       369     0    27     1     5
  8.3326598269359948E+00 a       370     0    27     1     6
  2.8891536731899170E+00 a       371     0    27     1     7
  2.7016097107922059E+00 a       372     0    27     1     8
 -5.8866208125547494E+00 a       373     0    27     1     9
  3.5824431087691444E+00 a       374     0    27     1    10
  1.3826003547684691E+00 a       375     0    27     1    11
  4.3982848391110156E+00 a       376     0    27     1    12
  1.1479727931129251E+00 a       377     0    27     1    13
 -3.4986095661431680E+00 a       378     0    27     1    14
 -7.3388121268458599E+00 a       379     0    28     1     1
  8.3992660292159353E+00 a       380     0    28     1     2
  5.1759161955559669E+00 a       381     0    28     1     3
 -1.0363045886552780E+00 a       382     0    28     1     4
  9.7838209157742657E+00 a       383     0    28     1     5
  1.1208313435988161E-01 a       384     0    28     1     6
  9.5458525366564517E-01 a       385     0    28     1     7
 -4.5332295050271559E-01 a       386     0    28     1     8
 -8.9731792629823062E+00 a       387     0    28     1     9
 -4.8561470577985579E+00 a       388     0    28     1    10
  6.5925247274863112E+00 a       389     0    28     1    11
  7.5736805488818479E+00 a       390     0    28     1    12
  8.5546898467791066E-01 a       391     0    28     1    13
 -9.0307754060780834E+00 a       392     0    28     1    14
 -2.7486985197224016E+00 a       393     0    29     1     1
  1.0378720108919270E+01 a       394     0    29     1     2
 -2.1455123295316838E+01 a       395     0    29     1     3
  1.3541929590841801E+00 a       396     0    29     1     4
 -4.2781906324523185E+01 a       397     0    29     1     5
 -4.3451209814515146E+01 a       398     0    29     1     6
  3.2256678215487909E+01 a       399     0    29     1     7
  9.9135246507129526E+00 a       400     0    29     1     8
 -2.0130827917170734E+01 a       401     0    29     1     9
  3.3754901414685087E+01 a       402     0    29     1    10
  7.4088127033172642E+00 a       403     0    29     1    11
  5.0346392164904890E+00 a       404     0    29     1    12
 -9.1628933045968584E+00 a       405     0    29     1    13
 -9.9826233780617937E+00 a       406     0    29     1    14
  3.5087123312061301E+01 a       407     0    30     1     1
 -1.9992845794610108E+01 a       408     0    30     1     2
 -6.4696770422535792E+01 a       409     0    30     1     3
 -2.0440539368513143E+01 a       410     0    30     1     4
 -7.6615151522354694E+01 a       411     0    30     1     5
 -1.2445108822384668E+01 a       412     0    30     1     6
 -4.0638062625036369E+01 a       413     0    30     1     7
  2.6723334466281276E+01 a       414     0    30     1     8
  6.7855983409241205E+01 a       415     0    30     1     9
  1.2963975658304419E+01 a       416     0    30     1    10
 -7.4861837601246037E+01 a       417     0    30     1    11
  1.6344836665678408E+00 a       418     0    30     1    12
  1.3640106323850187E+01 a       419     0    30     1    13
  5.1043128263804356E+01 a       420     0    30     1    14
 -2.5759023566910627E-01 a       421     0    31     1     1
 -7.7492878386909148E-01 a       422     0    31     1     2
 -1.8730174772270534E+00 a       423     0    31     1     3
  2.0216440230820005E+00 a       424     0    31     1     4
 -1.2740714468269452E+00 a       425     0    31     1     5
  6.7500030072205397E-01 a       426     0    31     1     6
 -8.1856573499116347E-01 a       427     0    31     1     7
  3.3125470670455204E-01 a       428     0    31     1     8
 -1.2028569269505502E+00 a       429     0    31     1     9
  1.9215901414839929E+00 a       430     0    31     1    10
  3.1926756416717239E-01 a       431     0    31     1    11
 -1.1105550022151351E+00 a       432     0    31     1    12
 -7.5657525104384149E-01 a       433     0    31     1    13
  7.5515056612016385E-01 a       434     0    31     1    14
 -9.4897951123841440E-01 a       435     0    32     1     1
  3.1148977626670598E+00 a       436     0    32     1     2
 -1.0487045959309305E+00 a       437     0    32     1     3
  5.7583775263497416E-01 a       438     0    32     1     4
  8.1520063476052329E-01 a       439     0    32     1     5
  4.0357247221061660E-01 a       440     0    32     1     6
 -6.3189086294324415E-01 a       441     0    32     1     7
 -2.1058403863438717E+00 a       442     0    32     1     8
  2.6172375982944401E-01 a       443     0    32     1     9
  2.6836916650737930E-01 a       444     0    32     1    10
 -6.8416934581864075E-01 a       445     0    32     1    11
  8.6330842595075896E-01 a       446     0    32     1    12
  3.0300833345889655E-01 a       447     0    32     1    13
  7.4687210509243607E-01 a       448     0    32     1    14
 -9.5993799401637026E-01 a       449     0    33     1     1
 -6.5180545140103963E-01 a       450     0    33     1     2
  2.8552479876825281E+00 a       451     0    33     1     3
 -6.0114883675859498E-01 a       452     0    33     1     4
  2.3738522588355861E+00 a       453     0    33     1     5
  1.4984210034396364E+00 a       454     0    33     1     6
  3.0387534303543556E-02 a       455     0    33     1     7
  8.6122697116590352E-01 a       456     0    33     1     8
 -6.6582966174631941E-01 a       457     0    33     1     9
  4.7961782574229178E-01 a       458     0    33     1    10
  1.8537407767834115E+00 a       459     0    33     1    11
  1.3844739884890686E-01 a       460     0    33     1    12
 -5.5030490176971580E-01 a       461     0    33     1    13
 -2.8767948811631614E+00 a       462     0    33     1    14
 -7.0186416443248423E-01 a       463     0    34     1     1
  3.5125819268135241E+00 a       464     0    34     1     2
 -2.6015383645500828E-01 a       465     0    34     1     3
 -1.6783572762236425E+00 a       466     0    34     1     4
 -1.0579746744207750E+00 a       467     0    34     1     5
  3.0534447738231602E-01 a       468     0    34     1     6
  3.1256980568791487E-01 a       469     0    34     1     7
 -2.1664294081636486E+00 a       470     0    34     1     8
 -1.0361995825849590E+00 a       471     0    34     1     9
  3.0605098218867216E-01 a       472     0    34     1    10
 -1.0756827703084908E+00 a       473     0    34     1    11
 -7.2003347280183039E-01 a       474     0    34     1    12
 -1.3571038437684015E+00 a       475     0    34     1    13
  2.4189974953753637E-01 a       476     0    34     1    14
 -1.7318813407961393E+00 a       477     0    35     1     1
  6.9196288661744931E-01 a       478     0    35     1     2
  1.9866888625722126E+00 a       479     0    35     1     3
  3.8428630938217490E+00 a       480     0    35     1     4
  5.9506252314628250E-01 a       481     0    35     1     5
  4.1353025919233330E-02 a       482     0    35     1     6
  1.7769115610811548E+00 a       483     0    35     1     7
 -1.3506138104566983E+00 a       484     0    35     1     8
  8.2796830230959595E-01 a       485     0    35     1     9
  1.9239641699802007E-01 a       486     0    35     1    10
  5.5539938982256154E-01 a       487     0    35     1    11
  2.9314013593150112E+00 a       488     0    35     1    12
 -4.2634073035396616E-03 a       489     0    35     1    13
 -6.6709888120593319E-01 a       490     0    35     1    14
  1.7095001949136404E+00 a       491     0    36     1     1
 -3.2786239934702608E+00 a       492     0    36     1     2
  2.3820207840654370E-01 a       493     0    36     1     3
 -2.3540669495366989E-01 a       494     0    36     1     4
 -8.1924969064959197E-01 a       495     0    36     1     5
 -4.3960352697402350E+00 a       496     0    36     1     6
 -4.9974717875908362E-02 a       497     0    36     1     7
  2.0445129067076113E+00 a       498     0    36     1     8
 -1.6648990503600189E-01 a       499     0    36     1     9
 -2.8381229193562957E-01 a       500     0    36     1    10
  4.5905620213926662E-01 a       501     0    36     1    11
  7.8849029506260637E-01 a       502     0    36     1    12
  1.2028971202609604E+00 a       503     0    36     1    13
 -1.2249619179687066E+00 a       504     0    36     1    14
  1.1531250718436517E+00 a       505     0    37     1     1
 -1.7773331415844922E+01 a       506     0    37     1     2
  7.8844991408383338E+00 a       507     0    37     1     3
  9.2060075470211835E+00 a       508     0    37     1     4
  3.1174534209194342E+00 a       509     0    37     1     5
 -3.2130250528404969E+00 a       510     0    37     1     6
 -5.5964177233820829E+00 a       511     0    37     1     7
  1.3070948613060267E+00 a       512     0    37     1     8
 -1.2814544406850406E-01 a       513     0    37     1     9
  3.7018190553146285E-01 a       514     0    37     1    10
  4.1117704060785059E+00 a       515     0    37     1    11
  1.6523840699526971E+01 a       516     0    37     1    12
  9.9206276777515026E+00 a       517     0    37     1    13
  1.0103070454083449E+00 a       518     0    37     1    14
  2.0542722281244168E+00 a       519     0    38     1     1
 -4.4380904733576481E+00 a       520     0    38     1     2
  1.2709926900325104E+00 a       521     0    38     1     3
 -2.3819942915875614E+00 a       522     0    38     1     4
 -7.1159749046085274E-01 a       523     0    38     1     5
 -1.9784641270326917E+00 a       524     0    38     1     6
 -1.8584109690388084E-01 a       525     0    38     1     7
 -1.4711025322497984E+00 a       526     0    38     1     8
 -6.1696628962080313E-01 a       527     0    38     1     9
 -1.4972896893125615E-01 a       528     0    38     1    10
  2.3200497965813747E+00 a       529     0    38     1    11
  3.5568673191777651E+00 a       530     0    38     1    12
  1.1435478184009802E+00 a       531     0    38     1    13
 -2.7525957652520199E+00 a       532     0    38     1    14
  8.2610660476013642E-01 a       533     0    39     1     1
 -1.0943949988049789E+01 a       534     0    39     1     2
 -5.4587995730355132E+00 a       535     0    39     1     3
 -7.3668552956486011E-01 a       536     0    39     1     4
 -3.0490410005669157E+00 a       537     0    39     1     5
 -2.7367945210727220E+00 a       538     0    39     1     6
  6.7357860348050025E-01 a       539     0    39     1     7
 -4.9947647408826823E-01 a       540     0    39     1     8
 -5.0766804493088138E+00 a       541     0    39     1     9
 -3.3644517945342307E+00 a       542     0    39     1    10
  4.3094772863075814E+00 a       543     0    39     1    11
 -2.2332233417906142E+00 a       544     0    39     1    12
  6.9873465525754606E+00 a       545     0    39     1    13
 -2.7096507816573121E+00 a       546     0    39     1    14
  2.8946178941923226E+00 a       547     0    40     1     1
  4.3476115757159155E+00 a       548     0    40     1     2
 -2.7678904820143790E+00 a       549     0    40     1     3
 -4.4599806432155713E+00 a       550     0    40     1     4
  2.6497246105324517E+00 a       551     0    40     1     5
  2.2991475834440989E+00 a       552     0    40     1     6
 -5.7474964275484881E+00 a       553     0    40     1     7
 -2.5382444714564594E+00 a       554     0    40     1     8
 -7.1158330110072052E+00 a       555     0    40     1     9
  7.9665486645623074E-01 a       556     0    40     1    10
 -4.3261216891318549E-01 a       557     0    40     1    11
  6.2795390981716892E+00 a       558     0    40     1    12
 -9.3988233596719262E-01 a       559     0    40     1    13
 -3.8394987872418680E+00 a       560     0    40     1    14
 -5.6377621329512191E-02 a       561     0    41     1     1
  5.5428974358116383E+00 a       562     0    41     1     2
 -2.1791705369972711E+00 a       563     0    41     1     3
 -1.4643441646648228E+00 a       564     0    41     1     4
  2.8933760707256404E+00 a       565     0    41     1     5
  2.4446830412407361E+00 a       566     0    41     1     6
 -9.9622335526917710E-02 a       567     0    41     1     7
 -3.1757499681822061E+00 a       568     0    41     1     8
 -1.0687968819593738E+00 a       569     0    41     1     9
  5.1604964900083738E-01 a       570     0    41     1    10
 -1.9854167637899280E+00 a       571     0    41     1    11
  3.2360792652851345E+00 a       572     0    41     1    12
 -3.3054074718833006E+00 a       573     0    41     1    13
 -1.2143530761289374E+00 a       574     0    41     1    14
  5.5662389956457208E+00 a       575     0    42     1     1
  8.3840478851584468E+00 a       576     0    42     1     2
 -1.0846228834330786E+01 a       577     0    42     1     3
 -9.7984909833773877E+00 a       578     0    42     1     4
 -1.0619698634427422E+01 a       579     0    42     1     5
 -1.0179722129463810E+01 a       580     0    42     1     6
  1.7986827856032086E+01 a       581     0    42     1     7
 -1.3512322237480829E+00 a       582     0    42     1     8
 -9.9020401033067529E-01 a       583     0    42     1     9
  9.8102930017357828E+00 a       584     0    42     1    10
 -6.6029088032654959E-01 a       585     0    42     1    11
 -1.3115808192912853E+01 a       586     0    42     1    12
 -1.0211709468945394E+01 a       587     0    42     1    13
 -1.4091923667927752E+01 a       588     0    42     1    14
  3.6132209980839747E-01 a       589     0    43     1     1
 -3.8224057054359433E+00 a       590     0    43     1     2
  1.2785557894749202E+00 a       591     0    43     1     3
  4.3360502363341838E-02 a       592     0    43     1     4
  1.7141195805686809E+00 a       593     0    43     1     5
  6.8194457751914661E-01 a       594     0    43     1     6
  6.1832628218417547E+00 a       595     0    43     1     7
  3.1972858573434277E+00 a       596     0    43     1     8
  2.0535980199025503E+00 a       597     0    43     1     9
  2.5227466422339293E+00 a       598     0    43     1    10
  3.0993586276524643E-01 a       599     0    43     1    11
 -6.5880125263820588E-01 a       600     0    43     1    12
 -1.5495438576604700E-01 a       601     0    43     1    13
 -5.0717962572196065E+00 a       602     0    43     1    14
  4.4533125138609053E+00 a       603     0    44     1     1
 -1.3042878832947549E+01 a       604     0    44     1     2
 -4.5298912688815109E+00 a       605     0    44     1     3
  5.6416642170239291E+00 a       606     0    44     1     4
 -1.5021269845682067E+01 a       607     0    44     1     5
 -1.7867626977169788E+01 a       608     0    44     1     6
  5.1374086844751519E+00 a       609     0    44     1     7
 -4.1146612980213595E+00 a       610     0    44     1     8
  8.3608978052813399E+00 a       611     0    44     1     9
  1.4781188793527276E+01 a       612     0    44     1    10
 -3.5744578846115456E+00 a       613     0    44     1    11
  5.3754538930048446E+00 a       614     0    44     1    12
 -1.0639492500258324E+01 a       615     0    44     1    13
  3.6430458296221895E+00 a       616     0    44     1    14
 -1.9033370519963699E+00 a       617     0    45     1     1
 -9.5629549083923315E+00 a       618     0    45     1     2
  4.7635601312080231E+00 a       619     0    45     1     3
  1.8678503036032650E+00 a       620     0    45     1     4
 -6.1637340758147163E-01 a       621     0    45     1     5
 -1.0604919188829789E-01 a       622     0    45     1     6
  1.0694559155057478E+01 a       623     0    45     1     7
  6.1769886948469281E+00 a       624     0    45     1     8
  7.2004110205819112E+00 a       625     0    45     1     9
 -3.0414046026131385E+00 a       626     0    45     1    10
  4.5740235537360387E+00 a       627     0    45     1    11
 -5.0620104679025877E+00 a       628     0    45     1    12
  8.7883652539121815E-01 a       629     0    45     1    13
 -1.4905528084571200E+00 a       630     0    45     1    14
  2.5468592569334159E+00 a       631     0    46     1     1
 -1.9833269060039861E+01 a       632     0    46     1     2
  4.2299295290077970E+00 a       633     0    46     1     3
  3.9734847345422132E-02 a       634     0    46     1     4
 -6.4170412244795214E+00 a       635     0    46     1     5
 -9.1664309836995859E+00 a       636     0    46     1     6
 -9.0527143621727535E-01 a       637     0    46     1     7
  6.6003645092695340E+00 a       638     0    46     1     8
  6.8573787471835151E-02 a       639     0    46     1     9
 -5.7528767875067146E+00 a       640     0    46     1    10
  6.5852057518551481E+00 a       641     0    46     1    11
 -1.4046306342998971E+00 a       642     0    46     1    12
  1.0739587423501684E+01 a       643     0    46     1    13
 -1.5040324578710493E+00 a       644     0    46     1    14
 -2.7400442271315097E+00 a       645     0    47     1     1
 -1.8947244523161991E+01 a       646     0    47     1     2
  4.8374567286384522E+00 a       647     0    47     1     3
  4.0027733351990937E+00 a       648     0    47     1     4
 -2.0927629900950183E+01 a       649     0    47     1     5
 -3.4532370111386534E+01 a       650     0    47     1     6
  3.4411817221631931E+00 a       651     0    47     1     7
 -4.4683559260780781E+00 a       652     0    47     1     8
 -2.0530232366570416E+00 a       653     0    47     1     9
  3.8476560771286241E+00 a       654     0    47     1    10
 -2.9940091109147042E+00 a       655     0    47     1    11
  1.5780053732768636E+01 a       656     0    47     1    12
  8.6275807494719159E-01 a       657     0    47     1    13
 -9.9202544364969309E+00 a       658     0    47     1    14
 -2.6599025817134874E+00 a       659     0    48     1     1
  6.2917191819323079E+00 a       660     0    48     1     2
  2.3482240395487879E+00 a       661     0    48     1     3
  1.7629946035716328E+00 a       662     0    48     1     4
  8.8835147456305350E+00 a       663     0    48     1     5
 -5.1804383624301495E+00 a       664     0    48     1     6
 -2.3172208346108406E-01 a       665     0    48     1     7
 -6.4758843359465548E+00 a       666     0    48     1     8
  3.7410419032421429E+00 a       667     0    48     1     9
 -6.2391432022691484E+00 a       668     0    48     1    10
  4.0701791216161052E+00 a       669     0    48     1    11
  7.0629200534324177E+00 a       670     0    48     1    12
  2.9694257176175010E-01 a       671     0    48     1    13
 -1.1370762248286150E+00 a       672     0    48     1    14
 -5.0544248124513066E-02 a       673     0    49     1     1
  1.2354930420492722E+00 a       674     0    49     1     2
 -7.7692797634082100E-01 a       675     0    49     1     3
  7.5654581888764405E-01 a       676     0    49     1     4
 -1.0588382243312788E+00 a       677     0    49     1     5
  1.5533118857144717E+00 a       678     0    49     1     6
 -9.0551573948012790E-02 a       679     0    49     1     7
 -1.2051801320290633E-02 a       680     0    49     1     8
 -1.4423670333616510E+00 a       681     0    49     1     9
  6.9073254729396139E-01 a       682     0    49     1    10
  1.2195435064723927E-01 a       683     0    49     1    11
 -9.0477506002479668E-01 a       684     0    49     1    12
 -4.6844331801838635E-01 a       685     0    49     1    13
 -7.6092425441241551E-01 a       686     0    49     1    14
 -2.0923487337034927E-01 a       687     0    50     1     1
  1.5127680872774512E+00 a       688     0    50     1     2
 -9.6768923655158490E-01 a       689     0    50     1     3
  3.6735720033653174E-01 a       690     0    50     1     4
 -1.1810239294741924E+00 a       691     0    50     1     5
 -3.0590495760336486E-03 a       692     0    50     1     6
 -8.8778811883763509E-01 a       693     0    50     1     7
  3.9419655208454440E-01 a       694     0    50     1     8
 -4.1374006251989920E-01 a       695     0    50     1     9
  1.5280843543865083E-01 a       696     0    50     1    10
 -1.4327153867377376E+00 a       697     0    50     1    11
 -7.4288068775059934E-01 a       698     0    50     1    12
 -5.4179806104006323E-01 a       699     0    50     1    13
  7.3854387301778424E-01 a       700     0    50     1    14
  2.6487598456212080E-01 a       701     0    51     1     1
  8.4201365788643978E-01 a       702     0    51     1     2
  3.5687367830868549E-01 a       703     0    51     1     3
 -1.0362527867128111E+00 a       704     0    51     1     4
 -6.7947049591264752E-01 a       705     0    51     1     5
 -3.2547299258610787E+00 a       706     0    51     1     6
 -1.3440192915782843E+00 a       707     0    51     1     7
 -7.1853284104773185E-01 a       708     0    51     1     8
  4.6696853342669631E-01 a       709     0    51     1     9
 -5.3936062236337246E-01 a       710     0    51     1    10
 -5.9417987731018540E-01 a       711     0    51     1    11
  6.5760324638737622E-01 a       712     0    51     1    12
 -6.3129271783624130E-01 a       713     0    51     1    13
  1.4780521949005701E-01 a       714     0    51     1    14
 -2.1732129578843455E+00 a       715     0    52     1     1
 -3.5530994472557981E-01 a       716     0    52     1     2
  8.6393270545307443E-01 a       717     0    52     1     3
  1.8347281054274520E+00 a       718     0    52     1     4
 -3.7433540023386520E+00 a       719     0    52     1     5
  2.2491082141920322E+00 a       720     0    52     1     6
  3.1976695447618901E+00 a       721     0    52     1     7
 -1.2536670994765198E-01 a       722     0    52     1     8
 -9.2423382209232829E-01 a       723     0    52     1     9
  3.4047549308417864E+00 a       724     0    52     1    10
 -2.9719260772279865E+00 a       725     0    52     1    11
  1.1830057144515977E+00 a       726     0    52     1    12
 -3.3975662649746391E-01 a       727     0    52     1    13
 -1.8723357292287226E+00 a       728     0    52     1    14
 -1.9876615678972658E+00 a       729     0    53     1     1
  3.4124924985846383E+00 a       730     0    53     1     2
  7.2137138125825728E-01 a       731     0    53     1     3
  1.5631266060092570E+00 a       732     0    53     1     4
  7.0571711410009046E+00 a       733     0    53     1     5
  9.4341849018803483E+00 a       734     0    53     1     6
 -2.4414494944580332E+00 a       735     0    53     1     7
 -3.2294343322196184E-01 a       736     0    53     1     8
  5.1432140809172306E+00 a       737     0    53     1     9
 -5.5840470923383079E-01 a       738     0    53     1    10
 -2.9090265215338702E+00 a       739     0    53     1    11
  5.4967940273422866E-01 a       740     0    53     1    12
 -7.2866228464423322E-01 a       741     0    53     1    13
  6.2002221024294313E+00 a       742     0    53     1    14
 -2.3266008736162460E+00 a       743     0    54     1     1
  1.4088839145903773E+01 a       744     0    54     1     2
 -2.8209758247305965E+00 a       745     0    54     1     3
  5.6350802723951432E-01 a       746     0    54     1     4
  6.2002925495108068E+00 a       747     0    54     1     5
  1.7236336172878602E+01 a       748     0    54     1     6
 -8.2727569412146673E-01 a       749     0    54     1     7
  1.9250017605090359E+00 a       750     0    54     1     8
 -4.4755064664677908E+00 a       751     0    54     1     9
 -1.9023317686064765E+00 a       752     0    54     1    10
 -1.2243946703024543E-01 a       753     0    54     1    11
 -6.7539315568846927E+00 a       754     0    54     1    12
 -1.3472356235008152E+00 a       755     0    54     1    13
  1.1754493868558016E+00 a       756     0    54     1    14
 -5.7834455982492958E+00 a       757     0    55     1     1
  2.3231529513229056E+01 a       758     0    55     1     2
  7.3967250590641829E+00 a       759     0    55     1     3
  3.9829547301716346E+00 a       760     0    55     1     4
  1.5746749313946449E+01 a       761     0    55     1     5
  2.1618580554792910E+01 a       762     0    55     1     6
  4.2102275453875615E+00 a       763     0    55     1     7
 -2.7637722741221915E+00 a       764     0    55     1     8
  1.2142267925911971E+00 a       765     0    55     1     9
  2.7710629867538263E+00 a       766     0    55     1    10
  7.0655457266021813E+00 a       767     0    55     1    11
 -8.2391833059035342E+00 a       768     0    55     1    12
 -1.3487007243654928E+01 a       769     0    55     1    13
 -7.5542610024722612E-01 a       770     0    55     1    14
  5.1729064179818955E+00 a       771     0    56     1     1
  1.8592640995381529E+01 a       772     0    56     1     2
 -8.7567388862833830E+00 a       773     0    56     1     3
 -9.1015017356530681E+00 a       774     0    56     1     4
  1.0454749810682198E+01 a       775     0    56     1     5
  2.6770196344215204E+01 a       776     0    56     1     6
 -1.7539183402192355E+00 a       777     0    56     1     7
  6.5989615591247308E-01 a       778     0    56     1     8
 -1.9038581758627835E+00 a       779     0    56     1     9
  6.4981433714050429E-01 a       780     0    56     1    10
  4.4634176383386109E-01 a       781     0    56     1    11
 -2.1100796922540081E+01 a       782     0    56     1    12
 -7.9636619456850735E+00 a       783     0    56     1    13
  1.1095470454596979E+01 a       784     0    56     1    14
 -8.6666386012705832E-01 a       785     0    57     1     1
  1.0290845641019116E+01 a       786     0    57     1     2
 -7.2265627088875819E+00 a       787     0    57     1     3
 -9.2869638970441208E+00 a       788     0    57     1     4
 -1.2509937369352280E+00 a       789     0    57     1     5
  5.1432780053015463E+00 a       790     0    57     1     6
  1.5690414348511650E+00 a       791     0    57     1     7
 -3.7013223179827817E+00 a       792     0    57     1     8
  3.6502541075929207E+00 a       793     0    57     1     9
 -1.4337329362225482E+00 a       794     0    57     1    10
 -6.5119476852639364E+00 a       795     0    57     1    11
 -1.0983543864329429E+01 a       796     0    57     1    12
 -7.0219202827581428E+00 a       797     0    57     1    13
  4.0278889833128106E+00 a       798     0    57     1    14
 -2.3463715860592285E-01 a       799     0    58     1     1
  9.7283888272640926E+00 a       800     0    58     1     2
  1.0466443637646234E+00 a       801     0    58     1     3
 -4.2044237314000238E-01 a       802     0    58     1     4
  4.5813479662016201E+00 a       803     0    58     1     5
  1.2963519555510731E+01 a       804     0    58     1     6
 -3.8474417702207925E-01 a       805     0    58     1     7
  1.4088462152198007E+00 a       806     0    58     1     8
  1.6293791116266745E+00 a       807     0    58     1     9
  1.0514814980690588E+00 a       808     0    58     1    10
 -3.0739894621259940E+00 a       809     0    58     1    11
  5.4142917692635517E-01 a       810     0    58     1    12
 -5.7305657950219508E+00 a       811     0    58     1    13
  2.1492027752595502E+00 a       812     0    58     1    14
  9.3714167694039254E+00 a       813     0    59     1     1
 -1.7323335586708992E+00 a       814     0    59     1     2
 -1.1037561139227439E+01 a       815     0    59     1     3
 -1.0960382118172925E+01 a       816     0    59     1     4
 -1.9893219911052580E+00 a       817     0    59     1     5
  8.7096007634694104E+00 a       818     0    59     1     6
 -6.8498272264071316E+00 a       819     0    59     1     7
  7.3811517500883976E+00 a       820     0    59     1     8
 -6.6535716382969552E+00 a       821     0    59     1     9
  3.9480199612625109E+00 a       822     0    59     1    10
 -1.9170579620631534E+00 a       823     0    59     1    11
 -1.6022263208410390E+01 a       824     0    59     1    12
 -2.1526053892573183E+00 a       825     0    59     1    13
  4.5920567653431439E+00 a       826     0    59     1    14
 -3.0358290267754953E+00 a       827     0    60     1     1
 -4.6303456939123810E+00 a       828     0    60     1     2
  1.0782316896217891E+01 a       829     0    60     1     3
  7.5740111393989551E+00 a       830     0    60     1     4
  3.9202267851090387E+00 a       831     0    60     1     5
  2.3308196813933166E-01 a       832     0    60     1     6
 -7.9572763675439324E+00 a       833     0    60     1     7
  4.0166133241588202E+00 a       834     0    60     1     8
 -6.0154516392477184E+00 a       835     0    60     1     9
 -6.8392313879306874E+00 a       836     0    60     1    10
  7.4869416827007971E+00 a       837     0    60     1    11
  9.9483021656523238E+00 a       838     0    60     1    12
  8.2214770414159197E+00 a       839     0    60     1    13
  6.6527340266513413E-01 a       840     0    60     1    14
 -1.5752803038604184E+00 a       841     0    61     1     1
  6.6576636252666690E+00 a       842     0    61     1     2
 -2.2174372839772616E+00 a       843     0    61     1     3
  7.2278163709561483E-01 a       844     0    61     1     4
 -1.0723559086193073E+00 a       845     0    61     1     5
  7.3126097831912240E-01 a       846     0    61     1     6
 -4.0235761973978583E+00 a       847     0    61     1     7
 -1.9863402221310722E+00 a       848     0    61     1     8
 -1.4173844577856614E+00 a       849     0    61     1     9
 -2.3043488517985824E+00 a       850     0    61     1    10
 -5.2827671090597195E-01 a       851     0    61     1    11
 -9.4617979349475489E-01 a       852     0    61     1    12
 -1.0916185391132145E+00 a       853     0    61     1    13
  5.1214613778538451E+00 a       854     0    61     1    14
 -2.3005731803706468E+00 a       855     0    62     1     1
 -1.0014957322148628E+00 a       856     0    62     1     2
  9.3063831928372434E+00 a       857     0    62     1     3
 -6.4136366393006057E+00 a       858     0    62     1     4
  6.6135119782829932E+00 a       859     0    62     1     5
 -7.9297409797330580E+00 a       860     0    62     1     6
 -1.3038740663431803E+00 a       861     0    62     1     7
  4.4925623749600274E-01 a       862     0    62     1     8
  6.7906833277733680E-03 a       863     0    62     1     9
 -1.1395762505150126E+01 a       864     0    62     1    10
  2.6290137103378126E+00 a       865     0    62     1    11
  3.9775448278062480E+00 a       866     0    62     1    12
  1.0967604014836162E+01 a       867     0    62     1    13
 -4.9992670507237946E+00 a       868     0    62     1    14
 -7.2035518184996539E+00 a       869     0    63     1     1
 -4.1481989234217433E+00 a       870     0    63     1     2
  7.7590725545246029E+00 a       871     0    63     1     3
  1.1840255607694390E+01 a       872     0    63     1     4
  7.6171733828084438E+00 a       873     0    63     1     5
  3.3862359619494362E+00 a       874     0    63     1     6
  3.6930815078785493E+00 a       875     0    63     1     7
 -2.3406517426950479E-01 a       876     0    63     1     8
  8.5955408132594879E+00 a       877     0    63     1     9
 -6.8159387725155627E+00 a       878     0    63     1    10
  2.9992231783535295E+00 a       879     0    63     1    11
  1.2364206787197713E+01 a       880     0    63     1    12
  8.0529814842375274E+00 a       881     0    63     1    13
 -1.2237201044775741E+00 a       882     0    63     1    14
  3.5658006037634782E+00 a       883     0    64     1     1
 -7.1707773810797422E+00 a       884     0    64     1     2
 -1.2654249603443599E+01 a       885     0    64     1     3
 -2.9276734405594014E+00 a       886     0    64     1     4
 -1.2830568246203022E+01 a       887     0    64     1     5
 -1.3738268885980983E+01 a       888     0    64     1     6
 -5.1482469883339710E-01 a       889     0    64     1     7
 -1.5633979998024539E+00 a       890     0    64     1     8
  2.0300679608380345E-01 a       891     0    64     1     9
  1.1678916552961816E+00 a       892     0    64     1    10
 -1.1858606358344645E+01 a       893     0    64     1    11
  5.2180968073233105E+00 a       894     0    64     1    12
  4.8927676466174814E+00 a       895     0    64     1    13
  4.4038817713981420E+00 a       896     0    64     1    14
  9.7708648651552363E-02 b       897     1     1
  3.4521731807973877E-01 b       898     1     2
  3.5930064751606910E-01 b       899     1     3
 -1.1725656787202381E-02 b       900     1     4
  2.9125344542494991E-01 b       901     1     5
  1.9055212589214620E-02 b       902     1     6
 -1.1512647653861974E-01 b       903     1     7
 -4.1547171802713903E-02 b       904     1     8
 -1.4905017563122896E-01 b       905     1     9
  9.9133055300385325E-02 b       906     1    10
  5.4000084015012002E-02 b       907     1    11
  3.0848803901490272E-02 b       908     1    12
 -1.1764059327158859E-02 b       909     1    13
 -1.8605402317958857E-02 b       910     1    14
  2.2466984565069262E-01 a       911     1     1     2     1
  7.3117078498250987E-01 a       912     1     1     2     2
 -7.7073701873486156E-01 a       913     1     1     2     3
  3.1255532460718718E+00 a       914     1     1     2     4
 -1.0205391270197322E+00 a       915     1     1     2     5
  9.7839390875525545E-01 a       916     1     1     2     6
  2.8055725158779632E+00 a       917     1     1     2     7
 -1.7858547991970120E+00 a       918     1     1     2     8
  8.1562808453638913E-01 a       919     1     1     2     9
 -8.3900875323375568E-01 a       920     1     1     2    10
  1.5249377448071173E+00 a       921     1     1     2    11
  8.4896608808600438E-01 a       922     1     1     2    12
  6.7315559537329273E-01 a       923     1     1     2    13
 -1.8154922877310251E-01 a       924     1     1     2    14
 -8.2478674978598698E-01 a       925     1     2     2     1
  1.3127193539501938E-01 a       926     1     2     2     2
 -2.1781258861839563E-02 a       927     1     2     2     3
  4.7532859193069002E-02 a       928     1     2     2     4
 -1.7724826619160888E-02 a       929     1     2     2     5
  3.5336037909510087E-01 a       930     1     2     2     6
 -7.5266442389023431E-03 a       931     1     2     2     7
  2.3316874280873193E-03 a       932     1     2     2     8
  4.8568938461051514E-03 a       933     1     2     2     9
  4.7957611788345594E-02 a       934     1     2     2    10
  6.3978338765225817E-01 a       935     1     2     2    11
  4.8138750678082382E-01 a       936     1     2     2    12
 -3.8249789978227072E-01 a       937     1     2     2    13
  2.0238774897269909E-01 a       938     1     2     2    14
 -5.5586986162221341E-01 a       939     1     3     2     1
 -3.2736703246541826E-01 a       940     1     3     2     2
 -6.6749847395433215E-01 a       941     1     3     2     3
 -6.5871973065537648E-01 a       942     1     3     2     4
 -8.6985635586113788E-02 a       943     1     3     2     5
  6.0243503881065752E-01 a       944     1     3     2     6
 -1.5935242227338656E-01 a       945     1     3     2     7
 -6.9613808296846535E-01 a       946     1     3     2     8
 -3.1571311755548542E-01 a       947     1     3     2     9
  6.8725594957802796E-02 a       948     1     3     2    10
  8.8572705260468632E-01 a       949     1     3     2    11
 -3.6521232112896823E-01 a       950     1     3     2    12
 -2.4685419376521461E-01 a       951     1     3     2    13
  6.7240606628204214E-01 a       952     1     3     2    14
 -3.7791759975419564E-01 a       953     1     4     2     1
  1.3721873514699606E-01 a       954     1     4     2     2
 -1.0909951330084610E-02 a       955     1     4     2     3
  1.6129310673375234E+00 a       956     1     4     2     4
 -4.0190565726523964E-01 a       957     1     4     2     5
  2.5586650554920193E-01 a       958     1     4     2     6
  1.0349089880434656E+00 a       959     1     4     2     7
 -2.0896937931686257E-01 a       960     1     4     2     8
  2.4226559459418623E-01 a       961     1     4     2     9
 -8.7828790847671673E-02 a       962     1     4     2    10
  2.5702317076827769E-01 a       963     1     4     2    11
 -4.1342598655933128E-02 a       964     1     4     2    12
  4.2115093490677724E-01 a       965     1     4     2    13
  1.5118725968508440E-01 a       966     1     4     2    14
 -1.4045801171244376E-01 a       967     1     5     2     1
  2.4677070499919060E-02 a       968     1     5     2     2
  2.4831076489112877E-01 a       969     1     5     2     3
 -5.7728840626939532E-03 a       970     1     5     2     4
  1.9462620651360005E-01 a       971     1     5     2     5
 -7.5120652406527122E-01 a       972     1     5     2     6
  6.5239442632794453E-01 a       973     1     5     2     7
  1.5917905727014161E+00 a       974     1     5     2     8
  1.8368367118985771E-01 a       975     1     5     2     9
 -3.4771326191686480E-01 a       976     1     5     2    10
 -6.9618967874578408E-01 a       977     1     5     2    11
  2.7417359396062690E-01 a       978     1     5     2    12
  4.9692990627795690E-02 a       979     1     5     2    13
  1.8102228529413678E-01 a       980     1     5     2    14
  1.8588314879952148E+00 a       981     1     6     2     1
 -2.2151964156840693E-02 a       982     1     6     2     2
 -2.5248644372233370E-01 a       983     1     6     2     3
 -7.0905779807742797E-01 a       984     1     6     2     4
  2.9721122277907887E-02 a       985     1     6     2     5
 -6.4840533009707921E-02 a       986     1     6     2     6
 -1.3529677356896381E+00 a       987     1     6     2     7
  9.4791978111950914E-01 a       988     1     6     2     8
  1.3463297909765537E-01 a       989     1     6     2     9
  1.8747515181479790E-01 a       990     1     6     2    10
 -8.7714761927449625E-01 a       991     1     6     2    11
 -6.5814235401810139E-01 a       992     1     6     2    12
  5.3962847391828983E-01 a       993     1     6     2    13
 -3.7480081444503549E-01 a       994     1     6     2    14
 -7.7025684802697469E-01 a       995     1     7     2     1
 -4.2498630144008215E-01 a       996     1     7     2     2
 -2.8119915208109020E-01 a       997     1     7     2     3
  6.6941619680230458E-01 a       998     1     7     2     4
 -6.3000241077461194E-01 a       999     1     7     2     5
  1.7146296304060327E-01 a      1000     1     7     2     6
 -2.8976983773994457E-02 a      1001     1     7     2     7
  9.5023420182246210E-01 a      1002     1     7     2     8
  2.0405114807443997E-01 a      1003     1     7     2     9
 -4.4298656219317495E-01 a      1004     1     7     2    10
  7.0955066712487302E-01 a      1005     1     7     2    11
  1.0454427038277987E+00 a      1006     1     7     2    12
 -1.0183284600153084E+00 a      1007     1     7     2    13
  5.3485201795115900E-01 a      1008     1     7     2    14
 -8.9128552814887874E-01 a      1009     1     8     2     1
  2.5420897882076104E-01 a      1010     1     8     2     2
 -4.3152736399748193E-01 a      1011     1     8     2     3
 -1.2060769004609611E+00 a      1012     1     8     2     4
  8.8542238140316920E-01 a      1013     1     8     2     5
  6.1160527297869904E-01 a      1014     1     8     2     6
 -1.3377909761047524E+00 a      1015     1     8     2     7
  7.5313416268555466E-01 a      1016     1     8     2     8
  1.8597318917897057E+00 a      1017     1     8     2     9
  8.2557310159376243E-02 a      1018     1     8     2    10
  9.2595642286528512E-01 a      1019     1     8     2    11
  7.4314130843537662E-01 a      1020     1     8     2    12
 -1.8014596272417844E-03 a      1021     1     8     2    13
  8.3842294295115039E-01 a      1022     1     8     2    14
  1.3806321012811609E+00 a      1023     1     9     2     1
 -5.0468747613509046E-01 a      1024     1     9     2     2
  1.5965510718566422E+00 a      1025     1     9     2     3
  2.1435231338386684E-01 a      1026     1     9     2     4
 -5.5832744587702388E-01 a      1027     1     9     2     5
 -9.0524877724373798E-01 a      1028     1     9     2     6
  5.7124565309040498E-01 a      1029     1     9     2     7
 -6.8024270911007834E-01 a      1030     1     9     2     8
 -8.7220847885556418E-01 a      1031     1     9     2     9
  4.5232125924966893E-01 a      1032     1     9     2    10
 -1.0329810000853721E+00 a      1033     1     9     2    11
 -7.0272688761321289E-01 a      1034     1     9     2    12
  1.9594351554796041E-01 a      1035     1     9     2    13
  1.0500828069865167E+00 a      1036     1     9     2    14
  4.5237838362050087E-01 a      1037     1    10     2     1
 -1.1892905124912312E+00 a      1038     1    10     2     2
  3.9435466767105404E-01 a      1039     1    10     2     3
 -5.7431334931048394E-01 a      1040     1    10     2     4
 -8.5254203479665405E-02 a      1041     1    10     2     5
 -9.4661977755712046E-01 a      1042     1    10     2     6
  3.9822397877232374E-01 a      1043     1    10     2     7
  2.2161694730949918E-01 a      1044     1    10     2     8
 -1.9197631516077522E+00 a      1045     1    10     2     9
 -2.3416439544847675E-01 a      1046     1    10     2    10
 -5.2096610113465114E-01 a      1047     1    10     2    11
  5.1330660480874735E-01 a      1048     1    10     2    12
  7.6976879170449668E-03 a      1049     1    10     2    13
 -7.7806116197720865E-01 a      1050     1    10     2    14
 -1.3593311626200661E+00 a      1051     1    11     2     1
 -8.5347041324333650E-01 a      1052     1    11     2     2
 -8.9483627386040776E-01 a      1053     1    11     2     3
 -8.7569150342961966E-01 a      1054     1    11     2     4
  2.2992850244467611E-01 a      1055     1    11     2     5
  8.1528249605250425E-01 a      1056     1    11     2     6
 -1.3692489459754307E+00 a      1057     1    11     2     7
  4.8996475686552618E-02 a      1058     1    11     2     8
 -4.5399666407834119E-02 a      1059     1    11     2     9
  3.4580894563241066E-01 a      1060     1    11     2    10
  2.5417566804551406E-01 a      1061     1    11     2    11
 -4.1696450193835649E-01 a      1062     1    11     2    12
 -5.9838176808890098E-01 a      1063     1    11     2    13
 -1.1412162864832094E+00 a      1064     1    11     2    14
  8.0264232689807058E-01 a      1065     1    12     2     1
  4.0856012231085947E-01 a      1066     1    12     2     2
 -8.5487224349354052E-01 a      1067     1    12     2     3
  5.5005100079370683E-01 a      1068     1    12     2     4
 -9.7505049033940513E-02 a      1069     1    12     2     5
  9.0971417434517574E-02 a      1070     1    12     2     6
 -1.7249630737971129E+00 a      1071     1    12     2     7
  5.8139560253022848E-01 a      1072     1    12     2     8
  2.7792567659330597E-01 a      1073     1    12     2     9
 -1.5170739978319636E-02 a      1074     1    12     2    10
 -7.5487340039624415E-02 a      1075     1    12     2    11
  5.6948798149400881E-01 a      1076     1    12     2    12
  1.4194493372264311E-01 a      1077     1    12     2    13
 -2.5209025299612442E-01 a      1078     1    12     2    14
  5.8216509415477964E-02 a      1079     1    13     2     1
 -1.0822092037620010E-01 a      1080     1    13     2     2
  9.4208132173668635E-01 a      1081     1    13     2     3
 -1.7281542400713659E-01 a      1082     1    13     2     4
  4.8751467320114150E-01 a      1083     1    13     2     5
 -5.6137875709648198E-02 a      1084     1    13     2     6
 -1.7239532332111543E-01 a      1085     1    13     2     7
  6.4657309278674835E-01 a      1086     1    13     2     8
  1.0609441484233249E-01 a      1087     1    13     2     9
  5.1428190130759344E-01 a      1088     1    13     2    10
 -3.3557178501437529E-01 a      1089     1    13     2    11
 -5.1524595209276969E-01 a      1090     1    13     2    12
  7.1956980454751851E-01 a      1091     1    13     2    13
  7.4669000168231292E-01 a      1092     1    13     2    14
 -5.8218745518814607E-01 a      1093     1    14     2     1
  6.8014010879515108E-01 a      1094     1    14     2     2
  9.9125943697499871E-02 a      1095     1    14     2     3
 -9.4404840741906060E-01 a      1096     1    14     2     4
 -5.7010674451429322E-01 a      1097     1    14     2     5
 -4.2556191740199728E-01 a      1098     1    14     2     6
 -4.3884259490124256E-01 a      1099     1    14     2     7
  2.7163395189571016E-01 a      1100     1    14     2     8
 -4.1741146826737924E-01 a      1101     1    14     2     9
 -6.7996151336977295E-01 a      1102     1    14     2    10
  2.5345012251538540E-01 a      1103     1    14     2    11
  2.1606496466062122E-01 a      1104     1    14     2    12
  1.5634491549670038E-01 a      1105     1    14     2    13
 -1.1804315152940791E-01 a      1106     1    14     2    14
 -1.0013582128210839E-01 b      1107     2     1
  9.3218985368907359E-01 b      1108     2     2
 -1.2559528080850528E+00 b      1109     2     3
 -3.5525092794534463E-01 b      1110     2     4
  6.9032434173283486E-01 b      1111     2     5
  7.2626786644928365E-01 b      1112     2     6
 -7.4628139975108698E-01 b      1113     2     7
  1.0408969088804758E+00 b      1114     2     8
  7.6644761865412314E-01 b      1115     2     9
  6.8790555341385906E-01 b      1116     2    10
  1.2782849067775839E+00 b      1117     2    11
  7.6040875016721188E-01 b      1118     2    12
 -9.0917781132568498E-01 b      1119     2    13
  9.6940855759841060E-01 b      1120     2    14
  4.7880092604434994E-02 a      1121     2     1     3     1
 -1.0774087949240249E-01 a      1122     2     2     3     1
  3.3702900998963198E-01 a      1123     2     3     3     1
  4.9231216941896139E-02 a      1124     2     4     3     1
 -3.5052559175373765E-01 a      1125     2     5     3     1
 -5.6995511253784270E-01 a      1126     2     6     3     1
 -8.1446158364132284E-02 a      1127     2     7     3     1
  1.0007317132342571E-01 a      1128     2     8     3     1
  1.6159010704483096E-01 a      1129     2     9     3     1
  6.0090958692778151E-01 a      1130     2    10     3     1
  5.0719884822687811E-01 a      1131     2    11     3     1
 -2.7065522159067218E-01 a      1132     2    12     3     1
 -9.5600277396326622E-02 a      1133     2    13     3     1
 -1.4325489093354510E-01 a      1134     2    14     3     1
 -4.1714663405628449E-01 b      1135     3     1
