################################################################################
# Neural network connection values (weights and biases).
################################################################################
# Col  Name       Description
################################################################################
# 1    connection Neural network connection value.
# 2    t          Connection type (a = weight, b = bias).
# 3    index      Index enumerating weights.
# 4    l_s        Starting point layer (end point layer for biases).
# 5    n_s        Starting point neuron in starting layer (end point neuron for biases).
# 6    l_e        End point layer.
# 7    n_e        End point neuron in end layer.
################################################################################
#                      1 2         3     4     5     6     7
#             connection t     index   l_s   n_s   l_e   n_e
############################################################
  2.2481658165698137E+00 a         1     0     1     1     1
  7.3035027981217944E+00 a         2     0     1     1     2
 -2.6879725788257787E+00 a         3     0     1     1     3
 -2.9364061256165921E+00 a         4     0     1     1     4
 -1.3104659245678985E+00 a         5     0     1     1     5
 -1.2968535546659149E+01 a         6     0     1     1     6
  7.4250505417964652E+00 a         7     0     1     1     7
 -9.5312715685213878E-01 a         8     0     1     1     8
 -6.5375437078717180E-01 a         9     0     1     1     9
  4.4231589446658033E+00 a        10     0     1     1    10
  1.7513213634099638E+00 a        11     0     1     1    11
  8.6001191495326457E-01 a        12     0     1     1    12
 -8.8589040922844786E-01 a        13     0     1     1    13
 -3.5598736115821064E+00 a        14     0     1     1    14
  1.1227227727461719E+00 a        15     0     2     1     1
 -3.0884525720901372E+00 a        16     0     2     1     2
 -4.3422179581289715E+00 a        17     0     2     1     3
  4.2421143465913680E+00 a        18     0     2     1     4
 -8.3539722739979503E+00 a        19     0     2     1     5
 -3.2597417512950635E+00 a        20     0     2     1     6
  2.3525512456700466E+00 a        21     0     2     1     7
  1.8456784092710188E+00 a        22     0     2     1     8
 -4.1832750635511582E+00 a        23     0     2     1     9
  8.7998035324558419E+00 a        24     0     2     1    10
 -8.8321859320407849E+00 a        25     0     2     1    11
 -7.0238257859700437E-01 a        26     0     2     1    12
  9.4585386777262215E-01 a        27     0     2     1    13
  3.0081484843540274E+00 a        28     0     2     1    14
 -1.4526542584176863E+01 a        29     0     3     1     1
 -1.0224880345619169E+01 a        30     0     3     1     2
 -1.3298414618105994E+00 a        31     0     3     1     3
  1.7646551766287249E+01 a        32     0     3     1     4
 -1.6661128535314646E+01 a        33     0     3     1     5
 -1.5932760058227334E+01 a        34     0     3     1     6
 -2.8919426744139557E+01 a        35     0     3     1     7
 -8.6372364278594169E+00 a        36     0     3     1     8
  9.9550600077429543E+00 a        37     0     3     1     9
 -1.4601809825789443E+01 a        38     0     3     1    10
 -2.7601642483627614E+01 a        39     0     3     1    11
  2.4162356381137098E+01 a        40     0     3     1    12
 -1.2794257728262743E+00 a        41     0     3     1    13
  2.5009576175548065E+00 a        42     0     3     1    14
  3.2107763345717153E+01 a        43     0     4     1     1
  1.5572338953857166E+01 a        44     0     4     1     2
 -2.2814738283525624E+01 a        45     0     4     1     3
 -3.5502926975906391E+01 a        46     0     4     1     4
  8.9196466236556891E+00 a        47     0     4     1     5
  1.4445111716112873E+01 a        48     0     4     1     6
  3.2094062265740661E+01 a        49     0     4     1     7
  1.1473827273021080E+01 a        50     0     4     1     8
  6.1907895648029978E+00 a        51     0     4     1     9
  2.8884263570281362E+01 a        52     0     4     1    10
  2.8098155385407701E+01 a        53     0     4     1    11
 -6.0050389229509499E+01 a        54     0     4     1    12
 -1.5016381095445018E+01 a        55     0     4     1    13
  1.9339862742275091E+01 a        56     0     4     1    14
 -5.3303763272909577E-01 a        57     0     5     1     1
 -4.7118816071017102E+00 a        58     0     5     1     2
  2.1557593451110848E+00 a        59     0     5     1     3
  3.0823491767007831E+00 a        60     0     5     1     4
  6.5733371023981768E-01 a        61     0     5     1     5
  2.3307055375318169E+00 a        62     0     5     1     6
 -1.5670123819640056E+00 a        63     0     5     1     7
  2.4718294320618139E+00 a        64     0     5     1     8
  1.3982665731773400E+00 a        65     0     5     1     9
 -4.0207383334821201E-01 a        66     0     5     1    10
  2.4504248809951560E-02 a        67     0     5     1    11
  1.4328459436616395E-01 a        68     0     5     1    12
 -6.0023209486804374E-01 a        69     0     5     1    13
  1.8153116108859499E-01 a        70     0     5     1    14
 -8.3973603801000518E-01 a        71     0     6     1     1
 -7.7107969543137672E-02 a        72     0     6     1     2
  2.6510496644831618E+00 a        73     0     6     1     3
  5.8352455716028706E-01 a        74     0     6     1     4
  2.9338615776418617E+00 a        75     0     6     1     5
 -9.2151687744525612E-01 a        76     0     6     1     6
 -1.0965083663300967E+00 a        77     0     6     1     7
  3.9804448225235101E-01 a        78     0     6     1     8
  3.6065648665523549E+00 a        79     0     6     1     9
 -3.8105097805298058E+00 a        80     0     6     1    10
  4.5909692644684545E+00 a        81     0     6     1    11
  1.1962978642347517E-01 a        82     0     6     1    12
 -2.0761249354559386E+00 a        83     0     6     1    13
 -1.6260697006266049E+00 a        84     0     6     1    14
 -2.6300317909868102E+01 a        85     0     7     1     1
 -2.1598126041075936E+01 a        86     0     7     1     2
  3.1546235366592288E+01 a        87     0     7     1     3
  4.4503215924927346E+01 a        88     0     7     1     4
 -3.4654959658081435E+00 a        89     0     7     1     5
 -1.1900917807229908E+01 a        90     0     7     1     6
 -1.2661465727080516E+01 a        91     0     7     1     7
 -8.3774736533212852E+00 a        92     0     7     1     8
 -1.8673899233540446E+01 a        93     0     7     1     9
 -1.7570429617532280E+01 a        94     0     7     1    10
 -1.1128525833068695E+01 a        95     0     7     1    11
  6.2697754961338390E+01 a        96     0     7     1    12
  2.5407618506323313E+01 a        97     0     7     1    13
 -3.1633159140440885E+01 a        98     0     7     1    14
  1.1449374870879520E+01 a        99     0     8     1     1
  1.2379140928135342E+01 a       100     0     8     1     2
 -1.4739262591987966E+01 a       101     0     8     1     3
 -2.6263979635821208E+01 a       102     0     8     1     4
  2.3962111624685325E+00 a       103     0     8     1     5
  5.2541310327638282E+00 a       104     0     8     1     6
  2.6840865149812134E+00 a       105     0     8     1     7
  4.2409601172501130E+00 a       106     0     8     1     8
  1.1233559376637743E+01 a       107     0     8     1     9
  3.6908756590273715E+00 a       108     0     8     1    10
  5.5281832822688157E+00 a       109     0     8     1    11
 -3.3499971495591844E+01 a       110     0     8     1    12
 -1.5725173548272743E+01 a       111     0     8     1    13
  1.8173699114137037E+01 a       112     0     8     1    14
 -3.4907894679659459E+00 a       113     0     9     1     1
 -1.0688066460502764E+01 a       114     0     9     1     2
 -7.2400293541620471E+00 a       115     0     9     1     3
 -1.6851940407355613E+01 a       116     0     9     1     4
 -1.5831821409379973E+01 a       117     0     9     1     5
  3.8015518102590860E+01 a       118     0     9     1     6
 -3.7501228843769162E+01 a       119     0     9     1     7
 -6.5219380575933850E-02 a       120     0     9     1     8
 -3.3142765816185715E+01 a       121     0     9     1     9
 -2.8209230321531543E+01 a       122     0     9     1    10
 -1.8536027979161080E+01 a       123     0     9     1    11
 -6.3786963895754987E+00 a       124     0     9     1    12
  1.2556729467717814E+01 a       125     0     9     1    13
 -9.2007979067090080E+00 a       126     0     9     1    14
 -8.6645898135230439E+00 a       127     0    10     1     1
  3.3542296668408589E+01 a       128     0    10     1     2
  2.8742436791115482E+00 a       129     0    10     1     3
  7.9065626368912856E+00 a       130     0    10     1     4
  1.5520272431219679E+01 a       131     0    10     1     5
  7.3495499912492868E+00 a       132     0    10     1     6
 -2.1788620242070518E+01 a       133     0    10     1     7
 -9.0021166488425415E+00 a       134     0    10     1     8
 -1.1073241839669663E+01 a       135     0    10     1     9
 -8.0957027727347786E+00 a       136     0    10     1    10
  8.2259059730783701E-01 a       137     0    10     1    11
 -4.7302977587566369E-01 a       138     0    10     1    12
  5.1563091587445689E+00 a       139     0    10     1    13
  4.2075346016194599E+00 a       140     0    10     1    14
 -3.1565532781340632E+01 a       141     0    11     1     1
  4.5664380757864178E+00 a       142     0    11     1     2
  1.8446556591675368E+01 a       143     0    11     1     3
  1.0818979467345645E+01 a       144     0    11     1     4
  3.5333479622825656E+01 a       145     0    11     1     5
  3.0011799497895751E+01 a       146     0    11     1     6
  6.6202454230715757E+00 a       147     0    11     1     7
  4.8825526565613700E+01 a       148     0    11     1     8
 -3.5178922910192256E+01 a       149     0    11     1     9
  3.6117654252116309E+00 a       150     0    11     1    10
  1.7921101736748767E+01 a       151     0    11     1    11
  3.2416066293149655E+01 a       152     0    11     1    12
  1.0143441295184681E+01 a       153     0    11     1    13
 -3.6387366658863762E+01 a       154     0    11     1    14
  5.8607470982673453E+00 a       155     0    12     1     1
 -4.2338684220575677E+00 a       156     0    12     1     2
  3.2486269764421685E+01 a       157     0    12     1     3
 -2.2066746320562618E+01 a       158     0    12     1     4
  5.5849077625427121E+01 a       159     0    12     1     5
  4.1108379037225760E+01 a       160     0    12     1     6
 -3.6123300184710956E+01 a       161     0    12     1     7
 -1.1123619869095602E+01 a       162     0    12     1     8
  1.5223965724099472E+01 a       163     0    12     1     9
 -5.4586959352241024E+01 a       164     0    12     1    10
 -6.8602757024246683E+00 a       165     0    12     1    11
 -4.2924957100650669E+00 a       166     0    12     1    12
  2.3429948641432496E+01 a       167     0    12     1    13
  4.2812508544563341E+00 a       168     0    12     1    14
  8.5259360275243801E-01 a       169     0    13     1     1
  1.7599515913479465E+01 a       170     0    13     1     2
 -6.8965611744791779E+00 a       171     0    13     1     3
  3.1063193909961053E+00 a       172     0    13     1     4
 -3.2745335048713682E+00 a       173     0    13     1     5
 -2.1986995354939936E+00 a       174     0    13     1     6
  6.8417934982626893E-01 a       175     0    13     1     7
 -2.3980886753316732E+00 a       176     0    13     1     8
 -1.2544922382444458E+01 a       177     0    13     1     9
  1.5339215491311613E+00 a       178     0    13     1    10
 -1.1700352309386952E+01 a       179     0    13     1    11
  1.6379229988630684E+00 a       180     0    13     1    12
  1.4015342600611206E+01 a       181     0    13     1    13
  4.3509238216619943E+00 a       182     0    13     1    14
 -5.0394836193362437E+01 a       183     0    14     1     1
 -7.5025913604830645E+00 a       184     0    14     1     2
  7.0387609717393858E+01 a       185     0    14     1     3
  3.2647702673399252E+01 a       186     0    14     1     4
  8.2733344311434735E+01 a       187     0    14     1     5
 -6.0795461603723080E+00 a       188     0    14     1     6
  4.1469312339749941E+01 a       189     0    14     1     7
 -2.7422326125944490E+01 a       190     0    14     1     8
 -8.1259919344708166E+01 a       191     0    14     1     9
 -2.4296893186635746E+01 a       192     0    14     1    10
  8.3818739331999552E+01 a       193     0    14     1    11
  2.0448931493796607E+01 a       194     0    14     1    12
 -1.0873008284813475E+01 a       195     0    14     1    13
 -7.2604329320172837E+01 a       196     0    14     1    14
  1.0214145674940684E+00 a       197     0    15     1     1
  6.2175515143354501E+00 a       198     0    15     1     2
  7.8508224503228288E+00 a       199     0    15     1     3
 -6.6907626208225786E+00 a       200     0    15     1     4
  9.3481411767722555E+00 a       201     0    15     1     5
  5.4600445840538503E-01 a       202     0    15     1     6
 -3.2820416715887446E-01 a       203     0    15     1     7
  1.5449804485016987E+00 a       204     0    15     1     8
  1.2154057633449220E+00 a       205     0    15     1     9
 -8.6318632894040839E+00 a       206     0    15     1    10
  9.7870471653686930E-01 a       207     0    15     1    11
 -1.6347234812726912E+00 a       208     0    15     1    12
  4.1225719424741074E+00 a       209     0    15     1    13
 -3.2323898442046262E+00 a       210     0    15     1    14
 -2.9823528635666103E+00 a       211     0    16     1     1
  4.6657700986842148E+00 a       212     0    16     1     2
 -5.0428971217578544E+00 a       213     0    16     1     3
 -6.6089993906140077E-01 a       214     0    16     1     4
 -4.2181576012673982E-01 a       215     0    16     1     5
 -3.2403647866272562E+00 a       216     0    16     1     6
 -5.2424739681211570E+00 a       217     0    16     1     7
 -3.7641428744003655E+00 a       218     0    16     1     8
 -2.3694967567204710E+00 a       219     0    16     1     9
 -4.0120357565134226E+00 a       220     0    16     1    10
 -6.2659384153786002E+00 a       221     0    16     1    11
 -4.2050514775989747E+00 a       222     0    16     1    12
  3.8198982367227234E+00 a       223     0    16     1    13
  6.4649463082023138E+00 a       224     0    16     1    14
 -5.5472282071209893E+00 a       225     0    17     1     1
 -1.7108859516594478E+01 a       226     0    17     1     2
  1.8222038020851550E-01 a       227     0    17     1     3
  7.1449254800368953E+00 a       228     0    17     1     4
  1.7217556151944950E+00 a       229     0    17     1     5
 -4.5164677088692873E+00 a       230     0    17     1     6
 -7.5260866140457139E-01 a       231     0    17     1     7
  3.2515324765536957E+00 a       232     0    17     1     8
 -5.3887660011500529E+00 a       233     0    17     1     9
 -5.1341987007161827E-01 a       234     0    17     1    10
  3.1733631529432529E+00 a       235     0    17     1    11
 -1.0401882366737027E+00 a       236     0    17     1    12
 -2.3597924718579679E+00 a       237     0    17     1    13
 -2.1970983905282613E+00 a       238     0    17     1    14
 -9.6344863684825750E+00 a       239     0    18     1     1
  2.7481544732574900E+01 a       240     0    18     1     2
  2.6459502707528177E+01 a       241     0    18     1     3
  7.0892670322193680E+01 a       242     0    18     1     4
  5.4835974280179599E+01 a       243     0    18     1     5
 -2.8688522687926259E+01 a       244     0    18     1     6
  3.2901593009771382E+01 a       245     0    18     1     7
 -4.5800464680752064E+00 a       246     0    18     1     8
  8.2137826489511085E+01 a       247     0    18     1     9
  4.9554041314219184E+01 a       248     0    18     1    10
  2.6433617455568847E+01 a       249     0    18     1    11
  3.0790011536476192E-01 a       250     0    18     1    12
 -3.8404366291596467E+01 a       251     0    18     1    13
  5.4973308976563402E+01 a       252     0    18     1    14
  8.3741226667115125E+00 a       253     0    19     1     1
 -6.8878825505741162E+01 a       254     0    19     1     2
  1.0523121895323294E+01 a       255     0    19     1     3
 -9.1946682394195971E+00 a       256     0    19     1     4
 -1.3957848351616189E+01 a       257     0    19     1     5
 -3.7059504916714365E+00 a       258     0    19     1     6
  1.9861175289190644E+01 a       259     0    19     1     7
  1.2955106260494071E+01 a       260     0    19     1     8
  3.4051123074469835E+01 a       261     0    19     1     9
  5.0375402386094761E+00 a       262     0    19     1    10
  1.8708578384237743E+01 a       263     0    19     1    11
 -7.8801850412725805E-02 a       264     0    19     1    12
 -2.8517145397176201E+01 a       265     0    19     1    13
 -7.6394467917950184E+00 a       266     0    19     1    14
  6.8433210950625678E+01 a       267     0    20     1     1
  5.3216287249597478E+01 a       268     0    20     1     2
  1.3723053092412938E+01 a       269     0    20     1     3
 -2.3659702950294072E+01 a       270     0    20     1     4
 -2.6395865059241171E+01 a       271     0    20     1     5
 -2.2537965727829896E+01 a       272     0    20     1     6
  1.3211447358858409E+01 a       273     0    20     1     7
 -1.3507057423535670E+02 a       274     0    20     1     8
  4.3377614226969818E+01 a       275     0    20     1     9
 -1.1448657573028425E+01 a       276     0    20     1    10
  9.9377181874978433E+00 a       277     0    20     1    11
 -8.9023714404861636E+01 a       278     0    20     1    12
 -1.9643987940458043E+01 a       279     0    20     1    13
  6.0801254476765870E+01 a       280     0    20     1    14
  6.1357376485876858E-01 a       281     0    21     1     1
 -1.9423883953318452E+01 a       282     0    21     1     2
 -3.0676728818619846E+01 a       283     0    21     1     3
 -1.3878301715440220E+01 a       284     0    21     1     4
 -4.8453032374628776E+01 a       285     0    21     1     5
  7.7340877486215953E-01 a       286     0    21     1     6
 -2.8423671045177346E-01 a       287     0    21     1     7
  2.2015223534326456E+00 a       288     0    21     1     8
 -3.4399391181734998E+01 a       289     0    21     1     9
  5.8192155257814777E+00 a       290     0    21     1    10
 -1.0338610067881193E+01 a       291     0    21     1    11
  1.3591553366398503E+00 a       292     0    21     1    12
  4.2584065144878269E-01 a       293     0    21     1    13
 -1.7626197785097808E+01 a       294     0    21     1    14
 -9.5313791558008365E+00 a       295     0    22     1     1
  3.0143558213288424E+00 a       296     0    22     1     2
 -2.6788189382515881E+01 a       297     0    22     1     3
 -9.6945749063619981E+00 a       298     0    22     1     4
 -9.2812067060493249E+00 a       299     0    22     1     5
  2.0507317624745397E+01 a       300     0    22     1     6
 -1.2951812176666730E+01 a       301     0    22     1     7
  6.8137467081388579E+01 a       302     0    22     1     8
  8.9194798433207492E+00 a       303     0    22     1     9
  1.2880360162937274E+01 a       304     0    22     1    10
 -3.1858443332569486E+01 a       305     0    22     1    11
  3.0889194045886651E+01 a       306     0    22     1    12
  1.2340477803938519E+01 a       307     0    22     1    13
 -3.4219627584626693E+00 a       308     0    22     1    14
  2.1659285131902948E+00 a       309     0    23     1     1
  1.3276471154082048E+00 a       310     0    23     1     2
  5.3192677635026566E+00 a       311     0    23     1     3
 -1.0130190339005955E+01 a       312     0    23     1     4
 -2.7572266645604921E+00 a       313     0    23     1     5
 -3.2955563080304064E+00 a       314     0    23     1     6
  1.7934808577938490E+00 a       315     0    23     1     7
  5.0513379085789545E+00 a       316     0    23     1     8
 -6.6495346178171575E+00 a       317     0    23     1     9
 -5.0591054827226385E+00 a       318     0    23     1    10
 -1.7240165474518793E-01 a       319     0    23     1    11
 -5.8186434180624413E-01 a       320     0    23     1    12
  4.1344282374619228E+00 a       321     0    23     1    13
 -1.0619379638284386E+01 a       322     0    23     1    14
 -5.8032251360109632E-01 a       323     0    24     1     1
  5.0505785173498339E+00 a       324     0    24     1     2
  2.7900640885107189E+00 a       325     0    24     1     3
 -2.9344687998203529E+00 a       326     0    24     1     4
 -1.6429285721611814E-01 a       327     0    24     1     5
 -5.8935045492368747E+00 a       328     0    24     1     6
 -2.2202185695483574E+00 a       329     0    24     1     7
 -3.4376389914170563E-01 a       330     0    24     1     8
 -3.0223452228729504E+00 a       331     0    24     1     9
 -1.0854537116438874E+00 a       332     0    24     1    10
 -2.0839047477236172E+00 a       333     0    24     1    11
 -2.3478443361427876E+00 a       334     0    24     1    12
  3.4390823396310477E+00 a       335     0    24     1    13
 -1.7581095110329010E+00 a       336     0    24     1    14
 -4.2851574803511117E+00 a       337     0    25     1     1
 -1.1407077487062161E+01 a       338     0    25     1     2
  1.1093579478598505E+00 a       339     0    25     1     3
  3.5689178202599194E+00 a       340     0    25     1     4
 -1.3117366499503273E+00 a       341     0    25     1     5
  1.1515197186600969E+00 a       342     0    25     1     6
  4.9015844778804019E-01 a       343     0    25     1     7
  1.5716101940122117E+01 a       344     0    25     1     8
 -2.3357770303999774E+00 a       345     0    25     1     9
  5.6792410555752841E+00 a       346     0    25     1    10
 -2.2436453412468129E+00 a       347     0    25     1    11
  5.9960861595163442E+00 a       348     0    25     1    12
  7.9552391570120706E-01 a       349     0    25     1    13
 -5.6639961314066261E+00 a       350     0    25     1    14
 -2.4547127552469551E-02 a       351     0    26     1     1
 -6.5381922728753201E+00 a       352     0    26     1     2
 -5.0628346852867567E+00 a       353     0    26     1     3
 -1.1620965782049710E+00 a       354     0    26     1     4
 -2.7159663039632140E+00 a       355     0    26     1     5
  7.6379024332645296E+00 a       356     0    26     1     6
 -7.9287492030440223E+00 a       357     0    26     1     7
 -3.4372242054640112E+00 a       358     0    26     1     8
 -5.4148669570789529E+00 a       359     0    26     1     9
 -3.0443859157743733E+00 a       360     0    26     1    10
 -3.7963449871467434E+00 a       361     0    26     1    11
  8.1977576116142770E-01 a       362     0    26     1    12
  2.7819297450534095E+00 a       363     0    26     1    13
  1.3176901375881973E+00 a       364     0    26     1    14
  9.8730122185496150E-01 a       365     0    27     1     1
  1.4675099703711700E+01 a       366     0    27     1     2
  1.4966763179245068E+00 a       367     0    27     1     3
  3.7338755372938413E+00 a       368     0    27     1     4
  5.8328680916114717E+00 a       369     0    27     1     5
  8.9682080805717277E+00 a       370     0    27     1     6
  2.7247209085181665E+00 a       371     0    27     1     7
  2.4846825641491326E+00 a       372     0    27     1     8
 -6.1384085218203523E+00 a       373     0    27     1     9
  3.6204289479644540E+00 a       374     0    27     1    10
  1.5645594091487693E+00 a       375     0    27     1    11
  4.6610634646524645E+00 a       376     0    27     1    12
  1.5837728348936362E+00 a       377     0    27     1    13
 -3.5893689464584133E+00 a       378     0    27     1    14
 -7.4801235646572417E+00 a       379     0    28     1     1
  8.5007984142903670E+00 a       380     0    28     1     2
  5.7168470231989028E+00 a       381     0    28     1     3
 -3.9118585406648537E-01 a       382     0    28     1     4
  1.0252191000175234E+01 a       383     0    28     1     5
  1.5132676730719341E-01 a       384     0    28     1     6
  1.6077911469508770E+00 a       385     0    28     1     7
  1.4883012029010667E-01 a       386     0    28     1     8
 -9.1134620659623042E+00 a       387     0    28     1     9
 -5.2085350480862935E+00 a       388     0    28     1    10
  6.8847826662834803E+00 a       389     0    28     1    11
  8.4520836440215135E+00 a       390     0    28     1    12
  1.1983882819573100E+00 a       391     0    28     1    13
 -9.8874639401185664E+00 a       392     0    28     1    14
 -9.3624718979171151E-01 a       393     0    29     1     1
  3.0465609784266934E+00 a       394     0    29     1     2
 -2.3933823538049822E+01 a       395     0    29     1     3
  5.5827674751149274E+00 a       396     0    29     1     4
 -4.9523053696910857E+01 a       397     0    29     1     5
 -4.6250768335733170E+01 a       398     0    29     1     6
  3.5610819558802170E+01 a       399     0    29     1     7
  1.1354216958302885E+01 a       400     0    29     1     8
 -1.9900820996988891E+01 a       401     0    29     1     9
  3.9162115924422423E+01 a       402     0    29     1    10
  7.2259616313236537E+00 a       403     0    29     1    11
  6.5169948116974385E+00 a       404     0    29     1    12
 -9.8028989794225474E+00 a       405     0    29     1    13
 -1.3048919229741365E+01 a       406     0    29     1    14
  3.7390427324673425E+01 a       407     0    30     1     1
 -3.0929099258094769E+01 a       408     0    30     1     2
 -7.2570729186430881E+01 a       409     0    30     1     3
 -2.1167330841648877E+01 a       410     0    30     1     4
 -8.4988893481472758E+01 a       411     0    30     1     5
 -1.3855001010255490E+01 a       412     0    30     1     6
 -4.5761029401751010E+01 a       413     0    30     1     7
  3.5023374703581446E+01 a       414     0    30     1     8
  7.3577677485529620E+01 a       415     0    30     1     9
  1.9770538985066757E+01 a       416     0    30     1    10
 -8.2880434466566015E+01 a       417     0    30     1    11
 -7.0694902520128435E+00 a       418     0    30     1    12
  1.1307294825835232E+01 a       419     0    30     1    13
  6.2397223880182750E+01 a       420     0    30     1    14
 -2.9470649871307847E-01 a       421     0    31     1     1
 -7.6654138626129875E-01 a       422     0    31     1     2
 -1.8413765880951503E+00 a       423     0    31     1     3
  2.0571203883941842E+00 a       424     0    31     1     4
 -1.2133108878044028E+00 a       425     0    31     1     5
  8.8057407736983428E-01 a       426     0    31     1     6
 -6.9926126350117046E-01 a       427     0    31     1     7
  3.5486650267392833E-01 a       428     0    31     1     8
 -1.2291102257038014E+00 a       429     0    31     1     9
  1.9278912927410270E+00 a       430     0    31     1    10
  4.1819103599223389E-01 a       431     0    31     1    11
 -1.0795465126345278E+00 a       432     0    31     1    12
 -8.2224664175093143E-01 a       433     0    31     1    13
  7.7352358079250727E-01 a       434     0    31     1    14
 -1.0540662907456142E+00 a       435     0    32     1     1
  3.3749101455366954E+00 a       436     0    32     1     2
 -1.2562901030728610E+00 a       437     0    32     1     3
  4.7472643597250402E-01 a       438     0    32     1     4
  8.2943454906256031E-01 a       439     0    32     1     5
  3.6569175951442645E-01 a       440     0    32     1     6
 -7.2295974886532766E-01 a       441     0    32     1     7
 -2.2375289946405621E+00 a       442     0    32     1     8
  3.4841891083462878E-01 a       443     0    32     1     9
  1.4278437127517415E-01 a       444     0    32     1    10
 -8.1565483838268205E-01 a       445     0    32     1    11
  7.1568585437170074E-01 a       446     0    32     1    12
  1.7897037172660010E-01 a       447     0    32     1    13
  8.2663026347339830E-01 a       448     0    32     1    14
 -9.8929590280528557E-01 a       449     0    33     1     1
 -4.7825178098807619E-01 a       450     0    33     1     2
  2.7975439083100970E+00 a       451     0    33     1     3
 -6.1367950901838786E-01 a       452     0    33     1     4
  2.3119247789645110E+00 a       453     0    33     1     5
  1.3964285191711403E+00 a       454     0    33     1     6
  5.6805194891366491E-02 a       455     0    33     1     7
  8.4711211790604157E-01 a       456     0    33     1     8
 -6.7068629332974627E-01 a       457     0    33     1     9
  4.4443402567321105E-01 a       458     0    33     1    10
  1.8412035053841262E+00 a       459     0    33     1    11
  1.4916563081843062E-01 a       460     0    33     1    12
 -6.3254143095977611E-01 a       461     0    33     1    13
 -2.9310121131197771E+00 a       462     0    33     1    14
 -6.9903827701500787E-01 a       463     0    34     1     1
  3.6539685262886286E+00 a       464     0    34     1     2
 -2.6624809583926234E-01 a       465     0    34     1     3
 -1.8244324535872372E+00 a       466     0    34     1     4
 -9.5604797548037257E-01 a       467     0    34     1     5
  3.9646925513988801E-01 a       468     0    34     1     6
  3.6444476600265036E-01 a       469     0    34     1     7
 -2.0383277321903992E+00 a       470     0    34     1     8
 -1.0058079542484890E+00 a       471     0    34     1     9
  2.7143110773872187E-01 a       472     0    34     1    10
 -1.1368963383433439E+00 a       473     0    34     1    11
 -8.3348040564577897E-01 a       474     0    34     1    12
 -1.3817719848503653E+00 a       475     0    34     1    13
  2.1114519109506180E-01 a       476     0    34     1    14
 -1.7728499885488176E+00 a       477     0    35     1     1
  4.9206510975681905E-01 a       478     0    35     1     2
  2.0427058166796397E+00 a       479     0    35     1     3
  4.0306174443018490E+00 a       480     0    35     1     4
  5.6321198597694910E-01 a       481     0    35     1     5
 -6.5045327570162362E-02 a       482     0    35     1     6
  1.6776997288960314E+00 a       483     0    35     1     7
 -1.4633113494617220E+00 a       484     0    35     1     8
  8.3891637397871810E-01 a       485     0    35     1     9
  1.4891184755785242E-01 a       486     0    35     1    10
  5.9163438879584884E-01 a       487     0    35     1    11
  3.1733049620663016E+00 a       488     0    35     1    12
 -6.3357166166652934E-02 a       489     0    35     1    13
 -6.1648757205098703E-01 a       490     0    35     1    14
  1.6912979042939464E+00 a       491     0    36     1     1
 -3.3225819308854656E+00 a       492     0    36     1     2
  2.5300674037819976E-01 a       493     0    36     1     3
 -2.3954271641174466E-01 a       494     0    36     1     4
 -8.7651645427844649E-01 a       495     0    36     1     5
 -4.5227465906573112E+00 a       496     0    36     1     6
 -6.0950009361549665E-02 a       497     0    36     1     7
  1.9773782930338670E+00 a       498     0    36     1     8
 -2.1554580947702237E-01 a       499     0    36     1     9
 -2.7868963632893062E-01 a       500     0    36     1    10
  4.6606900449845839E-01 a       501     0    36     1    11
  8.1219582123910627E-01 a       502     0    36     1    12
  1.2387201522291995E+00 a       503     0    36     1    13
 -1.1898304065100711E+00 a       504     0    36     1    14
  7.1816518439218291E-01 a       505     0    37     1     1
 -1.9522461882417005E+01 a       506     0    37     1     2
  7.5145103047739443E+00 a       507     0    37     1     3
  9.9969418233560035E+00 a       508     0    37     1     4
  2.7389284316825702E+00 a       509     0    37     1     5
 -4.3437658583924277E+00 a       510     0    37     1     6
 -6.4751380260295681E+00 a       511     0    37     1     7
  4.3098880637942344E-01 a       512     0    37     1     8
  6.4954533675365272E-02 a       513     0    37     1     9
  4.0641037350588605E-01 a       514     0    37     1    10
  4.4070429323194764E+00 a       515     0    37     1    11
  1.7693484463869758E+01 a       516     0    37     1    12
  9.9543854795124354E+00 a       517     0    37     1    13
  1.7791750475274219E+00 a       518     0    37     1    14
  2.0371340161791553E+00 a       519     0    38     1     1
 -4.7036617922388047E+00 a       520     0    38     1     2
  1.2355167517430341E+00 a       521     0    38     1     3
 -2.3566309361925897E+00 a       522     0    38     1     4
 -8.4498822345931901E-01 a       523     0    38     1     5
 -1.9861178726301723E+00 a       524     0    38     1     6
 -4.0345776186695791E-02 a       525     0    38     1     7
 -1.6240958416914388E+00 a       526     0    38     1     8
 -5.0642913914250187E-01 a       527     0    38     1     9
  3.7714448207131893E-02 a       528     0    38     1    10
  2.2984027482440030E+00 a       529     0    38     1    11
  3.7497862852932595E+00 a       530     0    38     1    12
  1.0255631483084937E+00 a       531     0    38     1    13
 -2.7476131591750699E+00 a       532     0    38     1    14
  1.0653417325323757E+00 a       533     0    39     1     1
 -1.2016620946648795E+01 a       534     0    39     1     2
 -5.1840133221054510E+00 a       535     0    39     1     3
 -9.2158701450161773E-01 a       536     0    39     1     4
 -3.3986254083172862E+00 a       537     0    39     1     5
 -3.2078133129493520E+00 a       538     0    39     1     6
  1.1622364334737461E+00 a       539     0    39     1     7
 -1.6246129325780531E-01 a       540     0    39     1     8
 -4.6696652003654711E+00 a       541     0    39     1     9
 -2.7009401593655302E+00 a       542     0    39     1    10
  4.5035550865227991E+00 a       543     0    39     1    11
 -2.1679621119820265E+00 a       544     0    39     1    12
  6.3983857014283227E+00 a       545     0    39     1    13
 -2.5594819117882546E+00 a       546     0    39     1    14
  2.7930357417552281E+00 a       547     0    40     1     1
  3.9895378490229287E+00 a       548     0    40     1     2
 -2.8874923709400435E+00 a       549     0    40     1     3
 -4.6286423994303556E+00 a       550     0    40     1     4
  2.6173083528710390E+00 a       551     0    40     1     5
  2.8032093902858080E+00 a       552     0    40     1     6
 -5.8695772653480800E+00 a       553     0    40     1     7
 -2.7356940307259743E+00 a       554     0    40     1     8
 -7.2124545756251424E+00 a       555     0    40     1     9
  1.2456942276518215E+00 a       556     0    40     1    10
 -4.4113942857036553E-01 a       557     0    40     1    11
  6.2742731408927810E+00 a       558     0    40     1    12
 -1.1185287963602495E+00 a       559     0    40     1    13
 -3.7722540090397261E+00 a       560     0    40     1    14
 -1.5039023611570571E-01 a       561     0    41     1     1
  5.7222010294119077E+00 a       562     0    41     1     2
 -2.2002872552944130E+00 a       563     0    41     1     3
 -1.5386716683296713E+00 a       564     0    41     1     4
  3.0563671596921718E+00 a       565     0    41     1     5
  2.5976723603772154E+00 a       566     0    41     1     6
 -8.5109591100045984E-02 a       567     0    41     1     7
 -3.3190423607073822E+00 a       568     0    41     1     8
 -1.1674764694906750E+00 a       569     0    41     1     9
  6.0733319106553829E-01 a       570     0    41     1    10
 -1.9701921028698934E+00 a       571     0    41     1    11
  3.2864928268581752E+00 a       572     0    41     1    12
 -3.3627919624542693E+00 a       573     0    41     1    13
 -1.3465492423208290E+00 a       574     0    41     1    14
  6.2180136047729526E+00 a       575     0    42     1     1
  9.1793293162871024E+00 a       576     0    42     1     2
 -9.9818436857951234E+00 a       577     0    42     1     3
 -1.0980770586822825E+01 a       578     0    42     1     4
 -1.0615448967681965E+01 a       579     0    42     1     5
 -1.0022500170158290E+01 a       580     0    42     1     6
  2.0323011940797397E+01 a       581     0    42     1     7
 -1.0719829815924939E-01 a       582     0    42     1     8
 -3.3158087421666915E-01 a       583     0    42     1     9
  9.5884381506351453E+00 a       584     0    42     1    10
 -1.1843030238218475E+00 a       585     0    42     1    11
 -1.3387536560707304E+01 a       586     0    42     1    12
 -1.0812546948445735E+01 a       587     0    42     1    13
 -1.5170581405564917E+01 a       588     0    42     1    14
  4.2753762502116976E-01 a       589     0    43     1     1
 -3.6790192806054764E+00 a       590     0    43     1     2
  1.7943658399705209E+00 a       591     0    43     1     3
  1.1301282353421488E-01 a       592     0    43     1     4
  1.9807541750835480E+00 a       593     0    43     1     5
  6.2485939619584085E-01 a       594     0    43     1     6
  6.3630207211488186E+00 a       595     0    43     1     7
  3.2738101082192101E+00 a       596     0    43     1     8
  1.9686306850206261E+00 a       597     0    43     1     9
  2.3652932723679254E+00 a       598     0    43     1    10
  5.0669687734529589E-01 a       599     0    43     1    11
 -2.9115937601838171E-01 a       600     0    43     1    12
 -3.8053281533854746E-02 a       601     0    43     1    13
 -5.3464613534735719E+00 a       602     0    43     1    14
  4.1132989595176932E+00 a       603     0    44     1     1
 -1.2667091549152815E+01 a       604     0    44     1     2
 -4.6819187307981318E+00 a       605     0    44     1     3
  5.5839623659177358E+00 a       606     0    44     1     4
 -1.4675574563699698E+01 a       607     0    44     1     5
 -1.7887059658205470E+01 a       608     0    44     1     6
  5.7916920030016881E+00 a       609     0    44     1     7
 -4.7065302160425349E+00 a       610     0    44     1     8
  8.0735300838106046E+00 a       611     0    44     1     9
  1.3866449613344221E+01 a       612     0    44     1    10
 -3.4766463356015103E+00 a       613     0    44     1    11
  6.1783019361719447E+00 a       614     0    44     1    12
 -9.9213599198131970E+00 a       615     0    44     1    13
  3.2339632296454184E+00 a       616     0    44     1    14
 -1.6756382260819860E+00 a       617     0    45     1     1
 -9.8752104439708130E+00 a       618     0    45     1     2
  5.4213333503438683E+00 a       619     0    45     1     3
  2.5249421785809383E+00 a       620     0    45     1     4
 -7.8403922135708559E-01 a       621     0    45     1     5
 -5.6327547630249675E-01 a       622     0    45     1     6
  1.1060585322967405E+01 a       623     0    45     1     7
  6.6103220296068850E+00 a       624     0    45     1     8
  7.1913166723932358E+00 a       625     0    45     1     9
 -3.0972645676211057E+00 a       626     0    45     1    10
  4.7657080831941148E+00 a       627     0    45     1    11
 -4.4892454235155732E+00 a       628     0    45     1    12
  1.1448222969720137E+00 a       629     0    45     1    13
 -1.9562180221495755E+00 a       630     0    45     1    14
  2.8935303940278194E+00 a       631     0    46     1     1
 -2.1644664893715230E+01 a       632     0    46     1     2
  4.3874519785996124E+00 a       633     0    46     1     3
  6.2113829250282449E-01 a       634     0    46     1     4
 -7.3647278195982100E+00 a       635     0    46     1     5
 -9.5595801959507440E+00 a       636     0    46     1     6
 -6.7465622640326817E-01 a       637     0    46     1     7
  6.9085494905198850E+00 a       638     0    46     1     8
  2.7040869275503027E-01 a       639     0    46     1     9
 -5.2281355439506205E+00 a       640     0    46     1    10
  6.4992001304372478E+00 a       641     0    46     1    11
 -1.0151263523114693E+00 a       642     0    46     1    12
  1.0924433892934346E+01 a       643     0    46     1    13
 -1.2132604748670177E+00 a       644     0    46     1    14
 -2.7957572857344566E+00 a       645     0    47     1     1
 -2.0169999766149243E+01 a       646     0    47     1     2
  5.2756104407422431E+00 a       647     0    47     1     3
  4.4610938565394189E+00 a       648     0    47     1     4
 -2.1478620262011383E+01 a       649     0    47     1     5
 -3.5154824057246870E+01 a       650     0    47     1     6
  3.6644900732719043E+00 a       651     0    47     1     7
 -4.6088341436764546E+00 a       652     0    47     1     8
 -1.6109233891482160E+00 a       653     0    47     1     9
  4.1744192990598528E+00 a       654     0    47     1    10
 -3.2491063098359123E+00 a       655     0    47     1    11
  1.6812047850769876E+01 a       656     0    47     1    12
  8.1126371895633143E-01 a       657     0    47     1    13
 -9.5572692348333028E+00 a       658     0    47     1    14
 -2.7533561203788817E+00 a       659     0    48     1     1
  6.0441491616990950E+00 a       660     0    48     1     2
  2.6804202192436932E+00 a       661     0    48     1     3
  2.1285244599615756E+00 a       662     0    48     1     4
  9.1247534359146663E+00 a       663     0    48     1     5
 -5.4640566367344823E+00 a       664     0    48     1     6
 -3.8077094702300479E-01 a       665     0    48     1     7
 -6.6145082684340260E+00 a       666     0    48     1     8
  3.8526487388929422E+00 a       667     0    48     1     9
 -6.4439845381435585E+00 a       668     0    48     1    10
  4.4528212543196997E+00 a       669     0    48     1    11
  7.6284494839983221E+00 a       670     0    48     1    12
  3.3846362353759873E-01 a       671     0    48     1    13
 -1.1256226288153621E+00 a       672     0    48     1    14
 -1.9558805806319988E-02 a       673     0    49     1     1
  1.3783873272853260E+00 a       674     0    49     1     2
 -7.9574501328742497E-01 a       675     0    49     1     3
  7.3495375317362344E-01 a       676     0    49     1     4
 -1.1091821094113867E+00 a       677     0    49     1     5
  1.7612258474384577E+00 a       678     0    49     1     6
  8.1800522297131417E-02 a       679     0    49     1     7
  1.2745419110518758E-01 a       680     0    49     1     8
 -1.4626991910364324E+00 a       681     0    49     1     9
  7.9624894904279353E-01 a       682     0    49     1    10
  3.7886633311051812E-02 a       683     0    49     1    11
 -1.0639661328613155E+00 a       684     0    49     1    12
 -5.2310285196138195E-01 a       685     0    49     1    13
 -8.0174646574589381E-01 a       686     0    49     1    14
 -2.0540357554959818E-01 a       687     0    50     1     1
  1.4457064792536332E+00 a       688     0    50     1     2
 -9.5181741348040882E-01 a       689     0    50     1     3
  3.9883038436989182E-01 a       690     0    50     1     4
 -1.1624373126696836E+00 a       691     0    50     1     5
  1.4016001444018983E-01 a       692     0    50     1     6
 -9.0673279605879320E-01 a       693     0    50     1     7
  4.8464839636495549E-01 a       694     0    50     1     8
 -4.7217632958051692E-01 a       695     0    50     1     9
  2.0482455507457556E-01 a       696     0    50     1    10
 -1.4235800576513673E+00 a       697     0    50     1    11
 -8.0882874239445868E-01 a       698     0    50     1    12
 -4.9248194403729101E-01 a       699     0    50     1    13
  7.6012683363766465E-01 a       700     0    50     1    14
  2.2089165447883580E-01 a       701     0    51     1     1
  8.4776029688920618E-01 a       702     0    51     1     2
  3.4113577579775711E-01 a       703     0    51     1     3
 -9.6926649674116128E-01 a       704     0    51     1     4
 -5.9704499368727026E-01 a       705     0    51     1     5
 -3.1978789507077288E+00 a       706     0    51     1     6
 -1.3773713821248992E+00 a       707     0    51     1     7
 -8.0193144243648184E-01 a       708     0    51     1     8
  4.6370793645745662E-01 a       709     0    51     1     9
 -6.2684968635086946E-01 a       710     0    51     1    10
 -6.3051704268293218E-01 a       711     0    51     1    11
  7.4935617909117724E-01 a       712     0    51     1    12
 -5.3048618086798072E-01 a       713     0    51     1    13
  1.7036683922404425E-01 a       714     0    51     1    14
 -2.1760097828747127E+00 a       715     0    52     1     1
 -4.5233655863513367E-01 a       716     0    52     1     2
  8.2718256614441421E-01 a       717     0    52     1     3
  1.9366276824208621E+00 a       718     0    52     1     4
 -3.8580721107974894E+00 a       719     0    52     1     5
  2.2349395904112250E+00 a       720     0    52     1     6
  3.2088411383121027E+00 a       721     0    52     1     7
 -1.0750875839002234E-01 a       722     0    52     1     8
 -8.9790346263248466E-01 a       723     0    52     1     9
  3.4498135947569177E+00 a       724     0    52     1    10
 -3.0760850782824516E+00 a       725     0    52     1    11
  1.1921397009209744E+00 a       726     0    52     1    12
 -3.8534655705463161E-01 a       727     0    52     1    13
 -1.8870845796337876E+00 a       728     0    52     1    14
 -2.3629616000018427E+00 a       729     0    53     1     1
  4.3406648469649802E+00 a       730     0    53     1     2
  3.2319999597478388E-01 a       731     0    53     1     3
  2.0393850120264121E+00 a       732     0    53     1     4
  7.6255785329354611E+00 a       733     0    53     1     5
  1.0188775438553487E+01 a       734     0    53     1     6
 -3.4360536954130012E+00 a       735     0    53     1     7
 -6.9512569682577063E-01 a       736     0    53     1     8
  4.6476826151916262E+00 a       737     0    53     1     9
 -8.2718739008003173E-01 a       738     0    53     1    10
 -2.6735854146168792E+00 a       739     0    53     1    11
  3.3142419284176267E-01 a       740     0    53     1    12
 -3.1542693980707404E-01 a       741     0    53     1    13
  6.5934651882278565E+00 a       742     0    53     1    14
 -2.4461216200574603E+00 a       743     0    54     1     1
  1.4674876001643820E+01 a       744     0    54     1     2
 -2.4982702016516747E+00 a       745     0    54     1     3
  8.6631163423927127E-01 a       746     0    54     1     4
  6.4616020256116897E+00 a       747     0    54     1     5
  1.8119232194205377E+01 a       748     0    54     1     6
 -1.0916113418886677E+00 a       749     0    54     1     7
  2.4447508533712630E+00 a       750     0    54     1     8
 -4.7541288523108012E+00 a       751     0    54     1     9
 -1.6137216709902333E+00 a       752     0    54     1    10
 -5.7460232383979466E-02 a       753     0    54     1    11
 -7.1815873737941320E+00 a       754     0    54     1    12
 -1.5961316445987905E+00 a       755     0    54     1    13
  1.1339601880056760E+00 a       756     0    54     1    14
 -6.1242728907890625E+00 a       757     0    55     1     1
  2.5739114447866530E+01 a       758     0    55     1     2
  7.3768154738938669E+00 a       759     0    55     1     3
  3.5842902621416890E+00 a       760     0    55     1     4
  1.6518173564169299E+01 a       761     0    55     1     5
  2.2299490546077866E+01 a       762     0    55     1     6
  4.1285937741761520E+00 a       763     0    55     1     7
 -2.6799211979879791E+00 a       764     0    55     1     8
  8.8613297260429491E-01 a       765     0    55     1     9
  2.2589138086335789E+00 a       766     0    55     1    10
  7.1466324957493779E+00 a       767     0    55     1    11
 -8.7817936490871400E+00 a       768     0    55     1    12
 -1.3741443663024155E+01 a       769     0    55     1    13
 -1.1406270739960864E+00 a       770     0    55     1    14
  5.0944345534012134E+00 a       771     0    56     1     1
  2.0611591481128709E+01 a       772     0    56     1     2
 -9.2204426229542289E+00 a       773     0    56     1     3
 -1.0042790299204727E+01 a       774     0    56     1     4
  1.0968403585477009E+01 a       775     0    56     1     5
  2.8019640699428496E+01 a       776     0    56     1     6
 -1.6487047134378741E+00 a       777     0    56     1     7
  1.0900697047730168E+00 a       778     0    56     1     8
 -2.3924683221986625E+00 a       779     0    56     1     9
  5.4004509493562858E-01 a       780     0    56     1    10
  6.1356289726472370E-02 a       781     0    56     1    11
 -2.2596500706820198E+01 a       782     0    56     1    12
 -8.1790768088655561E+00 a       783     0    56     1    13
  1.0884970292420613E+01 a       784     0    56     1    14
 -7.1725016510269801E-01 a       785     0    57     1     1
  1.1684511806922593E+01 a       786     0    57     1     2
 -7.2754098055900931E+00 a       787     0    57     1     3
 -9.6528391551138668E+00 a       788     0    57     1     4
 -1.0108913550819627E+00 a       789     0    57     1     5
  6.1893290093059337E+00 a       790     0    57     1     6
  1.7929007642517998E+00 a       791     0    57     1     7
 -3.3037998772542392E+00 a       792     0    57     1     8
  3.2804731701835541E+00 a       793     0    57     1     9
 -1.4738954896616159E+00 a       794     0    57     1    10
 -6.5973142789826253E+00 a       795     0    57     1    11
 -1.1931088447274394E+01 a       796     0    57     1    12
 -6.9708196775984188E+00 a       797     0    57     1    13
  3.6717485317082104E+00 a       798     0    57     1    14
 -4.5066255830457597E-01 a       799     0    58     1     1
  1.0386286713987539E+01 a       800     0    58     1     2
  8.4625752080039163E-01 a       801     0    58     1     3
 -1.4637120651047187E-02 a       802     0    58     1     4
  4.6885071049698990E+00 a       803     0    58     1     5
  1.3638841046912750E+01 a       804     0    58     1     6
 -9.1508171852935372E-01 a       805     0    58     1     7
  1.4520128511904844E+00 a       806     0    58     1     8
  1.1000028662959849E+00 a       807     0    58     1     9
  9.5565435529475140E-01 a       808     0    58     1    10
 -3.1331006039726965E+00 a       809     0    58     1    11
  2.7777119241266940E-01 a       810     0    58     1    12
 -5.4055314286372580E+00 a       811     0    58     1    13
  2.0188317691238140E+00 a       812     0    58     1    14
  9.4991570772732601E+00 a       813     0    59     1     1
 -1.1103901674092924E+00 a       814     0    59     1     2
 -1.1606614352368302E+01 a       815     0    59     1     3
 -1.1850361435303729E+01 a       816     0    59     1     4
 -2.0979392070821352E+00 a       817     0    59     1     5
  9.2979223991827737E+00 a       818     0    59     1     6
 -6.4935142789875995E+00 a       819     0    59     1     7
  7.6373016988834044E+00 a       820     0    59     1     8
 -6.8718933018844837E+00 a       821     0    59     1     9
  4.1740308144898011E+00 a       822     0    59     1    10
 -2.4094271134104197E+00 a       823     0    59     1    11
 -1.7146064597281956E+01 a       824     0    59     1    12
 -2.1658177797005242E+00 a       825     0    59     1    13
  4.5324543263229886E+00 a       826     0    59     1    14
 -3.0850152360779770E+00 a       827     0    60     1     1
 -6.4227452590891456E+00 a       828     0    60     1     2
  1.0771352275950685E+01 a       829     0    60     1     3
  8.1367037776442324E+00 a       830     0    60     1     4
  3.3191793992124690E+00 a       831     0    60     1     5
 -9.4223870156081990E-01 a       832     0    60     1     6
 -8.5425989513287117E+00 a       833     0    60     1     7
  3.4565657016045805E+00 a       834     0    60     1     8
 -5.8774294981493487E+00 a       835     0    60     1     9
 -6.3282627646201384E+00 a       836     0    60     1    10
  7.6268573362320558E+00 a       837     0    60     1    11
  1.0607102375936062E+01 a       838     0    60     1    12
  8.3030561490438117E+00 a       839     0    60     1    13
  9.6376034948327161E-01 a       840     0    60     1    14
 -1.6293726279128087E+00 a       841     0    61     1     1
  6.6072374498689088E+00 a       842     0    61     1     2
 -2.6535321157053398E+00 a       843     0    61     1     3
  7.4777840491865477E-01 a       844     0    61     1     4
 -1.3188862676391397E+00 a       845     0    61     1     5
  6.9978091854495517E-01 a       846     0    61     1     6
 -4.2209972803241298E+00 a       847     0    61     1     7
 -1.9839059133500565E+00 a       848     0    61     1     8
 -1.3741717572575394E+00 a       849     0    61     1     9
 -2.2146376820661353E+00 a       850     0    61     1    10
 -7.4716720979052265E-01 a       851     0    61     1    11
 -1.3083311457173767E+00 a       852     0    61     1    12
 -1.1357855422694316E+00 a       853     0    61     1    13
  5.3459913824223309E+00 a       854     0    61     1    14
 -1.8569798085951392E+00 a       855     0    62     1     1
 -1.7130888936432653E+00 a       856     0    62     1     2
  9.1958482873101062E+00 a       857     0    62     1     3
 -6.7699030498136068E+00 a       858     0    62     1     4
  6.1276054656022243E+00 a       859     0    62     1     5
 -9.2288691765149817E+00 a       860     0    62     1     6
 -1.6199491976301259E+00 a       861     0    62     1     7
  2.1723486446411527E-01 a       862     0    62     1     8
  7.0307309619075453E-01 a       863     0    62     1     9
 -1.1200448887361729E+01 a       864     0    62     1    10
  2.2154022055001623E+00 a       865     0    62     1    11
  3.9263324183713508E+00 a       866     0    62     1    12
  1.0802537758835252E+01 a       867     0    62     1    13
 -4.6837516206172536E+00 a       868     0    62     1    14
 -7.0810646671107262E+00 a       869     0    63     1     1
 -5.4078605060169522E+00 a       870     0    63     1     2
  8.1598848723501423E+00 a       871     0    63     1     3
  1.2869013067978038E+01 a       872     0    63     1     4
  7.5458734455964196E+00 a       873     0    63     1     5
  2.5522935536799216E+00 a       874     0    63     1     6
  3.2574466602861585E+00 a       875     0    63     1     7
 -6.1582884978861108E-01 a       876     0    63     1     8
  8.7803123361897288E+00 a       877     0    63     1     9
 -6.9960135799936491E+00 a       878     0    63     1    10
  3.7982534639228498E+00 a       879     0    63     1    11
  1.3432937017930394E+01 a       880     0    63     1    12
  8.3159732635616468E+00 a       881     0    63     1    13
 -1.3330756499732965E+00 a       882     0    63     1    14
  3.6800145310869299E+00 a       883     0    64     1     1
 -8.2503761660512343E+00 a       884     0    64     1     2
 -1.2593163306236459E+01 a       885     0    64     1     3
 -2.8811592103443804E+00 a       886     0    64     1     4
 -1.2850837801910480E+01 a       887     0    64     1     5
 -1.4100403619115458E+01 a       888     0    64     1     6
 -6.1319247905154250E-01 a       889     0    64     1     7
 -1.7001294488996137E+00 a       890     0    64     1     8
  4.3201628353321947E-01 a       891     0    64     1     9
  1.1860824308932512E+00 a       892     0    64     1    10
 -1.1900735018848492E+01 a       893     0    64     1    11
  5.4667634304619437E+00 a       894     0    64     1    12
  5.0534804928320352E+00 a       895     0    64     1    13
  4.5621992267651512E+00 a       896     0    64     1    14
  9.2334660848850308E-02 b       897     1     1
  3.5393188275574738E-01 b       898     1     2
  3.7338419967722913E-01 b       899     1     3
  5.3219535472921317E-03 b       900     1     4
  2.9422440281625800E-01 b       901     1     5
  1.7113005155251975E-02 b       902     1     6
 -1.1844276160294490E-01 b       903     1     7
 -4.0018128805289724E-02 b       904     1     8
 -1.5076725082106759E-01 b       905     1     9
  9.9413498096820263E-02 b       906     1    10
  5.2252883775992714E-02 b       907     1    11
  3.4808000960453847E-02 b       908     1    12
 -1.4860787004089908E-02 b       909     1    13
 -1.4342368599880702E-02 b       910     1    14
  1.5804492845177701E-01 a       911     1     1     2     1
  7.7739801716358048E-01 a       912     1     1     2     2
 -7.5930630973295132E-01 a       913     1     1     2     3
  3.2987573303393245E+00 a       914     1     1     2     4
 -1.0461581550533463E+00 a       915     1     1     2     5
  1.0128173727294580E+00 a       916     1     1     2     6
  2.8628081654780444E+00 a       917     1     1     2     7
 -1.7581330889735880E+00 a       918     1     1     2     8
  8.7686952831858334E-01 a       919     1     1     2     9
 -8.5421366318766734E-01 a       920     1     1     2    10
  1.5567659996330172E+00 a       921     1     1     2    11
  8.9657892503681480E-01 a       922     1     1     2    12
  7.4513514534914582E-01 a       923     1     1     2    13
 -2.1110979597910196E-01 a       924     1     1     2    14
 -8.2154242940508648E-01 a       925     1     2     2     1
  1.3325175716779716E-01 a       926     1     2     2     2
 -2.9492497023358103E-02 a       927     1     2     2     3
  6.1602015727822645E-02 a       928     1     2     2     4
 -2.3597544041792571E-02 a       929     1     2     2     5
  3.6216650427830727E-01 a       930     1     2     2     6
  9.6099702175090305E-03 a       931     1     2     2     7
 -3.0528808958432362E-02 a       932     1     2     2     8
 -1.3024255427050799E-03 a       933     1     2     2     9
  4.3690735722627085E-02 a       934     1     2     2    10
  6.6384469646175581E-01 a       935     1     2     2    11
  4.9215808476163642E-01 a       936     1     2     2    12
 -3.8268603475039270E-01 a       937     1     2     2    13
  2.0467700475425277E-01 a       938     1     2     2    14
 -5.4488710123659745E-01 a       939     1     3     2     1
 -3.3973233145268045E-01 a       940     1     3     2     2
 -6.5114315382005872E-01 a       941     1     3     2     3
 -6.9801230388299962E-01 a       942     1     3     2     4
 -6.7532208210396155E-02 a       943     1     3     2     5
  5.9520334860191093E-01 a       944     1     3     2     6
 -1.1352652456301367E-01 a       945     1     3     2     7
 -7.2772703345746592E-01 a       946     1     3     2     8
 -3.0950766769199545E-01 a       947     1     3     2     9
  7.3690876830679972E-02 a       948     1     3     2    10
  8.8680342912515231E-01 a       949     1     3     2    11
 -3.6510429484502904E-01 a       950     1     3     2    12
 -2.3247616915342151E-01 a       951     1     3     2    13
  6.6896088534021247E-01 a       952     1     3     2    14
 -3.4066169863389667E-01 a       953     1     4     2     1
  1.3304026612047626E-01 a       954     1     4     2     2
 -1.7604880322637004E-04 a       955     1     4     2     3
  1.6713917867605059E+00 a       956     1     4     2     4
 -4.0819137995194238E-01 a       957     1     4     2     5
  2.5483016370753403E-01 a       958     1     4     2     6
  1.0669125731911131E+00 a       959     1     4     2     7
 -1.9002251922148755E-01 a       960     1     4     2     8
  2.2920643821843315E-01 a       961     1     4     2     9
 -9.0715208258420402E-02 a       962     1     4     2    10
  2.5911563617343575E-01 a       963     1     4     2    11
 -1.9952980953934645E-02 a       964     1     4     2    12
  4.6280893639199527E-01 a       965     1     4     2    13
  1.2977400749407475E-01 a       966     1     4     2    14
 -1.9037671046424129E-01 a       967     1     5     2     1
  3.6141005696505003E-02 a       968     1     5     2     2
  2.8636909822493523E-01 a       969     1     5     2     3
  1.2484719417827871E-03 a       970     1     5     2     4
  2.0513252630361065E-01 a       971     1     5     2     5
 -7.6690655486273718E-01 a       972     1     5     2     6
  6.9351497192866007E-01 a       973     1     5     2     7
  1.5739039703864108E+00 a       974     1     5     2     8
  1.8486889685309657E-01 a       975     1     5     2     9
 -3.4934700222287424E-01 a       976     1     5     2    10
 -7.1516602341974811E-01 a       977     1     5     2    11
  2.7319880236465971E-01 a       978     1     5     2    12
  4.6178542240058698E-02 a       979     1     5     2    13
  1.3694251317934952E-01 a       980     1     5     2    14
  1.9057874693182804E+00 a       981     1     6     2     1
 -3.7025690658490602E-02 a       982     1     6     2     2
 -2.4973396708991355E-01 a       983     1     6     2     3
 -6.9056442725414335E-01 a       984     1     6     2     4
  1.4230109214611111E-02 a       985     1     6     2     5
 -7.5327435115872518E-02 a       986     1     6     2     6
 -1.4228792903153733E+00 a       987     1     6     2     7
  1.0323175836373768E+00 a       988     1     6     2     8
  1.5006089575522100E-01 a       989     1     6     2     9
  1.7311811623614051E-01 a       990     1     6     2    10
 -8.9198334415790592E-01 a       991     1     6     2    11
 -6.4609812063874161E-01 a       992     1     6     2    12
  5.7183475537893547E-01 a       993     1     6     2    13
 -3.3622331894621749E-01 a       994     1     6     2    14
 -7.6647948171533931E-01 a       995     1     7     2     1
 -4.0147695220225360E-01 a       996     1     7     2     2
 -2.2406999257094928E-01 a       997     1     7     2     3
  6.9191641823794547E-01 a       998     1     7     2     4
 -6.2884729019813113E-01 a       999     1     7     2     5
  1.3478431409853284E-01 a      1000     1     7     2     6
 -3.8651340307081184E-03 a      1001     1     7     2     7
  9.7318860371812688E-01 a      1002     1     7     2     8
  1.8951056025159096E-01 a      1003     1     7     2     9
 -4.3967014039841301E-01 a      1004     1     7     2    10
  6.6025960917986637E-01 a      1005     1     7     2    11
  1.0390117156609855E+00 a      1006     1     7     2    12
 -1.0340834208501473E+00 a      1007     1     7     2    13
  5.1113636907939541E-01 a      1008     1     7     2    14
 -9.0478474326307590E-01 a      1009     1     8     2     1
  2.3961959402378907E-01 a      1010     1     8     2     2
 -4.3242734190785165E-01 a      1011     1     8     2     3
 -1.2544966840548200E+00 a      1012     1     8     2     4
  9.0437232834195180E-01 a      1013     1     8     2     5
  6.1046977043437212E-01 a      1014     1     8     2     6
 -1.3576008809767399E+00 a      1015     1     8     2     7
  7.6854390260227778E-01 a      1016     1     8     2     8
  1.8816409322938288E+00 a      1017     1     8     2     9
  8.9219786922161412E-02 a      1018     1     8     2    10
  9.2185492765722721E-01 a      1019     1     8     2    11
  7.3856139106477658E-01 a      1020     1     8     2    12
 -3.0981176625659398E-02 a      1021     1     8     2    13
  8.6389874977945114E-01 a      1022     1     8     2    14
  1.5369383026607553E+00 a      1023     1     9     2     1
 -5.7186546485905165E-01 a      1024     1     9     2     2
  1.5575972872518551E+00 a      1025     1     9     2     3
  1.5230366354453745E-01 a      1026     1     9     2     4
 -5.5304699633275067E-01 a      1027     1     9     2     5
 -9.1009381358522101E-01 a      1028     1     9     2     6
  5.6389625105158325E-01 a      1029     1     9     2     7
 -7.1562066529042756E-01 a      1030     1     9     2     8
 -9.0257833106830898E-01 a      1031     1     9     2     9
  4.4711865028387437E-01 a      1032     1     9     2    10
 -1.0185582120456842E+00 a      1033     1     9     2    11
 -7.1727557030595712E-01 a      1034     1     9     2    12
  2.3785091857273138E-01 a      1035     1     9     2    13
  1.0789757694554112E+00 a      1036     1     9     2    14
  4.2756514578983579E-01 a      1037     1    10     2     1
 -1.1979642151823080E+00 a      1038     1    10     2     2
  3.7291714522640079E-01 a      1039     1    10     2     3
 -6.0579037534872582E-01 a      1040     1    10     2     4
 -9.0930722791999402E-02 a      1041     1    10     2     5
 -9.4263683525090114E-01 a      1042     1    10     2     6
  3.9999840656590296E-01 a      1043     1    10     2     7
  2.2528929182240653E-01 a      1044     1    10     2     8
 -1.9296030793255545E+00 a      1045     1    10     2     9
 -2.5221921414542392E-01 a      1046     1    10     2    10
 -5.0470216477210561E-01 a      1047     1    10     2    11
  5.4356054712149282E-01 a      1048     1    10     2    12
  8.4795751131600469E-03 a      1049     1    10     2    13
 -8.4299147046140122E-01 a      1050     1    10     2    14
 -1.2863009753296937E+00 a      1051     1    11     2     1
 -8.6019289949992928E-01 a      1052     1    11     2     2
 -9.4051246708093339E-01 a      1053     1    11     2     3
 -8.6380766366460626E-01 a      1054     1    11     2     4
  2.1903147704265499E-01 a      1055     1    11     2     5
  8.3730808491285968E-01 a      1056     1    11     2     6
 -1.4228637332885459E+00 a      1057     1    11     2     7
  5.8842241964809978E-02 a      1058     1    11     2     8
 -3.2628117283986971E-02 a      1059     1    11     2     9
  3.4631473005977537E-01 a      1060     1    11     2    10
  2.8423709582791917E-01 a      1061     1    11     2    11
 -3.8588135669150964E-01 a      1062     1    11     2    12
 -5.7139333341774101E-01 a      1063     1    11     2    13
 -1.1336130120927221E+00 a      1064     1    11     2    14
  8.0143202788969126E-01 a      1065     1    12     2     1
  4.4562279108116254E-01 a      1066     1    12     2     2
 -8.8192492196168570E-01 a      1067     1    12     2     3
  5.8010931126648524E-01 a      1068     1    12     2     4
 -1.0225038908025322E-01 a      1069     1    12     2     5
  1.1387548864551499E-01 a      1070     1    12     2     6
 -1.7554392758407484E+00 a      1071     1    12     2     7
  5.7885327518006024E-01 a      1072     1    12     2     8
  3.2247458087819919E-01 a      1073     1    12     2     9
 -1.7944217409130055E-02 a      1074     1    12     2    10
 -4.3838332816087053E-02 a      1075     1    12     2    11
  5.8109007815269709E-01 a      1076     1    12     2    12
  1.2602392432332324E-01 a      1077     1    12     2    13
 -2.0637741375666344E-01 a      1078     1    12     2    14
  1.0741915376849683E-01 a      1079     1    13     2     1
 -1.6569391061956787E-01 a      1080     1    13     2     2
  9.3482272575930292E-01 a      1081     1    13     2     3
 -1.9702934801819583E-01 a      1082     1    13     2     4
  4.8080545502281441E-01 a      1083     1    13     2     5
 -7.3784294845224530E-02 a      1084     1    13     2     6
 -2.1847991729993643E-01 a      1085     1    13     2     7
  6.5263515392736682E-01 a      1086     1    13     2     8
  3.6568427140524343E-02 a      1087     1    13     2     9
  5.2189618209364297E-01 a      1088     1    13     2    10
 -3.5059616352822082E-01 a      1089     1    13     2    11
 -5.1567916464588259E-01 a      1090     1    13     2    12
  7.1870464802209721E-01 a      1091     1    13     2    13
  7.4554572608420622E-01 a      1092     1    13     2    14
 -6.7173190785188286E-01 a      1093     1    14     2     1
  7.2172579375422541E-01 a      1094     1    14     2     2
  1.2684638705721174E-01 a      1095     1    14     2     3
 -9.0855892436719710E-01 a      1096     1    14     2     4
 -5.5873153312980361E-01 a      1097     1    14     2     5
 -4.2109703300181184E-01 a      1098     1    14     2     6
 -4.2515456540897356E-01 a      1099     1    14     2     7
  2.9236278521554587E-01 a      1100     1    14     2     8
 -3.8905288853098452E-01 a      1101     1    14     2     9
 -6.6817054383874686E-01 a      1102     1    14     2    10
  2.7292401184371906E-01 a      1103     1    14     2    11
  2.5872275438917497E-01 a      1104     1    14     2    12
  1.3689276589787325E-01 a      1105     1    14     2    13
 -9.7295610095251853E-02 a      1106     1    14     2    14
 -1.9598532098626856E-01 b      1107     2     1
  9.4329149673840795E-01 b      1108     2     2
 -1.2758548509152077E+00 b      1109     2     3
 -4.7269817029902733E-01 b      1110     2     4
  6.9985957748395944E-01 b      1111     2     5
  7.2242526552362862E-01 b      1112     2     6
 -7.7021106826821006E-01 b      1113     2     7
  9.6999758442107065E-01 b      1114     2     8
  7.2897539150883084E-01 b      1115     2     9
  7.1732800948206421E-01 b      1116     2    10
  1.2201107943893856E+00 b      1117     2    11
  6.1790700610743066E-01 b      1118     2    12
 -1.0284784371910618E+00 b      1119     2    13
  9.7573487805458936E-01 b      1120     2    14
  4.8684019104258174E-02 a      1121     2     1     3     1
 -1.0829225267955585E-01 a      1122     2     2     3     1
  3.3975977846034056E-01 a      1123     2     3     3     1
  4.9216190558619637E-02 a      1124     2     4     3     1
 -3.5115969194999319E-01 a      1125     2     5     3     1
 -5.7092263622819828E-01 a      1126     2     6     3     1
 -8.0999750104263246E-02 a      1127     2     7     3     1
  1.0053573282693512E-01 a      1128     2     8     3     1
  1.6174071584423294E-01 a      1129     2     9     3     1
  6.0089593759238480E-01 a      1130     2    10     3     1
  5.0841187452745606E-01 a      1131     2    11     3     1
 -2.7150255193848161E-01 a      1132     2    12     3     1
 -9.6429697716038237E-02 a      1133     2    13     3     1
 -1.4376742792042374E-01 a      1134     2    14     3     1
 -4.2037811854588963E-01 b      1135     3     1
