################################################################################
# Neural network connection values (weights and biases).
################################################################################
# Col  Name       Description
################################################################################
# 1    connection Neural network connection value.
# 2    t          Connection type (a = weight, b = bias).
# 3    index      Index enumerating weights.
# 4    l_s        Starting point layer (end point layer for biases).
# 5    n_s        Starting point neuron in starting layer (end point neuron for biases).
# 6    l_e        End point layer.
# 7    n_e        End point neuron in end layer.
################################################################################
#                      1 2         3     4     5     6     7
#             connection t     index   l_s   n_s   l_e   n_e
############################################################
 -3.3489887145036062E-02 a         1     0     1     1     1
  9.1693244935455287E-01 a         2     0     1     1     2
 -4.4475481430703442E-02 a         3     0     1     1     3
 -6.7056789916522543E+00 a         4     0     1     1     4
 -6.9590335138075776E+00 a         5     0     1     1     5
 -1.9431965791587957E-02 a         6     0     1     1     6
  8.3181550079767452E-01 a         7     0     1     1     7
 -1.5235224346915675E+00 a         8     0     1     1     8
  3.9453406456145473E-01 a         9     0     1     1     9
  1.0356102840690633E+00 a        10     0     1     1    10
 -5.7429034155602778E+00 a        11     0     1     1    11
 -3.8213343233764649E+00 a        12     0     1     1    12
  4.6301390257494385E-01 a        13     0     1     1    13
  2.6411142184193572E+00 a        14     0     1     1    14
 -3.3259146627804692E+00 a        15     0     2     1     1
  9.5227772382039097E-02 a        16     0     2     1     2
 -7.7719584942190680E+00 a        17     0     2     1     3
  2.4314692261873652E+00 a        18     0     2     1     4
  8.0626027495953796E+00 a        19     0     2     1     5
  2.2656535437158256E+00 a        20     0     2     1     6
  5.8579750168509968E+00 a        21     0     2     1     7
  3.0872787420830163E+00 a        22     0     2     1     8
 -3.0518021629411347E+00 a        23     0     2     1     9
  2.4081596971956358E+00 a        24     0     2     1    10
 -2.1566963157216028E+00 a        25     0     2     1    11
  5.4469946390702155E+00 a        26     0     2     1    12
 -1.3017166819793813E-01 a        27     0     2     1    13
  1.4215649469795990E+00 a        28     0     2     1    14
  4.2207497472103253E+00 a        29     0     3     1     1
  2.1132240128534097E+00 a        30     0     3     1     2
 -2.0128328082790579E+00 a        31     0     3     1     3
 -2.7794758675570379E+00 a        32     0     3     1     4
 -2.3164387409356872E+00 a        33     0     3     1     5
  7.6908280001568503E+00 a        34     0     3     1     6
  3.7343173666310316E+00 a        35     0     3     1     7
 -1.5127272250143464E+00 a        36     0     3     1     8
  2.5545592809082209E+00 a        37     0     3     1     9
  1.7070626379574552E+00 a        38     0     3     1    10
  3.0782459542299199E+00 a        39     0     3     1    11
  3.1798583644749772E+00 a        40     0     3     1    12
 -2.9860666361956856E+00 a        41     0     3     1    13
  1.0376652507512178E+00 a        42     0     3     1    14
  1.9014079948653877E+00 a        43     0     4     1     1
 -9.6982234961681690E-01 a        44     0     4     1     2
 -1.0464489108085171E+00 a        45     0     4     1     3
  5.6553945601151625E+00 a        46     0     4     1     4
  6.6739813270838866E+00 a        47     0     4     1     5
  3.3651057598194034E-01 a        48     0     4     1     6
 -3.5600734060305834E+00 a        49     0     4     1     7
 -6.7686505874836256E-01 a        50     0     4     1     8
  1.9056974472459172E+00 a        51     0     4     1     9
 -3.1318621288205800E-01 a        52     0     4     1    10
  5.6274360222017341E+00 a        53     0     4     1    11
  3.1465374066804341E+00 a        54     0     4     1    12
  2.7487582513031246E+00 a        55     0     4     1    13
 -4.7663027369421425E+00 a        56     0     4     1    14
  3.4933505357982400E+00 a        57     0     5     1     1
  3.3792062716120923E+00 a        58     0     5     1     2
  8.3410808984687073E+00 a        59     0     5     1     3
 -5.6279168819575540E+00 a        60     0     5     1     4
 -8.1127761942065124E+00 a        61     0     5     1     5
 -4.8511188848250724E+00 a        62     0     5     1     6
 -7.3422146221724551E+00 a        63     0     5     1     7
 -8.0625410761927316E+00 a        64     0     5     1     8
  9.7330013265613928E+00 a        65     0     5     1     9
 -3.0236628971775739E+00 a        66     0     5     1    10
  6.1428039393667007E+00 a        67     0     5     1    11
 -1.0135528129151423E+01 a        68     0     5     1    12
  1.5654422190097500E-01 a        69     0     5     1    13
 -4.6882250453885899E-01 a        70     0     5     1    14
 -1.7722321370084759E+00 a        71     0     6     1     1
  4.2191290734508707E-01 a        72     0     6     1     2
 -3.9926570340304302E-01 a        73     0     6     1     3
 -1.1402063787998840E+00 a        74     0     6     1     4
 -8.6188097970990130E-01 a        75     0     6     1     5
  6.0312187779475468E-01 a        76     0     6     1     6
  1.9189119970911146E+00 a        77     0     6     1     7
  6.5455551425138203E-01 a        78     0     6     1     8
 -7.0182222851561199E-02 a        79     0     6     1     9
 -8.8129085828079406E-02 a        80     0     6     1    10
  2.3498951081228109E-01 a        81     0     6     1    11
 -3.0569470454094250E-02 a        82     0     6     1    12
 -2.6527047081281636E+00 a        83     0     6     1    13
  2.8388935897953158E+00 a        84     0     6     1    14
 -1.7639433924408154E+00 a        85     0     7     1     1
 -5.3127122989586939E-01 a        86     0     7     1     2
  4.7784838371912280E-01 a        87     0     7     1     3
 -2.1660818567076107E-01 a        88     0     7     1     4
  2.2094552551459423E+00 a        89     0     7     1     5
 -5.1823194464143327E+00 a        90     0     7     1     6
  3.2488329651521597E-01 a        91     0     7     1     7
  1.1892036115991572E-01 a        92     0     7     1     8
 -8.6310844937806519E-01 a        93     0     7     1     9
  1.3156162581276790E-01 a        94     0     7     1    10
 -1.2638027820043376E+00 a        95     0     7     1    11
  6.3806995950183035E-02 a        96     0     7     1    12
  1.6272698292134296E+00 a        97     0     7     1    13
  2.6284128224503660E+00 a        98     0     7     1    14
 -2.1209352555818333E+00 a        99     0     8     1     1
 -4.5480495826194716E+00 a       100     0     8     1     2
 -2.5833811450373330E+00 a       101     0     8     1     3
  3.9705872340242334E+00 a       102     0     8     1     4
  6.1042009859075215E+00 a       103     0     8     1     5
  9.4753640355463098E+00 a       104     0     8     1     6
  6.8576904702235364E+00 a       105     0     8     1     7
  6.1264566720175413E+00 a       106     0     8     1     8
 -9.2735966197422641E+00 a       107     0     8     1     9
 -4.7714482395325095E-02 a       108     0     8     1    10
 -4.7111122901906395E+00 a       109     0     8     1    11
  5.5233028192553801E+00 a       110     0     8     1    12
 -1.0690814434818841E+00 a       111     0     8     1    13
  4.6791959168484283E+00 a       112     0     8     1    14
 -2.5968464553184791E+00 a       113     0     9     1     1
  1.8293845632399273E+00 a       114     0     9     1     2
  1.7007127626484990E+00 a       115     0     9     1     3
  3.8613380307560328E+00 a       116     0     9     1     4
  3.7048946568586594E-01 a       117     0     9     1     5
 -3.3307576555119662E+00 a       118     0     9     1     6
  3.9495734284033741E+00 a       119     0     9     1     7
  1.5776738057783677E+00 a       120     0     9     1     8
 -3.1284537117390947E+00 a       121     0     9     1     9
 -5.0552215351841499E+00 a       122     0     9     1    10
 -1.4557546589899786E+00 a       123     0     9     1    11
  1.1821122692452954E+00 a       124     0     9     1    12
  5.6662255560559871E-01 a       125     0     9     1    13
  1.0771184024969518E-01 a       126     0     9     1    14
  2.3285023037688823E+00 a       127     0    10     1     1
  6.9778494643632554E+00 a       128     0    10     1     2
  8.2528337442530972E+00 a       129     0    10     1     3
 -4.6675856870249488E+00 a       130     0    10     1     4
 -9.1135074972100227E+00 a       131     0    10     1     5
 -4.7697288621361054E+00 a       132     0    10     1     6
  4.9208291464888401E+00 a       133     0    10     1     7
  1.9567361507642953E+00 a       134     0    10     1     8
 -2.2086766139222034E+00 a       135     0    10     1     9
 -8.1247845813228423E+00 a       136     0    10     1    10
 -4.3891078512661492E+00 a       137     0    10     1    11
 -7.1417685525653338E+00 a       138     0    10     1    12
  7.1409430305182564E+00 a       139     0    10     1    13
 -1.5612676098386982E-01 a       140     0    10     1    14
  1.2071252271628794E+00 a       141     0    11     1     1
  7.4872180673099891E+00 a       142     0    11     1     2
 -3.2770856809104840E+00 a       143     0    11     1     3
  6.1219338888019568E+00 a       144     0    11     1     4
 -3.8630272321204188E-02 a       145     0    11     1     5
 -8.4139990450163253E+00 a       146     0    11     1     6
  9.7496033967606455E-01 a       147     0    11     1     7
  7.4341847361421409E-01 a       148     0    11     1     8
 -5.8343702765092100E+00 a       149     0    11     1     9
 -2.0626166493816466E+01 a       150     0    11     1    10
 -1.6133779968265856E+00 a       151     0    11     1    11
 -6.9625253698729113E+00 a       152     0    11     1    12
  3.0108863208074217E+00 a       153     0    11     1    13
 -4.3896429173429574E+00 a       154     0    11     1    14
 -6.2061372849065339E+00 a       155     0    12     1     1
  3.8806521412722099E+00 a       156     0    12     1     2
  7.1133085234411739E+00 a       157     0    12     1     3
  5.0333289428542907E+00 a       158     0    12     1     4
  1.0564199920869850E+00 a       159     0    12     1     5
  7.9232750597137491E-01 a       160     0    12     1     6
 -8.5907886798084974E+00 a       161     0    12     1     7
 -4.8139088379909065E+00 a       162     0    12     1     8
 -5.6000651631745724E+00 a       163     0    12     1     9
  3.0004467934844983E+00 a       164     0    12     1    10
 -5.8165039063276325E-01 a       165     0    12     1    11
 -3.1523706042225701E+00 a       166     0    12     1    12
  2.6315356548276387E+00 a       167     0    12     1    13
  2.0959028631889488E+01 a       168     0    12     1    14
 -2.0520666805400145E+00 a       169     0    13     1     1
  3.0981240404525585E+00 a       170     0    13     1     2
  2.5196570523980083E-01 a       171     0    13     1     3
 -7.8494819420840098E+00 a       172     0    13     1     4
 -4.4854680706345302E+00 a       173     0    13     1     5
 -3.7982865947074176E+00 a       174     0    13     1     6
  7.0436219222217353E+00 a       175     0    13     1     7
 -9.4431659279409157E+00 a       176     0    13     1     8
 -6.9772771066152703E+00 a       177     0    13     1     9
  8.4971711681256696E+00 a       178     0    13     1    10
  5.5820914800427994E+00 a       179     0    13     1    11
  3.8818117731504781E-01 a       180     0    13     1    12
  2.6638829570222704E+00 a       181     0    13     1    13
 -4.1973969156511339E+00 a       182     0    13     1    14
 -1.5182135594752528E+00 a       183     0    14     1     1
 -2.0276199985826189E+00 a       184     0    14     1     2
 -1.3384835662758372E+01 a       185     0    14     1     3
  4.0590502343166861E+00 a       186     0    14     1     4
  5.9973244495791551E+00 a       187     0    14     1     5
 -5.3655897266289831E-01 a       188     0    14     1     6
  7.6238354372792401E+00 a       189     0    14     1     7
  2.7699792017938436E+00 a       190     0    14     1     8
 -2.5905192938403343E+00 a       191     0    14     1     9
  4.5045593272345279E+00 a       192     0    14     1    10
 -6.1639452670956105E+00 a       193     0    14     1    11
  7.2501200533304413E+00 a       194     0    14     1    12
 -1.7117410459084168E+00 a       195     0    14     1    13
 -2.3630514224419668E+00 a       196     0    14     1    14
 -5.9350008036001478E+00 a       197     0    15     1     1
  1.8433674408213550E+00 a       198     0    15     1     2
  9.8609457851432794E+00 a       199     0    15     1     3
  1.0560671347513432E+01 a       200     0    15     1     4
  2.1640769670934414E+01 a       201     0    15     1     5
 -2.3062107902247990E+00 a       202     0    15     1     6
 -1.0905424154209459E+01 a       203     0    15     1     7
 -1.3358969894632455E+01 a       204     0    15     1     8
 -3.9189770139377356E-01 a       205     0    15     1     9
  3.0200847459230835E+00 a       206     0    15     1    10
 -4.0040599445225542E+00 a       207     0    15     1    11
  4.3824490425365488E+00 a       208     0    15     1    12
 -2.2443186605270968E+00 a       209     0    15     1    13
  2.3864835665363366E+01 a       210     0    15     1    14
  1.6539302432261542E+00 a       211     0    16     1     1
 -4.3054305496766240E-02 a       212     0    16     1     2
 -1.3821298957041178E-01 a       213     0    16     1     3
 -1.9020405770380178E+00 a       214     0    16     1     4
  2.0993091329544769E-01 a       215     0    16     1     5
 -1.9924740068549402E+00 a       216     0    16     1     6
  8.0267835424733436E-01 a       217     0    16     1     7
  6.0622913462994654E-01 a       218     0    16     1     8
  2.5456570373311780E+00 a       219     0    16     1     9
 -7.8177782351805924E-01 a       220     0    16     1    10
  7.4499818271606211E-01 a       221     0    16     1    11
 -4.4153593676906588E+00 a       222     0    16     1    12
  9.9710052044645725E-01 a       223     0    16     1    13
  6.6668797478774591E-02 a       224     0    16     1    14
 -8.6355666828814348E-01 a       225     0    17     1     1
  1.6662447160011151E+00 a       226     0    17     1     2
 -5.0268619909198273E+00 a       227     0    17     1     3
 -1.0608607537398924E+00 a       228     0    17     1     4
  5.3422388886337711E+00 a       229     0    17     1     5
 -2.6366274187144367E+00 a       230     0    17     1     6
  1.3126424929895681E+00 a       231     0    17     1     7
  3.3974936476679711E+00 a       232     0    17     1     8
  5.5250233624576079E+00 a       233     0    17     1     9
 -1.0279533529750591E+00 a       234     0    17     1    10
 -8.3282405450250840E-01 a       235     0    17     1    11
 -3.3031827270906733E-01 a       236     0    17     1    12
 -1.4064199493480980E+00 a       237     0    17     1    13
 -2.1882586268392981E+00 a       238     0    17     1    14
 -1.2158379087495692E+00 a       239     0    18     1     1
  2.7528226345754852E+00 a       240     0    18     1     2
 -1.8281412360979898E+00 a       241     0    18     1     3
  5.0696509699728798E-01 a       242     0    18     1     4
  2.3917652073440459E+00 a       243     0    18     1     5
 -1.0288939666704098E+00 a       244     0    18     1     6
 -4.2620623781212634E+00 a       245     0    18     1     7
 -2.2359665216965947E+00 a       246     0    18     1     8
  1.9625680099193821E+00 a       247     0    18     1     9
  5.9605368269313064E-01 a       248     0    18     1    10
  3.5353007272300205E+00 a       249     0    18     1    11
 -1.3508015668823783E+00 a       250     0    18     1    12
 -1.7783191905516955E+00 a       251     0    18     1    13
  1.3993850408963926E+00 a       252     0    18     1    14
  3.6305176943553494E+00 a       253     0    19     1     1
 -2.8705964348602966E+00 a       254     0    19     1     2
  4.5203346102745376E+00 a       255     0    19     1     3
  7.0471732229548945E-01 a       256     0    19     1     4
  8.1869621198212759E+00 a       257     0    19     1     5
  7.1786020651083753E+00 a       258     0    19     1     6
  5.7609582316564462E-02 a       259     0    19     1     7
  8.6986118599974172E-01 a       260     0    19     1     8
  8.2961944647409036E-01 a       261     0    19     1     9
  1.5186934161744055E+00 a       262     0    19     1    10
 -1.2785360939268871E+00 a       263     0    19     1    11
  2.3338492307749981E+00 a       264     0    19     1    12
 -1.4990495043107688E+00 a       265     0    19     1    13
 -1.7861624545818697E-01 a       266     0    19     1    14
  5.9800975054625862E+00 a       267     0    20     1     1
 -1.0653515116235768E+01 a       268     0    20     1     2
  1.0633186505714647E+01 a       269     0    20     1     3
  3.5993448490295172E+00 a       270     0    20     1     4
  1.4104977685081494E+01 a       271     0    20     1     5
  6.1781548492383864E+00 a       272     0    20     1     6
 -1.2760492432801998E+01 a       273     0    20     1     7
 -4.6656739915400056E+00 a       274     0    20     1     8
  1.6569867958941174E+01 a       275     0    20     1     9
  2.9990138421990404E+00 a       276     0    20     1    10
  4.6787883106821218E+00 a       277     0    20     1    11
 -4.6896656139042348E+00 a       278     0    20     1    12
 -4.5846371798076353E+00 a       279     0    20     1    13
  1.1167726254705597E+00 a       280     0    20     1    14
 -6.4924162375174079E+00 a       281     0    21     1     1
 -1.9772509391676778E+01 a       282     0    21     1     2
  2.5271872480911910E+01 a       283     0    21     1     3
 -1.0185664088327302E+01 a       284     0    21     1     4
  1.3895211574665471E+01 a       285     0    21     1     5
  1.1038793841744383E+01 a       286     0    21     1     6
 -8.6092402557907501E+00 a       287     0    21     1     7
 -1.5552565939044845E+00 a       288     0    21     1     8
  1.6670848596642333E+01 a       289     0    21     1     9
  3.2346397801121064E+01 a       290     0    21     1    10
 -1.0912956485439571E+01 a       291     0    21     1    11
 -3.2589922271766909E+00 a       292     0    21     1    12
 -4.3598097309731401E+00 a       293     0    21     1    13
  1.5621147958617449E+01 a       294     0    21     1    14
 -3.7987529253358403E+00 a       295     0    22     1     1
  1.4330108587285642E+00 a       296     0    22     1     2
 -1.0041188414202424E+00 a       297     0    22     1     3
  3.4702676357435185E+00 a       298     0    22     1     4
 -2.0724895540957924E+00 a       299     0    22     1     5
  4.4491242411404050E-02 a       300     0    22     1     6
 -2.4082726520871809E+00 a       301     0    22     1     7
  2.3240191603923557E+00 a       302     0    22     1     8
 -1.5585103953632837E+00 a       303     0    22     1     9
 -3.0665633611983787E+00 a       304     0    22     1    10
 -2.0633537996734224E+00 a       305     0    22     1    11
  2.7732845411860811E+00 a       306     0    22     1    12
 -2.0230254758678181E+00 a       307     0    22     1    13
  1.2112966957674527E+00 a       308     0    22     1    14
  8.2881294047721710E+00 a       309     0    23     1     1
 -7.4852278274173928E-02 a       310     0    23     1     2
 -1.8237430505897196E+00 a       311     0    23     1     3
 -8.7345324086675209E+00 a       312     0    23     1     4
 -1.5419831276380622E+01 a       313     0    23     1     5
 -1.4849027805960835E+00 a       314     0    23     1     6
  9.4302035450433976E+00 a       315     0    23     1     7
  1.5643402635008774E+00 a       316     0    23     1     8
 -2.9172621481727665E+00 a       317     0    23     1     9
 -6.0577458288628696E+00 a       318     0    23     1    10
  5.9882001511426255E+00 a       319     0    23     1    11
  9.4137545082508012E-01 a       320     0    23     1    12
  1.0511880217039047E+00 a       321     0    23     1    13
 -1.9607909829816840E+01 a       322     0    23     1    14
  4.1328119181858298E+00 a       323     0    24     1     1
  4.4117633965949468E+00 a       324     0    24     1     2
 -1.0541834120238493E+01 a       325     0    24     1     3
 -3.2078578515531225E-01 a       326     0    24     1     4
 -1.6283348535676186E+01 a       327     0    24     1     5
 -2.9388371275184513E+00 a       328     0    24     1     6
  8.8903529724830683E+00 a       329     0    24     1     7
  7.7444464337777763E+00 a       330     0    24     1     8
 -7.6114664205959839E+00 a       331     0    24     1     9
 -1.6795658926224991E+01 a       332     0    24     1    10
  7.0030305016792749E+00 a       333     0    24     1    11
  1.8742377980227847E+00 a       334     0    24     1    12
  2.6044152525779896E+00 a       335     0    24     1    13
 -1.3680111553912198E+01 a       336     0    24     1    14
  4.0605766269760946E-01 a       337     0    25     1     1
 -1.0695632475850030E+00 a       338     0    25     1     2
 -1.8162332801607344E+00 a       339     0    25     1     3
  3.8988284184007051E-02 a       340     0    25     1     4
 -7.9525080654192148E-01 a       341     0    25     1     5
 -1.6372413088135025E+00 a       342     0    25     1     6
  1.6500085970471021E-01 a       343     0    25     1     7
  2.5246327699882498E-01 a       344     0    25     1     8
  1.9115999717060128E+00 a       345     0    25     1     9
 -1.1598835647761716E+00 a       346     0    25     1    10
  3.8090445042842203E-01 a       347     0    25     1    11
  7.9345544645604837E-01 a       348     0    25     1    12
  5.0581736291152146E-01 a       349     0    25     1    13
  5.8783684283417947E-01 a       350     0    25     1    14
  4.3101568412869268E-01 a       351     0    26     1     1
  5.0231677502983203E-03 a       352     0    26     1     2
 -4.5993567094475107E+00 a       353     0    26     1     3
 -1.2260663935885423E+00 a       354     0    26     1     4
  6.9380369879191317E-01 a       355     0    26     1     5
 -2.7875639181632659E+00 a       356     0    26     1     6
  4.2867977695915849E-01 a       357     0    26     1     7
  7.1020922904690764E-01 a       358     0    26     1     8
  2.6589678778782164E+00 a       359     0    26     1     9
 -3.5285924280797876E-01 a       360     0    26     1    10
  2.7050357705001082E-01 a       361     0    26     1    11
  5.7276350175273665E+00 a       362     0    26     1    12
  2.9466546009083638E-01 a       363     0    26     1    13
  2.2500675139758555E-01 a       364     0    26     1    14
 -2.2398672330411706E+00 a       365     0    27     1     1
  1.3684002300724463E+00 a       366     0    27     1     2
 -6.4228304565137391E+00 a       367     0    27     1     3
  1.9868907061191163E+00 a       368     0    27     1     4
 -1.4055171508352127E+00 a       369     0    27     1     5
 -4.6236434273494553E-01 a       370     0    27     1     6
 -7.4549272096601049E-01 a       371     0    27     1     7
 -1.4038317751528131E+00 a       372     0    27     1     8
  5.0334855033263615E-01 a       373     0    27     1     9
 -9.2857446582756786E-01 a       374     0    27     1    10
  4.4228906084402331E+00 a       375     0    27     1    11
  5.2393880798524792E+00 a       376     0    27     1    12
  2.9963779391507217E-01 a       377     0    27     1    13
 -5.7608783178522804E-01 a       378     0    27     1    14
 -1.6740946721673364E+00 a       379     0    28     1     1
  1.3962958950797477E+00 a       380     0    28     1     2
  6.2863571012915653E-01 a       381     0    28     1     3
 -8.7702197007272586E-01 a       382     0    28     1     4
 -1.1908982412391527E+00 a       383     0    28     1     5
  7.0332322918796675E-01 a       384     0    28     1     6
 -3.0954260823433938E-01 a       385     0    28     1     7
 -1.6302127014177925E+00 a       386     0    28     1     8
 -2.8955880091466577E+00 a       387     0    28     1     9
  1.7618373323738807E+00 a       388     0    28     1    10
  1.3668109194206977E+00 a       389     0    28     1    11
  2.4915879112699195E+00 a       390     0    28     1    12
 -7.9005786483075724E-01 a       391     0    28     1    13
 -9.6603139055839848E-01 a       392     0    28     1    14
 -2.3478128064362886E+00 a       393     0    29     1     1
  6.8543339529339720E-01 a       394     0    29     1     2
  4.6016272774821880E+00 a       395     0    29     1     3
  1.8062484536502428E+00 a       396     0    29     1     4
 -3.0126457364542736E+00 a       397     0    29     1     5
  1.5231023659534728E+00 a       398     0    29     1     6
 -4.3566329036151489E-03 a       399     0    29     1     7
  2.4655245030986755E-01 a       400     0    29     1     8
 -8.4018173179622284E+00 a       401     0    29     1     9
  1.3315624368478702E+00 a       402     0    29     1    10
 -2.1513710331884046E+00 a       403     0    29     1    11
 -2.1682557030103551E+00 a       404     0    29     1    12
  5.7565494868773359E-01 a       405     0    29     1    13
  3.4717750932568219E+00 a       406     0    29     1    14
  4.5729119628881678E+00 a       407     0    30     1     1
 -4.0210705636563671E-01 a       408     0    30     1     2
  4.1090506511942611E+00 a       409     0    30     1     3
  2.0448101912095579E-01 a       410     0    30     1     4
  1.1023665377879390E+00 a       411     0    30     1     5
 -1.7171848251354853E+00 a       412     0    30     1     6
  3.2415682056742079E+00 a       413     0    30     1     7
  9.5170485048107889E-01 a       414     0    30     1     8
 -3.4949299600798609E+00 a       415     0    30     1     9
 -2.5306757943664944E+00 a       416     0    30     1    10
 -5.9453133867207884E+00 a       417     0    30     1    11
 -1.7747222033346239E+00 a       418     0    30     1    12
  7.8592080913078277E-01 a       419     0    30     1    13
  1.0718190267176892E+00 a       420     0    30     1    14
  4.7905388893149725E+00 a       421     0    31     1     1
 -2.5364026700190085E+00 a       422     0    31     1     2
 -3.1829581875389721E+00 a       423     0    31     1     3
  3.8008799809951337E+00 a       424     0    31     1     4
  2.4659291567848460E+00 a       425     0    31     1     5
  2.4443616848868803E+00 a       426     0    31     1     6
 -6.2725794954877312E+00 a       427     0    31     1     7
  5.8591398822042899E+00 a       428     0    31     1     8
  1.1238306773588699E+01 a       429     0    31     1     9
 -5.2002485876472946E+00 a       430     0    31     1    10
 -3.1936842849588620E+00 a       431     0    31     1    11
 -3.4534916654177237E+00 a       432     0    31     1    12
 -6.9372145809400232E-01 a       433     0    31     1    13
  3.6732573937873392E+00 a       434     0    31     1    14
  8.2830586744906203E+00 a       435     0    32     1     1
  1.6162427406913744E+00 a       436     0    32     1     2
 -1.5110856269562230E+01 a       437     0    32     1     3
 -8.7201348083470265E+00 a       438     0    32     1     4
 -1.8783562614192988E+01 a       439     0    32     1     5
  1.9473965124828934E+00 a       440     0    32     1     6
  1.1356802793720354E+01 a       441     0    32     1     7
  8.8232237250223360E+00 a       442     0    32     1     8
  3.5671962654173162E-02 a       443     0    32     1     9
  7.6375271539637646E-01 a       444     0    32     1    10
  4.7259645115757003E+00 a       445     0    32     1    11
  5.6151190017944408E-01 a       446     0    32     1    12
  1.5234725032718659E+00 a       447     0    32     1    13
 -2.1284391465459009E+01 a       448     0    32     1    14
  3.8990739376890211E+00 a       449     0    33     1     1
  1.5854942087108852E+00 a       450     0    33     1     2
  3.9498449773155220E+00 a       451     0    33     1     3
 -5.5348870301406228E+00 a       452     0    33     1     4
 -3.4105421021155276E+00 a       453     0    33     1     5
 -4.8640059670558475E+00 a       454     0    33     1     6
 -5.6960777216252456E+00 a       455     0    33     1     7
 -4.1497307943196210E-01 a       456     0    33     1     8
  5.9338573002247701E+00 a       457     0    33     1     9
  3.0466006365627760E+00 a       458     0    33     1    10
  4.8614259039104377E+00 a       459     0    33     1    11
 -4.9889847655557498E+00 a       460     0    33     1    12
  3.7046976274536743E+00 a       461     0    33     1    13
 -1.0461114041015240E+00 a       462     0    33     1    14
 -2.4016621712831074E-02 a       463     0    34     1     1
 -1.9996849014554235E-01 a       464     0    34     1     2
  2.4042138200226046E-01 a       465     0    34     1     3
 -4.4384235979201875E-01 a       466     0    34     1     4
 -6.7997713482903788E-02 a       467     0    34     1     5
 -4.6932322297075646E-01 a       468     0    34     1     6
 -1.9822342022250669E-01 a       469     0    34     1     7
  4.4772840807632519E-01 a       470     0    34     1     8
 -3.6541915134825953E-01 a       471     0    34     1     9
 -2.0514409038528015E-02 a       472     0    34     1    10
  2.0533280820159741E-01 a       473     0    34     1    11
  1.9359766586737628E-01 a       474     0    34     1    12
 -3.7451060239132250E-02 a       475     0    34     1    13
  1.0002274466815464E-01 a       476     0    34     1    14
 -4.7732444830589432E-01 a       477     0    35     1     1
 -1.9217281692359978E-01 a       478     0    35     1     2
 -1.4046001167379516E+00 a       479     0    35     1     3
  2.0156837189093326E+00 a       480     0    35     1     4
  1.7426761137873434E+00 a       481     0    35     1     5
  1.3465031785290746E-02 a       482     0    35     1     6
  2.0545841699999130E+00 a       483     0    35     1     7
  6.7882779923907866E-01 a       484     0    35     1     8
 -1.3079865245595608E+00 a       485     0    35     1     9
 -3.4868995705718597E-01 a       486     0    35     1    10
 -1.7700685106734977E+00 a       487     0    35     1    11
  1.1875798762133716E+00 a       488     0    35     1    12
 -8.2325611610212646E-01 a       489     0    35     1    13
  1.2112278012997026E-01 a       490     0    35     1    14
  1.3374737666412229E+00 a       491     0    36     1     1
 -7.5170452043635605E-01 a       492     0    36     1     2
  6.1856311115827856E-01 a       493     0    36     1     3
  3.8442076365413864E-02 a       494     0    36     1     4
  3.5982924505116878E-02 a       495     0    36     1     5
 -1.3186443945119455E-01 a       496     0    36     1     6
 -5.2290701236355286E-01 a       497     0    36     1     7
  8.0536119261450434E-01 a       498     0    36     1     8
 -2.9794596796329464E-01 a       499     0    36     1     9
 -7.3148589311244983E-01 a       500     0    36     1    10
  3.8719199703312529E-02 a       501     0    36     1    11
 -4.8741258122456099E-01 a       502     0    36     1    12
  1.0111229330333524E-01 a       503     0    36     1    13
  3.5398959409084413E-01 a       504     0    36     1    14
  1.9206240917610549E+00 a       505     0    37     1     1
 -1.7320375208752756E+00 a       506     0    37     1     2
  2.1859266894792402E+00 a       507     0    37     1     3
 -1.8803342170304651E+00 a       508     0    37     1     4
 -1.6778458166520536E+00 a       509     0    37     1     5
 -8.5695562117364410E-01 a       510     0    37     1     6
 -1.9449962663732490E+00 a       511     0    37     1     7
 -3.0818930454030720E+00 a       512     0    37     1     8
 -7.4144918946795157E-01 a       513     0    37     1     9
 -1.4369289746340035E+00 a       514     0    37     1    10
  2.0742101585659407E+00 a       515     0    37     1    11
 -2.8167691727210835E+00 a       516     0    37     1    12
  1.0436870596005092E+00 a       517     0    37     1    13
 -7.0128536915202766E-01 a       518     0    37     1    14
 -1.0485718906876027E+00 a       519     0    38     1     1
 -3.7105652370876556E+00 a       520     0    38     1     2
 -1.8006493300581707E+00 a       521     0    38     1     3
 -9.0571321417233719E-01 a       522     0    38     1     4
 -2.2203624525211274E+00 a       523     0    38     1     5
 -2.8287983678743358E+00 a       524     0    38     1     6
  3.1726132597733331E-01 a       525     0    38     1     7
 -1.3420692592598731E+00 a       526     0    38     1     8
 -9.4174236328448746E-01 a       527     0    38     1     9
 -6.5468379123406495E-01 a       528     0    38     1    10
  3.3474941397747732E-01 a       529     0    38     1    11
 -3.2887408167205069E-02 a       530     0    38     1    12
 -4.0974361265358334E+00 a       531     0    38     1    13
  1.7021257941214201E+00 a       532     0    38     1    14
  9.3454389507436575E-01 a       533     0    39     1     1
 -1.6343019641162264E+00 a       534     0    39     1     2
  8.6222456814329540E-01 a       535     0    39     1     3
  1.9011243750439126E+00 a       536     0    39     1     4
 -1.2267258309187583E+00 a       537     0    39     1     5
 -5.9679013916728169E-02 a       538     0    39     1     6
 -7.4385112956672850E-01 a       539     0    39     1     7
 -5.0143214090992672E-01 a       540     0    39     1     8
 -2.1251287410526420E+00 a       541     0    39     1     9
  6.7475958730675911E-02 a       542     0    39     1    10
 -2.7445005102850240E+00 a       543     0    39     1    11
 -4.8399241793025101E-03 a       544     0    39     1    12
  2.7507495865573572E+00 a       545     0    39     1    13
 -1.5972099913397542E-01 a       546     0    39     1    14
 -7.6660191956539792E-01 a       547     0    40     1     1
 -8.6542799997715458E-01 a       548     0    40     1     2
 -8.9348995008649812E-01 a       549     0    40     1     3
  2.5525890361499735E+00 a       550     0    40     1     4
  2.4331866645511675E+00 a       551     0    40     1     5
 -5.5670767799259417E+00 a       552     0    40     1     6
 -8.7083568547886414E-01 a       553     0    40     1     7
  1.7601017461022559E+00 a       554     0    40     1     8
 -4.3579115503307815E+00 a       555     0    40     1     9
  4.5272272594445742E+00 a       556     0    40     1    10
 -4.1576486425070680E+00 a       557     0    40     1    11
 -2.7809403243529580E+00 a       558     0    40     1    12
  7.7858863553067348E+00 a       559     0    40     1    13
 -2.7289146622872260E+00 a       560     0    40     1    14
 -9.7754117927264550E-01 a       561     0    41     1     1
 -2.4948563844854577E+00 a       562     0    41     1     2
  2.3535288138667907E+00 a       563     0    41     1     3
  3.5829743178839819E+00 a       564     0    41     1     4
 -1.3708895120468771E+00 a       565     0    41     1     5
  3.1800467484286193E-01 a       566     0    41     1     6
 -3.4569098959894631E+00 a       567     0    41     1     7
  5.9127735941157091E+00 a       568     0    41     1     8
 -6.7007498624780071E-01 a       569     0    41     1     9
 -3.1726847957224344E+00 a       570     0    41     1    10
 -1.4218348199399449E+00 a       571     0    41     1    11
  3.5251323265508794E+00 a       572     0    41     1    12
  3.6355759508548218E+00 a       573     0    41     1    13
  3.0144658007648339E-01 a       574     0    41     1    14
  7.0754263624293101E-01 a       575     0    42     1     1
 -4.1777352972337195E-01 a       576     0    42     1     2
  1.0417363202952781E+00 a       577     0    42     1     3
  1.6350186327721759E+00 a       578     0    42     1     4
 -2.0710556171359427E+00 a       579     0    42     1     5
 -1.5993258051783477E+00 a       580     0    42     1     6
 -5.2969362222519956E-01 a       581     0    42     1     7
  1.5022142195389003E+00 a       582     0    42     1     8
 -1.4190342027387504E+00 a       583     0    42     1     9
 -2.3152030589990491E+00 a       584     0    42     1    10
 -2.1816921236972040E+00 a       585     0    42     1    11
  2.2670003735809394E+00 a       586     0    42     1    12
  6.4625533035194926E-01 a       587     0    42     1    13
 -4.7602310129405867E-01 a       588     0    42     1    14
 -7.8983235618566408E+00 a       589     0    43     1     1
  3.5579762225410736E+00 a       590     0    43     1     2
 -6.0607246795857073E-01 a       591     0    43     1     3
  4.9188654385217143E+00 a       592     0    43     1     4
 -5.3269239303374860E+00 a       593     0    43     1     5
 -1.8737356523744420E+01 a       594     0    43     1     6
  4.3712801323527382E+00 a       595     0    43     1     7
 -2.3840581872360370E-01 a       596     0    43     1     8
 -7.6702317262672244E+00 a       597     0    43     1     9
  6.7709447542803580E-01 a       598     0    43     1    10
 -1.7333652356670454E-01 a       599     0    43     1    11
  4.1643407643829038E+00 a       600     0    43     1    12
  8.2259470950790217E+00 a       601     0    43     1    13
  1.1011432595405863E+00 a       602     0    43     1    14
  2.7550295571130228E+00 a       603     0    44     1     1
  5.0861754022689372E+00 a       604     0    44     1     2
  3.9913590000562413E+00 a       605     0    44     1     3
  1.6725209309080862E+00 a       606     0    44     1     4
  2.9723411868329954E+00 a       607     0    44     1     5
  1.7556371586820083E+00 a       608     0    44     1     6
  2.8499803432613763E-01 a       609     0    44     1     7
  3.6340289544339517E+00 a       610     0    44     1     8
 -2.9953063712435744E+00 a       611     0    44     1     9
  4.2746217464075107E+00 a       612     0    44     1    10
  3.5501067329469593E-01 a       613     0    44     1    11
 -5.6118493056058583E+00 a       614     0    44     1    12
  7.9506994002444813E+00 a       615     0    44     1    13
 -2.9833986859206867E+00 a       616     0    44     1    14
 -4.3600171149520914E+00 a       617     0    45     1     1
  1.5451480953349592E+00 a       618     0    45     1     2
 -2.8378873071361388E-01 a       619     0    45     1     3
 -6.0159220511382729E+00 a       620     0    45     1     4
  7.4556556199577517E-01 a       621     0    45     1     5
 -3.1376859943138009E+00 a       622     0    45     1     6
  3.7121097470912001E-01 a       623     0    45     1     7
  5.4190741646506924E+00 a       624     0    45     1     8
 -1.9031120883607905E-01 a       625     0    45     1     9
  1.3977366591458360E+00 a       626     0    45     1    10
  9.4001685641663748E+00 a       627     0    45     1    11
  2.4137674113355465E-01 a       628     0    45     1    12
 -6.5769790614823878E+00 a       629     0    45     1    13
  1.1063892367229333E+00 a       630     0    45     1    14
 -4.7427293995525460E-01 a       631     0    46     1     1
 -7.4915280092070557E-01 a       632     0    46     1     2
  4.0061055171875806E+00 a       633     0    46     1     3
 -6.9615286823139844E+00 a       634     0    46     1     4
 -7.2024183822288110E+00 a       635     0    46     1     5
  4.8628036827611290E+00 a       636     0    46     1     6
  4.3640025147044064E+00 a       637     0    46     1     7
  2.7094028630936857E+00 a       638     0    46     1     8
  2.2532483757631274E+00 a       639     0    46     1     9
 -4.9222548671873838E+00 a       640     0    46     1    10
  8.4773641172526712E+00 a       641     0    46     1    11
  1.0756324888703276E+01 a       642     0    46     1    12
 -1.4721259555156529E+01 a       643     0    46     1    13
  8.2125360266520548E+00 a       644     0    46     1    14
 -2.0153193368942746E+00 a       645     0    47     1     1
 -3.2793261880374818E+00 a       646     0    47     1     2
 -5.0568355777661003E+00 a       647     0    47     1     3
 -1.8406419746132567E+00 a       648     0    47     1     4
 -1.0194405828539741E+00 a       649     0    47     1     5
  4.3882264102799367E+00 a       650     0    47     1     6
  3.1347093466590015E+00 a       651     0    47     1     7
 -7.0183483272659428E+00 a       652     0    47     1     8
 -9.8376272206912638E+00 a       653     0    47     1     9
  6.1332111573973513E+00 a       654     0    47     1    10
 -6.5627063613044367E-01 a       655     0    47     1    11
 -1.7037105991038957E+00 a       656     0    47     1    12
 -7.6706911376879594E+00 a       657     0    47     1    13
  1.5503943302265120E+00 a       658     0    47     1    14
 -6.9547885594581205E+00 a       659     0    48     1     1
 -5.0169176001710394E+00 a       660     0    48     1     2
 -4.9362741182454839E-01 a       661     0    48     1     3
 -4.1203267918496804E+00 a       662     0    48     1     4
  2.7368696545208508E+00 a       663     0    48     1     5
  2.4561536798369747E+00 a       664     0    48     1     6
 -8.5263763836449535E-01 a       665     0    48     1     7
  6.8989673493511052E+00 a       666     0    48     1     8
 -4.4176250602571558E+00 a       667     0    48     1     9
  3.2174983943326856E+00 a       668     0    48     1    10
  5.0278489355673326E+00 a       669     0    48     1    11
 -4.2466362390376595E+00 a       670     0    48     1    12
  5.9130174466025798E+00 a       671     0    48     1    13
  1.1327460399774911E+00 a       672     0    48     1    14
  8.0868863959444823E+00 a       673     0    49     1     1
 -1.1169453929834686E+01 a       674     0    49     1     2
  6.0028866198467112E-01 a       675     0    49     1     3
 -7.9049328373517875E+00 a       676     0    49     1     4
 -1.5677370540663973E+00 a       677     0    49     1     5
  7.0159253053749033E+00 a       678     0    49     1     6
 -6.2706391053472883E+00 a       679     0    49     1     7
  1.8374577364057330E+00 a       680     0    49     1     8
 -8.3104989779843539E+00 a       681     0    49     1     9
 -3.8938400596937166E+00 a       682     0    49     1    10
 -1.1594917237117032E+01 a       683     0    49     1    11
  2.3735467662702336E+00 a       684     0    49     1    12
  3.2345064672533250E+00 a       685     0    49     1    13
 -9.4786094517221606E+00 a       686     0    49     1    14
  8.4502317365278101E-01 a       687     0    50     1     1
 -6.7381402952535335E-02 a       688     0    50     1     2
  3.2765921731358000E-01 a       689     0    50     1     3
  8.5681270939180421E-01 a       690     0    50     1     4
 -1.1814416101583049E-02 a       691     0    50     1     5
  3.9543665997623295E-02 a       692     0    50     1     6
 -7.2727673143878369E-01 a       693     0    50     1     7
  1.7344596271362189E-01 a       694     0    50     1     8
 -7.8456687044242668E-01 a       695     0    50     1     9
  7.0655576551228239E-01 a       696     0    50     1    10
 -6.7863891513949304E-01 a       697     0    50     1    11
  4.4389808039140978E-02 a       698     0    50     1    12
  1.2824425831501847E+00 a       699     0    50     1    13
 -7.3278740813225596E-01 a       700     0    50     1    14
  4.1614656855338478E-01 a       701     0    51     1     1
  5.1796166325161297E-01 a       702     0    51     1     2
  2.8393128810774199E-01 a       703     0    51     1     3
 -2.9565195554731555E-01 a       704     0    51     1     4
 -8.1041683181716329E-01 a       705     0    51     1     5
  6.8240056904668733E-01 a       706     0    51     1     6
  1.1864999253219156E-01 a       707     0    51     1     7
 -6.4536165035203186E-01 a       708     0    51     1     8
  9.1148786412060812E-01 a       709     0    51     1     9
 -7.7644845639256621E-01 a       710     0    51     1    10
 -2.3548060555872136E-02 a       711     0    51     1    11
  7.4841084207880570E-01 a       712     0    51     1    12
 -1.6313854998622359E+00 a       713     0    51     1    13
  1.1111864816059007E-01 a       714     0    51     1    14
  2.2553929010923310E+00 a       715     0    52     1     1
 -5.4886434385403737E-01 a       716     0    52     1     2
 -1.9496429064672771E-01 a       717     0    52     1     3
 -5.7344639710490919E-01 a       718     0    52     1     4
 -1.8371139841050297E+00 a       719     0    52     1     5
  1.2888223838685888E+00 a       720     0    52     1     6
 -1.4004464561753827E+00 a       721     0    52     1     7
 -1.6026250087256164E+00 a       722     0    52     1     8
  1.3504798812371992E+00 a       723     0    52     1     9
 -1.3200502281158830E+00 a       724     0    52     1    10
  1.0961139207905628E-01 a       725     0    52     1    11
  6.6659020295690186E-01 a       726     0    52     1    12
 -3.3966600313119617E+00 a       727     0    52     1    13
 -1.9850543485722392E+00 a       728     0    52     1    14
 -2.9995930324671405E+00 a       729     0    53     1     1
 -9.1954261045961894E-01 a       730     0    53     1     2
 -3.7872091516416889E-01 a       731     0    53     1     3
 -3.5156570046959299E+00 a       732     0    53     1     4
 -2.3318018960856213E+00 a       733     0    53     1     5
 -2.4180929455641600E+00 a       734     0    53     1     6
 -2.9186484495629630E+00 a       735     0    53     1     7
 -3.3256041096659157E+00 a       736     0    53     1     8
 -6.4515803823642004E-01 a       737     0    53     1     9
 -7.6369903782866677E-01 a       738     0    53     1    10
 -4.0421936411235115E-01 a       739     0    53     1    11
  2.2652360938762022E+00 a       740     0    53     1    12
 -5.5989964487442787E+00 a       741     0    53     1    13
 -9.7452424131866655E-01 a       742     0    53     1    14
  1.5921294271055797E+00 a       743     0    54     1     1
 -1.3869733366616039E+00 a       744     0    54     1     2
  1.5719499599188274E+00 a       745     0    54     1     3
  2.7899071052005281E-01 a       746     0    54     1     4
 -1.4135609137253495E+00 a       747     0    54     1     5
  1.1619873060438417E+00 a       748     0    54     1     6
 -2.6946515398110606E+00 a       749     0    54     1     7
 -2.8844158527132473E+00 a       750     0    54     1     8
 -2.4068556489273281E+00 a       751     0    54     1     9
 -8.7471381202005882E-01 a       752     0    54     1    10
 -3.3940384331487365E+00 a       753     0    54     1    11
  9.9404529640765882E-01 a       754     0    54     1    12
  1.3247412804928695E+00 a       755     0    54     1    13
 -1.0820114182122769E+00 a       756     0    54     1    14
 -1.6008057101199173E+00 a       757     0    55     1     1
  2.8046711582922101E-01 a       758     0    55     1     2
 -2.1706634678824912E+00 a       759     0    55     1     3
  3.0928474882829371E+00 a       760     0    55     1     4
  4.9683101705139752E+00 a       761     0    55     1     5
 -2.8840213670384296E+00 a       762     0    55     1     6
  1.8717310501438383E-01 a       763     0    55     1     7
 -2.9043225061710953E+00 a       764     0    55     1     8
 -2.4118354187384292E+00 a       765     0    55     1     9
  3.1770242174531789E+00 a       766     0    55     1    10
 -5.2575651714740843E+00 a       767     0    55     1    11
 -3.8983426603405444E+00 a       768     0    55     1    12
  6.5004363135567482E+00 a       769     0    55     1    13
 -3.2023387988384773E+00 a       770     0    55     1    14
  5.5139072785118559E-01 a       771     0    56     1     1
  3.4870703632203393E+00 a       772     0    56     1     2
  1.8478757960703793E+00 a       773     0    56     1     3
 -7.8842232051223660E-01 a       774     0    56     1     4
  1.1871063374424442E+00 a       775     0    56     1     5
 -3.1265760178415860E+00 a       776     0    56     1     6
 -3.7470582979168450E+00 a       777     0    56     1     7
  3.4216625707099078E+00 a       778     0    56     1     8
  7.3577986671035518E+00 a       779     0    56     1     9
 -3.4189985431800172E+00 a       780     0    56     1    10
  1.9419209742834176E+00 a       781     0    56     1    11
  1.3652272984520324E+00 a       782     0    56     1    12
  2.4511768523141182E+00 a       783     0    56     1    13
 -3.4414082342297352E+00 a       784     0    56     1    14
  2.9682094125638239E+00 a       785     0    57     1     1
  4.6435079136896817E+00 a       786     0    57     1     2
  2.6179438093167695E+00 a       787     0    57     1     3
  1.1178148924533006E-02 a       788     0    57     1     4
  2.1753827992194687E-02 a       789     0    57     1     5
  8.0568724187106056E-01 a       790     0    57     1     6
  1.9777395544214955E+00 a       791     0    57     1     7
 -2.6039146880633401E+00 a       792     0    57     1     8
  4.9835431303390827E+00 a       793     0    57     1     9
 -2.9047235201966286E+00 a       794     0    57     1    10
  4.8894342089189058E-01 a       795     0    57     1    11
  4.4302180138050629E+00 a       796     0    57     1    12
 -4.4336163254729817E+00 a       797     0    57     1    13
  1.0642121315551820E+00 a       798     0    57     1    14
  1.3153632472779500E-01 a       799     0    58     1     1
  2.4156627609157560E-01 a       800     0    58     1     2
  5.4607171304858362E+00 a       801     0    58     1     3
  3.2267259314546144E+00 a       802     0    58     1     4
 -9.0486662848407873E-01 a       803     0    58     1     5
  1.8472671452799370E+00 a       804     0    58     1     6
  7.1983042980515126E+00 a       805     0    58     1     7
  5.7578857921644799E-01 a       806     0    58     1     8
  3.9631719903380098E+00 a       807     0    58     1     9
 -5.6287141992873098E+00 a       808     0    58     1    10
  9.6158176986248716E+00 a       809     0    58     1    11
  2.3121329628306473E+00 a       810     0    58     1    12
  2.7980153126698588E+00 a       811     0    58     1    13
  8.7556765828114393E+00 a       812     0    58     1    14
  1.4231573613418551E+00 a       813     0    59     1     1
 -7.4716053434714080E-01 a       814     0    59     1     2
  4.2637091173785340E+00 a       815     0    59     1     3
 -3.4476267133033240E+00 a       816     0    59     1     4
  2.0062003636588353E+00 a       817     0    59     1     5
  1.1899409134924824E+01 a       818     0    59     1     6
 -2.4877839328475755E+00 a       819     0    59     1     7
  7.5926969755407416E+00 a       820     0    59     1     8
  6.0429361169312026E+00 a       821     0    59     1     9
 -5.8810628289131484E-01 a       822     0    59     1    10
  3.7833854996862621E+00 a       823     0    59     1    11
 -4.7231454854209609E+00 a       824     0    59     1    12
  3.5170844058211005E-02 a       825     0    59     1    13
  2.9978500445535277E+00 a       826     0    59     1    14
  6.9333935892428600E-01 a       827     0    60     1     1
 -7.3824434224800228E-01 a       828     0    60     1     2
 -3.6143436014439922E-01 a       829     0    60     1     3
  1.3942155508658889E+00 a       830     0    60     1     4
  9.3782159093081641E-01 a       831     0    60     1     5
  1.5775596707119417E+00 a       832     0    60     1     6
  2.2272866075340936E+00 a       833     0    60     1     7
  2.1701689124723385E+00 a       834     0    60     1     8
  3.4353650290869084E+00 a       835     0    60     1     9
 -2.9056740326667994E+00 a       836     0    60     1    10
 -2.5088322696429660E-01 a       837     0    60     1    11
  7.3683474425023754E-01 a       838     0    60     1    12
  1.5128069973895366E+00 a       839     0    60     1    13
  2.3679021723791482E+00 a       840     0    60     1    14
 -3.9005907479108687E-01 a       841     0    61     1     1
  3.0075090548118286E+00 a       842     0    61     1     2
  2.7387387576115607E-01 a       843     0    61     1     3
  2.8416286782721689E-01 a       844     0    61     1     4
  1.2517661871669834E+00 a       845     0    61     1     5
  2.8543548749180649E+00 a       846     0    61     1     6
 -4.8874066420383384E+00 a       847     0    61     1     7
  2.6335112525062887E-01 a       848     0    61     1     8
  3.0722129728219727E+00 a       849     0    61     1     9
 -1.1371197278982796E+00 a       850     0    61     1    10
  1.3513316481349371E+00 a       851     0    61     1    11
 -5.0035735417250233E+00 a       852     0    61     1    12
  1.2056853266249508E+00 a       853     0    61     1    13
 -3.5354138422934525E+00 a       854     0    61     1    14
 -5.5622406331284779E-01 a       855     0    62     1     1
  2.0701319034364434E+00 a       856     0    62     1     2
 -4.6563103452640773E+00 a       857     0    62     1     3
  2.8942138614799933E+00 a       858     0    62     1     4
  1.5406849784662585E-01 a       859     0    62     1     5
 -2.8630564578556261E-01 a       860     0    62     1     6
  3.9575952854349228E-01 a       861     0    62     1     7
 -6.4465838909856954E+00 a       862     0    62     1     8
  2.0501810239429094E-01 a       863     0    62     1     9
  3.6887814703079806E+00 a       864     0    62     1    10
 -2.7696865329993834E+00 a       865     0    62     1    11
  4.8421373679928315E-01 a       866     0    62     1    12
 -3.3184959323206789E+00 a       867     0    62     1    13
 -2.2860488502246157E+00 a       868     0    62     1    14
  1.2215412829031231E+00 a       869     0    63     1     1
  1.2115203162060948E+00 a       870     0    63     1     2
 -1.6047580676413777E+00 a       871     0    63     1     3
  3.4892811505622947E+00 a       872     0    63     1     4
  1.5072769240042798E+00 a       873     0    63     1     5
  2.2027149029366648E+00 a       874     0    63     1     6
  2.2471839147375436E+00 a       875     0    63     1     7
 -1.4176536916409925E+00 a       876     0    63     1     8
  3.4220903020082174E+00 a       877     0    63     1     9
 -3.4985325386763716E-01 a       878     0    63     1    10
 -3.3222364171430847E+00 a       879     0    63     1    11
 -1.8584950700012060E+00 a       880     0    63     1    12
  2.1561951087155520E+00 a       881     0    63     1    13
  4.3664631431879784E-02 a       882     0    63     1    14
 -1.0546007069068255E+01 a       883     0    64     1     1
  1.1228829695537435E+01 a       884     0    64     1     2
 -1.0031043976404245E+01 a       885     0    64     1     3
  4.1640197570444553E+00 a       886     0    64     1     4
  5.8122210736470654E+00 a       887     0    64     1     5
 -3.4893126648030335E+00 a       888     0    64     1     6
 -1.7188471506822993E+00 a       889     0    64     1     7
 -3.4009607961288273E+00 a       890     0    64     1     8
  3.0577915429914553E+00 a       891     0    64     1     9
  1.1044252740304959E+01 a       892     0    64     1    10
 -3.3593845443190964E+00 a       893     0    64     1    11
 -8.9030340276419678E-02 a       894     0    64     1    12
 -1.0641596301106976E+01 a       895     0    64     1    13
 -3.1237111913037214E+00 a       896     0    64     1    14
  3.3172776464588977E-01 b       897     1     1
  2.3707491297183714E-01 b       898     1     2
  2.7405579953974685E-01 b       899     1     3
  6.0715593697892617E-02 b       900     1     4
  5.7449890161707248E-02 b       901     1     5
 -2.6890334546734335E-01 b       902     1     6
  7.4895970535010473E-02 b       903     1     7
  7.6970119516957508E-02 b       904     1     8
  3.1061747106566512E-01 b       905     1     9
  2.1707435852006607E-01 b       906     1    10
  3.6409700923182416E-02 b       907     1    11
 -3.8686533068522422E-01 b       908     1    12
  3.8977810542502361E-01 b       909     1    13
  8.0524232492898848E-02 b       910     1    14
 -4.0581884307997845E-01 a       911     1     1     2     1
  3.9671599597260004E-01 a       912     1     1     2     2
 -3.1442128827005447E+00 a       913     1     1     2     3
 -3.7276155252271448E-01 a       914     1     1     2     4
 -3.5404824968439014E-01 a       915     1     1     2     5
  8.9798605985937852E-01 a       916     1     1     2     6
 -4.3167898198478888E-01 a       917     1     1     2     7
  1.5979093210379930E-01 a       918     1     1     2     8
 -4.7204471583624374E-01 a       919     1     1     2     9
  6.5904580712228655E-01 a       920     1     1     2    10
  9.1554097397508849E-01 a       921     1     1     2    11
  2.4627426119888310E-01 a       922     1     1     2    12
  6.1447897184972511E-01 a       923     1     1     2    13
 -7.2911953295966850E-02 a       924     1     1     2    14
 -6.0186146137457019E-01 a       925     1     2     2     1
 -3.6389206389803452E-01 a       926     1     2     2     2
 -1.1731815813293593E+00 a       927     1     2     2     3
  4.5852415854029166E-01 a       928     1     2     2     4
  6.8957160862216615E-01 a       929     1     2     2     5
  6.2336524496901546E-01 a       930     1     2     2     6
  6.3605355432010979E-01 a       931     1     2     2     7
 -1.0906875516969212E-01 a       932     1     2     2     8
 -2.0875420803640293E-01 a       933     1     2     2     9
  2.8227443936749436E-02 a       934     1     2     2    10
  1.2526390729428254E+00 a       935     1     2     2    11
  3.7149247175767569E-01 a       936     1     2     2    12
  9.9390601881644636E-01 a       937     1     2     2    13
 -3.5848630524278996E-01 a       938     1     2     2    14
  6.5131786213708631E-01 a       939     1     3     2     1
 -5.0744341339380494E-01 a       940     1     3     2     2
  1.6567118500666651E+00 a       941     1     3     2     3
 -6.7285688266193841E-02 a       942     1     3     2     4
 -5.2688421682585640E-01 a       943     1     3     2     5
 -3.1172674046217965E+00 a       944     1     3     2     6
 -9.9827682212520952E-01 a       945     1     3     2     7
 -9.8153272019144033E-02 a       946     1     3     2     8
  9.4349349659323192E-02 a       947     1     3     2     9
 -6.9169662019366585E-01 a       948     1     3     2    10
  5.2292288211990567E-01 a       949     1     3     2    11
  6.0073359896098355E-01 a       950     1     3     2    12
 -1.5497284473626749E-02 a       951     1     3     2    13
  1.1389234060786013E+00 a       952     1     3     2    14
  6.1985144823859389E-02 a       953     1     4     2     1
  2.7150004790822097E-01 a       954     1     4     2     2
  2.8524200286489370E+00 a       955     1     4     2     3
 -6.7599126879247587E-02 a       956     1     4     2     4
 -4.5115383852208002E-01 a       957     1     4     2     5
 -3.7144694201325494E+00 a       958     1     4     2     6
  3.7485696808956015E-01 a       959     1     4     2     7
 -6.4367947318783081E-01 a       960     1     4     2     8
  3.1794311664135333E-01 a       961     1     4     2     9
  8.7469948501094985E-01 a       962     1     4     2    10
  8.1509733270580698E-01 a       963     1     4     2    11
 -1.9278945175129963E-01 a       964     1     4     2    12
  1.1347239172475363E+00 a       965     1     4     2    13
 -1.1530051507161025E-01 a       966     1     4     2    14
  6.4025011337221538E-01 a       967     1     5     2     1
  3.8715023912562324E-01 a       968     1     5     2     2
  1.5100130648047183E+00 a       969     1     5     2     3
 -1.9346204218119906E-02 a       970     1     5     2     4
 -1.3728587108585960E-01 a       971     1     5     2     5
 -2.5883051676320246E-01 a       972     1     5     2     6
 -9.6140480760819813E-01 a       973     1     5     2     7
 -1.4090782995383305E-01 a       974     1     5     2     8
 -6.9479553577904807E-01 a       975     1     5     2     9
  2.2027810933753753E-01 a       976     1     5     2    10
 -3.0264516600696539E-01 a       977     1     5     2    11
 -4.6358720079310400E-01 a       978     1     5     2    12
 -1.6302197952375130E-01 a       979     1     5     2    13
 -9.9354390860328684E-02 a       980     1     5     2    14
  2.8158687696852192E-01 a       981     1     6     2     1
  3.9440025796746958E-01 a       982     1     6     2     2
 -4.3289932396488717E-01 a       983     1     6     2     3
  4.8139076586962648E-01 a       984     1     6     2     4
  4.2662777400445462E-01 a       985     1     6     2     5
  4.1451156700127501E-01 a       986     1     6     2     6
 -2.2136803544635519E-01 a       987     1     6     2     7
 -2.8583076639638089E-01 a       988     1     6     2     8
 -7.8538721897373320E-02 a       989     1     6     2     9
  6.5318442494978868E-01 a       990     1     6     2    10
 -5.3912457733286168E-01 a       991     1     6     2    11
 -4.6474277607866782E-01 a       992     1     6     2    12
 -5.5516242330777166E-01 a       993     1     6     2    13
 -2.8425173248139535E-01 a       994     1     6     2    14
  3.2930022762478695E-02 a       995     1     7     2     1
 -1.9714633175399239E-02 a       996     1     7     2     2
  4.1788029708753527E-01 a       997     1     7     2     3
 -5.2420371879482064E-01 a       998     1     7     2     4
 -5.0500986723487240E-01 a       999     1     7     2     5
 -7.9465366094815093E-01 a      1000     1     7     2     6
  3.5950774350240383E-01 a      1001     1     7     2     7
  1.1622240368779355E+00 a      1002     1     7     2     8
  1.8242785513150839E-01 a      1003     1     7     2     9
 -1.6795836408234041E-01 a      1004     1     7     2    10
  2.0123532192513722E+00 a      1005     1     7     2    11
  2.1710537821241424E-02 a      1006     1     7     2    12
  6.0114043465405698E-01 a      1007     1     7     2    13
 -8.6416238457999950E-02 a      1008     1     7     2    14
 -3.0623819831538723E-01 a      1009     1     8     2     1
  3.8874342828771252E-01 a      1010     1     8     2     2
 -5.6045482758299969E-01 a      1011     1     8     2     3
 -3.1642342860778494E-01 a      1012     1     8     2     4
  1.7843382373141076E-01 a      1013     1     8     2     5
  4.5088124620752579E-01 a      1014     1     8     2     6
  9.6376266842164671E-01 a      1015     1     8     2     7
  4.5609071374363724E-01 a      1016     1     8     2     8
  2.4436485681780531E-01 a      1017     1     8     2     9
  3.8149281268744123E-01 a      1018     1     8     2    10
  3.8841737168694102E-02 a      1019     1     8     2    11
 -3.3176694644864896E-01 a      1020     1     8     2    12
  4.1081215669022347E-01 a      1021     1     8     2    13
 -2.6969524043146387E-02 a      1022     1     8     2    14
  2.9351530741116033E-01 a      1023     1     9     2     1
  2.8495572218361109E-01 a      1024     1     9     2     2
  2.2196353199280576E+00 a      1025     1     9     2     3
  2.4351542994993275E-01 a      1026     1     9     2     4
  2.6928094254656149E-01 a      1027     1     9     2     5
 -1.0320057321740423E+00 a      1028     1     9     2     6
  5.4131916797437651E-01 a      1029     1     9     2     7
  5.3693350274587748E-01 a      1030     1     9     2     8
  1.3594062831538234E-01 a      1031     1     9     2     9
  1.6392906119621853E-01 a      1032     1     9     2    10
 -7.1401252315251773E-01 a      1033     1     9     2    11
 -5.8135616764658904E-01 a      1034     1     9     2    12
 -6.2110453752934758E-01 a      1035     1     9     2    13
  4.1873055471286130E-01 a      1036     1     9     2    14
 -7.9761437982549155E-01 a      1037     1    10     2     1
 -1.2030462446377409E-01 a      1038     1    10     2     2
  3.4240753153911330E-01 a      1039     1    10     2     3
  9.9438798427768826E-01 a      1040     1    10     2     4
  8.5301638299783689E-01 a      1041     1    10     2     5
  7.9169921169274271E-01 a      1042     1    10     2     6
 -4.0711444920630380E-01 a      1043     1    10     2     7
  7.4369410900642219E-01 a      1044     1    10     2     8
 -3.4096632671762905E-01 a      1045     1    10     2     9
 -2.8326972731474875E-01 a      1046     1    10     2    10
  6.6595818816504015E-01 a      1047     1    10     2    11
 -1.0075816418721274E-01 a      1048     1    10     2    12
 -1.4631294963439573E-01 a      1049     1    10     2    13
  9.8467208556161534E-01 a      1050     1    10     2    14
 -1.6441009364816314E-01 a      1051     1    11     2     1
  3.4457297835459327E-01 a      1052     1    11     2     2
 -6.1275035891114982E-01 a      1053     1    11     2     3
  3.0329711914997481E-01 a      1054     1    11     2     4
  4.4221469640744343E-01 a      1055     1    11     2     5
 -1.9249345599102912E+00 a      1056     1    11     2     6
 -5.5079451449659733E-01 a      1057     1    11     2     7
  1.2251431134237346E-01 a      1058     1    11     2     8
 -1.2190926915671756E-01 a      1059     1    11     2     9
  4.5112852660067848E-01 a      1060     1    11     2    10
  6.6848384938302030E-01 a      1061     1    11     2    11
 -3.4391308864018616E-01 a      1062     1    11     2    12
  6.4128929812539415E-01 a      1063     1    11     2    13
  3.6585792152682123E-02 a      1064     1    11     2    14
 -1.6186565184810944E-01 a      1065     1    12     2     1
 -4.2585882400309294E-01 a      1066     1    12     2     2
 -1.0294314594292187E+00 a      1067     1    12     2     3
  4.2357714411470920E-01 a      1068     1    12     2     4
  7.4352177647298498E-02 a      1069     1    12     2     5
 -2.7943715866034555E+00 a      1070     1    12     2     6
 -4.0845889204744440E-01 a      1071     1    12     2     7
  1.5401547916331104E-01 a      1072     1    12     2     8
  1.2935166075866392E-01 a      1073     1    12     2     9
 -2.4224697069522724E-01 a      1074     1    12     2    10
  3.0345534774359573E-01 a      1075     1    12     2    11
  6.3391114498285950E-01 a      1076     1    12     2    12
 -1.8707303837843481E-01 a      1077     1    12     2    13
  1.0237162906755526E+00 a      1078     1    12     2    14
 -2.0824177386501835E-01 a      1079     1    13     2     1
  3.5539535422056689E-01 a      1080     1    13     2     2
  2.4171542759025013E+00 a      1081     1    13     2     3
  2.3172777967993188E-01 a      1082     1    13     2     4
  3.5211651832983243E-01 a      1083     1    13     2     5
 -7.5432047673104352E-01 a      1084     1    13     2     6
  2.7853602528035437E-01 a      1085     1    13     2     7
  3.6236109500474611E-01 a      1086     1    13     2     8
 -2.2860046379860241E-01 a      1087     1    13     2     9
  4.0617928572435308E-01 a      1088     1    13     2    10
  9.2404749922074800E-02 a      1089     1    13     2    11
 -6.9815238009308489E-01 a      1090     1    13     2    12
 -1.4570036948669568E-01 a      1091     1    13     2    13
 -9.6005104229647287E-01 a      1092     1    13     2    14
  8.8290455073134030E-02 a      1093     1    14     2     1
 -2.0337743640346903E-01 a      1094     1    14     2     2
  4.1729906312018822E-01 a      1095     1    14     2     3
  2.0310813795932067E-01 a      1096     1    14     2     4
  1.1247959066996205E-01 a      1097     1    14     2     5
  2.3445757614805260E+00 a      1098     1    14     2     6
  7.1664797702990457E-01 a      1099     1    14     2     7
 -4.4935573659617689E-01 a      1100     1    14     2     8
 -2.6883339496057038E-02 a      1101     1    14     2     9
  7.7241988872633824E-03 a      1102     1    14     2    10
 -5.6739169791225486E-01 a      1103     1    14     2    11
  2.3595295118886916E-01 a      1104     1    14     2    12
 -7.0288347699000595E-02 a      1105     1    14     2    13
  3.6191752318087228E-01 a      1106     1    14     2    14
 -1.5845543796817674E-01 b      1107     2     1
 -1.0778765052617438E-01 b      1108     2     2
 -2.3064097704829676E+00 b      1109     2     3
 -8.6340288085590966E-01 b      1110     2     4
 -6.5164762106192531E-01 b      1111     2     5
  5.6857991246514219E+00 b      1112     2     6
  1.2687446859099702E+00 b      1113     2     7
  9.0540587098907122E-01 b      1114     2     8
  3.9173203745391666E-01 b      1115     2     9
 -1.1611253897833909E-01 b      1116     2    10
 -2.1124619630657118E-02 b      1117     2    11
  3.0991793552277358E-01 b      1118     2    12
  3.3547174695321275E-01 b      1119     2    13
  1.6433423023205436E+00 b      1120     2    14
 -2.2488892403251617E-01 a      1121     2     1     3     1
  7.5539950574464743E-01 a      1122     2     2     3     1
  1.0724160065847884E-02 a      1123     2     3     3     1
 -3.6577014638414607E-01 a      1124     2     4     3     1
  3.0857016238452356E-01 a      1125     2     5     3     1
  3.9005072797018907E-03 a      1126     2     6     3     1
  1.4145977352608441E-01 a      1127     2     7     3     1
 -4.7091928989072412E-01 a      1128     2     8     3     1
 -3.4394621680000870E-01 a      1129     2     9     3     1
 -3.3491733595131373E-01 a      1130     2    10     3     1
  3.1746577633302869E-01 a      1131     2    11     3     1
 -2.9890142579406453E-01 a      1132     2    12     3     1
 -4.2699299705206578E-01 a      1133     2    13     3     1
  2.5849188338545476E-01 a      1134     2    14     3     1
  2.8042611311548577E-02 b      1135     3     1
