################################################################################
# Neural network connection values (weights and biases).
################################################################################
# Col  Name       Description
################################################################################
# 1    connection Neural network connection value.
# 2    t          Connection type (a = weight, b = bias).
# 3    index      Index enumerating weights.
# 4    l_s        Starting point layer (end point layer for biases).
# 5    n_s        Starting point neuron in starting layer (end point neuron for biases).
# 6    l_e        End point layer.
# 7    n_e        End point neuron in end layer.
################################################################################
#                      1 2         3     4     5     6     7
#             connection t     index   l_s   n_s   l_e   n_e
############################################################
  2.6939026355380848E+00 a         1     0     1     1     1
  6.4948910217111511E+00 a         2     0     1     1     2
 -3.0471130981827810E+00 a         3     0     1     1     3
 -2.4833124765941643E+00 a         4     0     1     1     4
 -1.9856018115571774E+00 a         5     0     1     1     5
 -1.3045779345615985E+01 a         6     0     1     1     6
  7.7828045794024030E+00 a         7     0     1     1     7
 -7.6551452600285030E-01 a         8     0     1     1     8
 -4.4380331542130939E-02 a         9     0     1     1     9
  5.3476798679913271E+00 a        10     0     1     1    10
  1.6483075912813359E+00 a        11     0     1     1    11
  1.1585885052628913E+00 a        12     0     1     1    12
 -1.1858464933154547E+00 a        13     0     1     1    13
 -3.4412997194070050E+00 a        14     0     1     1    14
  9.1786436849551811E-01 a        15     0     2     1     1
 -1.5163448666807859E+00 a        16     0     2     1     2
 -4.4165984734319990E+00 a        17     0     2     1     3
  4.2263660908600951E+00 a        18     0     2     1     4
 -7.7319126230480615E+00 a        19     0     2     1     5
 -2.6692878215800167E+00 a        20     0     2     1     6
  2.1182937564480002E+00 a        21     0     2     1     7
  1.7189820511343217E+00 a        22     0     2     1     8
 -4.4094981446765180E+00 a        23     0     2     1     9
  8.4807311986268186E+00 a        24     0     2     1    10
 -8.8191898914253937E+00 a        25     0     2     1    11
 -8.7041891682486827E-01 a        26     0     2     1    12
  8.8210527314275611E-01 a        27     0     2     1    13
  3.1044595959987844E+00 a        28     0     2     1    14
 -1.3879516491413922E+01 a        29     0     3     1     1
 -1.3734081114577481E+01 a        30     0     3     1     2
 -9.3855582822299388E-02 a        31     0     3     1     3
  2.1413016700943487E+01 a        32     0     3     1     4
 -1.8799803477818493E+01 a        33     0     3     1     5
 -1.5272416870929698E+01 a        34     0     3     1     6
 -2.6870936334226005E+01 a        35     0     3     1     7
 -7.7062673282679226E+00 a        36     0     3     1     8
  1.3081859987689409E+01 a        37     0     3     1     9
 -1.3236912474601533E+01 a        38     0     3     1    10
 -3.0842223475063744E+01 a        39     0     3     1    11
  2.6966750336568932E+01 a        40     0     3     1    12
 -1.2207178700573749E+00 a        41     0     3     1    13
  2.9288595795124537E+00 a        42     0     3     1    14
  3.1773693218595870E+01 a        43     0     4     1     1
  2.0346552126747547E+01 a        44     0     4     1     2
 -2.7308442162574799E+01 a        45     0     4     1     3
 -4.2145435315442157E+01 a        46     0     4     1     4
  1.0346078798244852E+01 a        47     0     4     1     5
  1.3241368173977676E+01 a        48     0     4     1     6
  2.7698227974221041E+01 a        49     0     4     1     7
  1.0246625425072905E+01 a        50     0     4     1     8
  2.2607903516129331E+00 a        51     0     4     1     9
  2.7810543902807456E+01 a        52     0     4     1    10
  3.1798535215976685E+01 a        53     0     4     1    11
 -6.6806207011667368E+01 a        54     0     4     1    12
 -1.5631745302789597E+01 a        55     0     4     1    13
  2.1200738460082547E+01 a        56     0     4     1    14
 -6.3473080484359878E-01 a        57     0     5     1     1
 -4.2684372099265895E+00 a        58     0     5     1     2
  2.3533671864362269E+00 a        59     0     5     1     3
  2.9557154046921821E+00 a        60     0     5     1     4
  9.5664599923986882E-01 a        61     0     5     1     5
  2.2361806429902509E+00 a        62     0     5     1     6
 -1.6346188498926277E+00 a        63     0     5     1     7
  2.3919128563128940E+00 a        64     0     5     1     8
  1.4400615656176476E+00 a        65     0     5     1     9
 -7.5764358998979331E-01 a        66     0     5     1    10
  1.5003013427444156E-01 a        67     0     5     1    11
  1.0793033014734778E-01 a        68     0     5     1    12
 -6.5042468313020541E-01 a        69     0     5     1    13
  1.7910035659849735E-01 a        70     0     5     1    14
 -7.1719535006872281E-01 a        71     0     6     1     1
 -7.1224212702781464E-01 a        72     0     6     1     2
  2.6472403191569529E+00 a        73     0     6     1     3
  5.4268520285660471E-01 a        74     0     6     1     4
  2.5985720494964641E+00 a        75     0     6     1     5
 -1.3310113112200281E+00 a        76     0     6     1     6
 -9.9295949854292676E-01 a        77     0     6     1     7
  4.3357805769407809E-01 a        78     0     6     1     8
  3.7324151780271495E+00 a        79     0     6     1     9
 -3.7485124144177875E+00 a        80     0     6     1    10
  4.5715545788360137E+00 a        81     0     6     1    11
  1.9812164432408430E-01 a        82     0     6     1    12
 -2.0554374851779258E+00 a        83     0     6     1    13
 -1.6690043621374746E+00 a        84     0     6     1    14
 -2.6206511138255543E+01 a        85     0     7     1     1
 -2.3997174624529318E+01 a        86     0     7     1     2
  3.6771174531514653E+01 a        87     0     7     1     3
  4.9286831909751896E+01 a        88     0     7     1     4
 -3.4575990304293258E+00 a        89     0     7     1     5
 -1.1173597812130383E+01 a        90     0     7     1     6
 -9.5909550851018057E+00 a        91     0     7     1     7
 -8.4902079655902458E+00 a        92     0     7     1     8
 -1.6548950176308114E+01 a        93     0     7     1     9
 -1.7657552932253957E+01 a        94     0     7     1    10
 -1.2720321461002612E+01 a        95     0     7     1    11
  6.8941435471326940E+01 a        96     0     7     1    12
  2.6190676590767147E+01 a        97     0     7     1    13
 -3.3868246044035530E+01 a        98     0     7     1    14
  1.1430050069089171E+01 a        99     0     8     1     1
  1.3231348455166810E+01 a       100     0     8     1     2
 -1.7249102597237059E+01 a       101     0     8     1     3
 -2.8347414877114179E+01 a       102     0     8     1     4
  2.3684526833342816E+00 a       103     0     8     1     5
  4.8769689158056595E+00 a       104     0     8     1     6
  1.5424899156908114E+00 a       105     0     8     1     7
  4.3391177814207085E+00 a       106     0     8     1     8
  1.0427109977163633E+01 a       107     0     8     1     9
  3.7754294137725730E+00 a       108     0     8     1    10
  6.1196684708404536E+00 a       109     0     8     1    11
 -3.6243878697593082E+01 a       110     0     8     1    12
 -1.6033291442948894E+01 a       111     0     8     1    13
  1.9050413567288103E+01 a       112     0     8     1    14
 -6.0363762610122302E+00 a       113     0     9     1     1
 -1.3538223283395357E+01 a       114     0     9     1     2
 -8.1627741548019923E+00 a       115     0     9     1     3
 -2.1232439418817705E+01 a       116     0     9     1     4
 -1.5751052899430745E+01 a       117     0     9     1     5
  3.9070382761226156E+01 a       118     0     9     1     6
 -4.2138970730402967E+01 a       119     0     9     1     7
  1.3584858870628216E+00 a       120     0     9     1     8
 -4.2598852402382711E+01 a       121     0     9     1     9
 -3.4353812781238837E+01 a       122     0     9     1    10
 -2.0128991256905785E+01 a       123     0     9     1    11
 -1.1174538206774150E+01 a       124     0     9     1    12
  1.9482928000949329E+01 a       125     0     9     1    13
 -1.0568005738985248E+01 a       126     0     9     1    14
 -8.8451431790451593E+00 a       127     0    10     1     1
  3.3513730715488421E+01 a       128     0    10     1     2
  2.2103732109022158E+00 a       129     0    10     1     3
  7.4600660449299987E+00 a       130     0    10     1     4
  1.5822733038424477E+01 a       131     0    10     1     5
  7.2738153938219856E+00 a       132     0    10     1     6
 -2.2605940218259086E+01 a       133     0    10     1     7
 -9.4870572267273037E+00 a       134     0    10     1     8
 -1.0989461929195029E+01 a       135     0    10     1     9
 -8.7227718267534371E+00 a       136     0    10     1    10
  6.5495641860335829E-01 a       137     0    10     1    11
 -1.0649696174031817E+00 a       138     0    10     1    12
  5.0548726310791965E+00 a       139     0    10     1    13
  4.8056037066997304E+00 a       140     0    10     1    14
 -3.5152738559591263E+01 a       141     0    11     1     1
  2.5726542580008580E+00 a       142     0    11     1     2
  2.0983633152756617E+01 a       143     0    11     1     3
  1.4398231071364375E+01 a       144     0    11     1     4
  3.9616421797787872E+01 a       145     0    11     1     5
  3.3609656549378514E+01 a       146     0    11     1     6
  1.2066725775903112E+01 a       147     0    11     1     7
  5.7547656597148034E+01 a       148     0    11     1     8
 -3.6944886433171519E+01 a       149     0    11     1     9
  3.9383044013330490E+00 a       150     0    11     1    10
  1.8953008515152515E+01 a       151     0    11     1    11
  3.5142678290976448E+01 a       152     0    11     1    12
  1.0566222776736986E+01 a       153     0    11     1    13
 -4.3845680684796022E+01 a       154     0    11     1    14
  5.7793830072707957E+00 a       155     0    12     1     1
  5.4552032704837217E+00 a       156     0    12     1     2
  3.6222961065102410E+01 a       157     0    12     1     3
 -2.8864797023588402E+01 a       158     0    12     1     4
  6.3053025591258908E+01 a       159     0    12     1     5
  4.1081873911560052E+01 a       160     0    12     1     6
 -3.9063349942122521E+01 a       161     0    12     1     7
 -1.2581999868189516E+01 a       162     0    12     1     8
  1.4665833229356389E+01 a       163     0    12     1     9
 -6.3704751865269472E+01 a       164     0    12     1    10
 -6.5766469039667648E+00 a       165     0    12     1    11
 -4.9920745673252229E+00 a       166     0    12     1    12
  2.5511647279461783E+01 a       167     0    12     1    13
  4.8038074625961285E+00 a       168     0    12     1    14
  6.7013088347562888E-01 a       169     0    13     1     1
  2.0173371503034236E+01 a       170     0    13     1     2
 -6.7011504648333187E+00 a       171     0    13     1     3
  3.0905347066912023E+00 a       172     0    13     1     4
 -1.4118507525551829E+00 a       173     0    13     1     5
 -1.0928535207669148E+00 a       174     0    13     1     6
  1.1017167724581986E-01 a       175     0    13     1     7
 -3.2304732301446677E+00 a       176     0    13     1     8
 -1.2843437279154539E+01 a       177     0    13     1     9
  8.5536198102302330E-01 a       178     0    13     1    10
 -1.1354284787503017E+01 a       179     0    13     1    11
  2.0330498056827815E+00 a       180     0    13     1    12
  1.4134694576569483E+01 a       181     0    13     1    13
  4.3631568961589533E+00 a       182     0    13     1    14
 -5.2893375360367870E+01 a       183     0    14     1     1
  2.4942691311914653E+00 a       184     0    14     1     2
  8.1378553581504008E+01 a       185     0    14     1     3
  3.2900348236578154E+01 a       186     0    14     1     4
  9.4374960067635925E+01 a       187     0    14     1     5
 -7.5459502130609550E+00 a       188     0    14     1     6
  4.7567241806378703E+01 a       189     0    14     1     7
 -3.4264124363844886E+01 a       190     0    14     1     8
 -8.7705984051302593E+01 a       191     0    14     1     9
 -3.2737929543828002E+01 a       192     0    14     1    10
  9.3398251686331591E+01 a       193     0    14     1    11
  3.1966196303120228E+01 a       194     0    14     1    12
 -6.8949826680255928E+00 a       195     0    14     1    13
 -8.6788939553011886E+01 a       196     0    14     1    14
  1.1119059659915957E+00 a       197     0    15     1     1
  7.1639426705680496E+00 a       198     0    15     1     2
  8.2985963299818284E+00 a       199     0    15     1     3
 -7.6395459902508485E+00 a       200     0    15     1     4
  1.0292455315315866E+01 a       201     0    15     1     5
  3.9565063467558997E-01 a       202     0    15     1     6
 -8.1997684696503748E-01 a       203     0    15     1     7
  1.3340792225429305E+00 a       204     0    15     1     8
  1.0024460671714104E+00 a       205     0    15     1     9
 -1.0066925401797986E+01 a       206     0    15     1    10
  1.0561860345902769E+00 a       207     0    15     1    11
 -1.6772725853333470E+00 a       208     0    15     1    12
  4.6174360706755735E+00 a       209     0    15     1    13
 -3.2233287286609569E+00 a       210     0    15     1    14
 -3.0114636166646997E+00 a       211     0    16     1     1
  5.1879883044001058E+00 a       212     0    16     1     2
 -5.3344522104960133E+00 a       213     0    16     1     3
 -8.0139115704961972E-01 a       214     0    16     1     4
 -1.8505215478299672E-01 a       215     0    16     1     5
 -3.3037419737812845E+00 a       216     0    16     1     6
 -5.6789716394031631E+00 a       217     0    16     1     7
 -4.2680939808168059E+00 a       218     0    16     1     8
 -2.5764022989223219E+00 a       219     0    16     1     9
 -4.5085842097780624E+00 a       220     0    16     1    10
 -6.0690366890598728E+00 a       221     0    16     1    11
 -4.2678918911383406E+00 a       222     0    16     1    12
  3.7244420177678257E+00 a       223     0    16     1    13
  6.7516706399956261E+00 a       224     0    16     1    14
 -5.6895462731813975E+00 a       225     0    17     1     1
 -1.6670080616563379E+01 a       226     0    17     1     2
  1.5839063173899275E+00 a       227     0    17     1     3
  7.3306283772003811E+00 a       228     0    17     1     4
  2.6753518936675249E+00 a       229     0    17     1     5
 -4.7580900275910674E+00 a       230     0    17     1     6
  2.6253712080938724E-01 a       231     0    17     1     7
  2.6040921777883921E+00 a       232     0    17     1     8
 -6.0637293945097497E+00 a       233     0    17     1     9
 -1.1776262491162688E+00 a       234     0    17     1    10
  4.2518116758519877E+00 a       235     0    17     1    11
  4.5354345117303096E-01 a       236     0    17     1    12
 -1.8038457148149587E+00 a       237     0    17     1    13
 -3.9355795356828676E+00 a       238     0    17     1    14
 -5.3185585896163596E+00 a       239     0    18     1     1
  4.0440976651420542E+01 a       240     0    18     1     2
  2.9208626951739472E+01 a       241     0    18     1     3
  7.9265986643225091E+01 a       242     0    18     1     4
  5.8140881119913388E+01 a       243     0    18     1     5
 -2.8809107672588226E+01 a       244     0    18     1     6
  4.2265833669999708E+01 a       245     0    18     1     7
 -8.4635248559165799E+00 a       246     0    18     1     8
  1.0245032486398465E+02 a       247     0    18     1     9
  6.1268223319320207E+01 a       248     0    18     1    10
  3.0477383944956046E+01 a       249     0    18     1    11
  9.2944786417991256E+00 a       250     0    18     1    12
 -5.4510460427096909E+01 a       251     0    18     1    13
  5.8165047690119273E+01 a       252     0    18     1    14
  9.0089138829503579E+00 a       253     0    19     1     1
 -7.3577312656080679E+01 a       254     0    19     1     2
  1.0765214128983175E+01 a       255     0    19     1     3
 -8.9282747421832749E+00 a       256     0    19     1     4
 -1.7641053988424773E+01 a       257     0    19     1     5
 -5.3238521845702920E+00 a       258     0    19     1     6
  2.1964039036735294E+01 a       259     0    19     1     7
  1.5202454065255248E+01 a       260     0    19     1     8
  3.4569682029907447E+01 a       261     0    19     1     9
  7.0903289959125670E+00 a       262     0    19     1    10
  1.8293983402512122E+01 a       263     0    19     1    11
 -4.0698377145477316E-01 a       264     0    19     1    12
 -2.8578225372272115E+01 a       265     0    19     1    13
 -8.3617083842596696E+00 a       266     0    19     1    14
  7.6581418083175038E+01 a       267     0    20     1     1
  6.6127912889610414E+01 a       268     0    20     1     2
  8.6355595060117825E+00 a       269     0    20     1     3
 -3.5993650933441415E+01 a       270     0    20     1     4
 -3.2997094424926551E+01 a       271     0    20     1     5
 -3.2092463528384783E+01 a       272     0    20     1     6
 -2.5939860826102086E+00 a       273     0    20     1     7
 -1.6182412561789630E+02 a       274     0    20     1     8
  4.3685680545305374E+01 a       275     0    20     1     9
 -1.5881846554616889E+01 a       276     0    20     1    10
  1.1897969915063484E+01 a       277     0    20     1    11
 -9.6590323497735923E+01 a       278     0    20     1    12
 -2.0623510492856479E+01 a       279     0    20     1    13
  7.7243609438067594E+01 a       280     0    20     1    14
 -1.3292862706457171E+00 a       281     0    21     1     1
 -2.8126698139306527E+01 a       282     0    21     1     2
 -3.3305314416548157E+01 a       283     0    21     1     3
 -1.4218554841114941E+01 a       284     0    21     1     4
 -5.2754014670099806E+01 a       285     0    21     1     5
  1.1180188391432608E+00 a       286     0    21     1     6
 -2.6297615931514211E+00 a       287     0    21     1     7
  4.3003330226766732E+00 a       288     0    21     1     8
 -4.2173530330080148E+01 a       289     0    21     1     9
  5.2116293527824329E+00 a       290     0    21     1    10
 -1.2035502213669096E+01 a       291     0    21     1    11
 -1.9607962869363500E+00 a       292     0    21     1    12
  5.6602322980608140E+00 a       293     0    21     1    13
 -1.9035303378517362E+01 a       294     0    21     1    14
 -1.2538856013038176E+01 a       295     0    22     1     1
 -5.4549176200968494E+00 a       296     0    22     1     2
 -2.9008147017377400E+01 a       297     0    22     1     3
 -4.2735855878941464E+00 a       298     0    22     1     4
 -1.0113971826429852E+01 a       299     0    22     1     5
  2.6171460951110777E+01 a       300     0    22     1     6
 -8.3437126642642472E+00 a       301     0    22     1     7
  8.2917476672643474E+01 a       302     0    22     1     8
  1.0978436512208916E+01 a       303     0    22     1     9
  1.7961243145760687E+01 a       304     0    22     1    10
 -3.6205807652135391E+01 a       305     0    22     1    11
  2.9455438254041617E+01 a       306     0    22     1    12
  1.1000715524198144E+01 a       307     0    22     1    13
 -5.3388310968281329E+00 a       308     0    22     1    14
  1.8196907502829003E+00 a       309     0    23     1     1
  7.0056443336694085E-01 a       310     0    23     1     2
  5.2585527013360451E+00 a       311     0    23     1     3
 -1.1079686470695950E+01 a       312     0    23     1     4
 -2.5314171560791268E+00 a       313     0    23     1     5
 -3.5801093231479353E+00 a       314     0    23     1     6
  8.9212014193845168E-01 a       315     0    23     1     7
  5.2020307205692351E+00 a       316     0    23     1     8
 -8.2620316623458745E+00 a       317     0    23     1     9
 -6.6925134735114709E+00 a       318     0    23     1    10
 -4.5306564877406280E-01 a       319     0    23     1    11
 -1.0915807905280575E+00 a       320     0    23     1    12
  5.5746151483858188E+00 a       321     0    23     1    13
 -1.0980553884436855E+01 a       322     0    23     1    14
 -7.4260038415698282E-01 a       323     0    24     1     1
  5.6148293031268270E+00 a       324     0    24     1     2
  2.5057926420276484E+00 a       325     0    24     1     3
 -2.9435780250611043E+00 a       326     0    24     1     4
  2.3870088569546605E-01 a       327     0    24     1     5
 -6.1325280702081812E+00 a       328     0    24     1     6
 -2.6305716957192562E+00 a       329     0    24     1     7
 -8.3742014212055771E-01 a       330     0    24     1     8
 -2.9528308923001827E+00 a       331     0    24     1     9
 -1.8019781579624223E+00 a       332     0    24     1    10
 -2.1365378118114324E+00 a       333     0    24     1    11
 -2.2110536280216642E+00 a       334     0    24     1    12
  3.3452586318938216E+00 a       335     0    24     1    13
 -1.5042714615102393E+00 a       336     0    24     1    14
 -5.0186763779109880E+00 a       337     0    25     1     1
 -1.2271556795082875E+01 a       338     0    25     1     2
  1.6628150861858479E+00 a       339     0    25     1     3
  4.6838976306817193E+00 a       340     0    25     1     4
 -6.4944661454770869E-01 a       341     0    25     1     5
  1.8201619012148129E+00 a       342     0    25     1     6
  1.9550461703539999E+00 a       343     0    25     1     7
  1.7725816453090392E+01 a       344     0    25     1     8
 -2.3817322126334983E+00 a       345     0    25     1     9
  5.9931215765394343E+00 a       346     0    25     1    10
 -2.3234307005468842E+00 a       347     0    25     1    11
  6.8807027821463222E+00 a       348     0    25     1    12
  8.5693737768592615E-01 a       349     0    25     1    13
 -7.2497418992009610E+00 a       350     0    25     1    14
 -2.0831815461436987E-01 a       351     0    26     1     1
 -7.2757181834950000E+00 a       352     0    26     1     2
 -5.2053882300977810E+00 a       353     0    26     1     3
 -1.6384504225002656E+00 a       354     0    26     1     4
 -3.0806124042873764E+00 a       355     0    26     1     5
  7.8889669363447226E+00 a       356     0    26     1     6
 -8.4268989371685645E+00 a       357     0    26     1     7
 -3.0891875238749713E+00 a       358     0    26     1     8
 -6.4571593615304392E+00 a       359     0    26     1     9
 -3.3901472536418442E+00 a       360     0    26     1    10
 -4.1194790406690975E+00 a       361     0    26     1    11
  1.4145910291234803E-01 a       362     0    26     1    12
  3.5654247273794524E+00 a       363     0    26     1    13
  1.3194034363185028E+00 a       364     0    26     1    14
  9.5217518741428997E-01 a       365     0    27     1     1
  1.5063396158665583E+01 a       366     0    27     1     2
  1.9108103316001688E+00 a       367     0    27     1     3
  3.8835815158580256E+00 a       368     0    27     1     4
  6.4103814393028804E+00 a       369     0    27     1     5
  9.7928590276254361E+00 a       370     0    27     1     6
  2.8183182332652819E+00 a       371     0    27     1     7
  2.6884617409565390E+00 a       372     0    27     1     8
 -6.1627847730228531E+00 a       373     0    27     1     9
  4.0233794205313727E+00 a       374     0    27     1    10
  1.5589196506829381E+00 a       375     0    27     1    11
  4.7729044609370668E+00 a       376     0    27     1    12
  1.7829978809468001E+00 a       377     0    27     1    13
 -3.7904179237071540E+00 a       378     0    27     1    14
 -7.9707994111667420E+00 a       379     0    28     1     1
  8.1820664381215273E+00 a       380     0    28     1     2
  6.2869707758316267E+00 a       381     0    28     1     3
  1.3169837557393935E-01 a       382     0    28     1     4
  1.1098921578570341E+01 a       383     0    28     1     5
  4.8808328208735352E-01 a       384     0    28     1     6
  2.3449265891467812E+00 a       385     0    28     1     7
  1.2721255881777505E+00 a       386     0    28     1     8
 -9.3143148943109626E+00 a       387     0    28     1     9
 -5.5363518562109419E+00 a       388     0    28     1    10
  7.0380328356080559E+00 a       389     0    28     1    11
  9.1750361123959063E+00 a       390     0    28     1    12
  1.4767326022073020E+00 a       391     0    28     1    13
 -1.1032589716157764E+01 a       392     0    28     1    14
 -5.3648015733711729E-01 a       393     0    29     1     1
 -6.7918961426269293E+00 a       394     0    29     1     2
 -2.7199053032420213E+01 a       395     0    29     1     3
  1.0627015717402017E+01 a       396     0    29     1     4
 -5.6193243574740016E+01 a       397     0    29     1     5
 -4.6809357426404304E+01 a       398     0    29     1     6
  3.7632050270237173E+01 a       399     0    29     1     7
  1.2888374335180860E+01 a       400     0    29     1     8
 -2.0184414680822105E+01 a       401     0    29     1     9
  4.6092522551234751E+01 a       402     0    29     1    10
  6.6323280312730351E+00 a       403     0    29     1    11
  6.9079702642863001E+00 a       404     0    29     1    12
 -1.0413664497936340E+01 a       405     0    29     1    13
 -1.3561987591649741E+01 a       406     0    29     1    14
  3.9342948637424335E+01 a       407     0    30     1     1
 -4.2293939577258641E+01 a       408     0    30     1     2
 -8.0983387729236199E+01 a       409     0    30     1     3
 -1.9918939683711965E+01 a       410     0    30     1     4
 -9.5176288013069694E+01 a       411     0    30     1     5
 -1.2505799591947259E+01 a       412     0    30     1     6
 -4.8962423604480584E+01 a       413     0    30     1     7
  4.3111704380387039E+01 a       414     0    30     1     8
  7.9698970075396488E+01 a       415     0    30     1     9
  2.7600373728968375E+01 a       416     0    30     1    10
 -9.1600710127413194E+01 a       417     0    30     1    11
 -1.5210940519676994E+01 a       418     0    30     1    12
  8.4715493700666897E+00 a       419     0    30     1    13
  7.3014885002632653E+01 a       420     0    30     1    14
 -2.9337392742498819E-01 a       421     0    31     1     1
 -7.3689555625925207E-01 a       422     0    31     1     2
 -1.7577829233220572E+00 a       423     0    31     1     3
  2.0379325096889334E+00 a       424     0    31     1     4
 -1.1571579742275444E+00 a       425     0    31     1     5
  9.7414482258638913E-01 a       426     0    31     1     6
 -6.4721197829473243E-01 a       427     0    31     1     7
  3.6017455598465131E-01 a       428     0    31     1     8
 -1.2167783208570231E+00 a       429     0    31     1     9
  1.8643440515695615E+00 a       430     0    31     1    10
  4.6845328292606814E-01 a       431     0    31     1    11
 -1.0351061322352448E+00 a       432     0    31     1    12
 -8.5011851565708307E-01 a       433     0    31     1    13
  7.6793767273127245E-01 a       434     0    31     1    14
 -1.1419553764766268E+00 a       435     0    32     1     1
  3.6122274832659409E+00 a       436     0    32     1     2
 -1.3480792707079989E+00 a       437     0    32     1     3
  3.9572134285202337E-01 a       438     0    32     1     4
  9.1014051941236074E-01 a       439     0    32     1     5
  3.6375060585422136E-01 a       440     0    32     1     6
 -8.5426796373780711E-01 a       441     0    32     1     7
 -2.3198433325356813E+00 a       442     0    32     1     8
  3.9772076033249509E-01 a       443     0    32     1     9
 -1.5431145151255836E-02 a       444     0    32     1    10
 -8.8150613262260591E-01 a       445     0    32     1    11
  6.1072211899875606E-01 a       446     0    32     1    12
  8.8567308133776432E-02 a       447     0    32     1    13
  8.8443058240416417E-01 a       448     0    32     1    14
 -1.0281464541273388E+00 a       449     0    33     1     1
 -3.5931868952663404E-01 a       450     0    33     1     2
  2.7398002623288997E+00 a       451     0    33     1     3
 -6.1838128140823823E-01 a       452     0    33     1     4
  2.2998309269996389E+00 a       453     0    33     1     5
  1.4467673532186811E+00 a       454     0    33     1     6
  5.1744907363941134E-02 a       455     0    33     1     7
  8.9570319392571573E-01 a       456     0    33     1     8
 -6.5680981154156803E-01 a       457     0    33     1     9
  4.4636428829137242E-01 a       458     0    33     1    10
  1.7348028772052180E+00 a       459     0    33     1    11
  4.2306250161425765E-02 a       460     0    33     1    12
 -7.1405670549211442E-01 a       461     0    33     1    13
 -2.8966150758180396E+00 a       462     0    33     1    14
 -7.3983020200918614E-01 a       463     0    34     1     1
  3.6568067677873572E+00 a       464     0    34     1     2
 -3.8027082572548215E-01 a       465     0    34     1     3
 -1.7932546100858355E+00 a       466     0    34     1     4
 -9.1656599513699144E-01 a       467     0    34     1     5
  3.8946657328114731E-01 a       468     0    34     1     6
  3.8112535365795158E-01 a       469     0    34     1     7
 -1.9047528832469669E+00 a       470     0    34     1     8
 -9.4740977802061865E-01 a       471     0    34     1     9
  2.8052902169768601E-01 a       472     0    34     1    10
 -1.2267537553426113E+00 a       473     0    34     1    11
 -8.9800091376499758E-01 a       474     0    34     1    12
 -1.4504677689017949E+00 a       475     0    34     1    13
  2.1877304870782305E-01 a       476     0    34     1    14
 -1.7998653416716157E+00 a       477     0    35     1     1
  3.7589708588564735E-01 a       478     0    35     1     2
  2.1312483545723513E+00 a       479     0    35     1     3
  4.0838997197775919E+00 a       480     0    35     1     4
  6.1615551300755389E-01 a       481     0    35     1     5
 -2.0767090530079088E-01 a       482     0    35     1     6
  1.5928141736521477E+00 a       483     0    35     1     7
 -1.5271054828545141E+00 a       484     0    35     1     8
  8.4734185569276332E-01 a       485     0    35     1     9
  4.4854366993389572E-02 a       486     0    35     1    10
  6.3841517326886943E-01 a       487     0    35     1    11
  3.2914539962124780E+00 a       488     0    35     1    12
 -8.2210361174658506E-02 a       489     0    35     1    13
 -6.3152094612861986E-01 a       490     0    35     1    14
  1.7329570550820543E+00 a       491     0    36     1     1
 -3.2988671183375393E+00 a       492     0    36     1     2
  2.6368046850653493E-01 a       493     0    36     1     3
 -3.4688298000049250E-01 a       494     0    36     1     4
 -9.4421471998042450E-01 a       495     0    36     1     5
 -4.5030678485325133E+00 a       496     0    36     1     6
 -2.1095555213749301E-02 a       497     0    36     1     7
  1.9657471409842326E+00 a       498     0    36     1     8
 -2.5136984498827086E-01 a       499     0    36     1     9
 -2.2939846362564198E-01 a       500     0    36     1    10
  5.0507842357920485E-01 a       501     0    36     1    11
  7.7420440492843412E-01 a       502     0    36     1    12
  1.2507468375438442E+00 a       503     0    36     1    13
 -1.1752555574494972E+00 a       504     0    36     1    14
  6.6373450080720953E-01 a       505     0    37     1     1
 -2.0944401308575724E+01 a       506     0    37     1     2
  7.5664787477098798E+00 a       507     0    37     1     3
  9.8827294333862081E+00 a       508     0    37     1     4
  2.5505096953282291E+00 a       509     0    37     1     5
 -5.5275994755413214E+00 a       510     0    37     1     6
 -6.7880294117353808E+00 a       511     0    37     1     7
 -4.0258689993936358E-01 a       512     0    37     1     8
  6.7394015177978783E-01 a       513     0    37     1     9
  8.6566308066525696E-02 a       514     0    37     1    10
  4.4883514799899435E+00 a       515     0    37     1    11
  1.8804343599067220E+01 a       516     0    37     1    12
  1.0102070408186121E+01 a       517     0    37     1    13
  2.1475085340691344E+00 a       518     0    37     1    14
  2.0764403537963712E+00 a       519     0    38     1     1
 -4.8671721554797571E+00 a       520     0    38     1     2
  1.2427595276121097E+00 a       521     0    38     1     3
 -2.4364759781753791E+00 a       522     0    38     1     4
 -9.2707682657307833E-01 a       523     0    38     1     5
 -2.1146832133832278E+00 a       524     0    38     1     6
  7.9453694352425580E-02 a       525     0    38     1     7
 -1.7619648026244727E+00 a       526     0    38     1     8
 -4.0822713532158800E-01 a       527     0    38     1     9
  1.7393182471691035E-01 a       528     0    38     1    10
  2.2121065904144204E+00 a       529     0    38     1    11
  3.9326077490275511E+00 a       530     0    38     1    12
  9.9181473435843526E-01 a       531     0    38     1    13
 -2.7713171921753701E+00 a       532     0    38     1    14
  1.3743153647821995E+00 a       533     0    39     1     1
 -1.2322667004214326E+01 a       534     0    39     1     2
 -4.8089963253481463E+00 a       535     0    39     1     3
 -1.0890123524356319E+00 a       536     0    39     1     4
 -3.8712284379680093E+00 a       537     0    39     1     5
 -3.9913656874499517E+00 a       538     0    39     1     6
  1.5049014195533148E+00 a       539     0    39     1     7
 -3.9029888574780636E-01 a       540     0    39     1     8
 -4.5292337207010878E+00 a       541     0    39     1     9
 -2.7007441440006659E+00 a       542     0    39     1    10
  4.4959227107759316E+00 a       543     0    39     1    11
 -1.8501776963651377E+00 a       544     0    39     1    12
  6.2492857291667505E+00 a       545     0    39     1    13
 -2.4725164480421915E+00 a       546     0    39     1    14
  2.6694896304765745E+00 a       547     0    40     1     1
  3.8447570476040243E+00 a       548     0    40     1     2
 -3.0025288757822963E+00 a       549     0    40     1     3
 -4.7333717362720575E+00 a       550     0    40     1     4
  2.7844111034589929E+00 a       551     0    40     1     5
  3.3871543288983399E+00 a       552     0    40     1     6
 -5.7957984206449344E+00 a       553     0    40     1     7
 -2.6869973760192329E+00 a       554     0    40     1     8
 -7.4000654091697404E+00 a       555     0    40     1     9
  1.8115883706284091E+00 a       556     0    40     1    10
 -4.3710441314700965E-01 a       557     0    40     1    11
  6.2294758932235146E+00 a       558     0    40     1    12
 -1.2764566501192740E+00 a       559     0    40     1    13
 -3.9076015866722833E+00 a       560     0    40     1    14
 -2.2858602854638357E-01 a       561     0    41     1     1
  6.1229312965927587E+00 a       562     0    41     1     2
 -2.3318100868701865E+00 a       563     0    41     1     3
 -1.4645615997452925E+00 a       564     0    41     1     4
  3.3181472771207807E+00 a       565     0    41     1     5
  2.9227625059091937E+00 a       566     0    41     1     6
 -1.2660789778655487E-01 a       567     0    41     1     7
 -3.2919492246986870E+00 a       568     0    41     1     8
 -1.2476117146461003E+00 a       569     0    41     1     9
  8.3242344962635706E-01 a       570     0    41     1    10
 -2.0022528463909421E+00 a       571     0    41     1    11
  3.2806354818797243E+00 a       572     0    41     1    12
 -3.5117668465141731E+00 a       573     0    41     1    13
 -1.3829427064599531E+00 a       574     0    41     1    14
  6.5729762880400076E+00 a       575     0    42     1     1
  8.7157066849229228E+00 a       576     0    42     1     2
 -9.8137831036561600E+00 a       577     0    42     1     3
 -1.1205420611103502E+01 a       578     0    42     1     4
 -1.1191744642768866E+01 a       579     0    42     1     5
 -1.0450377614342154E+01 a       580     0    42     1     6
  2.1174031073894241E+01 a       581     0    42     1     7
  1.0536015023275889E+00 a       582     0    42     1     8
 -6.1830762060138389E-01 a       583     0    42     1     9
  9.8072942937138485E+00 a       584     0    42     1    10
 -1.2741643735735069E+00 a       585     0    42     1    11
 -1.3533826692120371E+01 a       586     0    42     1    12
 -1.0908129036915286E+01 a       587     0    42     1    13
 -1.5747439846401436E+01 a       588     0    42     1    14
  4.8444103273450456E-01 a       589     0    43     1     1
 -3.4939725402318738E+00 a       590     0    43     1     2
  2.2075908054872575E+00 a       591     0    43     1     3
  1.2461203842249548E-01 a       592     0    43     1     4
  2.2241023964102200E+00 a       593     0    43     1     5
  5.4582221286597954E-01 a       594     0    43     1     6
  6.3945779917944083E+00 a       595     0    43     1     7
  3.3079574707856079E+00 a       596     0    43     1     8
  1.8513167121121070E+00 a       597     0    43     1     9
  2.2136767172268237E+00 a       598     0    43     1    10
  8.2083747694863818E-01 a       599     0    43     1    11
 -3.8452946887660940E-02 a       600     0    43     1    12
  6.6638361976951652E-02 a       601     0    43     1    13
 -5.5785925224318937E+00 a       602     0    43     1    14
  3.9219043398091915E+00 a       603     0    44     1     1
 -1.3265561833961627E+01 a       604     0    44     1     2
 -4.3366018834724454E+00 a       605     0    44     1     3
  5.1470283831244421E+00 a       606     0    44     1     4
 -1.3657597098526281E+01 a       607     0    44     1     5
 -1.7805258162219186E+01 a       608     0    44     1     6
  6.2111552532833292E+00 a       609     0    44     1     7
 -4.6652389681960162E+00 a       610     0    44     1     8
  8.3447333945422635E+00 a       611     0    44     1     9
  1.3113322948325377E+01 a       612     0    44     1    10
 -2.8638249001221738E+00 a       613     0    44     1    11
  7.0851770655853681E+00 a       614     0    44     1    12
 -9.4158260522201243E+00 a       615     0    44     1    13
  2.6070972659756406E+00 a       616     0    44     1    14
 -1.3822737778515262E+00 a       617     0    45     1     1
 -1.0210516524814023E+01 a       618     0    45     1     2
  6.0149490868302999E+00 a       619     0    45     1     3
  2.9098785045322209E+00 a       620     0    45     1     4
 -1.0763196191594353E+00 a       621     0    45     1     5
 -1.1680889016022964E+00 a       622     0    45     1     6
  1.1281001476145175E+01 a       623     0    45     1     7
  6.6716001272101817E+00 a       624     0    45     1     8
  7.2607023550838390E+00 a       625     0    45     1     9
 -3.1691594329970521E+00 a       626     0    45     1    10
  4.9676091420798079E+00 a       627     0    45     1    11
 -3.9356763130703967E+00 a       628     0    45     1    12
  1.4595256508111683E+00 a       629     0    45     1    13
 -2.2106819571530107E+00 a       630     0    45     1    14
  3.2166234445050890E+00 a       631     0    46     1     1
 -2.3677139353427211E+01 a       632     0    46     1     2
  4.6312541810423031E+00 a       633     0    46     1     3
  5.1656802955939085E-01 a       634     0    46     1     4
 -8.5026175282943246E+00 a       635     0    46     1     5
 -1.0797671030665539E+01 a       636     0    46     1     6
 -3.9934074216331522E-01 a       637     0    46     1     7
  6.5801757980910658E+00 a       638     0    46     1     8
  3.4302069668152335E-01 a       639     0    46     1     9
 -5.2665184631013693E+00 a       640     0    46     1    10
  6.5296631912357030E+00 a       641     0    46     1    11
 -4.5514858209500031E-01 a       642     0    46     1    12
  1.1305273812678946E+01 a       643     0    46     1    13
 -1.2482926575546938E+00 a       644     0    46     1    14
 -2.8863500278330938E+00 a       645     0    47     1     1
 -2.1295237024708975E+01 a       646     0    47     1     2
  5.9770629526964907E+00 a       647     0    47     1     3
  4.3052841801794672E+00 a       648     0    47     1     4
 -2.1381533062685598E+01 a       649     0    47     1     5
 -3.6132469128252701E+01 a       650     0    47     1     6
  3.9838021450054537E+00 a       651     0    47     1     7
 -4.6851717121320959E+00 a       652     0    47     1     8
 -1.2777124749261488E+00 a       653     0    47     1     9
  4.2137952968195034E+00 a       654     0    47     1    10
 -3.0670145896007872E+00 a       655     0    47     1    11
  1.7818551886933047E+01 a       656     0    47     1    12
  7.3937686652025869E-01 a       657     0    47     1    13
 -9.7193855847290269E+00 a       658     0    47     1    14
 -2.9136960194170682E+00 a       659     0    48     1     1
  6.2126529850726815E+00 a       660     0    48     1     2
  2.9679322769192784E+00 a       661     0    48     1     3
  2.1192380658847134E+00 a       662     0    48     1     4
  9.5151154097181152E+00 a       663     0    48     1     5
 -6.0969560705192531E+00 a       664     0    48     1     6
 -8.2024424156095055E-01 a       665     0    48     1     7
 -6.9691353473781872E+00 a       666     0    48     1     8
  3.9359988285013583E+00 a       667     0    48     1     9
 -6.8988832037685803E+00 a       668     0    48     1    10
  4.4227837288851202E+00 a       669     0    48     1    11
  7.8768868859905492E+00 a       670     0    48     1    12
  3.2677187895195176E-01 a       671     0    48     1    13
 -1.0873461038130583E+00 a       672     0    48     1    14
 -2.6333246625133092E-02 a       673     0    49     1     1
  1.4583312370546786E+00 a       674     0    49     1     2
 -8.9646703089691837E-01 a       675     0    49     1     3
  8.1659832529001830E-01 a       676     0    49     1     4
 -1.2351885076714451E+00 a       677     0    49     1     5
  1.9301843676677994E+00 a       678     0    49     1     6
  1.5972292444198222E-01 a       679     0    49     1     7
  3.2448428727579548E-01 a       680     0    49     1     8
 -1.5419893373020148E+00 a       681     0    49     1     9
  9.9555678507362799E-01 a       682     0    49     1    10
 -5.9366286807881925E-02 a       683     0    49     1    11
 -1.2904328574744692E+00 a       684     0    49     1    12
 -6.0595468037964850E-01 a       685     0    49     1    13
 -7.9461336558099083E-01 a       686     0    49     1    14
 -2.2819150197636826E-01 a       687     0    50     1     1
  1.4057593045110319E+00 a       688     0    50     1     2
 -9.8175770377463067E-01 a       689     0    50     1     3
  4.4895461979887713E-01 a       690     0    50     1     4
 -1.1393496383433841E+00 a       691     0    50     1     5
  2.6192055093096811E-01 a       692     0    50     1     6
 -8.8988614177011960E-01 a       693     0    50     1     7
  5.4097763504929008E-01 a       694     0    50     1     8
 -5.2835188251826382E-01 a       695     0    50     1     9
  2.5979866573705407E-01 a       696     0    50     1    10
 -1.3785262694647704E+00 a       697     0    50     1    11
 -8.5616777349624196E-01 a       698     0    50     1    12
 -4.8365580872085651E-01 a       699     0    50     1    13
  7.4892748455485103E-01 a       700     0    50     1    14
  2.0398386417288270E-01 a       701     0    51     1     1
  7.1990545306973253E-01 a       702     0    51     1     2
  2.9794811619413075E-01 a       703     0    51     1     3
 -9.3547238801830679E-01 a       704     0    51     1     4
 -5.6577134909600024E-01 a       705     0    51     1     5
 -3.0940943845951026E+00 a       706     0    51     1     6
 -1.3227297568224130E+00 a       707     0    51     1     7
 -7.8658226652442853E-01 a       708     0    51     1     8
  5.1792500408561115E-01 a       709     0    51     1     9
 -6.0415437796137750E-01 a       710     0    51     1    10
 -6.4661346768236572E-01 a       711     0    51     1    11
  7.7306031319062052E-01 a       712     0    51     1    12
 -5.3658656504526836E-01 a       713     0    51     1    13
  1.7851037545492957E-01 a       714     0    51     1    14
 -2.1571973321710338E+00 a       715     0    52     1     1
 -6.8955951667293258E-01 a       716     0    52     1     2
  9.4867642961288667E-01 a       717     0    52     1     3
  2.0215175522727042E+00 a       718     0    52     1     4
 -3.8979576428301272E+00 a       719     0    52     1     5
  2.2562272199633822E+00 a       720     0    52     1     6
  3.2975278146353459E+00 a       721     0    52     1     7
  1.5329379115969124E-02 a       722     0    52     1     8
 -8.5013458829679545E-01 a       723     0    52     1     9
  3.5146310677493657E+00 a       724     0    52     1    10
 -3.0349689622939593E+00 a       725     0    52     1    11
  1.3368252961064691E+00 a       726     0    52     1    12
 -4.3456602656012949E-01 a       727     0    52     1    13
 -1.9408434674319193E+00 a       728     0    52     1    14
 -2.6616590472955917E+00 a       729     0    53     1     1
  5.9616126278866668E+00 a       730     0    53     1     2
  3.8916375509170814E-01 a       731     0    53     1     3
  2.1522327771820216E+00 a       732     0    53     1     4
  8.7142714375054240E+00 a       733     0    53     1     5
  1.1162241197081325E+01 a       734     0    53     1     6
 -3.8441582644461194E+00 a       735     0    53     1     7
 -1.1413292369336903E+00 a       736     0    53     1     8
  4.4873160756529629E+00 a       737     0    53     1     9
 -1.1903146925611707E+00 a       738     0    53     1    10
 -2.3736325207672744E+00 a       739     0    53     1    11
  2.4075952514823989E-01 a       740     0    53     1    12
 -1.9788879519161098E-01 a       741     0    53     1    13
  6.5932498558445136E+00 a       742     0    53     1    14
 -2.6908848299411159E+00 a       743     0    54     1     1
  1.5619391893825107E+01 a       744     0    54     1     2
 -2.5699950527194506E+00 a       745     0    54     1     3
  1.2435567855869949E+00 a       746     0    54     1     4
  6.5930155789013334E+00 a       747     0    54     1     5
  1.8625870813304292E+01 a       748     0    54     1     6
 -1.3617591242819242E+00 a       749     0    54     1     7
  2.6586316338645846E+00 a       750     0    54     1     8
 -5.1905934464674166E+00 a       751     0    54     1     9
 -1.4068152490958783E+00 a       752     0    54     1    10
 -8.4620247986859423E-02 a       753     0    54     1    11
 -7.6606440900055981E+00 a       754     0    54     1    12
 -1.8450747130844982E+00 a       755     0    54     1    13
  1.1382580204318931E+00 a       756     0    54     1    14
 -6.5051293128742138E+00 a       757     0    55     1     1
  2.7638353812288013E+01 a       758     0    55     1     2
  7.1037585811073427E+00 a       759     0    55     1     3
  3.9842991029121517E+00 a       760     0    55     1     4
  1.7475199411442947E+01 a       761     0    55     1     5
  2.3425442815712664E+01 a       762     0    55     1     6
  3.9613160153454534E+00 a       763     0    55     1     7
 -2.0519210538558710E+00 a       764     0    55     1     8
  8.8442847997674268E-01 a       765     0    55     1     9
  2.2901868716045026E+00 a       766     0    55     1    10
  7.0871196750753738E+00 a       767     0    55     1    11
 -9.4555717528281171E+00 a       768     0    55     1    12
 -1.4136687080105434E+01 a       769     0    55     1    13
 -1.1844589716678355E+00 a       770     0    55     1    14
  4.9492268732895353E+00 a       771     0    56     1     1
  2.1898161608467461E+01 a       772     0    56     1     2
 -1.0428816492156599E+01 a       773     0    56     1     3
 -9.9907828265988634E+00 a       774     0    56     1     4
  1.0862907883905576E+01 a       775     0    56     1     5
  2.9254647721223975E+01 a       776     0    56     1     6
 -1.5241732926584568E+00 a       777     0    56     1     7
  1.6256085353413461E+00 a       778     0    56     1     8
 -2.6483078981718524E+00 a       779     0    56     1     9
  8.7171923841569599E-01 a       780     0    56     1    10
 -3.1668577710723295E-01 a       781     0    56     1    11
 -2.3901351871434976E+01 a       782     0    56     1    12
 -8.5227264692057219E+00 a       783     0    56     1    13
  1.1018304057478892E+01 a       784     0    56     1    14
 -8.1769983743768415E-01 a       785     0    57     1     1
  1.3219492305608215E+01 a       786     0    57     1     2
 -7.2925719596397247E+00 a       787     0    57     1     3
 -9.5929476743830460E+00 a       788     0    57     1     4
 -5.8090232522419083E-01 a       789     0    57     1     5
  7.2663611240579726E+00 a       790     0    57     1     6
  1.9441512152886815E+00 a       791     0    57     1     7
 -3.0775109258344617E+00 a       792     0    57     1     8
  2.7352190275215791E+00 a       793     0    57     1     9
 -1.4004883861177373E+00 a       794     0    57     1    10
 -6.5298393601380322E+00 a       795     0    57     1    11
 -1.2643886329981090E+01 a       796     0    57     1    12
 -7.0273002657145813E+00 a       797     0    57     1    13
  3.3757260028584231E+00 a       798     0    57     1    14
 -8.3550090061364857E-01 a       799     0    58     1     1
  1.0879244975785225E+01 a       800     0    58     1     2
  4.4041647214201951E-01 a       801     0    58     1     3
  3.4315593201934930E-01 a       802     0    58     1     4
  5.0392924076806533E+00 a       803     0    58     1     5
  1.4379464701987990E+01 a       804     0    58     1     6
 -1.3987643681134312E+00 a       805     0    58     1     7
  1.6751050990514134E+00 a       806     0    58     1     8
  5.9532051821183085E-01 a       807     0    58     1     9
  1.1935638164183937E+00 a       808     0    58     1    10
 -3.0147188747131852E+00 a       809     0    58     1    11
 -1.5565967175466158E-01 a       810     0    58     1    12
 -5.2683108938314716E+00 a       811     0    58     1    13
  1.9124187658968006E+00 a       812     0    58     1    14
  9.6480764703474637E+00 a       813     0    59     1     1
 -9.0628447215029251E-01 a       814     0    59     1     2
 -1.2589654365665465E+01 a       815     0    59     1     3
 -1.1876421435597004E+01 a       816     0    59     1     4
 -2.6692046847903721E+00 a       817     0    59     1     5
  1.0360646419747894E+01 a       818     0    59     1     6
 -5.8824516205371049E+00 a       819     0    59     1     7
  7.9210352660669976E+00 a       820     0    59     1     8
 -7.0299048000884836E+00 a       821     0    59     1     9
  4.8394472590264446E+00 a       822     0    59     1    10
 -2.6215548643190325E+00 a       823     0    59     1    11
 -1.7912708526133112E+01 a       824     0    59     1    12
 -2.1498945842148891E+00 a       825     0    59     1    13
  4.6727071634945032E+00 a       826     0    59     1    14
 -2.9996417453150626E+00 a       827     0    60     1     1
 -8.0729711774332813E+00 a       828     0    60     1     2
  1.0624676909729905E+01 a       829     0    60     1     3
  8.3766381233610971E+00 a       830     0    60     1     4
  2.5428915817925235E+00 a       831     0    60     1     5
 -1.8083792877957572E+00 a       832     0    60     1     6
 -8.7308125416636617E+00 a       833     0    60     1     7
  3.1420450899995287E+00 a       834     0    60     1     8
 -5.3665339716508962E+00 a       835     0    60     1     9
 -6.0172254106869918E+00 a       836     0    60     1    10
  7.3737493785230406E+00 a       837     0    60     1    11
  1.0878713456024162E+01 a       838     0    60     1    12
  8.2577379782550455E+00 a       839     0    60     1    13
  1.3998860904262387E+00 a       840     0    60     1    14
 -1.6969468657197939E+00 a       841     0    61     1     1
  6.4217245614852922E+00 a       842     0    61     1     2
 -2.9686313383236276E+00 a       843     0    61     1     3
  8.4109850401407837E-01 a       844     0    61     1     4
 -1.5164007283538756E+00 a       845     0    61     1     5
  7.6755289439544372E-01 a       846     0    61     1     6
 -4.2843695803422062E+00 a       847     0    61     1     7
 -1.9476612060925045E+00 a       848     0    61     1     8
 -1.3032069099074173E+00 a       849     0    61     1     9
 -2.1010280606159437E+00 a       850     0    61     1    10
 -1.0044514387714207E+00 a       851     0    61     1    11
 -1.5440800111629369E+00 a       852     0    61     1    12
 -1.1691942088643565E+00 a       853     0    61     1    13
  5.5366051817727762E+00 a       854     0    61     1    14
 -1.3765345578905681E+00 a       855     0    62     1     1
 -2.3231965948467423E+00 a       856     0    62     1     2
  9.0120401361382427E+00 a       857     0    62     1     3
 -6.8229012714871340E+00 a       858     0    62     1     4
  5.0742472136776451E+00 a       859     0    62     1     5
 -1.0006967274432679E+01 a       860     0    62     1     6
 -1.6501979994603941E+00 a       861     0    62     1     7
 -6.7804716631793480E-02 a       862     0    62     1     8
  1.1567022832905784E+00 a       863     0    62     1     9
 -1.0831181276616627E+01 a       864     0    62     1    10
  1.5381872441639948E+00 a       865     0    62     1    11
  3.7441714086949118E+00 a       866     0    62     1    12
  1.0623119329767700E+01 a       867     0    62     1    13
 -4.1225146982372207E+00 a       868     0    62     1    14
 -6.8559711677816342E+00 a       869     0    63     1     1
 -5.8276984273918018E+00 a       870     0    63     1     2
  9.3549243441166947E+00 a       871     0    63     1     3
  1.2952319777433983E+01 a       872     0    63     1     4
  7.8210827432018677E+00 a       873     0    63     1     5
  1.7627804985003894E+00 a       874     0    63     1     6
  2.6329323120909427E+00 a       875     0    63     1     7
 -1.2056529968959151E+00 a       876     0    63     1     8
  8.7627223341277105E+00 a       877     0    63     1     9
 -7.6697297014885804E+00 a       878     0    63     1    10
  4.2329259582452536E+00 a       879     0    63     1    11
  1.4257028195298606E+01 a       880     0    63     1    12
  8.7749512125535727E+00 a       881     0    63     1    13
 -1.4753453677771746E+00 a       882     0    63     1    14
  3.8538744108285670E+00 a       883     0    64     1     1
 -8.5454056353551948E+00 a       884     0    64     1     2
 -1.2227020510655796E+01 a       885     0    64     1     3
 -3.0996216742471003E+00 a       886     0    64     1     4
 -1.2819460816779831E+01 a       887     0    64     1     5
 -1.4306491104858377E+01 a       888     0    64     1     6
 -6.0106630229131330E-01 a       889     0    64     1     7
 -2.0426800632458026E+00 a       890     0    64     1     8
  4.5455435236088126E-01 a       891     0    64     1     9
  1.0574503809659588E+00 a       892     0    64     1    10
 -1.1711865679848911E+01 a       893     0    64     1    11
  5.8582698241138509E+00 a       894     0    64     1    12
  5.2640609264019593E+00 a       895     0    64     1    13
  4.5711029779342622E+00 a       896     0    64     1    14
  8.9618062281355229E-02 b       897     1     1
  3.6810352491455123E-01 b       898     1     2
  3.8303572979992145E-01 b       899     1     3
  1.1399666096647760E-02 b       900     1     4
  2.9893802242246298E-01 b       901     1     5
  2.6295531383231482E-02 b       902     1     6
 -1.1047051485673889E-01 b       903     1     7
 -3.2902722890485646E-02 b       904     1     8
 -1.5415565260691455E-01 b       905     1     9
  9.7945162676039532E-02 b       906     1    10
  5.4099528173160549E-02 b       907     1    11
  3.4732000069757664E-02 b       908     1    12
 -1.4515393888967103E-02 b       909     1    13
 -1.2316974268071162E-02 b       910     1    14
  1.3241858843177851E-01 a       911     1     1     2     1
  8.2012809245351759E-01 a       912     1     1     2     2
 -7.5208678296378095E-01 a       913     1     1     2     3
  3.3853215856161563E+00 a       914     1     1     2     4
 -1.0621471716703583E+00 a       915     1     1     2     5
  1.0381875620733527E+00 a       916     1     1     2     6
  2.9403241719872528E+00 a       917     1     1     2     7
 -1.7707093952952859E+00 a       918     1     1     2     8
  9.1822732942180385E-01 a       919     1     1     2     9
 -8.7900111906828282E-01 a       920     1     1     2    10
  1.6143316113687773E+00 a       921     1     1     2    11
  9.5418122358882518E-01 a       922     1     1     2    12
  7.7771847672015026E-01 a       923     1     1     2    13
 -2.2034109047807598E-01 a       924     1     1     2    14
 -8.2043855579679881E-01 a       925     1     2     2     1
  1.2651669151045697E-01 a       926     1     2     2     2
 -4.4752748075934157E-02 a       927     1     2     2     3
  6.3705309542427369E-02 a       928     1     2     2     4
 -3.0175145817356582E-02 a       929     1     2     2     5
  3.7191356916540469E-01 a       930     1     2     2     6
  8.2960337618583260E-03 a       931     1     2     2     7
 -5.3807028211225655E-02 a       932     1     2     2     8
 -9.3178409926606663E-03 a       933     1     2     2     9
  4.0002811041085329E-02 a       934     1     2     2    10
  6.8260551172537964E-01 a       935     1     2     2    11
  4.9547950285502063E-01 a       936     1     2     2    12
 -3.7707780556796006E-01 a       937     1     2     2    13
  2.0415209290703951E-01 a       938     1     2     2    14
 -5.6224386809997806E-01 a       939     1     3     2     1
 -3.5168686304696184E-01 a       940     1     3     2     2
 -6.5783934704132840E-01 a       941     1     3     2     3
 -7.3862067714088298E-01 a       942     1     3     2     4
 -5.1758891451718289E-02 a       943     1     3     2     5
  5.9575564204282394E-01 a       944     1     3     2     6
 -1.1040783163039908E-01 a       945     1     3     2     7
 -7.6014811216428668E-01 a       946     1     3     2     8
 -3.1235750210273833E-01 a       947     1     3     2     9
  8.2804620061934439E-02 a       948     1     3     2    10
  8.9136727051596276E-01 a       949     1     3     2    11
 -3.6303333817265454E-01 a       950     1     3     2    12
 -2.3751022351591394E-01 a       951     1     3     2    13
  6.4909883241559696E-01 a       952     1     3     2    14
 -2.7801678336319940E-01 a       953     1     4     2     1
  1.1020534969336750E-01 a       954     1     4     2     2
  5.9997421566573943E-03 a       955     1     4     2     3
  1.7363138642972600E+00 a       956     1     4     2     4
 -4.2855024310079465E-01 a       957     1     4     2     5
  2.4837915886204864E-01 a       958     1     4     2     6
  1.0766811858864218E+00 a       959     1     4     2     7
 -1.6112364191554218E-01 a       960     1     4     2     8
  2.0913594702257232E-01 a       961     1     4     2     9
 -9.9646032087616479E-02 a       962     1     4     2    10
  2.5324813445743116E-01 a       963     1     4     2    11
  5.0474231627061234E-03 a       964     1     4     2    12
  5.0671618845056599E-01 a       965     1     4     2    13
  1.0539125264699679E-01 a       966     1     4     2    14
 -2.1317140126609291E-01 a       967     1     5     2     1
  5.0335137870640582E-02 a       968     1     5     2     2
  3.2998466704861162E-01 a       969     1     5     2     3
  3.4301133432589039E-02 a       970     1     5     2     4
  2.0971029292530427E-01 a       971     1     5     2     5
 -7.8364587942702668E-01 a       972     1     5     2     6
  7.5926861269562040E-01 a       973     1     5     2     7
  1.5277997964538490E+00 a       974     1     5     2     8
  1.7963105970284537E-01 a       975     1     5     2     9
 -3.5062466664351855E-01 a       976     1     5     2    10
 -7.3424171162428498E-01 a       977     1     5     2    11
  2.7511129932243950E-01 a       978     1     5     2    12
  4.8941227205725364E-02 a       979     1     5     2    13
  7.7550471912129756E-02 a       980     1     5     2    14
  1.9437055765898612E+00 a       981     1     6     2     1
 -2.8595051063171215E-02 a       982     1     6     2     2
 -2.3678879280129181E-01 a       983     1     6     2     3
 -6.8395443061782568E-01 a       984     1     6     2     4
  2.7168315308227892E-03 a       985     1     6     2     5
 -8.5147422617445775E-02 a       986     1     6     2     6
 -1.4457334450144239E+00 a       987     1     6     2     7
  1.1037912493574562E+00 a       988     1     6     2     8
  1.5943924496908712E-01 a       989     1     6     2     9
  1.5821100737410396E-01 a       990     1     6     2    10
 -9.0241092383572308E-01 a       991     1     6     2    11
 -6.4935205179167543E-01 a       992     1     6     2    12
  5.9197315625432567E-01 a       993     1     6     2    13
 -2.8708469875752601E-01 a       994     1     6     2    14
 -7.6432440016594538E-01 a       995     1     7     2     1
 -3.7207826446079501E-01 a       996     1     7     2     2
 -1.6041047517783763E-01 a       997     1     7     2     3
  7.1880871825976800E-01 a       998     1     7     2     4
 -6.2824711614456752E-01 a       999     1     7     2     5
  8.6949291167315229E-02 a      1000     1     7     2     6
  7.7272180646613927E-03 a      1001     1     7     2     7
  9.7434369541310140E-01 a      1002     1     7     2     8
  1.5572872086692727E-01 a      1003     1     7     2     9
 -4.3157435332014366E-01 a      1004     1     7     2    10
  5.9669412902175012E-01 a      1005     1     7     2    11
  1.0331674660652050E+00 a      1006     1     7     2    12
 -1.0592167538994346E+00 a      1007     1     7     2    13
  4.5604601401649897E-01 a      1008     1     7     2    14
 -9.3316483106553638E-01 a      1009     1     8     2     1
  2.3825039808194456E-01 a      1010     1     8     2     2
 -4.1691882803357350E-01 a      1011     1     8     2     3
 -1.3108516289330994E+00 a      1012     1     8     2     4
  9.3285437550508710E-01 a      1013     1     8     2     5
  6.0003840002160824E-01 a      1014     1     8     2     6
 -1.3798375289336391E+00 a      1015     1     8     2     7
  8.0048250952961508E-01 a      1016     1     8     2     8
  1.9091444614094568E+00 a      1017     1     8     2     9
  1.0109913528153425E-01 a      1018     1     8     2    10
  8.9109330879648085E-01 a      1019     1     8     2    11
  7.0692576147549369E-01 a      1020     1     8     2    12
 -6.7724685247603916E-02 a      1021     1     8     2    13
  8.9145142313671399E-01 a      1022     1     8     2    14
  1.6906728432559726E+00 a      1023     1     9     2     1
 -6.5841726414694390E-01 a      1024     1     9     2     2
  1.5308222195961443E+00 a      1025     1     9     2     3
  1.3453187509352588E-01 a      1026     1     9     2     4
 -5.6317937579220456E-01 a      1027     1     9     2     5
 -9.1880453747060586E-01 a      1028     1     9     2     6
  5.2233319357987673E-01 a      1029     1     9     2     7
 -7.1276583708409469E-01 a      1030     1     9     2     8
 -9.1303970307745508E-01 a      1031     1     9     2     9
  4.4190459461361681E-01 a      1032     1     9     2    10
 -1.0227167628898275E+00 a      1033     1     9     2    11
 -7.2380230336912843E-01 a      1034     1     9     2    12
  2.9058337831931685E-01 a      1035     1     9     2    13
  1.1234229646936282E+00 a      1036     1     9     2    14
  3.6004796937016703E-01 a      1037     1    10     2     1
 -1.1787146903728429E+00 a      1038     1    10     2     2
  3.4697015088280386E-01 a      1039     1    10     2     3
 -5.5866953415568099E-01 a      1040     1    10     2     4
 -9.7171410840243444E-02 a      1041     1    10     2     5
 -9.2238667046206457E-01 a      1042     1    10     2     6
  4.2781327017152804E-01 a      1043     1    10     2     7
  2.2453092497114810E-01 a      1044     1    10     2     8
 -1.9223411843015650E+00 a      1045     1    10     2     9
 -2.6932053716588084E-01 a      1046     1    10     2    10
 -4.6733974113341825E-01 a      1047     1    10     2    11
  5.9222248523412013E-01 a      1048     1    10     2    12
  9.2314752079816469E-03 a      1049     1    10     2    13
 -9.1206745397543265E-01 a      1050     1    10     2    14
 -1.2661255829186067E+00 a      1051     1    11     2     1
 -8.6732615796827761E-01 a      1052     1    11     2     2
 -9.8710472598916210E-01 a      1053     1    11     2     3
 -8.4149857695714803E-01 a      1054     1    11     2     4
  2.1348168808734164E-01 a      1055     1    11     2     5
  8.6076610112397967E-01 a      1056     1    11     2     6
 -1.4966374684663339E+00 a      1057     1    11     2     7
  1.0920323688080362E-01 a      1058     1    11     2     8
 -1.9077248912739912E-03 a      1059     1    11     2     9
  3.4753265477951090E-01 a      1060     1    11     2    10
  3.1455132883821729E-01 a      1061     1    11     2    11
 -3.4130778550538188E-01 a      1062     1    11     2    12
 -5.6020137890355770E-01 a      1063     1    11     2    13
 -1.1126601764711739E+00 a      1064     1    11     2    14
  8.0184802330965943E-01 a      1065     1    12     2     1
  4.7603467873263544E-01 a      1066     1    12     2     2
 -8.6998341982303640E-01 a      1067     1    12     2     3
  6.1784937683516006E-01 a      1068     1    12     2     4
 -1.0805705375703344E-01 a      1069     1    12     2     5
  1.1384373000332619E-01 a      1070     1    12     2     6
 -1.7440675320213457E+00 a      1071     1    12     2     7
  5.4278613033254153E-01 a      1072     1    12     2     8
  3.5528875527255482E-01 a      1073     1    12     2     9
 -2.0781039404792725E-02 a      1074     1    12     2    10
 -3.2931394421228763E-02 a      1075     1    12     2    11
  5.8743550536940004E-01 a      1076     1    12     2    12
  1.2151623774532454E-01 a      1077     1    12     2    13
 -1.6790791687011036E-01 a      1078     1    12     2    14
  1.6913782832737578E-01 a      1079     1    13     2     1
 -2.3428956957749780E-01 a      1080     1    13     2     2
  9.2818793372162411E-01 a      1081     1    13     2     3
 -2.0429966511412129E-01 a      1082     1    13     2     4
  4.6876051266187951E-01 a      1083     1    13     2     5
 -9.0057720939210925E-02 a      1084     1    13     2     6
 -2.7451078531137063E-01 a      1085     1    13     2     7
  7.0096222762463833E-01 a      1086     1    13     2     8
 -1.1237071339115196E-02 a      1087     1    13     2     9
  5.2306326542449644E-01 a      1088     1    13     2    10
 -3.6973143313544937E-01 a      1089     1    13     2    11
 -5.0748469502458415E-01 a      1090     1    13     2    12
  7.3577316518374047E-01 a      1091     1    13     2    13
  7.5692330693184895E-01 a      1092     1    13     2    14
 -7.9604488044863475E-01 a      1093     1    14     2     1
  7.8224460959444841E-01 a      1094     1    14     2     2
  1.6778977951462354E-01 a      1095     1    14     2     3
 -8.8843923669898428E-01 a      1096     1    14     2     4
 -5.4404740422360820E-01 a      1097     1    14     2     5
 -4.2894872221971320E-01 a      1098     1    14     2     6
 -3.9919188127648753E-01 a      1099     1    14     2     7
  2.8264833802345785E-01 a      1100     1    14     2     8
 -3.8633296883428214E-01 a      1101     1    14     2     9
 -6.5099606238750518E-01 a      1102     1    14     2    10
  2.8185076281659188E-01 a      1103     1    14     2    11
  2.8830461387216316E-01 a      1104     1    14     2    12
  9.2539816233669650E-02 a      1105     1    14     2    13
 -9.0622504003064167E-02 a      1106     1    14     2    14
 -2.3861641154929872E-01 b      1107     2     1
  9.3125916674791021E-01 b      1108     2     2
 -1.3332271149252592E+00 b      1109     2     3
 -6.3528433083681435E-01 b      1110     2     4
  7.1545609429041335E-01 b      1111     2     5
  7.4875722640552744E-01 b      1112     2     6
 -7.9064876355721014E-01 b      1113     2     7
  9.1414124995355472E-01 b      1114     2     8
  7.0512473917430996E-01 b      1115     2     9
  7.4886318529942875E-01 b      1116     2    10
  1.1945439059331773E+00 b      1117     2    11
  4.7632074451099066E-01 b      1118     2    12
 -1.0948067814351190E+00 b      1119     2    13
  1.0041650809124851E+00 b      1120     2    14
  4.9510136757358846E-02 a      1121     2     1     3     1
 -1.0895551658351120E-01 a      1122     2     2     3     1
  3.4280308635225332E-01 a      1123     2     3     3     1
  4.9414376890206078E-02 a      1124     2     4     3     1
 -3.5263655779475872E-01 a      1125     2     5     3     1
 -5.7175532648781302E-01 a      1126     2     6     3     1
 -8.0821219817195866E-02 a      1127     2     7     3     1
  1.0099109768515555E-01 a      1128     2     8     3     1
  1.6198052766943083E-01 a      1129     2     9     3     1
  6.0016674732929765E-01 a      1130     2    10     3     1
  5.0945698410974549E-01 a      1131     2    11     3     1
 -2.7219086099582418E-01 a      1132     2    12     3     1
 -9.7278751002229616E-02 a      1133     2    13     3     1
 -1.4426017205934361E-01 a      1134     2    14     3     1
 -4.2244151769461680E-01 b      1135     3     1
