################################################################################
# Neural network connection values (weights and biases).
################################################################################
# Col  Name       Description
################################################################################
# 1    connection Neural network connection value.
# 2    t          Connection type (a = weight, b = bias).
# 3    index      Index enumerating weights.
# 4    l_s        Starting point layer (end point layer for biases).
# 5    n_s        Starting point neuron in starting layer (end point neuron for biases).
# 6    l_e        End point layer.
# 7    n_e        End point neuron in end layer.
################################################################################
#                      1 2         3     4     5     6     7
#             connection t     index   l_s   n_s   l_e   n_e
############################################################
 -8.5097859608134707E-02 a         1     0     1     1     1
  1.3061833244545544E+00 a         2     0     1     1     2
 -1.0366904343786897E-01 a         3     0     1     1     3
  2.0083662029335563E+00 a         4     0     1     1     4
 -1.3802392403195614E+00 a         5     0     1     1     5
  4.9207497837834202E+00 a         6     0     1     1     6
  4.1604150561379640E+00 a         7     0     1     1     7
 -3.2269931489908559E+00 a         8     0     1     1     8
 -8.9030339413151545E+00 a         9     0     1     1     9
  4.0838334055685372E+00 a        10     0     1     1    10
  2.3451349489878903E+00 a        11     0     1     1    11
  1.1722255016952074E+01 a        12     0     1     1    12
  3.9240930506922893E-02 a        13     0     1     1    13
  4.3651631559872976E+00 a        14     0     1     1    14
  1.9211428807758768E+01 a        15     0     2     1     1
 -1.4503699442483521E+01 a        16     0     2     1     2
  1.5217415312881029E+01 a        17     0     2     1     3
 -1.2927003137434761E+01 a        18     0     2     1     4
  2.3567101036145068E+01 a        19     0     2     1     5
  5.2907438073723547E+00 a        20     0     2     1     6
 -2.0548753870443878E+01 a        21     0     2     1     7
 -8.6528739675560242E+00 a        22     0     2     1     8
 -9.1833423423742087E+00 a        23     0     2     1     9
  6.2661276572063986E+00 a        24     0     2     1    10
 -1.5502926181018923E+01 a        25     0     2     1    11
 -1.6995644624116441E+01 a        26     0     2     1    12
 -1.1988293393274427E+00 a        27     0     2     1    13
  1.6569722960825352E+01 a        28     0     2     1    14
  2.5506419123121621E+01 a        29     0     3     1     1
  1.5327988660567424E+01 a        30     0     3     1     2
 -1.2126844932526602E+01 a        31     0     3     1     3
  7.3654495479294804E+00 a        32     0     3     1     4
 -1.4498650612035160E+01 a        33     0     3     1     5
  1.7264402456809917E+00 a        34     0     3     1     6
  5.8315289615091404E+00 a        35     0     3     1     7
 -4.9039232548298003E+01 a        36     0     3     1     8
 -1.4361903280235930E+01 a        37     0     3     1     9
  2.6764324032429922E+01 a        38     0     3     1    10
  1.3194065390933401E+01 a        39     0     3     1    11
  4.2049513921665110E+01 a        40     0     3     1    12
  3.8004800067186736E+01 a        41     0     3     1    13
  1.0244244837073680E+01 a        42     0     3     1    14
 -2.1271846139237105E+01 a        43     0     4     1     1
  1.2768574088921900E+01 a        44     0     4     1     2
 -8.8640637498956902E+00 a        45     0     4     1     3
  1.0341285205058615E+01 a        46     0     4     1     4
 -2.3579527829286512E+01 a        47     0     4     1     5
 -6.4737589099577919E+00 a        48     0     4     1     6
  1.9918039334032056E+01 a        49     0     4     1     7
  9.1929523516957659E+00 a        50     0     4     1     8
  7.3696149811149780E+00 a        51     0     4     1     9
 -6.5502168737702062E+00 a        52     0     4     1    10
  1.7433456930987692E+01 a        53     0     4     1    11
  1.6575714786782605E+01 a        54     0     4     1    12
  5.2067923956671365E+00 a        55     0     4     1    13
 -9.7417429582441120E+00 a        56     0     4     1    14
 -2.4353506209100942E+01 a        57     0     5     1     1
 -9.3941840382441839E+00 a        58     0     5     1     2
  1.3980516437378251E+01 a        59     0     5     1     3
 -1.1480431182578878E+01 a        60     0     5     1     4
  1.2443022145040505E+01 a        61     0     5     1     5
  2.2562278419902055E+00 a        62     0     5     1     6
 -9.7043522922374521E+00 a        63     0     5     1     7
  4.3766998305458145E+01 a        64     0     5     1     8
  1.6070961059825894E+01 a        65     0     5     1     9
 -2.5842644774079396E+01 a        66     0     5     1    10
 -9.2452873504746673E+00 a        67     0     5     1    11
 -3.8763476756854423E+01 a        68     0     5     1    12
 -3.8180842975188831E+01 a        69     0     5     1    13
 -5.4284243199542876E+00 a        70     0     5     1    14
  5.9775721144088201E-01 a        71     0     6     1     1
 -8.1938617105795597E-01 a        72     0     6     1     2
 -1.2508261191479204E+00 a        73     0     6     1     3
 -2.1127427165410344E+00 a        74     0     6     1     4
  5.2148768813957835E-01 a        75     0     6     1     5
 -2.2457146834928041E+00 a        76     0     6     1     6
 -4.2547893628493689E+00 a        77     0     6     1     7
  2.8619389921265235E+00 a        78     0     6     1     8
  8.5920448418858690E+00 a        79     0     6     1     9
 -2.3235011531165983E+00 a        80     0     6     1    10
 -1.9259293975249652E+00 a        81     0     6     1    11
 -9.6311413781604696E+00 a        82     0     6     1    12
  5.3178559502932055E-01 a        83     0     6     1    13
 -4.3429730228933190E+00 a        84     0     6     1    14
  5.1237077229946282E+00 a        85     0     7     1     1
 -2.8280668283817891E+00 a        86     0     7     1     2
  2.3290741870259388E-01 a        87     0     7     1     3
 -1.0150368266879366E+00 a        88     0     7     1     4
  2.7261289091820449E+00 a        89     0     7     1     5
  1.8020737740155046E+00 a        90     0     7     1     6
 -4.8433988762351508E+00 a        91     0     7     1     7
 -3.1644301007809559E+00 a        92     0     7     1     8
 -3.4562281459024752E-01 a        93     0     7     1     9
  2.0515454909228477E+00 a        94     0     7     1    10
 -4.4676462762801172E+00 a        95     0     7     1    11
 -4.2224235350881969E+00 a        96     0     7     1    12
 -1.0457625820663594E+00 a        97     0     7     1    13
 -7.8317417163468905E-01 a        98     0     7     1    14
  5.6557472723019053E+00 a        99     0     8     1     1
  5.9301307233293910E-01 a       100     0     8     1     2
 -3.7577817369521331E+00 a       101     0     8     1     3
  4.7555896545984018E+00 a       102     0     8     1     4
 -1.6481757256608702E+00 a       103     0     8     1     5
 -1.3162629901280491E+00 a       104     0     8     1     6
  3.7464827957700768E+00 a       105     0     8     1     7
 -6.9521067758092654E+00 a       106     0     8     1     8
 -3.5776848750968409E+00 a       107     0     8     1     9
  4.7778889583854012E+00 a       108     0     8     1    10
 -2.1853584301652973E-01 a       109     0     8     1    11
  6.8986068041106838E+00 a       110     0     8     1    12
  6.7281762766045254E+00 a       111     0     8     1    13
 -9.1546618499841415E-01 a       112     0     8     1    14
 -3.6279045206672428E-01 a       113     0     9     1     1
  6.4331450162227910E-02 a       114     0     9     1     2
  1.1484440578960515E+00 a       115     0     9     1     3
  9.2278530847578377E-01 a       116     0     9     1     4
 -9.7576290005857858E-01 a       117     0     9     1     5
  4.5634487256566486E-01 a       118     0     9     1     6
  1.6596075540020401E+00 a       119     0     9     1     7
 -1.2758966417627187E+00 a       120     0     9     1     8
 -3.5748187995952967E+00 a       121     0     9     1     9
  9.2935312685117433E-01 a       122     0     9     1    10
  1.0277348501020906E+00 a       123     0     9     1    11
  3.9441713541532142E+00 a       124     0     9     1    12
  9.0696754868757778E-02 a       125     0     9     1    13
  1.7773683307675303E+00 a       126     0     9     1    14
 -2.2861362903137143E+00 a       127     0    10     1     1
 -7.6617858284153648E+00 a       128     0    10     1     2
 -9.9086178661870719E+00 a       129     0    10     1     3
  7.8744790551776473E+00 a       130     0    10     1     4
  1.6791753786939790E+01 a       131     0    10     1     5
 -2.0551786211122689E+01 a       132     0    10     1     6
 -7.9858821083772984E+00 a       133     0    10     1     7
  1.6600687750379041E+01 a       134     0    10     1     8
  1.6304266066874824E+01 a       135     0    10     1     9
 -2.9625799478186039E+01 a       136     0    10     1    10
 -1.0410220102156197E+01 a       137     0    10     1    11
 -3.2205507203403223E+00 a       138     0    10     1    12
 -1.1279560928770968E+01 a       139     0    10     1    13
  1.6855847197920497E+00 a       140     0    10     1    14
 -2.7593849160363915E-01 a       141     0    11     1     1
 -2.3501889929138517E+00 a       142     0    11     1     2
 -4.7105202468648329E+01 a       143     0    11     1     3
  3.1828395553598190E+00 a       144     0    11     1     4
  2.5586761041107149E+00 a       145     0    11     1     5
 -8.6481412637216373E+00 a       146     0    11     1     6
  1.6709137754002896E+01 a       147     0    11     1     7
  6.0275076302251254E+00 a       148     0    11     1     8
  2.5330605045624750E+01 a       149     0    11     1     9
  1.0507428606465345E+01 a       150     0    11     1    10
  8.4047038431261747E+00 a       151     0    11     1    11
  3.2978025707399460E+01 a       152     0    11     1    12
 -1.9530125942043830E+00 a       153     0    11     1    13
 -1.6249193321991098E+00 a       154     0    11     1    14
 -2.0406543382224445E+01 a       155     0    12     1     1
 -4.6607065596209276E+00 a       156     0    12     1     2
  3.3415846892103391E+00 a       157     0    12     1     3
 -4.9508319721072294E+00 a       158     0    12     1     4
  2.8192192514846635E+01 a       159     0    12     1     5
  3.4787265319703602E+00 a       160     0    12     1     6
 -2.2129436504149862E+01 a       161     0    12     1     7
  3.2214403982391808E+01 a       162     0    12     1     8
 -9.6489265499751706E+00 a       163     0    12     1     9
 -1.4933642956603329E+01 a       164     0    12     1    10
 -4.1158910286438326E+00 a       165     0    12     1    11
 -2.2624640708046702E+01 a       166     0    12     1    12
 -1.7469276501964892E+00 a       167     0    12     1    13
 -5.8743940581791980E+00 a       168     0    12     1    14
  5.5433596316846963E+00 a       169     0    13     1     1
  2.2351666792081971E+01 a       170     0    13     1     2
 -9.9664523958791484E+00 a       171     0    13     1     3
  1.9798891264550349E+01 a       172     0    13     1     4
 -1.2749125982496172E+00 a       173     0    13     1     5
 -2.1099992918530567E+01 a       174     0    13     1     6
  2.3959673466769619E+01 a       175     0    13     1     7
 -3.5481628759171882E+00 a       176     0    13     1     8
  5.4289341885459997E+01 a       177     0    13     1     9
  2.7640275909716003E+01 a       178     0    13     1    10
 -1.0159297813916943E+01 a       179     0    13     1    11
  7.2403435859066416E+00 a       180     0    13     1    12
  1.3072486753123744E-01 a       181     0    13     1    13
 -2.2015041178420830E+01 a       182     0    13     1    14
 -3.4864495191703568E+01 a       183     0    14     1     1
 -1.2527000678049477E+01 a       184     0    14     1     2
 -1.0323364310767770E+01 a       185     0    14     1     3
  1.1079996571227543E+01 a       186     0    14     1     4
  1.3262975561882421E+01 a       187     0    14     1     5
 -2.9778863321819511E+01 a       188     0    14     1     6
 -1.6536744979851857E+01 a       189     0    14     1     7
  3.2082630290273471E+01 a       190     0    14     1     8
 -1.9983910022618630E+01 a       191     0    14     1     9
 -3.0205550090616228E+01 a       192     0    14     1    10
 -3.1658739486532523E+00 a       193     0    14     1    11
 -1.5580103202882150E+01 a       194     0    14     1    12
 -1.2906110469603737E+01 a       195     0    14     1    13
 -5.2086587919007918E+01 a       196     0    14     1    14
 -1.6268350946763994E+00 a       197     0    15     1     1
  3.8044516224248191E+01 a       198     0    15     1     2
  2.7276375624821469E+01 a       199     0    15     1     3
  1.4979963027864184E+01 a       200     0    15     1     4
  5.3004269535374360E-01 a       201     0    15     1     5
 -2.8296187640933429E+01 a       202     0    15     1     6
  1.0840580947484087E+01 a       203     0    15     1     7
 -1.5990571163039585E+01 a       204     0    15     1     8
 -1.4648225327634192E+00 a       205     0    15     1     9
 -4.4675687151941013E+00 a       206     0    15     1    10
 -2.5205169345752612E+01 a       207     0    15     1    11
 -2.8629654216968600E+01 a       208     0    15     1    12
 -6.2965931764307870E+00 a       209     0    15     1    13
  1.1899303664568535E+01 a       210     0    15     1    14
 -1.3398071456069456E+00 a       211     0    16     1     1
 -1.4696480108053299E+01 a       212     0    16     1     2
  5.5956893933167224E+00 a       213     0    16     1     3
 -3.6208951023885567E+00 a       214     0    16     1     4
  4.3308318358096658E+00 a       215     0    16     1     5
 -3.5441381264340115E+00 a       216     0    16     1     6
 -6.9476488362927302E+00 a       217     0    16     1     7
 -8.4926986987176409E+00 a       218     0    16     1     8
  6.9739039310882678E+00 a       219     0    16     1     9
  8.7361098314779984E+00 a       220     0    16     1    10
 -9.5069990888524742E+00 a       221     0    16     1    11
 -1.1962347743023283E+01 a       222     0    16     1    12
  7.8006986123632216E-01 a       223     0    16     1    13
  1.0876334687493239E+01 a       224     0    16     1    14
 -2.3840153108727269E+00 a       225     0    17     1     1
  5.6590352810644502E+00 a       226     0    17     1     2
  3.4277893891425482E+00 a       227     0    17     1     3
  2.1087552466690784E+00 a       228     0    17     1     4
 -9.6902800965732427E-01 a       229     0    17     1     5
 -1.2536119405173558E+00 a       230     0    17     1     6
  2.0156872158856691E+00 a       231     0    17     1     7
 -2.9271788550541631E+00 a       232     0    17     1     8
 -1.8504624530719207E+00 a       233     0    17     1     9
 -5.8575134122220018E-01 a       234     0    17     1    10
 -2.4904497929822651E+00 a       235     0    17     1    11
 -2.1446574461050139E+00 a       236     0    17     1    12
 -4.6018010255324899E+00 a       237     0    17     1    13
  9.9005667616128645E-01 a       238     0    17     1    14
 -1.9633285137202827E+00 a       239     0    18     1     1
 -1.4455228280392880E+00 a       240     0    18     1     2
  6.4098880625254049E+00 a       241     0    18     1     3
 -3.6654397186670020E+00 a       242     0    18     1     4
 -4.3160070388204552E+00 a       243     0    18     1     5
 -5.7704009311010696E-01 a       244     0    18     1     6
 -2.7253615618504181E+00 a       245     0    18     1     7
 -8.9131602704680937E+00 a       246     0    18     1     8
  9.6238824128757834E+00 a       247     0    18     1     9
  1.9770034348151679E+00 a       248     0    18     1    10
  2.1956695232095456E+00 a       249     0    18     1    11
 -1.6534961162574713E+00 a       250     0    18     1    12
 -1.2001643778955902E+00 a       251     0    18     1    13
  3.1283150906275243E+00 a       252     0    18     1    14
 -2.3570902624899159E+00 a       253     0    19     1     1
  6.4833911558873512E+00 a       254     0    19     1     2
 -3.4435069218754846E+00 a       255     0    19     1     3
 -1.3475182936318697E+00 a       256     0    19     1     4
 -7.6891041232327266E+00 a       257     0    19     1     5
  4.9612751046099146E-01 a       258     0    19     1     6
 -2.4667489726070739E+00 a       259     0    19     1     7
 -1.0988211328940050E+01 a       260     0    19     1     8
 -8.9855081152380400E-01 a       261     0    19     1     9
  2.0965085192918989E+00 a       262     0    19     1    10
  4.6480937336826081E-02 a       263     0    19     1    11
  2.6829012814499253E+00 a       264     0    19     1    12
  3.8861265969267089E+00 a       265     0    19     1    13
 -2.7639445645370682E+00 a       266     0    19     1    14
  1.7573095909287947E+01 a       267     0    20     1     1
  2.3855286120904793E+01 a       268     0    20     1     2
  3.7396845015013234E+01 a       269     0    20     1     3
 -4.1611806227579009E+01 a       270     0    20     1     4
 -4.7414913797278231E+01 a       271     0    20     1     5
  3.8753306838465143E+01 a       272     0    20     1     6
  4.8339979143386271E+00 a       273     0    20     1     7
 -2.7236134138651849E+01 a       274     0    20     1     8
 -2.1147997018825532E+01 a       275     0    20     1     9
  6.5944441864291832E+01 a       276     0    20     1    10
  2.4311792807041140E+01 a       277     0    20     1    11
 -1.9046667485997350E+01 a       278     0    20     1    12
  3.2270507693265728E+01 a       279     0    20     1    13
  3.0620713153197414E+00 a       280     0    20     1    14
 -3.8704179432379798E-01 a       281     0    21     1     1
  3.7066077746740937E+01 a       282     0    21     1     2
  8.5200007778740229E+01 a       283     0    21     1     3
  6.4014480708665813E+00 a       284     0    21     1     4
 -1.5170900568339944E+01 a       285     0    21     1     5
  2.2925742805328660E+01 a       286     0    21     1     6
 -1.4404386377418545E+01 a       287     0    21     1     7
  1.1108228158662818E+01 a       288     0    21     1     8
 -5.8626434872202552E+01 a       289     0    21     1     9
 -3.4681025981868380E+01 a       290     0    21     1    10
 -1.0742876778147609E+01 a       291     0    21     1    11
 -4.9639705163290117E+01 a       292     0    21     1    12
 -6.3982404097474876E-01 a       293     0    21     1    13
 -1.4687233750442822E+01 a       294     0    21     1    14
  2.8367344987941127E+01 a       295     0    22     1     1
 -3.1820458741058044E+01 a       296     0    22     1     2
  6.2352009528246821E+00 a       297     0    22     1     3
  2.8310276905624976E+00 a       298     0    22     1     4
 -3.3482987425327615E+01 a       299     0    22     1     5
 -2.1699462612545673E+01 a       300     0    22     1     6
  5.6464085323080042E+01 a       301     0    22     1     7
 -1.3975344024552047E+01 a       302     0    22     1     8
  2.1702119167760042E+01 a       303     0    22     1     9
  8.6977309880973799E+00 a       304     0    22     1    10
 -6.2528179685389462E+00 a       305     0    22     1    11
  1.6274992406068847E+01 a       306     0    22     1    12
 -1.9918120458520246E+01 a       307     0    22     1    13
  5.6630611374972180E+00 a       308     0    22     1    14
  5.1377368918763977E+01 a       309     0    23     1     1
  4.2290815771174003E+01 a       310     0    23     1     2
  2.4180793110566615E+01 a       311     0    23     1     3
 -2.1940325392934312E+01 a       312     0    23     1     4
  1.7793604521672179E+01 a       313     0    23     1     5
  6.9605952077741080E+01 a       314     0    23     1     6
 -2.8306713433547595E+00 a       315     0    23     1     7
 -3.8299234333032636E+01 a       316     0    23     1     8
  2.9535164064378780E+01 a       317     0    23     1     9
  4.1169580715526003E+01 a       318     0    23     1    10
  1.3078138435238476E+01 a       319     0    23     1    11
  1.4112185605750490E+01 a       320     0    23     1    12
  3.7270812619300855E+01 a       321     0    23     1    13
  1.0535414179965179E+02 a       322     0    23     1    14
 -1.1474026631119866E+01 a       323     0    24     1     1
 -5.2835796187645443E+01 a       324     0    24     1     2
 -1.5708619608599914E+01 a       325     0    24     1     3
 -1.1942600289259810E+01 a       326     0    24     1     4
  2.1965292357177916E+01 a       327     0    24     1     5
  1.5835436436496968E+01 a       328     0    24     1     6
 -3.4593356077479605E+01 a       329     0    24     1     7
  1.7738842957362298E+01 a       330     0    24     1     8
 -4.7142175728138675E+01 a       331     0    24     1     9
 -5.5068476219692421E+01 a       332     0    24     1    10
  1.2976327527129095E+01 a       333     0    24     1    11
  1.0697602100117605E+01 a       334     0    24     1    12
 -4.8792874882113111E+00 a       335     0    24     1    13
  1.6464473350469213E+01 a       336     0    24     1    14
  2.4703383319412997E+00 a       337     0    25     1     1
 -6.8354130295918498E+00 a       338     0    25     1     2
 -4.4126571518501223E+01 a       339     0    25     1     3
 -1.0919623841531652E+00 a       340     0    25     1     4
  8.0787249376614323E+00 a       341     0    25     1     5
 -9.1555879876371993E+00 a       342     0    25     1     6
  8.7553506879754615E+00 a       343     0    25     1     7
  1.4080421201926227E-01 a       344     0    25     1     8
  2.0306177544835410E+01 a       345     0    25     1     9
  6.9544415897873826E+00 a       346     0    25     1    10
  1.0336335263663242E+01 a       347     0    25     1    11
  2.6320166198637928E+01 a       348     0    25     1    12
  3.2430583873958305E+00 a       349     0    25     1    13
 -3.9948361756284081E+00 a       350     0    25     1    14
 -3.0189076745889851E+00 a       351     0    26     1     1
 -1.0458590581068523E+00 a       352     0    26     1     2
 -2.4777363167444793E+00 a       353     0    26     1     3
  4.1531262321725553E+00 a       354     0    26     1     4
  3.8304803183809750E+00 a       355     0    26     1     5
 -2.8005209013055965E+00 a       356     0    26     1     6
  2.4375939294807519E-01 a       357     0    26     1     7
  2.7559178610858086E+00 a       358     0    26     1     8
  3.1264640096228584E+00 a       359     0    26     1     9
 -4.7536491475058522E+00 a       360     0    26     1    10
 -2.4124927276593731E+00 a       361     0    26     1    11
 -6.4848157133100340E-02 a       362     0    26     1    12
 -5.7806533054604925E+00 a       363     0    26     1    13
 -1.1450171845757591E+00 a       364     0    26     1    14
 -1.8456328214033795E+00 a       365     0    27     1     1
  3.3348856369688828E+00 a       366     0    27     1     2
 -4.9179707777542774E+00 a       367     0    27     1     3
 -1.2051913532172569E+00 a       368     0    27     1     4
 -2.9175425542249749E+00 a       369     0    27     1     5
 -7.2489074090464101E-01 a       370     0    27     1     6
  2.3339403671637373E+00 a       371     0    27     1     7
 -4.8416618749007538E+00 a       372     0    27     1     8
  1.1624974982805178E+01 a       373     0    27     1     9
  1.3534194288948704E+00 a       374     0    27     1    10
  5.9765112817557808E+00 a       375     0    27     1    11
  7.3160922959702939E+00 a       376     0    27     1    12
 -4.5258807540186412E+00 a       377     0    27     1    13
 -1.3687297688401381E+00 a       378     0    27     1    14
 -1.9207867172566786E+01 a       379     0    28     1     1
  5.4943405954562652E-01 a       380     0    28     1     2
 -1.0641091934278732E+01 a       381     0    28     1     3
  6.8891953306136404E+00 a       382     0    28     1     4
 -1.2382333682162002E+01 a       383     0    28     1     5
 -1.4749166950852743E+01 a       384     0    28     1     6
 -5.4015141334332935E+00 a       385     0    28     1     7
  4.2332909084556709E+00 a       386     0    28     1     8
 -5.2428690962188087E+00 a       387     0    28     1     9
 -1.0227977239935507E+01 a       388     0    28     1    10
 -2.7367457957753314E+00 a       389     0    28     1    11
 -6.2198399208930253E+00 a       390     0    28     1    12
 -8.8056680898587629E+00 a       391     0    28     1    13
 -3.2118107526528362E+01 a       392     0    28     1    14
  2.3112632059057945E+00 a       393     0    29     1     1
  2.0817974012073810E+00 a       394     0    29     1     2
 -3.5183715487369711E+00 a       395     0    29     1     3
  5.8668971973843513E+00 a       396     0    29     1     4
  2.4574848357128269E+00 a       397     0    29     1     5
 -7.4940728886998142E+00 a       398     0    29     1     6
  3.1402303047285494E+00 a       399     0    29     1     7
  2.7198762619599419E+00 a       400     0    29     1     8
  7.3352505188610548E+00 a       401     0    29     1     9
  3.2408391087435817E-01 a       402     0    29     1    10
 -4.3261942283730228E+00 a       403     0    29     1    11
  1.6811453315469034E+00 a       404     0    29     1    12
  1.6821121116300011E+00 a       405     0    29     1    13
 -1.5486146189476582E+00 a       406     0    29     1    14
  2.5875305714348174E+00 a       407     0    30     1     1
 -1.1814705010659905E+01 a       408     0    30     1     2
 -8.0415803258040519E+00 a       409     0    30     1     3
  3.1353471447191472E+00 a       410     0    30     1     4
  7.3980361719168810E+00 a       411     0    30     1     5
 -1.3862170378639989E+00 a       412     0    30     1     6
 -1.0825270352386968E-01 a       413     0    30     1     7
  9.2969476746559909E+00 a       414     0    30     1     8
 -9.9825216619311199E+00 a       415     0    30     1     9
  5.4584036246608729E+00 a       416     0    30     1    10
 -9.1839480752579146E+00 a       417     0    30     1    11
 -2.9309178966385092E+00 a       418     0    30     1    12
  3.4150619332885981E+00 a       419     0    30     1    13
  4.6339834370630175E+00 a       420     0    30     1    14
 -1.5236225091448208E+01 a       421     0    31     1     1
 -2.2604978044627991E+01 a       422     0    31     1     2
 -3.8332803790548176E+00 a       423     0    31     1     3
  7.9112365847470185E+00 a       424     0    31     1     4
  9.4492292775508737E+00 a       425     0    31     1     5
 -2.0383539422661226E+01 a       426     0    31     1     6
 -2.2288778880661084E+00 a       427     0    31     1     7
  2.6385585662645465E+01 a       428     0    31     1     8
 -1.6484244476844317E+01 a       429     0    31     1     9
 -1.3362585293706170E+01 a       430     0    31     1    10
 -5.0274743196105520E+00 a       431     0    31     1    11
 -6.8444118706309620E+00 a       432     0    31     1    12
 -1.1672187156303677E+01 a       433     0    31     1    13
 -2.8659497060849990E+01 a       434     0    31     1    14
 -2.2796294351659845E+00 a       435     0    32     1     1
 -3.1318190765153183E+01 a       436     0    32     1     2
 -2.5834192861503507E+01 a       437     0    32     1     3
 -5.5554596331319646E+00 a       438     0    32     1     4
  4.7379793081087183E+00 a       439     0    32     1     5
  2.4801906120472168E+01 a       440     0    32     1     6
 -5.2798057691012756E+00 a       441     0    32     1     7
  1.5103017492431947E+01 a       442     0    32     1     8
 -5.7270466831207871E+00 a       443     0    32     1     9
 -6.2915450560842689E-01 a       444     0    32     1    10
  1.6693719222722532E+01 a       445     0    32     1    11
  2.7591994908100727E+01 a       446     0    32     1    12
 -1.7024469239852345E+00 a       447     0    32     1    13
 -8.9049978940943006E+00 a       448     0    32     1    14
  5.5439711575052089E+00 a       449     0    33     1     1
  1.3450105594082586E+01 a       450     0    33     1     2
 -2.0936810426148242E+00 a       451     0    33     1     3
 -1.7223554908205700E+00 a       452     0    33     1     4
 -5.3441325444862615E+00 a       453     0    33     1     5
  9.2711985290633478E+00 a       454     0    33     1     6
 -5.0102222861922030E+00 a       455     0    33     1     7
 -1.8881589012579369E+01 a       456     0    33     1     8
  2.4864269472332676E+00 a       457     0    33     1     9
  1.2434859508854078E+01 a       458     0    33     1    10
  1.1904429405230414E+00 a       459     0    33     1    11
  6.9087781801707795E+00 a       460     0    33     1    12
  9.2059304904250254E+00 a       461     0    33     1    13
  1.0681011523127001E+01 a       462     0    33     1    14
  8.1354072913777675E-01 a       463     0    34     1     1
  2.0593559555953145E+00 a       464     0    34     1     2
 -1.9302546619299085E-01 a       465     0    34     1     3
 -1.5683399470417858E-01 a       466     0    34     1     4
 -1.2865510114943555E+00 a       467     0    34     1     5
  6.4159181852714475E-01 a       468     0    34     1     6
 -1.5345708023544555E-01 a       469     0    34     1     7
 -1.3182800302377131E+00 a       470     0    34     1     8
 -4.2656973638649270E-01 a       471     0    34     1     9
 -7.4620505694182909E-02 a       472     0    34     1    10
 -2.8816933912669573E-01 a       473     0    34     1    11
  1.1952574606228696E+00 a       474     0    34     1    12
  1.0589139438146418E+00 a       475     0    34     1    13
  9.5857235577780675E-01 a       476     0    34     1    14
  2.0570543510414424E-01 a       477     0    35     1     1
 -3.0910135687602014E-01 a       478     0    35     1     2
 -1.0143358137265712E+00 a       479     0    35     1     3
  1.1741611525639841E+00 a       480     0    35     1     4
 -5.4805445956482601E-01 a       481     0    35     1     5
 -6.5685653057680038E-01 a       482     0    35     1     6
  7.5170268513234018E-01 a       483     0    35     1     7
  8.8596935435769797E-01 a       484     0    35     1     8
  7.2437847905959740E-01 a       485     0    35     1     9
  2.7922561242983596E-01 a       486     0    35     1    10
 -2.6302393199852780E-01 a       487     0    35     1    11
 -4.5721575856382229E-01 a       488     0    35     1    12
  5.2535950287692157E-01 a       489     0    35     1    13
 -5.0263079651935860E-01 a       490     0    35     1    14
  2.0893951083276459E-03 a       491     0    36     1     1
 -3.6795929673509273E+00 a       492     0    36     1     2
 -3.6325037958962236E-01 a       493     0    36     1     3
 -1.6058403505485999E+00 a       494     0    36     1     4
  7.9409965754818368E-01 a       495     0    36     1     5
  1.7049244648696911E+00 a       496     0    36     1     6
  4.0709976070729448E-01 a       497     0    36     1     7
  1.6616660486123358E+00 a       498     0    36     1     8
 -2.7765782392696807E+00 a       499     0    36     1     9
  1.0932462758911399E+00 a       500     0    36     1    10
  4.8566883739575512E-01 a       501     0    36     1    11
 -2.1492511260875372E-01 a       502     0    36     1    12
 -1.0247213124999075E+00 a       503     0    36     1    13
 -1.4496559535202380E+00 a       504     0    36     1    14
 -2.9303092612139248E-01 a       505     0    37     1     1
  1.5934739432032874E+00 a       506     0    37     1     2
  1.4021462925322377E+00 a       507     0    37     1     3
 -2.6053379745098244E+00 a       508     0    37     1     4
 -3.7310360311587991E+00 a       509     0    37     1     5
  1.3322957334226597E+00 a       510     0    37     1     6
 -3.1884787357267057E+00 a       511     0    37     1     7
  1.6761214194064347E+00 a       512     0    37     1     8
  1.1779670560600346E+01 a       513     0    37     1     9
  4.8823484417544866E-01 a       514     0    37     1    10
 -9.5202467455110379E-02 a       515     0    37     1    11
 -7.4501205711484877E+00 a       516     0    37     1    12
 -1.1048299272613214E+01 a       517     0    37     1    13
  2.9850875077072820E+00 a       518     0    37     1    14
 -1.3474704127257398E-01 a       519     0    38     1     1
  2.6974810282195492E+00 a       520     0    38     1     2
 -5.3138969279302828E-01 a       521     0    38     1     3
  1.0017165775066139E+00 a       522     0    38     1     4
 -1.4789075375375205E-02 a       523     0    38     1     5
  1.8045160857020642E-01 a       524     0    38     1     6
  3.2604187862133344E-01 a       525     0    38     1     7
 -1.5755315879219500E+00 a       526     0    38     1     8
  1.3492051724511123E+00 a       527     0    38     1     9
  9.3569034117069128E-02 a       528     0    38     1    10
 -4.5174478272457996E-01 a       529     0    38     1    11
 -5.5719693551872673E-01 a       530     0    38     1    12
 -1.3112955774342079E+00 a       531     0    38     1    13
  3.1474453319027790E-01 a       532     0    38     1    14
  1.1989061093722453E+00 a       533     0    39     1     1
 -3.7620320325668222E+00 a       534     0    39     1     2
  2.1022194119776345E+00 a       535     0    39     1     3
  9.2618355360268882E+00 a       536     0    39     1     4
 -1.7551694445828279E+01 a       537     0    39     1     5
 -1.0025895366746756E+01 a       538     0    39     1     6
 -6.0854130967136282E+00 a       539     0    39     1     7
 -4.8847170062542533E+00 a       540     0    39     1     8
  1.0633126585075013E+01 a       541     0    39     1     9
  8.9127181368873867E+00 a       542     0    39     1    10
 -2.0002711394312227E+00 a       543     0    39     1    11
 -3.5897726667791940E+00 a       544     0    39     1    12
  1.4617207096163344E+01 a       545     0    39     1    13
  6.8277514407769395E+00 a       546     0    39     1    14
 -4.8547231376769586E+00 a       547     0    40     1     1
  5.3876840071851806E-01 a       548     0    40     1     2
  8.1628432871480658E+00 a       549     0    40     1     3
 -1.3754119214423419E+00 a       550     0    40     1     4
  1.0721215165278254E+01 a       551     0    40     1     5
 -3.2245976206775460E+00 a       552     0    40     1     6
  4.5197479319273288E+00 a       553     0    40     1     7
  2.3599732286191388E+00 a       554     0    40     1     8
 -1.8566395713530224E+00 a       555     0    40     1     9
 -4.9243354328257656E+00 a       556     0    40     1    10
  5.8790883587394642E+00 a       557     0    40     1    11
  8.1599064175755576E+00 a       558     0    40     1    12
 -5.7714775239766594E+00 a       559     0    40     1    13
  7.5759761807845338E+00 a       560     0    40     1    14
 -2.3607601433326968E+00 a       561     0    41     1     1
 -5.5190077105310864E-01 a       562     0    41     1     2
  1.6997042830724280E+00 a       563     0    41     1     3
  1.3636248620730060E+00 a       564     0    41     1     4
  1.0327151755323931E+00 a       565     0    41     1     5
 -2.2401931436063682E+00 a       566     0    41     1     6
  9.0734413161320404E-01 a       567     0    41     1     7
  2.8045409009396027E+00 a       568     0    41     1     8
  3.5224108627332349E+00 a       569     0    41     1     9
 -1.3990232473251816E+00 a       570     0    41     1    10
  1.0098884955136382E+00 a       571     0    41     1    11
 -1.5951914400208764E+00 a       572     0    41     1    12
 -2.7178581623531288E+00 a       573     0    41     1    13
  1.1963512343985525E+00 a       574     0    41     1    14
 -9.0363214147069346E+00 a       575     0    42     1     1
  1.5746348065478475E+01 a       576     0    42     1     2
 -1.1206362202694603E+01 a       577     0    42     1     3
  1.8968810838338428E+01 a       578     0    42     1     4
 -7.1114951901348187E+00 a       579     0    42     1     5
  4.5512898265059905E+00 a       580     0    42     1     6
  1.0163434658535159E+01 a       581     0    42     1     7
  5.0075432753196987E+00 a       582     0    42     1     8
  3.2354864904922587E+00 a       583     0    42     1     9
 -8.4073234322518742E-01 a       584     0    42     1    10
 -1.0357945663462162E+01 a       585     0    42     1    11
 -1.0756015656185316E+01 a       586     0    42     1    12
 -2.4519309884142434E+01 a       587     0    42     1    13
 -1.3859363429469088E+01 a       588     0    42     1    14
 -6.5072782216935030E+00 a       589     0    43     1     1
 -8.2693054001603201E+00 a       590     0    43     1     2
 -1.7168182552408124E+00 a       591     0    43     1     3
  1.0012182732633928E+01 a       592     0    43     1     4
  1.2411612437734178E+01 a       593     0    43     1     5
 -4.1646387849904594E+00 a       594     0    43     1     6
  1.2843911094639157E+01 a       595     0    43     1     7
 -4.2949145978558345E+00 a       596     0    43     1     8
 -2.8934573438303641E+01 a       597     0    43     1     9
  1.8878056807474379E+00 a       598     0    43     1    10
  2.7580461568675219E+00 a       599     0    43     1    11
  1.4481741152502996E+01 a       600     0    43     1    12
  1.5600758318875505E+01 a       601     0    43     1    13
 -7.8975841469684731E+00 a       602     0    43     1    14
 -3.9080470065900013E+00 a       603     0    44     1     1
 -8.4551659162713086E+00 a       604     0    44     1     2
  3.0010699712550848E-01 a       605     0    44     1     3
  1.0454584515952507E+00 a       606     0    44     1     4
  1.5277043993952921E+00 a       607     0    44     1     5
 -2.5115632904869205E+00 a       608     0    44     1     6
 -3.3223561786278311E-01 a       609     0    44     1     7
 -1.1309713651630717E+00 a       610     0    44     1     8
  2.9414073823225956E-01 a       611     0    44     1     9
 -6.2816192106035429E-01 a       612     0    44     1    10
 -4.1990362238037333E+00 a       613     0    44     1    11
 -7.5148844795389307E+00 a       614     0    44     1    12
  3.2371565379715461E+00 a       615     0    44     1    13
 -4.9228638141777470E+00 a       616     0    44     1    14
 -4.6499777945542382E+00 a       617     0    45     1     1
  1.9827626796916267E+01 a       618     0    45     1     2
 -1.0616126292344305E+01 a       619     0    45     1     3
 -1.4394070752337482E-02 a       620     0    45     1     4
  2.2116846303091855E+01 a       621     0    45     1     5
  1.5470276830685593E+01 a       622     0    45     1     6
  1.8921142759686848E+01 a       623     0    45     1     7
  2.8150686599393199E-01 a       624     0    45     1     8
 -1.0182453462424862E+01 a       625     0    45     1     9
 -1.5306147430567538E+01 a       626     0    45     1    10
 -1.5701120583470392E+00 a       627     0    45     1    11
  7.2904143813648190E+00 a       628     0    45     1    12
 -2.5362518385852301E+01 a       629     0    45     1    13
 -1.8409391173997300E+01 a       630     0    45     1    14
  1.2476183691609146E+00 a       631     0    46     1     1
  8.8883475480106142E+00 a       632     0    46     1     2
 -2.2668073885182721E+01 a       633     0    46     1     3
  9.7904502440970873E+00 a       634     0    46     1     4
 -2.6716822055632136E+01 a       635     0    46     1     5
  7.3735695043377660E+00 a       636     0    46     1     6
 -1.7027975135770774E+00 a       637     0    46     1     7
 -1.5114342338076565E+01 a       638     0    46     1     8
  2.0418391631139632E+00 a       639     0    46     1     9
  1.1458855371010335E+01 a       640     0    46     1    10
 -1.5708317895634424E+01 a       641     0    46     1    11
 -1.9225800145386675E+01 a       642     0    46     1    12
  2.3055958546790745E+00 a       643     0    46     1    13
 -2.8581233840597303E+01 a       644     0    46     1    14
  3.9019659641928817E+00 a       645     0    47     1     1
  8.0184605772236139E+00 a       646     0    47     1     2
 -9.8166735064336432E+00 a       647     0    47     1     3
  4.1977794892043390E+00 a       648     0    47     1     4
 -1.2717897597068870E+01 a       649     0    47     1     5
  5.0479299058742013E+00 a       650     0    47     1     6
  7.7539970603495434E-01 a       651     0    47     1     7
 -9.6149440831574431E+00 a       652     0    47     1     8
 -4.3350513105152242E+00 a       653     0    47     1     9
  5.0017834986354330E+00 a       654     0    47     1    10
 -5.7477720173533893E+00 a       655     0    47     1    11
 -2.7698736535068069E-01 a       656     0    47     1    12
  4.6611407059062993E+00 a       657     0    47     1    13
 -9.7698757507864720E+00 a       658     0    47     1    14
  1.3837407218312080E+01 a       659     0    48     1     1
 -1.9770844568979598E+00 a       660     0    48     1     2
 -4.3292134060446485E-01 a       661     0    48     1     3
 -1.6683460400372127E+01 a       662     0    48     1     4
  1.3178823024402179E+01 a       663     0    48     1     5
  3.5203247069492711E+00 a       664     0    48     1     6
 -4.9235289674428708E+00 a       665     0    48     1     7
 -3.0655540462649389E-01 a       666     0    48     1     8
 -1.3909281483270929E+01 a       667     0    48     1     9
 -3.7807798195292595E+00 a       668     0    48     1    10
 -1.2401735021891946E+00 a       669     0    48     1    11
  3.8873955115311074E+00 a       670     0    48     1    12
  1.5806950259527213E+01 a       671     0    48     1    13
 -8.2911165955860044E-01 a       672     0    48     1    14
  5.1795242418614496E-01 a       673     0    49     1     1
  3.1829136014975876E-02 a       674     0    49     1     2
 -1.6932465539090968E-01 a       675     0    49     1     3
  4.1718647964853178E-01 a       676     0    49     1     4
  6.4649541408349342E-01 a       677     0    49     1     5
 -7.3042978760109056E-01 a       678     0    49     1     6
 -1.1108248616965150E-01 a       679     0    49     1     7
 -3.9891952370435213E-01 a       680     0    49     1     8
 -1.5821422645668826E+00 a       681     0    49     1     9
  3.1085502776084889E-01 a       682     0    49     1    10
 -1.8576470456326238E-01 a       683     0    49     1    11
  6.7306450500496717E-01 a       684     0    49     1    12
  2.3240174273983487E+00 a       685     0    49     1    13
  3.1903829714858711E-01 a       686     0    49     1    14
 -5.7900527321996520E-01 a       687     0    50     1     1
  4.8209880610730221E-01 a       688     0    50     1     2
 -1.5301386038182915E-01 a       689     0    50     1     3
 -6.5983942113448790E-01 a       690     0    50     1     4
  2.4970253386829828E+00 a       691     0    50     1     5
  9.8537803610676422E-01 a       692     0    50     1     6
  1.0893342003983493E+00 a       693     0    50     1     7
  9.3247441109684159E-01 a       694     0    50     1     8
 -4.6316720087372631E-01 a       695     0    50     1     9
 -1.2160477538211198E+00 a       696     0    50     1    10
  3.1437711830144138E-01 a       697     0    50     1    11
  8.9477649479248050E-02 a       698     0    50     1    12
 -2.5528054321526463E+00 a       699     0    50     1    13
 -8.5850556407041234E-01 a       700     0    50     1    14
  2.2804294140547685E+00 a       701     0    51     1     1
  1.1211041517033606E+00 a       702     0    51     1     2
  1.9408065427858994E+00 a       703     0    51     1     3
 -3.0833074751602729E+00 a       704     0    51     1     4
  4.7290038211585346E+00 a       705     0    51     1     5
  1.0751361305456996E-02 a       706     0    51     1     6
  8.5179451042860987E-01 a       707     0    51     1     7
 -1.5300841756322572E-01 a       708     0    51     1     8
 -2.2502463322178423E+00 a       709     0    51     1     9
 -2.3612469375376897E+00 a       710     0    51     1    10
  2.1884920438411819E+00 a       711     0    51     1    11
  4.7567064299357895E+00 a       712     0    51     1    12
  3.8564186591082197E+00 a       713     0    51     1    13
  3.0054973541858176E+00 a       714     0    51     1    14
  3.8437609547923506E+00 a       715     0    52     1     1
  4.0665181074784895E+00 a       716     0    52     1     2
  3.4811942884779277E+00 a       717     0    52     1     3
 -5.6149846467327702E+00 a       718     0    52     1     4
 -5.9467163354675918E+00 a       719     0    52     1     5
  3.0982906987924119E+00 a       720     0    52     1     6
 -7.9869419186468100E+00 a       721     0    52     1     7
  4.0707484465204519E-01 a       722     0    52     1     8
  1.2112073967793572E+01 a       723     0    52     1     9
  2.8357734230732240E-01 a       724     0    52     1    10
  1.4243933166107714E+00 a       725     0    52     1    11
 -2.7182216817341880E+00 a       726     0    52     1    12
 -9.4060938169345008E+00 a       727     0    52     1    13
  6.2194554261172490E+00 a       728     0    52     1    14
  3.3029542047519618E+00 a       729     0    53     1     1
  4.6643402007380876E+00 a       730     0    53     1     2
 -1.5341781608940247E-01 a       731     0    53     1     3
 -1.0525525634157111E+00 a       732     0    53     1     4
 -1.3408131192853379E+00 a       733     0    53     1     5
  1.5998868883645414E+00 a       734     0    53     1     6
 -1.3454350629880594E+00 a       735     0    53     1     7
  2.0177338739024664E-01 a       736     0    53     1     8
 -1.6286770915840516E+00 a       737     0    53     1     9
  2.9671378443373531E-01 a       738     0    53     1    10
  2.0439814976105772E+00 a       739     0    53     1    11
  3.8867053792806212E+00 a       740     0    53     1    12
 -5.2033905839386829E-02 a       741     0    53     1    13
  3.2065805360965243E+00 a       742     0    53     1    14
  6.1153468485972020E+00 a       743     0    54     1     1
 -8.0148354011008571E+00 a       744     0    54     1     2
  7.2994245983854436E+00 a       745     0    54     1     3
 -4.9838481483040500E+00 a       746     0    54     1     4
 -7.3711812922413769E+00 a       747     0    54     1     5
 -3.1680899807925562E+00 a       748     0    54     1     6
 -1.0150168464752319E+01 a       749     0    54     1     7
 -4.1622252735217504E+00 a       750     0    54     1     8
 -5.2868220383071041E+00 a       751     0    54     1     9
  7.3426455506522119E+00 a       752     0    54     1    10
  2.7976636578965048E+00 a       753     0    54     1    11
  4.8881566731733610E+00 a       754     0    54     1    12
  1.5536374403458943E+01 a       755     0    54     1    13
  1.3393345206556273E+01 a       756     0    54     1    14
  1.3227309586204892E+00 a       757     0    55     1     1
 -1.0066824131072908E+01 a       758     0    55     1     2
  1.5842938124641087E+01 a       759     0    55     1     3
 -8.7619071620214157E+00 a       760     0    55     1     4
  1.6637436271784548E+01 a       761     0    55     1     5
 -4.0918054568293023E+00 a       762     0    55     1     6
 -2.5941298862142186E+00 a       763     0    55     1     7
  9.6163080637597425E+00 a       764     0    55     1     8
 -2.3547730255690680E+00 a       765     0    55     1     9
 -7.4698085881149954E+00 a       766     0    55     1    10
  1.1707069885599523E+01 a       767     0    55     1    11
  1.2145426697539808E+01 a       768     0    55     1    12
  8.7959407229949083E-01 a       769     0    55     1    13
  1.8801660856623801E+01 a       770     0    55     1    14
 -7.1895892158002295E-01 a       771     0    56     1     1
 -4.0971884074618234E+00 a       772     0    56     1     2
  5.1829070138999036E+00 a       773     0    56     1     3
 -1.6005202890411385E-01 a       774     0    56     1     4
  5.9720180685500113E+00 a       775     0    56     1     5
 -2.7630278956327667E+00 a       776     0    56     1     6
  1.5063965758165208E+00 a       777     0    56     1     7
  6.2062147088835662E+00 a       778     0    56     1     8
  6.6866121854976146E-02 a       779     0    56     1     9
 -3.2067293453717132E+00 a       780     0    56     1    10
  4.4542791459128486E+00 a       781     0    56     1    11
  2.6649434852001925E+00 a       782     0    56     1    12
 -1.7556127931979508E+00 a       783     0    56     1    13
  5.4698933378948116E+00 a       784     0    56     1    14
 -2.9049864671476757E+00 a       785     0    57     1     1
 -4.5357003096728050E+00 a       786     0    57     1     2
 -9.2954172634885923E-01 a       787     0    57     1     3
  6.9465050349585438E+00 a       788     0    57     1     4
 -2.5322854733356652E+00 a       789     0    57     1     5
  1.8544408655933026E-01 a       790     0    57     1     6
  5.4137270978576222E+00 a       791     0    57     1     7
 -3.2227471171380055E+00 a       792     0    57     1     8
 -2.3316255441433298E+00 a       793     0    57     1     9
  2.7134252736980295E+00 a       794     0    57     1    10
  2.8794929605089594E+00 a       795     0    57     1    11
  5.4460083890268054E+00 a       796     0    57     1    12
  5.0439439457923452E-01 a       797     0    57     1    13
  5.2242556521443506E-01 a       798     0    57     1    14
  6.5885327661301829E-01 a       799     0    58     1     1
  1.9428353588083094E+00 a       800     0    58     1     2
 -1.8340510829188747E-01 a       801     0    58     1     3
 -7.9657864522243758E+00 a       802     0    58     1     4
  9.9645135011472377E+00 a       803     0    58     1     5
  6.6866766920820062E+00 a       804     0    58     1     6
  5.2162312989090998E-01 a       805     0    58     1     7
  2.9367736303056219E-01 a       806     0    58     1     8
 -8.9732239859680263E+00 a       807     0    58     1     9
 -3.8295877530672660E+00 a       808     0    58     1    10
  3.9201313147905387E-01 a       809     0    58     1    11
  2.2564717872818236E+00 a       810     0    58     1    12
 -5.3863700062532658E+00 a       811     0    58     1    13
 -8.5506984466725866E-01 a       812     0    58     1    14
 -1.7267117469278032E-01 a       813     0    59     1     1
 -9.4900411255629304E+00 a       814     0    59     1     2
  6.5731033360274678E+00 a       815     0    59     1     3
 -4.1512591691101344E+00 a       816     0    59     1     4
 -4.6487995866118110E+00 a       817     0    59     1     5
 -6.4599125021696544E+00 a       818     0    59     1     6
 -5.3621670503766499E+00 a       819     0    59     1     7
 -5.6101170658610906E+00 a       820     0    59     1     8
  8.0183984481189405E+00 a       821     0    59     1     9
  4.5636599036721552E+00 a       822     0    59     1    10
  5.4209350587216667E+00 a       823     0    59     1    11
  2.4897077145724449E+00 a       824     0    59     1    12
  1.1018851938681175E+01 a       825     0    59     1    13
  9.2123916010370976E+00 a       826     0    59     1    14
  1.0347959118389176E+00 a       827     0    60     1     1
  2.3454943715884653E+00 a       828     0    60     1     2
 -2.8316886654800117E+00 a       829     0    60     1     3
  5.1704880487324259E-02 a       830     0    60     1     4
 -1.2223996728028679E+00 a       831     0    60     1     5
 -1.5602926946887080E-01 a       832     0    60     1     6
 -5.8463384679993802E-01 a       833     0    60     1     7
  5.4307065610972904E-01 a       834     0    60     1     8
  4.9461707030921476E+00 a       835     0    60     1     9
 -2.6184274092514195E+00 a       836     0    60     1    10
 -4.1877519516159056E+00 a       837     0    60     1    11
 -4.3594487106088611E+00 a       838     0    60     1    12
  1.7974939299600916E+00 a       839     0    60     1    13
 -2.0220340867053861E+00 a       840     0    60     1    14
  3.9499449589853686E-01 a       841     0    61     1     1
  1.4542785848145374E+00 a       842     0    61     1     2
 -7.1133500449250786E-01 a       843     0    61     1     3
  4.9668524159258903E-01 a       844     0    61     1     4
  3.7046987195808861E-01 a       845     0    61     1     5
  9.3108371980688931E-01 a       846     0    61     1     6
  1.8012142080880744E+00 a       847     0    61     1     7
  1.3421693342326073E+00 a       848     0    61     1     8
 -1.1991959017121903E+00 a       849     0    61     1     9
  3.0949554831269721E-01 a       850     0    61     1    10
  1.6170680516196851E+00 a       851     0    61     1    11
  3.7622500141796555E+00 a       852     0    61     1    12
 -2.0473569237836280E+00 a       853     0    61     1    13
 -9.5737113360283843E-02 a       854     0    61     1    14
 -3.5585559826510247E+00 a       855     0    62     1     1
 -1.1348821848027880E+01 a       856     0    62     1     2
  1.5214849455365718E+00 a       857     0    62     1     3
  4.3009415864602163E+00 a       858     0    62     1     4
 -7.5107392405051767E+00 a       859     0    62     1     5
 -9.4647626560646128E+00 a       860     0    62     1     6
 -3.2133052787757461E+00 a       861     0    62     1     7
  7.4093044758509334E+00 a       862     0    62     1     8
  1.1819623479911076E+01 a       863     0    62     1     9
  4.0240001807981605E+00 a       864     0    62     1    10
  1.9909331247970425E+00 a       865     0    62     1    11
 -9.3200716490342703E+00 a       866     0    62     1    12
  1.1567264640668056E+00 a       867     0    62     1    13
 -1.6958705561538285E+00 a       868     0    62     1    14
 -8.0826594234066351E-01 a       869     0    63     1     1
 -2.9777977554353776E+00 a       870     0    63     1     2
  2.2947971329835433E+00 a       871     0    63     1     3
 -4.6120482944865886E+00 a       872     0    63     1     4
  4.4270662500294486E+00 a       873     0    63     1     5
 -7.7749840531625328E-02 a       874     0    63     1     6
 -1.8960785876892363E+00 a       875     0    63     1     7
  1.0232579662843488E+00 a       876     0    63     1     8
 -8.4459051321316547E-01 a       877     0    63     1     9
 -1.7784469903173888E-01 a       878     0    63     1    10
  1.6858565547134985E+00 a       879     0    63     1    11
  8.0427713700878956E-01 a       880     0    63     1    12
 -4.9349902987928573E-01 a       881     0    63     1    13
  2.5675159857893366E+00 a       882     0    63     1    14
 -4.0420245145207030E+00 a       883     0    64     1     1
  4.1821752628701692E+00 a       884     0    64     1     2
  3.6679007453720525E+00 a       885     0    64     1     3
  2.0838144896072732E+00 a       886     0    64     1     4
 -5.1177756804948391E+00 a       887     0    64     1     5
 -3.1804915352749887E+00 a       888     0    64     1     6
 -3.0929605954651773E+00 a       889     0    64     1     7
  2.6740961896406126E+00 a       890     0    64     1     8
  9.9204018420078910E+00 a       891     0    64     1     9
 -1.9617745755744251E+00 a       892     0    64     1    10
  1.2966381018822211E+00 a       893     0    64     1    11
 -3.3549385846381572E+00 a       894     0    64     1    12
 -7.4137655520144543E+00 a       895     0    64     1    13
  1.9808593651471933E+00 a       896     0    64     1    14
  5.2735818015466152E-01 b       897     1     1
 -6.4440678136223773E-03 b       898     1     2
 -5.1783415012140281E-02 b       899     1     3
  5.9808811229213757E-03 b       900     1     4
  3.5357666289016265E-02 b       901     1     5
  2.5615227542012422E-02 b       902     1     6
  1.4011033835171494E-01 b       903     1     7
  1.2768354606601656E-01 b       904     1     8
  3.5929988581184252E-01 b       905     1     9
  2.1406352457286545E-01 b       906     1    10
  3.8921617883444165E-01 b       907     1    11
  2.7905805616858420E-01 b       908     1    12
  9.7430822779819692E-03 b       909     1    13
  3.2041821264491938E-01 b       910     1    14
 -3.7069065851748162E-01 a       911     1     1     2     1
  3.1447143261238841E-01 a       912     1     1     2     2
  6.8255727931874055E-01 a       913     1     1     2     3
 -3.7951871750541133E-01 a       914     1     1     2     4
 -7.5078634236303932E-01 a       915     1     1     2     5
 -4.5375546518825347E-02 a       916     1     1     2     6
 -5.3962913872848972E-01 a       917     1     1     2     7
  4.1331447556675499E-01 a       918     1     1     2     8
  1.8700200117486990E-01 a       919     1     1     2     9
  2.2195567854287074E-01 a       920     1     1     2    10
 -1.3927335445773121E+00 a       921     1     1     2    11
  5.7518917806834846E-01 a       922     1     1     2    12
 -1.2673093046570489E+00 a       923     1     1     2    13
 -3.6828426495299826E-02 a       924     1     1     2    14
 -1.0333472066492844E+00 a       925     1     2     2     1
 -3.9348753650857565E-01 a       926     1     2     2     2
 -4.8212887308489616E-01 a       927     1     2     2     3
  2.1115223845099637E-01 a       928     1     2     2     4
 -3.7900726004683483E-01 a       929     1     2     2     5
  7.7086396960870029E-01 a       930     1     2     2     6
 -9.5641985840987176E-01 a       931     1     2     2     7
 -4.1182932920751547E-01 a       932     1     2     2     8
 -7.2673433892528416E-01 a       933     1     2     2     9
  6.1704825438983524E-01 a       934     1     2     2    10
 -1.3035829666667662E+00 a       935     1     2     2    11
 -2.3155395102931089E-01 a       936     1     2     2    12
 -1.2147750579458352E+00 a       937     1     2     2    13
 -2.9089041500131524E-01 a       938     1     2     2    14
  1.1753568667389593E+00 a       939     1     3     2     1
  6.5463733358563103E-01 a       940     1     3     2     2
 -1.1900285248808071E+00 a       941     1     3     2     3
 -2.2526792054323406E+00 a       942     1     3     2     4
  8.9340511552734914E-01 a       943     1     3     2     5
 -6.1381315906311973E-01 a       944     1     3     2     6
 -3.9712195076030837E-01 a       945     1     3     2     7
 -4.5656237902738173E-01 a       946     1     3     2     8
 -5.0166563810906850E-01 a       947     1     3     2     9
 -1.1147179042435151E+00 a       948     1     3     2    10
 -2.9958566431067446E+00 a       949     1     3     2    11
  1.5061497592868751E+00 a       950     1     3     2    12
 -3.3441538138064275E+00 a       951     1     3     2    13
  5.2690961658814406E-01 a       952     1     3     2    14
  2.9897781538105700E-01 a       953     1     4     2     1
 -7.2521366110633409E-02 a       954     1     4     2     2
 -2.4996935192473568E-01 a       955     1     4     2     3
  5.9823267729618324E-01 a       956     1     4     2     4
  4.5484224287650993E-01 a       957     1     4     2     5
  5.0594969490682873E-01 a       958     1     4     2     6
 -2.6070812362426193E-01 a       959     1     4     2     7
 -3.2855544916387674E-01 a       960     1     4     2     8
 -3.1965856796856390E-01 a       961     1     4     2     9
 -9.2613733869206949E-01 a       962     1     4     2    10
  1.2760442698673200E+00 a       963     1     4     2    11
  1.8415334098553354E-01 a       964     1     4     2    12
  4.5014694468169603E-01 a       965     1     4     2    13
 -6.1081406200317545E-01 a       966     1     4     2    14
  3.1291072262962732E-01 a       967     1     5     2     1
  1.5246559796066067E-01 a       968     1     5     2     2
  4.8250744149893651E-02 a       969     1     5     2     3
  6.7171293209442329E-01 a       970     1     5     2     4
 -2.1894622217120979E-01 a       971     1     5     2     5
  3.2990798113010283E-01 a       972     1     5     2     6
  5.6244584548384846E-01 a       973     1     5     2     7
 -6.5674764018833687E-01 a       974     1     5     2     8
 -2.8007990977993796E-01 a       975     1     5     2     9
 -4.9685336053357271E-01 a       976     1     5     2    10
  8.2518158125527641E-01 a       977     1     5     2    11
 -8.3634220019133099E-01 a       978     1     5     2    12
 -4.7311269473264617E-01 a       979     1     5     2    13
 -2.6477488506954083E-01 a       980     1     5     2    14
 -7.2323348180533542E-01 a       981     1     6     2     1
  1.0755516567945622E+00 a       982     1     6     2     2
 -8.7555179589156451E-01 a       983     1     6     2     3
  7.3006904774797066E-01 a       984     1     6     2     4
 -4.6670396879540804E-01 a       985     1     6     2     5
  1.8041837798158540E+00 a       986     1     6     2     6
 -9.0682904696726352E-01 a       987     1     6     2     7
 -2.7057644877493168E+00 a       988     1     6     2     8
  2.0190077777117471E-01 a       989     1     6     2     9
  5.9369023563810486E-01 a       990     1     6     2    10
  1.0049695049510590E+00 a       991     1     6     2    11
 -1.4614452537473488E+00 a       992     1     6     2    12
  9.4116619098249121E-01 a       993     1     6     2    13
  3.1617129340852046E-01 a       994     1     6     2    14
 -5.3063109794768715E-01 a       995     1     7     2     1
  4.4604153411525495E-02 a       996     1     7     2     2
 -1.4366442533051504E-01 a       997     1     7     2     3
 -9.5570232074851225E-01 a       998     1     7     2     4
 -2.9248506653355416E-01 a       999     1     7     2     5
 -1.0339267819856184E+00 a      1000     1     7     2     6
  2.0257859458068656E-01 a      1001     1     7     2     7
 -2.3282235132811652E-01 a      1002     1     7     2     8
  2.4946552448982712E-01 a      1003     1     7     2     9
  1.7866041497566107E+00 a      1004     1     7     2    10
 -3.0753124586580088E-01 a      1005     1     7     2    11
 -9.8691934502133005E-01 a      1006     1     7     2    12
 -2.1143356845589359E-01 a      1007     1     7     2    13
  7.3984091695608178E-01 a      1008     1     7     2    14
 -8.3220198968433023E-01 a      1009     1     8     2     1
 -3.6390415543684280E-02 a      1010     1     8     2     2
 -4.7779750068810728E-01 a      1011     1     8     2     3
 -1.3295473269780067E-01 a      1012     1     8     2     4
  9.6990246577467396E-02 a      1013     1     8     2     5
 -3.9732480132686314E-02 a      1014     1     8     2     6
 -6.8549781122705478E-01 a      1015     1     8     2     7
  6.2356061182478284E-01 a      1016     1     8     2     8
  1.8358090088939297E-01 a      1017     1     8     2     9
  4.1705762649197492E-01 a      1018     1     8     2    10
  4.5365367396168638E-01 a      1019     1     8     2    11
  3.6798768650627300E-01 a      1020     1     8     2    12
  4.3620362147555353E-01 a      1021     1     8     2    13
 -5.7681685298459262E-01 a      1022     1     8     2    14
 -2.1034770905998371E-01 a      1023     1     9     2     1
 -2.3766082302836936E-01 a      1024     1     9     2     2
 -1.3110195771554397E-02 a      1025     1     9     2     3
  3.6009106955209114E-01 a      1026     1     9     2     4
 -1.8286817805783684E-01 a      1027     1     9     2     5
  6.5318632115633346E-01 a      1028     1     9     2     6
  2.0508022833335482E-01 a      1029     1     9     2     7
 -6.5190327438951745E-01 a      1030     1     9     2     8
 -1.3227555272625280E-01 a      1031     1     9     2     9
  1.3999415652910299E+00 a      1032     1     9     2    10
  2.9335806746024512E-01 a      1033     1     9     2    11
 -1.4073207055691390E+00 a      1034     1     9     2    12
  5.7293003994963709E-01 a      1035     1     9     2    13
  7.9175396505061724E-02 a      1036     1     9     2    14
 -5.4929849856590840E-01 a      1037     1    10     2     1
  1.5448451826573814E-01 a      1038     1    10     2     2
 -4.3923106882262350E-02 a      1039     1    10     2     3
  6.0218095554585238E-02 a      1040     1    10     2     4
 -7.3268468583595991E-01 a      1041     1    10     2     5
  3.9084554484701456E-01 a      1042     1    10     2     6
 -3.3547637559671001E-01 a      1043     1    10     2     7
 -4.7858076345398282E-01 a      1044     1    10     2     8
 -3.4759540305944786E-01 a      1045     1    10     2     9
  1.5245616068899259E+00 a      1046     1    10     2    10
 -1.3294393085241520E+00 a      1047     1    10     2    11
  1.3707908903036548E-02 a      1048     1    10     2    12
 -1.1229295011940861E+00 a      1049     1    10     2    13
 -6.0600239415774215E-01 a      1050     1    10     2    14
 -1.2348154126295399E+00 a      1051     1    11     2     1
 -2.8463517074004741E-01 a      1052     1    11     2     2
  5.2499931999717964E-01 a      1053     1    11     2     3
  9.2506393904946549E-01 a      1054     1    11     2     4
 -8.4310561295318809E-01 a      1055     1    11     2     5
  2.1625568474598783E-01 a      1056     1    11     2     6
 -5.6505966740496782E-01 a      1057     1    11     2     7
 -3.5084308273166581E-01 a      1058     1    11     2     8
  1.0582856655385204E+00 a      1059     1    11     2     9
 -5.6596043023928944E-01 a      1060     1    11     2    10
  1.2944350596475018E+00 a      1061     1    11     2    11
 -3.4226718459306649E-01 a      1062     1    11     2    12
 -6.5012419601429017E-01 a      1063     1    11     2    13
  1.5128479370172065E-01 a      1064     1    11     2    14
  7.7356002985157024E-01 a      1065     1    12     2     1
  2.4900212110147299E-01 a      1066     1    12     2     2
  3.1341074086507337E-01 a      1067     1    12     2     3
 -3.8015365532083630E-02 a      1068     1    12     2     4
  5.3778822086981093E-01 a      1069     1    12     2     5
 -1.4203398745472923E-01 a      1070     1    12     2     6
  3.0835913142502808E-01 a      1071     1    12     2     7
  1.1503556610435373E+00 a      1072     1    12     2     8
  1.4298909663083423E-01 a      1073     1    12     2     9
 -2.6413449762204355E-01 a      1074     1    12     2    10
  6.2067987774804156E-01 a      1075     1    12     2    11
  2.5100220667360645E-01 a      1076     1    12     2    12
  5.8203501938979918E-01 a      1077     1    12     2    13
 -4.0258051145610679E-01 a      1078     1    12     2    14
  5.9418823614141703E-01 a      1079     1    13     2     1
  1.4440670781633635E-01 a      1080     1    13     2     2
 -9.3486146087141075E-01 a      1081     1    13     2     3
  1.0764457103689763E-02 a      1082     1    13     2     4
  5.9278482718977710E-01 a      1083     1    13     2     5
  4.1705232754064059E-01 a      1084     1    13     2     6
 -5.0388893719850625E-01 a      1085     1    13     2     7
 -1.2684523522690434E+00 a      1086     1    13     2     8
 -5.2213761619263721E-01 a      1087     1    13     2     9
 -7.6056459618753502E-01 a      1088     1    13     2    10
 -1.8406900047048161E-01 a      1089     1    13     2    11
 -5.5603594925762834E-01 a      1090     1    13     2    12
  5.2395061421191413E-01 a      1091     1    13     2    13
 -1.6802548800738909E-01 a      1092     1    13     2    14
 -4.9562112186336416E-01 a      1093     1    14     2     1
 -4.6340878632191612E-01 a      1094     1    14     2     2
 -4.8268630154789244E-01 a      1095     1    14     2     3
  5.5632611611414107E-01 a      1096     1    14     2     4
 -1.2206329725980273E-02 a      1097     1    14     2     5
  1.7999000223310066E-01 a      1098     1    14     2     6
  2.1670443674409051E-01 a      1099     1    14     2     7
 -3.4141961394572012E-01 a      1100     1    14     2     8
  3.3626025950198646E-02 a      1101     1    14     2     9
  5.0082390308926017E-01 a      1102     1    14     2    10
  1.4667931490287762E+00 a      1103     1    14     2    11
 -5.5342726809009535E-01 a      1104     1    14     2    12
  1.6043080387486530E+00 a      1105     1    14     2    13
  5.4109557431959110E-01 a      1106     1    14     2    14
  9.4869913877569090E-01 b      1107     2     1
 -4.0992124924209439E-01 b      1108     2     2
  1.1772198593064760E+00 b      1109     2     3
  1.0640915980604444E+00 b      1110     2     4
 -1.1132093652166999E-01 b      1111     2     5
 -1.0961265678648850E+00 b      1112     2     6
  3.4459641541026664E-01 b      1113     2     7
  3.0275498243759120E+00 b      1114     2     8
  1.1650370722958263E+00 b      1115     2     9
 -2.3483945139983868E+00 b      1116     2    10
  3.0214804607975774E+00 b      1117     2    11
  1.5369764670336830E+00 b      1118     2    12
  2.1957708395040427E+00 b      1119     2    13
 -1.1377841249913505E+00 b      1120     2    14
  2.8103998082104364E-01 a      1121     2     1     3     1
 -1.7277488762984175E-01 a      1122     2     2     3     1
  7.1967271528069110E-01 a      1123     2     3     3     1
 -6.0997457402989064E-01 a      1124     2     4     3     1
 -7.1120181535334581E-01 a      1125     2     5     3     1
  3.8123697083015956E-01 a      1126     2     6     3     1
 -5.0537648271628799E-01 a      1127     2     7     3     1
 -1.9982423055259038E-01 a      1128     2     8     3     1
 -1.5469089311121517E-01 a      1129     2     9     3     1
 -7.9431201247326236E-02 a      1130     2    10     3     1
  2.0255913956061516E-01 a      1131     2    11     3     1
  2.0306639645642133E-01 a      1132     2    12     3     1
 -4.5503550768782965E-02 a      1133     2    13     3     1
 -5.6955339305086150E-01 a      1134     2    14     3     1
  1.9493863344170118E-01 b      1135     3     1
