################################################################################
# Neural network connection values (weights and biases).
################################################################################
# Col  Name       Description
################################################################################
# 1    connection Neural network connection value.
# 2    t          Connection type (a = weight, b = bias).
# 3    index      Index enumerating weights.
# 4    l_s        Starting point layer (end point layer for biases).
# 5    n_s        Starting point neuron in starting layer (end point neuron for biases).
# 6    l_e        End point layer.
# 7    n_e        End point neuron in end layer.
################################################################################
#                      1 2         3     4     5     6     7
#             connection t     index   l_s   n_s   l_e   n_e
############################################################
  6.9303871272474782E-01 a         1     0     1     1     1
  4.3269314756063992E-02 a         2     0     1     1     2
  1.3114008534073418E+00 a         3     0     1     1     3
 -8.5374572176369079E-01 a         4     0     1     1     4
 -9.9950333965501337E-01 a         5     0     1     1     5
 -7.5704658562092197E-01 a         6     0     1     1     6
  4.4205951869534915E-01 a         7     0     1     1     7
 -8.6042430429726813E-02 a         8     0     1     1     8
 -1.6174389553858770E+00 a         9     0     1     1     9
  2.0911434824141195E-01 a        10     0     1     1    10
 -4.7475709864361704E-01 a        11     0     1     1    11
  5.4881863116812424E-01 a        12     0     1     1    12
 -6.7875332177259246E-02 a        13     0     1     1    13
  2.2373114687055692E-01 a        14     0     1     1    14
  1.0126525839130740E+00 a        15     0     1     1    15
  1.6061737941304874E+00 a        16     0     1     1    16
  3.7832463038239506E-01 a        17     0     1     1    17
 -2.3269141408984878E-01 a        18     0     1     1    18
 -1.5855342661599374E+00 a        19     0     2     1     1
 -1.4093882652949441E+00 a        20     0     2     1     2
  1.1971508035866905E+00 a        21     0     2     1     3
 -2.7226307560822016E-01 a        22     0     2     1     4
 -1.1443962809147687E+00 a        23     0     2     1     5
  1.2744081423145173E+00 a        24     0     2     1     6
 -5.6102744018359219E-01 a        25     0     2     1     7
  1.0628217283795967E+00 a        26     0     2     1     8
 -1.7912358517312427E-01 a        27     0     2     1     9
  9.9225597444742886E-01 a        28     0     2     1    10
 -3.5806419970869607E-01 a        29     0     2     1    11
  5.7801486297902527E-01 a        30     0     2     1    12
 -2.5326172080982412E-01 a        31     0     2     1    13
  2.1098203524738279E-01 a        32     0     2     1    14
  9.4250104011526947E-01 a        33     0     2     1    15
  2.5020348425060712E-01 a        34     0     2     1    16
  2.1142776498618376E+00 a        35     0     2     1    17
  5.0707971264772100E-01 a        36     0     2     1    18
  3.0212662266574475E-01 a        37     0     3     1     1
 -2.5430413142167625E+00 a        38     0     3     1     2
  8.3059581044489939E-01 a        39     0     3     1     3
  6.5790651430204716E-01 a        40     0     3     1     4
 -2.8835163388950003E-01 a        41     0     3     1     5
  2.2783700368516504E+00 a        42     0     3     1     6
 -2.0746091096379180E+00 a        43     0     3     1     7
  1.2049107432708739E+00 a        44     0     3     1     8
 -1.4347790615172356E+00 a        45     0     3     1     9
  2.0629474590204430E-01 a        46     0     3     1    10
  6.2859988967460390E-01 a        47     0     3     1    11
  1.6490528579798109E+00 a        48     0     3     1    12
 -9.6983999269312296E-03 a        49     0     3     1    13
  1.4854885712529995E+00 a        50     0     3     1    14
 -2.1663232159734238E+00 a        51     0     3     1    15
  6.5458382706086959E-01 a        52     0     3     1    16
  2.6176054430266638E-01 a        53     0     3     1    17
 -1.7758782519058609E+00 a        54     0     3     1    18
 -1.3676324983337551E+00 a        55     0     4     1     1
  2.3940255296441887E-01 a        56     0     4     1     2
 -9.8558746393897934E-01 a        57     0     4     1     3
 -7.5086172315375577E-01 a        58     0     4     1     4
 -1.5337437586685567E+00 a        59     0     4     1     5
  1.1255970878427963E+00 a        60     0     4     1     6
  1.4149556134014065E+00 a        61     0     4     1     7
 -3.8739769316083150E-01 a        62     0     4     1     8
 -4.0353854317032850E-01 a        63     0     4     1     9
 -1.8415546841011230E+00 a        64     0     4     1    10
  1.7872079188876369E+00 a        65     0     4     1    11
 -6.8654938654461595E-01 a        66     0     4     1    12
 -2.0801999109419106E-01 a        67     0     4     1    13
  1.7536710855253461E+00 a        68     0     4     1    14
  1.7245576272448954E-02 a        69     0     4     1    15
  3.2364767017464184E+00 a        70     0     4     1    16
  9.8882921604397478E-01 a        71     0     4     1    17
  1.8180743607493948E+00 a        72     0     4     1    18
  8.4054009412160835E-01 a        73     0     5     1     1
  1.3846939621162688E+00 a        74     0     5     1     2
 -3.1507422052460698E-01 a        75     0     5     1     3
 -2.3932819088451160E+00 a        76     0     5     1     4
 -1.6667946969575211E+00 a        77     0     5     1     5
  5.2654596953944277E-01 a        78     0     5     1     6
  1.8020834666779392E-01 a        79     0     5     1     7
 -2.0721856828146046E+00 a        80     0     5     1     8
  1.2199172797377142E+00 a        81     0     5     1     9
 -1.4160231908546950E+00 a        82     0     5     1    10
  4.2297609266625908E+00 a        83     0     5     1    11
  6.9123457624878126E-01 a        84     0     5     1    12
  1.7359394000377035E+00 a        85     0     5     1    13
 -6.7187381445919303E-01 a        86     0     5     1    14
  8.3128534177108560E-01 a        87     0     5     1    15
  2.9137758541392922E-01 a        88     0     5     1    16
  1.3490746238884381E+00 a        89     0     5     1    17
  3.1344079984126805E-01 a        90     0     5     1    18
 -1.5427996179468031E+00 a        91     0     6     1     1
  1.1235302133373444E+00 a        92     0     6     1     2
 -6.2540369691394038E-01 a        93     0     6     1     3
 -7.0365594351003113E-01 a        94     0     6     1     4
  1.6739064737003800E-01 a        95     0     6     1     5
  2.3729358417128329E-01 a        96     0     6     1     6
 -1.2434289500574640E+00 a        97     0     6     1     7
  1.3702270306580747E-01 a        98     0     6     1     8
  1.8494811411534118E+00 a        99     0     6     1     9
  1.0819550494161354E+00 a       100     0     6     1    10
 -6.7689087519870117E-01 a       101     0     6     1    11
 -1.4939898961876967E+00 a       102     0     6     1    12
  1.9197960265005722E+00 a       103     0     6     1    13
 -2.5169302337908435E+00 a       104     0     6     1    14
 -1.4147910416145364E+00 a       105     0     6     1    15
 -4.4372394758860761E-01 a       106     0     6     1    16
  1.4356780656489869E+00 a       107     0     6     1    17
  1.0430460192870816E+00 a       108     0     6     1    18
  2.7567342434871351E+00 a       109     0     7     1     1
  6.0795178867330957E-01 a       110     0     7     1     2
 -5.1578013132118927E-01 a       111     0     7     1     3
  1.3191908311571501E-01 a       112     0     7     1     4
  1.9199939870845648E+00 a       113     0     7     1     5
  1.2553606306262732E-01 a       114     0     7     1     6
 -1.9961996535749138E-01 a       115     0     7     1     7
  5.3450569992193087E-01 a       116     0     7     1     8
  1.4605659944481240E+00 a       117     0     7     1     9
  4.0152680798980217E-01 a       118     0     7     1    10
 -1.7233737373958762E+00 a       119     0     7     1    11
 -3.6553329181604775E-02 a       120     0     7     1    12
  1.9816753053407181E-02 a       121     0     7     1    13
 -2.7805984345171930E-01 a       122     0     7     1    14
 -4.7837565977009616E-01 a       123     0     7     1    15
 -3.1832148947253563E-01 a       124     0     7     1    16
 -8.9821031097698767E-01 a       125     0     7     1    17
 -1.7052039399711716E+00 a       126     0     7     1    18
 -7.2001313493114649E-01 a       127     0     8     1     1
 -4.9172185622579023E-01 a       128     0     8     1     2
  1.6089245650333954E+00 a       129     0     8     1     3
  7.0370246620672561E-01 a       130     0     8     1     4
 -4.7667630731142302E-01 a       131     0     8     1     5
 -1.9901720800136393E+00 a       132     0     8     1     6
  5.4453670538303345E-01 a       133     0     8     1     7
  8.2070969202725885E-01 a       134     0     8     1     8
 -1.7752610772668870E-01 a       135     0     8     1     9
  1.4954897343048212E+00 a       136     0     8     1    10
 -2.8414866451960421E+00 a       137     0     8     1    11
 -1.4646197017870786E+00 a       138     0     8     1    12
 -1.7258851463418423E+00 a       139     0     8     1    13
 -1.0865871254194408E+00 a       140     0     8     1    14
  8.5634170763114781E-01 a       141     0     8     1    15
  1.7546810306617735E+00 a       142     0     8     1    16
  5.8192220904409753E-01 a       143     0     8     1    17
  8.5448001256037442E-01 a       144     0     8     1    18
  2.3686267211658835E-01 a       145     0     9     1     1
 -9.8363580170338272E-01 a       146     0     9     1     2
  7.5649888298990475E-01 a       147     0     9     1     3
  7.1183496519355738E-01 a       148     0     9     1     4
  3.2552166418738523E-02 a       149     0     9     1     5
  7.9817611774978126E-01 a       150     0     9     1     6
  6.0197562932049045E-02 a       151     0     9     1     7
  2.6007675531989588E-01 a       152     0     9     1     8
 -8.3202721349223352E-01 a       153     0     9     1     9
 -1.2231735898289760E-01 a       154     0     9     1    10
  1.1422620218639254E-01 a       155     0     9     1    11
  5.2313765086252173E-01 a       156     0     9     1    12
 -1.0274894518514688E+00 a       157     0     9     1    13
  1.7536819333685700E+00 a       158     0     9     1    14
  1.1354538902585163E+00 a       159     0     9     1    15
  8.3514034871741816E-01 a       160     0     9     1    16
 -2.7253233227482426E-01 a       161     0     9     1    17
 -3.0775720382651783E-01 a       162     0     9     1    18
 -1.8233952084097729E-01 a       163     0    10     1     1
  4.8168247784346485E-01 a       164     0    10     1     2
 -9.7589928922418778E-01 a       165     0    10     1     3
  7.2248326974895638E-02 a       166     0    10     1     4
  2.0449678646268894E+00 a       167     0    10     1     5
  8.9777535567302158E-01 a       168     0    10     1     6
  4.4390812669136553E-01 a       169     0    10     1     7
  6.5077604113209314E-02 a       170     0    10     1     8
  1.7431709471125570E-01 a       171     0    10     1     9
  6.8556683210312030E-01 a       172     0    10     1    10
  2.7103511011539365E+00 a       173     0    10     1    11
 -6.8762209138833325E-02 a       174     0    10     1    12
 -1.2585747558986284E+00 a       175     0    10     1    13
  2.0718294359614267E+00 a       176     0    10     1    14
 -9.5609302364604043E-01 a       177     0    10     1    15
 -8.7605475294430102E-01 a       178     0    10     1    16
  5.1567208509709817E-01 a       179     0    10     1    17
 -1.8350958624597227E+00 a       180     0    10     1    18
  1.3833624731049241E+00 a       181     0    11     1     1
  9.9108639838512202E-01 a       182     0    11     1     2
 -1.8683109596045877E+00 a       183     0    11     1     3
  1.4280601251229637E+00 a       184     0    11     1     4
  2.6260540890316828E+00 a       185     0    11     1     5
 -1.0035807611136600E+00 a       186     0    11     1     6
  5.4446202249543030E-01 a       187     0    11     1     7
 -3.0383126818885406E+00 a       188     0    11     1     8
  4.4451731741711697E-01 a       189     0    11     1     9
 -3.4135614999062636E-01 a       190     0    11     1    10
  4.5925967229719311E-01 a       191     0    11     1    11
  8.5841929736867961E-01 a       192     0    11     1    12
  1.2381966860772233E+00 a       193     0    11     1    13
 -3.2098810588545712E+00 a       194     0    11     1    14
 -2.6449257713926433E+00 a       195     0    11     1    15
 -9.9772473845375131E-01 a       196     0    11     1    16
  3.3887033562047425E-01 a       197     0    11     1    17
 -2.3903049456351289E+00 a       198     0    11     1    18
 -2.5724936949648463E+00 a       199     0    12     1     1
 -7.2708989606623398E-01 a       200     0    12     1     2
 -4.4067548122873085E-02 a       201     0    12     1     3
  7.2959799236138678E-01 a       202     0    12     1     4
  1.1096558019452556E-01 a       203     0    12     1     5
 -6.8490604480757222E-01 a       204     0    12     1     6
 -3.2559612542973948E-01 a       205     0    12     1     7
 -1.0230345474901247E-02 a       206     0    12     1     8
 -1.9188267226689308E+00 a       207     0    12     1     9
  1.7919230184992030E+00 a       208     0    12     1    10
 -1.6899795728459033E+00 a       209     0    12     1    11
 -1.3996408462161847E+00 a       210     0    12     1    12
 -1.8817554199086770E+00 a       211     0    12     1    13
 -1.4926762296555693E+00 a       212     0    12     1    14
 -2.1628833280894072E-01 a       213     0    12     1    15
  1.1793840247474963E+00 a       214     0    12     1    16
 -6.5838901146630435E-01 a       215     0    12     1    17
  1.2424072740221153E+00 a       216     0    12     1    18
 -3.5681002733348960E-01 a       217     0    13     1     1
 -9.7134271125795679E-01 a       218     0    13     1     2
  8.9894549053537898E-01 a       219     0    13     1     3
  1.7820043000287782E+00 a       220     0    13     1     4
 -9.4450633309996401E-01 a       221     0    13     1     5
  1.3229826367470929E+00 a       222     0    13     1     6
 -4.2201248654260276E-01 a       223     0    13     1     7
  2.4356130654914336E+00 a       224     0    13     1     8
 -1.1021043915588151E+00 a       225     0    13     1     9
  7.6070835569718787E-01 a       226     0    13     1    10
 -1.2077314834815231E+00 a       227     0    13     1    11
 -9.7006843241050378E-01 a       228     0    13     1    12
 -6.6740853980637349E-01 a       229     0    13     1    13
  2.3578041525465219E+00 a       230     0    13     1    14
  5.2546055963345462E-01 a       231     0    13     1    15
 -1.0621062250264466E+00 a       232     0    13     1    16
 -7.3450585576741645E-01 a       233     0    13     1    17
  7.4800874473051926E-01 a       234     0    13     1    18
 -3.6266182869454433E-01 a       235     0    14     1     1
 -7.7399144805443199E-01 a       236     0    14     1     2
  6.4806213036392835E-02 a       237     0    14     1     3
  2.0159540034418177E+00 a       238     0    14     1     4
  1.5984956147002345E+00 a       239     0    14     1     5
  7.1112229083714418E-01 a       240     0    14     1     6
 -1.2141947458803359E+00 a       241     0    14     1     7
  5.5582224577413775E-01 a       242     0    14     1     8
 -1.0049485952544002E+00 a       243     0    14     1     9
 -4.9105501467462476E-01 a       244     0    14     1    10
 -1.1753503634851206E+00 a       245     0    14     1    11
  1.0364559470352927E-01 a       246     0    14     1    12
  1.5581821717996092E+00 a       247     0    14     1    13
  2.0749485691606853E-01 a       248     0    14     1    14
  5.7725856108918261E-01 a       249     0    14     1    15
 -7.6604772538810117E-01 a       250     0    14     1    16
 -8.2464710269111519E-01 a       251     0    14     1    17
 -4.2057355849319605E-01 a       252     0    14     1    18
 -1.5367763170719866E+00 a       253     0    15     1     1
  1.7512047753385700E+00 a       254     0    15     1     2
  8.3172287177556536E-01 a       255     0    15     1     3
 -2.8230918003472205E-01 a       256     0    15     1     4
 -9.2521721904764131E-01 a       257     0    15     1     5
 -1.3129450189213892E+00 a       258     0    15     1     6
 -5.0324489290817254E-01 a       259     0    15     1     7
 -2.0433069072067820E+00 a       260     0    15     1     8
 -1.0422296727439431E+00 a       261     0    15     1     9
 -4.0393229992877289E-01 a       262     0    15     1    10
  6.1960347440951280E-01 a       263     0    15     1    11
  2.0173297024060157E+00 a       264     0    15     1    12
  7.7599289693812634E-02 a       265     0    15     1    13
 -3.2474554517032606E+00 a       266     0    15     1    14
 -9.7094349350351861E-01 a       267     0    15     1    15
 -1.0514397670912941E+00 a       268     0    15     1    16
  1.2340682086535619E+00 a       269     0    15     1    17
 -1.9166117263911224E+00 a       270     0    15     1    18
 -1.2883925218278007E+00 a       271     0    16     1     1
  2.2204549865450391E+00 a       272     0    16     1     2
  1.4281505318337204E+00 a       273     0    16     1     3
 -3.5690306724029588E+00 a       274     0    16     1     4
 -1.8611755067822551E+00 a       275     0    16     1     5
  7.7691807025752357E-01 a       276     0    16     1     6
  2.4340935130704655E+00 a       277     0    16     1     7
  2.1879090322252357E+00 a       278     0    16     1     8
  2.4205934760454264E+00 a       279     0    16     1     9
 -1.5687951969173530E+00 a       280     0    16     1    10
  5.2449196458075842E-01 a       281     0    16     1    11
  1.5483657671933382E+00 a       282     0    16     1    12
 -4.0139090596597802E+00 a       283     0    16     1    13
  1.9518439412504300E+00 a       284     0    16     1    14
 -5.7392262487121837E-01 a       285     0    16     1    15
  2.0674999302095736E+00 a       286     0    16     1    16
  1.9948717582630251E+00 a       287     0    16     1    17
  4.2304196765778981E+00 a       288     0    16     1    18
 -7.8305289825442870E-01 a       289     0    17     1     1
  1.6129554895247775E+00 a       290     0    17     1     2
  1.1447289791282181E-01 a       291     0    17     1     3
 -5.4542138851771826E-01 a       292     0    17     1     4
  3.7849102445466937E-01 a       293     0    17     1     5
 -2.1534734820079722E+00 a       294     0    17     1     6
  6.1965400738209941E-01 a       295     0    17     1     7
 -1.7783164804495413E+00 a       296     0    17     1     8
  1.6831845750851306E+00 a       297     0    17     1     9
  6.1753888931653167E-01 a       298     0    17     1    10
  7.6392539058378406E-01 a       299     0    17     1    11
 -6.3684561504798487E-01 a       300     0    17     1    12
  4.3135835490134548E-02 a       301     0    17     1    13
 -6.6858936811125758E-01 a       302     0    17     1    14
 -6.0091212526905113E-01 a       303     0    17     1    15
 -6.3009395154419767E-01 a       304     0    17     1    16
 -2.4401574130380821E-01 a       305     0    17     1    17
 -4.0676930048992854E-01 a       306     0    17     1    18
 -3.7211140812820770E-01 a       307     0    18     1     1
  5.4272122128183686E-01 a       308     0    18     1     2
  1.5806768839995267E-01 a       309     0    18     1     3
  2.4845331143737495E-01 a       310     0    18     1     4
 -3.0753083960570338E-01 a       311     0    18     1     5
  1.4888535652769992E+00 a       312     0    18     1     6
  1.0124768020556860E+00 a       313     0    18     1     7
  8.7325721298170289E-02 a       314     0    18     1     8
  5.0819760488365473E-01 a       315     0    18     1     9
 -1.0953271545459329E+00 a       316     0    18     1    10
  8.9395823119488915E-01 a       317     0    18     1    11
  1.1822857752372748E+00 a       318     0    18     1    12
  4.9839771288848100E-01 a       319     0    18     1    13
  3.0533563818034475E+00 a       320     0    18     1    14
 -1.6600863243110038E+00 a       321     0    18     1    15
  1.0496427259270409E+00 a       322     0    18     1    16
 -4.1125779502533677E-01 a       323     0    18     1    17
  8.3639912931391802E-01 a       324     0    18     1    18
 -1.9174624549004571E+00 a       325     0    19     1     1
  2.6618375673752768E+00 a       326     0    19     1     2
  1.0006805207177001E+00 a       327     0    19     1     3
 -3.1211545677287261E-01 a       328     0    19     1     4
  2.7836656454827619E-01 a       329     0    19     1     5
 -1.7682202458328282E+00 a       330     0    19     1     6
 -1.2518288965648119E-01 a       331     0    19     1     7
  6.3272917637931680E-01 a       332     0    19     1     8
  2.4368185299219672E-01 a       333     0    19     1     9
 -2.1876703033305995E+00 a       334     0    19     1    10
 -1.5870039578541886E-01 a       335     0    19     1    11
  4.9857320720447018E-01 a       336     0    19     1    12
  2.9914487317549110E-01 a       337     0    19     1    13
  2.7032302055110646E-01 a       338     0    19     1    14
 -1.4821144114783693E+00 a       339     0    19     1    15
  1.3598392218499860E+00 a       340     0    19     1    16
  1.7278925074604830E+00 a       341     0    19     1    17
  1.6217072229398679E+00 a       342     0    19     1    18
 -5.4970595916666198E-01 a       343     0    20     1     1
 -3.2259365137141560E-01 a       344     0    20     1     2
 -3.3906305366924971E-01 a       345     0    20     1     3
 -1.3173203598895408E-01 a       346     0    20     1     4
 -2.7983730810868807E-01 a       347     0    20     1     5
  2.4936785534750439E-01 a       348     0    20     1     6
 -9.5733948626061982E-01 a       349     0    20     1     7
  5.3627393403895274E-01 a       350     0    20     1     8
 -7.9421334534591703E-01 a       351     0    20     1     9
 -6.8532546771673042E-01 a       352     0    20     1    10
  1.1450384404817626E+00 a       353     0    20     1    11
  5.4289241508574160E-01 a       354     0    20     1    12
 -3.6958418017062256E-01 a       355     0    20     1    13
  7.3313308897306950E-01 a       356     0    20     1    14
 -9.2668325938990248E-01 a       357     0    20     1    15
  9.1810131938429096E-01 a       358     0    20     1    16
 -3.8178620602486535E-01 a       359     0    20     1    17
 -1.2233708156735885E+00 a       360     0    20     1    18
  1.5700923056856819E+00 a       361     0    21     1     1
 -2.5430299807388983E+00 a       362     0    21     1     2
  5.8222730819621948E-01 a       363     0    21     1     3
  1.2832868262016737E+00 a       364     0    21     1     4
  2.1604358469111125E+00 a       365     0    21     1     5
 -6.7800652211686019E-01 a       366     0    21     1     6
 -7.4070785912260750E-01 a       367     0    21     1     7
  8.4224845116084301E-02 a       368     0    21     1     8
  4.0761574089733543E-01 a       369     0    21     1     9
  9.1807473945747042E-01 a       370     0    21     1    10
 -6.7502494851750916E-01 a       371     0    21     1    11
 -1.4875366951152109E+00 a       372     0    21     1    12
  2.7635269056634928E+00 a       373     0    21     1    13
  2.7430827338691656E-02 a       374     0    21     1    14
 -5.4128828421585444E-02 a       375     0    21     1    15
  7.0503580314174896E-01 a       376     0    21     1    16
 -1.7881906849998503E+00 a       377     0    21     1    17
 -8.6974421929339196E-01 a       378     0    21     1    18
 -1.3579901181184553E+00 a       379     0    22     1     1
 -9.6367618546377831E-01 a       380     0    22     1     2
  4.9637781891201917E-02 a       381     0    22     1     3
  1.8473022836612174E+00 a       382     0    22     1     4
  4.9858684875411680E-01 a       383     0    22     1     5
  7.2656389879070604E-01 a       384     0    22     1     6
 -5.2829069545304252E-01 a       385     0    22     1     7
  3.1324964225122887E-01 a       386     0    22     1     8
 -2.1689866092838524E-02 a       387     0    22     1     9
 -6.1025000648322031E-02 a       388     0    22     1    10
 -6.5126755648523238E-01 a       389     0    22     1    11
 -3.6878775284366017E-01 a       390     0    22     1    12
 -1.6406080672606294E-01 a       391     0    22     1    13
 -1.1790715035582013E+00 a       392     0    22     1    14
  8.9579558568684858E-01 a       393     0    22     1    15
  5.9809552355233087E-01 a       394     0    22     1    16
 -1.1493814914941949E+00 a       395     0    22     1    17
 -3.0778877930704501E-01 a       396     0    22     1    18
 -4.3030801598131019E-01 a       397     0    23     1     1
 -6.0192248666487438E-02 a       398     0    23     1     2
  1.3683460382020918E-01 a       399     0    23     1     3
  4.0021510326023269E-01 a       400     0    23     1     4
 -3.4529617640706434E-01 a       401     0    23     1     5
  1.5122957285542606E+00 a       402     0    23     1     6
  3.3081194158117638E-02 a       403     0    23     1     7
 -2.5949339267114185E-01 a       404     0    23     1     8
 -1.4321599868287893E+00 a       405     0    23     1     9
  1.7084224987354765E-01 a       406     0    23     1    10
  1.7225253256353625E+00 a       407     0    23     1    11
 -1.7928826882108270E-01 a       408     0    23     1    12
  2.6000081680118170E-01 a       409     0    23     1    13
 -6.1098182666004675E-01 a       410     0    23     1    14
  2.1764499336816918E+00 a       411     0    23     1    15
 -4.4057039281296873E-01 a       412     0    23     1    16
  1.7321147664203351E+00 a       413     0    23     1    17
  2.2202310611222520E-02 a       414     0    23     1    18
 -1.0223594516389944E+00 a       415     0    24     1     1
 -1.1802544696231265E+00 a       416     0    24     1     2
  2.0855713218130283E-02 a       417     0    24     1     3
  3.6974048867523540E-01 a       418     0    24     1     4
 -6.8934659088908334E-01 a       419     0    24     1     5
  1.5333736287679041E+00 a       420     0    24     1     6
 -1.0662829567415701E+00 a       421     0    24     1     7
  1.9656003843945582E+00 a       422     0    24     1     8
 -1.1617537279210235E+00 a       423     0    24     1     9
 -1.9941650054390991E-01 a       424     0    24     1    10
  1.1657461498896331E+00 a       425     0    24     1    11
 -2.9944482209149365E-01 a       426     0    24     1    12
  6.2890884457977103E-01 a       427     0    24     1    13
  3.9026406856637658E-01 a       428     0    24     1    14
  2.4176207473660224E-01 a       429     0    24     1    15
  1.1334606919925170E+00 a       430     0    24     1    16
 -1.0479686603584601E+00 a       431     0    24     1    17
  5.3448812274279867E-01 a       432     0    24     1    18
  2.9258873223904985E-01 a       433     0    25     1     1
 -1.8879489773962930E+00 a       434     0    25     1     2
  5.2679084516751928E-01 a       435     0    25     1     3
  2.5048895933834734E+00 a       436     0    25     1     4
 -9.1434335463541927E-01 a       437     0    25     1     5
  9.3501256734155025E-01 a       438     0    25     1     6
 -1.5452382422857085E+00 a       439     0    25     1     7
  5.2577195079166039E-01 a       440     0    25     1     8
 -2.7023751237943685E+00 a       441     0    25     1     9
  1.1725642583236089E+00 a       442     0    25     1    10
  4.6896105695487932E-02 a       443     0    25     1    11
 -1.7901203565980195E+00 a       444     0    25     1    12
  6.4196589766738243E-01 a       445     0    25     1    13
  5.6495995654092995E-02 a       446     0    25     1    14
  1.9621205333627902E+00 a       447     0    25     1    15
 -4.7750318903640288E-01 a       448     0    25     1    16
 -1.8334852165435955E-02 a       449     0    25     1    17
 -3.6040000102773120E+00 a       450     0    25     1    18
  1.1884228311693377E+00 a       451     0    26     1     1
 -5.8635993578104106E-01 a       452     0    26     1     2
  2.1491686108495381E-01 a       453     0    26     1     3
 -2.2154057339604751E+00 a       454     0    26     1     4
 -9.2664294387943469E-01 a       455     0    26     1     5
 -2.2952545889220128E+00 a       456     0    26     1     6
 -6.0748414406963591E-01 a       457     0    26     1     7
 -2.4316195043546065E+00 a       458     0    26     1     8
  1.0485021559202958E+00 a       459     0    26     1     9
  1.1367065902675844E+00 a       460     0    26     1    10
  4.0025945768975724E-01 a       461     0    26     1    11
  5.2071136409793717E-01 a       462     0    26     1    12
  3.8166548403273143E-01 a       463     0    26     1    13
  7.9908736862649543E-01 a       464     0    26     1    14
 -6.1077755371387277E-01 a       465     0    26     1    15
  1.8149406139296229E+00 a       466     0    26     1    16
  1.9326160251548083E+00 a       467     0    26     1    17
  6.4807026212147303E-02 a       468     0    26     1    18
  1.2461889836588385E+00 a       469     0    27     1     1
 -9.4099432909154868E-01 a       470     0    27     1     2
 -1.3703050694829531E+00 a       471     0    27     1     3
 -7.7352215098316635E-01 a       472     0    27     1     4
  1.8548682169796030E-01 a       473     0    27     1     5
  7.8654869553756779E-01 a       474     0    27     1     6
 -2.2770490563880388E-01 a       475     0    27     1     7
 -1.8162438275226105E+00 a       476     0    27     1     8
  1.4829179648196980E+00 a       477     0    27     1     9
 -4.5730226600493795E-01 a       478     0    27     1    10
 -9.5757700807865598E-01 a       479     0    27     1    11
  2.1982733182657026E+00 a       480     0    27     1    12
  1.1800882894141593E+00 a       481     0    27     1    13
 -5.5818025555417672E-01 a       482     0    27     1    14
  7.7477219365926386E-01 a       483     0    27     1    15
 -7.6649456355067258E-01 a       484     0    27     1    16
  3.0987937997717641E-02 a       485     0    27     1    17
 -3.1808729098048372E-01 a       486     0    27     1    18
 -1.2133174505670152E-01 a       487     0    28     1     1
 -4.5935480712442878E-01 a       488     0    28     1     2
 -1.5407605964974558E+00 a       489     0    28     1     3
 -9.3970221244648766E-01 a       490     0    28     1     4
  9.2846271978029959E-01 a       491     0    28     1     5
  9.0892866569602770E-02 a       492     0    28     1     6
  1.6707487691680478E+00 a       493     0    28     1     7
 -1.8558063266727123E+00 a       494     0    28     1     8
  1.8296341786249857E+00 a       495     0    28     1     9
 -1.2210809212331319E+00 a       496     0    28     1    10
 -1.4930976378580363E+00 a       497     0    28     1    11
  1.2517909536177940E+00 a       498     0    28     1    12
 -4.2349178915947783E-01 a       499     0    28     1    13
 -9.5194176539661601E-01 a       500     0    28     1    14
  9.0838601596199997E-01 a       501     0    28     1    15
 -6.5762966412831969E-01 a       502     0    28     1    16
 -2.2187241345657627E-01 a       503     0    28     1    17
  4.3407841108172758E-03 a       504     0    28     1    18
 -1.2140560726548663E-02 a       505     0    29     1     1
 -5.8791065104545903E-01 a       506     0    29     1     2
  1.7220564567243755E+00 a       507     0    29     1     3
  1.5168878756678932E+00 a       508     0    29     1     4
  2.4882179840256691E-01 a       509     0    29     1     5
  1.3892874793253791E+00 a       510     0    29     1     6
  7.4482363079078995E-01 a       511     0    29     1     7
  2.6214202453408801E+00 a       512     0    29     1     8
 -1.9844505960417422E+00 a       513     0    29     1     9
 -4.0168886405900611E-01 a       514     0    29     1    10
 -2.2653001529111311E-01 a       515     0    29     1    11
 -4.3532998794194616E-01 a       516     0    29     1    12
 -1.5705602540234125E+00 a       517     0    29     1    13
  9.8727244974265804E-01 a       518     0    29     1    14
  5.1027479033486123E-01 a       519     0    29     1    15
  3.0176912967434594E-01 a       520     0    29     1    16
 -4.3303126674730669E-01 a       521     0    29     1    17
 -3.9496787136555425E-02 a       522     0    29     1    18
 -1.3272830447208672E-01 a       523     0    30     1     1
  1.1153537580764026E+00 a       524     0    30     1     2
  3.9941416264484567E-02 a       525     0    30     1     3
 -1.5391688150473284E+00 a       526     0    30     1     4
 -6.6036917135811213E-01 a       527     0    30     1     5
 -1.3839776238689137E+00 a       528     0    30     1     6
 -2.0127322087402457E+00 a       529     0    30     1     7
  1.0471224656633566E+00 a       530     0    30     1     8
 -4.1963317590048349E-01 a       531     0    30     1     9
 -1.7335703500833738E-01 a       532     0    30     1    10
 -2.0861591705035118E-01 a       533     0    30     1    11
 -1.3225575688593625E+00 a       534     0    30     1    12
 -3.6940032763912725E+00 a       535     0    30     1    13
 -2.1647527619122084E+00 a       536     0    30     1    14
  1.3274794458657593E+00 a       537     0    30     1    15
  2.3877960603029251E+00 a       538     0    30     1    16
  1.1119762153335973E+00 a       539     0    30     1    17
 -1.4016449245845072E-01 a       540     0    30     1    18
  3.2981120272137754E+00 a       541     0    31     1     1
 -1.8743617689997238E+00 a       542     0    31     1     2
 -2.8716027793345011E-01 a       543     0    31     1     3
 -6.1409622710609169E-01 a       544     0    31     1     4
 -1.6623130836544771E+00 a       545     0    31     1     5
  1.2237937642786172E+00 a       546     0    31     1     6
 -6.1964455556041231E-01 a       547     0    31     1     7
  7.4335910565116359E-01 a       548     0    31     1     8
  1.6851550073950888E-01 a       549     0    31     1     9
  1.8005446423935683E+00 a       550     0    31     1    10
 -7.4132243133983755E-01 a       551     0    31     1    11
 -6.3696420231623174E-01 a       552     0    31     1    12
 -9.4765622742420130E-01 a       553     0    31     1    13
 -4.5768026369335113E-01 a       554     0    31     1    14
  3.2590608273550808E-01 a       555     0    31     1    15
  3.9366275158452185E-01 a       556     0    31     1    16
 -2.2472911232654558E+00 a       557     0    31     1    17
 -1.9820450133377017E+00 a       558     0    31     1    18
  7.3562720982405794E-01 a       559     0    32     1     1
  5.4752223868277605E-02 a       560     0    32     1     2
 -5.1840902283213142E-01 a       561     0    32     1     3
 -7.3820517106691064E-01 a       562     0    32     1     4
 -1.2482542494799355E-01 a       563     0    32     1     5
 -1.9507577722149150E+00 a       564     0    32     1     6
  1.5792345229622179E-01 a       565     0    32     1     7
 -2.9933961550484228E-01 a       566     0    32     1     8
  2.0380045861820930E+00 a       567     0    32     1     9
 -2.3858730322731744E-01 a       568     0    32     1    10
 -2.8422163451292097E+00 a       569     0    32     1    11
 -1.1823665275099697E+00 a       570     0    32     1    12
  2.3610908894335751E+00 a       571     0    32     1    13
 -4.9534910612381472E-01 a       572     0    32     1    14
  7.9593941606269114E-01 a       573     0    32     1    15
  2.0908347079531009E-01 a       574     0    32     1    16
 -2.1740337623460109E+00 a       575     0    32     1    17
  8.1759228872780476E-01 a       576     0    32     1    18
  1.5481129765049135E+00 a       577     0    33     1     1
  1.2883021700351043E+00 a       578     0    33     1     2
 -1.6941183714121142E+00 a       579     0    33     1     3
 -2.8010559058203790E+00 a       580     0    33     1     4
 -1.2633316438391482E+00 a       581     0    33     1     5
 -4.7304114189601837E-01 a       582     0    33     1     6
  8.5041636571280343E-01 a       583     0    33     1     7
  4.6506436301183673E-01 a       584     0    33     1     8
  4.2723264224598525E+00 a       585     0    33     1     9
 -2.6502616410239588E+00 a       586     0    33     1    10
  1.2964032421455638E+00 a       587     0    33     1    11
  1.3016269029298699E+00 a       588     0    33     1    12
 -1.0490030721030648E+00 a       589     0    33     1    13
  2.9329509973124213E-01 a       590     0    33     1    14
 -8.3075608957073177E-01 a       591     0    33     1    15
 -9.9848295220932337E-01 a       592     0    33     1    16
 -1.1734489116218000E-01 a       593     0    33     1    17
 -2.5706986376297158E+00 a       594     0    33     1    18
 -1.6199351949667339E-02 a       595     0    34     1     1
  7.8911210795533898E-02 a       596     0    34     1     2
  2.3038400718520713E-01 a       597     0    34     1     3
  8.9781466315072356E-01 a       598     0    34     1     4
 -2.0932323626572208E-01 a       599     0    34     1     5
 -9.1109428151469096E-01 a       600     0    34     1     6
 -8.0055434189883734E-01 a       601     0    34     1     7
  4.6091899884965737E-01 a       602     0    34     1     8
 -4.2519012177827686E-01 a       603     0    34     1     9
  1.7984478009750296E-01 a       604     0    34     1    10
  8.2700101665512005E-01 a       605     0    34     1    11
 -6.3721879391680603E-01 a       606     0    34     1    12
 -6.3064217873243511E-01 a       607     0    34     1    13
  3.1913109610439233E-01 a       608     0    34     1    14
  4.5593910931230236E-01 a       609     0    34     1    15
  9.1209517800204987E-01 a       610     0    34     1    16
  1.3991102941226272E-01 a       611     0    34     1    17
 -5.2036936013201252E-01 a       612     0    34     1    18
 -6.5010865575999877E-01 a       613     0    35     1     1
 -8.9586948959851476E-01 a       614     0    35     1     2
  1.0857688744859983E+00 a       615     0    35     1     3
  6.7040343974926375E-01 a       616     0    35     1     4
  2.5798535373890380E-01 a       617     0    35     1     5
  3.1609167437100949E-01 a       618     0    35     1     6
 -1.0579315112081695E+00 a       619     0    35     1     7
 -1.3282458047125176E+00 a       620     0    35     1     8
 -5.8771476025473723E-01 a       621     0    35     1     9
 -2.0550251760083932E-01 a       622     0    35     1    10
  3.8995878914950849E-01 a       623     0    35     1    11
  5.3916601646489992E-01 a       624     0    35     1    12
 -3.2632772074565969E-01 a       625     0    35     1    13
  2.3464308490617586E-01 a       626     0    35     1    14
 -3.0918706666280388E-01 a       627     0    35     1    15
  5.2870298107585822E-01 a       628     0    35     1    16
 -2.4683306082152640E-01 a       629     0    35     1    17
 -6.7317453153801421E-01 a       630     0    35     1    18
 -3.7875208808870020E-01 a       631     0    36     1     1
 -1.3650889197613827E+00 a       632     0    36     1     2
 -3.0849720439318422E+00 a       633     0    36     1     3
 -8.6719990404083058E-01 a       634     0    36     1     4
 -1.3806523447771759E+00 a       635     0    36     1     5
  6.8461140331520387E-01 a       636     0    36     1     6
 -6.6856611585877712E-01 a       637     0    36     1     7
  1.1960954956180887E+00 a       638     0    36     1     8
 -9.0253768524600386E-01 a       639     0    36     1     9
 -2.3568352442140470E+00 a       640     0    36     1    10
 -1.6477105633801428E+00 a       641     0    36     1    11
  3.1512591930274042E-01 a       642     0    36     1    12
 -1.7202759392950349E+00 a       643     0    36     1    13
 -2.0321653979030954E+00 a       644     0    36     1    14
  9.5242433374096946E-01 a       645     0    36     1    15
 -1.2141878235454009E+00 a       646     0    36     1    16
 -2.2032155070463766E+00 a       647     0    36     1    17
 -1.0075037359120385E+00 a       648     0    36     1    18
 -2.1976044232790577E+00 a       649     0    37     1     1
 -1.7067525002057582E+00 a       650     0    37     1     2
  9.8180335361538618E-01 a       651     0    37     1     3
  1.3611529248890344E+00 a       652     0    37     1     4
 -1.3354546382732546E+00 a       653     0    37     1     5
  1.5558921541805344E+00 a       654     0    37     1     6
  1.2755875370924070E+00 a       655     0    37     1     7
  1.0696798759106754E+00 a       656     0    37     1     8
  2.2523104477931426E+00 a       657     0    37     1     9
 -1.7596640811853267E-01 a       658     0    37     1    10
 -1.0133008318408423E+00 a       659     0    37     1    11
 -1.7492428687629946E+00 a       660     0    37     1    12
  6.3945621766006699E-01 a       661     0    37     1    13
 -6.4471954132291198E-01 a       662     0    37     1    14
 -1.4059029325355692E+00 a       663     0    37     1    15
 -8.3361368616674592E-01 a       664     0    37     1    16
 -6.4252473338297333E-01 a       665     0    37     1    17
 -8.9582571410685333E-02 a       666     0    37     1    18
  8.7635297044199967E-01 a       667     0    38     1     1
  1.2197677951424370E-01 a       668     0    38     1     2
  1.9054783236675871E-01 a       669     0    38     1     3
 -1.0651793591588750E+00 a       670     0    38     1     4
 -5.1666756635082689E-01 a       671     0    38     1     5
 -1.5786612680562656E-01 a       672     0    38     1     6
  2.0689077467512509E-01 a       673     0    38     1     7
 -2.3650058802685262E-01 a       674     0    38     1     8
  1.9855247039242283E-01 a       675     0    38     1     9
 -7.3142270698706369E-01 a       676     0    38     1    10
  3.8857107835485583E-01 a       677     0    38     1    11
  6.6499076983828820E-01 a       678     0    38     1    12
 -1.0834468918418736E+00 a       679     0    38     1    13
 -9.0956311417476365E-01 a       680     0    38     1    14
 -4.9071512662826056E-01 a       681     0    38     1    15
 -5.1825641455762006E-01 a       682     0    38     1    16
 -2.6021534235665313E-02 a       683     0    38     1    17
  8.2985137414745502E-01 a       684     0    38     1    18
  9.6169365120309769E-02 a       685     0    39     1     1
 -2.3878955193220230E+00 a       686     0    39     1     2
  1.7844316565185294E+00 a       687     0    39     1     3
  4.2965167809756089E-01 a       688     0    39     1     4
 -5.3975966327026859E-01 a       689     0    39     1     5
  8.7416186570402635E-02 a       690     0    39     1     6
  2.7522036788014881E-01 a       691     0    39     1     7
 -9.8413690400276554E-01 a       692     0    39     1     8
 -1.6712311221138600E+00 a       693     0    39     1     9
 -8.6079344853479822E-01 a       694     0    39     1    10
 -8.0160439132005123E-01 a       695     0    39     1    11
 -3.0472886044951419E-01 a       696     0    39     1    12
  1.4191568308077402E+00 a       697     0    39     1    13
 -6.2843492435071502E-01 a       698     0    39     1    14
  3.5839587453011821E+00 a       699     0    39     1    15
  8.0328872354275638E-01 a       700     0    39     1    16
  1.2063536117820794E+00 a       701     0    39     1    17
  4.7458639102989392E-01 a       702     0    39     1    18
 -5.1473135529669101E-01 a       703     0    40     1     1
  3.6526044440435603E+00 a       704     0    40     1     2
 -1.8845508754352275E-01 a       705     0    40     1     3
 -4.0962870383293259E-01 a       706     0    40     1     4
  4.9763729196275613E-01 a       707     0    40     1     5
 -1.8374269511634616E+00 a       708     0    40     1     6
  9.3053372509218224E-01 a       709     0    40     1     7
  1.6827166263777873E+00 a       710     0    40     1     8
  2.1131035134780340E+00 a       711     0    40     1     9
  1.2696280735062110E-01 a       712     0    40     1    10
  1.6916997725989382E+00 a       713     0    40     1    11
  6.5609250357793622E-02 a       714     0    40     1    12
 -2.1953288049870028E+00 a       715     0    40     1    13
 -2.3525081196371672E-01 a       716     0    40     1    14
  2.3927473467065488E-01 a       717     0    40     1    15
 -8.6505907268101079E-01 a       718     0    40     1    16
 -4.2142176913804180E-01 a       719     0    40     1    17
  5.5084054107798375E-01 a       720     0    40     1    18
 -4.2135336135492418E-01 a       721     0    41     1     1
  1.8281075737582794E-01 a       722     0    41     1     2
  4.7924493917367544E-01 a       723     0    41     1     3
 -8.6361049641516130E-01 a       724     0    41     1     4
 -8.1115841723689552E-01 a       725     0    41     1     5
 -8.2919804217780002E-01 a       726     0    41     1     6
 -7.5652647573790976E-02 a       727     0    41     1     7
 -2.4797971511770198E+00 a       728     0    41     1     8
 -1.1217587081587959E+00 a       729     0    41     1     9
 -5.4709401335149899E-01 a       730     0    41     1    10
  4.0800615719563843E-01 a       731     0    41     1    11
  7.1163085533078074E-01 a       732     0    41     1    12
  2.6452580340524540E-01 a       733     0    41     1    13
 -1.0890796612678012E-01 a       734     0    41     1    14
  1.0217263000648857E+00 a       735     0    41     1    15
 -1.1857584519706146E+00 a       736     0    41     1    16
 -7.3639429072435780E-01 a       737     0    41     1    17
  3.8502793534636187E-01 a       738     0    41     1    18
  2.1932333719963997E+00 a       739     0    42     1     1
  2.1626932305492845E+00 a       740     0    42     1     2
  1.8748578404462288E-01 a       741     0    42     1     3
  1.2866279487966215E+00 a       742     0    42     1     4
 -2.0260324799541229E+00 a       743     0    42     1     5
 -3.6654693677256772E-01 a       744     0    42     1     6
  1.2265601958274783E+00 a       745     0    42     1     7
 -3.1649830604562972E+00 a       746     0    42     1     8
  2.9695586513846171E+00 a       747     0    42     1     9
  1.0088449414054468E+00 a       748     0    42     1    10
 -1.1997132734752713E+00 a       749     0    42     1    11
 -1.0923639489319992E+00 a       750     0    42     1    12
  3.4388794112678789E-01 a       751     0    42     1    13
 -2.9582084950166099E-01 a       752     0    42     1    14
  5.3724699151669919E-01 a       753     0    42     1    15
  2.4588564166353670E+00 a       754     0    42     1    16
  3.7771117130508131E-01 a       755     0    42     1    17
  1.8340452570074128E+00 a       756     0    42     1    18
  2.6651713191695736E-04 a       757     0    43     1     1
 -7.1859033281918749E-01 a       758     0    43     1     2
 -4.5517115499697919E-01 a       759     0    43     1     3
 -5.9270621438964022E-01 a       760     0    43     1     4
  1.8308753884456190E+00 a       761     0    43     1     5
 -3.7540648904352700E-02 a       762     0    43     1     6
  2.5634580260939976E-01 a       763     0    43     1     7
 -2.2402553833547101E+00 a       764     0    43     1     8
  4.6292930494791129E-01 a       765     0    43     1     9
  5.7624461795050763E-01 a       766     0    43     1    10
 -4.2149948992723235E-01 a       767     0    43     1    11
 -2.0406462932854068E+00 a       768     0    43     1    12
 -1.5958028388251269E+00 a       769     0    43     1    13
 -1.0084285214009725E+00 a       770     0    43     1    14
 -9.1854650067661081E-01 a       771     0    43     1    15
  7.1297110961261245E-01 a       772     0    43     1    16
  4.8138381494474730E-01 a       773     0    43     1    17
  1.1225427282710125E+00 a       774     0    43     1    18
 -2.1044593769721747E+00 a       775     0    44     1     1
  9.2017875759876377E-01 a       776     0    44     1     2
 -5.4709408681395999E-01 a       777     0    44     1     3
  2.7555349048339548E+00 a       778     0    44     1     4
 -2.0908745736152952E+00 a       779     0    44     1     5
 -6.1981157125922337E-02 a       780     0    44     1     6
  7.7139234189769490E-01 a       781     0    44     1     7
  2.2205504521300083E+00 a       782     0    44     1     8
  7.0276348182659298E-01 a       783     0    44     1     9
  2.2990538563400048E-01 a       784     0    44     1    10
 -8.9031943485544485E-01 a       785     0    44     1    11
 -6.4575001395369203E-01 a       786     0    44     1    12
  1.6772980075323356E+00 a       787     0    44     1    13
  8.9512002558198978E-01 a       788     0    44     1    14
  9.2778971572720537E-01 a       789     0    44     1    15
  2.4256717711745344E+00 a       790     0    44     1    16
 -7.3242571923219701E-01 a       791     0    44     1    17
 -2.1371791530623057E+00 a       792     0    44     1    18
 -2.3324685823858848E+00 a       793     0    45     1     1
  4.8611970630280515E-01 a       794     0    45     1     2
 -1.2381426062115934E+00 a       795     0    45     1     3
 -1.0481696192225729E+00 a       796     0    45     1     4
 -2.3536515821330026E-01 a       797     0    45     1     5
  4.6072235408478240E-01 a       798     0    45     1     6
  5.8649827824164114E-01 a       799     0    45     1     7
  1.9582005286520361E+00 a       800     0    45     1     8
 -8.8496572239818128E-01 a       801     0    45     1     9
  8.8829751006752355E-01 a       802     0    45     1    10
  1.1843784302154030E+00 a       803     0    45     1    11
 -1.4600756887542834E+00 a       804     0    45     1    12
 -1.2598096104307426E+00 a       805     0    45     1    13
  1.7510532347058283E+00 a       806     0    45     1    14
  3.3517746866053366E-01 a       807     0    45     1    15
  9.6312720886404635E-02 a       808     0    45     1    16
 -5.5930403295684372E-01 a       809     0    45     1    17
 -1.1874362517943451E+00 a       810     0    45     1    18
  2.3821166873306456E+00 a       811     0    46     1     1
 -3.0292541841416583E+00 a       812     0    46     1     2
 -6.8435275195662604E-01 a       813     0    46     1     3
 -3.1012256787212988E-01 a       814     0    46     1     4
 -4.0294737286470139E-01 a       815     0    46     1     5
 -3.2410786850059163E+00 a       816     0    46     1     6
 -5.3181219774795463E-01 a       817     0    46     1     7
  6.7475619858498315E-01 a       818     0    46     1     8
 -2.0284490222911242E+00 a       819     0    46     1     9
 -1.3548854286079842E-01 a       820     0    46     1    10
 -6.1458897215683328E-01 a       821     0    46     1    11
  1.0318505990637727E+00 a       822     0    46     1    12
 -1.2662678567006449E+00 a       823     0    46     1    13
  2.2183236767066421E+00 a       824     0    46     1    14
  8.8152393606874824E-01 a       825     0    46     1    15
 -2.4226443887969649E+00 a       826     0    46     1    16
 -1.1354660943469037E+00 a       827     0    46     1    17
 -7.3013789241747551E-01 a       828     0    46     1    18
  1.1040831656066323E+00 a       829     0    47     1     1
 -6.1807627594252769E-02 a       830     0    47     1     2
 -6.7016424349208936E-01 a       831     0    47     1     3
  3.0394906096752670E+00 a       832     0    47     1     4
  2.1150948425752594E+00 a       833     0    47     1     5
  2.0009119173021356E-01 a       834     0    47     1     6
  1.7475755480918322E+00 a       835     0    47     1     7
  4.3497902101905890E+00 a       836     0    47     1     8
 -1.1709611650946815E-01 a       837     0    47     1     9
  2.4044530970464999E+00 a       838     0    47     1    10
 -3.9671368864729830E+00 a       839     0    47     1    11
 -2.8877061040619234E-01 a       840     0    47     1    12
  8.5650776587327360E-01 a       841     0    47     1    13
  1.6750546138795828E+00 a       842     0    47     1    14
 -8.5909741551960050E-01 a       843     0    47     1    15
  2.1381969781549381E+00 a       844     0    47     1    16
  1.6099424836666627E+00 a       845     0    47     1    17
  3.9332406302009082E-01 a       846     0    47     1    18
  4.4461620336833123E+00 a       847     0    48     1     1
  3.5647957273920433E-01 a       848     0    48     1     2
 -1.3754941249006167E+00 a       849     0    48     1     3
 -8.0229458851491697E-01 a       850     0    48     1     4
 -4.3981490041030064E-01 a       851     0    48     1     5
 -1.6681901817331348E+00 a       852     0    48     1     6
  5.1688812402180639E-01 a       853     0    48     1     7
  2.9134735590978824E+00 a       854     0    48     1     8
 -5.7198941163304806E-01 a       855     0    48     1     9
  2.0898203940695761E+00 a       856     0    48     1    10
 -2.6380012596766891E+00 a       857     0    48     1    11
  2.2934792140179711E-01 a       858     0    48     1    12
  1.9206163270872978E+00 a       859     0    48     1    13
  3.5859711600044295E+00 a       860     0    48     1    14
 -2.1886012483503765E+00 a       861     0    48     1    15
  4.2415443107950257E-01 a       862     0    48     1    16
  6.8867187301203958E-01 a       863     0    48     1    17
  4.5209517282506395E-01 a       864     0    48     1    18
  1.9277766057476859E+00 a       865     0    49     1     1
  7.8952851872217289E-01 a       866     0    49     1     2
 -1.5472926146876408E-02 a       867     0    49     1     3
 -9.8309025127291538E-01 a       868     0    49     1     4
  2.9898248535405209E-01 a       869     0    49     1     5
  8.5220657396416311E-01 a       870     0    49     1     6
 -4.6911866465780949E-01 a       871     0    49     1     7
  4.3789983920107231E-02 a       872     0    49     1     8
 -8.6561706521265058E-01 a       873     0    49     1     9
  6.3134097419581858E-01 a       874     0    49     1    10
  3.5526119742646411E-01 a       875     0    49     1    11
  2.5196504773100142E-01 a       876     0    49     1    12
 -7.1307106115703067E-02 a       877     0    49     1    13
 -1.0029314313086291E+00 a       878     0    49     1    14
  3.8327913069064506E-01 a       879     0    49     1    15
  7.0614656811652063E-02 a       880     0    49     1    16
 -2.3912712400758160E-01 a       881     0    49     1    17
  9.8825676140275098E-02 a       882     0    49     1    18
  8.0643935449459070E-01 a       883     0    50     1     1
  1.6689585482407629E-01 a       884     0    50     1     2
 -1.0276921707619346E+00 a       885     0    50     1     3
 -8.0845043944651185E-01 a       886     0    50     1     4
 -7.1297598896889275E-02 a       887     0    50     1     5
 -7.0436999879118745E-01 a       888     0    50     1     6
 -9.7469347253438010E-01 a       889     0    50     1     7
 -3.8175422175468021E-01 a       890     0    50     1     8
 -6.2141473651718411E-02 a       891     0    50     1     9
 -1.3855658515396652E-01 a       892     0    50     1    10
  1.6564336698107554E-01 a       893     0    50     1    11
  1.0845880195592912E+00 a       894     0    50     1    12
 -6.0893031026440159E-01 a       895     0    50     1    13
  1.9885735385594897E-01 a       896     0    50     1    14
  1.2336028360741264E-01 a       897     0    50     1    15
 -7.1992329808939737E-01 a       898     0    50     1    16
 -5.0062046826910445E-01 a       899     0    50     1    17
  5.1830190853753455E-01 a       900     0    50     1    18
 -7.1890044919128759E-01 a       901     0    51     1     1
 -8.2335157531416778E-02 a       902     0    51     1     2
  2.1576136337593615E-01 a       903     0    51     1     3
  6.9795300880055033E-02 a       904     0    51     1     4
 -5.6098629600974526E-01 a       905     0    51     1     5
 -9.8105031816702626E-01 a       906     0    51     1     6
 -1.3073181866048604E+00 a       907     0    51     1     7
 -4.1310514053273031E-02 a       908     0    51     1     8
 -7.8071785614772193E-01 a       909     0    51     1     9
 -1.8745872536187684E+00 a       910     0    51     1    10
 -1.0067353745670724E+00 a       911     0    51     1    11
  1.4536879130271705E+00 a       912     0    51     1    12
  1.1579782675107571E+00 a       913     0    51     1    13
 -2.3460889751300407E+00 a       914     0    51     1    14
  1.9354352476652731E-01 a       915     0    51     1    15
 -1.6034585026652006E+00 a       916     0    51     1    16
 -1.7355959634637830E+00 a       917     0    51     1    17
 -5.9668261405135037E-01 a       918     0    51     1    18
  1.1810589845056529E+00 a       919     0    52     1     1
 -1.4937043260471443E+00 a       920     0    52     1     2
 -7.0266150666574476E-02 a       921     0    52     1     3
 -2.0419535415571670E+00 a       922     0    52     1     4
  8.3656017359390744E-01 a       923     0    52     1     5
 -4.5643576701678595E-02 a       924     0    52     1     6
 -2.5691836987709582E-01 a       925     0    52     1     7
 -6.4922538418965658E-01 a       926     0    52     1     8
 -1.1861820866435095E+00 a       927     0    52     1     9
 -7.8950464521464800E-02 a       928     0    52     1    10
 -2.5846321382752606E+00 a       929     0    52     1    11
  1.3264201887301650E+00 a       930     0    52     1    12
 -1.8885115956480358E-01 a       931     0    52     1    13
  6.6398383507855629E-01 a       932     0    52     1    14
 -1.6262961693617994E+00 a       933     0    52     1    15
  1.3048859463282820E+00 a       934     0    52     1    16
  1.7230046775563714E+00 a       935     0    52     1    17
  7.2426546701406302E-01 a       936     0    52     1    18
  2.2971428169664869E+00 a       937     0    53     1     1
 -7.5996638855907017E-01 a       938     0    53     1     2
  5.3081065860425303E-01 a       939     0    53     1     3
 -3.2212309923564253E+00 a       940     0    53     1     4
  3.3312349552012304E+00 a       941     0    53     1     5
 -1.8009181189042995E+00 a       942     0    53     1     6
  1.3176894887106345E+00 a       943     0    53     1     7
 -9.9905136303197739E-01 a       944     0    53     1     8
  1.5161232822710082E+00 a       945     0    53     1     9
 -3.0885605067537403E-01 a       946     0    53     1    10
 -4.3738820161450093E-01 a       947     0    53     1    11
 -1.4677395595590088E+00 a       948     0    53     1    12
 -1.6247621924076454E+00 a       949     0    53     1    13
  7.0749839980358753E-01 a       950     0    53     1    14
 -2.3968089942957849E+00 a       951     0    53     1    15
 -7.5561971630767411E-01 a       952     0    53     1    16
  1.8810091570159142E+00 a       953     0    53     1    17
  1.1180046916136457E+00 a       954     0    53     1    18
 -8.8419859122249156E-01 a       955     0    54     1     1
 -2.3999950587609487E-01 a       956     0    54     1     2
  4.8014221478984237E-02 a       957     0    54     1     3
  1.5280005676683359E+00 a       958     0    54     1     4
  3.0703089604093882E-02 a       959     0    54     1     5
 -1.3164876149680813E-01 a       960     0    54     1     6
 -5.4783362076951714E-01 a       961     0    54     1     7
  4.8062427566004512E-02 a       962     0    54     1     8
  9.5471968715502642E-01 a       963     0    54     1     9
 -4.2356089909962652E-01 a       964     0    54     1    10
 -7.2263999826724779E-01 a       965     0    54     1    11
 -2.2833206882686530E+00 a       966     0    54     1    12
 -1.7214437682287684E-01 a       967     0    54     1    13
 -1.2494819421497430E+00 a       968     0    54     1    14
 -1.8687148999397190E+00 a       969     0    54     1    15
 -1.1477853745653037E+00 a       970     0    54     1    16
 -6.6521446173566712E-01 a       971     0    54     1    17
  4.0685190625411038E-01 a       972     0    54     1    18
  7.2577317944585229E-01 a       973     0    55     1     1
  9.8051849699777194E-01 a       974     0    55     1     2
 -1.4342384847533505E+00 a       975     0    55     1     3
 -1.9768498876469816E+00 a       976     0    55     1     4
  1.6333030990996373E+00 a       977     0    55     1     5
  3.7199830960503233E+00 a       978     0    55     1     6
 -1.3948472034730115E+00 a       979     0    55     1     7
 -1.8700164477317731E+00 a       980     0    55     1     8
  1.7091702938955916E-01 a       981     0    55     1     9
  3.0434500690802641E-01 a       982     0    55     1    10
 -2.5945629964417978E+00 a       983     0    55     1    11
 -1.2091375222295770E+00 a       984     0    55     1    12
  2.4343913353157198E+00 a       985     0    55     1    13
  1.4544783299295472E-01 a       986     0    55     1    14
 -3.5628249565940767E-01 a       987     0    55     1    15
  8.7838043339274696E-01 a       988     0    55     1    16
 -2.1403444761002782E-01 a       989     0    55     1    17
 -5.1656500217494206E-01 a       990     0    55     1    18
 -1.5411128197864952E+00 a       991     0    56     1     1
 -1.0652630686834565E+00 a       992     0    56     1     2
  1.0495918980581993E+00 a       993     0    56     1     3
 -1.1385887482552490E+00 a       994     0    56     1     4
 -3.2590463976489209E-01 a       995     0    56     1     5
  1.1386735774055787E+00 a       996     0    56     1     6
 -5.9107430032066455E-01 a       997     0    56     1     7
 -4.1276385677616414E+00 a       998     0    56     1     8
 -8.9117257385803028E-01 a       999     0    56     1     9
  1.9140703640545830E-02 a      1000     0    56     1    10
  1.2910085049106630E+00 a      1001     0    56     1    11
 -1.0050876181246711E+00 a      1002     0    56     1    12
  8.6484574691796978E-01 a      1003     0    56     1    13
  2.0190509548345714E-01 a      1004     0    56     1    14
  2.0326078966076633E+00 a      1005     0    56     1    15
 -9.1915949502047822E-01 a      1006     0    56     1    16
 -1.9021009049351734E-01 a      1007     0    56     1    17
 -2.9287191772738858E-01 a      1008     0    56     1    18
  4.4942919438855095E-01 a      1009     0    57     1     1
  2.6362447530533095E-01 a      1010     0    57     1     2
 -2.0997845410692157E+00 a      1011     0    57     1     3
  9.5458086491516070E-01 a      1012     0    57     1     4
  3.0495352235148196E+00 a      1013     0    57     1     5
  1.6259757966006863E+00 a      1014     0    57     1     6
 -2.6482004277645781E+00 a      1015     0    57     1     7
  3.3963727807206912E+00 a      1016     0    57     1     8
  1.3197898618873314E+00 a      1017     0    57     1     9
  2.5935762609166053E+00 a      1018     0    57     1    10
  1.2886229224807051E+00 a      1019     0    57     1    11
 -1.3255700670635637E+00 a      1020     0    57     1    12
 -1.6564939385467741E+00 a      1021     0    57     1    13
  6.2329611533997131E-01 a      1022     0    57     1    14
 -2.1781061899042511E+00 a      1023     0    57     1    15
 -7.9523286570801655E-02 a      1024     0    57     1    16
  7.1646417228461556E-01 a      1025     0    57     1    17
  1.2807926738033557E+00 a      1026     0    57     1    18
 -9.4770049809220802E-01 a      1027     0    58     1     1
  1.8266872752885438E-01 a      1028     0    58     1     2
 -6.6079398235068898E-01 a      1029     0    58     1     3
 -3.4005163013158712E-01 a      1030     0    58     1     4
  1.7005498829562926E-02 a      1031     0    58     1     5
  1.6378939223625424E+00 a      1032     0    58     1     6
  2.1116447256712587E-01 a      1033     0    58     1     7
 -2.8732046142507178E-01 a      1034     0    58     1     8
  1.7883296518091885E-01 a      1035     0    58     1     9
  2.8654656409325929E-01 a      1036     0    58     1    10
  2.2589915349363712E-01 a      1037     0    58     1    11
  1.1752134654296309E+00 a      1038     0    58     1    12
 -1.6454069530385647E+00 a      1039     0    58     1    13
 -5.5171680473071683E-01 a      1040     0    58     1    14
 -1.7643377616526585E+00 a      1041     0    58     1    15
 -1.2798048252004999E+00 a      1042     0    58     1    16
 -1.7627373055674385E+00 a      1043     0    58     1    17
 -5.7615678653756508E-01 a      1044     0    58     1    18
 -1.9043901485588230E+00 a      1045     0    59     1     1
  2.9209780653082623E-01 a      1046     0    59     1     2
  6.8213808441953427E-01 a      1047     0    59     1     3
 -4.6209612523735311E-01 a      1048     0    59     1     4
  2.0724990677739790E+00 a      1049     0    59     1     5
  1.5782642599406278E+00 a      1050     0    59     1     6
  1.2187194093739135E+00 a      1051     0    59     1     7
  7.4351306580604593E-01 a      1052     0    59     1     8
  2.9336833837892801E-01 a      1053     0    59     1     9
 -1.0593697660339364E-01 a      1054     0    59     1    10
  3.0909721540139889E+00 a      1055     0    59     1    11
  1.9536952949576554E+00 a      1056     0    59     1    12
 -1.1757193435922826E+00 a      1057     0    59     1    13
  7.6555528527065586E-01 a      1058     0    59     1    14
  1.5533890732511599E+00 a      1059     0    59     1    15
 -1.5074715133362260E+00 a      1060     0    59     1    16
 -2.6578128090624942E-01 a      1061     0    59     1    17
 -1.3571103640258229E+00 a      1062     0    59     1    18
 -1.0854010252277742E-01 a      1063     0    60     1     1
  1.3500875833747923E+00 a      1064     0    60     1     2
  1.0329988248263127E+00 a      1065     0    60     1     3
  1.8863092980414695E+00 a      1066     0    60     1     4
 -2.2879630748445017E+00 a      1067     0    60     1     5
 -2.8849444556208531E-01 a      1068     0    60     1     6
  2.8696778710668108E-01 a      1069     0    60     1     7
  2.1565843894147513E-01 a      1070     0    60     1     8
 -1.0910224739021446E+00 a      1071     0    60     1     9
 -1.5651203122317124E-02 a      1072     0    60     1    10
  2.5459416062498161E+00 a      1073     0    60     1    11
  3.1904550352712993E+00 a      1074     0    60     1    12
  1.1360523670420744E+00 a      1075     0    60     1    13
  1.5826046796140887E+00 a      1076     0    60     1    14
  2.9621992287966843E+00 a      1077     0    60     1    15
  4.2586234795143108E-01 a      1078     0    60     1    16
 -1.8912206288025586E+00 a      1079     0    60     1    17
 -1.3744431215616180E+00 a      1080     0    60     1    18
 -1.2659518883111496E+00 a      1081     0    61     1     1
 -7.5431755648285603E-01 a      1082     0    61     1     2
  1.7144178173034468E+00 a      1083     0    61     1     3
  9.8223389696079744E-01 a      1084     0    61     1     4
 -4.9241696482085040E-01 a      1085     0    61     1     5
  4.2940677416609319E-01 a      1086     0    61     1     6
 -6.2574875363386506E-01 a      1087     0    61     1     7
 -2.1478103297751527E-01 a      1088     0    61     1     8
 -1.3825432248370397E+00 a      1089     0    61     1     9
  1.3145585331687815E+00 a      1090     0    61     1    10
  5.8204415180090341E-01 a      1091     0    61     1    11
  4.1448742207862127E-02 a      1092     0    61     1    12
  2.1031000170316411E-01 a      1093     0    61     1    13
  3.7068813319958527E-01 a      1094     0    61     1    14
  6.9977284662465744E-01 a      1095     0    61     1    15
 -2.1395912695101107E-01 a      1096     0    61     1    16
 -3.9076921661585878E-01 a      1097     0    61     1    17
  3.2723897565195631E-01 a      1098     0    61     1    18
  3.5825979876528784E+00 a      1099     0    62     1     1
  5.7382068641435280E-01 a      1100     0    62     1     2
  6.3205307264338628E-01 a      1101     0    62     1     3
 -3.3613565602945955E-01 a      1102     0    62     1     4
 -1.1617578581802892E+00 a      1103     0    62     1     5
 -1.4475499689259630E+00 a      1104     0    62     1     6
  1.0194596570838195E+00 a      1105     0    62     1     7
 -2.6078101858634672E-01 a      1106     0    62     1     8
  1.7462069041719339E+00 a      1107     0    62     1     9
 -8.8110404412072782E-02 a      1108     0    62     1    10
 -5.4776296552873593E-01 a      1109     0    62     1    11
  2.5698359934240487E+00 a      1110     0    62     1    12
  1.6730869575644813E+00 a      1111     0    62     1    13
  1.1971891736465166E+00 a      1112     0    62     1    14
 -1.4709794649396339E+00 a      1113     0    62     1    15
  1.4294812074189061E+00 a      1114     0    62     1    16
  1.0590868013920833E+00 a      1115     0    62     1    17
  9.4443152109216544E-01 a      1116     0    62     1    18
  2.8811861471635203E-01 a      1117     0    63     1     1
  7.4542127381944967E-01 a      1118     0    63     1     2
  8.3971659717555758E-01 a      1119     0    63     1     3
 -1.8913636358948596E+00 a      1120     0    63     1     4
  4.1333408648864878E-01 a      1121     0    63     1     5
 -1.2334895171592997E-01 a      1122     0    63     1     6
  4.5947393698838912E-01 a      1123     0    63     1     7
  9.6911271828008205E-01 a      1124     0    63     1     8
  1.2468392545153022E+00 a      1125     0    63     1     9
 -8.6349418396422961E-01 a      1126     0    63     1    10
  1.4433170934636732E+00 a      1127     0    63     1    11
  2.6114965692173947E-01 a      1128     0    63     1    12
 -1.8201656013862046E+00 a      1129     0    63     1    13
 -9.7531173996503073E-01 a      1130     0    63     1    14
 -1.4143175672592412E+00 a      1131     0    63     1    15
 -5.4681672915354507E-01 a      1132     0    63     1    16
 -7.8349164189922504E-01 a      1133     0    63     1    17
 -6.1288965112300786E-01 a      1134     0    63     1    18
 -4.5386891456710137E+00 a      1135     0    64     1     1
  1.6470018774628929E+00 a      1136     0    64     1     2
  3.3703508347306999E+00 a      1137     0    64     1     3
 -1.1470590305466404E+00 a      1138     0    64     1     4
  1.4419656924265107E+00 a      1139     0    64     1     5
 -3.2080547858246078E+00 a      1140     0    64     1     6
  4.2673529529822024E-01 a      1141     0    64     1     7
 -4.3171274878204606E+00 a      1142     0    64     1     8
 -9.5726067612281829E-01 a      1143     0    64     1     9
 -1.2208577034315440E+00 a      1144     0    64     1    10
  1.9265710764972938E-01 a      1145     0    64     1    11
 -1.6070541846823929E+00 a      1146     0    64     1    12
  2.1919931522090970E+00 a      1147     0    64     1    13
 -1.9686687521758677E+00 a      1148     0    64     1    14
  2.1658131148913329E+00 a      1149     0    64     1    15
 -1.8258997620989093E+00 a      1150     0    64     1    16
  1.2027688295273367E+00 a      1151     0    64     1    17
 -1.4328638346289063E-01 a      1152     0    64     1    18
  2.5211525351626290E-01 b      1153     1     1
  4.6853192135792865E-01 b      1154     1     2
  2.6125697444040930E-01 b      1155     1     3
  7.3341563331971238E-01 b      1156     1     4
 -1.5678012922130974E-01 b      1157     1     5
  1.2881058847766780E-01 b      1158     1     6
 -4.2460133429072755E-01 b      1159     1     7
  1.7903930960966885E-01 b      1160     1     8
  2.1627981376058103E-01 b      1161     1     9
  3.7943769463702626E-01 b      1162     1    10
  1.0279076025364221E-01 b      1163     1    11
  3.2031546677167833E-01 b      1164     1    12
 -4.9500033839809117E-02 b      1165     1    13
  1.5110378740748143E-01 b      1166     1    14
  1.9642332343402683E-01 b      1167     1    15
 -2.1211498433832226E-02 b      1168     1    16
  1.6050856179414388E-01 b      1169     1    17
  3.8979301542547029E-02 b      1170     1    18
 -2.0952434651212884E-01 a      1171     1     1     2     1
  2.4996799795772190E-01 a      1172     1     1     2     2
  6.5052872543281204E-01 a      1173     1     1     2     3
  1.0464968903408688E-01 a      1174     1     1     2     4
 -1.3117351002002764E-01 a      1175     1     1     2     5
  8.3183945098612300E-01 a      1176     1     1     2     6
  3.1646178875350972E-01 a      1177     1     1     2     7
 -6.4958508423804773E-01 a      1178     1     1     2     8
  1.0205433305750689E+00 a      1179     1     1     2     9
  4.1527030163186374E-01 a      1180     1     1     2    10
  1.1798209706474537E-01 a      1181     1     1     2    11
 -5.5214242564492644E-01 a      1182     1     1     2    12
  5.0804254166843510E-01 a      1183     1     1     2    13
 -5.7151490638119473E-01 a      1184     1     1     2    14
  5.5205129929704999E-01 a      1185     1     1     2    15
 -6.5283628178506511E-02 a      1186     1     1     2    16
  2.3183232939145212E-01 a      1187     1     1     2    17
 -3.4461592718014450E-01 a      1188     1     1     2    18
 -4.2330115274844143E-01 a      1189     1     2     2     1
  1.7418114674005042E-01 a      1190     1     2     2     2
  1.1455105826610827E+00 a      1191     1     2     2     3
  2.4636307541333119E-01 a      1192     1     2     2     4
  7.4592841009655164E-01 a      1193     1     2     2     5
  4.4917079925846459E-01 a      1194     1     2     2     6
 -7.4132185534863837E-01 a      1195     1     2     2     7
 -1.2236442899622541E-01 a      1196     1     2     2     8
  6.9813377568922430E-01 a      1197     1     2     2     9
 -5.5902182449045823E-01 a      1198     1     2     2    10
  4.7469235221774958E-01 a      1199     1     2     2    11
 -4.4570506309147623E-01 a      1200     1     2     2    12
  2.7345451214388705E-01 a      1201     1     2     2    13
  6.2340733922472927E-02 a      1202     1     2     2    14
  2.5662173903525010E-01 a      1203     1     2     2    15
 -6.3134978026818767E-01 a      1204     1     2     2    16
 -1.0061335689222303E-01 a      1205     1     2     2    17
 -1.5346965094962018E-02 a      1206     1     2     2    18
  1.0054652493292330E-02 a      1207     1     3     2     1
 -6.0374897560513485E-01 a      1208     1     3     2     2
 -9.0397829714167366E-01 a      1209     1     3     2     3
 -8.8828346897046551E-01 a      1210     1     3     2     4
 -1.0397793805031819E+00 a      1211     1     3     2     5
 -2.2003729480934806E-01 a      1212     1     3     2     6
  3.8967483713488446E-02 a      1213     1     3     2     7
 -5.8014498176823592E-01 a      1214     1     3     2     8
  1.4088307474201855E-01 a      1215     1     3     2     9
  7.9851025992041524E-01 a      1216     1     3     2    10
  1.0300876048840946E+00 a      1217     1     3     2    11
 -1.1543601386255538E+00 a      1218     1     3     2    12
 -2.3112084424527959E-01 a      1219     1     3     2    13
  1.7368267033314483E-01 a      1220     1     3     2    14
  1.8040839496254552E-01 a      1221     1     3     2    15
 -5.0883205691010980E-01 a      1222     1     3     2    16
  6.1866153517141187E-01 a      1223     1     3     2    17
 -5.8407768198197507E-01 a      1224     1     3     2    18
 -8.9609335927165268E-01 a      1225     1     4     2     1
  4.8749965676600110E-01 a      1226     1     4     2     2
  2.8131361318271410E-02 a      1227     1     4     2     3
 -7.5138158708686217E-02 a      1228     1     4     2     4
 -2.5680709476102159E-01 a      1229     1     4     2     5
 -2.7003830216546182E-01 a      1230     1     4     2     6
  2.7570656905474089E-01 a      1231     1     4     2     7
 -1.3579723444470632E-01 a      1232     1     4     2     8
  1.0738275516282860E+00 a      1233     1     4     2     9
  5.4717562725500257E-01 a      1234     1     4     2    10
 -1.1542425648054996E-01 a      1235     1     4     2    11
  5.0937094534512373E-01 a      1236     1     4     2    12
  1.2579986461878334E-01 a      1237     1     4     2    13
 -1.1148524096844017E+00 a      1238     1     4     2    14
  1.9927401240943757E-01 a      1239     1     4     2    15
  3.3624922103475352E-01 a      1240     1     4     2    16
 -3.2035964569001041E-01 a      1241     1     4     2    17
 -8.9750838207631500E-01 a      1242     1     4     2    18
  2.7631388023943282E-01 a      1243     1     5     2     1
 -9.3135945482936411E-02 a      1244     1     5     2     2
  2.8628702371417628E-02 a      1245     1     5     2     3
 -7.3205271473322864E-01 a      1246     1     5     2     4
 -4.2310912760911484E-01 a      1247     1     5     2     5
 -1.6783993543437941E+00 a      1248     1     5     2     6
  4.7416764134789680E-01 a      1249     1     5     2     7
 -3.5072939138660458E-01 a      1250     1     5     2     8
 -7.7980033422787054E-01 a      1251     1     5     2     9
  6.0607243285146750E-01 a      1252     1     5     2    10
 -6.2802648775974979E-01 a      1253     1     5     2    11
  6.0365076698471243E-01 a      1254     1     5     2    12
 -6.4966121152324130E-01 a      1255     1     5     2    13
  1.8258582185688305E-01 a      1256     1     5     2    14
 -6.9508509044062639E-02 a      1257     1     5     2    15
  4.0206704805959864E-01 a      1258     1     5     2    16
 -2.4179948767451001E-01 a      1259     1     5     2    17
  1.1516758044237160E-01 a      1260     1     5     2    18
 -2.4699221272088900E-01 a      1261     1     6     2     1
  7.5772860978364109E-01 a      1262     1     6     2     2
 -9.0339489628297887E-01 a      1263     1     6     2     3
  1.6961019391274237E-01 a      1264     1     6     2     4
  7.9284147697756402E-01 a      1265     1     6     2     5
 -2.1850378500845019E-01 a      1266     1     6     2     6
  3.6552172643585706E-01 a      1267     1     6     2     7
  5.9878239333749816E-01 a      1268     1     6     2     8
  3.5859599831189509E-01 a      1269     1     6     2     9
 -2.3447982520985861E-01 a      1270     1     6     2    10
  9.4924661511530783E-01 a      1271     1     6     2    11
 -1.8994835350804301E-01 a      1272     1     6     2    12
 -5.4982729457281143E-01 a      1273     1     6     2    13
  3.4855492987475550E-01 a      1274     1     6     2    14
 -3.7195633787671351E-01 a      1275     1     6     2    15
  6.8798871871023659E-01 a      1276     1     6     2    16
 -3.0286999428121386E-01 a      1277     1     6     2    17
  9.1649398435684326E-01 a      1278     1     6     2    18
 -5.8623695130995994E-03 a      1279     1     7     2     1
  9.1652326873210499E-01 a      1280     1     7     2     2
 -9.3528367759326836E-01 a      1281     1     7     2     3
  6.4516955774543572E-01 a      1282     1     7     2     4
 -1.4810539762418623E-01 a      1283     1     7     2     5
  4.2910272285637230E-01 a      1284     1     7     2     6
 -2.0485574976918448E-02 a      1285     1     7     2     7
  4.3254294779494207E-01 a      1286     1     7     2     8
  5.3849641814420091E-01 a      1287     1     7     2     9
 -1.5833275187598683E-01 a      1288     1     7     2    10
 -7.3805698283267307E-01 a      1289     1     7     2    11
  3.9395614892188080E-01 a      1290     1     7     2    12
  1.3956892718701921E-01 a      1291     1     7     2    13
  4.1428468169509203E-01 a      1292     1     7     2    14
 -2.2055871620464565E-01 a      1293     1     7     2    15
 -2.1268393187522983E-02 a      1294     1     7     2    16
 -2.3659219434073242E-01 a      1295     1     7     2    17
 -1.9008155894170056E-01 a      1296     1     7     2    18
  5.9970025214235767E-01 a      1297     1     8     2     1
 -8.2630996654935035E-02 a      1298     1     8     2     2
 -1.0439481900568477E+00 a      1299     1     8     2     3
  3.6741857198636423E-02 a      1300     1     8     2     4
  1.0075887389842135E+00 a      1301     1     8     2     5
  8.2971759084913096E-02 a      1302     1     8     2     6
 -1.3181932836208235E-01 a      1303     1     8     2     7
 -1.2938694090420850E+00 a      1304     1     8     2     8
 -4.8454320020951042E-01 a      1305     1     8     2     9
 -1.1351079781200641E+00 a      1306     1     8     2    10
 -7.3820617867796634E-01 a      1307     1     8     2    11
  1.1505922010308614E+00 a      1308     1     8     2    12
  9.6116422059588602E-01 a      1309     1     8     2    13
  4.2972928923649617E-01 a      1310     1     8     2    14
  8.7429306590184674E-01 a      1311     1     8     2    15
  9.8032328354401524E-02 a      1312     1     8     2    16
 -8.2545413249853561E-01 a      1313     1     8     2    17
 -6.9006718476472240E-01 a      1314     1     8     2    18
 -8.4674604138376852E-02 a      1315     1     9     2     1
 -1.0709111462588798E+00 a      1316     1     9     2     2
 -4.3947445889365772E-01 a      1317     1     9     2     3
  1.3073066209737899E-01 a      1318     1     9     2     4
 -2.8677765206493611E-01 a      1319     1     9     2     5
  8.2874341968259435E-01 a      1320     1     9     2     6
 -6.6891332734856090E-02 a      1321     1     9     2     7
  1.3717719892963782E+00 a      1322     1     9     2     8
 -3.8736963842098959E-02 a      1323     1     9     2     9
  8.5476173730122185E-01 a      1324     1     9     2    10
 -4.2441637206344562E-01 a      1325     1     9     2    11
 -6.1284995955944632E-01 a      1326     1     9     2    12
 -6.8786429801461935E-01 a      1327     1     9     2    13
  3.0847336311171875E-01 a      1328     1     9     2    14
 -1.1297386136140903E+00 a      1329     1     9     2    15
 -9.6862630576039416E-02 a      1330     1     9     2    16
  1.0864170696951141E+00 a      1331     1     9     2    17
  5.3125552753153027E-01 a      1332     1     9     2    18
 -3.6813765594394798E-01 a      1333     1    10     2     1
 -2.6794983928398134E-03 a      1334     1    10     2     2
 -3.1353842396660836E-02 a      1335     1    10     2     3
  9.6633521307618153E-01 a      1336     1    10     2     4
  5.1176466707775370E-01 a      1337     1    10     2     5
  5.7780171937019598E-01 a      1338     1    10     2     6
 -3.9539058125124010E-01 a      1339     1    10     2     7
  1.2749577130422571E-01 a      1340     1    10     2     8
  2.0362895639243661E-01 a      1341     1    10     2     9
 -8.4845015176848571E-01 a      1342     1    10     2    10
 -6.5582033308034704E-01 a      1343     1    10     2    11
  9.5703302172820981E-01 a      1344     1    10     2    12
  9.9520621949778143E-01 a      1345     1    10     2    13
 -6.3277810347830343E-01 a      1346     1    10     2    14
  5.3121296408609076E-01 a      1347     1    10     2    15
  3.8723522503272173E-01 a      1348     1    10     2    16
 -6.2106586519342544E-01 a      1349     1    10     2    17
  5.1261548136385982E-01 a      1350     1    10     2    18
  4.6107356412265965E-01 a      1351     1    11     2     1
 -1.4181318906557050E-01 a      1352     1    11     2     2
 -1.0776929592455491E+00 a      1353     1    11     2     3
 -7.1805427898926355E-01 a      1354     1    11     2     4
  5.4811862149509805E-01 a      1355     1    11     2     5
 -2.5685335318411273E-01 a      1356     1    11     2     6
  3.0629533616037175E-01 a      1357     1    11     2     7
 -2.1779867818452003E-01 a      1358     1    11     2     8
 -4.9247593991698219E-01 a      1359     1    11     2     9
  3.7517844113615451E-01 a      1360     1    11     2    10
 -1.8041026566531757E-01 a      1361     1    11     2    11
 -7.2977352952961760E-01 a      1362     1    11     2    12
  2.7678012801624746E-01 a      1363     1    11     2    13
  7.3895136547877704E-01 a      1364     1    11     2    14
  4.2899751225979788E-01 a      1365     1    11     2    15
  1.9880569459688194E-01 a      1366     1    11     2    16
  2.9467914077269641E-01 a      1367     1    11     2    17
  1.0235367579487900E+00 a      1368     1    11     2    18
 -3.7095520285855810E-01 a      1369     1    12     2     1
 -8.6371711672816209E-01 a      1370     1    12     2     2
 -2.4289273829292011E+00 a      1371     1    12     2     3
  1.5291394751397394E-02 a      1372     1    12     2     4
  6.8906915449819828E-01 a      1373     1    12     2     5
  7.3816951108190187E-01 a      1374     1    12     2     6
 -7.6206758140602715E-01 a      1375     1    12     2     7
 -2.3519297788733486E-02 a      1376     1    12     2     8
 -2.5238127764570689E-01 a      1377     1    12     2     9
 -1.0645030892959821E+00 a      1378     1    12     2    10
 -8.7110870300782861E-01 a      1379     1    12     2    11
  6.6015985944104383E-01 a      1380     1    12     2    12
  1.0091349911090399E+00 a      1381     1    12     2    13
 -4.7807927782219600E-01 a      1382     1    12     2    14
  1.7685540720380002E-01 a      1383     1    12     2    15
 -2.7986434960984349E-02 a      1384     1    12     2    16
 -2.7085330473696617E-01 a      1385     1    12     2    17
 -1.4397166908457044E+00 a      1386     1    12     2    18
  5.2213882371131382E-01 a      1387     1    13     2     1
  5.0438721816118648E-01 a      1388     1    13     2     2
 -3.2583703333253566E-01 a      1389     1    13     2     3
 -2.6380519309171702E-01 a      1390     1    13     2     4
  1.4949262456028092E-01 a      1391     1    13     2     5
  2.2462474936130641E-01 a      1392     1    13     2     6
  5.0257192859961097E-01 a      1393     1    13     2     7
 -8.9666742106861413E-03 a      1394     1    13     2     8
 -1.6034128622468395E+00 a      1395     1    13     2     9
 -4.8059153855315617E-01 a      1396     1    13     2    10
 -6.1346571361134028E-01 a      1397     1    13     2    11
 -2.8099795694427519E-02 a      1398     1    13     2    12
  7.0150031879442010E-01 a      1399     1    13     2    13
 -7.3071682933623339E-01 a      1400     1    13     2    14
  2.2794751187129603E-01 a      1401     1    13     2    15
 -1.0336649259075251E-01 a      1402     1    13     2    16
 -5.1705446806190525E-01 a      1403     1    13     2    17
 -6.1468027250421553E-01 a      1404     1    13     2    18
 -1.8930049272826599E-02 a      1405     1    14     2     1
  1.4290541103696386E-01 a      1406     1    14     2     2
 -5.7461338868629652E-01 a      1407     1    14     2     3
 -2.9928489692986288E-01 a      1408     1    14     2     4
  1.5800752344174007E-01 a      1409     1    14     2     5
  5.0829567155181266E-01 a      1410     1    14     2     6
 -3.4732464792193163E-01 a      1411     1    14     2     7
 -4.1557274318268383E-01 a      1412     1    14     2     8
 -5.4523639332150042E-01 a      1413     1    14     2     9
 -6.0801940132576759E-01 a      1414     1    14     2    10
 -1.0295874946207111E+00 a      1415     1    14     2    11
  2.8884497422299438E-01 a      1416     1    14     2    12
  1.0312667888597691E+00 a      1417     1    14     2    13
 -8.4842053874940454E-02 a      1418     1    14     2    14
  5.9739466391834317E-01 a      1419     1    14     2    15
 -5.8585099943686592E-01 a      1420     1    14     2    16
 -1.9294152875109571E-01 a      1421     1    14     2    17
  5.7451979937284914E-01 a      1422     1    14     2    18
 -3.2273618250729774E-02 a      1423     1    15     2     1
 -2.4300620239973686E-01 a      1424     1    15     2     2
  1.4438838753548668E+00 a      1425     1    15     2     3
 -5.2225538970914820E-01 a      1426     1    15     2     4
  7.1785801015810211E-02 a      1427     1    15     2     5
  7.9615475987360473E-01 a      1428     1    15     2     6
 -2.8553269886497847E-02 a      1429     1    15     2     7
 -6.7066071208539202E-01 a      1430     1    15     2     8
  3.3273994895585179E-01 a      1431     1    15     2     9
  3.4851176136322104E-01 a      1432     1    15     2    10
 -4.1814240675105491E-01 a      1433     1    15     2    11
 -4.5699112600329628E-01 a      1434     1    15     2    12
  9.5975472700966191E-01 a      1435     1    15     2    13
 -3.6632037333665496E-01 a      1436     1    15     2    14
  7.5924844021528859E-01 a      1437     1    15     2    15
 -4.7176612114671695E-01 a      1438     1    15     2    16
  1.9733826099233773E-01 a      1439     1    15     2    17
  4.1095066832595029E-01 a      1440     1    15     2    18
  3.6733147211796874E-01 a      1441     1    16     2     1
 -2.4456259739457267E-01 a      1442     1    16     2     2
 -5.5166173464668469E-02 a      1443     1    16     2     3
 -3.4984942375118441E-02 a      1444     1    16     2     4
  1.1269446050456786E+00 a      1445     1    16     2     5
  1.1288561728774554E-01 a      1446     1    16     2     6
  2.2997375883652116E-01 a      1447     1    16     2     7
  1.0093916127804254E+00 a      1448     1    16     2     8
  2.5347303310065666E-03 a      1449     1    16     2     9
  6.1876683049402137E-01 a      1450     1    16     2    10
  1.6274406858940205E-01 a      1451     1    16     2    11
  2.3200314520861279E-01 a      1452     1    16     2    12
 -7.1292802302436886E-01 a      1453     1    16     2    13
  1.3183971210931736E-01 a      1454     1    16     2    14
 -8.9020806385117202E-01 a      1455     1    16     2    15
  5.0870285493045597E-01 a      1456     1    16     2    16
  1.0176336343669574E-01 a      1457     1    16     2    17
 -6.6157744229455884E-01 a      1458     1    16     2    18
 -6.4981829867557150E-01 a      1459     1    17     2     1
 -1.1199406721431535E+00 a      1460     1    17     2     2
  6.8024425976420899E-01 a      1461     1    17     2     3
 -3.8104376510820587E-01 a      1462     1    17     2     4
 -1.1531786255553726E+00 a      1463     1    17     2     5
  9.3494220795250285E-02 a      1464     1    17     2     6
 -8.8988140549937755E-01 a      1465     1    17     2     7
 -4.9604585152084552E-01 a      1466     1    17     2     8
  2.6663388054906562E-01 a      1467     1    17     2     9
 -1.0561855284692517E-01 a      1468     1    17     2    10
  4.4278885957752584E-01 a      1469     1    17     2    11
 -4.0918530519844093E-01 a      1470     1    17     2    12
  6.1678775058585766E-01 a      1471     1    17     2    13
 -4.6029898189238305E-01 a      1472     1    17     2    14
  6.5549437404264455E-01 a      1473     1    17     2    15
 -6.8762147016410946E-01 a      1474     1    17     2    16
  5.0499546622460778E-01 a      1475     1    17     2    17
  1.0111258774267513E+00 a      1476     1    17     2    18
  3.8023262328563173E-01 a      1477     1    18     2     1
  8.6613547890668330E-01 a      1478     1    18     2     2
  2.3252699088422354E-01 a      1479     1    18     2     3
  5.3905875845638340E-01 a      1480     1    18     2     4
 -5.0126450004795597E-01 a      1481     1    18     2     5
 -2.7080230153423518E-01 a      1482     1    18     2     6
  6.6991819376289741E-01 a      1483     1    18     2     7
 -3.1074031712537786E-01 a      1484     1    18     2     8
 -1.9742130882799663E-01 a      1485     1    18     2     9
  5.8215009134771711E-01 a      1486     1    18     2    10
 -1.3208545312561651E-01 a      1487     1    18     2    11
  5.2411512437527404E-02 a      1488     1    18     2    12
 -1.1263670248205884E+00 a      1489     1    18     2    13
  5.5588165964139305E-02 a      1490     1    18     2    14
 -1.0734834559041886E+00 a      1491     1    18     2    15
  1.0001155718130315E-01 a      1492     1    18     2    16
  1.1934305313237298E-02 a      1493     1    18     2    17
 -7.9831815501828218E-02 a      1494     1    18     2    18
  2.2631264257234096E-01 b      1495     2     1
 -3.8861491745896615E-01 b      1496     2     2
 -3.2769821213364858E-01 b      1497     2     3
 -1.3954335746627693E+00 b      1498     2     4
 -3.9219619990087418E-01 b      1499     2     5
  4.2574032287601732E-01 b      1500     2     6
 -9.8035918135617656E-02 b      1501     2     7
 -5.8772877414116398E-01 b      1502     2     8
  1.3563257647952225E+00 b      1503     2     9
  6.4200294722859796E-01 b      1504     2    10
  2.7150208963771233E-01 b      1505     2    11
 -1.1584098068857847E+00 b      1506     2    12
 -5.2316558996111318E-01 b      1507     2    13
 -1.3605399888189236E+00 b      1508     2    14
  2.3510669234532322E-01 b      1509     2    15
 -6.4134532949938161E-01 b      1510     2    16
  3.2941969146629102E-01 b      1511     2    17
  7.2895967630163649E-02 b      1512     2    18
 -5.6089387420395376E-01 a      1513     2     1     3     1
  2.1009854126291438E-01 a      1514     2     2     3     1
 -1.2084379633950559E-01 a      1515     2     3     3     1
 -5.6825865787795726E-01 a      1516     2     4     3     1
 -6.7420627726511737E-02 a      1517     2     5     3     1
  4.3153817185650462E-01 a      1518     2     6     3     1
 -4.7073247218979458E-01 a      1519     2     7     3     1
 -2.1232320100173216E-01 a      1520     2     8     3     1
 -2.5918240141057924E-01 a      1521     2     9     3     1
  2.6024516302998724E-01 a      1522     2    10     3     1
 -1.3375530289074092E-01 a      1523     2    11     3     1
  2.2493095337151989E-01 a      1524     2    12     3     1
 -5.6580517942716380E-01 a      1525     2    13     3     1
  9.2481108668977885E-01 a      1526     2    14     3     1
  5.0873903636522344E-01 a      1527     2    15     3     1
  4.7240682512553639E-01 a      1528     2    16     3     1
 -4.4211631062094403E-01 a      1529     2    17     3     1
 -1.2739635017275265E-02 a      1530     2    18     3     1
  9.6103430225315756E-02 b      1531     3     1
