################################################################################
# Neural network connection values (weights and biases).
################################################################################
# Col  Name       Description
################################################################################
# 1    connection Neural network connection value.
# 2    t          Connection type (a = weight, b = bias).
# 3    index      Index enumerating weights.
# 4    l_s        Starting point layer (end point layer for biases).
# 5    n_s        Starting point neuron in starting layer (end point neuron for biases).
# 6    l_e        End point layer.
# 7    n_e        End point neuron in end layer.
################################################################################
#                      1 2         3     4     5     6     7
#             connection t     index   l_s   n_s   l_e   n_e
############################################################
 -3.1562820148715991E+00 a         1     0     1     1     1
 -6.1992536624584316E-01 a         2     0     1     1     2
  4.0355132417587294E+00 a         3     0     1     1     3
 -1.0685125744168900E+00 a         4     0     1     1     4
 -1.1140706100021183E+00 a         5     0     1     1     5
  3.0169290039855436E+00 a         6     0     1     1     6
  3.8450873989511543E+00 a         7     0     1     1     7
 -3.6875584419559799E+00 a         8     0     1     1     8
 -2.2503438192040135E+00 a         9     0     1     1     9
  9.9628289722547014E-01 a        10     0     1     1    10
 -2.4057960798481273E+00 a        11     0     1     1    11
  2.9564947778810531E+00 a        12     0     1     1    12
  2.7451450989162689E+00 a        13     0     1     1    13
 -4.1242236482567945E-01 a        14     0     1     1    14
  3.0893857438538181E+00 a        15     0     1     1    15
  1.9740652202180811E+00 a        16     0     1     1    16
 -2.3624731840312121E-01 a        17     0     1     1    17
  1.8047401526876516E+00 a        18     0     1     1    18
 -2.8446882798367081E+00 a        19     0     2     1     1
  1.6263784838757570E-01 a        20     0     2     1     2
 -1.3598569126901592E+00 a        21     0     2     1     3
 -7.7891124919350907E-01 a        22     0     2     1     4
  1.3630188362306206E+00 a        23     0     2     1     5
  3.6315001986037094E+00 a        24     0     2     1     6
 -7.4404733914625887E-01 a        25     0     2     1     7
  4.3927712391645271E+00 a        26     0     2     1     8
  1.2802084778734990E+00 a        27     0     2     1     9
  4.0743351045228984E+00 a        28     0     2     1    10
  4.8147451701766475E-01 a        29     0     2     1    11
  5.6898974782033263E-01 a        30     0     2     1    12
 -8.6763158126928175E-01 a        31     0     2     1    13
 -3.4224563143060507E-02 a        32     0     2     1    14
  1.4186616352871710E+00 a        33     0     2     1    15
 -5.4262218505845328E-01 a        34     0     2     1    16
  4.1469134028457502E+00 a        35     0     2     1    17
  3.1418768354409963E+00 a        36     0     2     1    18
  3.0956746083949409E+00 a        37     0     3     1     1
 -6.4729011763798230E+00 a        38     0     3     1     2
  3.0668336820159321E+00 a        39     0     3     1     3
  2.2973141580607326E+00 a        40     0     3     1     4
 -5.9036154940540397E+00 a        41     0     3     1     5
  2.6596936727928342E+00 a        42     0     3     1     6
 -2.5097465002861585E+00 a        43     0     3     1     7
  8.1608825004710930E+00 a        44     0     3     1     8
 -1.8765237971122259E+00 a        45     0     3     1     9
  3.4276644915660168E+00 a        46     0     3     1    10
  2.1826320321616692E+00 a        47     0     3     1    11
  1.0963868484473153E+01 a        48     0     3     1    12
  6.0349128595945456E-01 a        49     0     3     1    13
 -1.6367981370776299E-01 a        50     0     3     1    14
 -7.7354592612143014E-01 a        51     0     3     1    15
  5.2801978746080040E+00 a        52     0     3     1    16
  8.7652727298310196E-02 a        53     0     3     1    17
 -3.0600894939802590E+00 a        54     0     3     1    18
  2.6579546808648087E+00 a        55     0     4     1     1
 -2.2690315631026396E+00 a        56     0     4     1     2
  3.5020528160450195E+00 a        57     0     4     1     3
 -7.6816996976919372E-01 a        58     0     4     1     4
 -6.0947950344360864E+00 a        59     0     4     1     5
 -1.7862311680239937E+00 a        60     0     4     1     6
  1.2004013447096185E+00 a        61     0     4     1     7
 -3.7172556489400299E+00 a        62     0     4     1     8
 -4.2416054802386425E+00 a        63     0     4     1     9
 -5.1013085339158675E+00 a        64     0     4     1    10
  1.3041632038189861E+00 a        65     0     4     1    11
  1.7786761194342311E+00 a        66     0     4     1    12
  4.4456266423237800E-01 a        67     0     4     1    13
  1.4768050165058511E+00 a        68     0     4     1    14
 -2.9104990756053073E-01 a        69     0     4     1    15
  6.2719342134485574E+00 a        70     0     4     1    16
  2.0575132927109746E-01 a        71     0     4     1    17
  2.1725001137613673E+00 a        72     0     4     1    18
  3.3710643105282436E+00 a        73     0     5     1     1
  3.2533501536044072E+00 a        74     0     5     1     2
 -2.3430619459448385E+00 a        75     0     5     1     3
 -4.6264955154265666E+00 a        76     0     5     1     4
  2.3862462912325184E+00 a        77     0     5     1     5
  2.8523710653998111E+00 a        78     0     5     1     6
 -9.0227052239993466E-01 a        79     0     5     1     7
 -1.2342806489687096E+01 a        80     0     5     1     8
  1.9617532222409075E+00 a        81     0     5     1     9
 -4.4859681917825558E+00 a        82     0     5     1    10
  4.6710392938930836E+00 a        83     0     5     1    11
 -5.4111704189044696E+00 a        84     0     5     1    12
 -1.5280696943394456E+00 a        85     0     5     1    13
  4.6536615959604841E+00 a        86     0     5     1    14
 -6.5080613814778010E-01 a        87     0     5     1    15
  1.3984555731229280E+00 a        88     0     5     1    16
  2.9296231157241439E+00 a        89     0     5     1    17
  1.0678996454953213E+00 a        90     0     5     1    18
  1.5406845615290077E+00 a        91     0     6     1     1
  1.2582363061539465E+00 a        92     0     6     1     2
 -3.4345508120022830E+00 a        93     0     6     1     3
 -3.0840438440824230E-01 a        94     0     6     1     4
  1.2639268294218409E+00 a        95     0     6     1     5
 -2.4451812552975336E+00 a        96     0     6     1     6
 -3.1814883120713691E+00 a        97     0     6     1     7
  3.7077587834416392E+00 a        98     0     6     1     8
  3.9104094361727153E+00 a        99     0     6     1     9
 -5.1837610587446670E-01 a       100     0     6     1    10
  1.4867553015355941E+00 a       101     0     6     1    11
 -4.1938258369539048E+00 a       102     0     6     1    12
 -1.8632216340657060E+00 a       103     0     6     1    13
  1.1150939987859468E-01 a       104     0     6     1    14
 -3.9497518485459149E+00 a       105     0     6     1    15
 -1.8198721671325038E+00 a       106     0     6     1    16
  1.2748070309174653E+00 a       107     0     6     1    17
 -8.0563923224399836E-01 a       108     0     6     1    18
  6.3330611182003604E-01 a       109     0     7     1     1
  1.0904864428168146E+00 a       110     0     7     1     2
 -1.6478313880419480E+00 a       111     0     7     1     3
 -5.1227282193472801E-01 a       112     0     7     1     4
  3.3879509483809880E+00 a       113     0     7     1     5
  3.4815533484284411E-01 a       114     0     7     1     6
  3.3573797966292834E-01 a       115     0     7     1     7
  1.0644872863839767E+00 a       116     0     7     1     8
  2.0229122329320863E+00 a       117     0     7     1     9
  1.5077246782182816E+00 a       118     0     7     1    10
 -1.8668745732725249E+00 a       119     0     7     1    11
 -1.2501906176484148E+00 a       120     0     7     1    12
 -2.8162553152218645E-01 a       121     0     7     1    13
 -2.6246046050327548E-01 a       122     0     7     1    14
 -3.3635087267225067E-01 a       123     0     7     1    15
 -2.1177550209824831E+00 a       124     0     7     1    16
 -1.1326598892903530E+00 a       125     0     7     1    17
 -2.1326856562523768E+00 a       126     0     7     1    18
 -3.4911663232909045E+00 a       127     0     8     1     1
  4.9617326352881619E-01 a       128     0     8     1     2
  2.5109147025044765E+00 a       129     0     8     1     3
  1.8862848560066841E+00 a       130     0     8     1     4
  2.3513964497528128E-01 a       131     0     8     1     5
 -2.5043031787360617E+00 a       132     0     8     1     6
  2.7655243749126419E+00 a       133     0     8     1     7
  4.3479034142488873E+00 a       134     0     8     1     8
 -9.3676791985728924E-02 a       135     0     8     1     9
  2.2890560618240650E+00 a       136     0     8     1    10
 -3.7201907786884933E+00 a       137     0     8     1    11
 -1.7904796167432822E+00 a       138     0     8     1    12
  7.8119870890787124E-01 a       139     0     8     1    13
 -3.8958143839342694E+00 a       140     0     8     1    14
  1.3539602301032103E+00 a       141     0     8     1    15
 -7.2651683705356140E-01 a       142     0     8     1    16
 -2.0716975016936875E-01 a       143     0     8     1    17
  1.0190857618085329E+00 a       144     0     8     1    18
 -4.5364885640171376E-01 a       145     0     9     1     1
 -1.1046931745588446E+00 a       146     0     9     1     2
  2.0483846308494411E+00 a       147     0     9     1     3
  4.2904195224367297E-01 a       148     0     9     1     4
 -5.6456937158250242E-01 a       149     0     9     1     5
  2.5240478427813393E+00 a       150     0     9     1     6
  8.5473323066978701E-01 a       151     0     9     1     7
 -1.6505849536250976E+00 a       152     0     9     1     8
 -2.2851133080075683E+00 a       153     0     9     1     9
  9.1245618018103403E-01 a       154     0     9     1    10
 -8.9958902420594689E-01 a       155     0     9     1    11
  1.9043456883003294E+00 a       156     0     9     1    12
  9.1534112636083387E-01 a       157     0     9     1    13
  1.6005045718535223E-02 a       158     0     9     1    14
  2.8192421205814862E+00 a       159     0     9     1    15
  2.0422866877946979E+00 a       160     0     9     1    16
  1.1505185753173497E-02 a       161     0     9     1    17
  4.4248015354271064E-01 a       162     0     9     1    18
  4.3558965516719512E+00 a       163     0    10     1     1
  1.9519922355045258E+00 a       164     0    10     1     2
 -2.8330828440272060E+00 a       165     0    10     1     3
 -6.4384966579605307E-01 a       166     0    10     1     4
  1.0764993436102313E+00 a       167     0    10     1     5
 -3.5381088887159509E+00 a       168     0    10     1     6
 -3.3039789461613998E+00 a       169     0    10     1     7
  7.3298792597111306E-01 a       170     0    10     1     8
 -1.7193606417667777E+00 a       171     0    10     1     9
  6.3109349908028556E-01 a       172     0    10     1    10
  4.3582318646197269E+00 a       173     0    10     1    11
  2.2600728832655208E+00 a       174     0    10     1    12
 -2.0721001153422858E+00 a       175     0    10     1    13
 -1.5616375863683007E+00 a       176     0    10     1    14
 -4.3996223519781115E+00 a       177     0    10     1    15
  3.4636752196427728E-02 a       178     0    10     1    16
  2.0479075366056452E+00 a       179     0    10     1    17
 -4.1096596861852444E+00 a       180     0    10     1    18
  2.9283173352916765E+00 a       181     0    11     1     1
  1.8695698884228913E+00 a       182     0    11     1     2
 -4.7279489361339744E+00 a       183     0    11     1     3
  2.7674883214698607E+00 a       184     0    11     1     4
  2.2894656172416568E+00 a       185     0    11     1     5
 -1.2657181344458923E+00 a       186     0    11     1     6
  1.1463584704584431E+00 a       187     0    11     1     7
 -7.1870455880536666E+00 a       188     0    11     1     8
  1.2838747269544364E+00 a       189     0    11     1     9
 -7.5209693255603671E-01 a       190     0    11     1    10
 -8.0036806912847891E-01 a       191     0    11     1    11
  6.6452588630777909E-03 a       192     0    11     1    12
 -4.7054733788316533E-01 a       193     0    11     1    13
 -4.1583272415276928E+00 a       194     0    11     1    14
 -3.3535258349538308E+00 a       195     0    11     1    15
 -2.1250956930645013E+00 a       196     0    11     1    16
  1.1620531190414776E+00 a       197     0    11     1    17
 -7.2672988520129636E+00 a       198     0    11     1    18
 -5.2432431465984966E+00 a       199     0    12     1     1
  5.1163935065541366E-01 a       200     0    12     1     2
 -4.9018249842771793E+00 a       201     0    12     1     3
  5.8583205621687795E-01 a       202     0    12     1     4
  2.3474308360433080E+00 a       203     0    12     1     5
 -3.5324959602748862E+00 a       204     0    12     1     6
 -1.5495351643691582E+00 a       205     0    12     1     7
 -2.4691898922638265E+00 a       206     0    12     1     8
 -5.6481125637496810E+00 a       207     0    12     1     9
 -5.4618987942006370E-01 a       208     0    12     1    10
 -2.8463868706131001E+00 a       209     0    12     1    11
 -2.6220720945244871E+00 a       210     0    12     1    12
 -1.9710714289562714E+00 a       211     0    12     1    13
 -6.0246263864005911E+00 a       212     0    12     1    14
 -4.5933351679492734E-01 a       213     0    12     1    15
 -5.2374298153068208E+00 a       214     0    12     1    16
 -3.7668037877269250E-01 a       215     0    12     1    17
  5.1885070576147052E-01 a       216     0    12     1    18
 -1.3949546871530611E+00 a       217     0    13     1     1
  1.5687821544795655E+00 a       218     0    13     1     2
  2.6452284560267150E+00 a       219     0    13     1     3
  2.2635395174493649E+00 a       220     0    13     1     4
 -2.3323230506717620E+00 a       221     0    13     1     5
 -2.8632353953518386E-01 a       222     0    13     1     6
  9.2207820109378436E-01 a       223     0    13     1     7
  1.2450479521588058E+00 a       224     0    13     1     8
 -3.2755453060997697E+00 a       225     0    13     1     9
 -3.1604111390218204E-01 a       226     0    13     1    10
 -2.4702841245025195E-01 a       227     0    13     1    11
  1.5189277424907759E+00 a       228     0    13     1    12
 -2.8775497595691295E+00 a       229     0    13     1    13
  7.3972064326989517E-01 a       230     0    13     1    14
  1.2435853764838176E+00 a       231     0    13     1    15
 -2.5995864713806838E+00 a       232     0    13     1    16
 -2.5430336519450331E-01 a       233     0    13     1    17
 -1.7923405923095472E+00 a       234     0    13     1    18
 -2.7999869565644775E+00 a       235     0    14     1     1
 -5.1494256669153851E+00 a       236     0    14     1     2
 -2.7029132416137247E+00 a       237     0    14     1     3
  4.0891620629014086E-01 a       238     0    14     1     4
  1.5544399159502262E+00 a       239     0    14     1     5
 -1.9805440068527578E+00 a       240     0    14     1     6
 -1.1670595738361602E+00 a       241     0    14     1     7
  2.2281137321652302E+00 a       242     0    14     1     8
 -1.3407497640877646E+00 a       243     0    14     1     9
  7.2050781314651735E-01 a       244     0    14     1    10
 -1.9663769842898347E+00 a       245     0    14     1    11
  6.9342344690186331E-01 a       246     0    14     1    12
 -7.3230861401757597E-01 a       247     0    14     1    13
 -1.2774154841357952E+00 a       248     0    14     1    14
 -8.6213631727361895E-01 a       249     0    14     1    15
  9.2084616422020593E-01 a       250     0    14     1    16
 -2.4420206511070095E+00 a       251     0    14     1    17
  9.7501546468416422E-01 a       252     0    14     1    18
 -1.0293155956174467E+00 a       253     0    15     1     1
  1.3813216492615565E+00 a       254     0    15     1     2
  2.8267172568198817E+00 a       255     0    15     1     3
  2.3377965121066269E+00 a       256     0    15     1     4
 -3.0928120293551914E-01 a       257     0    15     1     5
  2.3686777778044438E-01 a       258     0    15     1     6
  7.3041755997090096E-01 a       259     0    15     1     7
 -1.7954135595337937E+00 a       260     0    15     1     8
  9.7930838301051926E-01 a       261     0    15     1     9
 -4.2019788662696411E-01 a       262     0    15     1    10
 -1.3496051708181829E+00 a       263     0    15     1    11
  4.8964287710238592E+00 a       264     0    15     1    12
 -2.2445712709484318E+00 a       265     0    15     1    13
 -2.0303203352962171E+00 a       266     0    15     1    14
 -1.5804720671686046E-01 a       267     0    15     1    15
  3.1150286460067145E-01 a       268     0    15     1    16
 -2.7533736244710481E+00 a       269     0    15     1    17
 -1.7169088345139398E+00 a       270     0    15     1    18
  1.3773264683192967E+00 a       271     0    16     1     1
  2.6788279918164357E+00 a       272     0    16     1     2
  1.1756507131282268E+00 a       273     0    16     1     3
 -5.2776559547192408E+00 a       274     0    16     1     4
 -3.4621646384958997E+00 a       275     0    16     1     5
  4.0475200178741186E+00 a       276     0    16     1     6
 -5.1966989793039475E-01 a       277     0    16     1     7
  3.4103259464771214E+00 a       278     0    16     1     8
  2.4238582257886363E+00 a       279     0    16     1     9
 -2.4167176584836896E+00 a       280     0    16     1    10
  7.3544322176749732E-01 a       281     0    16     1    11
  5.1174944893817456E+00 a       282     0    16     1    12
 -4.5099381574189881E+00 a       283     0    16     1    13
  6.9361603976214992E-01 a       284     0    16     1    14
 -1.1579933720051616E+00 a       285     0    16     1    15
  3.0569948871849446E+00 a       286     0    16     1    16
  3.2133050183955176E+00 a       287     0    16     1    17
  6.3834653831184553E+00 a       288     0    16     1    18
 -1.5841551830462521E+00 a       289     0    17     1     1
  1.2544504463297763E+00 a       290     0    17     1     2
  1.9632393608289618E-02 a       291     0    17     1     3
  1.0455150808263469E+00 a       292     0    17     1     4
  1.5004978383123588E+00 a       293     0    17     1     5
 -3.0974861868747596E+00 a       294     0    17     1     6
  1.7228301747138712E+00 a       295     0    17     1     7
 -9.5039202268181044E-01 a       296     0    17     1     8
  3.0197648604793055E+00 a       297     0    17     1     9
 -9.6518263417450650E-04 a       298     0    17     1    10
  9.9188485431666806E-01 a       299     0    17     1    11
 -1.6810096490156132E+00 a       300     0    17     1    12
 -8.2469670968839981E-01 a       301     0    17     1    13
  1.0172528951150113E+00 a       302     0    17     1    14
 -2.0311983277222496E+00 a       303     0    17     1    15
 -1.0897099785900124E+00 a       304     0    17     1    16
 -7.9898637285710961E-01 a       305     0    17     1    17
 -4.0236291740444929E-01 a       306     0    17     1    18
 -8.0536052800694802E-01 a       307     0    18     1     1
  7.3365141735834671E-01 a       308     0    18     1     2
  1.3588454467208742E+00 a       309     0    18     1     3
 -4.3360753346031572E-01 a       310     0    18     1     4
 -1.7640017814828448E+00 a       311     0    18     1     5
  1.5242707560406259E+00 a       312     0    18     1     6
  1.4727496760693437E+00 a       313     0    18     1     7
  1.2788430209220583E+00 a       314     0    18     1     8
  4.0788972249819155E-01 a       315     0    18     1     9
 -1.4302599242887051E+00 a       316     0    18     1    10
 -2.9457642113620375E-01 a       317     0    18     1    11
  7.2426686682010177E-01 a       318     0    18     1    12
 -7.0962830861070536E-01 a       319     0    18     1    13
  1.0093041184104954E+00 a       320     0    18     1    14
  3.4718536112448950E-01 a       321     0    18     1    15
  1.6077857674376747E-01 a       322     0    18     1    16
 -2.3458482234993339E+00 a       323     0    18     1    17
  2.7165845989479392E-02 a       324     0    18     1    18
 -1.0263497478226566E+00 a       325     0    19     1     1
  1.9595517446562891E+00 a       326     0    19     1     2
  2.4097865142591863E+00 a       327     0    19     1     3
  7.8603414615016998E-01 a       328     0    19     1     4
  1.3173120633642659E+00 a       329     0    19     1     5
  2.3473485151258802E-01 a       330     0    19     1     6
  2.1091678796656521E+00 a       331     0    19     1     7
  6.8975323248440445E-01 a       332     0    19     1     8
 -1.3007318750953385E+00 a       333     0    19     1     9
  2.0583747936819125E-01 a       334     0    19     1    10
  1.2352780618305894E+00 a       335     0    19     1    11
  7.2448914107225759E-01 a       336     0    19     1    12
  2.0472591519394093E-01 a       337     0    19     1    13
  8.5427740738995006E-01 a       338     0    19     1    14
  5.5006285573193991E-01 a       339     0    19     1    15
 -2.6671380764700889E+00 a       340     0    19     1    16
 -6.3174371723197731E-01 a       341     0    19     1    17
  1.5736883876822749E+00 a       342     0    19     1    18
  3.4922692172831167E+00 a       343     0    20     1     1
 -7.1514187475856383E-01 a       344     0    20     1     2
  2.4540433015243993E-01 a       345     0    20     1     3
 -1.9451620324513881E+00 a       346     0    20     1     4
 -1.1308331171547024E+00 a       347     0    20     1     5
 -2.2415035572110198E+00 a       348     0    20     1     6
 -3.2238597119029047E+00 a       349     0    20     1     7
  3.7793880504806621E-01 a       350     0    20     1     8
  6.3909491040109856E-01 a       351     0    20     1     9
  1.6471089713992229E+00 a       352     0    20     1    10
 -2.0438391552262627E+00 a       353     0    20     1    11
 -3.1862239563798664E+00 a       354     0    20     1    12
  2.7763594303178527E+00 a       355     0    20     1    13
  1.0881844884353680E+00 a       356     0    20     1    14
  5.2504312461378233E-01 a       357     0    20     1    15
  1.5782558176840660E+00 a       358     0    20     1    16
 -3.5011317023081348E+00 a       359     0    20     1    17
  1.1964780761545311E+00 a       360     0    20     1    18
  1.2663666943814984E+00 a       361     0    21     1     1
 -6.2013882526336594E+00 a       362     0    21     1     2
  2.7243234400732796E-01 a       363     0    21     1     3
  2.0320920838744064E-01 a       364     0    21     1     4
  4.6549282813101067E+00 a       365     0    21     1     5
 -3.5008330713118796E+00 a       366     0    21     1     6
 -1.9471408776513268E+00 a       367     0    21     1     7
  1.5715951022684032E+00 a       368     0    21     1     8
  2.3750498596311793E+00 a       369     0    21     1     9
 -7.5821906348274815E-01 a       370     0    21     1    10
 -3.8902267252054651E-01 a       371     0    21     1    11
 -4.5290098772838725E+00 a       372     0    21     1    12
  5.7738619118650876E+00 a       373     0    21     1    13
  1.3434475887535207E+00 a       374     0    21     1    14
  5.7697721727365192E-01 a       375     0    21     1    15
  2.8017395033860981E+00 a       376     0    21     1    16
 -8.2337346686804711E+00 a       377     0    21     1    17
  1.6974629350501367E+00 a       378     0    21     1    18
  6.0872626266399277E-01 a       379     0    22     1     1
 -2.1945550971335979E+00 a       380     0    22     1     2
 -1.7182372073192573E-01 a       381     0    22     1     3
  1.3981962374557408E+00 a       382     0    22     1     4
  4.4304784007506059E-01 a       383     0    22     1     5
 -2.4384954305105646E+00 a       384     0    22     1     6
 -2.7838984873466717E+00 a       385     0    22     1     7
 -3.7846585392040299E-01 a       386     0    22     1     8
  1.0961855797095197E+00 a       387     0    22     1     9
 -1.1586471905298874E+00 a       388     0    22     1    10
 -2.9645607963835130E+00 a       389     0    22     1    11
 -6.3285402924003469E+00 a       390     0    22     1    12
  3.8315577168319179E+00 a       391     0    22     1    13
 -3.3857161124116875E-01 a       392     0    22     1    14
  4.1300176582221422E+00 a       393     0    22     1    15
  4.7288659676803663E-01 a       394     0    22     1    16
 -5.3181472079906911E+00 a       395     0    22     1    17
  3.3108138228265802E+00 a       396     0    22     1    18
 -1.4796192288408618E+00 a       397     0    23     1     1
  6.8684304489525019E+00 a       398     0    23     1     2
  9.6826284536391993E-01 a       399     0    23     1     3
  1.0601826905304585E+00 a       400     0    23     1     4
 -5.7844137594078111E+00 a       401     0    23     1     5
  1.2135470239210471E+00 a       402     0    23     1     6
 -3.8415875256000748E-01 a       403     0    23     1     7
 -5.2722885627865157E+00 a       404     0    23     1     8
 -1.3311966608834487E+00 a       405     0    23     1     9
 -3.0826667413025333E+00 a       406     0    23     1    10
  2.8330611927579881E+00 a       407     0    23     1    11
  9.2139922401277496E-01 a       408     0    23     1    12
 -1.0766860312399467E+00 a       409     0    23     1    13
  5.7352442518462488E-01 a       410     0    23     1    14
  3.3368870369007873E+00 a       411     0    23     1    15
 -3.0283348700621651E+00 a       412     0    23     1    16
  8.8604823221915421E+00 a       413     0    23     1    17
 -2.5777419858146371E+00 a       414     0    23     1    18
 -3.8745215733260205E+00 a       415     0    24     1     1
 -3.3216722038035118E+00 a       416     0    24     1     2
 -1.6289784886297456E+00 a       417     0    24     1     3
 -1.5028334560815522E+00 a       418     0    24     1     4
 -1.3094740719744966E+00 a       419     0    24     1     5
  8.1854663983778275E-01 a       420     0    24     1     6
 -6.5398600441167376E-01 a       421     0    24     1     7
  2.9907523363533985E+00 a       422     0    24     1     8
 -2.1514895395839333E+00 a       423     0    24     1     9
  4.6040930397145774E-01 a       424     0    24     1    10
  1.3233711518645397E+00 a       425     0    24     1    11
 -2.1680586611462549E+00 a       426     0    24     1    12
  3.2042695912039862E+00 a       427     0    24     1    13
 -6.4716876813559765E-01 a       428     0    24     1    14
  1.8043808705244742E+00 a       429     0    24     1    15
  2.2028172019615055E-01 a       430     0    24     1    16
 -5.8533711817986800E-01 a       431     0    24     1    17
  1.0628110839979692E+00 a       432     0    24     1    18
 -2.6533907037147233E+00 a       433     0    25     1     1
 -4.8005941298010701E-01 a       434     0    25     1     2
 -6.2102380472671093E-01 a       435     0    25     1     3
  5.6878134819676154E+00 a       436     0    25     1     4
 -4.5647673020400786E-01 a       437     0    25     1     5
 -4.0553003476280276E+00 a       438     0    25     1     6
  8.6216061788365661E-01 a       439     0    25     1     7
 -1.8059349855039034E-01 a       440     0    25     1     8
 -2.9447978557853514E+00 a       441     0    25     1     9
  2.5370951439268712E+00 a       442     0    25     1    10
  1.7454297967919845E+00 a       443     0    25     1    11
 -3.1912121514751033E+00 a       444     0    25     1    12
  1.8990788821398137E-03 a       445     0    25     1    13
  9.7980226239390211E-01 a       446     0    25     1    14
  1.6164820877330915E-01 a       447     0    25     1    15
 -3.4444048781470542E+00 a       448     0    25     1    16
  2.1523211149562838E+00 a       449     0    25     1    17
 -6.2586964393207012E+00 a       450     0    25     1    18
  8.1889334198990538E-01 a       451     0    26     1     1
 -1.3303352197977905E+00 a       452     0    26     1     2
  1.6053474968089851E+00 a       453     0    26     1     3
 -9.8142632231743598E-01 a       454     0    26     1     4
 -7.2305828987174400E-02 a       455     0    26     1     5
 -6.5076673394596884E-02 a       456     0    26     1     6
 -1.3095694229550519E+00 a       457     0    26     1     7
 -2.2550524305077730E+00 a       458     0    26     1     8
  2.1207158202849266E-01 a       459     0    26     1     9
  1.5964851300841696E+00 a       460     0    26     1    10
  1.2292994395743768E+00 a       461     0    26     1    11
  1.2495823420666152E-01 a       462     0    26     1    12
 -3.0815286126672708E-01 a       463     0    26     1    13
  1.6717714819451515E+00 a       464     0    26     1    14
 -7.7823347318012348E-01 a       465     0    26     1    15
  4.1196004063486926E+00 a       466     0    26     1    16
  4.0551036033589636E+00 a       467     0    26     1    17
  4.4031237724108035E-01 a       468     0    26     1    18
  4.4679704504396199E-02 a       469     0    27     1     1
 -2.0132455380821890E+00 a       470     0    27     1     2
  1.5235339433598520E+00 a       471     0    27     1     3
  1.9972108278949363E-01 a       472     0    27     1     4
 -5.3860237344658790E-01 a       473     0    27     1     5
  5.1554111771673332E+00 a       474     0    27     1     6
 -3.6592881620263945E-01 a       475     0    27     1     7
 -2.6557764656808125E+00 a       476     0    27     1     8
  1.5880767885627520E-01 a       477     0    27     1     9
  6.2871678191498492E-01 a       478     0    27     1    10
 -2.2740927958285759E+00 a       479     0    27     1    11
  1.0225861667873095E+00 a       480     0    27     1    12
  1.9627697614174213E+00 a       481     0    27     1    13
 -2.6346479979585458E-01 a       482     0    27     1    14
  1.8926596486869836E+00 a       483     0    27     1    15
  1.1366712153029117E+00 a       484     0    27     1    16
 -3.4240275502179268E-01 a       485     0    27     1    17
 -2.6564031396854828E+00 a       486     0    27     1    18
  1.2106965022593561E+00 a       487     0    28     1     1
 -2.0412325481915223E+00 a       488     0    28     1     2
 -7.1566750648620814E-01 a       489     0    28     1     3
 -4.9689457808455334E-01 a       490     0    28     1     4
  2.3512508306099784E+00 a       491     0    28     1     5
  4.4690201099432700E+00 a       492     0    28     1     6
  4.9737114871040822E+00 a       493     0    28     1     7
 -5.5355972067105685E-01 a       494     0    28     1     8
  7.6641828841575299E-01 a       495     0    28     1     9
  1.4658316297074554E+00 a       496     0    28     1    10
 -1.1120394508360780E+00 a       497     0    28     1    11
  7.1158478174053463E-01 a       498     0    28     1    12
 -1.7428727886273127E-01 a       499     0    28     1    13
 -7.1677267967054781E-01 a       500     0    28     1    14
  2.8826818939204135E+00 a       501     0    28     1    15
 -1.3139032556700869E+00 a       502     0    28     1    16
 -2.4694474852113184E+00 a       503     0    28     1    17
  1.1327217405835981E+00 a       504     0    28     1    18
  6.2657417811241856E-01 a       505     0    29     1     1
  3.6714807159065255E-01 a       506     0    29     1     2
  1.0027853047544040E+00 a       507     0    29     1     3
  5.7596824294401305E-01 a       508     0    29     1     4
 -8.2554530052823993E-01 a       509     0    29     1     5
  2.9681074017975697E+00 a       510     0    29     1     6
 -4.0858542825161875E-01 a       511     0    29     1     7
  1.6691577776346136E+00 a       512     0    29     1     8
 -2.5702473451616998E+00 a       513     0    29     1     9
 -6.8127548698175922E-01 a       514     0    29     1    10
 -6.6639108329003116E-01 a       515     0    29     1    11
  2.0135716285221203E+00 a       516     0    29     1    12
 -9.4007912196934740E-01 a       517     0    29     1    13
 -1.2085099564578903E+00 a       518     0    29     1    14
  7.8360939895359882E-01 a       519     0    29     1    15
 -4.8980656727049898E-01 a       520     0    29     1    16
 -1.8214723373483696E-01 a       521     0    29     1    17
  5.9094612540479030E-01 a       522     0    29     1    18
  1.9600877904679799E+00 a       523     0    30     1     1
  2.2154029271395723E+00 a       524     0    30     1     2
 -1.5865791236150999E+00 a       525     0    30     1     3
 -2.7229307779295651E+00 a       526     0    30     1     4
  8.6066773993564074E-03 a       527     0    30     1     5
 -1.3081739060887707E+00 a       528     0    30     1     6
 -2.8515405178460496E+00 a       529     0    30     1     7
  9.2445972769552298E-01 a       530     0    30     1     8
 -7.0368764127961059E-01 a       531     0    30     1     9
 -3.6291183341611588E-01 a       532     0    30     1    10
  8.7127572407939902E-01 a       533     0    30     1    11
  1.6757814716582344E+00 a       534     0    30     1    12
 -3.2985577146488638E+00 a       535     0    30     1    13
 -1.5422297529455282E+00 a       536     0    30     1    14
 -7.0724107858137042E-01 a       537     0    30     1    15
  2.3613078457179766E+00 a       538     0    30     1    16
  5.1622106592522696E+00 a       539     0    30     1    17
  4.3689302866275437E+00 a       540     0    30     1    18
  1.7255185313269730E+00 a       541     0    31     1     1
 -3.2499591057095780E+00 a       542     0    31     1     2
 -8.2318907072496406E-01 a       543     0    31     1     3
 -1.6639227588605714E+00 a       544     0    31     1     4
  6.9721252344184248E-03 a       545     0    31     1     5
 -1.8187955979633592E+00 a       546     0    31     1     6
 -4.1177193820546538E+00 a       547     0    31     1     7
  2.7244924242853639E+00 a       548     0    31     1     8
  1.5357868941573554E+00 a       549     0    31     1     9
 -2.2289023949259928E-01 a       550     0    31     1    10
 -1.8890140579289811E+00 a       551     0    31     1    11
  4.7613043930033222E-01 a       552     0    31     1    12
 -2.8713912325076141E-01 a       553     0    31     1    13
 -7.7652349273896859E-01 a       554     0    31     1    14
 -4.7387081976382568E+00 a       555     0    31     1    15
  6.9499506820077182E+00 a       556     0    31     1    16
 -4.1760182701127563E-01 a       557     0    31     1    17
 -2.3019354479111556E+00 a       558     0    31     1    18
 -8.4169233736241056E-01 a       559     0    32     1     1
 -1.5835479962495593E+00 a       560     0    32     1     2
 -2.8330451981385738E+00 a       561     0    32     1     3
 -1.5756136071038915E+00 a       562     0    32     1     4
  1.1605994639021142E+00 a       563     0    32     1     5
  1.6723124016071529E+00 a       564     0    32     1     6
  6.7469441806696229E-01 a       565     0    32     1     7
 -1.5486916347792439E+00 a       566     0    32     1     8
  3.2387723338647056E+00 a       567     0    32     1     9
 -1.5022014090514175E+00 a       568     0    32     1    10
 -1.0144634496689160E+00 a       569     0    32     1    11
 -3.4762297588182594E+00 a       570     0    32     1    12
  2.6479747135203788E+00 a       571     0    32     1    13
  2.2061211478774343E+00 a       572     0    32     1    14
 -1.0804977351113803E+00 a       573     0    32     1    15
 -7.0107062565815048E-01 a       574     0    32     1    16
  8.0272261457454319E-01 a       575     0    32     1    17
  7.0270645919150165E-01 a       576     0    32     1    18
  4.3098680936415477E+00 a       577     0    33     1     1
  3.3909779411733156E+00 a       578     0    33     1     2
  1.8704587350592594E+00 a       579     0    33     1     3
 -1.8933013122068127E+00 a       580     0    33     1     4
 -4.1637309943237222E-01 a       581     0    33     1     5
  2.5342997738050688E+00 a       582     0    33     1     6
  1.1849924166122747E+00 a       583     0    33     1     7
  2.7523877779239947E+00 a       584     0    33     1     8
  7.1179261660303812E+00 a       585     0    33     1     9
 -2.5619697261027476E+00 a       586     0    33     1    10
  2.9131777840376110E+00 a       587     0    33     1    11
  4.6719836887424391E+00 a       588     0    33     1    12
 -9.2624915687508769E-01 a       589     0    33     1    13
  2.6304121909719096E+00 a       590     0    33     1    14
 -3.9992258528743494E+00 a       591     0    33     1    15
  2.1149945396544556E+00 a       592     0    33     1    16
  9.2892287329772150E-01 a       593     0    33     1    17
 -5.0486342952142751E+00 a       594     0    33     1    18
  1.2030761011242661E+00 a       595     0    34     1     1
  4.3931120054904987E-01 a       596     0    34     1     2
 -1.3901769699971722E+00 a       597     0    34     1     3
 -1.5005862211306126E-01 a       598     0    34     1     4
  4.3403660820061535E-01 a       599     0    34     1     5
  1.3614517953541339E+00 a       600     0    34     1     6
 -1.1084071644164466E+00 a       601     0    34     1     7
 -1.4064881860773010E-01 a       602     0    34     1     8
  5.5560296686106847E-01 a       603     0    34     1     9
 -5.8260078068951715E-01 a       604     0    34     1    10
  3.6143939235945000E-01 a       605     0    34     1    11
  4.9895661804262964E-01 a       606     0    34     1    12
 -5.6034208393993545E-01 a       607     0    34     1    13
 -2.7403443565369573E-01 a       608     0    34     1    14
  3.9947651189240224E-01 a       609     0    34     1    15
 -1.8374971358386682E-01 a       610     0    34     1    16
 -4.2661304083427408E-02 a       611     0    34     1    17
  5.5340373563345269E-01 a       612     0    34     1    18
 -8.6144758426785081E-02 a       613     0    35     1     1
 -3.5079146761642271E-01 a       614     0    35     1     2
 -2.9082147586263724E-01 a       615     0    35     1     3
  1.0102198093614512E+00 a       616     0    35     1     4
  1.9203537215025218E-01 a       617     0    35     1     5
  1.3738444619375775E-01 a       618     0    35     1     6
 -1.5316865659799528E+00 a       619     0    35     1     7
 -1.0432582838719071E+00 a       620     0    35     1     8
 -1.2717277545617012E-01 a       621     0    35     1     9
 -8.8736744538642065E-01 a       622     0    35     1    10
  3.2493748065125300E-01 a       623     0    35     1    11
  6.0356078921076561E-01 a       624     0    35     1    12
  3.6387428130478638E-03 a       625     0    35     1    13
 -9.3217378808252049E-01 a       626     0    35     1    14
 -2.0169720645195860E-01 a       627     0    35     1    15
  3.9028331085316098E-01 a       628     0    35     1    16
  6.4219312412530146E-03 a       629     0    35     1    17
 -2.1905729926296097E-01 a       630     0    35     1    18
 -4.0890133186605881E-01 a       631     0    36     1     1
 -1.7548335310645342E+00 a       632     0    36     1     2
 -2.4147291810218388E+00 a       633     0    36     1     3
 -1.1032215732440729E+00 a       634     0    36     1     4
 -1.2291351667092185E+00 a       635     0    36     1     5
  1.5856731800978001E+00 a       636     0    36     1     6
 -1.3021472999379502E+00 a       637     0    36     1     7
  1.3938926539315652E-01 a       638     0    36     1     8
  1.8669632820513105E-01 a       639     0    36     1     9
 -1.8162739124758294E+00 a       640     0    36     1    10
 -3.2887638134841013E+00 a       641     0    36     1    11
 -1.7513399177706993E-01 a       642     0    36     1    12
 -1.6623164784515529E+00 a       643     0    36     1    13
 -8.3828682322185955E-01 a       644     0    36     1    14
  1.6322481018779424E+00 a       645     0    36     1    15
  8.6078750379924673E-01 a       646     0    36     1    16
 -7.2270619740968334E-01 a       647     0    36     1    17
 -7.0437461440943372E-01 a       648     0    36     1    18
 -1.6891310781659163E+00 a       649     0    37     1     1
  5.9072569072773851E-01 a       650     0    37     1     2
 -1.5501851571399359E+00 a       651     0    37     1     3
  2.9211896050565372E-01 a       652     0    37     1     4
  5.8931618223249249E-01 a       653     0    37     1     5
  6.3447402084430238E-01 a       654     0    37     1     6
  2.9044226850475270E+00 a       655     0    37     1     7
  8.1921663710500403E-01 a       656     0    37     1     8
  1.1235192091608555E+00 a       657     0    37     1     9
 -2.6625077419799639E+00 a       658     0    37     1    10
  5.1550549711833291E-03 a       659     0    37     1    11
 -4.2939432757259871E-01 a       660     0    37     1    12
 -1.1392265029917628E+00 a       661     0    37     1    13
  9.2823715807905804E-01 a       662     0    37     1    14
 -1.3593233930005644E+00 a       663     0    37     1    15
  2.4349873727408786E-01 a       664     0    37     1    16
  5.8908364948185521E-01 a       665     0    37     1    17
  1.6166302522300044E+00 a       666     0    37     1    18
  1.4590594813974598E+00 a       667     0    38     1     1
  5.3166960149562925E-01 a       668     0    38     1     2
 -2.8588588664893222E-01 a       669     0    38     1     3
 -1.2712371317600855E+00 a       670     0    38     1     4
 -2.8762981050966996E-01 a       671     0    38     1     5
  8.3085909013251441E-02 a       672     0    38     1     6
 -6.1328792228481155E-01 a       673     0    38     1     7
 -2.4679501711747545E-01 a       674     0    38     1     8
  4.5438318954687035E-01 a       675     0    38     1     9
 -9.6953105251422977E-01 a       676     0    38     1    10
  2.7756967933615273E-01 a       677     0    38     1    11
  1.1571861440070714E+00 a       678     0    38     1    12
 -1.4745708884164608E+00 a       679     0    38     1    13
 -4.4838774595937797E-01 a       680     0    38     1    14
 -4.8936433929323975E-01 a       681     0    38     1    15
  5.0341576157150303E-01 a       682     0    38     1    16
  5.8145885135281306E-01 a       683     0    38     1    17
  6.5177606383774211E-01 a       684     0    38     1    18
  2.3720980181563048E-01 a       685     0    39     1     1
 -1.2551692073524454E+00 a       686     0    39     1     2
 -3.1930724295502158E+00 a       687     0    39     1     3
 -8.2372721396352389E-01 a       688     0    39     1     4
 -2.1159628158353092E+00 a       689     0    39     1     5
  5.6190132477359569E+00 a       690     0    39     1     6
  2.9212406761099041E+00 a       691     0    39     1     7
 -1.7672527432819283E+00 a       692     0    39     1     8
 -8.6497696445056660E-01 a       693     0    39     1     9
 -2.5968503360591875E+00 a       694     0    39     1    10
 -2.8758296626738913E+00 a       695     0    39     1    11
 -8.1199614423198702E-02 a       696     0    39     1    12
  1.1737225718125481E+00 a       697     0    39     1    13
  8.9949037793103459E-01 a       698     0    39     1    14
  4.6264701787684190E+00 a       699     0    39     1    15
  1.6759167361649702E-01 a       700     0    39     1    16
 -1.6501003358492057E+00 a       701     0    39     1    17
 -3.5990634186259418E-01 a       702     0    39     1    18
 -2.2135135831541081E-01 a       703     0    40     1     1
  2.8288281703047846E+00 a       704     0    40     1     2
 -1.0033980506759640E-01 a       705     0    40     1     3
  8.1060599714648196E-01 a       706     0    40     1     4
 -5.4216801186364760E-01 a       707     0    40     1     5
 -1.2487926719624567E+00 a       708     0    40     1     6
  1.3035373094022442E+00 a       709     0    40     1     7
 -2.3121204391315700E-01 a       710     0    40     1     8
  5.3036111214638950E+00 a       711     0    40     1     9
 -3.7368940075484507E+00 a       712     0    40     1    10
  2.0308309041060499E+00 a       713     0    40     1    11
  1.6815258164444530E-01 a       714     0    40     1    12
 -4.1333011191112812E+00 a       715     0    40     1    13
  4.3783937031511871E-01 a       716     0    40     1    14
  4.4945071473437981E-01 a       717     0    40     1    15
 -4.7597116007479978E-01 a       718     0    40     1    16
 -1.4851379952356012E+00 a       719     0    40     1    17
 -1.3097600350959955E+00 a       720     0    40     1    18
 -9.4934258293716622E-01 a       721     0    41     1     1
  2.1530574786708254E-02 a       722     0    41     1     2
  2.7453949022296742E-01 a       723     0    41     1     3
 -9.3128133840480931E-01 a       724     0    41     1     4
  3.1275065407032643E-01 a       725     0    41     1     5
 -9.5698641599345813E-01 a       726     0    41     1     6
 -1.8587539774125161E-01 a       727     0    41     1     7
 -2.6386582819199873E+00 a       728     0    41     1     8
  3.3815749596389798E-02 a       729     0    41     1     9
 -1.8043961300642193E+00 a       730     0    41     1    10
 -4.2192164829336865E-01 a       731     0    41     1    11
  8.9430089111590538E-01 a       732     0    41     1    12
 -8.5521622346383686E-01 a       733     0    41     1    13
 -2.0810222240715323E-01 a       734     0    41     1    14
  1.6941845369381869E+00 a       735     0    41     1    15
 -1.0272791819959448E+00 a       736     0    41     1    16
 -1.0402790554002705E+00 a       737     0    41     1    17
 -6.5481629312703538E-01 a       738     0    41     1    18
  3.9757889741487626E+00 a       739     0    42     1     1
  7.0905189406974563E+00 a       740     0    42     1     2
 -1.6268302044183129E+00 a       741     0    42     1     3
 -3.4083654090554796E+00 a       742     0    42     1     4
 -6.2402108911218326E+00 a       743     0    42     1     5
 -1.4051006354503595E+00 a       744     0    42     1     6
  4.9562167793002212E+00 a       745     0    42     1     7
 -2.2446415994752749E+00 a       746     0    42     1     8
  1.2286800557990311E+01 a       747     0    42     1     9
  2.6454323021086146E-01 a       748     0    42     1    10
 -7.6887926009895473E+00 a       749     0    42     1    11
 -4.5444160612988851E+00 a       750     0    42     1    12
 -6.0019477824789702E-01 a       751     0    42     1    13
 -6.3281962463174102E+00 a       752     0    42     1    14
 -4.9795390728126021E+00 a       753     0    42     1    15
  4.5655651805275994E+00 a       754     0    42     1    16
  2.8041725993472422E-01 a       755     0    42     1    17
  4.7039012963654203E+00 a       756     0    42     1    18
 -4.7961391811868404E-01 a       757     0    43     1     1
 -3.1418016777442093E+00 a       758     0    43     1     2
  2.9664913939100818E-01 a       759     0    43     1     3
  1.6180269423614617E+00 a       760     0    43     1     4
  1.6532480771134830E+00 a       761     0    43     1     5
 -1.1817272462403414E+00 a       762     0    43     1     6
 -1.5327282641545077E+00 a       763     0    43     1     7
 -4.7855226567737102E-01 a       764     0    43     1     8
  2.1083438524031095E+00 a       765     0    43     1     9
  2.7783856659229187E+00 a       766     0    43     1    10
 -4.9815524660009297E-01 a       767     0    43     1    11
 -2.5746055024824961E+00 a       768     0    43     1    12
  2.5272583686107217E-02 a       769     0    43     1    13
 -2.7605552501230415E+00 a       770     0    43     1    14
  2.1475018779083244E+00 a       771     0    43     1    15
  7.6556995715124143E-01 a       772     0    43     1    16
  2.3232622681072375E+00 a       773     0    43     1    17
 -1.6443604940904227E-01 a       774     0    43     1    18
 -1.9130876231125251E+00 a       775     0    44     1     1
 -2.8319103883207752E+00 a       776     0    44     1     2
 -1.9435766178917754E-01 a       777     0    44     1     3
  1.1383985437201845E+00 a       778     0    44     1     4
 -2.9638818662212536E+00 a       779     0    44     1     5
 -3.6030872645950365E+00 a       780     0    44     1     6
  2.3480931041505526E+00 a       781     0    44     1     7
  1.3317358213155930E+00 a       782     0    44     1     8
 -1.0620344149900094E+00 a       783     0    44     1     9
 -1.0814720302537708E+00 a       784     0    44     1    10
  1.2563185709981401E+00 a       785     0    44     1    11
 -1.3834732013161111E+00 a       786     0    44     1    12
 -1.3627484359448567E+00 a       787     0    44     1    13
  2.1445665953373134E+00 a       788     0    44     1    14
  3.1788285681532895E+00 a       789     0    44     1    15
 -2.7914991196839217E-01 a       790     0    44     1    16
 -1.1201554671980138E+00 a       791     0    44     1    17
 -2.3275485286746047E+00 a       792     0    44     1    18
 -5.0594728562975604E+00 a       793     0    45     1     1
 -3.4983893941818089E+00 a       794     0    45     1     2
  4.7198879356661756E+00 a       795     0    45     1     3
 -2.1019049415780660E+00 a       796     0    45     1     4
  1.0286224055747524E+00 a       797     0    45     1     5
  2.7161383888785755E+00 a       798     0    45     1     6
 -4.6925939107906913E+00 a       799     0    45     1     7
 -4.3266748321105677E+00 a       800     0    45     1     8
 -2.1118040748476027E-01 a       801     0    45     1     9
  3.5684157843760453E+00 a       802     0    45     1    10
  2.4009170623963710E-01 a       803     0    45     1    11
  3.0970642325040001E+00 a       804     0    45     1    12
 -6.1981548994037550E-01 a       805     0    45     1    13
 -4.0891140457832096E+00 a       806     0    45     1    14
  2.9254472579024027E+00 a       807     0    45     1    15
 -2.6412229106606984E+00 a       808     0    45     1    16
 -8.3334026609380718E-01 a       809     0    45     1    17
  1.3211786189744414E+00 a       810     0    45     1    18
  1.8612706747445218E+00 a       811     0    46     1     1
 -2.6699143519441741E+00 a       812     0    46     1     2
  6.2629110319625170E-01 a       813     0    46     1     3
 -3.7217256889123758E+00 a       814     0    46     1     4
  2.9624294558363715E+00 a       815     0    46     1     5
 -1.8135938660184228E+00 a       816     0    46     1     6
 -3.0301401306667097E+00 a       817     0    46     1     7
  2.2086783327147330E+00 a       818     0    46     1     8
 -9.1774373763895287E+00 a       819     0    46     1     9
  6.8010394422943756E+00 a       820     0    46     1    10
  1.6466442446968979E-01 a       821     0    46     1    11
  1.9072740763814255E+00 a       822     0    46     1    12
  4.2850386540675753E+00 a       823     0    46     1    13
  2.6031312939116322E+00 a       824     0    46     1    14
 -7.9748488611255097E-01 a       825     0    46     1    15
 -2.2181474346056560E+00 a       826     0    46     1    16
  8.1089247601594838E-01 a       827     0    46     1    17
 -8.5319356033606875E-01 a       828     0    46     1    18
  1.5297409200522012E+00 a       829     0    47     1     1
 -1.3245750384325494E+00 a       830     0    47     1     2
  1.7975756708973940E+00 a       831     0    47     1     3
  3.5277405313602714E+00 a       832     0    47     1     4
 -2.5225303511637702E+00 a       833     0    47     1     5
  3.1807434969435020E+00 a       834     0    47     1     6
  4.1762249367672366E+00 a       835     0    47     1     7
  3.5033268466274583E+00 a       836     0    47     1     8
 -2.0819354243575492E+00 a       837     0    47     1     9
  6.3468632394007312E+00 a       838     0    47     1    10
 -7.6252440729277937E-01 a       839     0    47     1    11
 -2.5741358612735330E+00 a       840     0    47     1    12
  2.3691011922218896E+00 a       841     0    47     1    13
  3.3984291598161955E+00 a       842     0    47     1    14
 -2.3506762484437744E+00 a       843     0    47     1    15
  3.3616132730714479E+00 a       844     0    47     1    16
  2.3672255812529213E+00 a       845     0    47     1    17
  2.3597425556204730E+00 a       846     0    47     1    18
 -7.5082442104359015E-01 a       847     0    48     1     1
 -7.0823886411149140E+00 a       848     0    48     1     2
  1.5294406848438451E+00 a       849     0    48     1     3
  2.8524329448514414E+00 a       850     0    48     1     4
 -4.3544498029156289E+00 a       851     0    48     1     5
 -1.2070303891228071E+00 a       852     0    48     1     6
 -1.6782515001219340E+00 a       853     0    48     1     7
 -5.9611524243318670E-02 a       854     0    48     1     8
 -1.9927342161293693E-01 a       855     0    48     1     9
  9.3490695842040239E+00 a       856     0    48     1    10
 -2.8628609883621730E+00 a       857     0    48     1    11
 -2.0356158583586677E+00 a       858     0    48     1    12
 -4.3171805178638838E+00 a       859     0    48     1    13
  9.5288962025874611E+00 a       860     0    48     1    14
  5.9473511661083256E-01 a       861     0    48     1    15
 -2.9999769838968349E-02 a       862     0    48     1    16
  5.9302776367368293E-01 a       863     0    48     1    17
 -7.9015790842611733E-01 a       864     0    48     1    18
  1.6757771566836568E+00 a       865     0    49     1     1
  2.8142354626216892E-01 a       866     0    49     1     2
 -1.6593635813436161E-01 a       867     0    49     1     3
 -6.3842388442917419E-01 a       868     0    49     1     4
 -1.7682157458554426E-01 a       869     0    49     1     5
 -4.6550827537252698E-01 a       870     0    49     1     6
 -1.4800228697819289E+00 a       871     0    49     1     7
  4.0599852298583194E-01 a       872     0    49     1     8
 -4.3615048832171086E-02 a       873     0    49     1     9
  7.3324282614356773E-01 a       874     0    49     1    10
  2.0730594938420308E-01 a       875     0    49     1    11
  7.8199169718858041E-04 a       876     0    49     1    12
 -7.7152786548225841E-02 a       877     0    49     1    13
 -1.4015129396517039E+00 a       878     0    49     1    14
 -3.5310784435806108E-01 a       879     0    49     1    15
  1.3658571391131452E-01 a       880     0    49     1    16
  8.7276769333634374E-02 a       881     0    49     1    17
 -1.4034071317866273E-01 a       882     0    49     1    18
  6.2483250300831306E-01 a       883     0    50     1     1
 -5.5214622999562013E-01 a       884     0    50     1     2
 -2.9265525937796882E-01 a       885     0    50     1     3
 -9.1048013466392674E-01 a       886     0    50     1     4
  3.7368557947443004E-01 a       887     0    50     1     5
 -2.0763334663820734E-01 a       888     0    50     1     6
 -8.1993222967506096E-01 a       889     0    50     1     7
 -1.0876418875055867E+00 a       890     0    50     1     8
 -8.4754345743071710E-02 a       891     0    50     1     9
  1.4348191883199146E-01 a       892     0    50     1    10
  7.1225606514709064E-02 a       893     0    50     1    11
  1.1989742258380538E+00 a       894     0    50     1    12
 -9.0242300920906704E-01 a       895     0    50     1    13
  3.7046126750854702E-01 a       896     0    50     1    14
  4.9207528834761494E-01 a       897     0    50     1    15
 -3.8455012930072369E-01 a       898     0    50     1    16
 -5.0746731607354811E-01 a       899     0    50     1    17
  8.4213014515305634E-02 a       900     0    50     1    18
 -9.1437067770251801E-01 a       901     0    51     1     1
 -2.1733742724509946E+00 a       902     0    51     1     2
 -1.0942768857297107E+00 a       903     0    51     1     3
  1.1665844011087099E+00 a       904     0    51     1     4
 -1.5548872883541560E+00 a       905     0    51     1     5
  4.2672295240045760E-01 a       906     0    51     1     6
 -5.0372866574943780E+00 a       907     0    51     1     7
 -1.5255963801341137E+00 a       908     0    51     1     8
 -9.6614524152009340E-01 a       909     0    51     1     9
 -1.8544217020064711E+00 a       910     0    51     1    10
 -7.4226879797420053E-01 a       911     0    51     1    11
  2.2001002917105437E+00 a       912     0    51     1    12
  9.3040137993968952E-01 a       913     0    51     1    13
 -1.4716813151770456E+00 a       914     0    51     1    14
  1.2535647713711515E+00 a       915     0    51     1    15
 -8.5392511419015404E-01 a       916     0    51     1    16
 -1.7428440273804449E+00 a       917     0    51     1    17
 -1.8136928712797087E+00 a       918     0    51     1    18
 -1.7035448813053558E+00 a       919     0    52     1     1
  1.2608690572106951E+00 a       920     0    52     1     2
  2.1521223933829905E+00 a       921     0    52     1     3
 -3.4971767974147272E+00 a       922     0    52     1     4
 -3.6893830340568484E-01 a       923     0    52     1     5
  1.6889449633620188E+00 a       924     0    52     1     6
  4.2249189760646901E+00 a       925     0    52     1     7
  5.9439078343419549E-01 a       926     0    52     1     8
 -7.0522710757824103E-01 a       927     0    52     1     9
  8.5258029446774874E-01 a       928     0    52     1    10
 -2.1711241570991122E+00 a       929     0    52     1    11
 -1.3309684976523459E+00 a       930     0    52     1    12
  3.7407258827555168E-01 a       931     0    52     1    13
  2.9570918795798229E+00 a       932     0    52     1    14
 -1.8246623671108846E+00 a       933     0    52     1    15
  7.7547874724690735E-01 a       934     0    52     1    16
  7.2148034334175315E-01 a       935     0    52     1    17
  2.0093113955194961E+00 a       936     0    52     1    18
  8.5669773677446626E-01 a       937     0    53     1     1
  2.2254792872887008E+00 a       938     0    53     1     2
  1.8084637500755083E+00 a       939     0    53     1     3
 -2.8933554391564451E+00 a       940     0    53     1     4
  3.6725155278480379E+00 a       941     0    53     1     5
  1.4131090789969538E+00 a       942     0    53     1     6
  1.7726375293234931E+00 a       943     0    53     1     7
  6.2342186639326314E-01 a       944     0    53     1     8
  2.5022278481426619E+00 a       945     0    53     1     9
  1.1597018957522935E+00 a       946     0    53     1    10
 -2.2051386902789738E+00 a       947     0    53     1    11
 -1.0469070701403465E+00 a       948     0    53     1    12
  1.0091121264073604E+00 a       949     0    53     1    13
 -6.3941088274384994E-02 a       950     0    53     1    14
 -2.2813737580629523E+00 a       951     0    53     1    15
  9.6442621672433770E-01 a       952     0    53     1    16
  1.9762843143209703E+00 a       953     0    53     1    17
  1.4495236445896900E+00 a       954     0    53     1    18
  4.4810192673301472E+00 a       955     0    54     1     1
  3.3871144869990597E+00 a       956     0    54     1     2
 -5.1726029034173369E+00 a       957     0    54     1     3
  1.7444699614691199E+00 a       958     0    54     1     4
 -9.2680031927456677E-02 a       959     0    54     1     5
 -2.8353236208083495E-02 a       960     0    54     1     6
  3.6917618676295034E+00 a       961     0    54     1     7
  5.4537608256260590E+00 a       962     0    54     1     8
  3.7439732104595809E+00 a       963     0    54     1     9
 -2.6100550830000255E+00 a       964     0    54     1    10
  1.2716658443539199E+00 a       965     0    54     1    11
 -4.8331017313737457E+00 a       966     0    54     1    12
 -3.3225591467585097E-01 a       967     0    54     1    13
  1.6656250305693985E+00 a       968     0    54     1    14
 -3.0786801677520894E+00 a       969     0    54     1    15
  1.2044294243249409E+00 a       970     0    54     1    16
  1.0500698012477692E+00 a       971     0    54     1    17
 -6.5591045301465023E-01 a       972     0    54     1    18
 -1.5331511067048134E+00 a       973     0    55     1     1
  1.6276733335023381E+00 a       974     0    55     1     2
 -4.3483194605175296E-01 a       975     0    55     1     3
  3.9136192305042300E-01 a       976     0    55     1     4
  2.6131527279856215E-01 a       977     0    55     1     5
  2.3271795722475650E+00 a       978     0    55     1     6
  2.3595242273256471E+00 a       979     0    55     1     7
 -1.0276464066066391E+00 a       980     0    55     1     8
  4.5512909281560461E+00 a       981     0    55     1     9
 -2.0152601977662239E+00 a       982     0    55     1    10
 -3.1806899002555964E+00 a       983     0    55     1    11
 -2.7992310453725486E+00 a       984     0    55     1    12
 -1.2801670115570496E+00 a       985     0    55     1    13
  1.2299734833815037E+00 a       986     0    55     1    14
  1.7484706539514694E+00 a       987     0    55     1    15
 -3.5018030701389169E-01 a       988     0    55     1    16
 -2.1856171840573015E+00 a       989     0    55     1    17
 -3.0384086106365499E-01 a       990     0    55     1    18
 -2.2348366385228386E+00 a       991     0    56     1     1
 -1.1437534870208463E+00 a       992     0    56     1     2
  1.4897193391917893E-01 a       993     0    56     1     3
 -1.7142879066115697E+00 a       994     0    56     1     4
  2.3824078318190631E+00 a       995     0    56     1     5
  1.2954616336558176E+00 a       996     0    56     1     6
 -1.1696944835828817E+00 a       997     0    56     1     7
 -4.1364159657713602E+00 a       998     0    56     1     8
  6.2642485233474349E-02 a       999     0    56     1     9
 -1.5202454581037026E+00 a      1000     0    56     1    10
 -1.7044950574913011E+00 a      1001     0    56     1    11
  2.5146044051022470E-01 a      1002     0    56     1    12
 -3.8450919448914211E-01 a      1003     0    56     1    13
 -8.4622657105661714E-01 a      1004     0    56     1    14
  4.7689593919000615E+00 a      1005     0    56     1    15
 -1.1556138613311091E+00 a      1006     0    56     1    16
 -6.4216067509014685E-01 a      1007     0    56     1    17
 -1.0732016961871687E+00 a      1008     0    56     1    18
 -3.6140097108781326E+00 a      1009     0    57     1     1
 -8.1191532784889997E-01 a      1010     0    57     1     2
 -1.3788473192105635E+00 a      1011     0    57     1     3
  1.3672437717392392E+00 a      1012     0    57     1     4
  3.6431234820110241E+00 a      1013     0    57     1     5
  4.7120040552324189E+00 a      1014     0    57     1     6
 -4.1004260984800851E+00 a      1015     0    57     1     7
  1.6337457934634174E+00 a      1016     0    57     1     8
 -2.4086656228605867E+00 a      1017     0    57     1     9
  2.9582082334568942E+00 a      1018     0    57     1    10
  5.6078788381726274E-01 a      1019     0    57     1    11
 -2.0423741441437655E+00 a      1020     0    57     1    12
  5.8903631220103436E-01 a      1021     0    57     1    13
 -1.8086991028891259E+00 a      1022     0    57     1    14
  5.1066633938755972E+00 a      1023     0    57     1    15
  1.0228874266323331E+00 a      1024     0    57     1    16
  1.8134285101748646E+00 a      1025     0    57     1    17
  3.5585786212197279E+00 a      1026     0    57     1    18
  1.0597433854427185E+00 a      1027     0    58     1     1
  1.4059752326182116E+00 a      1028     0    58     1     2
  3.9561538794406115E-01 a      1029     0    58     1     3
  1.0748574473325332E+00 a      1030     0    58     1     4
  4.3508786637426855E-01 a      1031     0    58     1     5
 -5.0255759968398488E+00 a      1032     0    58     1     6
 -1.4670480744635324E+00 a      1033     0    58     1     7
  3.0062544429088836E+00 a      1034     0    58     1     8
  1.7045861938799343E+00 a      1035     0    58     1     9
 -2.6581322962731935E-01 a      1036     0    58     1    10
  3.6686155941237271E+00 a      1037     0    58     1    11
 -1.1488494367492723E+00 a      1038     0    58     1    12
 -1.3364762480295316E+00 a      1039     0    58     1    13
 -2.0822805917641266E-01 a      1040     0    58     1    14
 -4.3087118811666070E+00 a      1041     0    58     1    15
 -2.1217785971692951E-02 a      1042     0    58     1    16
  1.7198794944983316E+00 a      1043     0    58     1    17
 -8.6138261805003757E-01 a      1044     0    58     1    18
 -1.9000706456213676E+00 a      1045     0    59     1     1
  1.1736527591411565E+00 a      1046     0    59     1     2
  3.0042494665865696E+00 a      1047     0    59     1     3
  1.8041180077858815E-01 a      1048     0    59     1     4
  8.8852109001971584E+00 a      1049     0    59     1     5
 -2.4139460565390972E-01 a      1050     0    59     1     6
  1.1562607850678885E+00 a      1051     0    59     1     7
  2.8651743659114066E+00 a      1052     0    59     1     8
 -8.8284288382871345E+00 a      1053     0    59     1     9
 -4.0348766272065690E+00 a      1054     0    59     1    10
  9.6090724453260794E+00 a      1055     0    59     1    11
  5.6054393026415301E+00 a      1056     0    59     1    12
  1.2524258252727478E+00 a      1057     0    59     1    13
  4.9733175546101851E+00 a      1058     0    59     1    14
  2.3044120549686915E+00 a      1059     0    59     1    15
 -4.8890165385305302E+00 a      1060     0    59     1    16
 -5.8570331586897328E-01 a      1061     0    59     1    17
 -1.6016830902775610E+00 a      1062     0    59     1    18
  1.4814902713986304E+00 a      1063     0    60     1     1
  2.5336655925757978E-01 a      1064     0    60     1     2
 -3.1744740787727967E-02 a      1065     0    60     1     3
  2.3580485457066431E+00 a      1066     0    60     1     4
 -1.9346137386457392E+00 a      1067     0    60     1     5
  6.2464991294273756E-02 a      1068     0    60     1     6
 -2.5533759317628788E+00 a      1069     0    60     1     7
 -9.7621802273455782E-01 a      1070     0    60     1     8
 -2.3131432148832931E+00 a      1071     0    60     1     9
 -1.1567485201958114E+00 a      1072     0    60     1    10
  1.6157966021179546E+00 a      1073     0    60     1    11
  3.7055860832838756E+00 a      1074     0    60     1    12
  5.7204924783676170E-01 a      1075     0    60     1    13
  3.9188632890085690E-01 a      1076     0    60     1    14
  1.9151653608380230E+00 a      1077     0    60     1    15
 -8.8388082227709297E-01 a      1078     0    60     1    16
 -3.7309449855458974E+00 a      1079     0    60     1    17
 -2.8125746557837861E+00 a      1080     0    60     1    18
 -1.4623870894410664E+00 a      1081     0    61     1     1
  4.8541213855073878E-01 a      1082     0    61     1     2
  8.8604389399023198E-01 a      1083     0    61     1     3
  2.6699622989073122E+00 a      1084     0    61     1     4
  2.8927468914061849E-01 a      1085     0    61     1     5
  1.0014844529301408E+00 a      1086     0    61     1     6
 -1.7649213084546165E+00 a      1087     0    61     1     7
 -2.5055327052639814E-01 a      1088     0    61     1     8
 -8.5357355867102302E-01 a      1089     0    61     1     9
  1.7207022944678847E+00 a      1090     0    61     1    10
  3.0501300371851170E-01 a      1091     0    61     1    11
 -2.1917286433830496E-01 a      1092     0    61     1    12
  1.5589302689725399E+00 a      1093     0    61     1    13
 -2.0238946442765779E-01 a      1094     0    61     1    14
 -1.3518750463496110E+00 a      1095     0    61     1    15
 -3.8105889752358907E-01 a      1096     0    61     1    16
 -8.5955128062655251E-01 a      1097     0    61     1    17
  1.0234783592107261E-01 a      1098     0    61     1    18
 -2.8814079667587635E+00 a      1099     0    62     1     1
 -6.7372284915662095E-01 a      1100     0    62     1     2
  4.8819588429280740E+00 a      1101     0    62     1     3
  1.2443740929255520E+00 a      1102     0    62     1     4
 -1.9398428673914179E+00 a      1103     0    62     1     5
 -4.7128468300719746E+00 a      1104     0    62     1     6
  1.9927976320452412E+00 a      1105     0    62     1     7
 -2.6005987105977058E-01 a      1106     0    62     1     8
 -4.4168316742213056E+00 a      1107     0    62     1     9
  2.8189263847462711E+00 a      1108     0    62     1    10
 -2.3899367095427180E+00 a      1109     0    62     1    11
  6.1465717589846192E-01 a      1110     0    62     1    12
  1.2402085778793539E+00 a      1111     0    62     1    13
  2.6885402552860431E+00 a      1112     0    62     1    14
 -1.1227728160245516E+00 a      1113     0    62     1    15
  1.2658045494897159E+00 a      1114     0    62     1    16
 -1.0479948631718754E+00 a      1115     0    62     1    17
  1.4960918649168531E-01 a      1116     0    62     1    18
  7.2697649874439674E-01 a      1117     0    63     1     1
  2.6613245461903130E+00 a      1118     0    63     1     2
 -9.0090337353802152E-01 a      1119     0    63     1     3
 -1.6073338107018544E+00 a      1120     0    63     1     4
  1.3287882854046698E+00 a      1121     0    63     1     5
 -3.4395010356561597E+00 a      1122     0    63     1     6
 -1.4038503809244247E+00 a      1123     0    63     1     7
  2.6867726397735270E+00 a      1124     0    63     1     8
  1.7276561854974941E+00 a      1125     0    63     1     9
 -1.8515730091799718E+00 a      1126     0    63     1    10
  2.3449576228792166E+00 a      1127     0    63     1    11
  9.4154111137627272E-01 a      1128     0    63     1    12
 -1.1416201102870154E+00 a      1129     0    63     1    13
 -1.3069083714927634E+00 a      1130     0    63     1    14
 -3.2992059294125524E+00 a      1131     0    63     1    15
 -2.1798688544235985E+00 a      1132     0    63     1    16
 -1.1058758553234609E+00 a      1133     0    63     1    17
 -7.4926337794475928E-01 a      1134     0    63     1    18
  2.3233972491355996E+00 a      1135     0    64     1     1
  6.4175226489448542E+00 a      1136     0    64     1     2
  3.0432319759717874E-01 a      1137     0    64     1     3
 -2.9072438428140579E+00 a      1138     0    64     1     4
  2.9357837645787410E+00 a      1139     0    64     1     5
 -5.6592664487107900E+00 a      1140     0    64     1     6
  3.9824188783684358E+00 a      1141     0    64     1     7
 -1.7228480690317066E-01 a      1142     0    64     1     8
  1.7456463929832355E+00 a      1143     0    64     1     9
 -4.1642793192567638E+00 a      1144     0    64     1    10
  2.1326104063586873E+00 a      1145     0    64     1    11
  1.1878651480470497E-01 a      1146     0    64     1    12
  3.6857522473145679E+00 a      1147     0    64     1    13
 -3.7336200458710493E+00 a      1148     0    64     1    14
 -4.8250881159777643E+00 a      1149     0    64     1    15
 -3.1118269195304560E+00 a      1150     0    64     1    16
 -1.9481749162427833E-01 a      1151     0    64     1    17
 -1.9694478868767451E+00 a      1152     0    64     1    18
  2.5319172022325054E-01 b      1153     1     1
  4.5114385409727603E-01 b      1154     1     2
  2.2773780227156265E-01 b      1155     1     3
  7.2036824402307487E-01 b      1156     1     4
 -1.5823873405826419E-01 b      1157     1     5
  1.6088949517190024E-01 b      1158     1     6
 -4.3928012658024318E-01 b      1159     1     7
  1.5358624091320516E-01 b      1160     1     8
  2.4152439557865116E-01 b      1161     1     9
  3.2784173771410025E-01 b      1162     1    10
  1.2388239229597209E-01 b      1163     1    11
  3.5592045752572699E-01 b      1164     1    12
 -8.7119919995032588E-02 b      1165     1    13
  1.4586967886428595E-01 b      1166     1    14
  2.3886130666810484E-01 b      1167     1    15
 -5.2872938913735679E-02 b      1168     1    16
  1.6650925503396788E-01 b      1169     1    17
  6.1027633936712643E-02 b      1170     1    18
 -1.8996258405044156E-01 a      1171     1     1     2     1
  1.6452164854126994E-01 a      1172     1     1     2     2
  1.7555237238823973E-01 a      1173     1     1     2     3
 -5.5271424179903106E-02 a      1174     1     1     2     4
  6.5372594665503367E-02 a      1175     1     1     2     5
  6.3512415392779897E-01 a      1176     1     1     2     6
  3.1942624409290404E-01 a      1177     1     1     2     7
 -6.4193911438423001E-01 a      1178     1     1     2     8
  8.9835389169814939E-01 a      1179     1     1     2     9
  4.0201767850580183E-01 a      1180     1     1     2    10
  1.1637358459682408E-01 a      1181     1     1     2    11
 -6.2966181034381652E-01 a      1182     1     1     2    12
  4.1894578369560809E-01 a      1183     1     1     2    13
 -4.3929772415671675E-01 a      1184     1     1     2    14
  5.7065663626568341E-01 a      1185     1     1     2    15
  1.9369353218619077E-02 a      1186     1     1     2    16
  2.4261872319198305E-01 a      1187     1     1     2    17
 -3.1453999866713087E-02 a      1188     1     1     2    18
 -5.2024942380265238E-01 a      1189     1     2     2     1
  2.3722835257138680E-01 a      1190     1     2     2     2
  2.1455838698423428E+00 a      1191     1     2     2     3
  5.5289588963344509E-02 a      1192     1     2     2     4
  6.1372753598875507E-01 a      1193     1     2     2     5
  1.5248322688047872E-01 a      1194     1     2     2     6
 -8.1921666905073509E-01 a      1195     1     2     2     7
 -3.5285379170406350E-01 a      1196     1     2     2     8
  7.7208559898260731E-01 a      1197     1     2     2     9
 -3.8009797564651382E-01 a      1198     1     2     2    10
  5.6690694267592157E-01 a      1199     1     2     2    11
 -4.5555803896666436E-01 a      1200     1     2     2    12
  7.8012919883096114E-03 a      1201     1     2     2    13
 -1.9387610766199125E-02 a      1202     1     2     2    14
  9.3164850334150118E-02 a      1203     1     2     2    15
 -6.5170266464469395E-01 a      1204     1     2     2    16
 -7.3720496255143222E-02 a      1205     1     2     2    17
 -3.0675365705026911E-02 a      1206     1     2     2    18
  1.1072816674913449E-01 a      1207     1     3     2     1
 -6.2856030084576853E-01 a      1208     1     3     2     2
 -1.0272655816474523E+00 a      1209     1     3     2     3
 -8.8375009202749299E-01 a      1210     1     3     2     4
 -1.0683195560023224E+00 a      1211     1     3     2     5
 -4.4457645706000487E-01 a      1212     1     3     2     6
  3.5477242719744589E-02 a      1213     1     3     2     7
 -2.4553441997383060E-01 a      1214     1     3     2     8
  6.2695838865937228E-02 a      1215     1     3     2     9
  7.7538645074536028E-01 a      1216     1     3     2    10
  8.9761687132409795E-01 a      1217     1     3     2    11
 -1.3197869792083854E+00 a      1218     1     3     2    12
 -7.8448925465623698E-01 a      1219     1     3     2    13
  3.7047274653089568E-01 a      1220     1     3     2    14
 -2.2046996075044953E-01 a      1221     1     3     2    15
 -5.1894531354068996E-01 a      1222     1     3     2    16
  6.9705846983487552E-01 a      1223     1     3     2    17
 -6.6025070407300746E-01 a      1224     1     3     2    18
 -9.2831534234819157E-01 a      1225     1     4     2     1
  6.9440015723243942E-01 a      1226     1     4     2     2
 -4.5407307375445910E-01 a      1227     1     4     2     3
  5.5657701715812288E-02 a      1228     1     4     2     4
  8.5824428458822641E-02 a      1229     1     4     2     5
 -2.3047334979251777E-01 a      1230     1     4     2     6
  3.1917123958522958E-01 a      1231     1     4     2     7
 -1.6025003592084414E-01 a      1232     1     4     2     8
  1.0064365610273347E+00 a      1233     1     4     2     9
  4.8496874206046503E-01 a      1234     1     4     2    10
 -2.9178996098806231E-01 a      1235     1     4     2    11
  6.0053272914948663E-01 a      1236     1     4     2    12
  3.1261068618408216E-01 a      1237     1     4     2    13
 -1.1900622038806805E+00 a      1238     1     4     2    14
  3.2773974922532945E-01 a      1239     1     4     2    15
  4.1988466303691641E-01 a      1240     1     4     2    16
 -4.1055667208281071E-01 a      1241     1     4     2    17
 -4.5335101046371412E-01 a      1242     1     4     2    18
  2.8690210831296376E-01 a      1243     1     5     2     1
 -1.3830816111910635E-01 a      1244     1     5     2     2
 -2.5626066931179557E-02 a      1245     1     5     2     3
 -4.7457328308345192E-01 a      1246     1     5     2     4
 -6.4182820727899959E-01 a      1247     1     5     2     5
 -1.2796509089395678E+00 a      1248     1     5     2     6
  5.1205637309837537E-01 a      1249     1     5     2     7
 -1.9953817624506445E-01 a      1250     1     5     2     8
 -8.0591649091958562E-01 a      1251     1     5     2     9
  4.8094467895548348E-01 a      1252     1     5     2    10
 -6.3011134694895665E-01 a      1253     1     5     2    11
  5.2910908455067329E-01 a      1254     1     5     2    12
 -4.0640567066078698E-01 a      1255     1     5     2    13
  6.9312511826706488E-02 a      1256     1     5     2    14
 -1.7520770190719900E-02 a      1257     1     5     2    15
  3.3677150975070091E-01 a      1258     1     5     2    16
 -1.8494752750860430E-01 a      1259     1     5     2    17
 -4.2325440082723087E-01 a      1260     1     5     2    18
 -1.9950101822941413E-01 a      1261     1     6     2     1
  6.9744920362189222E-01 a      1262     1     6     2     2
 -6.5141708838578727E-01 a      1263     1     6     2     3
  5.8066939455431399E-02 a      1264     1     6     2     4
  6.1179705148529195E-01 a      1265     1     6     2     5
 -2.2219302905205249E-01 a      1266     1     6     2     6
  3.0245984406637999E-01 a      1267     1     6     2     7
  4.0307622687744027E-01 a      1268     1     6     2     8
  6.0935690661647313E-01 a      1269     1     6     2     9
 -1.2940573802681613E-01 a      1270     1     6     2    10
  1.0465554587347330E+00 a      1271     1     6     2    11
 -1.6619755063521155E-01 a      1272     1     6     2    12
 -5.5135464646655707E-01 a      1273     1     6     2    13
  4.6971431193200164E-01 a      1274     1     6     2    14
 -3.0964235590824796E-01 a      1275     1     6     2    15
  6.4392562682463783E-01 a      1276     1     6     2    16
 -2.7220910309833235E-01 a      1277     1     6     2    17
  6.5190125698374179E-01 a      1278     1     6     2    18
 -1.9901394769351252E-02 a      1279     1     7     2     1
  7.5801336505100392E-01 a      1280     1     7     2     2
 -7.9817587660535605E-01 a      1281     1     7     2     3
  2.9872288392388091E-01 a      1282     1     7     2     4
 -2.0625573906543962E-01 a      1283     1     7     2     5
  2.6048134152183972E-01 a      1284     1     7     2     6
  2.1790571388989891E-02 a      1285     1     7     2     7
  1.7709653317267351E-01 a      1286     1     7     2     8
  7.1663291482036751E-01 a      1287     1     7     2     9
  1.7911373337368597E-01 a      1288     1     7     2    10
 -4.7171554700250234E-01 a      1289     1     7     2    11
  2.3815370355834523E-01 a      1290     1     7     2    12
  1.5008262295056926E-01 a      1291     1     7     2    13
  3.6970301152707402E-01 a      1292     1     7     2    14
 -3.2107265500798718E-02 a      1293     1     7     2    15
  3.2722893386447308E-02 a      1294     1     7     2    16
 -1.1161468620426038E-01 a      1295     1     7     2    17
 -2.7239462616584798E-01 a      1296     1     7     2    18
  8.3338131615861888E-01 a      1297     1     8     2     1
 -3.0488609471665845E-02 a      1298     1     8     2     2
 -1.6861742029317515E+00 a      1299     1     8     2     3
  5.6568569555087773E-02 a      1300     1     8     2     4
  1.1447076023073874E+00 a      1301     1     8     2     5
 -5.6849023161550098E-02 a      1302     1     8     2     6
  3.4754411774716804E-02 a      1303     1     8     2     7
 -1.4440935762831295E+00 a      1304     1     8     2     8
 -2.5954092997079065E-01 a      1305     1     8     2     9
 -1.1381396661695600E+00 a      1306     1     8     2    10
 -1.0549938984498615E+00 a      1307     1     8     2    11
  1.2732792479000870E+00 a      1308     1     8     2    12
  1.0030137885293842E+00 a      1309     1     8     2    13
  6.9601749935805834E-01 a      1310     1     8     2    14
  1.1757000311600521E+00 a      1311     1     8     2    15
  2.4096014547884270E-01 a      1312     1     8     2    16
 -9.2997566562047196E-01 a      1313     1     8     2    17
 -1.1198447705078729E+00 a      1314     1     8     2    18
 -1.0609976615929957E-01 a      1315     1     9     2     1
 -1.1597041490885278E+00 a      1316     1     9     2     2
 -6.7384562591631469E-01 a      1317     1     9     2     3
  2.5820302601349615E-01 a      1318     1     9     2     4
 -1.4322093768595534E-01 a      1319     1     9     2     5
  8.7124465398248496E-01 a      1320     1     9     2     6
 -1.2097797363790797E-01 a      1321     1     9     2     7
  1.6707739478578605E+00 a      1322     1     9     2     8
 -2.7439389621822619E-01 a      1323     1     9     2     9
  7.0849146766610815E-01 a      1324     1     9     2    10
 -4.5466972117469046E-01 a      1325     1     9     2    11
 -7.0646764480677482E-01 a      1326     1     9     2    12
 -8.3009393517727470E-01 a      1327     1     9     2    13
  2.4775311184990781E-01 a      1328     1     9     2    14
 -1.3213875311572392E+00 a      1329     1     9     2    15
 -1.4207724181677706E-01 a      1330     1     9     2    16
  1.1348600145845071E+00 a      1331     1     9     2    17
  6.9959241462898281E-01 a      1332     1     9     2    18
 -4.2485578290206394E-01 a      1333     1    10     2     1
  1.2234123438455804E-02 a      1334     1    10     2     2
 -1.4032303510317778E-01 a      1335     1    10     2     3
  9.0186325696856495E-01 a      1336     1    10     2     4
  6.6650253195814890E-01 a      1337     1    10     2     5
  6.5198213780635639E-01 a      1338     1    10     2     6
 -3.8497212517729806E-01 a      1339     1    10     2     7
 -3.7379887781132703E-01 a      1340     1    10     2     8
  2.4429710995266454E-01 a      1341     1    10     2     9
 -7.6011593789292309E-01 a      1342     1    10     2    10
 -4.8616608773037190E-01 a      1343     1    10     2    11
  1.1101271463623570E+00 a      1344     1    10     2    12
  1.4961492913891459E+00 a      1345     1    10     2    13
 -7.8884364807569451E-01 a      1346     1    10     2    14
  9.9295670463415409E-01 a      1347     1    10     2    15
  4.0680107628780948E-01 a      1348     1    10     2    16
 -6.5641196741056240E-01 a      1349     1    10     2    17
  6.5514173872408055E-01 a      1350     1    10     2    18
  6.7251808297651750E-01 a      1351     1    11     2     1
 -1.9226016086335611E-02 a      1352     1    11     2     2
 -4.2274092445260730E-01 a      1353     1    11     2     3
 -5.0850655024180125E-01 a      1354     1    11     2     4
  8.9218334810245192E-01 a      1355     1    11     2     5
 -6.4966020290765716E-03 a      1356     1    11     2     6
  3.1512348338785340E-01 a      1357     1    11     2     7
 -3.3058138449313951E-01 a      1358     1    11     2     8
 -5.3363425513270124E-01 a      1359     1    11     2     9
 -7.4551094647351476E-02 a      1360     1    11     2    10
 -5.7900432630240939E-01 a      1361     1    11     2    11
 -6.5126473759804615E-01 a      1362     1    11     2    12
  3.8436277192116247E-01 a      1363     1    11     2    13
  9.2292027106022700E-01 a      1364     1    11     2    14
  4.9542621158315597E-01 a      1365     1    11     2    15
  1.0863890942375201E-01 a      1366     1    11     2    16
  1.0935504807045064E-01 a      1367     1    11     2    17
  1.0342529099547477E+00 a      1368     1    11     2    18
 -3.0612081549509423E-01 a      1369     1    12     2     1
 -7.1967855281908300E-01 a      1370     1    12     2     2
 -1.8655530792439783E+00 a      1371     1    12     2     3
 -3.9677200399659239E-02 a      1372     1    12     2     4
  7.2272097242336419E-01 a      1373     1    12     2     5
  7.7474338008568777E-01 a      1374     1    12     2     6
 -5.9029094341022370E-01 a      1375     1    12     2     7
 -1.6502264542569456E-01 a      1376     1    12     2     8
  5.7469179250302073E-02 a      1377     1    12     2     9
 -8.1967545712402590E-01 a      1378     1    12     2    10
 -7.3508757046452844E-01 a      1379     1    12     2    11
  7.4185504073498909E-01 a      1380     1    12     2    12
  1.0029683207408524E+00 a      1381     1    12     2    13
 -4.7313765786895196E-01 a      1382     1    12     2    14
  2.5470142580331007E-01 a      1383     1    12     2    15
  6.0363997967026663E-02 a      1384     1    12     2    16
 -2.4780262212197307E-01 a      1385     1    12     2    17
 -1.7842293247246597E+00 a      1386     1    12     2    18
  5.9530447286173815E-01 a      1387     1    13     2     1
  4.8800939667696108E-01 a      1388     1    13     2     2
 -1.1940355181809648E+00 a      1389     1    13     2     3
 -1.1481146431817879E-01 a      1390     1    13     2     4
  6.0138681332229729E-02 a      1391     1    13     2     5
  2.0215683788672204E-01 a      1392     1    13     2     6
  5.9736724800725050E-01 a      1393     1    13     2     7
  3.1918939490196596E-01 a      1394     1    13     2     8
 -1.5890561618536494E+00 a      1395     1    13     2     9
 -5.3686278880541372E-01 a      1396     1    13     2    10
 -6.5622710142064244E-01 a      1397     1    13     2    11
 -7.8942837035560945E-02 a      1398     1    13     2    12
  5.2896004987022338E-01 a      1399     1    13     2    13
 -5.8756307601885560E-01 a      1400     1    13     2    14
  1.0857904705903967E-01 a      1401     1    13     2    15
  2.1423190478441240E-02 a      1402     1    13     2    16
 -5.3916914258044191E-01 a      1403     1    13     2    17
 -3.7634351557924234E-01 a      1404     1    13     2    18
 -4.0944805050421917E-02 a      1405     1    14     2     1
  1.3589450260909025E-01 a      1406     1    14     2     2
 -8.9411865259815038E-01 a      1407     1    14     2     3
 -3.2309778211121526E-01 a      1408     1    14     2     4
  2.2714245183787410E-01 a      1409     1    14     2     5
  2.5310475729817000E-01 a      1410     1    14     2     6
 -3.4674165182415101E-01 a      1411     1    14     2     7
 -5.1532831027607562E-01 a      1412     1    14     2     8
 -5.8889321780990800E-01 a      1413     1    14     2     9
 -5.1686240126610106E-01 a      1414     1    14     2    10
 -1.2263429105361092E+00 a      1415     1    14     2    11
  3.0770064296097377E-01 a      1416     1    14     2    12
  8.5782641091761203E-01 a      1417     1    14     2    13
 -5.3915770774943542E-02 a      1418     1    14     2    14
  5.6113790337406921E-01 a      1419     1    14     2    15
 -6.0274696216437251E-01 a      1420     1    14     2    16
 -1.7399524434012881E-01 a      1421     1    14     2    17
  5.9542315004810198E-01 a      1422     1    14     2    18
  6.6004575889710149E-02 a      1423     1    15     2     1
 -1.5524606315587902E-01 a      1424     1    15     2     2
  8.3863523828831232E-01 a      1425     1    15     2     3
 -3.1737079271995422E-01 a      1426     1    15     2     4
  3.8962690730913918E-01 a      1427     1    15     2     5
  5.6546034685758595E-01 a      1428     1    15     2     6
 -3.7728160274855094E-02 a      1429     1    15     2     7
 -8.0582971875356646E-01 a      1430     1    15     2     8
 -2.2184772085652366E-02 a      1431     1    15     2     9
 -4.8146118441309903E-04 a      1432     1    15     2    10
 -9.2928766659494000E-01 a      1433     1    15     2    11
 -3.4785975643559647E-01 a      1434     1    15     2    12
  9.6546360826808930E-01 a      1435     1    15     2    13
 -1.9375253573106746E-01 a      1436     1    15     2    14
  8.6307497255568921E-01 a      1437     1    15     2    15
 -4.5109980461542565E-01 a      1438     1    15     2    16
  3.4059116591429753E-02 a      1439     1    15     2    17
  1.1062463994098619E+00 a      1440     1    15     2    18
  1.9139165928192178E-01 a      1441     1    16     2     1
 -2.3946615851260894E-01 a      1442     1    16     2     2
  9.6304614553561152E-02 a      1443     1    16     2     3
  1.4082776891067336E-01 a      1444     1    16     2     4
  9.4382716461972405E-01 a      1445     1    16     2     5
  2.6082711344898585E-01 a      1446     1    16     2     6
  1.9754207959923034E-01 a      1447     1    16     2     7
  1.2614828973215646E+00 a      1448     1    16     2     8
 -1.3171658307765788E-01 a      1449     1    16     2     9
  5.1529833565608907E-01 a      1450     1    16     2    10
  1.6765287033569706E-01 a      1451     1    16     2    11
  2.0646707622266575E-01 a      1452     1    16     2    12
 -5.7258308825227155E-01 a      1453     1    16     2    13
 -1.3821241035252774E-01 a      1454     1    16     2    14
 -9.3760163519336637E-01 a      1455     1    16     2    15
  5.0420538658506031E-01 a      1456     1    16     2    16
  7.7329961638211278E-02 a      1457     1    16     2    17
 -1.0118885928044410E+00 a      1458     1    16     2    18
 -3.5835693136337599E-01 a      1459     1    17     2     1
 -7.0205367357369719E-01 a      1460     1    17     2     2
  6.9365203762494299E-01 a      1461     1    17     2     3
 -3.0891176709707996E-01 a      1462     1    17     2     4
 -8.1314332451497440E-01 a      1463     1    17     2     5
  1.1281388125936215E-01 a      1464     1    17     2     6
 -7.6334117673145763E-01 a      1465     1    17     2     7
 -8.8510911871743514E-01 a      1466     1    17     2     8
  5.1972251586106000E-01 a      1467     1    17     2     9
 -2.2135062409562606E-01 a      1468     1    17     2    10
  2.5947444399906078E-01 a      1469     1    17     2    11
 -7.5607637429140617E-02 a      1470     1    17     2    12
  7.2094638640417430E-01 a      1471     1    17     2    13
 -1.9087014914979830E-01 a      1472     1    17     2    14
  8.6857042954967489E-01 a      1473     1    17     2    15
 -6.6905266743975167E-01 a      1474     1    17     2    16
  2.5924596728475685E-01 a      1475     1    17     2    17
  1.6623914354952571E+00 a      1476     1    17     2    18
  3.3347218115915617E-01 a      1477     1    18     2     1
  6.0895960445393538E-01 a      1478     1    18     2     2
 -6.9413709495885512E-01 a      1479     1    18     2     3
  6.2108211156991966E-01 a      1480     1    18     2     4
 -8.4227720479570445E-01 a      1481     1    18     2     5
 -2.8698020669314328E-01 a      1482     1    18     2     6
  6.5296189498476154E-01 a      1483     1    18     2     7
  9.3081490418620072E-02 a      1484     1    18     2     8
 -4.8678667504015610E-01 a      1485     1    18     2     9
  4.7877401343555570E-01 a      1486     1    18     2    10
 -3.2446659510116915E-01 a      1487     1    18     2    11
 -2.7801380538750774E-02 a      1488     1    18     2    12
 -1.1659457570911456E+00 a      1489     1    18     2    13
  5.9097538600143114E-02 a      1490     1    18     2    14
 -1.1709795878249429E+00 a      1491     1    18     2    15
  7.5861331483819419E-02 a      1492     1    18     2    16
  9.8297517547195637E-02 a      1493     1    18     2    17
 -3.9964626473912840E-01 a      1494     1    18     2    18
 -2.7081361254881392E-01 b      1495     2     1
 -8.3950587451845737E-01 b      1496     2     2
  1.2291481385285397E+00 b      1497     2     3
 -1.7517631124153346E+00 b      1498     2     4
 -1.3263820767134400E+00 b      1499     2     5
  1.0019011433881446E+00 b      1500     2     6
 -4.5602161466423657E-01 b      1501     2     7
 -1.2919617125844438E-01 b      1502     2     8
  1.3970692138409038E+00 b      1503     2     9
  1.0152804147962309E+00 b      1504     2    10
  1.5209654479402079E+00 b      1505     2    11
 -1.5169501767952629E+00 b      1506     2    12
 -4.1128989347068712E-01 b      1507     2    13
 -1.9720932605204324E+00 b      1508     2    14
 -2.6755422991720484E-01 b      1509     2    15
 -8.8836888126851343E-01 b      1510     2    16
  7.0067159848378857E-01 b      1511     2    17
 -2.9773005791399704E-01 b      1512     2    18
 -5.4508984047485409E-01 a      1513     2     1     3     1
  2.1063914479487400E-01 a      1514     2     2     3     1
 -1.3099640483549932E-01 a      1515     2     3     3     1
 -5.6019155559932110E-01 a      1516     2     4     3     1
 -6.7234744153177289E-02 a      1517     2     5     3     1
  4.3008522104183544E-01 a      1518     2     6     3     1
 -4.6666416332587196E-01 a      1519     2     7     3     1
 -2.1650047513160275E-01 a      1520     2     8     3     1
 -2.5863747922185298E-01 a      1521     2     9     3     1
  2.6273552824550478E-01 a      1522     2    10     3     1
 -1.3066013681266775E-01 a      1523     2    11     3     1
  2.3262396250743594E-01 a      1524     2    12     3     1
 -5.6570326865225118E-01 a      1525     2    13     3     1
  9.6116483415699450E-01 a      1526     2    14     3     1
  5.0954104734711936E-01 a      1527     2    15     3     1
  4.5558993820737942E-01 a      1528     2    16     3     1
 -4.3873295588602151E-01 a      1529     2    17     3     1
 -1.1267495413742506E-02 a      1530     2    18     3     1
  9.0734219117529394E-02 b      1531     3     1
