################################################################################
# Neural network connection values (weights and biases).
################################################################################
# Col  Name       Description
################################################################################
# 1    connection Neural network connection value.
# 2    t          Connection type (a = weight, b = bias).
# 3    index      Index enumerating weights.
# 4    l_s        Starting point layer (end point layer for biases).
# 5    n_s        Starting point neuron in starting layer (end point neuron for biases).
# 6    l_e        End point layer.
# 7    n_e        End point neuron in end layer.
################################################################################
#                      1 2         3     4     5     6     7
#             connection t     index   l_s   n_s   l_e   n_e
############################################################
 -2.6965648092974077E+00 a         1     0     1     1     1
 -1.0864872898048870E+00 a         2     0     1     1     2
  4.0733894100492982E+00 a         3     0     1     1     3
 -1.5915111826984585E+00 a         4     0     1     1     4
 -6.8840754416222238E-01 a         5     0     1     1     5
  3.9046147550323913E+00 a         6     0     1     1     6
  4.1925040984683921E+00 a         7     0     1     1     7
 -3.4788139900284061E+00 a         8     0     1     1     8
 -2.3215028813558720E+00 a         9     0     1     1     9
  3.5471739123380508E-01 a        10     0     1     1    10
 -2.8357340706765033E+00 a        11     0     1     1    11
  2.6638717598922481E+00 a        12     0     1     1    12
  2.0324377571848067E+00 a        13     0     1     1    13
 -6.2606680286842276E-01 a        14     0     1     1    14
  3.6096610790566377E+00 a        15     0     1     1    15
  2.5257117068820483E+00 a        16     0     1     1    16
  1.3155993915868233E-01 a        17     0     1     1    17
  1.3232670532691440E+00 a        18     0     1     1    18
 -2.8419665145622095E+00 a        19     0     2     1     1
  3.4165451481037008E-02 a        20     0     2     1     2
 -4.3684717483042651E-01 a        21     0     2     1     3
  4.3545643167037379E-01 a        22     0     2     1     4
  1.7651136395822455E+00 a        23     0     2     1     5
  3.7427851819225775E+00 a        24     0     2     1     6
 -6.4616063294679793E-01 a        25     0     2     1     7
  3.4779398815642031E+00 a        26     0     2     1     8
  9.5911149911882909E-01 a        27     0     2     1     9
  4.6156602134729159E+00 a        28     0     2     1    10
  1.5526294092936174E-01 a        29     0     2     1    11
  9.9699591662500020E-01 a        30     0     2     1    12
 -4.5428426018752305E-01 a        31     0     2     1    13
  1.4322486003433652E+00 a        32     0     2     1    14
  1.1619162075982279E+00 a        33     0     2     1    15
  2.9164321948032090E-01 a        34     0     2     1    16
  3.4860201972494917E+00 a        35     0     2     1    17
  3.6566822157499637E+00 a        36     0     2     1    18
  2.5303885960218317E+00 a        37     0     3     1     1
 -5.7459641743336514E+00 a        38     0     3     1     2
  3.0028522719349184E+00 a        39     0     3     1     3
  3.1114335056675917E+00 a        40     0     3     1     4
 -6.6693710190958182E+00 a        41     0     3     1     5
  2.7064198787025346E+00 a        42     0     3     1     6
 -2.9341022359970697E+00 a        43     0     3     1     7
  7.7788032332128516E+00 a        44     0     3     1     8
 -2.2905704677260261E+00 a        45     0     3     1     9
  4.6791939812194370E+00 a        46     0     3     1    10
  3.4606205619342574E+00 a        47     0     3     1    11
  1.0438260269892819E+01 a        48     0     3     1    12
  3.4309928065221806E-01 a        49     0     3     1    13
 -2.1253013999882691E+00 a        50     0     3     1    14
 -1.2460090782072755E-01 a        51     0     3     1    15
  6.7266574707004470E+00 a        52     0     3     1    16
  3.4821162630168279E-01 a        53     0     3     1    17
 -3.1290469047197149E+00 a        54     0     3     1    18
  2.4182163157135057E+00 a        55     0     4     1     1
 -2.2541635964349411E+00 a        56     0     4     1     2
  3.2707762299705259E+00 a        57     0     4     1     3
 -2.9683894151227523E+00 a        58     0     4     1     4
 -6.0514543233698621E+00 a        59     0     4     1     5
 -2.2417144994992579E+00 a        60     0     4     1     6
  1.9739425642885489E+00 a        61     0     4     1     7
 -2.8973628765833328E+00 a        62     0     4     1     8
 -3.8189394757177788E+00 a        63     0     4     1     9
 -5.2004808336096309E+00 a        64     0     4     1    10
  1.0859887104364894E+00 a        65     0     4     1    11
  7.9318867064476084E-01 a        66     0     4     1    12
 -2.8643084237801780E-01 a        67     0     4     1    13
  1.5652758182886392E-01 a        68     0     4     1    14
  2.2933326171437660E-01 a        69     0     4     1    15
  5.8943274944098798E+00 a        70     0     4     1    16
  1.1261642286206968E+00 a        71     0     4     1    17
  1.4882086365321034E+00 a        72     0     4     1    18
  2.7220016628607215E+00 a        73     0     5     1     1
  1.4741812859848022E+00 a        74     0     5     1     2
 -2.4126023092358420E+00 a        75     0     5     1     3
 -4.7713164379791158E+00 a        76     0     5     1     4
  2.1732654690780171E+00 a        77     0     5     1     5
  2.3828590185038925E+00 a        78     0     5     1     6
 -1.2227833773399135E+00 a        79     0     5     1     7
 -1.2361554045808168E+01 a        80     0     5     1     8
  2.4145956578216823E+00 a        81     0     5     1     9
 -6.3132146641610802E+00 a        82     0     5     1    10
  3.5323103956445050E+00 a        83     0     5     1    11
 -4.9270142412138691E+00 a        84     0     5     1    12
 -1.3199595957140604E+00 a        85     0     5     1    13
  6.9294411729673797E+00 a        86     0     5     1    14
 -1.1968064673634657E+00 a        87     0     5     1    15
  9.7849113227753259E-01 a        88     0     5     1    16
  3.4721494605928522E+00 a        89     0     5     1    17
  1.1828988914966472E+00 a        90     0     5     1    18
  1.0017805388129313E+00 a        91     0     6     1     1
  1.4309561800697059E+00 a        92     0     6     1     2
 -3.4580314752040899E+00 a        93     0     6     1     3
  1.2834062208133731E-01 a        94     0     6     1     4
  9.7674730905348695E-01 a        95     0     6     1     5
 -2.7929564649804366E+00 a        96     0     6     1     6
 -3.5371146404227338E+00 a        97     0     6     1     7
  3.2296847299481848E+00 a        98     0     6     1     8
  3.8321558848917583E+00 a        99     0     6     1     9
  1.4418929529920120E-02 a       100     0     6     1    10
  1.6875963640265523E+00 a       101     0     6     1    11
 -3.7310721843286547E+00 a       102     0     6     1    12
 -1.3136446781754221E+00 a       103     0     6     1    13
  2.5812888841375697E-01 a       104     0     6     1    14
 -4.0463202414960069E+00 a       105     0     6     1    15
 -2.2627980527465659E+00 a       106     0     6     1    16
  9.5502812741503751E-01 a       107     0     6     1    17
 -3.6484733042273115E-01 a       108     0     6     1    18
  8.8020779025096874E-01 a       109     0     7     1     1
  1.0856767090563249E+00 a       110     0     7     1     2
 -2.0462986755185879E+00 a       111     0     7     1     3
  3.5789593325491220E-01 a       112     0     7     1     4
  3.1553600600497549E+00 a       113     0     7     1     5
  4.5951676952852999E-01 a       114     0     7     1     6
 -1.2212024278213340E-01 a       115     0     7     1     7
  9.6243185019089239E-01 a       116     0     7     1     8
  1.9137182153007619E+00 a       117     0     7     1     9
  1.3227512776888959E+00 a       118     0     7     1    10
 -1.3976516065671585E+00 a       119     0     7     1    11
 -8.9806337683341919E-01 a       120     0     7     1    12
 -6.5282534411801887E-02 a       121     0     7     1    13
 -2.1418266570301089E-02 a       122     0     7     1    14
 -6.8931658684832620E-01 a       123     0     7     1    15
 -2.2519842280603939E+00 a       124     0     7     1    16
 -1.3867473909572947E+00 a       125     0     7     1    17
 -1.8664470255936143E+00 a       126     0     7     1    18
 -2.9993975194661702E+00 a       127     0     8     1     1
  1.2382493598128375E+00 a       128     0     8     1     2
  2.5299044936029231E+00 a       129     0     8     1     3
  1.5581431633608329E+00 a       130     0     8     1     4
  8.5285146084661800E-01 a       131     0     8     1     5
 -2.1726383842635388E+00 a       132     0     8     1     6
  3.1419526291078737E+00 a       133     0     8     1     7
  4.4646594589005160E+00 a       134     0     8     1     8
 -2.1784683279407685E-01 a       135     0     8     1     9
  2.9896668806700379E+00 a       136     0     8     1    10
 -3.5347520708082594E+00 a       137     0     8     1    11
 -1.9179026771780823E+00 a       138     0     8     1    12
  8.4807137210724592E-01 a       139     0     8     1    13
 -4.6703666746726391E+00 a       140     0     8     1    14
  1.3693031264791662E+00 a       141     0     8     1    15
 -1.2105680107786267E+00 a       142     0     8     1    16
 -6.9272185752525817E-01 a       143     0     8     1    17
  9.7018891978590205E-01 a       144     0     8     1    18
 -2.2110239976583726E-01 a       145     0     9     1     1
 -1.0800006587890105E+00 a       146     0     9     1     2
  2.1135314378088408E+00 a       147     0     9     1     3
  1.8348938931643494E-01 a       148     0     9     1     4
 -3.8031261326097360E-01 a       149     0     9     1     5
  2.5008841394275465E+00 a       150     0     9     1     6
  1.0897999921494110E+00 a       151     0     9     1     7
 -1.4035904973052844E+00 a       152     0     9     1     8
 -2.3037533075904650E+00 a       153     0     9     1     9
  7.6526235133706211E-01 a       154     0     9     1    10
 -9.1848756994499670E-01 a       155     0     9     1    11
  1.6501931570289159E+00 a       156     0     9     1    12
  7.4520537798557485E-01 a       157     0     9     1    13
  3.2240157826974689E-02 a       158     0     9     1    14
  2.7156418249584222E+00 a       159     0     9     1    15
  2.2299707923511143E+00 a       160     0     9     1    16
  1.7970491795011279E-01 a       161     0     9     1    17
  2.5813438076647355E-01 a       162     0     9     1    18
  4.9337296945063205E+00 a       163     0    10     1     1
  2.7340524198191223E+00 a       164     0    10     1     2
 -3.2092695332590724E+00 a       165     0    10     1     3
 -2.8049273066389335E-01 a       166     0    10     1     4
  2.1998854111342264E-01 a       167     0    10     1     5
 -4.5057054211015011E+00 a       168     0    10     1     6
 -3.6419836753296377E+00 a       169     0    10     1     7
  7.8959384374596231E-01 a       170     0    10     1     8
 -1.2809862418634232E+00 a       171     0    10     1     9
  9.1682918105470268E-01 a       172     0    10     1    10
  4.5270090750705174E+00 a       173     0    10     1    11
  2.4408763205200374E+00 a       174     0    10     1    12
 -1.4000392837573925E+00 a       175     0    10     1    13
 -1.5319668525909724E+00 a       176     0    10     1    14
 -5.0021088437609773E+00 a       177     0    10     1    15
 -3.0221711814545871E-01 a       178     0    10     1    16
  2.8758826736348126E+00 a       179     0    10     1    17
 -3.4253153560404432E+00 a       180     0    10     1    18
  2.9194636082417027E+00 a       181     0    11     1     1
  1.9510913820853266E+00 a       182     0    11     1     2
 -5.2038440189043937E+00 a       183     0    11     1     3
  3.1822314309466782E+00 a       184     0    11     1     4
  1.4386825039614555E+00 a       185     0    11     1     5
 -1.0997361767038740E+00 a       186     0    11     1     6
  7.2207296519617459E-01 a       187     0    11     1     7
 -6.4292247274393421E+00 a       188     0    11     1     8
  1.3503727304325703E+00 a       189     0    11     1     9
 -6.0365942219036095E-01 a       190     0    11     1    10
 -4.4139682889280302E-02 a       191     0    11     1    11
  4.4877715491959774E-01 a       192     0    11     1    12
 -3.6202948142552727E-01 a       193     0    11     1    13
 -4.5836565705842673E+00 a       194     0    11     1    14
 -4.1198655207555461E+00 a       195     0    11     1    15
 -2.4225514171984610E+00 a       196     0    11     1    16
  2.0098485306301810E+00 a       197     0    11     1    17
 -7.6242027374814194E+00 a       198     0    11     1    18
 -3.8727323317955982E+00 a       199     0    12     1     1
  1.8275379860102583E+00 a       200     0    12     1     2
 -4.6757358192483771E+00 a       201     0    12     1     3
 -1.4107976919147611E-01 a       202     0    12     1     4
  2.8774727897180630E+00 a       203     0    12     1     5
 -3.0991580442523863E+00 a       204     0    12     1     6
 -9.7538202371484894E-01 a       205     0    12     1     7
 -2.1279337724972023E+00 a       206     0    12     1     8
 -5.5657209882166869E+00 a       207     0    12     1     9
 -6.4809129067628279E-01 a       208     0    12     1    10
 -2.7970189253444455E+00 a       209     0    12     1    11
 -1.7973251177901157E+00 a       210     0    12     1    12
 -2.0932518107431024E+00 a       211     0    12     1    13
 -5.8117421266793707E+00 a       212     0    12     1    14
 -1.1574307933575363E+00 a       213     0    12     1    15
 -6.7208853861397007E+00 a       214     0    12     1    16
 -7.3149738972735878E-01 a       215     0    12     1    17
  2.0895037768271582E-01 a       216     0    12     1    18
 -1.7329569150526747E+00 a       217     0    13     1     1
  2.3747125324258391E+00 a       218     0    13     1     2
  2.5742289401236960E+00 a       219     0    13     1     3
  2.5976071557135265E+00 a       220     0    13     1     4
 -2.5121168486678438E+00 a       221     0    13     1     5
 -1.4026794561392511E-01 a       222     0    13     1     6
  1.4289321481946697E+00 a       223     0    13     1     7
  6.5587557565078558E-01 a       224     0    13     1     8
 -3.5907022024137891E+00 a       225     0    13     1     9
 -6.2525194027825837E-01 a       226     0    13     1    10
 -5.4765810213795996E-01 a       227     0    13     1    11
  2.2365473258588486E+00 a       228     0    13     1    12
 -3.7250409682994849E+00 a       229     0    13     1    13
  6.6669688550077844E-01 a       230     0    13     1    14
  1.2773711728750148E+00 a       231     0    13     1    15
 -3.1600406107625525E+00 a       232     0    13     1    16
  9.7189826150263614E-01 a       233     0    13     1    17
 -3.1424233406398723E+00 a       234     0    13     1    18
 -1.4391817721855642E+00 a       235     0    14     1     1
 -4.9143068362109439E+00 a       236     0    14     1     2
 -2.4388016331611091E+00 a       237     0    14     1     3
  3.3176322564063410E-01 a       238     0    14     1     4
  1.6650381374797703E+00 a       239     0    14     1     5
 -2.0440539301709486E+00 a       240     0    14     1     6
 -1.0901494804080809E+00 a       241     0    14     1     7
  2.1536123094087078E+00 a       242     0    14     1     8
 -1.4289077483325081E+00 a       243     0    14     1     9
  4.4156713568749828E-01 a       244     0    14     1    10
 -1.8536427340072050E+00 a       245     0    14     1    11
  8.0596670000542425E-01 a       246     0    14     1    12
 -7.8974980660652983E-01 a       247     0    14     1    13
 -1.1590624882279561E+00 a       248     0    14     1    14
 -6.5085983772201128E-01 a       249     0    14     1    15
  5.4297351434307750E-01 a       250     0    14     1    16
 -3.3470251843345453E+00 a       251     0    14     1    17
  7.8496595751184117E-01 a       252     0    14     1    18
 -6.4199335978169059E-01 a       253     0    15     1     1
  1.0514248121841787E+00 a       254     0    15     1     2
  3.6258841541448246E+00 a       255     0    15     1     3
  1.1461336326367668E+00 a       256     0    15     1     4
 -7.5382906230953439E-01 a       257     0    15     1     5
  6.6603411812123647E-01 a       258     0    15     1     6
  1.1014676992199577E+00 a       259     0    15     1     7
 -7.9622898007809872E-01 a       260     0    15     1     8
  7.8191108424514477E-01 a       261     0    15     1     9
 -1.2354181501564934E+00 a       262     0    15     1    10
 -1.2523124201843092E+00 a       263     0    15     1    11
  4.6336605335845746E+00 a       264     0    15     1    12
 -2.1269111494313915E+00 a       265     0    15     1    13
 -1.7756192572345302E+00 a       266     0    15     1    14
 -3.2350736212949281E-02 a       267     0    15     1    15
  7.2327353124605032E-01 a       268     0    15     1    16
 -3.1346801492824152E+00 a       269     0    15     1    17
 -1.9390429554543152E+00 a       270     0    15     1    18
  2.2491049495767839E+00 a       271     0    16     1     1
  2.5716176244068070E+00 a       272     0    16     1     2
  8.8981633899409973E-01 a       273     0    16     1     3
 -5.5143719880482491E+00 a       274     0    16     1     4
 -2.9338513387622260E+00 a       275     0    16     1     5
  3.8388056028697681E+00 a       276     0    16     1     6
  3.1462385116221658E-01 a       277     0    16     1     7
  2.8981538465560694E+00 a       278     0    16     1     8
  3.0467473096350375E+00 a       279     0    16     1     9
 -1.8075722770814380E+00 a       280     0    16     1    10
  7.2367187936551713E-01 a       281     0    16     1    11
  5.3514194902760712E+00 a       282     0    16     1    12
 -5.2986682739759861E+00 a       283     0    16     1    13
  1.0937913984258025E+00 a       284     0    16     1    14
 -9.2763320064747712E-01 a       285     0    16     1    15
  3.5282988034597924E+00 a       286     0    16     1    16
  3.0197997040769047E+00 a       287     0    16     1    17
  7.0304121700434177E+00 a       288     0    16     1    18
 -1.5907667490833313E+00 a       289     0    17     1     1
  1.0731284064403845E+00 a       290     0    17     1     2
  1.1141207516290805E-01 a       291     0    17     1     3
  9.9831126579857576E-01 a       292     0    17     1     4
  1.3816724720374169E+00 a       293     0    17     1     5
 -3.0253299307783408E+00 a       294     0    17     1     6
  1.7698418846179214E+00 a       295     0    17     1     7
 -6.7464785320383835E-01 a       296     0    17     1     8
  2.8469926849787881E+00 a       297     0    17     1     9
  6.7205126558852329E-02 a       298     0    17     1    10
  1.1993323685623367E+00 a       299     0    17     1    11
 -1.8167622080042538E+00 a       300     0    17     1    12
 -8.6728081819456670E-01 a       301     0    17     1    13
  1.1874707150139066E+00 a       302     0    17     1    14
 -2.1047507767641087E+00 a       303     0    17     1    15
 -1.2904759910961214E+00 a       304     0    17     1    16
 -1.0022656455774364E+00 a       305     0    17     1    17
 -4.1978584456094808E-01 a       306     0    17     1    18
 -5.5800370663005150E-01 a       307     0    18     1     1
  4.3710418187643868E-01 a       308     0    18     1     2
  8.0499380165096635E-01 a       309     0    18     1     3
 -5.7579408671190757E-01 a       310     0    18     1     4
 -1.3717414405479194E+00 a       311     0    18     1     5
  1.4358264328893444E+00 a       312     0    18     1     6
  2.3628553814563258E+00 a       313     0    18     1     7
  1.1395669419872863E+00 a       314     0    18     1     8
  1.0130662578634884E+00 a       315     0    18     1     9
 -1.4285170057855661E+00 a       316     0    18     1    10
 -3.2860616475429222E-01 a       317     0    18     1    11
  4.1663485638423148E-01 a       318     0    18     1    12
 -1.0949765187477962E+00 a       319     0    18     1    13
  1.4242161052363995E+00 a       320     0    18     1    14
  4.9714176588884695E-01 a       321     0    18     1    15
 -2.1936771270347433E-02 a       322     0    18     1    16
 -2.5764575289641494E+00 a       323     0    18     1    17
 -1.2552495271656086E-01 a       324     0    18     1    18
 -2.3476151898250572E+00 a       325     0    19     1     1
  1.8074299267023797E+00 a       326     0    19     1     2
  2.4300192383362473E+00 a       327     0    19     1     3
  1.0326727666120870E+00 a       328     0    19     1     4
  1.3374363617913869E+00 a       329     0    19     1     5
  7.6376892117964101E-01 a       330     0    19     1     6
  2.0936420593255360E+00 a       331     0    19     1     7
  5.0944321502410594E-01 a       332     0    19     1     8
 -1.2089774969123683E+00 a       333     0    19     1     9
  1.8092217632635563E-01 a       334     0    19     1    10
  1.5646670240951284E+00 a       335     0    19     1    11
  5.9269529859814674E-01 a       336     0    19     1    12
  6.2155074052088544E-01 a       337     0    19     1    13
  7.9524456428997492E-01 a       338     0    19     1    14
  6.6112100741938407E-01 a       339     0    19     1    15
 -1.6664329613727014E+00 a       340     0    19     1    16
 -4.3732912691563003E-01 a       341     0    19     1    17
  1.2204410406753730E+00 a       342     0    19     1    18
  3.2089649243993579E+00 a       343     0    20     1     1
 -1.1853849909102820E+00 a       344     0    20     1     2
 -1.4731142425389213E-01 a       345     0    20     1     3
 -1.9605160766328156E+00 a       346     0    20     1     4
 -2.3394529834446989E-01 a       347     0    20     1     5
 -2.5933164875792607E+00 a       348     0    20     1     6
 -3.6475321914541197E+00 a       349     0    20     1     7
  3.3992568465007494E-01 a       350     0    20     1     8
  1.1213898749625564E+00 a       351     0    20     1     9
  1.7067001075728812E+00 a       352     0    20     1    10
 -1.2507423525532335E+00 a       353     0    20     1    11
 -3.1541981096643066E+00 a       354     0    20     1    12
  2.9700581189565991E+00 a       355     0    20     1    13
  5.2451828196716277E-01 a       356     0    20     1    14
  9.5291040895116141E-02 a       357     0    20     1    15
  2.0913559662770509E+00 a       358     0    20     1    16
 -4.4901516339117986E+00 a       359     0    20     1    17
  2.0042436905237602E+00 a       360     0    20     1    18
  1.4176678241933476E+00 a       361     0    21     1     1
 -5.7885476352429643E+00 a       362     0    21     1     2
  9.1172116599339026E-01 a       363     0    21     1     3
 -6.5133905717718030E-02 a       364     0    21     1     4
  4.3005582066207229E+00 a       365     0    21     1     5
 -3.4379639238334772E+00 a       366     0    21     1     6
 -2.6042377468777214E+00 a       367     0    21     1     7
  1.5808977072498041E+00 a       368     0    21     1     8
  2.1492315140586489E+00 a       369     0    21     1     9
 -1.4814104771996544E+00 a       370     0    21     1    10
 -2.3761177690440916E-01 a       371     0    21     1    11
 -5.4954078586747395E+00 a       372     0    21     1    12
  6.6681342142672504E+00 a       373     0    21     1    13
  1.2180793200582156E+00 a       374     0    21     1    14
  7.0383918580347171E-01 a       375     0    21     1    15
  3.0889579318510267E+00 a       376     0    21     1    16
 -9.0887457978357578E+00 a       377     0    21     1    17
  2.1809489387660435E+00 a       378     0    21     1    18
  1.5432025520201327E+00 a       379     0    22     1     1
 -2.9371523740801413E+00 a       380     0    22     1     2
 -2.9358349623365715E-01 a       381     0    22     1     3
  5.6309609573591191E-01 a       382     0    22     1     4
  8.4045103301952295E-01 a       383     0    22     1     5
 -2.5350861173167814E+00 a       384     0    22     1     6
 -2.7451113039244932E+00 a       385     0    22     1     7
  5.8884739498872440E-01 a       386     0    22     1     8
  1.9755086274090683E+00 a       387     0    22     1     9
 -9.1437528077285235E-01 a       388     0    22     1    10
 -3.8349805975087388E+00 a       389     0    22     1    11
 -7.1990610353919378E+00 a       390     0    22     1    12
  4.7819554142695990E+00 a       391     0    22     1    13
  3.6156119924013580E-01 a       392     0    22     1    14
  4.2213346236366478E+00 a       393     0    22     1    15
  1.4011292210148221E-01 a       394     0    22     1    16
 -6.5485315476705823E+00 a       395     0    22     1    17
  4.3057530480612014E+00 a       396     0    22     1    18
 -1.9276737370129968E+00 a       397     0    23     1     1
  7.5676138780339661E+00 a       398     0    23     1     2
  4.4587206668449458E-01 a       399     0    23     1     3
  8.1438540672879400E-01 a       400     0    23     1     4
 -5.8153437011829086E+00 a       401     0    23     1     5
  1.4876506750050289E+00 a       402     0    23     1     6
 -7.5325898466794350E-03 a       403     0    23     1     7
 -5.6460181864660495E+00 a       404     0    23     1     8
 -1.7419796393394218E+00 a       405     0    23     1     9
 -3.4238970125410302E+00 a       406     0    23     1    10
  2.5314996945348720E+00 a       407     0    23     1    11
  1.5341715565152148E+00 a       408     0    23     1    12
 -2.3034695170625534E+00 a       409     0    23     1    13
  3.7397746729896453E-01 a       410     0    23     1    14
  2.3631613730574181E+00 a       411     0    23     1    15
 -4.1286725144788559E+00 a       412     0    23     1    16
  1.0215522780888232E+01 a       413     0    23     1    17
 -3.6716897662427477E+00 a       414     0    23     1    18
 -3.7051916283178432E+00 a       415     0    24     1     1
 -3.8886461541306812E+00 a       416     0    24     1     2
 -1.7180919869005538E+00 a       417     0    24     1     3
 -1.5194562320281910E+00 a       418     0    24     1     4
 -6.8575200368258593E-01 a       419     0    24     1     5
  3.3362057832060898E-01 a       420     0    24     1     6
 -8.9105637188178433E-01 a       421     0    24     1     7
  2.6746519035789817E+00 a       422     0    24     1     8
 -1.6094231927938165E+00 a       423     0    24     1     9
  4.7671276462676809E-01 a       424     0    24     1    10
  6.3430665467152347E-01 a       425     0    24     1    11
 -2.7900026301967746E+00 a       426     0    24     1    12
  4.0562467994621407E+00 a       427     0    24     1    13
 -4.8911171897520500E-01 a       428     0    24     1    14
  2.3049528136576729E+00 a       429     0    24     1    15
  4.4968723682694628E-01 a       430     0    24     1    16
 -1.4313637867606890E+00 a       431     0    24     1    17
  1.6730596240665940E+00 a       432     0    24     1    18
 -3.8475188771994815E+00 a       433     0    25     1     1
 -6.4037957703626047E-01 a       434     0    25     1     2
  5.5042846251827631E-03 a       435     0    25     1     3
  6.2140124024812966E+00 a       436     0    25     1     4
 -6.5621971161499015E-01 a       437     0    25     1     5
 -3.8746584032579467E+00 a       438     0    25     1     6
  1.5137788177816058E-01 a       439     0    25     1     7
  5.4124581693585500E-02 a       440     0    25     1     8
 -3.7675220086879526E+00 a       441     0    25     1     9
  2.3758555948667568E+00 a       442     0    25     1    10
  1.4913721826154447E+00 a       443     0    25     1    11
 -2.9021011506167445E+00 a       444     0    25     1    12
  4.3417306075749340E-01 a       445     0    25     1    13
  8.9915270539082559E-01 a       446     0    25     1    14
  4.2946835973714965E-02 a       447     0    25     1    15
 -3.7484599227006439E+00 a       448     0    25     1    16
  2.4139264350331882E+00 a       449     0    25     1    17
 -7.5192013566538991E+00 a       450     0    25     1    18
  8.6481682970994178E-01 a       451     0    26     1     1
 -1.3820802353832313E+00 a       452     0    26     1     2
  1.5998076406699913E+00 a       453     0    26     1     3
 -9.5870372168456031E-01 a       454     0    26     1     4
 -4.3978038976735645E-01 a       455     0    26     1     5
 -1.2676738311974955E-01 a       456     0    26     1     6
 -1.2068252920733107E+00 a       457     0    26     1     7
 -2.0317602593421382E+00 a       458     0    26     1     8
 -1.6937261689416969E-01 a       459     0    26     1     9
  1.7913613167637161E+00 a       460     0    26     1    10
  1.3422295129652868E+00 a       461     0    26     1    11
  1.4757223679528142E-01 a       462     0    26     1    12
 -2.7170258452981805E-01 a       463     0    26     1    13
  1.5807174955895111E+00 a       464     0    26     1    14
 -5.7784444838243620E-01 a       465     0    26     1    15
  3.8206336754844568E+00 a       466     0    26     1    16
  4.0771712193728922E+00 a       467     0    26     1    17
  5.3945881799035278E-01 a       468     0    26     1    18
  1.6320324073038281E-02 a       469     0    27     1     1
 -2.2435426109631971E+00 a       470     0    27     1     2
  1.4930756590933225E+00 a       471     0    27     1     3
  2.8496987739056390E-01 a       472     0    27     1     4
 -4.5906292979693841E-01 a       473     0    27     1     5
  5.0426386999644111E+00 a       474     0    27     1     6
  4.0658176331361046E-01 a       475     0    27     1     7
 -2.6594979324310497E+00 a       476     0    27     1     8
  1.2546364466635689E-02 a       477     0    27     1     9
  9.6472860773130975E-01 a       478     0    27     1    10
 -2.2097437781400719E+00 a       479     0    27     1    11
  9.1570564752069306E-01 a       480     0    27     1    12
  1.7646952904351219E+00 a       481     0    27     1    13
  2.0453802659586313E-02 a       482     0    27     1    14
  1.9942199656453194E+00 a       483     0    27     1    15
  9.9863449715844577E-01 a       484     0    27     1    16
 -3.6339983038829110E-01 a       485     0    27     1    17
 -2.7978438303658306E+00 a       486     0    27     1    18
  5.8422587696405759E-01 a       487     0    28     1     1
 -2.3806983832154880E+00 a       488     0    28     1     2
 -5.9972253452415480E-01 a       489     0    28     1     3
 -6.0920973395168632E-01 a       490     0    28     1     4
  2.4798807573156481E+00 a       491     0    28     1     5
  5.4337546957289087E+00 a       492     0    28     1     6
  5.1131620401909927E+00 a       493     0    28     1     7
 -7.4917755752343895E-01 a       494     0    28     1     8
  4.4271157458158727E-01 a       495     0    28     1     9
  1.9886178106457961E+00 a       496     0    28     1    10
 -7.8116753237849823E-01 a       497     0    28     1    11
  9.9209965152469071E-01 a       498     0    28     1    12
  1.0435263266083300E-01 a       499     0    28     1    13
 -6.7496280726444557E-01 a       500     0    28     1    14
  3.7106971483823470E+00 a       501     0    28     1    15
 -6.4540543762462277E-01 a       502     0    28     1    16
 -2.5998178079270104E+00 a       503     0    28     1    17
  1.6206524379242215E+00 a       504     0    28     1    18
  6.8058020926964380E-01 a       505     0    29     1     1
  8.1521833433636914E-01 a       506     0    29     1     2
  1.1033523113141759E+00 a       507     0    29     1     3
  5.5238223516109586E-01 a       508     0    29     1     4
 -8.0929459257231451E-01 a       509     0    29     1     5
  3.1341638922252892E+00 a       510     0    29     1     6
 -6.2512827798955284E-01 a       511     0    29     1     7
  1.6068775129592294E+00 a       512     0    29     1     8
 -2.2793081320718236E+00 a       513     0    29     1     9
 -8.6893894472026867E-01 a       514     0    29     1    10
 -8.5046212304728819E-01 a       515     0    29     1    11
  2.1567227254354826E+00 a       516     0    29     1    12
 -1.0317839963880662E+00 a       517     0    29     1    13
 -1.2349389815213967E+00 a       518     0    29     1    14
  4.9685006397045606E-01 a       519     0    29     1    15
 -1.7483884270803893E-01 a       520     0    29     1    16
  3.2792653069814126E-01 a       521     0    29     1    17
  4.6111854337865071E-01 a       522     0    29     1    18
  2.1097942155038907E+00 a       523     0    30     1     1
  2.7543134300191157E+00 a       524     0    30     1     2
 -1.5127565842313395E+00 a       525     0    30     1     3
 -2.8863164003680013E+00 a       526     0    30     1     4
 -1.6431923111473824E-02 a       527     0    30     1     5
 -1.3727280446582286E+00 a       528     0    30     1     6
 -3.7800772803971441E+00 a       529     0    30     1     7
  1.0435346534027838E+00 a       530     0    30     1     8
 -6.5012177389516757E-01 a       531     0    30     1     9
 -3.1215692501615477E-01 a       532     0    30     1    10
  7.8336400631544123E-01 a       533     0    30     1    11
  2.1645982891260052E+00 a       534     0    30     1    12
 -3.1826266876759024E+00 a       535     0    30     1    13
 -2.1918407054488802E+00 a       536     0    30     1    14
 -9.3531484480677640E-01 a       537     0    30     1    15
  2.5312861747787783E+00 a       538     0    30     1    16
  5.6128079913889959E+00 a       539     0    30     1    17
  5.2005887942948723E+00 a       540     0    30     1    18
  2.7190302150348056E+00 a       541     0    31     1     1
 -3.1122367312930730E+00 a       542     0    31     1     2
 -4.2696212987148280E-01 a       543     0    31     1     3
 -1.3326301620549470E+00 a       544     0    31     1     4
 -4.8522593505240713E-02 a       545     0    31     1     5
 -3.4772366832642114E+00 a       546     0    31     1     6
 -4.5887585153713655E+00 a       547     0    31     1     7
  3.0738958993950636E+00 a       548     0    31     1     8
  1.7555141048532716E+00 a       549     0    31     1     9
 -2.8676327004479124E-01 a       550     0    31     1    10
 -2.1941057922431768E+00 a       551     0    31     1    11
  7.6082929787129605E-02 a       552     0    31     1    12
 -2.7849517901786497E-01 a       553     0    31     1    13
 -8.4238893672545967E-01 a       554     0    31     1    14
 -5.0351653933270457E+00 a       555     0    31     1    15
  6.5195152202979259E+00 a       556     0    31     1    16
 -6.1414805123453253E-01 a       557     0    31     1    17
 -1.7664842768433537E+00 a       558     0    31     1    18
 -1.0321885226974494E+00 a       559     0    32     1     1
 -1.6028043027361083E+00 a       560     0    32     1     2
 -2.9393156476331730E+00 a       561     0    32     1     3
 -8.4958500530417203E-01 a       562     0    32     1     4
  1.2246831166472967E+00 a       563     0    32     1     5
  2.1273256311023991E+00 a       564     0    32     1     6
  7.0237202236363738E-01 a       565     0    32     1     7
 -1.8716896717465292E+00 a       566     0    32     1     8
  2.9091463840265845E+00 a       567     0    32     1     9
 -2.8943684671990799E-01 a       568     0    32     1    10
 -7.1578605519168736E-01 a       569     0    32     1    11
 -3.4189198102798595E+00 a       570     0    32     1    12
  2.0191190908821688E+00 a       571     0    32     1    13
  2.3542125018508866E+00 a       572     0    32     1    14
 -1.1039508510529190E+00 a       573     0    32     1    15
 -6.8409623008489351E-01 a       574     0    32     1    16
  9.2132142587566868E-01 a       575     0    32     1    17
  7.6667371318665323E-01 a       576     0    32     1    18
  2.8620437881846472E+00 a       577     0    33     1     1
  2.7308860806636330E+00 a       578     0    33     1     2
  1.5830199770385665E+00 a       579     0    33     1     3
 -9.3857089310056219E-01 a       580     0    33     1     4
 -1.3154142626767145E+00 a       581     0    33     1     5
  2.0077679886279323E+00 a       582     0    33     1     6
  7.7580804764901912E-01 a       583     0    33     1     7
  2.2399049295735245E+00 a       584     0    33     1     8
  6.8487044171159823E+00 a       585     0    33     1     9
 -2.4139515514142214E+00 a       586     0    33     1    10
  3.5459979153876469E+00 a       587     0    33     1    11
  4.5841161937879225E+00 a       588     0    33     1    12
 -1.0684401854025383E+00 a       589     0    33     1    13
  2.3299371281352363E+00 a       590     0    33     1    14
 -3.7671778594704906E+00 a       591     0    33     1    15
  3.4932304855975125E+00 a       592     0    33     1    16
  1.7996452485287435E+00 a       593     0    33     1    17
 -5.0258234781680704E+00 a       594     0    33     1    18
  1.0209347743296573E+00 a       595     0    34     1     1
  5.1618802991180346E-01 a       596     0    34     1     2
 -1.4626003523876470E+00 a       597     0    34     1     3
  8.1632111249088472E-03 a       598     0    34     1     4
  5.2821589978890127E-01 a       599     0    34     1     5
  1.3159363822097274E+00 a       600     0    34     1     6
 -1.3179219484193769E+00 a       601     0    34     1     7
 -1.4383062206573244E-01 a       602     0    34     1     8
  5.2962320114188843E-01 a       603     0    34     1     9
 -6.1369679386295350E-01 a       604     0    34     1    10
  3.8224667470971901E-01 a       605     0    34     1    11
  3.5952244783909215E-01 a       606     0    34     1    12
 -3.9386812697098406E-01 a       607     0    34     1    13
 -2.6448833976619196E-01 a       608     0    34     1    14
  3.5832100460107758E-01 a       609     0    34     1    15
 -1.3070318649006715E-01 a       610     0    34     1    16
 -1.0145031729499073E-02 a       611     0    34     1    17
  4.2054933343545609E-01 a       612     0    34     1    18
 -1.5973953123319548E-01 a       613     0    35     1     1
 -2.3489967351868080E-01 a       614     0    35     1     2
 -2.3943663803659829E-01 a       615     0    35     1     3
  1.1672366243805379E+00 a       616     0    35     1     4
  1.7830138941188114E-01 a       617     0    35     1     5
  2.7024331667302354E-01 a       618     0    35     1     6
 -1.3153689057776483E+00 a       619     0    35     1     7
 -9.7543211288003062E-01 a       620     0    35     1     8
 -4.1362208321450170E-02 a       621     0    35     1     9
 -7.3380839465920766E-01 a       622     0    35     1    10
  4.9685276923599886E-01 a       623     0    35     1    11
  5.4358872558547744E-01 a       624     0    35     1    12
  8.0859272020167530E-02 a       625     0    35     1    13
 -9.6072012464022183E-01 a       626     0    35     1    14
 -1.5145760425487190E-01 a       627     0    35     1    15
  4.5021859445859591E-01 a       628     0    35     1    16
  5.6198995427574734E-02 a       629     0    35     1    17
 -1.6950210648726677E-01 a       630     0    35     1    18
 -7.7533365482725347E-01 a       631     0    36     1     1
 -1.8952175011476309E+00 a       632     0    36     1     2
 -2.4122495046904939E+00 a       633     0    36     1     3
 -1.4285679370752675E+00 a       634     0    36     1     4
 -1.0522050326239165E+00 a       635     0    36     1     5
  1.4386335932489720E+00 a       636     0    36     1     6
 -1.2754281811518065E+00 a       637     0    36     1     7
 -3.9020440633380803E-02 a       638     0    36     1     8
  1.7952516272478975E-02 a       639     0    36     1     9
 -1.6392235144388920E+00 a       640     0    36     1    10
 -3.7799218983466139E+00 a       641     0    36     1    11
 -3.3779840094537766E-01 a       642     0    36     1    12
 -1.4112748349751318E+00 a       643     0    36     1    13
 -2.6399610026968362E-01 a       644     0    36     1    14
  1.4353654089779635E+00 a       645     0    36     1    15
  4.9068278261128701E-01 a       646     0    36     1    16
 -7.6569733317151811E-01 a       647     0    36     1    17
 -8.7288606265507052E-01 a       648     0    36     1    18
 -1.8041800185256345E+00 a       649     0    37     1     1
  8.4140626559088361E-01 a       650     0    37     1     2
 -1.1399948848806636E+00 a       651     0    37     1     3
 -2.8167576021266211E-01 a       652     0    37     1     4
  4.6917418080766554E-01 a       653     0    37     1     5
  7.4292713756267170E-01 a       654     0    37     1     6
  3.6284482521248229E+00 a       655     0    37     1     7
  1.2717244627600972E+00 a       656     0    37     1     8
  1.1740409560865064E+00 a       657     0    37     1     9
 -2.4129988381526504E+00 a       658     0    37     1    10
  2.3434286752637870E-01 a       659     0    37     1    11
 -2.7712588536962168E-01 a       660     0    37     1    12
 -1.0182635393690567E+00 a       661     0    37     1    13
  1.7821228466824266E+00 a       662     0    37     1    14
 -1.8844700183524909E+00 a       663     0    37     1    15
 -4.1190731308248402E-01 a       664     0    37     1    16
 -3.4593068142165634E-01 a       665     0    37     1    17
  1.0450606640493971E+00 a       666     0    37     1    18
  1.2977307805932274E+00 a       667     0    38     1     1
  5.7421348840838204E-01 a       668     0    38     1     2
 -2.3639959795829382E-01 a       669     0    38     1     3
 -1.2192872447954795E+00 a       670     0    38     1     4
 -5.0629366892478023E-01 a       671     0    38     1     5
 -6.0303024933972244E-02 a       672     0    38     1     6
 -9.2677587623506985E-01 a       673     0    38     1     7
 -4.0067257413444229E-01 a       674     0    38     1     8
  2.7712292090031798E-01 a       675     0    38     1     9
 -9.4652055887928843E-01 a       676     0    38     1    10
  1.9165387670706135E-01 a       677     0    38     1    11
  1.2081585680551992E+00 a       678     0    38     1    12
 -1.3565422783786389E+00 a       679     0    38     1    13
 -4.0699068472377892E-01 a       680     0    38     1    14
 -6.5672503608137500E-01 a       681     0    38     1    15
  5.2108894075458267E-01 a       682     0    38     1    16
  3.2176325433503372E-01 a       683     0    38     1    17
  4.9785754449721736E-01 a       684     0    38     1    18
  4.4834536502534283E-01 a       685     0    39     1     1
 -1.6468517233455378E+00 a       686     0    39     1     2
 -1.9803723820964023E+00 a       687     0    39     1     3
 -1.0451232929783998E+00 a       688     0    39     1     4
 -1.5236950388598476E+00 a       689     0    39     1     5
  5.6945676202905249E+00 a       690     0    39     1     6
  3.4248207683930145E+00 a       691     0    39     1     7
 -1.9387384381395287E+00 a       692     0    39     1     8
 -1.1707724666466734E+00 a       693     0    39     1     9
 -2.5596681735124021E+00 a       694     0    39     1    10
 -3.5106342097744125E+00 a       695     0    39     1    11
  5.6944865595802995E-02 a       696     0    39     1    12
  7.0175465401989490E-01 a       697     0    39     1    13
  9.8218400476809842E-01 a       698     0    39     1    14
  4.7458734909134197E+00 a       699     0    39     1    15
  4.4260680961918475E-01 a       700     0    39     1    16
 -1.6713009766348472E+00 a       701     0    39     1    17
 -1.2293903954487495E+00 a       702     0    39     1    18
 -3.9294486243659427E-01 a       703     0    40     1     1
  2.7138497096244634E+00 a       704     0    40     1     2
  1.3363494365004569E-01 a       705     0    40     1     3
  4.9573660231848055E-01 a       706     0    40     1     4
 -9.8686851244486107E-01 a       707     0    40     1     5
 -1.3447624140932259E+00 a       708     0    40     1     6
  1.0195955812799420E+00 a       709     0    40     1     7
 -2.7216862963906746E-01 a       710     0    40     1     8
  4.6336463497912437E+00 a       711     0    40     1     9
 -3.4947449244943694E+00 a       712     0    40     1    10
  1.4157557436862249E+00 a       713     0    40     1    11
  4.0346908576166540E-01 a       714     0    40     1    12
 -4.1102216842148449E+00 a       715     0    40     1    13
 -3.1796572941833551E-02 a       716     0    40     1    14
  5.9694725936703263E-01 a       717     0    40     1    15
 -6.5114680725966789E-01 a       718     0    40     1    16
 -1.5415202866273465E+00 a       719     0    40     1    17
 -1.0590856183089548E+00 a       720     0    40     1    18
 -8.3018387039351638E-01 a       721     0    41     1     1
 -8.6013138887726368E-02 a       722     0    41     1     2
 -3.8350749417330909E-02 a       723     0    41     1     3
 -8.0411957477052654E-01 a       724     0    41     1     4
  7.8951599552216672E-02 a       725     0    41     1     5
 -9.6787329226996799E-01 a       726     0    41     1     6
 -3.4025373618129978E-01 a       727     0    41     1     7
 -2.7251879329042348E+00 a       728     0    41     1     8
 -1.8441793800749676E-01 a       729     0    41     1     9
 -2.1903675696344864E+00 a       730     0    41     1    10
 -7.0435355089624752E-01 a       731     0    41     1    11
  1.0768936060890448E+00 a       732     0    41     1    12
 -8.6913291039913743E-01 a       733     0    41     1    13
 -2.6116002752058914E-01 a       734     0    41     1    14
  1.9049408474887586E+00 a       735     0    41     1    15
 -7.9423930097182005E-01 a       736     0    41     1    16
 -1.0378731692213325E+00 a       737     0    41     1    17
 -6.1848058478460866E-01 a       738     0    41     1    18
  3.8295866816006652E+00 a       739     0    42     1     1
  7.2370026821206723E+00 a       740     0    42     1     2
 -2.2690124057654359E+00 a       741     0    42     1     3
 -3.9221346500616296E+00 a       742     0    42     1     4
 -5.7960914138204078E+00 a       743     0    42     1     5
 -1.6710224520714054E+00 a       744     0    42     1     6
  4.9706331020063885E+00 a       745     0    42     1     7
 -3.9205570385271749E+00 a       746     0    42     1     8
  1.0823110162900354E+01 a       747     0    42     1     9
  1.8175346163553756E+00 a       748     0    42     1    10
 -9.0555398558452467E+00 a       749     0    42     1    11
 -4.0836834625589900E+00 a       750     0    42     1    12
  1.9384703990663033E+00 a       751     0    42     1    13
 -5.7942600918463931E+00 a       752     0    42     1    14
 -5.4765160481936350E+00 a       753     0    42     1    15
  3.9476904488362097E+00 a       754     0    42     1    16
  2.0913768809633965E-01 a       755     0    42     1    17
  4.5924098406072602E+00 a       756     0    42     1    18
 -2.1560242730286250E+00 a       757     0    43     1     1
 -4.2052370257407219E+00 a       758     0    43     1     2
  1.2014424164216941E+00 a       759     0    43     1     3
  2.2087069438231386E+00 a       760     0    43     1     4
  1.2432158603027579E+00 a       761     0    43     1     5
 -1.5210863714024514E+00 a       762     0    43     1     6
 -2.9509739798497860E+00 a       763     0    43     1     7
 -2.0022592643925252E+00 a       764     0    43     1     8
  1.0310926091447090E+00 a       765     0    43     1     9
  2.1952471038421004E+00 a       766     0    43     1    10
 -1.5506819435092378E+00 a       767     0    43     1    11
 -2.3554693967635472E+00 a       768     0    43     1    12
 -6.9613306285511087E-02 a       769     0    43     1    13
 -3.0532750350858122E+00 a       770     0    43     1    14
  2.4361914341815751E+00 a       771     0    43     1    15
  1.7181400443608428E+00 a       772     0    43     1    16
  1.9420789527275761E+00 a       773     0    43     1    17
 -1.2243307196006616E+00 a       774     0    43     1    18
 -1.6939896016498808E+00 a       775     0    44     1     1
 -2.8851910510967649E+00 a       776     0    44     1     2
 -2.6956937138566003E-02 a       777     0    44     1     3
  7.0085608867200977E-01 a       778     0    44     1     4
 -2.5657977297179575E+00 a       779     0    44     1     5
 -3.4070668782685005E+00 a       780     0    44     1     6
  3.1818749179843708E+00 a       781     0    44     1     7
  1.5073492025964954E+00 a       782     0    44     1     8
 -1.0651713038176240E+00 a       783     0    44     1     9
 -9.4396346213630278E-01 a       784     0    44     1    10
  1.2856346044410831E+00 a       785     0    44     1    11
 -1.2050423584947960E+00 a       786     0    44     1    12
 -1.5442499705560957E+00 a       787     0    44     1    13
  2.1981441523575311E+00 a       788     0    44     1    14
  3.2378179055394094E+00 a       789     0    44     1    15
 -3.7420510457398959E-01 a       790     0    44     1    16
 -1.0931889127488781E+00 a       791     0    44     1    17
 -2.2430583038364609E+00 a       792     0    44     1    18
 -6.1696854807821770E+00 a       793     0    45     1     1
 -3.4722036758201305E+00 a       794     0    45     1     2
  2.4698081550080806E+00 a       795     0    45     1     3
 -1.2344688808127380E+00 a       796     0    45     1     4
  9.1172585676667339E-01 a       797     0    45     1     5
  1.1015066491273469E+00 a       798     0    45     1     6
 -5.9027232290211735E+00 a       799     0    45     1     7
 -4.3078220397934572E+00 a       800     0    45     1     8
 -1.3419755624198818E-01 a       801     0    45     1     9
  3.3162581013828509E+00 a       802     0    45     1    10
  9.2956806378572476E-01 a       803     0    45     1    11
  1.9240066451159408E+00 a       804     0    45     1    12
 -6.6296325538145895E-01 a       805     0    45     1    13
 -3.1138789593537806E+00 a       806     0    45     1    14
  2.8079918250801921E+00 a       807     0    45     1    15
 -2.4206616762041731E+00 a       808     0    45     1    16
 -3.4393036542433986E-01 a       809     0    45     1    17
  2.0183712856627052E+00 a       810     0    45     1    18
  2.4460710250872402E+00 a       811     0    46     1     1
 -2.5001824852077386E+00 a       812     0    46     1     2
 -3.4943379901114013E-01 a       813     0    46     1     3
 -3.0444531781395532E+00 a       814     0    46     1     4
  3.9176810795082990E+00 a       815     0    46     1     5
 -1.4656214704153465E+00 a       816     0    46     1     6
 -3.7548534058386687E+00 a       817     0    46     1     7
  1.4744855919787192E+00 a       818     0    46     1     8
 -8.0419072066608397E+00 a       819     0    46     1     9
  5.7903438314203726E+00 a       820     0    46     1    10
  8.4488101908960089E-01 a       821     0    46     1    11
  2.5697531903274005E+00 a       822     0    46     1    12
  4.2149786787838677E+00 a       823     0    46     1    13
  2.9155910400775675E+00 a       824     0    46     1    14
 -6.1595253259819194E-01 a       825     0    46     1    15
 -2.3842399997338979E+00 a       826     0    46     1    16
 -1.8329884319529857E-01 a       827     0    46     1    17
 -1.7194097399922030E+00 a       828     0    46     1    18
  1.6247789741747474E+00 a       829     0    47     1     1
 -9.4597208812702871E-01 a       830     0    47     1     2
  2.5039126063114638E+00 a       831     0    47     1     3
  3.0215804231036936E+00 a       832     0    47     1     4
 -1.7141028080273162E+00 a       833     0    47     1     5
  3.5841424687645067E+00 a       834     0    47     1     6
  4.5528173670839625E+00 a       835     0    47     1     7
  3.4854264374839778E+00 a       836     0    47     1     8
 -1.7147955688306107E+00 a       837     0    47     1     9
  7.3207514173725015E+00 a       838     0    47     1    10
 -2.1280912290816423E-01 a       839     0    47     1    11
 -2.7770599544708761E+00 a       840     0    47     1    12
  2.2781568431953283E+00 a       841     0    47     1    13
  3.5512143374276279E+00 a       842     0    47     1    14
 -2.5573401120030268E+00 a       843     0    47     1    15
  3.1690423473189493E+00 a       844     0    47     1    16
  2.4420782037169326E+00 a       845     0    47     1    17
  2.2806961849106027E+00 a       846     0    47     1    18
 -3.0959440994200049E-01 a       847     0    48     1     1
 -9.3276285205541871E+00 a       848     0    48     1     2
  1.5427355403135434E+00 a       849     0    48     1     3
  1.8127847609066092E+00 a       850     0    48     1     4
 -3.3102273629262911E+00 a       851     0    48     1     5
  9.0868085474110571E-02 a       852     0    48     1     6
  6.7744644283121291E-01 a       853     0    48     1     7
  3.6568482596720207E-02 a       854     0    48     1     8
 -7.6015524091525488E-01 a       855     0    48     1     9
  8.2015535893705351E+00 a       856     0    48     1    10
 -3.6290413977970415E+00 a       857     0    48     1    11
 -3.0571008511657412E+00 a       858     0    48     1    12
 -6.2370436466511645E+00 a       859     0    48     1    13
  9.9507752173648978E+00 a       860     0    48     1    14
  1.0347946465044955E-01 a       861     0    48     1    15
  2.4785376671090087E-01 a       862     0    48     1    16
  2.2169192786081884E+00 a       863     0    48     1    17
  1.2894019179331132E-01 a       864     0    48     1    18
  1.6808606242880890E+00 a       865     0    49     1     1
  1.2330449366799694E-01 a       866     0    49     1     2
 -3.2051663673457398E-01 a       867     0    49     1     3
 -4.7702552576813129E-01 a       868     0    49     1     4
 -4.3434833713913079E-01 a       869     0    49     1     5
 -4.7334432398807202E-01 a       870     0    49     1     6
 -1.7758499598084951E+00 a       871     0    49     1     7
  3.4841373967628481E-01 a       872     0    49     1     8
 -1.2015053705812000E-01 a       873     0    49     1     9
  6.9113304144592080E-01 a       874     0    49     1    10
  1.4676676052605603E-01 a       875     0    49     1    11
 -4.6662914668007226E-02 a       876     0    49     1    12
 -1.3758108326970236E-01 a       877     0    49     1    13
 -1.7103885577580695E+00 a       878     0    49     1    14
 -2.8043338343935065E-01 a       879     0    49     1    15
  1.9563580677614242E-01 a       880     0    49     1    16
  1.3891455053461638E-01 a       881     0    49     1    17
 -3.5092409998211831E-02 a       882     0    49     1    18
  5.5302597415345589E-01 a       883     0    50     1     1
 -5.1344161725183735E-01 a       884     0    50     1     2
 -4.7544444117333629E-01 a       885     0    50     1     3
 -7.7884039627593471E-01 a       886     0    50     1     4
  1.5535872114237589E-01 a       887     0    50     1     5
 -1.6045929321728375E-01 a       888     0    50     1     6
 -9.7515273965885974E-01 a       889     0    50     1     7
 -1.0905995571911171E+00 a       890     0    50     1     8
 -9.5053407491176273E-02 a       891     0    50     1     9
  1.2720267311557701E-01 a       892     0    50     1    10
  1.5368978134059999E-01 a       893     0    50     1    11
  1.2115288792730399E+00 a       894     0    50     1    12
 -8.2123069296939377E-01 a       895     0    50     1    13
  3.7976611339760918E-01 a       896     0    50     1    14
  4.8888615468988300E-01 a       897     0    50     1    15
 -3.5449124516381525E-01 a       898     0    50     1    16
 -5.0756244268965778E-01 a       899     0    50     1    17
  2.6176430938130885E-01 a       900     0    50     1    18
 -9.2876353348374585E-01 a       901     0    51     1     1
 -2.5318387519104171E+00 a       902     0    51     1     2
 -7.2316618562431290E-01 a       903     0    51     1     3
  1.1415081009662544E+00 a       904     0    51     1     4
 -1.8052292326481656E+00 a       905     0    51     1     5
  8.6482889356265369E-01 a       906     0    51     1     6
 -4.8095459607207411E+00 a       907     0    51     1     7
 -1.3821709440769439E+00 a       908     0    51     1     8
 -1.0376138141592419E+00 a       909     0    51     1     9
 -1.9481403920399980E+00 a       910     0    51     1    10
 -7.8986418359062494E-01 a       911     0    51     1    11
  2.0948174114649576E+00 a       912     0    51     1    12
  4.3970200509186169E-01 a       913     0    51     1    13
 -1.4999271114781987E+00 a       914     0    51     1    14
  1.4267129949727839E+00 a       915     0    51     1    15
 -3.5625789174934813E-01 a       916     0    51     1    16
 -1.3967926919508988E+00 a       917     0    51     1    17
 -1.5226698834020349E+00 a       918     0    51     1    18
 -1.4285212788394464E+00 a       919     0    52     1     1
  1.5473707807617463E+00 a       920     0    52     1     2
  1.5376280111247971E+00 a       921     0    52     1     3
 -3.6831560028022050E+00 a       922     0    52     1     4
  3.9526140962186196E-01 a       923     0    52     1     5
  2.3693150821063109E+00 a       924     0    52     1     6
  4.8625120072128167E+00 a       925     0    52     1     7
  9.1797486363586445E-01 a       926     0    52     1     8
 -2.3887508195978549E-01 a       927     0    52     1     9
  6.3152906913679629E-01 a       928     0    52     1    10
 -2.1156434634987482E+00 a       929     0    52     1    11
 -1.6015674113470095E+00 a       930     0    52     1    12
  7.2978463530643012E-01 a       931     0    52     1    13
  3.0388263365564838E+00 a       932     0    52     1    14
 -1.3406795265979241E+00 a       933     0    52     1    15
  1.1109310206826499E-01 a       934     0    52     1    16
  1.0220640745463918E+00 a       935     0    52     1    17
  2.2891652977922585E+00 a       936     0    52     1    18
  7.3313612961880681E-01 a       937     0    53     1     1
  2.2867213102901514E+00 a       938     0    53     1     2
  1.4305155839411590E+00 a       939     0    53     1     3
 -2.8590092396738509E+00 a       940     0    53     1     4
  3.8018093479972426E+00 a       941     0    53     1     5
  1.6627305174181597E+00 a       942     0    53     1     6
  1.1173516358706199E+00 a       943     0    53     1     7
  3.1837069859219208E-01 a       944     0    53     1     8
  2.4859855025497235E+00 a       945     0    53     1     9
  6.6637695939266661E-01 a       946     0    53     1    10
 -2.6157507116686487E+00 a       947     0    53     1    11
 -1.0746727582778501E+00 a       948     0    53     1    12
  1.2273822103291747E+00 a       949     0    53     1    13
 -2.3403467819600865E-01 a       950     0    53     1    14
 -1.9213373110177974E+00 a       951     0    53     1    15
  7.6642181591675429E-01 a       952     0    53     1    16
  1.9195005996399728E+00 a       953     0    53     1    17
  1.3970238731319817E+00 a       954     0    53     1    18
  4.6542588539441443E+00 a       955     0    54     1     1
  3.3568434749176448E+00 a       956     0    54     1     2
 -3.8565028700051491E+00 a       957     0    54     1     3
  1.3673095977045355E+00 a       958     0    54     1     4
 -3.1859272947707511E-02 a       959     0    54     1     5
  1.5625545426734346E+00 a       960     0    54     1     6
  4.3501853330845348E+00 a       961     0    54     1     7
  5.5788714496244225E+00 a       962     0    54     1     8
  3.7837042921794781E+00 a       963     0    54     1     9
 -2.7035748979487075E+00 a       964     0    54     1    10
  7.0404946685850811E-01 a       965     0    54     1    11
 -4.4617213529612183E+00 a       966     0    54     1    12
  2.7372745742522370E-01 a       967     0    54     1    13
  6.3008061602878873E-01 a       968     0    54     1    14
 -2.7505858854043050E+00 a       969     0    54     1    15
  1.1406553421673644E+00 a       970     0    54     1    16
  8.7701616706823726E-01 a       971     0    54     1    17
 -1.2001255176803374E+00 a       972     0    54     1    18
 -1.9776374278932485E+00 a       973     0    55     1     1
  1.4813268660122358E+00 a       974     0    55     1     2
 -1.2497460696306666E-01 a       975     0    55     1     3
 -1.3658039201392272E-01 a       976     0    55     1     4
 -1.0665774134867001E-01 a       977     0    55     1     5
  2.1099803426985786E+00 a       978     0    55     1     6
  3.0481730147295019E+00 a       979     0    55     1     7
 -4.0738513042818686E-01 a       980     0    55     1     8
  3.9642248906916793E+00 a       981     0    55     1     9
 -1.7063655933005557E+00 a       982     0    55     1    10
 -3.6954936795318094E+00 a       983     0    55     1    11
 -3.4964740356916844E+00 a       984     0    55     1    12
 -1.4087086140318610E+00 a       985     0    55     1    13
  1.2125176666112725E+00 a       986     0    55     1    14
  1.8037865239782802E+00 a       987     0    55     1    15
 -3.8017280805513676E-01 a       988     0    55     1    16
 -1.3863910373132959E+00 a       989     0    55     1    17
  2.6700485268483470E-01 a       990     0    55     1    18
 -2.3684362999694355E+00 a       991     0    56     1     1
 -1.2354739981694107E+00 a       992     0    56     1     2
 -1.5588972288523709E-01 a       993     0    56     1     3
 -1.4563245171113735E+00 a       994     0    56     1     4
  2.0878387717047255E+00 a       995     0    56     1     5
  1.4023148480066490E+00 a       996     0    56     1     6
 -1.2998675814445904E+00 a       997     0    56     1     7
 -4.0423656167620106E+00 a       998     0    56     1     8
 -2.9837523377347414E-01 a       999     0    56     1     9
 -2.0943846084693583E+00 a      1000     0    56     1    10
 -2.1386582636894262E+00 a      1001     0    56     1    11
  2.5460776401336044E-01 a      1002     0    56     1    12
 -2.3244001703001529E-01 a      1003     0    56     1    13
 -9.6827800207565073E-01 a      1004     0    56     1    14
  4.9723991201537059E+00 a      1005     0    56     1    15
 -1.0308094581727971E+00 a      1006     0    56     1    16
 -6.0120540927779376E-01 a      1007     0    56     1    17
 -8.8603130215797488E-01 a      1008     0    56     1    18
 -4.2598427253340203E+00 a      1009     0    57     1     1
  4.8517486842151591E-01 a      1010     0    57     1     2
 -6.3218807985421022E-01 a      1011     0    57     1     3
  1.6240771369495677E+00 a      1012     0    57     1     4
  3.7903698245259032E+00 a      1013     0    57     1     5
  5.2390287495192629E+00 a      1014     0    57     1     6
 -6.1467776987032741E+00 a      1015     0    57     1     7
  1.5161806522523980E+00 a      1016     0    57     1     8
 -1.4982754120500470E+00 a      1017     0    57     1     9
  4.0018343934170248E+00 a      1018     0    57     1    10
  7.4505921030018618E-01 a      1019     0    57     1    11
 -1.7163204520077042E+00 a      1020     0    57     1    12
  1.2109955756129251E+00 a      1021     0    57     1    13
 -2.6127929989633016E+00 a      1022     0    57     1    14
  5.8154144781612942E+00 a      1023     0    57     1    15
  6.8884946654650359E-01 a      1024     0    57     1    16
  1.1775483785636509E+00 a      1025     0    57     1    17
  3.1119279757693241E+00 a      1026     0    57     1    18
  1.2349610552200485E+00 a      1027     0    58     1     1
  1.6832524111846341E+00 a      1028     0    58     1     2
  1.0048868882949324E-01 a      1029     0    58     1     3
  7.4132051190732684E-01 a      1030     0    58     1     4
  9.2107162477228749E-02 a      1031     0    58     1     5
 -4.5784810296861629E+00 a      1032     0    58     1     6
 -1.1419457313275703E+00 a      1033     0    58     1     7
  3.1285264101578210E+00 a      1034     0    58     1     8
  2.1175262188217823E+00 a      1035     0    58     1     9
 -1.8135527898692394E-01 a      1036     0    58     1    10
  4.1028775634380521E+00 a      1037     0    58     1    11
 -9.8902778497686250E-01 a      1038     0    58     1    12
 -8.4500737617021904E-01 a      1039     0    58     1    13
 -4.7042593032720043E-01 a      1040     0    58     1    14
 -4.4079414886532167E+00 a      1041     0    58     1    15
 -2.4528234914340089E-01 a      1042     0    58     1    16
  1.6253177724359789E+00 a      1043     0    58     1    17
 -5.3472284632149403E-01 a      1044     0    58     1    18
 -1.1805995653729782E+00 a      1045     0    59     1     1
  2.1359152496386602E+00 a      1046     0    59     1     2
  2.9915415843872131E+00 a      1047     0    59     1     3
  1.2771184721075994E+00 a      1048     0    59     1     4
  8.1497705256933237E+00 a      1049     0    59     1     5
 -1.3878186738647513E+00 a      1050     0    59     1     6
  9.5863522779067192E-02 a      1051     0    59     1     7
  4.0639884710964500E+00 a      1052     0    59     1     8
 -7.0023376734044342E+00 a      1053     0    59     1     9
 -5.3671361354908891E+00 a      1054     0    59     1    10
  1.1384133812783567E+01 a      1055     0    59     1    11
  5.8842602061561635E+00 a      1056     0    59     1    12
 -4.4685641224705691E-01 a      1057     0    59     1    13
  4.7483720567836318E+00 a      1058     0    59     1    14
  3.1411822335675272E+00 a      1059     0    59     1    15
 -4.2512736961990854E+00 a      1060     0    59     1    16
 -1.3339497170374301E+00 a      1061     0    59     1    17
 -2.2692414629851565E+00 a      1062     0    59     1    18
  2.5752152471964638E+00 a      1063     0    60     1     1
  8.8259525913861936E-01 a      1064     0    60     1     2
 -5.3269626925785540E-01 a      1065     0    60     1     3
  2.4573038093013220E+00 a      1066     0    60     1     4
 -1.9172767049805546E+00 a      1067     0    60     1     5
 -4.2802316051429296E-01 a      1068     0    60     1     6
 -2.2183271952070198E+00 a      1069     0    60     1     7
 -1.5830105821759916E-01 a      1070     0    60     1     8
 -1.7650474974975592E+00 a      1071     0    60     1     9
 -6.4630948852929115E-01 a      1072     0    60     1    10
  2.3460775477954434E+00 a      1073     0    60     1    11
  3.5007627658099154E+00 a      1074     0    60     1    12
  3.0075495335581326E-01 a      1075     0    60     1    13
  1.3797974147349645E-01 a      1076     0    60     1    14
  1.6134993503572745E+00 a      1077     0    60     1    15
 -8.0737686449610591E-01 a      1078     0    60     1    16
 -3.1267049299795229E+00 a      1079     0    60     1    17
 -1.8911887935896150E+00 a      1080     0    60     1    18
 -1.4699436602797398E+00 a      1081     0    61     1     1
  4.0315770204005641E-01 a      1082     0    61     1     2
  9.6017591204793462E-01 a      1083     0    61     1     3
  3.0050735115379434E+00 a      1084     0    61     1     4
  5.8182852476529240E-02 a      1085     0    61     1     5
  7.9760698581514877E-01 a      1086     0    61     1     6
 -1.7231354749483827E+00 a      1087     0    61     1     7
 -6.5904419098852585E-02 a      1088     0    61     1     8
 -7.1250072740862325E-01 a      1089     0    61     1     9
  1.8932749363913683E+00 a      1090     0    61     1    10
  6.1604757808770216E-01 a      1091     0    61     1    11
 -3.6880339737192069E-01 a      1092     0    61     1    12
  1.3937906350774780E+00 a      1093     0    61     1    13
 -1.3378935479298501E-01 a      1094     0    61     1    14
 -1.4052013839879272E+00 a      1095     0    61     1    15
 -2.5469494052508018E-01 a      1096     0    61     1    16
 -7.5045889925132359E-01 a      1097     0    61     1    17
  1.0614190114563993E-01 a      1098     0    61     1    18
 -2.2445484361752932E+00 a      1099     0    62     1     1
 -6.4848491508127504E-01 a      1100     0    62     1     2
  5.1494290926568738E+00 a      1101     0    62     1     3
  1.2044394922550923E+00 a      1102     0    62     1     4
 -1.9679841276252961E+00 a      1103     0    62     1     5
 -5.1280453751736941E+00 a      1104     0    62     1     6
  2.0461282102395852E+00 a      1105     0    62     1     7
 -2.9696592009556722E-01 a      1106     0    62     1     8
 -4.6073313246213283E+00 a      1107     0    62     1     9
  2.9869446308813141E+00 a      1108     0    62     1    10
 -2.4756452018490784E+00 a      1109     0    62     1    11
  1.1324231582212900E+00 a      1110     0    62     1    12
  4.9019834048896155E-01 a      1111     0    62     1    13
  2.8815366071599553E+00 a      1112     0    62     1    14
 -1.2082927568847956E+00 a      1113     0    62     1    15
  9.2346475974886311E-01 a      1114     0    62     1    16
 -1.3306138689357077E+00 a      1115     0    62     1    17
  4.4531081488767366E-01 a      1116     0    62     1    18
  5.9864407804921094E-01 a      1117     0    63     1     1
  2.4531694142483156E+00 a      1118     0    63     1     2
 -1.0146874476749468E+00 a      1119     0    63     1     3
 -1.4449146046326589E+00 a      1120     0    63     1     4
  1.0311286023429125E+00 a      1121     0    63     1     5
 -3.9485736133469245E+00 a      1122     0    63     1     6
 -1.5428834022311579E+00 a      1123     0    63     1     7
  2.7401557933191087E+00 a      1124     0    63     1     8
  1.9541596232658920E+00 a      1125     0    63     1     9
 -1.9275166916471567E+00 a      1126     0    63     1    10
  2.4552118244037233E+00 a      1127     0    63     1    11
  8.8213975765281172E-01 a      1128     0    63     1    12
 -1.2065579375390425E+00 a      1129     0    63     1    13
 -1.2276654575590265E+00 a      1130     0    63     1    14
 -3.5030644233619106E+00 a      1131     0    63     1    15
 -2.2981652283965510E+00 a      1132     0    63     1    16
 -1.2003542033850989E+00 a      1133     0    63     1    17
 -8.8429986092015711E-01 a      1134     0    63     1    18
  2.7117766179501763E+00 a      1135     0    64     1     1
  6.6206534170085076E+00 a      1136     0    64     1     2
 -2.0810386791507679E-01 a      1137     0    64     1     3
 -2.3196209080299077E+00 a      1138     0    64     1     4
  2.1892980440091026E+00 a      1139     0    64     1     5
 -6.2591477586130182E+00 a      1140     0    64     1     6
  4.5189845789161582E+00 a      1141     0    64     1     7
  3.2206546477633269E-01 a      1142     0    64     1     8
  1.2636975950347773E+00 a      1143     0    64     1     9
 -4.4230804489460276E+00 a      1144     0    64     1    10
  2.6969955531710843E+00 a      1145     0    64     1    11
  2.3523119887013372E-01 a      1146     0    64     1    12
  4.1050269658466201E+00 a      1147     0    64     1    13
 -3.9493936970994370E+00 a      1148     0    64     1    14
 -5.0764810102838869E+00 a      1149     0    64     1    15
 -2.6737450038619199E+00 a      1150     0    64     1    16
 -3.5409309155818885E-01 a      1151     0    64     1    17
 -1.7771999151775273E+00 a      1152     0    64     1    18
  2.6129973269240586E-01 b      1153     1     1
  4.5573554353201712E-01 b      1154     1     2
  2.1859610592880216E-01 b      1155     1     3
  7.1633913321766829E-01 b      1156     1     4
 -1.6157864102020994E-01 b      1157     1     5
  1.6535341327835992E-01 b      1158     1     6
 -4.3952469624517110E-01 b      1159     1     7
  1.5279675647888205E-01 b      1160     1     8
  2.5343994980426193E-01 b      1161     1     9
  3.2823621292565613E-01 b      1162     1    10
  1.2781036970267848E-01 b      1163     1    11
  3.6005728121402991E-01 b      1164     1    12
 -8.8936717937219786E-02 b      1165     1    13
  1.5034519890112782E-01 b      1166     1    14
  2.4210180650831600E-01 b      1167     1    15
 -3.8385905588539534E-02 b      1168     1    16
  1.7691775953425051E-01 b      1169     1    17
  6.6036706957466412E-02 b      1170     1    18
 -1.9341826986280466E-01 a      1171     1     1     2     1
  1.5748910777695491E-01 a      1172     1     1     2     2
  2.0803822388024693E-01 a      1173     1     1     2     3
 -6.3399359969317393E-02 a      1174     1     1     2     4
  6.2924030982550144E-02 a      1175     1     1     2     5
  6.4960855681664953E-01 a      1176     1     1     2     6
  3.1368033200753931E-01 a      1177     1     1     2     7
 -6.5819943591502250E-01 a      1178     1     1     2     8
  8.9086866026247180E-01 a      1179     1     1     2     9
  4.0204303456126200E-01 a      1180     1     1     2    10
  1.4142551902551073E-01 a      1181     1     1     2    11
 -6.6218751841324663E-01 a      1182     1     1     2    12
  4.3831068173869697E-01 a      1183     1     1     2    13
 -4.3377379020516849E-01 a      1184     1     1     2    14
  5.8297973971153882E-01 a      1185     1     1     2    15
  2.0563505939625325E-02 a      1186     1     1     2    16
  2.5329550147932234E-01 a      1187     1     1     2    17
  1.0195094313752485E-01 a      1188     1     1     2    18
 -5.4957688823521045E-01 a      1189     1     2     2     1
  3.1482209043669152E-01 a      1190     1     2     2     2
  1.9648292032388854E+00 a      1191     1     2     2     3
  2.5695442534727560E-02 a      1192     1     2     2     4
  6.4603849376238165E-01 a      1193     1     2     2     5
  1.2161413067811314E-01 a      1194     1     2     2     6
 -7.7889744640334635E-01 a      1195     1     2     2     7
 -4.2890410143532126E-01 a      1196     1     2     2     8
  7.8423396293039682E-01 a      1197     1     2     2     9
 -4.0386215652836061E-01 a      1198     1     2     2    10
  4.8476378573580020E-01 a      1199     1     2     2    11
 -4.4207314367645972E-01 a      1200     1     2     2    12
  8.5817459757955489E-02 a      1201     1     2     2    13
 -4.4585241622434824E-02 a      1202     1     2     2    14
  1.8092165786959891E-01 a      1203     1     2     2    15
 -6.2538163130874880E-01 a      1204     1     2     2    16
 -1.3215943699380481E-01 a      1205     1     2     2    17
 -9.5326764050243748E-02 a      1206     1     2     2    18
  1.2055969762809231E-01 a      1207     1     3     2     1
 -6.1271223109187023E-01 a      1208     1     3     2     2
 -1.0849845217609166E+00 a      1209     1     3     2     3
 -8.7935024060398292E-01 a      1210     1     3     2     4
 -1.1387850397287178E+00 a      1211     1     3     2     5
 -4.2096332322033209E-01 a      1212     1     3     2     6
  3.3232813614686454E-02 a      1213     1     3     2     7
 -2.7067575318878789E-01 a      1214     1     3     2     8
  6.2023290205799150E-02 a      1215     1     3     2     9
  7.6084439320426023E-01 a      1216     1     3     2    10
  8.4601962322486113E-01 a      1217     1     3     2    11
 -1.3005214737345148E+00 a      1218     1     3     2    12
 -7.0009127555493078E-01 a      1219     1     3     2    13
  3.8538990379188048E-01 a      1220     1     3     2    14
 -1.5683016098185831E-01 a      1221     1     3     2    15
 -5.2486918701963481E-01 a      1222     1     3     2    16
  6.8098673708612700E-01 a      1223     1     3     2    17
 -6.2779030019932780E-01 a      1224     1     3     2    18
 -9.0950751909196959E-01 a      1225     1     4     2     1
  6.5062860059441707E-01 a      1226     1     4     2     2
 -5.3224288399448716E-01 a      1227     1     4     2     3
  4.2255467677339786E-02 a      1228     1     4     2     4
  5.6401218376069179E-02 a      1229     1     4     2     5
 -2.3802485777846574E-01 a      1230     1     4     2     6
  2.8895559616837319E-01 a      1231     1     4     2     7
 -3.2064516961020173E-01 a      1232     1     4     2     8
  9.8876455643262451E-01 a      1233     1     4     2     9
  4.3490006067289327E-01 a      1234     1     4     2    10
 -3.6526118859638412E-01 a      1235     1     4     2    11
  6.0405982129920266E-01 a      1236     1     4     2    12
  3.8469640735082394E-01 a      1237     1     4     2    13
 -1.1930974044508702E+00 a      1238     1     4     2    14
  4.2269085623715552E-01 a      1239     1     4     2    15
  3.7545037566977846E-01 a      1240     1     4     2    16
 -4.1754373130367706E-01 a      1241     1     4     2    17
 -4.3902411138725012E-01 a      1242     1     4     2    18
  3.1053554419062951E-01 a      1243     1     5     2     1
 -1.7963358681302316E-01 a      1244     1     5     2     2
 -2.9642020469888837E-03 a      1245     1     5     2     3
 -4.5996988085996421E-01 a      1246     1     5     2     4
 -6.4798663842681037E-01 a      1247     1     5     2     5
 -1.2591469842146605E+00 a      1248     1     5     2     6
  4.7911677210155662E-01 a      1249     1     5     2     7
 -1.7495573589856031E-01 a      1250     1     5     2     8
 -7.9122518595300417E-01 a      1251     1     5     2     9
  4.9105437927400442E-01 a      1252     1     5     2    10
 -6.8049753178141359E-01 a      1253     1     5     2    11
  5.4810949039778867E-01 a      1254     1     5     2    12
 -4.4003929297997890E-01 a      1255     1     5     2    13
  7.2735071114791425E-02 a      1256     1     5     2    14
 -5.6204509198700736E-02 a      1257     1     5     2    15
  3.0274690398030157E-01 a      1258     1     5     2    16
 -1.6790080664739229E-01 a      1259     1     5     2    17
 -3.6189549347957395E-01 a      1260     1     5     2    18
 -2.0351407978730809E-01 a      1261     1     6     2     1
  7.5047435818240771E-01 a      1262     1     6     2     2
 -6.3539773506636077E-01 a      1263     1     6     2     3
  7.4878062233540488E-02 a      1264     1     6     2     4
  6.0163717148645146E-01 a      1265     1     6     2     5
 -1.9031364878847479E-01 a      1266     1     6     2     6
  3.3000119361035307E-01 a      1267     1     6     2     7
  3.8551647416782214E-01 a      1268     1     6     2     8
  6.3396877528908879E-01 a      1269     1     6     2     9
 -1.4463621156972642E-01 a      1270     1     6     2    10
  1.0069453786957734E+00 a      1271     1     6     2    11
 -1.4788167436738725E-01 a      1272     1     6     2    12
 -4.7554933272418021E-01 a      1273     1     6     2    13
  4.3587649075074697E-01 a      1274     1     6     2    14
 -2.5198826829442145E-01 a      1275     1     6     2    15
  6.6063896530279076E-01 a      1276     1     6     2    16
 -3.0792152305612319E-01 a      1277     1     6     2    17
  5.6580207006936889E-01 a      1278     1     6     2    18
 -1.5947562067457541E-02 a      1279     1     7     2     1
  7.5300999635871679E-01 a      1280     1     7     2     2
 -6.0921885765770234E-01 a      1281     1     7     2     3
  2.9634428287428449E-01 a      1282     1     7     2     4
 -1.7798576215463113E-01 a      1283     1     7     2     5
  2.2541253819522156E-01 a      1284     1     7     2     6
  3.1334376766677115E-02 a      1285     1     7     2     7
  2.1482634329232875E-01 a      1286     1     7     2     8
  7.1030076544149467E-01 a      1287     1     7     2     9
  1.7849225786586792E-01 a      1288     1     7     2    10
 -4.1489558735431864E-01 a      1289     1     7     2    11
  2.4605914540932516E-01 a      1290     1     7     2    12
  6.6718087906971077E-02 a      1291     1     7     2    13
  3.6603783671167511E-01 a      1292     1     7     2    14
 -9.5387271791388492E-02 a      1293     1     7     2    15
  5.2026196178872441E-02 a      1294     1     7     2    16
 -1.1328018230645426E-01 a      1295     1     7     2    17
 -2.5411481163861110E-01 a      1296     1     7     2    18
  8.6218099164715634E-01 a      1297     1     8     2     1
 -1.6634704240589542E-02 a      1298     1     8     2     2
 -1.6544205879246019E+00 a      1299     1     8     2     3
  7.5546060872891743E-02 a      1300     1     8     2     4
  1.1660843719310687E+00 a      1301     1     8     2     5
 -3.6105888258618858E-02 a      1302     1     8     2     6
  5.5389134545303087E-02 a      1303     1     8     2     7
 -1.4093658024317144E+00 a      1304     1     8     2     8
 -2.5776866322190967E-01 a      1305     1     8     2     9
 -1.1446721303737011E+00 a      1306     1     8     2    10
 -1.1166976527962886E+00 a      1307     1     8     2    11
  1.2848677240733659E+00 a      1308     1     8     2    12
  9.9400020170779957E-01 a      1309     1     8     2    13
  7.1507846285595322E-01 a      1310     1     8     2    14
  1.1642030157734606E+00 a      1311     1     8     2    15
  2.5881300416243519E-01 a      1312     1     8     2    16
 -9.2554249523814580E-01 a      1313     1     8     2    17
 -1.1151536614287001E+00 a      1314     1     8     2    18
 -9.5764446449646851E-02 a      1315     1     9     2     1
 -1.1965277162746719E+00 a      1316     1     9     2     2
 -5.5471979061826582E-01 a      1317     1     9     2     3
  2.5163912402509159E-01 a      1318     1     9     2     4
 -1.7959809844849123E-01 a      1319     1     9     2     5
  8.6963228956045036E-01 a      1320     1     9     2     6
 -1.3130800895285852E-01 a      1321     1     9     2     7
  1.7193233696257366E+00 a      1322     1     9     2     8
 -3.2369923055183070E-01 a      1323     1     9     2     9
  6.8694973348125643E-01 a      1324     1     9     2    10
 -3.7979659403620164E-01 a      1325     1     9     2    11
 -7.2436761290026130E-01 a      1326     1     9     2    12
 -8.5963714434793403E-01 a      1327     1     9     2    13
  2.6995476735184015E-01 a      1328     1     9     2    14
 -1.3575290815307925E+00 a      1329     1     9     2    15
 -1.3839959280145536E-01 a      1330     1     9     2    16
  1.1553345028960822E+00 a      1331     1     9     2    17
  6.7921387498377572E-01 a      1332     1     9     2    18
 -4.1479316732470789E-01 a      1333     1    10     2     1
 -2.8942799701976829E-02 a      1334     1    10     2     2
 -7.0845447915747470E-02 a      1335     1    10     2     3
  8.6705898490155409E-01 a      1336     1    10     2     4
  7.2662106685441308E-01 a      1337     1    10     2     5
  6.1271179094684181E-01 a      1338     1    10     2     6
 -3.9833215959904611E-01 a      1339     1    10     2     7
 -4.3228869078371740E-01 a      1340     1    10     2     8
  2.3175626844473071E-01 a      1341     1    10     2     9
 -7.6184555390244602E-01 a      1342     1    10     2    10
 -4.6952245291912703E-01 a      1343     1    10     2    11
  1.0751147318145804E+00 a      1344     1    10     2    12
  1.4522241535458560E+00 a      1345     1    10     2    13
 -7.7765465942375656E-01 a      1346     1    10     2    14
  9.9315376251814880E-01 a      1347     1    10     2    15
  3.9008689606019287E-01 a      1348     1    10     2    16
 -6.3997389771343227E-01 a      1349     1    10     2    17
  7.1689979094920864E-01 a      1350     1    10     2    18
  6.7955870086927195E-01 a      1351     1    11     2     1
 -1.1448807404377153E-02 a      1352     1    11     2     2
 -3.9022643922126998E-01 a      1353     1    11     2     3
 -4.7082598003204762E-01 a      1354     1    11     2     4
  9.4425037376770948E-01 a      1355     1    11     2     5
 -6.8764988607674027E-03 a      1356     1    11     2     6
  3.2034533900139522E-01 a      1357     1    11     2     7
 -1.9336463315444177E-01 a      1358     1    11     2     8
 -5.3336304513207666E-01 a      1359     1    11     2     9
 -6.2307153118859995E-02 a      1360     1    11     2    10
 -5.0636582022138299E-01 a      1361     1    11     2    11
 -6.3860505912432997E-01 a      1362     1    11     2    12
  2.5847656998051793E-01 a      1363     1    11     2    13
  9.1226207196518416E-01 a      1364     1    11     2    14
  3.6854477200585850E-01 a      1365     1    11     2    15
  1.1745213421842114E-01 a      1366     1    11     2    16
  1.1852787077079803E-01 a      1367     1    11     2    17
  1.2984827359324480E+00 a      1368     1    11     2    18
 -3.0699721643397532E-01 a      1369     1    12     2     1
 -7.6066724088851201E-01 a      1370     1    12     2     2
 -1.8282520538883593E+00 a      1371     1    12     2     3
 -8.0765959043082591E-02 a      1372     1    12     2     4
  6.7065829602395355E-01 a      1373     1    12     2     5
  6.8707694417358089E-01 a      1374     1    12     2     6
 -5.8157192782992617E-01 a      1375     1    12     2     7
 -1.5209456026342133E-01 a      1376     1    12     2     8
  3.6151760049368709E-02 a      1377     1    12     2     9
 -7.8376091655747215E-01 a      1378     1    12     2    10
 -7.6005945426913268E-01 a      1379     1    12     2    11
  7.4172727157324003E-01 a      1380     1    12     2    12
  9.0903135775356947E-01 a      1381     1    12     2    13
 -4.8507361511510177E-01 a      1382     1    12     2    14
  2.1271608635534314E-01 a      1383     1    12     2    15
  4.7831465019608131E-02 a      1384     1    12     2    16
 -2.1841612097654431E-01 a      1385     1    12     2    17
 -1.9934822336481792E+00 a      1386     1    12     2    18
  5.6851911481223594E-01 a      1387     1    13     2     1
  5.3927453511881174E-01 a      1388     1    13     2     2
 -1.0085424583428124E+00 a      1389     1    13     2     3
 -6.5507331022629678E-02 a      1390     1    13     2     4
  3.4411553877794945E-02 a      1391     1    13     2     5
  2.9899939683264137E-01 a      1392     1    13     2     6
  6.1485736608089669E-01 a      1393     1    13     2     7
  4.5012751179003391E-01 a      1394     1    13     2     8
 -1.5844741706121348E+00 a      1395     1    13     2     9
 -5.3038768693505112E-01 a      1396     1    13     2    10
 -6.1415440064342175E-01 a      1397     1    13     2    11
 -8.0188312312110280E-02 a      1398     1    13     2    12
  5.4744905659825605E-01 a      1399     1    13     2    13
 -6.2599090472380214E-01 a      1400     1    13     2    14
  3.6687054496445604E-02 a      1401     1    13     2    15
  5.4625550682657863E-02 a      1402     1    13     2    16
 -5.4448134256028691E-01 a      1403     1    13     2    17
 -3.8432882831683074E-01 a      1404     1    13     2    18
 -4.8187785994787957E-02 a      1405     1    14     2     1
  1.5540887307031553E-01 a      1406     1    14     2     2
 -1.0155693610366658E+00 a      1407     1    14     2     3
 -3.0568135307471545E-01 a      1408     1    14     2     4
  2.2631645966233049E-01 a      1409     1    14     2     5
  2.6049021030035313E-01 a      1410     1    14     2     6
 -3.2341114616609234E-01 a      1411     1    14     2     7
 -5.4716891839956405E-01 a      1412     1    14     2     8
 -5.8388726864096607E-01 a      1413     1    14     2     9
 -5.3082987015672789E-01 a      1414     1    14     2    10
 -1.2187890769062075E+00 a      1415     1    14     2    11
  3.2996417060945804E-01 a      1416     1    14     2    12
  9.0779205046422407E-01 a      1417     1    14     2    13
 -7.1073311497718353E-02 a      1418     1    14     2    14
  6.0627688558429627E-01 a      1419     1    14     2    15
 -5.7649714281726927E-01 a      1420     1    14     2    16
 -1.9108884142973590E-01 a      1421     1    14     2    17
  4.7974393415155370E-01 a      1422     1    14     2    18
  7.5585692293626952E-02 a      1423     1    15     2     1
 -1.4583108188376723E-01 a      1424     1    15     2     2
  7.2154009557070409E-01 a      1425     1    15     2     3
 -3.0832528663305203E-01 a      1426     1    15     2     4
  4.2365250566469770E-01 a      1427     1    15     2     5
  5.9135361306649925E-01 a      1428     1    15     2     6
 -3.5520815314111789E-02 a      1429     1    15     2     7
 -8.1781749698917128E-01 a      1430     1    15     2     8
 -2.2662923122267982E-02 a      1431     1    15     2     9
 -2.9981653238225672E-02 a      1432     1    15     2    10
 -9.0721213458670824E-01 a      1433     1    15     2    11
 -3.4353581034199454E-01 a      1434     1    15     2    12
  1.0025314472951994E+00 a      1435     1    15     2    13
 -1.6161353582195928E-01 a      1436     1    15     2    14
  8.8877096595656391E-01 a      1437     1    15     2    15
 -4.3405662319873412E-01 a      1438     1    15     2    16
  1.8172233930132189E-02 a      1439     1    15     2    17
  1.3897599510967795E+00 a      1440     1    15     2    18
  1.8517564540494758E-01 a      1441     1    16     2     1
 -2.2984939685448999E-01 a      1442     1    16     2     2
  1.0648873734120899E-01 a      1443     1    16     2     3
  1.5191084498735680E-01 a      1444     1    16     2     4
  9.7547291214725296E-01 a      1445     1    16     2     5
  2.9193664812013315E-01 a      1446     1    16     2     6
  1.9940536719109425E-01 a      1447     1    16     2     7
  1.3228437788607923E+00 a      1448     1    16     2     8
 -1.2473566101684673E-01 a      1449     1    16     2     9
  5.0938076891410633E-01 a      1450     1    16     2    10
  1.9079045439137732E-01 a      1451     1    16     2    11
  2.0776723599854380E-01 a      1452     1    16     2    12
 -5.9755444325363605E-01 a      1453     1    16     2    13
 -1.3895926235268538E-01 a      1454     1    16     2    14
 -9.8436662380316053E-01 a      1455     1    16     2    15
  5.1217711014933454E-01 a      1456     1    16     2    16
  8.0343493807687918E-02 a      1457     1    16     2    17
 -1.1130891001727634E+00 a      1458     1    16     2    18
 -3.6474555742271608E-01 a      1459     1    17     2     1
 -6.8892052535522685E-01 a      1460     1    17     2     2
  5.8873251579804353E-01 a      1461     1    17     2     3
 -3.2800481686030636E-01 a      1462     1    17     2     4
 -8.2959655436301072E-01 a      1463     1    17     2     5
  7.6637361609518381E-02 a      1464     1    17     2     6
 -7.6168808674528299E-01 a      1465     1    17     2     7
 -9.6819653866509692E-01 a      1466     1    17     2     8
  5.2828640436764995E-01 a      1467     1    17     2     9
 -2.1864508950293576E-01 a      1468     1    17     2    10
  1.9032689210346307E-01 a      1469     1    17     2    11
 -7.5623953785221465E-02 a      1470     1    17     2    12
  7.3981696464969204E-01 a      1471     1    17     2    13
 -2.0871699449793790E-01 a      1472     1    17     2    14
  9.1360568097821993E-01 a      1473     1    17     2    15
 -6.9102649386357706E-01 a      1474     1    17     2    16
  2.4353969927312982E-01 a      1475     1    17     2    17
  1.8136640735823391E+00 a      1476     1    17     2    18
  3.7784998600538605E-01 a      1477     1    18     2     1
  5.4912929678806854E-01 a      1478     1    18     2     2
 -6.5065838777154161E-01 a      1479     1    18     2     3
  6.2296245224841285E-01 a      1480     1    18     2     4
 -8.7440048613532118E-01 a      1481     1    18     2     5
 -2.3846484061856699E-01 a      1482     1    18     2     6
  6.1648873437302820E-01 a      1483     1    18     2     7
  1.4754953219614841E-01 a      1484     1    18     2     8
 -5.0067633557554303E-01 a      1485     1    18     2     9
  4.8427371708632261E-01 a      1486     1    18     2    10
 -3.5190922598969182E-01 a      1487     1    18     2    11
 -7.3323856213567754E-03 a      1488     1    18     2    12
 -1.1558915020273022E+00 a      1489     1    18     2    13
  1.2838794402248327E-01 a      1490     1    18     2    14
 -1.1855450771608493E+00 a      1491     1    18     2    15
  4.8087647948229298E-02 a      1492     1    18     2    16
  1.4383720394668170E-01 a      1493     1    18     2    17
 -6.2073139338827532E-01 a      1494     1    18     2    18
 -3.2336325236163721E-01 b      1495     2     1
 -8.1508655124122997E-01 b      1496     2     2
  1.2866972181844292E+00 b      1497     2     3
 -1.7460162473146605E+00 b      1498     2     4
 -1.3267541158249478E+00 b      1499     2     5
  9.4948346037882347E-01 b      1500     2     6
 -4.7462367816095957E-01 b      1501     2     7
 -6.5964629170048750E-02 b      1502     2     8
  1.4530910907619352E+00 b      1503     2     9
  1.1229572925139055E+00 b      1504     2    10
  1.7081549716389675E+00 b      1505     2    11
 -1.5580419794317262E+00 b      1506     2    12
 -4.9545441036843374E-01 b      1507     2    13
 -1.9721262314699330E+00 b      1508     2    14
 -3.3133866590089095E-01 b      1509     2    15
 -8.8162543002108251E-01 b      1510     2    16
  7.2309769491464215E-01 b      1511     2    17
 -4.8880429018957178E-01 b      1512     2    18
 -5.4421996379986337E-01 a      1513     2     1     3     1
  2.1039645434971735E-01 a      1514     2     2     3     1
 -1.2750713281351134E-01 a      1515     2     3     3     1
 -5.6155715274293883E-01 a      1516     2     4     3     1
 -6.7557411764053568E-02 a      1517     2     5     3     1
  4.3029114331361590E-01 a      1518     2     6     3     1
 -4.6650113696289519E-01 a      1519     2     7     3     1
 -2.1487150762345797E-01 a      1520     2     8     3     1
 -2.5861150925609239E-01 a      1521     2     9     3     1
  2.6249398401017948E-01 a      1522     2    10     3     1
 -1.2785370047491657E-01 a      1523     2    11     3     1
  2.3349301384152288E-01 a      1524     2    12     3     1
 -5.6618228589228747E-01 a      1525     2    13     3     1
  9.5951928378910534E-01 a      1526     2    14     3     1
  5.0977504621851788E-01 a      1527     2    15     3     1
  4.5348166979658283E-01 a      1528     2    16     3     1
 -4.3767502640036909E-01 a      1529     2    17     3     1
 -1.1311118715518350E-02 a      1530     2    18     3     1
  8.9307522841047468E-02 b      1531     3     1
