################################################################################
# Neural network connection values (weights and biases).
################################################################################
# Col  Name       Description
################################################################################
# 1    connection Neural network connection value.
# 2    t          Connection type (a = weight, b = bias).
# 3    index      Index enumerating weights.
# 4    l_s        Starting point layer (end point layer for biases).
# 5    n_s        Starting point neuron in starting layer (end point neuron for biases).
# 6    l_e        End point layer.
# 7    n_e        End point neuron in end layer.
################################################################################
#                      1 2         3     4     5     6     7
#             connection t     index   l_s   n_s   l_e   n_e
############################################################
 -4.4667822094224210E+00 a         1     0     1     1     1
 -1.2641331306754489E+01 a         2     0     1     1     2
 -2.8361828247501517E+00 a         3     0     1     1     3
 -5.0672329679870343E-01 a         4     0     1     1     4
 -4.5845037640476649E+00 a         5     0     1     1     5
  5.7250922476191439E+00 a         6     0     1     1     6
  1.9256181948083839E+00 a         7     0     1     1     7
  9.4366008520748068E-01 a         8     0     1     1     8
  9.6934858123432743E-01 a         9     0     1     1     9
 -1.4519440387595031E+00 a        10     0     1     1    10
 -5.8157278194290516E+00 a        11     0     1     1    11
 -1.7316615004536000E+00 a        12     0     1     1    12
  1.6962588860202416E+01 a        13     0     1     1    13
  3.5742136041971904E+00 a        14     0     1     1    14
  1.2652895602814121E+01 a        15     0     1     1    15
  4.4563182249574176E+00 a        16     0     1     1    16
 -1.4804447577002097E+01 a        17     0     1     1    17
  4.1017878133573058E+00 a        18     0     1     1    18
 -4.4310616818617898E+00 a        19     0     2     1     1
 -1.7967564890656307E-01 a        20     0     2     1     2
 -5.4819039986538973E+00 a        21     0     2     1     3
 -7.7003832176671994E+00 a        22     0     2     1     4
 -5.0703528041284784E-01 a        23     0     2     1     5
  8.3712327430990943E+00 a        24     0     2     1     6
  2.6408457146822486E+00 a        25     0     2     1     7
 -3.3446597401184497E+00 a        26     0     2     1     8
 -4.6708820794924968E+00 a        27     0     2     1     9
  5.2958508615840361E-01 a        28     0     2     1    10
 -7.9756305588343424E-01 a        29     0     2     1    11
 -3.2866544690839237E+00 a        30     0     2     1    12
  7.9381563673685624E+00 a        31     0     2     1    13
  5.2606182883893968E+00 a        32     0     2     1    14
  3.2081687662084915E+00 a        33     0     2     1    15
 -2.6115881938104133E+00 a        34     0     2     1    16
  4.0836895110235689E+00 a        35     0     2     1    17
  1.7330631055189343E+00 a        36     0     2     1    18
  3.5704430655747319E+00 a        37     0     3     1     1
  6.0702363343009562E+00 a        38     0     3     1     2
  1.3702915184940956E+00 a        39     0     3     1     3
 -3.1023503379729696E+00 a        40     0     3     1     4
  1.1474883365679398E+00 a        41     0     3     1     5
  2.8431750939621221E+00 a        42     0     3     1     6
  8.4281433425512742E-01 a        43     0     3     1     7
 -1.8250269095726472E+00 a        44     0     3     1     8
  5.4670336794778027E+00 a        45     0     3     1     9
 -3.5215433896046098E+00 a        46     0     3     1    10
 -2.2623400916812733E+00 a        47     0     3     1    11
 -1.7744860315236437E+00 a        48     0     3     1    12
  5.5728874202667269E+00 a        49     0     3     1    13
  2.9689704193278690E+00 a        50     0     3     1    14
 -3.7387496068140047E+00 a        51     0     3     1    15
  5.2733962870276496E+00 a        52     0     3     1    16
  2.5980414953652335E+00 a        53     0     3     1    17
  1.5311286084775535E+00 a        54     0     3     1    18
  6.7056858424872354E+00 a        55     0     4     1     1
  1.0606633644481306E+01 a        56     0     4     1     2
  3.2441115531513502E+00 a        57     0     4     1     3
  1.2249794336994191E+00 a        58     0     4     1     4
  7.4355061227336341E+00 a        59     0     4     1     5
 -2.0962707910890579E+00 a        60     0     4     1     6
 -2.2729969949698217E+00 a        61     0     4     1     7
 -4.3654884617879501E+00 a        62     0     4     1     8
 -1.1796211327985313E+00 a        63     0     4     1     9
  1.2603649068387268E+00 a        64     0     4     1    10
  3.9883518765299488E+00 a        65     0     4     1    11
 -2.2850430848564565E-01 a        66     0     4     1    12
 -1.5765674081370236E+01 a        67     0     4     1    13
 -3.8362718515855523E+00 a        68     0     4     1    14
 -1.2435596427138220E+01 a        69     0     4     1    15
 -2.2979682093828124E+00 a        70     0     4     1    16
  1.3342989282991139E+01 a        71     0     4     1    17
 -3.3927657846347676E+00 a        72     0     4     1    18
  5.4813880835843323E+00 a        73     0     5     1     1
 -6.6963877785575470E+00 a        74     0     5     1     2
  3.9809613290654040E+00 a        75     0     5     1     3
  4.5661161583217318E+00 a        76     0     5     1     4
 -3.1183542601524428E+00 a        77     0     5     1     5
 -8.5027827047663376E+00 a        78     0     5     1     6
 -7.7773131129500772E+00 a        79     0     5     1     7
  5.8635572992287450E+00 a        80     0     5     1     8
  5.5288682868484438E+00 a        81     0     5     1     9
 -4.8877033149661298E+00 a        82     0     5     1    10
  3.5933112237272660E+00 a        83     0     5     1    11
  3.5281921653429129E+00 a        84     0     5     1    12
 -1.1282834934561984E+01 a        85     0     5     1    13
 -7.0637176345376984E+00 a        86     0     5     1    14
 -7.6103979337818073E+00 a        87     0     5     1    15
  1.0800507027505102E+00 a        88     0     5     1    16
 -8.1632463640017150E+00 a        89     0     5     1    17
 -2.7364836441006770E+00 a        90     0     5     1    18
 -2.7653452028048959E+00 a        91     0     6     1     1
 -1.4322397207436821E+00 a        92     0     6     1     2
 -1.6093249621470647E+00 a        93     0     6     1     3
 -1.6828977788046691E+00 a        94     0     6     1     4
 -3.1724502129598879E+00 a        95     0     6     1     5
 -2.2562879894347132E-01 a        96     0     6     1     6
  4.0442761472486699E-01 a        97     0     6     1     7
  1.7101011173732370E+00 a        98     0     6     1     8
 -2.1896486509788252E-01 a        99     0     6     1     9
 -2.7397330207732423E-01 a       100     0     6     1    10
  4.8908664126812901E-01 a       101     0     6     1    11
  6.3663703019294093E-01 a       102     0     6     1    12
  1.5211183452978296E+00 a       103     0     6     1    13
  1.1550748402473882E-01 a       104     0     6     1    14
  1.3041491792071325E+00 a       105     0     6     1    15
 -1.6441604677772566E+00 a       106     0     6     1    16
 -2.7810682042099422E+00 a       107     0     6     1    17
  1.0701766398746360E-01 a       108     0     6     1    18
 -7.2231700036419011E-01 a       109     0     7     1     1
 -1.9579506960067663E+00 a       110     0     7     1     2
  2.5951233687173708E-01 a       111     0     7     1     3
  3.6085974988968443E+00 a       112     0     7     1     4
  4.2547262033705491E-01 a       113     0     7     1     5
 -1.8238981157294623E-01 a       114     0     7     1     6
 -7.4911958433562931E-01 a       115     0     7     1     7
  3.1835489364446068E-01 a       116     0     7     1     8
 -2.3250968507270517E+00 a       117     0     7     1     9
 -4.4670865106833268E-01 a       118     0     7     1    10
  8.4682546017444171E-01 a       119     0     7     1    11
 -7.7810618729153580E-01 a       120     0     7     1    12
 -1.6723527863720049E+00 a       121     0     7     1    13
 -1.4931652354751681E+00 a       122     0     7     1    14
  3.9355815821581226E+00 a       123     0     7     1    15
 -3.2782310970999284E+00 a       124     0     7     1    16
 -3.9053450648968537E+00 a       125     0     7     1    17
 -1.8325859103756876E+00 a       126     0     7     1    18
 -5.2902436806676487E+00 a       127     0     8     1     1
  6.4662181506347594E+00 a       128     0     8     1     2
 -2.3888674371021223E+00 a       129     0     8     1     3
 -8.9676397025623023E-01 a       130     0     8     1     4
 -5.7236173020711800E-01 a       131     0     8     1     5
  7.4727615731628276E+00 a       132     0     8     1     6
  4.8779978282825640E+00 a       133     0     8     1     7
 -3.4575920064225354E+00 a       134     0     8     1     8
 -1.5757529689082883E+00 a       135     0     8     1     9
  7.4781318181537220E+00 a       136     0     8     1    10
 -2.4069016326593631E+00 a       137     0     8     1    11
 -1.6403564033988847E+00 a       138     0     8     1    12
  4.8740990425293251E+00 a       139     0     8     1    13
  8.7413446277141527E-01 a       140     0     8     1    14
  6.3564418986581472E+00 a       141     0     8     1    15
 -6.3070117740062477E+00 a       142     0     8     1    16
  2.6063842747178061E+00 a       143     0     8     1    17
 -1.6329907489149129E+00 a       144     0     8     1    18
 -1.3947421985871549E+00 a       145     0     9     1     1
 -5.7640341799900396E-01 a       146     0     9     1     2
  1.5872467460695974E+01 a       147     0     9     1     3
  1.3492635381683751E+01 a       148     0     9     1     4
 -5.3021759596066156E+00 a       149     0     9     1     5
 -8.7648487913609525E+00 a       150     0     9     1     6
  1.9839260568703483E+00 a       151     0     9     1     7
  8.2567511262948798E+00 a       152     0     9     1     8
 -3.7921644599372892E+00 a       153     0     9     1     9
 -8.7057045751283244E+00 a       154     0     9     1    10
  8.9842348307664146E+00 a       155     0     9     1    11
  1.5656315659044202E+01 a       156     0     9     1    12
 -1.0273741857358704E+01 a       157     0     9     1    13
  1.0758659108930146E+00 a       158     0     9     1    14
 -9.3453054789155587E-01 a       159     0     9     1    15
 -5.5186921628850856E+00 a       160     0     9     1    16
 -5.1145328482602026E-01 a       161     0     9     1    17
 -1.1847102006884933E+01 a       162     0     9     1    18
  1.2024419671188546E+01 a       163     0    10     1     1
 -1.7946319967670588E+00 a       164     0    10     1     2
  2.9344235221614642E+01 a       165     0    10     1     3
  1.8854582511096247E+01 a       166     0    10     1     4
 -5.5926105845153584E-01 a       167     0    10     1     5
 -9.0508185890780517E+00 a       168     0    10     1     6
  5.6898256300238232E+00 a       169     0    10     1     7
 -6.3398118379330786E+00 a       170     0    10     1     8
  2.0043793339340317E+00 a       171     0    10     1     9
 -1.0641878434332408E+01 a       172     0    10     1    10
  1.4169609800084944E+01 a       173     0    10     1    11
  8.9246199410042166E+00 a       174     0    10     1    12
 -9.2986109784975870E+00 a       175     0    10     1    13
 -9.8505157760275264E+00 a       176     0    10     1    14
  1.0900381210745635E-01 a       177     0    10     1    15
  8.6212752493786997E+00 a       178     0    10     1    16
  4.9210516012391539E+00 a       179     0    10     1    17
  1.3019789114170692E+00 a       180     0    10     1    18
  7.9306711408676387E+00 a       181     0    11     1     1
  2.4798553814437558E+00 a       182     0    11     1     2
  1.4343442928333198E+01 a       183     0    11     1     3
 -9.8838121974608502E+00 a       184     0    11     1     4
 -5.2795233242308068E+00 a       185     0    11     1     5
 -6.9520273750197425E+00 a       186     0    11     1     6
 -1.6744195821021925E+01 a       187     0    11     1     7
  5.8334889513654176E+00 a       188     0    11     1     8
 -1.1362273587730904E+01 a       189     0    11     1     9
  2.8554582900503064E+01 a       190     0    11     1    10
  2.2804464988156131E+01 a       191     0    11     1    11
  2.3748662023627181E+00 a       192     0    11     1    12
 -8.3646853736063775E+00 a       193     0    11     1    13
  9.2262579375378344E+00 a       194     0    11     1    14
  7.3495143398579348E+00 a       195     0    11     1    15
  1.4102417346661025E+00 a       196     0    11     1    16
  6.1484500398470221E-01 a       197     0    11     1    17
  1.7373333211592517E+01 a       198     0    11     1    18
 -7.4743134621232006E+00 a       199     0    12     1     1
  4.6101833527208704E+00 a       200     0    12     1     2
 -6.2276941457620669E+00 a       201     0    12     1     3
  1.8900448329993814E+01 a       202     0    12     1     4
 -1.4613009372082786E+00 a       203     0    12     1     5
 -3.1314320064663703E+00 a       204     0    12     1     6
 -1.8737241125646047E+00 a       205     0    12     1     7
  8.6619873211993248E+00 a       206     0    12     1     8
 -2.7102388241653809E+01 a       207     0    12     1     9
 -8.8446599222054321E+00 a       208     0    12     1    10
  4.6858584089178059E+00 a       209     0    12     1    11
  3.0935564927073376E+00 a       210     0    12     1    12
 -2.6160958137621524E+00 a       211     0    12     1    13
 -1.3000209699752818E+00 a       212     0    12     1    14
  1.9310150663911024E+01 a       213     0    12     1    15
 -3.1379404889653362E+01 a       214     0    12     1    16
  9.7431873190294578E+00 a       215     0    12     1    17
 -4.7087138252444412E+01 a       216     0    12     1    18
  8.1325558694101616E+00 a       217     0    13     1     1
 -7.9745735102016535E-01 a       218     0    13     1     2
  1.0377254340262310E+01 a       219     0    13     1     3
  1.2558295680844141E+01 a       220     0    13     1     4
 -2.2725337983368888E+01 a       221     0    13     1     5
 -1.8236978549199183E+00 a       222     0    13     1     6
 -9.6897068869207832E+00 a       223     0    13     1     7
 -4.9412405936154236E-01 a       224     0    13     1     8
 -8.6027060896245711E-01 a       225     0    13     1     9
  5.3150610964272067E+00 a       226     0    13     1    10
  5.4019823539979068E+00 a       227     0    13     1    11
  1.1757689802091640E+01 a       228     0    13     1    12
  1.1114394478889530E+01 a       229     0    13     1    13
 -6.4712597075079668E+00 a       230     0    13     1    14
  7.6403838436396896E+00 a       231     0    13     1    15
  1.4320543285170281E-01 a       232     0    13     1    16
  2.4260058624559925E+01 a       233     0    13     1    17
  1.1060341775875113E+01 a       234     0    13     1    18
 -7.0472091073467413E-01 a       235     0    14     1     1
 -3.8420358090653650E+00 a       236     0    14     1     2
  5.3770384394229787E+00 a       237     0    14     1     3
 -8.5191319358994999E+00 a       238     0    14     1     4
 -3.1120404051440693E+00 a       239     0    14     1     5
  9.3396562587994794E+00 a       240     0    14     1     6
  2.8200716251034224E+00 a       241     0    14     1     7
 -4.7282982793762889E+00 a       242     0    14     1     8
  7.8761517383149360E-01 a       243     0    14     1     9
 -1.4444687668614042E+00 a       244     0    14     1    10
 -3.7005240667747512E+00 a       245     0    14     1    11
 -5.7062985028589042E+00 a       246     0    14     1    12
  7.8762655992685948E+00 a       247     0    14     1    13
  3.7537838210414494E+00 a       248     0    14     1    14
 -1.5762354390455369E+00 a       249     0    14     1    15
  4.1607073929540617E+00 a       250     0    14     1    16
  8.6618076812358136E-01 a       251     0    14     1    17
  7.0332055966865781E+00 a       252     0    14     1    18
 -1.4928273652215323E+01 a       253     0    15     1     1
 -1.3534554403282018E+01 a       254     0    15     1     2
 -1.7148130441115253E+01 a       255     0    15     1     3
  2.0163608359079205E+01 a       256     0    15     1     4
  2.6747001583203174E+00 a       257     0    15     1     5
 -3.9036525884257283E+00 a       258     0    15     1     6
 -2.0355633026613596E+01 a       259     0    15     1     7
 -5.0868296630607812E-01 a       260     0    15     1     8
 -1.2520866533607141E+01 a       261     0    15     1     9
 -9.3884632681029174E+00 a       262     0    15     1    10
  8.5246923060067257E+00 a       263     0    15     1    11
  2.5482152750481053E+01 a       264     0    15     1    12
  6.4941490037223035E+00 a       265     0    15     1    13
  5.7385701163525535E+00 a       266     0    15     1    14
  3.3138588045685140E+01 a       267     0    15     1    15
 -2.6755242783265214E+01 a       268     0    15     1    16
  2.9447483797165432E+01 a       269     0    15     1    17
 -2.7362252736831703E+01 a       270     0    15     1    18
  2.6091405769045002E+00 a       271     0    16     1     1
  5.8000510697787522E-01 a       272     0    16     1     2
  2.7292628910404706E+00 a       273     0    16     1     3
  1.0703292470684647E+00 a       274     0    16     1     4
 -3.4984236486517772E-01 a       275     0    16     1     5
  1.5935799030102613E+00 a       276     0    16     1     6
 -6.7061660205953888E-01 a       277     0    16     1     7
 -2.2044849654103196E+00 a       278     0    16     1     8
  1.2600585310894166E+00 a       279     0    16     1     9
 -1.7367830943824509E+00 a       280     0    16     1    10
 -2.3811615327965900E+00 a       281     0    16     1    11
 -1.2351590274844673E+00 a       282     0    16     1    12
  3.9708959666876731E+00 a       283     0    16     1    13
  2.5503768103968878E+00 a       284     0    16     1    14
  2.3956546687595024E+00 a       285     0    16     1    15
  1.4689698596798957E+00 a       286     0    16     1    16
  1.8730946460217315E+00 a       287     0    16     1    17
  1.2993222742910413E+00 a       288     0    16     1    18
  4.9611406587094792E-01 a       289     0    17     1     1
 -3.9100551843074247E+00 a       290     0    17     1     2
  3.7385267233268320E+00 a       291     0    17     1     3
 -5.8743177240020348E+00 a       292     0    17     1     4
  1.0763239878216568E-01 a       293     0    17     1     5
  5.7794984980190529E+00 a       294     0    17     1     6
 -3.3889267082669918E+00 a       295     0    17     1     7
  1.0211906895036096E+00 a       296     0    17     1     8
  1.8274338302201341E+00 a       297     0    17     1     9
 -1.5058818137633603E+00 a       298     0    17     1    10
 -4.7016619902433314E+00 a       299     0    17     1    11
 -2.8158959068045069E+00 a       300     0    17     1    12
  5.1118479882461534E+00 a       301     0    17     1    13
  2.9901378246946706E+00 a       302     0    17     1    14
 -5.6532112317714445E-01 a       303     0    17     1    15
  2.5841261850569386E+00 a       304     0    17     1    16
  2.1880955562374790E-01 a       305     0    17     1    17
  3.7505415771762904E+00 a       306     0    17     1    18
 -4.2559445092759782E+00 a       307     0    18     1     1
 -1.2791159926109702E-01 a       308     0    18     1     2
 -5.6804424959792565E-01 a       309     0    18     1     3
 -1.5636677842267939E+00 a       310     0    18     1     4
  2.2478349155846922E+00 a       311     0    18     1     5
  3.6910265577583523E+00 a       312     0    18     1     6
 -3.6324601671901910E+00 a       313     0    18     1     7
 -2.3489495496080242E+00 a       314     0    18     1     8
 -3.3410866793898415E+00 a       315     0    18     1     9
 -4.6890423293608956E+00 a       316     0    18     1    10
  1.5161943181927278E+00 a       317     0    18     1    11
  2.3427737731120493E+00 a       318     0    18     1    12
  1.6551775407334428E+00 a       319     0    18     1    13
  4.3581522831934105E+00 a       320     0    18     1    14
 -6.5406223834429078E-01 a       321     0    18     1    15
 -1.6660469789386441E+00 a       322     0    18     1    16
  7.6698287612371567E+00 a       323     0    18     1    17
 -3.1154697580885000E+00 a       324     0    18     1    18
  6.9145443525582131E+00 a       325     0    19     1     1
  1.0317897697043398E+01 a       326     0    19     1     2
 -1.9644767303320311E+01 a       327     0    19     1     3
 -2.9115168159127407E+01 a       328     0    19     1     4
  6.5156485672512181E+00 a       329     0    19     1     5
 -3.4390282910223186E-01 a       330     0    19     1     6
 -1.4023340818795164E+01 a       331     0    19     1     7
 -1.6823049257066889E+00 a       332     0    19     1     8
  1.7558479910291403E+01 a       333     0    19     1     9
  2.2801379591299732E+01 a       334     0    19     1    10
  3.2027541968694591E+00 a       335     0    19     1    11
 -3.3644209954520839E+01 a       336     0    19     1    12
  1.8115108016249610E+00 a       337     0    19     1    13
 -1.8243788791918032E+01 a       338     0    19     1    14
 -5.5981325635009958E+00 a       339     0    19     1    15
  5.0923689746874228E+00 a       340     0    19     1    16
  1.0366119255300051E+01 a       341     0    19     1    17
  1.0981672414837462E+01 a       342     0    19     1    18
 -1.5410314424193313E+01 a       343     0    20     1     1
  5.8483935297338272E+00 a       344     0    20     1     2
 -4.6499543239690908E+01 a       345     0    20     1     3
 -2.0045144668392453E+01 a       346     0    20     1     4
  9.7221031839830818E+00 a       347     0    20     1     5
  3.9747775402292067E-02 a       348     0    20     1     6
 -2.4043582627613972E+01 a       349     0    20     1     7
  3.7827042668305133E+01 a       350     0    20     1     8
  1.5743278559668777E+01 a       351     0    20     1     9
  3.2419588469190401E+01 a       352     0    20     1    10
 -2.0488364550940904E+01 a       353     0    20     1    11
 -1.2762135934910781E+01 a       354     0    20     1    12
  1.1880099564893747E+00 a       355     0    20     1    13
  4.5017842120170348E+00 a       356     0    20     1    14
 -4.7853930245159429E-03 a       357     0    20     1    15
 -1.6436400301611243E+01 a       358     0    20     1    16
 -1.5328060500282412E+01 a       359     0    20     1    17
 -1.8848764362478402E+01 a       360     0    20     1    18
 -2.9038843100581818E+01 a       361     0    21     1     1
 -2.4054301297409413E+01 a       362     0    21     1     2
 -3.3569109708712318E+01 a       363     0    21     1     3
  3.6846518714806045E+01 a       364     0    21     1     4
  8.8950568449540519E+00 a       365     0    21     1     5
  1.0583507100352701E+01 a       366     0    21     1     6
  2.7599032911328301E+01 a       367     0    21     1     7
  9.4457503757157699E+00 a       368     0    21     1     8
  1.3627225082657926E+01 a       369     0    21     1     9
 -5.2627276554054355E+01 a       370     0    21     1    10
 -4.1862913232828760E+01 a       371     0    21     1    11
  3.8070706397337770E+00 a       372     0    21     1    12
 -1.2950608790809644E+01 a       373     0    21     1    13
 -3.6018084585459604E+01 a       374     0    21     1    14
 -3.6624003993267311E+00 a       375     0    21     1    15
 -2.6203409063791245E+01 a       376     0    21     1    16
  3.8789009528325309E+00 a       377     0    21     1    17
 -5.2855204651848311E+01 a       378     0    21     1    18
 -8.4313333162580761E+00 a       379     0    22     1     1
 -5.3443256302229427E+00 a       380     0    22     1     2
  2.2050738352360364E+00 a       381     0    22     1     3
  3.9982842881030680E+00 a       382     0    22     1     4
  3.7354362680334114E+00 a       383     0    22     1     5
 -3.7649895271231419E+00 a       384     0    22     1     6
  8.5430923554386009E+00 a       385     0    22     1     7
  4.6843221305978133E+00 a       386     0    22     1     8
 -7.8027599892727482E+00 a       387     0    22     1     9
 -1.0639125300600151E+01 a       388     0    22     1    10
  1.0779564535708701E+00 a       389     0    22     1    11
  1.1108625438469346E+01 a       390     0    22     1    12
 -7.0578905452856864E+00 a       391     0    22     1    13
  6.1087490346856441E+00 a       392     0    22     1    14
 -4.7588883539555047E+00 a       393     0    22     1    15
 -4.5546940281829791E+00 a       394     0    22     1    16
 -1.2779976230696539E+01 a       395     0    22     1    17
 -1.0780493782811103E+01 a       396     0    22     1    18
  1.5903032687575411E+01 a       397     0    23     1     1
 -3.4486741396564704E+00 a       398     0    23     1     2
  2.0220253789518772E+01 a       399     0    23     1     3
 -5.4320896555469380E+00 a       400     0    23     1     4
 -2.2905163256165255E+00 a       401     0    23     1     5
 -8.1568455206758248E+00 a       402     0    23     1     6
  1.3983438628138442E+01 a       403     0    23     1     7
 -2.2259956644898626E+01 a       404     0    23     1     8
  2.0099743141913972E+01 a       405     0    23     1     9
 -5.8416438932910308E+00 a       406     0    23     1    10
  8.5182067899351779E+00 a       407     0    23     1    11
  5.2455852312416003E+00 a       408     0    23     1    12
 -4.1860567979102852E+00 a       409     0    23     1    13
 -3.9297579590747325E+00 a       410     0    23     1    14
 -2.1027520931584849E+01 a       411     0    23     1    15
  3.6153251212014240E+01 a       412     0    23     1    16
 -2.4719518149376425E+00 a       413     0    23     1    17
  5.4246976997695540E+01 a       414     0    23     1    18
  1.9121807304149080E+01 a       415     0    24     1     1
  8.6661918144373793E+00 a       416     0    24     1     2
  1.3180020338816284E+01 a       417     0    24     1     3
 -2.3714769677108382E+01 a       418     0    24     1     4
 -1.3839869122907121E+01 a       419     0    24     1     5
 -9.7545551007478455E+00 a       420     0    24     1     6
  1.0452986898699275E+00 a       421     0    24     1     7
  3.2469484271390985E+00 a       422     0    24     1     8
 -4.6802536352335462E+00 a       423     0    24     1     9
  2.7639742528188528E+01 a       424     0    24     1    10
  1.4308882921095615E+01 a       425     0    24     1    11
 -1.3484568713726556E+01 a       426     0    24     1    12
 -4.5800058641879291E+00 a       427     0    24     1    13
  9.4046881525743817E+00 a       428     0    24     1    14
 -1.1438516375393561E+01 a       429     0    24     1    15
  1.4792053550657551E+01 a       430     0    24     1    16
 -1.3396520255313977E+01 a       431     0    24     1    17
  3.6042323618260895E+01 a       432     0    24     1    18
  7.9907465422362201E-01 a       433     0    25     1     1
 -6.3589088075699174E-01 a       434     0    25     1     2
  1.4607743299513585E+00 a       435     0    25     1     3
  3.1220226748410349E+00 a       436     0    25     1     4
  8.1868840798035369E-01 a       437     0    25     1     5
  1.1599230156455935E+00 a       438     0    25     1     6
  2.4943143165895325E+00 a       439     0    25     1     7
 -1.7480832313345021E+00 a       440     0    25     1     8
 -1.5969047227757402E+00 a       441     0    25     1     9
 -2.7974145574908680E+00 a       442     0    25     1    10
 -1.3085758183712357E+00 a       443     0    25     1    11
  1.9005196139002953E+00 a       444     0    25     1    12
  4.8892021852961792E-01 a       445     0    25     1    13
  3.2977909686854088E+00 a       446     0    25     1    14
  1.2698469013055877E+00 a       447     0    25     1    15
  5.5935754433503893E-01 a       448     0    25     1    16
  1.7733920389543256E-01 a       449     0    25     1    17
 -9.8011161040543179E-02 a       450     0    25     1    18
  1.9175833751179834E+00 a       451     0    26     1     1
 -4.7963147491777640E+00 a       452     0    26     1     2
  1.9381537942812457E+00 a       453     0    26     1     3
 -1.7016388712230237E-02 a       454     0    26     1     4
 -3.3099884509967277E+00 a       455     0    26     1     5
  5.5070375102685816E+00 a       456     0    26     1     6
  7.2637124360717487E-01 a       457     0    26     1     7
 -6.7942812137122974E+00 a       458     0    26     1     8
 -8.3505737433125471E-01 a       459     0    26     1     9
 -2.8130564806785197E-01 a       460     0    26     1    10
 -1.1312750022585936E+00 a       461     0    26     1    11
  3.0911417669904120E+00 a       462     0    26     1    12
  6.5215591951624485E-01 a       463     0    26     1    13
  1.3934879653826410E-01 a       464     0    26     1    14
 -7.4650932955815930E-01 a       465     0    26     1    15
  1.0793218388138295E+00 a       466     0    26     1    16
  9.2777660305165455E-01 a       467     0    26     1    17
  2.9753728051897088E+00 a       468     0    26     1    18
 -3.4268745934538009E-01 a       469     0    27     1     1
 -2.0982626064933116E+00 a       470     0    27     1     2
 -7.7510702453710878E-01 a       471     0    27     1     3
 -5.9167267278786024E+00 a       472     0    27     1     4
 -2.9173190694141078E+00 a       473     0    27     1     5
  4.5202231592042965E+00 a       474     0    27     1     6
 -8.2321964498721267E-01 a       475     0    27     1     7
 -5.5116780571957573E+00 a       476     0    27     1     8
 -3.0468194034818237E+00 a       477     0    27     1     9
  3.6095110001176161E+00 a       478     0    27     1    10
  2.9599532017057859E+00 a       479     0    27     1    11
  1.5593840041985683E+00 a       480     0    27     1    12
  8.7511621582722565E-01 a       481     0    27     1    13
  2.9456178553438463E+00 a       482     0    27     1    14
 -4.7786506751405398E+00 a       483     0    27     1    15
  5.1400203011739942E-01 a       484     0    27     1    16
  2.5671832481491084E+00 a       485     0    27     1    17
  2.9058411741904320E+00 a       486     0    27     1    18
 -1.6397650802422346E+00 a       487     0    28     1     1
 -6.7850075765612350E-01 a       488     0    28     1     2
  2.4265548454156355E-01 a       489     0    28     1     3
  3.1500282211903294E+00 a       490     0    28     1     4
 -3.4722804888624581E+00 a       491     0    28     1     5
 -2.0663296226328468E-01 a       492     0    28     1     6
 -4.6901657887677112E-01 a       493     0    28     1     7
  1.1051465763314814E+00 a       494     0    28     1     8
 -2.0868578876824930E+00 a       495     0    28     1     9
  1.9749550942603855E+00 a       496     0    28     1    10
  1.3050391156804066E+00 a       497     0    28     1    11
  4.6557774137010917E+00 a       498     0    28     1    12
 -2.3944927448944999E+00 a       499     0    28     1    13
 -1.9106951842899715E+00 a       500     0    28     1    14
  4.3129293115776718E-01 a       501     0    28     1    15
 -1.4791764522699642E+00 a       502     0    28     1    16
  2.7510171793253085E-01 a       503     0    28     1    17
  6.7672071808000012E-01 a       504     0    28     1    18
 -1.8213126711133230E+00 a       505     0    29     1     1
  3.9362745883053276E+00 a       506     0    29     1     2
  8.7125609981270902E-01 a       507     0    29     1     3
  8.0362409852047207E+00 a       508     0    29     1     4
 -3.0281887136920371E-01 a       509     0    29     1     5
 -3.3092281728261241E+00 a       510     0    29     1     6
  3.6079318429617091E+00 a       511     0    29     1     7
 -4.8131662362132316E-01 a       512     0    29     1     8
 -6.7394007413310675E+00 a       513     0    29     1     9
 -8.8250666368801578E-01 a       514     0    29     1    10
  5.9210941645858632E+00 a       515     0    29     1    11
  2.2291664356377763E+00 a       516     0    29     1    12
 -5.0019905906274778E+00 a       517     0    29     1    13
 -3.2943931568534186E+00 a       518     0    29     1    14
  3.3994520384555598E+00 a       519     0    29     1    15
 -5.6725677062215212E+00 a       520     0    29     1    16
  4.3004734880563478E-01 a       521     0    29     1    17
 -8.0930372865760312E+00 a       522     0    29     1    18
  4.6900729185578349E+00 a       523     0    30     1     1
  6.6224560698211548E+00 a       524     0    30     1     2
  6.3256226363421950E+00 a       525     0    30     1     3
  6.1130893899048422E+00 a       526     0    30     1     4
  5.5478255665018690E+00 a       527     0    30     1     5
 -4.9855706557470034E+00 a       528     0    30     1     6
 -4.9494918320173520E+00 a       529     0    30     1     7
  2.2270464581689611E+00 a       530     0    30     1     8
  3.3488540997844982E+00 a       531     0    30     1     9
  6.4971323800320437E+00 a       532     0    30     1    10
  2.2811575493237042E+00 a       533     0    30     1    11
  2.0516085884844677E+00 a       534     0    30     1    12
  2.3118138158362629E+00 a       535     0    30     1    13
 -4.4631985271547048E-01 a       536     0    30     1    14
  1.0028861453664344E+01 a       537     0    30     1    15
  3.1919312989441857E+00 a       538     0    30     1    16
 -6.3290671749342531E+00 a       539     0    30     1    17
  1.0225316545366792E+00 a       540     0    30     1    18
 -4.9596094242949533E+00 a       541     0    31     1     1
  1.4584639858192744E-01 a       542     0    31     1     2
 -5.9035044149342379E+00 a       543     0    31     1     3
 -7.1315335430929334E+00 a       544     0    31     1     4
  2.0516753177729594E+01 a       545     0    31     1     5
  7.5733947952314198E+00 a       546     0    31     1     6
  9.5974036780241878E+00 a       547     0    31     1     7
 -3.9007644223385247E+00 a       548     0    31     1     8
  1.5577185231727055E+00 a       549     0    31     1     9
 -6.8584516469827408E+00 a       550     0    31     1    10
 -1.2366225226505703E+01 a       551     0    31     1    11
 -1.1319635057683570E+01 a       552     0    31     1    12
 -3.2239056737695502E+00 a       553     0    31     1    13
  1.0431972574584019E+01 a       554     0    31     1    14
 -1.3019062558685150E+00 a       555     0    31     1    15
  2.5608886501690229E+00 a       556     0    31     1    16
 -2.2603488239367497E+01 a       557     0    31     1    17
 -6.1762958453694745E+00 a       558     0    31     1    18
  1.6157794905531734E+01 a       559     0    32     1     1
  2.0088682600515110E+01 a       560     0    32     1     2
  2.2782446288185859E+01 a       561     0    32     1     3
 -1.7258846990992534E+01 a       562     0    32     1     4
  4.0243944333374175E+00 a       563     0    32     1     5
  4.4647679876674040E+00 a       564     0    32     1     6
  1.5199314986564376E+01 a       565     0    32     1     7
 -4.3038657345604214E+00 a       566     0    32     1     8
  1.5761267645266003E+01 a       567     0    32     1     9
  6.3929311324325830E+00 a       568     0    32     1    10
 -6.7926008926539572E+00 a       569     0    32     1    11
 -2.3582043696417045E+01 a       570     0    32     1    12
  6.1515380809746398E+00 a       571     0    32     1    13
  1.1808076718183522E+00 a       572     0    32     1    14
 -2.5718944771089014E+01 a       573     0    32     1    15
  3.1927015027611581E+01 a       574     0    32     1    16
 -2.3469814188224703E+01 a       575     0    32     1    17
  2.3677830645905292E+01 a       576     0    32     1    18
  9.2057013632829610E-01 a       577     0    33     1     1
 -5.0605378798669491E+00 a       578     0    33     1     2
 -3.5625138164602244E-01 a       579     0    33     1     3
  3.9740813224911359E-01 a       580     0    33     1     4
  2.2018106995298972E+00 a       581     0    33     1     5
  7.4329541160780099E-01 a       582     0    33     1     6
  1.0612427026061679E+00 a       583     0    33     1     7
 -1.2672826960431061E-01 a       584     0    33     1     8
  2.4210832884975959E+00 a       585     0    33     1     9
 -8.2953382596938461E+00 a       586     0    33     1    10
 -4.0984116307622118E+00 a       587     0    33     1    11
  2.0066277355616835E+00 a       588     0    33     1    12
  2.8007490055442408E+00 a       589     0    33     1    13
 -6.8914931772157595E-01 a       590     0    33     1    14
 -4.4118582112390543E+00 a       591     0    33     1    15
  1.3172567557718433E+00 a       592     0    33     1    16
  4.3311472166133997E+00 a       593     0    33     1    17
 -1.5873388315601618E+00 a       594     0    33     1    18
 -6.0790999307551850E-02 a       595     0    34     1     1
 -5.0404366940761935E-01 a       596     0    34     1     2
  2.9166843841229834E-01 a       597     0    34     1     3
  4.3248300095182257E-01 a       598     0    34     1     4
 -1.2030526999297513E+00 a       599     0    34     1     5
 -2.5173944796775094E-01 a       600     0    34     1     6
  7.2180909687464079E-01 a       601     0    34     1     7
  6.4397536177645029E-02 a       602     0    34     1     8
  2.4052053817060093E-01 a       603     0    34     1     9
  5.9914970144829049E-01 a       604     0    34     1    10
 -6.7015148324013352E-01 a       605     0    34     1    11
 -7.3209553786236570E-01 a       606     0    34     1    12
 -2.3449616051063338E-01 a       607     0    34     1    13
  1.2203868131525787E-01 a       608     0    34     1    14
  8.9325499819591336E-01 a       609     0    34     1    15
  4.7306439978716303E-01 a       610     0    34     1    16
  3.4138351902436176E-01 a       611     0    34     1    17
  3.4078652039384527E-01 a       612     0    34     1    18
 -9.0847764818594093E-02 a       613     0    35     1     1
  1.3709921136334682E+00 a       614     0    35     1     2
  1.4355875869505690E+00 a       615     0    35     1     3
 -6.0212469939005669E-02 a       616     0    35     1     4
 -4.2217421435233982E-01 a       617     0    35     1     5
 -8.6858665262526380E-01 a       618     0    35     1     6
 -8.9522425984072029E-01 a       619     0    35     1     7
  9.3962511904176560E-01 a       620     0    35     1     8
 -2.0643878584378814E-02 a       621     0    35     1     9
  2.3009665194369049E+00 a       622     0    35     1    10
  1.2504324821131403E+00 a       623     0    35     1    11
 -1.1676156041635630E+00 a       624     0    35     1    12
 -1.9112029882382173E-01 a       625     0    35     1    13
  2.4317184305936948E-01 a       626     0    35     1    14
  1.3297040746723006E+00 a       627     0    35     1    15
  1.3024767129945098E+00 a       628     0    35     1    16
 -1.1378805696522480E+00 a       629     0    35     1    17
 -2.7621597505813789E-01 a       630     0    35     1    18
  1.1386123467442960E-01 a       631     0    36     1     1
 -8.0260761551766202E-01 a       632     0    36     1     2
 -3.2798994952556976E-01 a       633     0    36     1     3
 -6.7953329947146457E-01 a       634     0    36     1     4
 -1.3949081416161524E+00 a       635     0    36     1     5
 -1.9728932005954411E-01 a       636     0    36     1     6
 -1.4673646892766237E+00 a       637     0    36     1     7
 -1.3256598734335032E+00 a       638     0    36     1     8
  5.2622656982448457E-01 a       639     0    36     1     9
  2.7967942787494277E-01 a       640     0    36     1    10
  2.4606115895415950E-01 a       641     0    36     1    11
  7.8551831483062806E-01 a       642     0    36     1    12
  1.4434782695701465E+00 a       643     0    36     1    13
  6.1577087843763791E-02 a       644     0    36     1    14
  1.9833584455294229E-01 a       645     0    36     1    15
 -3.4033646966410008E-03 a       646     0    36     1    16
 -1.5506018432366646E+00 a       647     0    36     1    17
 -3.4159998208952080E-01 a       648     0    36     1    18
 -3.1509426583098875E-02 a       649     0    37     1     1
 -3.7624445233365269E+00 a       650     0    37     1     2
 -3.1530709709176179E+00 a       651     0    37     1     3
 -3.0590451931644860E+00 a       652     0    37     1     4
 -4.8454224588667696E+00 a       653     0    37     1     5
  1.5595785483282916E+00 a       654     0    37     1     6
 -8.6782686668255926E-01 a       655     0    37     1     7
 -2.1098033084119754E+00 a       656     0    37     1     8
  3.1357431735354890E-01 a       657     0    37     1     9
  1.6638883508245574E+00 a       658     0    37     1    10
  2.0338905776550384E+00 a       659     0    37     1    11
  3.6399761053493371E+00 a       660     0    37     1    12
  1.1178514805047395E+00 a       661     0    37     1    13
 -2.2130865984805115E-01 a       662     0    37     1    14
 -5.5806744806441433E+00 a       663     0    37     1    15
 -1.4491102670298184E+00 a       664     0    37     1    16
  1.6498812972071821E+00 a       665     0    37     1    17
 -4.4555316782475313E-01 a       666     0    37     1    18
 -2.5978914892421230E+00 a       667     0    38     1     1
 -7.3489218615510910E-01 a       668     0    38     1     2
  2.2495865836685072E+00 a       669     0    38     1     3
 -3.1823282016626613E+00 a       670     0    38     1     4
 -3.8866848894777135E+00 a       671     0    38     1     5
 -5.7747110993244595E-02 a       672     0    38     1     6
 -7.4835527254566991E-01 a       673     0    38     1     7
 -1.1069516849721082E+00 a       674     0    38     1     8
  4.2469418855771774E+00 a       675     0    38     1     9
  5.6204074364619663E+00 a       676     0    38     1    10
  2.9875739835140352E-01 a       677     0    38     1    11
  1.2077893417279719E+00 a       678     0    38     1    12
 -1.2170910283647225E+00 a       679     0    38     1    13
  7.9062287765926964E-01 a       680     0    38     1    14
 -3.9710617840221163E-01 a       681     0    38     1    15
 -2.0832654940514000E-01 a       682     0    38     1    16
 -8.0370814557669554E+00 a       683     0    38     1    17
 -2.9294890798133211E+00 a       684     0    38     1    18
  2.6955403849726847E+00 a       685     0    39     1     1
 -3.0688971030910532E+00 a       686     0    39     1     2
  1.8092604464299658E+00 a       687     0    39     1     3
  2.8038112119453542E+00 a       688     0    39     1     4
  1.6417686123868034E+00 a       689     0    39     1     5
  1.9426122802921220E+00 a       690     0    39     1     6
 -2.2272002192605380E+00 a       691     0    39     1     7
  2.2791331402357429E+00 a       692     0    39     1     8
  1.5513460429179646E+00 a       693     0    39     1     9
  2.9650003173996344E+00 a       694     0    39     1    10
  1.8093330483162398E-01 a       695     0    39     1    11
  4.2240060522963946E-01 a       696     0    39     1    12
  2.3685639049211211E+00 a       697     0    39     1    13
 -1.5280132553631496E+00 a       698     0    39     1    14
  5.7615120771591100E-01 a       699     0    39     1    15
  1.3020355847416298E+00 a       700     0    39     1    16
 -1.8437653002794949E+00 a       701     0    39     1    17
 -2.4723985781563346E-02 a       702     0    39     1    18
  7.0560829655688684E-01 a       703     0    40     1     1
 -4.3912539555552916E+00 a       704     0    40     1     2
  5.8643047265504478E-01 a       705     0    40     1     3
  1.5961738961669247E+00 a       706     0    40     1     4
  5.3106951536016043E+00 a       707     0    40     1     5
  1.5864486255421093E+00 a       708     0    40     1     6
 -2.6848320217199833E+00 a       709     0    40     1     7
  5.2292575729425979E+00 a       710     0    40     1     8
 -2.7491752424638434E+00 a       711     0    40     1     9
  1.6344910911304027E+00 a       712     0    40     1    10
  4.8589096249005523E+00 a       713     0    40     1    11
  2.1999373703273819E+00 a       714     0    40     1    12
  3.3261531122048735E+00 a       715     0    40     1    13
 -4.7126989974525531E+00 a       716     0    40     1    14
 -1.8058587125047125E+00 a       717     0    40     1    15
  3.1287037273592309E+00 a       718     0    40     1    16
 -5.3720538808646019E+00 a       719     0    40     1    17
 -1.3599830721197478E-01 a       720     0    40     1    18
  2.6082269816298691E+00 a       721     0    41     1     1
  3.6977769918365979E+00 a       722     0    41     1     2
 -4.6043689431025381E-01 a       723     0    41     1     3
  1.3114600834870698E+00 a       724     0    41     1     4
  8.0279973029846925E+00 a       725     0    41     1     5
  1.2451234183473372E+00 a       726     0    41     1     6
  9.3949746586080385E-01 a       727     0    41     1     7
  3.3162114979819235E-01 a       728     0    41     1     8
 -2.8742792711217318E+00 a       729     0    41     1     9
  4.1619298693194304E+00 a       730     0    41     1    10
 -3.5367658714326433E-01 a       731     0    41     1    11
  4.2801353304244110E+00 a       732     0    41     1    12
  8.6457633311692594E-01 a       733     0    41     1    13
  1.0109515938964972E+00 a       734     0    41     1    14
  1.9110560503402740E+00 a       735     0    41     1    15
 -2.4870562394079410E+00 a       736     0    41     1    16
 -3.2405211344406093E-01 a       737     0    41     1    17
  1.6089714178846399E+00 a       738     0    41     1    18
  4.8453442847636347E-01 a       739     0    42     1     1
  2.7400600717561896E+00 a       740     0    42     1     2
 -2.1918427885504792E-02 a       741     0    42     1     3
 -2.7569661440513021E-01 a       742     0    42     1     4
  3.5092830418941490E+00 a       743     0    42     1     5
 -1.6545904911958489E+00 a       744     0    42     1     6
  7.5156100710516771E-01 a       745     0    42     1     7
  1.5087035229015830E+00 a       746     0    42     1     8
 -2.7831938982900790E+00 a       747     0    42     1     9
  1.6231013617011587E+00 a       748     0    42     1    10
  2.8992018136500488E+00 a       749     0    42     1    11
  1.4751528664968412E+00 a       750     0    42     1    12
 -1.0286075789303397E+00 a       751     0    42     1    13
  1.6439740804437581E+00 a       752     0    42     1    14
  1.6390972948940628E+00 a       753     0    42     1    15
  4.2135942929219838E-01 a       754     0    42     1    16
 -1.8039338631599908E+00 a       755     0    42     1    17
 -7.1413027672424356E-02 a       756     0    42     1    18
  8.6362345107628535E-01 a       757     0    43     1     1
  1.4707648606822200E+01 a       758     0    43     1     2
 -6.3932586927841299E+00 a       759     0    43     1     3
  3.2311507517712270E+00 a       760     0    43     1     4
  9.9914896095224641E+00 a       761     0    43     1     5
 -8.6122175833061687E-01 a       762     0    43     1     6
 -3.9042071366463231E+00 a       763     0    43     1     7
 -1.9195724396079592E+00 a       764     0    43     1     8
 -1.0562309197167743E+01 a       765     0    43     1     9
  1.0370362026697286E+01 a       766     0    43     1    10
  8.7543907730025783E+00 a       767     0    43     1    11
  1.5291462496028000E+01 a       768     0    43     1    12
  5.7145528776602106E+00 a       769     0    43     1    13
  1.7407871194066868E+01 a       770     0    43     1    14
  3.8147797902818930E+00 a       771     0    43     1    15
 -1.0873998330783081E+01 a       772     0    43     1    16
 -1.0565161109094701E+01 a       773     0    43     1    17
  1.3442523266417825E+00 a       774     0    43     1    18
  3.1292061241758153E+00 a       775     0    44     1     1
  1.2424067143537086E-01 a       776     0    44     1     2
 -1.2528096478061203E+01 a       777     0    44     1     3
  2.5727496866950683E+00 a       778     0    44     1     4
  1.3079518486311367E-01 a       779     0    44     1     5
 -2.6609556071653415E+00 a       780     0    44     1     6
  4.6874545207944385E+00 a       781     0    44     1     7
 -3.7512970204587470E-01 a       782     0    44     1     8
 -1.4199777168427698E+01 a       783     0    44     1     9
 -8.9091437772072180E+00 a       784     0    44     1    10
 -1.0667748200804716E+00 a       785     0    44     1    11
  2.3306153518617387E+00 a       786     0    44     1    12
 -5.7924988568097113E+00 a       787     0    44     1    13
  5.8201009171396811E-01 a       788     0    44     1    14
 -7.1664967893948983E+00 a       789     0    44     1    15
 -4.8344667759233930E+00 a       790     0    44     1    16
  2.3417855904535351E+01 a       791     0    44     1    17
  8.4712805862071114E+00 a       792     0    44     1    18
 -4.6776680491423814E+00 a       793     0    45     1     1
  7.9719413317701333E+00 a       794     0    45     1     2
 -2.6461991995309071E+00 a       795     0    45     1     3
 -3.0780693090371587E+00 a       796     0    45     1     4
 -4.8992328523407815E+00 a       797     0    45     1     5
 -3.8984273641327496E+00 a       798     0    45     1     6
  6.4372627757346912E+00 a       799     0    45     1     7
 -2.5256045423417297E+00 a       800     0    45     1     8
 -3.4263462005875387E+00 a       801     0    45     1     9
 -3.4326065775651440E+00 a       802     0    45     1    10
 -3.8224462281325131E+00 a       803     0    45     1    11
 -8.3013101848815363E-01 a       804     0    45     1    12
 -6.0591630646098773E+00 a       805     0    45     1    13
  5.0331472413138334E+00 a       806     0    45     1    14
  3.4144522394046717E-01 a       807     0    45     1    15
 -2.0334325490835994E+00 a       808     0    45     1    16
  5.6898401713781075E+00 a       809     0    45     1    17
  1.3855887166364385E+00 a       810     0    45     1    18
 -2.5151837647686461E+00 a       811     0    46     1     1
  5.2346478551802864E+00 a       812     0    46     1     2
 -6.7051164870190023E+00 a       813     0    46     1     3
 -2.3955995866095039E+00 a       814     0    46     1     4
 -1.2473850254292227E+01 a       815     0    46     1     5
 -3.9269868533386263E+00 a       816     0    46     1     6
  3.3832168101383919E+00 a       817     0    46     1     7
 -6.0819005812854696E+00 a       818     0    46     1     8
  4.0907864044499087E-01 a       819     0    46     1     9
  3.4138392859950312E-01 a       820     0    46     1    10
 -6.4111919309913130E+00 a       821     0    46     1    11
  2.5269787419651251E+00 a       822     0    46     1    12
 -4.4197646851010308E+00 a       823     0    46     1    13
  9.5071897484492407E+00 a       824     0    46     1    14
  1.2490884122383750E+00 a       825     0    46     1    15
 -1.0085435428533447E+01 a       826     0    46     1    16
  1.1819107894804620E+01 a       827     0    46     1    17
  1.4991318242623140E+00 a       828     0    46     1    18
 -4.8376847135930756E+00 a       829     0    47     1     1
  3.8837731668249562E+00 a       830     0    47     1     2
  3.2848525910730229E+00 a       831     0    47     1     3
  1.4492387359801830E+00 a       832     0    47     1     4
 -1.0976303742979354E+01 a       833     0    47     1     5
  1.5338389678791012E-01 a       834     0    47     1     6
  4.9136685042690598E+00 a       835     0    47     1     7
 -3.4216089618585119E+00 a       836     0    47     1     8
  2.5571549774637048E+00 a       837     0    47     1     9
 -2.1978382857386340E+00 a       838     0    47     1    10
 -5.9970776589023156E-01 a       839     0    47     1    11
 -1.2361294094626530E+01 a       840     0    47     1    12
 -4.7655511535247266E+00 a       841     0    47     1    13
  2.5672288398606748E+00 a       842     0    47     1    14
 -1.7139708709815780E+00 a       843     0    47     1    15
  6.1762490060653352E-01 a       844     0    47     1    16
  4.8288932206663144E+00 a       845     0    47     1    17
 -8.7348357944005328E-01 a       846     0    47     1    18
 -5.7693543919120183E-01 a       847     0    48     1     1
 -5.1683294552385837E+00 a       848     0    48     1     2
 -1.9882911366122547E+00 a       849     0    48     1     3
 -2.6433288258160501E+00 a       850     0    48     1     4
 -6.8757752555652560E+00 a       851     0    48     1     5
  7.4592609834078705E-01 a       852     0    48     1     6
 -2.4054945600137336E+00 a       853     0    48     1     7
 -9.9941400790963559E+00 a       854     0    48     1     8
  6.3078003586607023E+00 a       855     0    48     1     9
 -2.1811070253232510E+00 a       856     0    48     1    10
  7.4648199451036146E-01 a       857     0    48     1    11
  5.2656994822845171E-01 a       858     0    48     1    12
  9.7978381428853663E+00 a       859     0    48     1    13
 -3.9287033117162053E+00 a       860     0    48     1    14
 -7.8451795952270507E+00 a       861     0    48     1    15
 -3.7337880265398842E+00 a       862     0    48     1    16
  1.0107673631853209E+00 a       863     0    48     1    17
 -3.4628816364983837E+00 a       864     0    48     1    18
  6.0211663557652981E+00 a       865     0    49     1     1
 -2.9113152454373125E+01 a       866     0    49     1     2
  8.8817778772162637E+00 a       867     0    49     1     3
 -6.6823494614063526E+00 a       868     0    49     1     4
 -2.9188343160491975E+01 a       869     0    49     1     5
 -1.0115017403717072E+01 a       870     0    49     1     6
 -2.1771604133572775E+00 a       871     0    49     1     7
  2.0140894808695628E-01 a       872     0    49     1     8
  1.0470898734456908E+01 a       873     0    49     1     9
  8.7699262877882656E-02 a       874     0    49     1    10
 -2.7749107574318064E+00 a       875     0    49     1    11
 -5.3621866553028070E+00 a       876     0    49     1    12
  2.3954464871044859E+01 a       877     0    49     1    13
 -1.5614778415960465E+01 a       878     0    49     1    14
 -1.7325603661783878E-01 a       879     0    49     1    15
  1.3160874966110187E+01 a       880     0    49     1    16
  3.9646317489944622E+00 a       881     0    49     1    17
  2.5024191500444966E+00 a       882     0    49     1    18
  7.5849753404449849E-01 a       883     0    50     1     1
 -5.3751388105080744E-01 a       884     0    50     1     2
  2.5701585640413888E-01 a       885     0    50     1     3
  1.2726833522561318E+00 a       886     0    50     1     4
  8.9664754781155154E-01 a       887     0    50     1     5
 -1.9027868414341115E-01 a       888     0    50     1     6
  1.3867959761563309E-01 a       889     0    50     1     7
  1.5091178040641837E+00 a       890     0    50     1     8
 -2.7580556934692330E-01 a       891     0    50     1     9
 -1.0902740420122463E-01 a       892     0    50     1    10
 -1.5227740852177932E-01 a       893     0    50     1    11
 -8.4672601808172998E-01 a       894     0    50     1    12
 -9.5077630032697619E-02 a       895     0    50     1    13
 -3.5366817011293483E-01 a       896     0    50     1    14
  2.3115608828252038E-01 a       897     0    50     1    15
  9.6441365052453321E-01 a       898     0    50     1    16
  1.6780530509753402E+00 a       899     0    50     1    17
  6.8490825238313835E-01 a       900     0    50     1    18
  2.1227397518681454E-01 a       901     0    51     1     1
  1.0678155153938191E+00 a       902     0    51     1     2
  1.1201374592488131E+00 a       903     0    51     1     3
 -1.4594326114464728E-01 a       904     0    51     1     4
 -2.8074132521754941E-01 a       905     0    51     1     5
 -7.4643309573028238E-01 a       906     0    51     1     6
  1.9967532824633963E-01 a       907     0    51     1     7
 -8.2193482061287765E-02 a       908     0    51     1     8
  1.4184498962291037E+00 a       909     0    51     1     9
 -9.7520470229964851E-02 a       910     0    51     1    10
 -9.3549639753568992E-01 a       911     0    51     1    11
 -1.0234763583571607E+00 a       912     0    51     1    12
 -3.0850453482377815E-01 a       913     0    51     1    13
  1.2023788088200462E+00 a       914     0    51     1    14
  9.1950150640410966E-01 a       915     0    51     1    15
 -3.3815780646352345E-01 a       916     0    51     1    16
  4.2663872159241095E-01 a       917     0    51     1    17
 -5.6581329616585019E-01 a       918     0    51     1    18
 -5.9573122250354982E-01 a       919     0    52     1     1
  8.8782251179911886E-01 a       920     0    52     1     2
  3.0443986352042289E+00 a       921     0    52     1     3
 -9.4545222941490203E-01 a       922     0    52     1     4
 -1.9256602980512163E+00 a       923     0    52     1     5
 -1.8459588011846206E+00 a       924     0    52     1     6
  1.7495693153710976E+00 a       925     0    52     1     7
 -1.2947175578945241E-01 a       926     0    52     1     8
  2.0512450710373376E-01 a       927     0    52     1     9
  1.2046034114220627E+00 a       928     0    52     1    10
 -1.7402848389412349E+00 a       929     0    52     1    11
 -1.7173984278703041E+00 a       930     0    52     1    12
 -3.4956291867887064E+00 a       931     0    52     1    13
 -1.6192395648510440E+00 a       932     0    52     1    14
 -1.6139170253438440E-01 a       933     0    52     1    15
  3.1128866618136746E+00 a       934     0    52     1    16
  1.1697536525445600E+00 a       935     0    52     1    17
 -9.0810039876160667E-02 a       936     0    52     1    18
 -2.6501587986210562E+00 a       937     0    53     1     1
 -4.4822272066716318E+00 a       938     0    53     1     2
  3.6979987551770086E+00 a       939     0    53     1     3
 -5.7454791329545507E-01 a       940     0    53     1     4
 -1.5128115246839986E+00 a       941     0    53     1     5
  3.1225199778234947E+00 a       942     0    53     1     6
 -3.9351640658602851E+00 a       943     0    53     1     7
  1.3829699867228977E+00 a       944     0    53     1     8
  4.8719143374356904E+00 a       945     0    53     1     9
  4.7199489955224196E+00 a       946     0    53     1    10
  9.9511341714014168E-01 a       947     0    53     1    11
  9.7145054017662957E-01 a       948     0    53     1    12
  2.1346664972747336E+00 a       949     0    53     1    13
 -1.8948111164138464E+00 a       950     0    53     1    14
  1.5272488193338882E+00 a       951     0    53     1    15
  2.2121590739960295E+00 a       952     0    53     1    16
 -1.3464998392620190E+01 a       953     0    53     1    17
 -3.3714328295056126E+00 a       954     0    53     1    18
  1.0715169431551428E+00 a       955     0    54     1     1
 -8.2779775273811147E+00 a       956     0    54     1     2
 -5.6433105838980391E-01 a       957     0    54     1     3
  2.2920259964761911E+00 a       958     0    54     1     4
 -1.8554092011868515E+00 a       959     0    54     1     5
  2.7422084132009248E+00 a       960     0    54     1     6
 -2.6035760179649707E+00 a       961     0    54     1     7
  1.5650977044123744E+00 a       962     0    54     1     8
  2.1325440952260458E-01 a       963     0    54     1     9
  3.7931820936320699E+00 a       964     0    54     1    10
  5.3278811316855135E-01 a       965     0    54     1    11
  1.4088906310236751E+00 a       966     0    54     1    12
  1.7287581084926955E+00 a       967     0    54     1    13
 -3.3058813645556624E+00 a       968     0    54     1    14
  6.5963582956214883E-01 a       969     0    54     1    15
  1.6278665300719339E+00 a       970     0    54     1    16
 -2.2662877887754425E+00 a       971     0    54     1    17
  1.4673796087784401E+00 a       972     0    54     1    18
  2.4008030939108305E-01 a       973     0    55     1     1
 -9.0745750536693901E+00 a       974     0    55     1     2
  1.5367646275389730E+00 a       975     0    55     1     3
 -1.6839224608503252E+00 a       976     0    55     1     4
  3.0526322897091682E+00 a       977     0    55     1     5
  2.8557148479416110E+00 a       978     0    55     1     6
 -4.9817585312244734E+00 a       979     0    55     1     7
  6.1011882869322376E+00 a       980     0    55     1     8
 -1.7831848027369444E+00 a       981     0    55     1     9
 -7.5836805211252101E-01 a       982     0    55     1    10
  3.8079096771001457E+00 a       983     0    55     1    11
  4.8790347195449424E-01 a       984     0    55     1    12
  3.5184433104917492E+00 a       985     0    55     1    13
 -7.0052951178296672E+00 a       986     0    55     1    14
 -2.1280625377397824E+00 a       987     0    55     1    15
  2.7273360510327600E+00 a       988     0    55     1    16
 -8.8476807131944941E+00 a       989     0    55     1    17
 -1.4834570444586970E+00 a       990     0    55     1    18
  1.7201876679453014E+00 a       991     0    56     1     1
 -4.1641303414600612E+00 a       992     0    56     1     2
 -4.5764992006634051E+00 a       993     0    56     1     3
 -3.2230579795744609E+00 a       994     0    56     1     4
  5.0543916430347089E+00 a       995     0    56     1     5
  1.1956208171492902E-01 a       996     0    56     1     6
 -3.0192919735090853E+00 a       997     0    56     1     7
  1.1322060088574280E-02 a       998     0    56     1     8
 -2.1717565403916583E+00 a       999     0    56     1     9
 -1.4554747675939412E+00 a      1000     0    56     1    10
 -1.8584596198649825E+00 a      1001     0    56     1    11
  7.9196659476435673E+00 a      1002     0    56     1    12
  4.9950426280270710E+00 a      1003     0    56     1    13
 -5.6469352800799621E-01 a      1004     0    56     1    14
  7.5413478927339528E-01 a      1005     0    56     1    15
  1.4274394353395495E-01 a      1006     0    56     1    16
 -2.5222930106411483E+00 a      1007     0    56     1    17
  1.8449420211164034E+00 a      1008     0    56     1    18
  7.8011887828994431E-01 a      1009     0    57     1     1
 -2.5334228816910476E+00 a      1010     0    57     1     2
 -2.1950784229618439E+00 a      1011     0    57     1     3
 -3.0821718636968884E+00 a      1012     0    57     1     4
 -2.1092871142148049E+00 a      1013     0    57     1     5
  2.7800743319199488E+00 a      1014     0    57     1     6
 -2.3821103970139008E+00 a      1015     0    57     1     7
  7.2910532524267169E-01 a      1016     0    57     1     8
 -4.3223836033204055E-01 a      1017     0    57     1     9
 -1.0009594954983773E-01 a      1018     0    57     1    10
 -1.7148849873985919E+00 a      1019     0    57     1    11
  3.1846124128326143E+00 a      1020     0    57     1    12
 -4.4481414134735813E+00 a      1021     0    57     1    13
 -2.8291926806715356E-01 a      1022     0    57     1    14
  2.5046982421671387E+00 a      1023     0    57     1    15
 -1.2170446194767168E+00 a      1024     0    57     1    16
 -5.8911296271292333E+00 a      1025     0    57     1    17
 -3.8728289138526123E-01 a      1026     0    57     1    18
  1.4498645913799728E+00 a      1027     0    58     1     1
  1.0967824591783142E+01 a      1028     0    58     1     2
 -1.0835154720561837E+01 a      1029     0    58     1     3
 -1.8677265573013275E+00 a      1030     0    58     1     4
  1.2701009013865319E+01 a      1031     0    58     1     5
  3.6470861646066730E+00 a      1032     0    58     1     6
  2.0532016220172813E+00 a      1033     0    58     1     7
  9.1737746527145858E-01 a      1034     0    58     1     8
 -4.0388876026400364E+00 a      1035     0    58     1     9
 -3.8558803845772274E+00 a      1036     0    58     1    10
  5.9037885058200432E+00 a      1037     0    58     1    11
  6.5903113224344381E+00 a      1038     0    58     1    12
 -7.2573850637823343E+00 a      1039     0    58     1    13
  6.5351966462092417E+00 a      1040     0    58     1    14
 -4.1985762107920657E+00 a      1041     0    58     1    15
 -4.1690238481482238E+00 a      1042     0    58     1    16
  1.8013410723261616E+00 a      1043     0    58     1    17
 -2.2870873354598982E+00 a      1044     0    58     1    18
 -3.6317850686145952E+00 a      1045     0    59     1     1
 -2.8542326322816916E+00 a      1046     0    59     1     2
 -4.0849444901865359E+00 a      1047     0    59     1     3
 -1.1119819227300050E+00 a      1048     0    59     1     4
  9.2352080530654952E+00 a      1049     0    59     1     5
  4.1277733727921646E+00 a      1050     0    59     1     6
  8.1587332174613891E+00 a      1051     0    59     1     7
  5.7086227073582583E+00 a      1052     0    59     1     8
  1.0374606060693621E+00 a      1053     0    59     1     9
 -1.2058437339725721E+01 a      1054     0    59     1    10
 -1.7543984560709909E+00 a      1055     0    59     1    11
 -9.9039431852552120E+00 a      1056     0    59     1    12
 -2.9853060195202925E+00 a      1057     0    59     1    13
 -7.5243294089130792E+00 a      1058     0    59     1    14
 -4.2752767651024932E+00 a      1059     0    59     1    15
  5.8224908571880816E+00 a      1060     0    59     1    16
  1.4164394439079393E+01 a      1061     0    59     1    17
  4.5137023007720939E-01 a      1062     0    59     1    18
  6.2083726463285427E-01 a      1063     0    60     1     1
  6.4977469913574906E+00 a      1064     0    60     1     2
  5.2087695537722007E+00 a      1065     0    60     1     3
 -1.1827080460834227E-02 a      1066     0    60     1     4
  6.0799552499761811E+00 a      1067     0    60     1     5
 -7.0876566431818400E-01 a      1068     0    60     1     6
  9.5936004170275824E-01 a      1069     0    60     1     7
 -1.6838987922234486E-01 a      1070     0    60     1     8
  3.8496050461450242E+00 a      1071     0    60     1     9
 -1.2787811547498982E+00 a      1072     0    60     1    10
 -8.8279441361422550E-01 a      1073     0    60     1    11
 -3.1059446813336589E+00 a      1074     0    60     1    12
  5.5931866100224701E+00 a      1075     0    60     1    13
  2.3347920854014315E+00 a      1076     0    60     1    14
  4.4832053509200191E+00 a      1077     0    60     1    15
  2.1638182929298888E+00 a      1078     0    60     1    16
 -8.9141707770600076E-01 a      1079     0    60     1    17
 -1.5958547276326900E+00 a      1080     0    60     1    18
  4.6057533893515523E-01 a      1081     0    61     1     1
  8.1705234051283444E+00 a      1082     0    61     1     2
  3.2788804855162423E+00 a      1083     0    61     1     3
  2.2819169451377390E+00 a      1084     0    61     1     4
  5.6500318301336483E+00 a      1085     0    61     1     5
 -4.3284962055410903E-01 a      1086     0    61     1     6
  5.9108382278481510E+00 a      1087     0    61     1     7
 -5.1611208486166662E+00 a      1088     0    61     1     8
  2.2479682943916628E+00 a      1089     0    61     1     9
 -1.9533472037467243E+00 a      1090     0    61     1    10
 -2.4629398144388408E+00 a      1091     0    61     1    11
 -4.9909515794301393E+00 a      1092     0    61     1    12
 -1.6601179712888412E+00 a      1093     0    61     1    13
  1.7258121957449362E+00 a      1094     0    61     1    14
  1.3853822860183655E+00 a      1095     0    61     1    15
  4.8577056045471725E+00 a      1096     0    61     1    16
  5.0585939775904114E+00 a      1097     0    61     1    17
  9.7382121950799938E-01 a      1098     0    61     1    18
 -1.6966672441039652E+00 a      1099     0    62     1     1
  5.0464580905481622E+00 a      1100     0    62     1     2
  3.0469067546385435E+00 a      1101     0    62     1     3
  5.1540528295055745E+00 a      1102     0    62     1     4
  6.0756761981105658E+00 a      1103     0    62     1     5
 -5.2676879973154644E-01 a      1104     0    62     1     6
  6.2940466287269867E+00 a      1105     0    62     1     7
  7.4704510686453114E+00 a      1106     0    62     1     8
 -3.9326728964003714E+00 a      1107     0    62     1     9
 -1.1224113028038676E+00 a      1108     0    62     1    10
 -3.4420213169519389E+00 a      1109     0    62     1    11
 -5.9256489612697498E+00 a      1110     0    62     1    12
 -3.7994061170985276E+00 a      1111     0    62     1    13
  2.9092617328111152E+00 a      1112     0    62     1    14
  3.5737332308633207E+00 a      1113     0    62     1    15
  4.2756448348617440E+00 a      1114     0    62     1    16
  8.8260379178130517E+00 a      1115     0    62     1    17
  4.4855911268325510E+00 a      1116     0    62     1    18
  8.0933321473015052E-01 a      1117     0    63     1     1
  3.2646609509025035E+00 a      1118     0    63     1     2
  4.4107825291420844E-01 a      1119     0    63     1     3
 -2.0487496162974015E+00 a      1120     0    63     1     4
  5.6624422856667662E+00 a      1121     0    63     1     5
  3.5775945580634338E-01 a      1122     0    63     1     6
 -2.0622180754098776E+00 a      1123     0    63     1     7
 -1.5440617589966021E+00 a      1124     0    63     1     8
  1.0861493027520699E+00 a      1125     0    63     1     9
 -3.0846947510321598E+00 a      1126     0    63     1    10
  2.5664334227505550E+00 a      1127     0    63     1    11
 -9.8824756634422015E-02 a      1128     0    63     1    12
  3.0671806031470537E+00 a      1129     0    63     1    13
  2.4324200713656877E-01 a      1130     0    63     1    14
 -2.6608484847498723E+00 a      1131     0    63     1    15
 -1.4971258037958315E+00 a      1132     0    63     1    16
 -1.1133017136353234E+00 a      1133     0    63     1    17
 -2.2596497716383159E+00 a      1134     0    63     1    18
 -5.9896184515495001E+00 a      1135     0    64     1     1
  7.6862934029772871E+00 a      1136     0    64     1     2
  8.6875914736332156E+00 a      1137     0    64     1     3
  6.8057113513981520E+00 a      1138     0    64     1     4
  1.2764337771935488E+00 a      1139     0    64     1     5
  2.2763216144887983E+00 a      1140     0    64     1     6
 -3.4659727201415519E-01 a      1141     0    64     1     7
 -1.8183257172616538E+00 a      1142     0    64     1     8
 -3.5185942831420991E-01 a      1143     0    64     1     9
  2.8789846013771303E+00 a      1144     0    64     1    10
 -8.6615289184921842E+00 a      1145     0    64     1    11
 -8.4066187053386159E+00 a      1146     0    64     1    12
 -1.7311512410364699E+01 a      1147     0    64     1    13
  1.9979255232495783E+00 a      1148     0    64     1    14
  6.9325889493489079E+00 a      1149     0    64     1    15
 -6.3407748293665147E+00 a      1150     0    64     1    16
 -8.3719360912886032E+00 a      1151     0    64     1    17
 -3.5629483753756602E-01 a      1152     0    64     1    18
  3.7635611382496309E-01 b      1153     1     1
 -3.6133488688721471E-03 b      1154     1     2
  4.2917347124734029E-01 b      1155     1     3
  9.1205418225132950E-02 b      1156     1     4
  3.7718347321026074E-01 b      1157     1     5
  1.1865904743615939E-01 b      1158     1     6
  1.0267199090090361E-01 b      1159     1     7
 -1.2832678225692351E-01 b      1160     1     8
  2.2682230499102971E-01 b      1161     1     9
  7.8895669044532588E-02 b      1162     1    10
  2.9526159824727977E-01 b      1163     1    11
  1.5823381615606119E-01 b      1164     1    12
  1.5609852819204559E-01 b      1165     1    13
 -2.3963329011688431E-01 b      1166     1    14
 -1.1398664198905861E-01 b      1167     1    15
  7.7110500641032129E-02 b      1168     1    16
  1.4529468307833313E-01 b      1169     1    17
  1.2384273939121613E-02 b      1170     1    18
 -5.2410823216282953E-01 a      1171     1     1     2     1
  7.7638673407404302E-01 a      1172     1     1     2     2
 -1.5262104509389973E+00 a      1173     1     1     2     3
 -2.9640693467883283E-02 a      1174     1     1     2     4
 -2.3341869543343119E-01 a      1175     1     1     2     5
 -1.9935600569606244E+00 a      1176     1     1     2     6
 -2.8649598949725308E-01 a      1177     1     1     2     7
  2.8384946241068341E+00 a      1178     1     1     2     8
 -1.9630790616468627E-01 a      1179     1     1     2     9
 -2.0515109223775935E-01 a      1180     1     1     2    10
  3.4198128954258877E-01 a      1181     1     1     2    11
 -1.3932936293942300E-01 a      1182     1     1     2    12
 -5.6307171019529689E-01 a      1183     1     1     2    13
  5.2383750646241234E-01 a      1184     1     1     2    14
 -2.2829368062214661E-01 a      1185     1     1     2    15
  2.6612314407522186E+00 a      1186     1     1     2    16
 -1.4783540256210368E+00 a      1187     1     1     2    17
 -5.1117998010440280E-01 a      1188     1     1     2    18
 -1.9338134413453084E-01 a      1189     1     2     2     1
  1.2476176194349859E+00 a      1190     1     2     2     2
 -1.5213548764161904E+00 a      1191     1     2     2     3
 -2.0956268043017895E-01 a      1192     1     2     2     4
  7.9264460276446946E-01 a      1193     1     2     2     5
 -1.0447934934386607E+00 a      1194     1     2     2     6
 -1.4515750162222771E-01 a      1195     1     2     2     7
  4.7634881461578599E-01 a      1196     1     2     2     8
  1.1767035750195174E+00 a      1197     1     2     2     9
  1.7108823712816298E-01 a      1198     1     2     2    10
  4.5407607659528437E-01 a      1199     1     2     2    11
 -4.4634885928612128E-01 a      1200     1     2     2    12
 -2.9819931924518223E-01 a      1201     1     2     2    13
  1.9564272537785174E-01 a      1202     1     2     2    14
 -5.6661417580603224E-01 a      1203     1     2     2    15
 -5.1575787131447770E-01 a      1204     1     2     2    16
  4.8769973060916844E-01 a      1205     1     2     2    17
 -1.4900794816074009E-01 a      1206     1     2     2    18
 -1.9910556226435244E-01 a      1207     1     3     2     1
  1.1306161942605635E+00 a      1208     1     3     2     2
  3.6200722796046308E-01 a      1209     1     3     2     3
 -3.6263604478806177E-01 a      1210     1     3     2     4
  9.1314974107154806E-02 a      1211     1     3     2     5
  1.6473226946116535E+00 a      1212     1     3     2     6
  1.5113907927753796E+00 a      1213     1     3     2     7
 -7.4745710442807545E-01 a      1214     1     3     2     8
 -2.3846414986523976E-01 a      1215     1     3     2     9
 -3.6438790355740502E-01 a      1216     1     3     2    10
  7.2277805323920408E-01 a      1217     1     3     2    11
  9.0210200229937632E-01 a      1218     1     3     2    12
  2.5491529201779106E-01 a      1219     1     3     2    13
  1.1797448259740069E-01 a      1220     1     3     2    14
  1.6756834048767708E-01 a      1221     1     3     2    15
  1.4619310803195324E+00 a      1222     1     3     2    16
 -1.3975456820704765E-01 a      1223     1     3     2    17
  1.2587954635960907E-01 a      1224     1     3     2    18
  8.3804241832827017E-02 a      1225     1     4     2     1
 -2.9939879226944932E-01 a      1226     1     4     2     2
  6.7785689582087227E-01 a      1227     1     4     2     3
 -1.6010521087763738E-01 a      1228     1     4     2     4
 -9.3301342379799024E-01 a      1229     1     4     2     5
  3.3509163591326101E+00 a      1230     1     4     2     6
 -7.6943295410606877E-02 a      1231     1     4     2     7
 -2.0080528163244691E+00 a      1232     1     4     2     8
  4.6572747818863325E-01 a      1233     1     4     2     9
  9.2320422499442145E-01 a      1234     1     4     2    10
 -4.1875719859134253E-01 a      1235     1     4     2    11
 -1.1348669811719792E-01 a      1236     1     4     2    12
  6.4683493863193098E-01 a      1237     1     4     2    13
 -1.9406448606082038E-01 a      1238     1     4     2    14
 -3.4745018719666572E-02 a      1239     1     4     2    15
 -2.5150416187732607E+00 a      1240     1     4     2    16
  4.8011581693560540E-01 a      1241     1     4     2    17
  2.4042713370844485E-01 a      1242     1     4     2    18
  4.8992172930593247E-01 a      1243     1     5     2     1
 -5.2793302192083158E-01 a      1244     1     5     2     2
  5.7343119939154352E-01 a      1245     1     5     2     3
  2.8899899224284636E-01 a      1246     1     5     2     4
 -2.6847555014813590E-01 a      1247     1     5     2     5
 -8.5537553737744451E-02 a      1248     1     5     2     6
  2.4513767739377118E-01 a      1249     1     5     2     7
 -7.0055688394065685E-01 a      1250     1     5     2     8
 -4.6548468620631361E-01 a      1251     1     5     2     9
  2.8811951422548748E-01 a      1252     1     5     2    10
 -2.8255728727822416E-01 a      1253     1     5     2    11
  2.1046674089478346E-01 a      1254     1     5     2    12
  9.8783526362968485E-02 a      1255     1     5     2    13
  9.8710880846560556E-01 a      1256     1     5     2    14
  6.1064970766034932E-01 a      1257     1     5     2    15
  9.8280482524845003E-01 a      1258     1     5     2    16
 -1.5440181789402727E-01 a      1259     1     5     2    17
  4.5226935698336324E-01 a      1260     1     5     2    18
  3.8813615218081154E-01 a      1261     1     6     2     1
  3.3181252194177868E-01 a      1262     1     6     2     2
 -1.8487826229283977E+00 a      1263     1     6     2     3
  5.3203307520478704E-01 a      1264     1     6     2     4
  5.5272460591872319E-01 a      1265     1     6     2     5
  8.2700378990319665E-02 a      1266     1     6     2     6
  6.2154544583036697E-01 a      1267     1     6     2     7
 -3.2528935012497612E-01 a      1268     1     6     2     8
 -2.7172435957695973E-01 a      1269     1     6     2     9
 -7.2334910538319294E-02 a      1270     1     6     2    10
  7.4536689841877932E-02 a      1271     1     6     2    11
 -3.6486092066027176E-01 a      1272     1     6     2    12
 -6.8008111360320245E-01 a      1273     1     6     2    13
  3.5714737984355749E-01 a      1274     1     6     2    14
 -8.7128087733795645E-01 a      1275     1     6     2    15
  7.7671080403826942E-01 a      1276     1     6     2    16
  6.9223362613322514E-01 a      1277     1     6     2    17
 -4.4043200079506700E-01 a      1278     1     6     2    18
  1.8555523446429842E-01 a      1279     1     7     2     1
  3.1673124349250004E-01 a      1280     1     7     2     2
  1.2379217536467855E+00 a      1281     1     7     2     3
  2.1059108298083917E-01 a      1282     1     7     2     4
 -2.9431171777774595E-01 a      1283     1     7     2     5
  1.1930689192322970E+00 a      1284     1     7     2     6
 -8.2208039240804442E-01 a      1285     1     7     2     7
  1.3858268612092806E+00 a      1286     1     7     2     8
  1.9263072323958885E-01 a      1287     1     7     2     9
  8.2820717403280431E-01 a      1288     1     7     2    10
  4.2360942069185664E-01 a      1289     1     7     2    11
  5.3563255786823416E-01 a      1290     1     7     2    12
 -4.3406802508739611E-01 a      1291     1     7     2    13
  4.8872910033496031E-02 a      1292     1     7     2    14
  2.0685705249678582E-01 a      1293     1     7     2    15
  3.2674304927353720E-01 a      1294     1     7     2    16
  7.0752357322148129E-01 a      1295     1     7     2    17
 -3.9294650870512499E-01 a      1296     1     7     2    18
  9.8635823553594432E-02 a      1297     1     8     2     1
  4.8926655620741399E-01 a      1298     1     8     2     2
 -9.6692218490405671E-02 a      1299     1     8     2     3
 -3.5554161109618287E-01 a      1300     1     8     2     4
  2.9930638693376083E-01 a      1301     1     8     2     5
 -2.5090893010247534E-01 a      1302     1     8     2     6
  6.5199974240756098E-01 a      1303     1     8     2     7
  1.1226477782780195E+00 a      1304     1     8     2     8
  6.0060337392309415E-01 a      1305     1     8     2     9
 -7.7180380270507068E-02 a      1306     1     8     2    10
  1.1433732515052079E-01 a      1307     1     8     2    11
 -4.2458828222334981E-02 a      1308     1     8     2    12
  8.0693069022505070E-03 a      1309     1     8     2    13
  2.3186367331978777E-01 a      1310     1     8     2    14
 -4.4454178795085231E-01 a      1311     1     8     2    15
  1.0479168378450625E+00 a      1312     1     8     2    16
 -1.2086586879034262E-02 a      1313     1     8     2    17
 -2.7976613958435120E-01 a      1314     1     8     2    18
  6.1674755759527433E-01 a      1315     1     9     2     1
 -2.7084772844243049E-01 a      1316     1     9     2     2
  7.6930574893355841E-01 a      1317     1     9     2     3
 -8.1577597682087000E-01 a      1318     1     9     2     4
 -6.5658720261702752E-01 a      1319     1     9     2     5
  9.0716308831090087E-01 a      1320     1     9     2     6
  4.6651747448689534E-01 a      1321     1     9     2     7
 -7.2509681557615435E-01 a      1322     1     9     2     8
  2.6029998506843583E-02 a      1323     1     9     2     9
  6.9000883169178451E-01 a      1324     1     9     2    10
  4.4428699959029433E-01 a      1325     1     9     2    11
  1.0031471565941035E+00 a      1326     1     9     2    12
  4.5693195008306658E-01 a      1327     1     9     2    13
  8.0023184751327370E-01 a      1328     1     9     2    14
  1.2314045394056419E-01 a      1329     1     9     2    15
 -4.4706651217757903E-01 a      1330     1     9     2    16
 -3.9359240683760038E-01 a      1331     1     9     2    17
 -5.4365366299428008E-02 a      1332     1     9     2    18
 -9.3262360113479192E-01 a      1333     1    10     2     1
  4.4976305928863952E-01 a      1334     1    10     2     2
  1.4204501607368785E+00 a      1335     1    10     2     3
 -5.2095151267547402E-01 a      1336     1    10     2     4
  1.2423435656777544E+00 a      1337     1    10     2     5
 -1.8165729311842007E+00 a      1338     1    10     2     6
  1.3294781991955443E-02 a      1339     1    10     2     7
  5.5054485413594667E-01 a      1340     1    10     2     8
  6.0388478153093970E-02 a      1341     1    10     2     9
  2.3907612196325606E-01 a      1342     1    10     2    10
  4.1526778387252682E-02 a      1343     1    10     2    11
 -3.9422105461385537E-01 a      1344     1    10     2    12
 -6.7179725058770356E-03 a      1345     1    10     2    13
 -1.2943214033529042E+00 a      1346     1    10     2    14
 -4.3484395166334561E-01 a      1347     1    10     2    15
 -1.0737504722059148E+00 a      1348     1    10     2    16
 -9.9197397354087191E-01 a      1349     1    10     2    17
  4.6573149176639345E-01 a      1350     1    10     2    18
  1.0905076702986209E+00 a      1351     1    11     2     1
  1.3511755860877514E-01 a      1352     1    11     2     2
  2.9114439131988817E-01 a      1353     1    11     2     3
  2.2004499180657031E-01 a      1354     1    11     2     4
  1.4900110724473886E-01 a      1355     1    11     2     5
 -9.1941251838183446E-01 a      1356     1    11     2     6
  1.2475239934660378E-02 a      1357     1    11     2     7
 -1.3250283584526643E+00 a      1358     1    11     2     8
 -7.0479086286691384E-01 a      1359     1    11     2     9
  1.7672181887411560E+00 a      1360     1    11     2    10
  2.2061736006729057E-01 a      1361     1    11     2    11
  2.7391285131375093E-01 a      1362     1    11     2    12
  3.0176304821894678E-01 a      1363     1    11     2    13
  7.6166544802415781E-01 a      1364     1    11     2    14
 -8.4168277751930942E-01 a      1365     1    11     2    15
  5.0145084565781040E-01 a      1366     1    11     2    16
  8.3168667993276202E-01 a      1367     1    11     2    17
  5.1226427635351912E-01 a      1368     1    11     2    18
 -7.9014497145757046E-01 a      1369     1    12     2     1
 -1.3403790283130770E-01 a      1370     1    12     2     2
 -1.5222338728766320E+00 a      1371     1    12     2     3
  5.5643176166290087E-01 a      1372     1    12     2     4
 -1.4185152658478444E+00 a      1373     1    12     2     5
  1.7541998530629239E+00 a      1374     1    12     2     6
 -3.1281569792969188E-01 a      1375     1    12     2     7
  2.0707387621405986E+00 a      1376     1    12     2     8
  3.8432162501959749E-01 a      1377     1    12     2     9
  9.1437621760978460E-01 a      1378     1    12     2    10
  1.7118841278028626E-01 a      1379     1    12     2    11
  6.5203930763988127E-01 a      1380     1    12     2    12
 -2.5685466461053147E-01 a      1381     1    12     2    13
 -4.6292658418677446E-01 a      1382     1    12     2    14
 -1.5943808396182888E+00 a      1383     1    12     2    15
  2.2356981228305695E+00 a      1384     1    12     2    16
 -6.7029624789133668E-01 a      1385     1    12     2    17
 -7.4105932736595159E-01 a      1386     1    12     2    18
 -1.9437930278790572E-01 a      1387     1    13     2     1
  7.0141002693206023E-01 a      1388     1    13     2     2
  4.4863361205716046E-01 a      1389     1    13     2     3
 -1.1626182523623854E-01 a      1390     1    13     2     4
  7.3251392174303775E-01 a      1391     1    13     2     5
  1.4291467793104295E+00 a      1392     1    13     2     6
 -1.4719483667693689E-01 a      1393     1    13     2     7
  7.4526224962430265E-01 a      1394     1    13     2     8
  4.8181074881858815E-01 a      1395     1    13     2     9
  6.4335281389943752E-02 a      1396     1    13     2    10
  2.2270850430503572E-01 a      1397     1    13     2    11
  2.5690444150758066E-02 a      1398     1    13     2    12
  1.3321907958848963E-02 a      1399     1    13     2    13
 -7.7047925252253957E-02 a      1400     1    13     2    14
 -2.8862082954366531E-02 a      1401     1    13     2    15
  4.4676252273141261E-03 a      1402     1    13     2    16
  6.3321178628376007E-01 a      1403     1    13     2    17
  6.8406350001546623E-01 a      1404     1    13     2    18
  3.3959380548892559E-01 a      1405     1    14     2     1
 -6.9782095558771373E-01 a      1406     1    14     2     2
  3.9514861905883234E+00 a      1407     1    14     2     3
  4.0182868807840605E-01 a      1408     1    14     2     4
 -2.2472217780545081E+00 a      1409     1    14     2     5
  1.4183646450228871E+00 a      1410     1    14     2     6
 -1.0206720920478371E-01 a      1411     1    14     2     7
 -5.3604962218405905E-01 a      1412     1    14     2     8
 -1.7844989170033734E+00 a      1413     1    14     2     9
  1.5823830124022198E+00 a      1414     1    14     2    10
 -2.3655078653839295E-01 a      1415     1    14     2    11
  2.1806890948596336E-01 a      1416     1    14     2    12
 -2.5194982723170700E-01 a      1417     1    14     2    13
  4.4964808016982361E-01 a      1418     1    14     2    14
  3.1747226139165707E-01 a      1419     1    14     2    15
 -1.2170209621423107E+00 a      1420     1    14     2    16
 -4.3695463243668420E-01 a      1421     1    14     2    17
 -1.2271395137128902E+00 a      1422     1    14     2    18
  4.0775878099509355E-01 a      1423     1    15     2     1
 -1.8436130624976682E-01 a      1424     1    15     2     2
 -1.1998266649494291E+00 a      1425     1    15     2     3
  1.1349877627735321E-01 a      1426     1    15     2     4
  1.3089502702480660E+00 a      1427     1    15     2     5
  9.9326977736473909E-01 a      1428     1    15     2     6
 -7.0710413791234328E-01 a      1429     1    15     2     7
  6.1411543632417509E-01 a      1430     1    15     2     8
 -7.7803829325886575E-01 a      1431     1    15     2     9
  5.7582897673406475E-01 a      1432     1    15     2    10
 -3.8554301909268916E-02 a      1433     1    15     2    11
  1.2945275395064759E-01 a      1434     1    15     2    12
  7.1144781155561512E-02 a      1435     1    15     2    13
  1.0827903150240291E-01 a      1436     1    15     2    14
  2.7001318935882918E-01 a      1437     1    15     2    15
  1.0842544330491002E+00 a      1438     1    15     2    16
 -5.6793729257163694E-01 a      1439     1    15     2    17
  5.0073618718944779E-01 a      1440     1    15     2    18
  8.9972031698840571E-01 a      1441     1    16     2     1
 -1.0297010835882918E+00 a      1442     1    16     2     2
  2.2333774222899887E-02 a      1443     1    16     2     3
  6.5444437265146616E-01 a      1444     1    16     2     4
 -6.1377259195497913E-01 a      1445     1    16     2     5
 -1.2081928615393522E+00 a      1446     1    16     2     6
  1.0488793317054597E+00 a      1447     1    16     2     7
  4.2788696004869264E-01 a      1448     1    16     2     8
 -1.0532498858122115E+00 a      1449     1    16     2     9
 -1.2323228583194772E+00 a      1450     1    16     2    10
 -4.6671453690589854E-01 a      1451     1    16     2    11
 -6.3401887791086653E-01 a      1452     1    16     2    12
 -3.6688437646397226E-01 a      1453     1    16     2    13
 -6.7040421125716598E-01 a      1454     1    16     2    14
 -6.8216302776630655E-01 a      1455     1    16     2    15
 -5.2686015835153444E-01 a      1456     1    16     2    16
  7.0591313825593238E-01 a      1457     1    16     2    17
 -8.7881778407609989E-01 a      1458     1    16     2    18
 -6.8715716691766834E-02 a      1459     1    17     2     1
 -9.0652833123159929E-02 a      1460     1    17     2     2
 -8.2932182881762617E-01 a      1461     1    17     2     3
 -2.6982500804633935E-01 a      1462     1    17     2     4
  5.8158781483451383E-01 a      1463     1    17     2     5
  5.4147528811062517E-01 a      1464     1    17     2     6
  2.5543138105045926E-01 a      1465     1    17     2     7
 -7.8995915622595581E-01 a      1466     1    17     2     8
 -4.1088306352118653E-01 a      1467     1    17     2     9
  1.3941079209464538E-01 a      1468     1    17     2    10
 -1.9254571698493622E-01 a      1469     1    17     2    11
 -2.6255786486434135E-01 a      1470     1    17     2    12
  2.1403935748957195E-01 a      1471     1    17     2    13
 -2.2715164793211187E-01 a      1472     1    17     2    14
 -1.3074221129320746E-01 a      1473     1    17     2    15
 -3.8645641915445350E-01 a      1474     1    17     2    16
 -5.7245371783814314E-01 a      1475     1    17     2    17
  4.3612078999012593E-01 a      1476     1    17     2    18
  3.0666232038861513E-01 a      1477     1    18     2     1
  4.2767503064932771E-01 a      1478     1    18     2     2
 -7.1482992305726956E-01 a      1479     1    18     2     3
 -2.8185508253858824E-02 a      1480     1    18     2     4
  3.4350610172989376E-01 a      1481     1    18     2     5
  5.4169347734406681E-01 a      1482     1    18     2     6
  4.2585394147903313E-02 a      1483     1    18     2     7
 -1.7647889261766736E+00 a      1484     1    18     2     8
  5.4426313565175422E-01 a      1485     1    18     2     9
 -2.9676558049429330E-01 a      1486     1    18     2    10
  2.0361388047534013E-01 a      1487     1    18     2    11
 -7.7915063995172312E-02 a      1488     1    18     2    12
 -7.9855490018583375E-01 a      1489     1    18     2    13
  8.5848417665279786E-01 a      1490     1    18     2    14
 -1.4650960212318537E-01 a      1491     1    18     2    15
 -7.5691634944021452E-02 a      1492     1    18     2    16
  5.1168843410357290E-01 a      1493     1    18     2    17
  1.4685300372116532E+00 a      1494     1    18     2    18
 -7.1520789370719140E-01 b      1495     2     1
  4.0210870472079291E-01 b      1496     2     2
 -2.0064465630862407E+00 b      1497     2     3
 -1.0323775689556212E+00 b      1498     2     4
  1.1096133753607424E+00 b      1499     2     5
 -7.3383181604262748E-01 b      1500     2     6
 -1.4542338198154992E-01 b      1501     2     7
 -2.0592586256859416E-01 b      1502     2     8
 -2.9888183882473701E-01 b      1503     2     9
 -3.1429423451162886E+00 b      1504     2    10
 -2.5882132994921708E-01 b      1505     2    11
 -1.3873338088793741E-01 b      1506     2    12
  1.7909067938335027E-01 b      1507     2    13
 -1.1609622742672594E+00 b      1508     2    14
  3.5473744277698949E-01 b      1509     2    15
 -2.1975458207569103E+00 b      1510     2    16
 -5.6541173480868637E-02 b      1511     2    17
 -9.4917466522027594E-01 b      1512     2    18
 -2.0201834391539061E-01 a      1513     2     1     3     1
 -3.9959080439955819E-01 a      1514     2     2     3     1
 -2.0181551994229951E-02 a      1515     2     3     3     1
 -1.9740106344926983E-01 a      1516     2     4     3     1
  8.8250067715468075E-02 a      1517     2     5     3     1
  4.2733456460160274E-02 a      1518     2     6     3     1
  5.3321621174740014E-02 a      1519     2     7     3     1
 -1.6549394279106438E-02 a      1520     2     8     3     1
  3.8944920899631857E-01 a      1521     2     9     3     1
  3.4150471049802907E-02 a      1522     2    10     3     1
  6.8334793625549295E-01 a      1523     2    11     3     1
 -4.3739141749676563E-01 a      1524     2    12     3     1
  3.9050923184411956E-01 a      1525     2    13     3     1
  1.1877682099248749E-01 a      1526     2    14     3     1
  3.5781359476416685E-01 a      1527     2    15     3     1
  3.3504376849115107E-02 a      1528     2    16     3     1
  1.4862830707525462E-01 a      1529     2    17     3     1
 -1.3506871570084009E-01 a      1530     2    18     3     1
  2.2139565724268402E-02 b      1531     3     1
