################################################################################
# Neural network connection values (weights and biases).
################################################################################
# Col  Name       Description
################################################################################
# 1    connection Neural network connection value.
# 2    t          Connection type (a = weight, b = bias).
# 3    index      Index enumerating weights.
# 4    l_s        Starting point layer (end point layer for biases).
# 5    n_s        Starting point neuron in starting layer (end point neuron for biases).
# 6    l_e        End point layer.
# 7    n_e        End point neuron in end layer.
################################################################################
#                      1 2         3     4     5     6     7
#             connection t     index   l_s   n_s   l_e   n_e
############################################################
 -7.5837735750665480E+00 a         1     0     1     1     1
 -1.2263718674051750E+01 a         2     0     1     1     2
 -2.2548906272015698E-01 a         3     0     1     1     3
 -7.4023175747165633E+00 a         4     0     1     1     4
  1.9405225618444064E+00 a         5     0     1     1     5
  1.4117153471829429E+01 a         6     0     1     1     6
 -5.3104848231812218E-01 a         7     0     1     1     7
 -2.4029225478605980E+00 a         8     0     1     1     8
  1.3098847547886237E+00 a         9     0     1     1     9
 -3.2162708181255755E+00 a        10     0     1     1    10
 -8.6610271992407366E+00 a        11     0     1     1    11
 -1.1182504803536812E+00 a        12     0     1     1    12
  2.3269376950680886E+01 a        13     0     1     1    13
  5.6229767490592817E+00 a        14     0     1     1    14
  1.4241403635912437E+01 a        15     0     1     1    15
  8.9652742017569214E+00 a        16     0     1     1    16
 -1.9484983728420694E+01 a        17     0     1     1    17
  3.3290837927254744E+00 a        18     0     1     1    18
 -5.4948726756953130E+00 a        19     0     2     1     1
 -8.3047242854869663E-01 a        20     0     2     1     2
 -7.7792311572056843E+00 a        21     0     2     1     3
 -1.1164018562152748E+01 a        22     0     2     1     4
 -5.8967227205542070E+00 a        23     0     2     1     5
  9.2404254301013218E+00 a        24     0     2     1     6
  1.4950352636280093E+00 a        25     0     2     1     7
  3.3432111116027086E-01 a        26     0     2     1     8
 -6.0987671502070313E+00 a        27     0     2     1     9
  4.3732770624652968E+00 a        28     0     2     1    10
 -4.2755292532770106E+00 a        29     0     2     1    11
 -7.7548614856584452E-01 a        30     0     2     1    12
  4.4954733525196664E+00 a        31     0     2     1    13
  5.7148434546179532E+00 a        32     0     2     1    14
  3.1360813835882952E+00 a        33     0     2     1    15
 -4.6276985437408955E+00 a        34     0     2     1    16
  1.0423472936971983E+00 a        35     0     2     1    17
  1.4135680557597123E+00 a        36     0     2     1    18
  5.8625570665119007E+00 a        37     0     3     1     1
  9.0268060581317613E+00 a        38     0     3     1     2
  3.6713188134392403E+00 a        39     0     3     1     3
 -2.1929252180139218E+00 a        40     0     3     1     4
  7.8245569247438942E+00 a        41     0     3     1     5
  5.3587634091759391E+00 a        42     0     3     1     6
  1.1474933329307586E+00 a        43     0     3     1     7
  1.7359525069268826E+00 a        44     0     3     1     8
  5.2970948501457684E+00 a        45     0     3     1     9
 -7.0795898918899187E+00 a        46     0     3     1    10
 -8.3627178650707936E+00 a        47     0     3     1    11
 -2.2455988340898716E+00 a        48     0     3     1    12
  4.2234359801253083E+00 a        49     0     3     1    13
  4.4906211176165138E+00 a        50     0     3     1    14
 -2.7233163204233257E+00 a        51     0     3     1    15
  7.4539823356997514E+00 a        52     0     3     1    16
  8.4976541005335393E-01 a        53     0     3     1    17
  2.7695740810926312E-02 a        54     0     3     1    18
  9.9194650687641008E+00 a        55     0     4     1     1
  1.0113269256196183E+01 a        56     0     4     1     2
  8.1547139144131156E-02 a        57     0     4     1     3
  6.8579984049503970E+00 a        58     0     4     1     4
  9.0662555144113866E-01 a        59     0     4     1     5
 -9.3526700947552950E+00 a        60     0     4     1     6
 -1.7112762958242189E+00 a        61     0     4     1     7
 -9.9612252541598589E-01 a        62     0     4     1     8
 -1.5550083858489645E+00 a        63     0     4     1     9
  2.4629174592556931E+00 a        64     0     4     1    10
  8.5702327500469355E+00 a        65     0     4     1    11
 -4.3655963777046047E-01 a        66     0     4     1    12
 -2.2132764112942017E+01 a        67     0     4     1    13
 -6.1017207443758892E+00 a        68     0     4     1    14
 -1.4521775315664701E+01 a        69     0     4     1    15
 -6.2886409106245749E+00 a        70     0     4     1    16
  1.4600375131131683E+01 a        71     0     4     1    17
 -3.3845185308811003E+00 a        72     0     4     1    18
  6.7586975622776819E+00 a        73     0     5     1     1
 -4.8842678452722055E+00 a        74     0     5     1     2
  4.8475468256337146E+00 a        75     0     5     1     3
  7.7184788482941995E+00 a        76     0     5     1     4
  1.1877276569284234E+00 a        77     0     5     1     5
 -8.4779004186332969E+00 a        78     0     5     1     6
 -9.0562866372594488E+00 a        79     0     5     1     7
  2.9459314747432699E+00 a        80     0     5     1     8
  7.7989067351404771E+00 a        81     0     5     1     9
 -6.2137882727820246E+00 a        82     0     5     1    10
  9.0148806124051717E+00 a        83     0     5     1    11
  1.7583685576633425E+00 a        84     0     5     1    12
 -9.2573040402526594E+00 a        85     0     5     1    13
 -7.4271447139424591E+00 a        86     0     5     1    14
 -1.0008542595990265E+01 a        87     0     5     1    15
  5.7544529111835718E-01 a        88     0     5     1    16
 -8.1410290904986216E+00 a        89     0     5     1    17
 -5.0620721542725260E+00 a        90     0     5     1    18
 -3.3405839159206452E+00 a        91     0     6     1     1
 -1.3541396171493423E+00 a        92     0     6     1     2
 -1.2406464846407466E+00 a        93     0     6     1     3
 -2.7286433136433734E+00 a        94     0     6     1     4
 -2.0794796028403999E+00 a        95     0     6     1     5
  8.8331785408289787E-01 a        96     0     6     1     6
  1.0798159370142195E+00 a        97     0     6     1     7
  8.2781980560148660E-01 a        98     0     6     1     8
 -3.0651405326491049E-01 a        99     0     6     1     9
 -1.1682008140372194E-01 a       100     0     6     1    10
 -8.8523712963679657E-01 a       101     0     6     1    11
  2.4068570808232698E-01 a       102     0     6     1    12
  2.6777549541076127E+00 a       103     0     6     1    13
  8.6872457991275154E-01 a       104     0     6     1    14
  1.8722586631011291E+00 a       105     0     6     1    15
 -1.2227920894229576E+00 a       106     0     6     1    16
 -1.9318751098837030E+00 a       107     0     6     1    17
  5.1879555613701023E-01 a       108     0     6     1    18
 -1.4675605998365395E+00 a       109     0     7     1     1
 -3.1593529185908991E+00 a       110     0     7     1     2
 -6.1309813125323720E-01 a       111     0     7     1     3
  2.7538173401718380E+00 a       112     0     7     1     4
 -1.6003164884733547E+00 a       113     0     7     1     5
 -1.4585661817352855E+00 a       114     0     7     1     6
 -3.7010119551980337E-02 a       115     0     7     1     7
 -4.8263024729467235E-01 a       116     0     7     1     8
 -2.5634273024633432E+00 a       117     0     7     1     9
  2.8720094809045899E-01 a       118     0     7     1    10
  2.8453429997029702E+00 a       119     0     7     1    11
  1.1903154905727282E-02 a       120     0     7     1    12
 -2.2560618070629284E+00 a       121     0     7     1    13
 -2.1128299810635420E+00 a       122     0     7     1    14
  3.1235056203294627E+00 a       123     0     7     1    15
 -3.7582304696262447E+00 a       124     0     7     1    16
 -3.1885473928818047E+00 a       125     0     7     1    17
 -1.9066039986270813E+00 a       126     0     7     1    18
 -6.4544268599796597E+00 a       127     0     8     1     1
  6.1136445511782158E+00 a       128     0     8     1     2
 -3.0689116156161349E+00 a       129     0     8     1     3
 -3.4809562288137506E+00 a       130     0     8     1     4
 -2.8170320744826225E+00 a       131     0     8     1     5
  7.3240191552689415E+00 a       132     0     8     1     6
  5.9119181158717122E+00 a       133     0     8     1     7
 -2.6793948295671091E+00 a       134     0     8     1     8
 -2.8599088116617208E+00 a       135     0     8     1     9
  8.2249460440345494E+00 a       136     0     8     1    10
 -5.8021665395941513E+00 a       137     0     8     1    11
 -3.7831029676751426E-01 a       138     0     8     1    12
  4.6679496933487687E+00 a       139     0     8     1    13
  1.5521267965832251E+00 a       140     0     8     1    14
  8.0479502697007721E+00 a       141     0     8     1    15
 -6.3450019127200594E+00 a       142     0     8     1    16
  2.7721071996815270E+00 a       143     0     8     1    17
 -8.0283067831600177E-02 a       144     0     8     1    18
 -1.4321225951076775E+01 a       145     0     9     1     1
 -1.0991914302922121E+00 a       146     0     9     1     2
  3.2838128842402398E+01 a       147     0     9     1     3
  2.8155038039939903E+01 a       148     0     9     1     4
 -4.9825097807217933E+00 a       149     0     9     1     5
 -1.7743785622840001E+01 a       150     0     9     1     6
 -4.7238864631150852E+00 a       151     0     9     1     7
  1.5627049802989680E+01 a       152     0     9     1     8
 -4.6199755829026987E+00 a       153     0     9     1     9
 -1.1482110285183001E+01 a       154     0     9     1    10
  8.5561362686840372E+00 a       155     0     9     1    11
  3.1601716934484863E+01 a       156     0     9     1    12
 -1.5417529533738710E+01 a       157     0     9     1    13
 -2.6985864790472287E+00 a       158     0     9     1    14
  5.4774350104057383E+00 a       159     0     9     1    15
 -1.5207213112165631E+01 a       160     0     9     1    16
  4.3485787118287957E+00 a       161     0     9     1    17
 -9.3060623134403695E+00 a       162     0     9     1    18
  1.5085007933249063E+01 a       163     0    10     1     1
 -2.6994928448240390E+01 a       164     0    10     1     2
  5.4014891211948637E+01 a       165     0    10     1     3
  3.6633295883297919E+01 a       166     0    10     1     4
  1.7140062817885585E+01 a       167     0    10     1     5
 -1.3344215936520280E+01 a       168     0    10     1     6
  1.1668733023031134E+01 a       169     0    10     1     7
 -2.9401909288834453E+01 a       170     0    10     1     8
  9.7074669261252211E+00 a       171     0    10     1     9
 -3.6613733227101058E+01 a       172     0    10     1    10
  2.2249979718812089E+01 a       173     0    10     1    11
 -3.0625435512698473E+00 a       174     0    10     1    12
  7.3098864399675545E-01 a       175     0    10     1    13
 -1.7500240493107803E+01 a       176     0    10     1    14
  1.2032671894431264E+01 a       177     0    10     1    15
  2.5569855934563456E+01 a       178     0    10     1    16
  2.4154207402289867E+01 a       179     0    10     1    17
  1.6663964710802411E+01 a       180     0    10     1    18
 -1.7475324029809805E+01 a       181     0    11     1     1
  1.7394315229578968E+01 a       182     0    11     1     2
  1.6501043140087781E+01 a       183     0    11     1     3
 -1.1967240282852833E+01 a       184     0    11     1     4
 -1.9579738311842839E+01 a       185     0    11     1     5
 -2.3508753800640427E+01 a       186     0    11     1     6
 -4.4314671640987854E+01 a       187     0    11     1     7
 -8.2895349382850299E+00 a       188     0    11     1     8
 -4.2090845456968573E+00 a       189     0    11     1     9
  5.8817076439528549E+01 a       190     0    11     1    10
  5.0478463018917395E+01 a       191     0    11     1    11
 -1.5309756065764363E+01 a       192     0    11     1    12
  4.2110602971673741E+00 a       193     0    11     1    13
  1.3638326828454147E+01 a       194     0    11     1    14
  1.5026144914691727E+01 a       195     0    11     1    15
 -3.5045097345646825E+00 a       196     0    11     1    16
  3.2217930968619291E+00 a       197     0    11     1    17
  5.2973888478136118E+01 a       198     0    11     1    18
 -3.5739537300982313E+01 a       199     0    12     1     1
 -5.3043418956126116E+00 a       200     0    12     1     2
  4.8984673175331679E+00 a       201     0    12     1     3
  4.4426099587442195E+01 a       202     0    12     1     4
  4.8751429975133274E+00 a       203     0    12     1     5
  5.1414011203294674E+00 a       204     0    12     1     6
 -1.0180269397771431E+01 a       205     0    12     1     7
 -5.6207558448125794E-01 a       206     0    12     1     8
 -3.3567769776829081E+01 a       207     0    12     1     9
  8.9454762749711243E+00 a       208     0    12     1    10
  1.7599439935897085E+01 a       209     0    12     1    11
  6.0253631646767325E-01 a       210     0    12     1    12
 -7.0384464803765852E+00 a       211     0    12     1    13
  2.0148603117287745E+01 a       212     0    12     1    14
  4.2751976954955801E+01 a       213     0    12     1    15
 -6.5708395528871378E+01 a       214     0    12     1    16
 -7.6220429684253166E-01 a       215     0    12     1    17
 -6.0491321220548599E+01 a       216     0    12     1    18
  1.1563316705148381E+01 a       217     0    13     1     1
 -9.2657417252197831E+00 a       218     0    13     1     2
 -5.7257614134905677E-01 a       219     0    13     1     3
  2.4937151003936325E+01 a       220     0    13     1     4
 -3.4063242787974893E+01 a       221     0    13     1     5
 -1.1424854368970603E+01 a       222     0    13     1     6
  8.5921249560043691E+00 a       223     0    13     1     7
  1.2248467507930522E+01 a       224     0    13     1     8
 -6.2456197554204600E+00 a       225     0    13     1     9
  2.0929329433671271E+01 a       226     0    13     1    10
 -9.9116666818391508E-01 a       227     0    13     1    11
  1.7314904918319641E+01 a       228     0    13     1    12
  7.8070101301712915E+00 a       229     0    13     1    13
 -9.4695399987608990E+00 a       230     0    13     1    14
  2.9257904266867159E+00 a       231     0    13     1    15
 -3.1922097540768974E+00 a       232     0    13     1    16
  5.5684989401726732E+01 a       233     0    13     1    17
  1.8084953816657858E+01 a       234     0    13     1    18
  2.1320239467400888E+00 a       235     0    14     1     1
 -9.7245719314292547E+00 a       236     0    14     1     2
  6.8395872330589977E+00 a       237     0    14     1     3
 -1.1180060844891306E+01 a       238     0    14     1     4
 -7.0839630268816602E+00 a       239     0    14     1     5
  9.3603216557874109E+00 a       240     0    14     1     6
  3.2323718147217435E+00 a       241     0    14     1     7
 -4.2673707165484682E+00 a       242     0    14     1     8
  2.4373376744632527E+00 a       243     0    14     1     9
 -4.1735549345199878E+00 a       244     0    14     1    10
 -7.8780968189297944E+00 a       245     0    14     1    11
 -5.5461855047117607E+00 a       246     0    14     1    12
  6.4174786284680101E+00 a       247     0    14     1    13
  1.7702411127434312E+00 a       248     0    14     1    14
 -1.0672397859573510E+00 a       249     0    14     1    15
  7.9532650697562337E+00 a       250     0    14     1    16
  3.1984035392334000E+00 a       251     0    14     1    17
  1.1205852852198529E+01 a       252     0    14     1    18
 -3.5333548417776150E+01 a       253     0    15     1     1
 -2.6968843202275401E+01 a       254     0    15     1     2
 -2.9080048202138283E+01 a       255     0    15     1     3
  2.1358767549138527E+01 a       256     0    15     1     4
 -2.4638989746261398E+01 a       257     0    15     1     5
 -3.7037337318231664E+01 a       258     0    15     1     6
  8.8506300937136047E+00 a       259     0    15     1     7
 -2.7462135542844234E+01 a       260     0    15     1     8
 -2.0273502151338509E+01 a       261     0    15     1     9
 -7.0145564566672318E+00 a       262     0    15     1    10
  5.0942391382308763E+01 a       263     0    15     1    11
  3.1023776655187106E+01 a       264     0    15     1    12
  2.5133846326589236E+01 a       265     0    15     1    13
 -6.5595442623330644E+00 a       266     0    15     1    14
  3.5364183203354820E+01 a       267     0    15     1    15
 -1.7689471227021809E+01 a       268     0    15     1    16
  5.1952571606574004E+01 a       269     0    15     1    17
 -4.0273940898159559E+01 a       270     0    15     1    18
  2.0957014740844162E+00 a       271     0    16     1     1
 -9.9903226718971272E-01 a       272     0    16     1     2
  1.7910006183707878E+00 a       273     0    16     1     3
  1.7298177576955991E+00 a       274     0    16     1     4
 -2.1236055281203887E+00 a       275     0    16     1     5
  3.4894644868016766E-01 a       276     0    16     1     6
  6.7756343777508266E-01 a       277     0    16     1     7
  3.7271292552565172E-01 a       278     0    16     1     8
  2.8212573740962803E-02 a       279     0    16     1     9
  7.5436296327082777E-02 a       280     0    16     1    10
 -2.3705907407612696E+00 a       281     0    16     1    11
  6.8487566902495600E-01 a       282     0    16     1    12
  1.9199686069787119E+00 a       283     0    16     1    13
  1.4185246526809228E+00 a       284     0    16     1    14
  1.4634133138678365E+00 a       285     0    16     1    15
  7.3997211774718341E-01 a       286     0    16     1    16
  4.6476065425008057E+00 a       287     0    16     1    17
  1.9261851939261923E+00 a       288     0    16     1    18
  1.1275359462300314E+00 a       289     0    17     1     1
 -3.7647596203650382E+00 a       290     0    17     1     2
  4.1297421313879479E+00 a       291     0    17     1     3
 -7.3168775692487538E+00 a       292     0    17     1     4
  1.5583090618240247E-01 a       293     0    17     1     5
  4.5315120075707753E+00 a       294     0    17     1     6
 -2.7350650439417401E+00 a       295     0    17     1     7
  2.1509382965260873E+00 a       296     0    17     1     8
  2.6293444221362576E+00 a       297     0    17     1     9
 -2.4794396787788737E+00 a       298     0    17     1    10
 -5.2588451276469570E+00 a       299     0    17     1    11
 -2.0175905253770936E+00 a       300     0    17     1    12
  5.4520918266461864E+00 a       301     0    17     1    13
  2.2379726288861104E+00 a       302     0    17     1    14
 -1.2982373577771766E+00 a       303     0    17     1    15
  4.2543973754658042E+00 a       304     0    17     1    16
  1.1687467731923087E+00 a       305     0    17     1    17
  3.0955779196151849E+00 a       306     0    17     1    18
 -8.2477953688822048E+00 a       307     0    18     1     1
  1.7917702049976854E+00 a       308     0    18     1     2
 -1.4353007281814598E+00 a       309     0    18     1     3
 -2.3149788001308464E+00 a       310     0    18     1     4
  2.2611595775518265E+00 a       311     0    18     1     5
 -2.1739559537737541E+00 a       312     0    18     1     6
  1.9358180444020587E-01 a       313     0    18     1     7
 -3.9264075379235779E+00 a       314     0    18     1     8
 -6.0603308755388063E+00 a       315     0    18     1     9
 -6.0314175756764046E+00 a       316     0    18     1    10
  5.6162296367269349E+00 a       317     0    18     1    11
  1.7114790204816341E+00 a       318     0    18     1    12
  4.3427139084902233E+00 a       319     0    18     1    13
  3.8014493292760685E+00 a       320     0    18     1    14
  6.9681172203624098E-01 a       321     0    18     1    15
  6.2577937662252767E-02 a       322     0    18     1    16
  1.2358610822416281E+01 a       323     0    18     1    17
 -3.1567424492252569E+00 a       324     0    18     1    18
  4.1612507910251495E+01 a       325     0    19     1     1
  1.7274399417654607E+01 a       326     0    19     1     2
 -5.9886564358443145E+01 a       327     0    19     1     3
 -5.0658090083720396E+01 a       328     0    19     1     4
  3.1560033982798181E+00 a       329     0    19     1     5
  6.3549733353715183E+00 a       330     0    19     1     6
  1.0254970420117283E+01 a       331     0    19     1     7
 -2.2120649069357793E+01 a       332     0    19     1     8
  2.2536312501216827E+01 a       333     0    19     1     9
  3.3500835372349272E+01 a       334     0    19     1    10
  2.8659184742863935E+00 a       335     0    19     1    11
 -7.3952102815995815E+01 a       336     0    19     1    12
  9.0792056041272566E+00 a       337     0    19     1    13
 -9.3570912528984955E+00 a       338     0    19     1    14
 -2.1532390515337791E+01 a       339     0    19     1    15
  2.1966040055935313E+01 a       340     0    19     1    16
  1.4419025834183435E+01 a       341     0    19     1    17
  5.2845356067756795E+00 a       342     0    19     1    18
 -2.0494806678457639E+01 a       343     0    20     1     1
  7.7054168505234060E+01 a       344     0    20     1     2
 -9.6749705066699747E+01 a       345     0    20     1     3
 -5.3511475416779973E+01 a       346     0    20     1     4
 -1.3674158063403716E+01 a       347     0    20     1     5
  9.5859425700302159E-01 a       348     0    20     1     6
 -3.5050539639101316E+01 a       349     0    20     1     7
  8.2985149461367683E+01 a       350     0    20     1     8
  2.6438950514517003E+00 a       351     0    20     1     9
  8.3578055134225437E+01 a       352     0    20     1    10
 -3.0210210891532952E+01 a       353     0    20     1    11
  9.3245631596008725E+00 a       354     0    20     1    12
 -1.3441505029605768E+01 a       355     0    20     1    13
  2.0272304219513902E+01 a       356     0    20     1    14
 -2.8006862016989086E+01 a       357     0    20     1    15
 -4.9109196261757610E+01 a       358     0    20     1    16
 -5.5513190391073586E+01 a       359     0    20     1    17
 -5.8366372112412037E+01 a       360     0    20     1    18
  2.3647643265848178E+01 a       361     0    21     1     1
 -6.5827671399393864E+01 a       362     0    21     1     2
 -4.3974966355536118E+01 a       363     0    21     1     3
  4.2362629967422187E+01 a       364     0    21     1     4
  2.2685676701432701E+01 a       365     0    21     1     5
  3.7755045206212699E+01 a       366     0    21     1     6
  9.4156113567661436E+01 a       367     0    21     1     7
  2.5005172229337589E+01 a       368     0    21     1     8
  5.3632490407768074E-01 a       369     0    21     1     9
 -1.1333492851687789E+02 a       370     0    21     1    10
 -8.2953788829913762E+01 a       371     0    21     1    11
  4.8426839420152007E+01 a       372     0    21     1    12
 -3.7812652465029295E+01 a       373     0    21     1    13
 -5.1659437529920091E+01 a       374     0    21     1    14
 -2.2994150672060975E+01 a       375     0    21     1    15
 -1.9802238899587909E+01 a       376     0    21     1    16
 -2.2318234320331292E+00 a       377     0    21     1    17
 -1.4158629629715995E+02 a       378     0    21     1    18
 -2.2854695124041879E+01 a       379     0    22     1     1
 -4.3292778024047482E+00 a       380     0    22     1     2
  2.1815708746460167E+01 a       381     0    22     1     3
  8.6442342768773894E+00 a       382     0    22     1     4
  9.7823986518742476E+00 a       383     0    22     1     5
 -2.2553251092423348E+00 a       384     0    22     1     6
 -7.6847403451203027E+00 a       385     0    22     1     7
  6.6257239622571760E+00 a       386     0    22     1     8
 -7.5446204390517693E+00 a       387     0    22     1     9
 -2.0912384095056360E+01 a       388     0    22     1    10
  2.7713237558867889E+00 a       389     0    22     1    11
  2.3234270625781736E+01 a       390     0    22     1    12
 -7.8042311389597936E+00 a       391     0    22     1    13
  4.6780698671747123E+00 a       392     0    22     1    14
  3.5388736447156171E+00 a       393     0    22     1    15
 -1.0071661749317334E+01 a       394     0    22     1    16
 -2.5465850251061283E+01 a       395     0    22     1    17
 -1.0610481241703384E+01 a       396     0    22     1    18
  4.7042697316119657E+01 a       397     0    23     1     1
 -2.1137460668624374E+01 a       398     0    23     1     2
  2.7657295192064456E+01 a       399     0    23     1     3
 -1.5738738809292208E+01 a       400     0    23     1     4
  2.6595367805088843E+00 a       401     0    23     1     5
 -1.6902396972102306E+01 a       402     0    23     1     6
  2.8139808331478029E+01 a       403     0    23     1     7
 -3.1723529402009323E+01 a       404     0    23     1     8
  3.0693869004026290E+01 a       405     0    23     1     9
 -4.4261118905134239E+01 a       406     0    23     1    10
  1.6143936892731015E+00 a       407     0    23     1    11
 -1.6242699976591775E+00 a       408     0    23     1    12
  7.2775129001155525E+00 a       409     0    23     1    13
 -3.3266304881286594E+01 a       410     0    23     1    14
 -3.4780775739946776E+01 a       411     0    23     1    15
  8.4739979270025131E+01 a       412     0    23     1    16
  2.5565976757119827E+01 a       413     0    23     1    17
  8.4603173549229624E+01 a       414     0    23     1    18
  8.5685239684372014E+00 a       415     0    24     1     1
  2.6588799451777938E+01 a       416     0    24     1     2
  2.0876355306198018E+01 a       417     0    24     1     3
 -2.4672439218201852E+01 a       418     0    24     1     4
 -1.1293747410515127E+01 a       419     0    24     1     5
 -4.8944310597367648E+00 a       420     0    24     1     6
 -3.7884173643564893E+01 a       421     0    24     1     7
  7.4903691887822923E+00 a       422     0    24     1     8
  5.4916703826010105E+00 a       423     0    24     1     9
  5.4217415648205495E+01 a       424     0    24     1    10
  1.5078795844135744E+01 a       425     0    24     1    11
 -3.1201379270903047E+01 a       426     0    24     1    12
 -2.8635581386328735E+00 a       427     0    24     1    13
  1.8638850246546056E+01 a       428     0    24     1    14
 -7.0114705882127559E+00 a       429     0    24     1    15
  7.6884518384755554E+00 a       430     0    24     1    16
 -2.1685832041709808E+01 a       431     0    24     1    17
  7.5851383249877969E+01 a       432     0    24     1    18
 -2.3670413663820540E+00 a       433     0    25     1     1
 -2.8265814418859967E+00 a       434     0    25     1     2
  4.1102617812443771E+00 a       435     0    25     1     3
  4.0937393862000668E+00 a       436     0    25     1     4
 -7.7551338506303846E-01 a       437     0    25     1     5
  2.0109872922709018E+00 a       438     0    25     1     6
 -5.0679771097130100E-01 a       439     0    25     1     7
 -1.6169973132607801E-01 a       440     0    25     1     8
 -2.6887581620383294E+00 a       441     0    25     1     9
 -3.0354392954969058E+00 a       442     0    25     1    10
 -1.0794058769083745E+00 a       443     0    25     1    11
  6.4633203691795025E+00 a       444     0    25     1    12
 -2.0433427053934543E+00 a       445     0    25     1    13
  1.8603484668051549E+00 a       446     0    25     1    14
  1.4650440592149025E+00 a       447     0    25     1    15
 -2.2771176318144830E+00 a       448     0    25     1    16
 -9.4282049314920813E-01 a       449     0    25     1    17
  2.9548516099617689E-01 a       450     0    25     1    18
  2.0778438791436797E+00 a       451     0    26     1     1
 -1.0447283803929551E+01 a       452     0    26     1     2
  5.6465901534279848E+00 a       453     0    26     1     3
  1.8526678657488103E+00 a       454     0    26     1     4
 -1.5930427353969869E+00 a       455     0    26     1     5
  6.5889830147712756E+00 a       456     0    26     1     6
  1.4860391833029274E+00 a       457     0    26     1     7
 -1.0394492113091976E+01 a       458     0    26     1     8
 -2.0280710846869138E-01 a       459     0    26     1     9
 -4.2575890392959090E+00 a       460     0    26     1    10
 -5.6298227941675223E-02 a       461     0    26     1    11
  2.3644731005476043E+00 a       462     0    26     1    12
  1.3613802818465395E+00 a       463     0    26     1    13
 -1.2348550655030848E+00 a       464     0    26     1    14
  7.2604464323052120E-01 a       465     0    26     1    15
  3.0014903243235564E+00 a       466     0    26     1    16
  4.0087200868496877E+00 a       467     0    26     1    17
  5.1147781886575663E+00 a       468     0    26     1    18
 -5.7481153547768518E+00 a       469     0    27     1     1
  2.8972632586407134E+00 a       470     0    27     1     2
  1.1045066813168915E-01 a       471     0    27     1     3
 -7.0294716114470290E+00 a       472     0    27     1     4
 -2.0341973219098919E+00 a       473     0    27     1     5
  3.0436095210061320E+00 a       474     0    27     1     6
 -6.3600628039055875E+00 a       475     0    27     1     7
 -6.6790907318959345E+00 a       476     0    27     1     8
 -4.0223334321101616E+00 a       477     0    27     1     9
  7.3373741495631624E+00 a       478     0    27     1    10
  5.8584210851945429E+00 a       479     0    27     1    11
 -1.3931549377411925E+00 a       480     0    27     1    12
  2.1328406244335905E+00 a       481     0    27     1    13
  4.4420798745988881E+00 a       482     0    27     1    14
 -2.6771670014213296E+00 a       483     0    27     1    15
 -8.9070953277903597E-02 a       484     0    27     1    16
  3.8209616000842508E+00 a       485     0    27     1    17
  1.0687793793801433E+01 a       486     0    27     1    18
 -2.3798177118002770E+00 a       487     0    28     1     1
 -3.3564303895877906E-01 a       488     0    28     1     2
  2.3792470663880976E+00 a       489     0    28     1     3
  5.7662684300022686E+00 a       490     0    28     1     4
 -2.7092594188035517E+00 a       491     0    28     1     5
 -1.4157673581595278E+00 a       492     0    28     1     6
 -9.7321584813680792E-02 a       493     0    28     1     7
  2.0641169853525438E+00 a       494     0    28     1     8
 -1.5066202532748345E+00 a       495     0    28     1     9
  1.8424163249427996E+00 a       496     0    28     1    10
  5.1950732007708067E-01 a       497     0    28     1    11
  5.8206324059368715E+00 a       498     0    28     1    12
 -5.8618178781867147E-01 a       499     0    28     1    13
 -1.9337865174643167E+00 a       500     0    28     1    14
  2.3048702218300705E+00 a       501     0    28     1    15
 -1.2941721598573130E+00 a       502     0    28     1    16
  1.4706997442718077E+00 a       503     0    28     1    17
  1.2062474432858314E+00 a       504     0    28     1    18
 -5.1979312035767125E+00 a       505     0    29     1     1
 -2.9496335504706330E+00 a       506     0    29     1     2
  5.6005850614287933E+00 a       507     0    29     1     3
  1.4509028141037600E+01 a       508     0    29     1     4
  6.8535954405561622E-02 a       509     0    29     1     5
 -1.2035414153728980E+00 a       510     0    29     1     6
  1.8514643842547489E+00 a       511     0    29     1     7
 -5.2531517052375349E+00 a       512     0    29     1     8
 -6.4071658892044114E+00 a       513     0    29     1     9
 -2.5922767347109965E-01 a       514     0    29     1    10
  7.1884043477327184E+00 a       515     0    29     1    11
 -3.9836079518676870E-01 a       516     0    29     1    12
 -5.4960547269527602E+00 a       517     0    29     1    13
 -5.8136916317578835E-01 a       518     0    29     1    14
  9.7266149783570039E+00 a       519     0    29     1    15
 -9.8895276403573540E+00 a       520     0    29     1    16
 -3.0488173823446046E-01 a       521     0    29     1    17
 -6.3765096533846277E+00 a       522     0    29     1    18
  2.5551442198164480E+00 a       523     0    30     1     1
  4.4395009852707643E+00 a       524     0    30     1     2
  6.0253010121073887E+00 a       525     0    30     1     3
  6.5382737593841922E+00 a       526     0    30     1     4
 -1.0622432954813181E+00 a       527     0    30     1     5
 -7.1652262972219756E+00 a       528     0    30     1     6
 -7.4682836989892811E+00 a       529     0    30     1     7
 -1.3675762944549361E+00 a       530     0    30     1     8
  6.2142301225806671E+00 a       531     0    30     1     9
  1.1500066629822319E+01 a       532     0    30     1    10
  6.8006475089977432E+00 a       533     0    30     1    11
 -3.6958921948367851E-01 a       534     0    30     1    12
  4.6947081009641645E+00 a       535     0    30     1    13
 -6.3286671052069166E-01 a       536     0    30     1    14
  1.0650598779253487E+01 a       537     0    30     1    15
  2.5216632815543596E+00 a       538     0    30     1    16
 -7.2585069887930542E+00 a       539     0    30     1    17
  4.0484034411312768E+00 a       540     0    30     1    18
 -1.0631077594114551E+01 a       541     0    31     1     1
  5.9817906753787344E+00 a       542     0    31     1     2
  5.6103915739594719E+00 a       543     0    31     1     3
 -1.8522894664422452E+01 a       544     0    31     1     4
  3.0829648960472149E+01 a       545     0    31     1     5
  1.5854416416261797E+01 a       546     0    31     1     6
 -7.2369851916745720E+00 a       547     0    31     1     7
 -1.0992678013690567E+01 a       548     0    31     1     8
  5.4105026735371498E+00 a       549     0    31     1     9
 -2.0638242784096608E+01 a       550     0    31     1    10
 -6.3020295756149247E+00 a       551     0    31     1    11
 -1.1920778365720540E+01 a       552     0    31     1    12
  7.4122045069184558E-02 a       553     0    31     1    13
  1.1561086185220772E+01 a       554     0    31     1    14
  3.2708106004131596E+00 a       555     0    31     1    15
  6.0329274141543996E+00 a       556     0    31     1    16
 -5.0098243530178515E+01 a       557     0    31     1    17
 -1.2256513473099828E+01 a       558     0    31     1    18
  2.9556715396161305E+01 a       559     0    32     1     1
  3.7777141024152968E+01 a       560     0    32     1     2
  3.5004885436708300E+01 a       561     0    32     1     3
 -1.8713467887789751E+01 a       562     0    32     1     4
  3.1220664982726667E+01 a       563     0    32     1     5
  2.8216013897594291E+01 a       564     0    32     1     6
 -1.0201026077671861E+01 a       565     0    32     1     7
  1.9167712384099861E+01 a       566     0    32     1     8
  2.1758358987771643E+01 a       567     0    32     1     9
  3.8147361995086735E+00 a       568     0    32     1    10
 -4.3093410536377242E+01 a       569     0    32     1    11
 -3.2889198625620203E+01 a       570     0    32     1    12
 -6.9261133244102204E+00 a       571     0    32     1    13
  1.3893495562541297E+01 a       572     0    32     1    14
 -2.4036455801535940E+01 a       573     0    32     1    15
  2.7153878035955202E+01 a       574     0    32     1    16
 -3.8945925550156339E+01 a       575     0    32     1    17
  4.0010606901788627E+01 a       576     0    32     1    18
  1.1998326395966152E+00 a       577     0    33     1     1
 -5.4911775955843769E+00 a       578     0    33     1     2
  4.0659967824499132E-01 a       579     0    33     1     3
  1.9075751161731014E-01 a       580     0    33     1     4
  1.4867258062794051E+00 a       581     0    33     1     5
  1.1965783346977477E+00 a       582     0    33     1     6
 -1.1896523730138175E+00 a       583     0    33     1     7
 -2.7662875400358955E-01 a       584     0    33     1     8
  2.4011960616837120E+00 a       585     0    33     1     9
 -7.9648276396870088E+00 a       586     0    33     1    10
 -2.7664306131726599E+00 a       587     0    33     1    11
  2.1169415085901382E+00 a       588     0    33     1    12
  2.4227144625633965E+00 a       589     0    33     1    13
 -1.0832880240859677E+00 a       590     0    33     1    14
 -5.3389364042538592E+00 a       591     0    33     1    15
  1.0461447495936140E+00 a       592     0    33     1    16
  2.3255442300597249E+00 a       593     0    33     1    17
 -2.0398644504811854E+00 a       594     0    33     1    18
 -1.1934002493209649E-01 a       595     0    34     1     1
 -4.8206995450106577E-01 a       596     0    34     1     2
  2.1520682693532769E-01 a       597     0    34     1     3
  3.7512338751346691E-01 a       598     0    34     1     4
 -1.1435644216640328E+00 a       599     0    34     1     5
 -8.9636321434067648E-02 a       600     0    34     1     6
  5.0968032545143327E-01 a       601     0    34     1     7
 -2.0030121943240495E-01 a       602     0    34     1     8
  2.1159467878860547E-01 a       603     0    34     1     9
  5.8782451400930735E-01 a       604     0    34     1    10
 -6.2538428335150031E-01 a       605     0    34     1    11
 -6.6226512166101015E-01 a       606     0    34     1    12
 -4.3287130166218363E-01 a       607     0    34     1    13
  1.8463375141689348E-01 a       608     0    34     1    14
  9.6354019177157946E-01 a       609     0    34     1    15
  2.4283632158593482E-01 a       610     0    34     1    16
  4.3330683582720922E-02 a       611     0    34     1    17
  3.9111294653823425E-01 a       612     0    34     1    18
  7.0364409038144088E-02 a       613     0    35     1     1
  1.7601722504776651E+00 a       614     0    35     1     2
  1.4516074652806221E+00 a       615     0    35     1     3
  4.3147829558885942E-01 a       616     0    35     1     4
 -4.0658691943151602E-02 a       617     0    35     1     5
 -1.1630372058342431E+00 a       618     0    35     1     6
 -3.1601578527243840E-01 a       619     0    35     1     7
  7.2236335173734878E-01 a       620     0    35     1     8
  2.1136696437824160E-01 a       621     0    35     1     9
  1.9030924659250541E+00 a       622     0    35     1    10
  1.0890723715571480E+00 a       623     0    35     1    11
 -1.5181962573024808E+00 a       624     0    35     1    12
  1.6029292463461942E-01 a       625     0    35     1    13
  4.9430001400044943E-01 a       626     0    35     1    14
  1.6214510294772713E+00 a       627     0    35     1    15
  1.4538619814630602E+00 a       628     0    35     1    16
 -4.7913479203848769E-01 a       629     0    35     1    17
 -2.3458391878492693E-01 a       630     0    35     1    18
  6.7376781280011330E-02 a       631     0    36     1     1
 -7.8394270471520211E-01 a       632     0    36     1     2
 -2.6268557261306225E-01 a       633     0    36     1     3
 -7.0669198444155301E-01 a       634     0    36     1     4
 -1.4290545046460932E+00 a       635     0    36     1     5
 -3.2143245148353244E-01 a       636     0    36     1     6
 -1.3657921149340702E+00 a       637     0    36     1     7
 -1.2016594077449632E+00 a       638     0    36     1     8
  7.8043347213760006E-01 a       639     0    36     1     9
  2.8241385949175446E-01 a       640     0    36     1    10
  3.4450710415248648E-01 a       641     0    36     1    11
  8.2065566929977052E-01 a       642     0    36     1    12
  2.0606676727061926E+00 a       643     0    36     1    13
  2.7527838461952203E-01 a       644     0    36     1    14
  2.9245533185706407E-01 a       645     0    36     1    15
  1.2773477737562428E-01 a       646     0    36     1    16
 -1.5018171389187591E+00 a       647     0    36     1    17
 -5.5922723256816464E-01 a       648     0    36     1    18
 -1.3139421079192910E+00 a       649     0    37     1     1
 -1.9954187834962749E+00 a       650     0    37     1     2
 -3.7839619151204915E+00 a       651     0    37     1     3
 -3.7077041037130680E+00 a       652     0    37     1     4
 -4.8514822626841489E+00 a       653     0    37     1     5
 -2.7698460940878966E-01 a       654     0    37     1     6
  3.0699699142025239E-01 a       655     0    37     1     7
 -2.4073023388853390E+00 a       656     0    37     1     8
 -6.6064287673098621E-01 a       657     0    37     1     9
  1.9503978067461900E+00 a       658     0    37     1    10
  2.8562099162112591E+00 a       659     0    37     1    11
  4.1969152746405838E+00 a       660     0    37     1    12
  1.5489436934856560E+00 a       661     0    37     1    13
 -6.1960667213435322E-02 a       662     0    37     1    14
 -5.8780170015460085E+00 a       663     0    37     1    15
 -1.1814170153719297E+00 a       664     0    37     1    16
  3.3173948129541371E+00 a       665     0    37     1    17
 -8.9531150608790444E-01 a       666     0    37     1    18
 -1.3818703443904474E+00 a       667     0    38     1     1
 -1.7703178323038102E+00 a       668     0    38     1     2
  4.9438984688847762E+00 a       669     0    38     1     3
 -5.3574584585635221E-01 a       670     0    38     1     4
 -2.3847136104657158E+00 a       671     0    38     1     5
  2.4860452763751599E+00 a       672     0    38     1     6
 -4.1596290956413826E+00 a       673     0    38     1     7
  3.7319080349423117E-01 a       674     0    38     1     8
  5.4407159500517972E+00 a       675     0    38     1     9
  6.7087423048009605E+00 a       676     0    38     1    10
 -6.2728771766538982E-01 a       677     0    38     1    11
  3.8576170424844580E-01 a       678     0    38     1    12
 -1.3669969498683900E+00 a       679     0    38     1    13
 -4.0177780280857595E-01 a       680     0    38     1    14
  2.6867936902519127E+00 a       681     0    38     1    15
  1.7399747983286311E+00 a       682     0    38     1    16
 -1.3396902329046753E+01 a       683     0    38     1    17
 -2.4725649876952103E+00 a       684     0    38     1    18
  3.0307810740753900E+00 a       685     0    39     1     1
 -3.1163762843979610E+00 a       686     0    39     1     2
  1.6482998346566016E+00 a       687     0    39     1     3
  3.0758213046186453E+00 a       688     0    39     1     4
  1.9019622198525115E+00 a       689     0    39     1     5
  2.0458674184624650E+00 a       690     0    39     1     6
 -1.7193346505356251E+00 a       691     0    39     1     7
  2.3262636284816303E+00 a       692     0    39     1     8
  1.6193932218795388E+00 a       693     0    39     1     9
  2.6033674068664592E+00 a       694     0    39     1    10
  3.4022656005446866E-01 a       695     0    39     1    11
  9.0681354118200719E-01 a       696     0    39     1    12
  3.3238110455668357E+00 a       697     0    39     1    13
 -1.5520016354412487E+00 a       698     0    39     1    14
  4.4506564812077509E-01 a       699     0    39     1    15
  2.4107255816641717E+00 a       700     0    39     1    16
 -1.7551799292581078E+00 a       701     0    39     1    17
 -1.5645864982314212E-01 a       702     0    39     1    18
  1.7026467910445413E+00 a       703     0    40     1     1
 -7.2485172730121699E+00 a       704     0    40     1     2
 -2.5186506051644703E-01 a       705     0    40     1     3
  1.5473423189916555E+00 a       706     0    40     1     4
  7.8440617559948023E-01 a       707     0    40     1     5
  5.2767150086133929E+00 a       708     0    40     1     6
 -4.4922935495305127E+00 a       709     0    40     1     7
  3.4276774493674642E+00 a       710     0    40     1     8
 -2.1640164763280767E+00 a       711     0    40     1     9
  4.5696459933109113E+00 a       712     0    40     1    10
  4.3715564271486071E+00 a       713     0    40     1    11
  3.4608691241275409E+00 a       714     0    40     1    12
  1.9248674609516883E+00 a       715     0    40     1    13
 -5.4226203731495062E+00 a       716     0    40     1    14
 -2.4437211486965613E+00 a       717     0    40     1    15
  6.1961697341781019E-01 a       718     0    40     1    16
 -8.0884738789495483E+00 a       719     0    40     1    17
 -1.0921774548020069E-01 a       720     0    40     1    18
  3.5032321072747337E+00 a       721     0    41     1     1
  3.7001986220702570E+00 a       722     0    41     1     2
  1.2548064219969826E-01 a       723     0    41     1     3
  2.2330468653076685E+00 a       724     0    41     1     4
  9.9489697264739654E+00 a       725     0    41     1     5
  2.2770859987472805E-01 a       726     0    41     1     6
  3.9237219242409367E+00 a       727     0    41     1     7
  3.4074363087107535E+00 a       728     0    41     1     8
 -3.7128743285988697E+00 a       729     0    41     1     9
  3.3179518294824617E+00 a       730     0    41     1    10
  2.4212396975541636E-01 a       731     0    41     1    11
  4.0527536808663314E+00 a       732     0    41     1    12
  1.6425036288587038E+00 a       733     0    41     1    13
  1.1133344976472834E+00 a       734     0    41     1    14
  2.7152019706041219E+00 a       735     0    41     1    15
 -5.4740731792373754E-01 a       736     0    41     1    16
  2.5727953522923723E+00 a       737     0    41     1    17
  2.1299683300535786E+00 a       738     0    41     1    18
  7.6100562999774146E-01 a       739     0    42     1     1
  2.3528017680274025E+00 a       740     0    42     1     2
  7.2236020280145086E-01 a       741     0    42     1     3
 -5.9834250258766775E-01 a       742     0    42     1     4
  3.8154185840410166E+00 a       743     0    42     1     5
 -1.4358687213008574E+00 a       744     0    42     1     6
  8.2729796574208347E-01 a       745     0    42     1     7
  2.9168864355937898E+00 a       746     0    42     1     8
 -3.0149488948567957E+00 a       747     0    42     1     9
  9.1716846506628380E-01 a       748     0    42     1    10
  2.5031518893466869E+00 a       749     0    42     1    11
  9.0316467204584272E-01 a       750     0    42     1    12
 -8.9852354846566940E-01 a       751     0    42     1    13
  1.9468932779056973E+00 a       752     0    42     1    14
  1.8976727897138015E+00 a       753     0    42     1    15
 -5.3980676044884428E-02 a       754     0    42     1    16
 -1.4531921895907862E+00 a       755     0    42     1    17
  1.3980773285382875E-01 a       756     0    42     1    18
 -1.1794747059268793E-02 a       757     0    43     1     1
  1.3252741788244423E+01 a       758     0    43     1     2
 -1.9408354824209482E+00 a       759     0    43     1     3
 -2.0068180213807776E+00 a       760     0    43     1     4
  9.1168136020627113E+00 a       761     0    43     1     5
 -1.5254520304899530E+00 a       762     0    43     1     6
 -4.0408512280867699E+00 a       763     0    43     1     7
  5.0542994068309843E+00 a       764     0    43     1     8
 -1.2461959462508641E+01 a       765     0    43     1     9
  1.0766637083861184E+01 a       766     0    43     1    10
  9.6201695217035361E+00 a       767     0    43     1    11
  1.1235106242623525E+01 a       768     0    43     1    12
  4.4651392024632808E-01 a       769     0    43     1    13
  1.3257908928139523E+01 a       770     0    43     1    14
 -1.1360018563986267E+00 a       771     0    43     1    15
 -1.4918220314914603E+01 a       772     0    43     1    16
 -7.5468096313865010E+00 a       773     0    43     1    17
  2.2486287373542707E-01 a       774     0    43     1    18
  9.2508893653933000E-01 a       775     0    44     1     1
 -2.3029683379200519E-01 a       776     0    44     1     2
 -1.8281517151260594E+01 a       777     0    44     1     3
 -6.7174297378371761E-01 a       778     0    44     1     4
 -4.1756724539222816E+00 a       779     0    44     1     5
 -7.4117675557318012E+00 a       780     0    44     1     6
  1.2737031003686962E+01 a       781     0    44     1     7
  1.4638530648207460E-01 a       782     0    44     1     8
 -1.8461377634001117E+01 a       783     0    44     1     9
 -1.0389621164383856E+01 a       784     0    44     1    10
  1.1325021333926926E+00 a       785     0    44     1    11
  1.5997456504106395E+00 a       786     0    44     1    12
 -7.7627879175547010E+00 a       787     0    44     1    13
  1.8816593898961520E+00 a       788     0    44     1    14
 -1.2109862034041280E+01 a       789     0    44     1    15
 -6.8326939460396101E+00 a       790     0    44     1    16
  3.4935975775373329E+01 a       791     0    44     1    17
  1.0012274386583716E+01 a       792     0    44     1    18
 -5.9864915892459392E+00 a       793     0    45     1     1
  6.5614477769826705E+00 a       794     0    45     1     2
 -3.3271114983855581E+00 a       795     0    45     1     3
 -4.4468797489650163E+00 a       796     0    45     1     4
 -6.8055165954165231E+00 a       797     0    45     1     5
 -2.5156742645864263E+00 a       798     0    45     1     6
  5.2745727386235775E+00 a       799     0    45     1     7
 -2.4595501325635576E+00 a       800     0    45     1     8
 -4.7219101310495795E+00 a       801     0    45     1     9
 -1.4677941996683073E+00 a       802     0    45     1    10
 -4.2841644217644630E+00 a       803     0    45     1    11
 -1.9150243553028898E+00 a       804     0    45     1    12
 -9.8756870164860846E+00 a       805     0    45     1    13
  4.8090818750431152E+00 a       806     0    45     1    14
  9.4154752702081368E-01 a       807     0    45     1    15
 -4.5798459252349977E+00 a       808     0    45     1    16
  4.5848183773267452E+00 a       809     0    45     1    17
  2.7106468819405287E+00 a       810     0    45     1    18
 -3.5764760130744579E+00 a       811     0    46     1     1
  6.8007109036927043E+00 a       812     0    46     1     2
 -6.5466632754634988E+00 a       813     0    46     1     3
 -3.0520771917932343E+00 a       814     0    46     1     4
 -5.4762130522803503E+00 a       815     0    46     1     5
 -9.6161831885571036E+00 a       816     0    46     1     6
  6.0340379151025587E+00 a       817     0    46     1     7
 -2.6149966699553590E-01 a       818     0    46     1     8
 -1.6249095366917863E+00 a       819     0    46     1     9
 -5.6383598661792549E+00 a       820     0    46     1    10
 -4.4210411256077826E+00 a       821     0    46     1    11
 -6.7139072548598144E-01 a       822     0    46     1    12
 -7.5870849017756070E-01 a       823     0    46     1    13
  1.0190622045089635E+01 a       824     0    46     1    14
  2.9709741767447928E-01 a       825     0    46     1    15
 -5.8580370514148994E+00 a       826     0    46     1    16
  1.6825060802678447E+01 a       827     0    46     1    17
  2.0121271391760733E+00 a       828     0    46     1    18
 -5.4066162832856026E+00 a       829     0    47     1     1
  3.9640900171902294E+00 a       830     0    47     1     2
  5.5570020360277361E-01 a       831     0    47     1     3
 -1.3465845343948084E+00 a       832     0    47     1     4
 -1.3976729478777958E+01 a       833     0    47     1     5
  1.6600347003027809E+00 a       834     0    47     1     6
  2.4916686080229882E+00 a       835     0    47     1     7
 -4.8929165600638491E+00 a       836     0    47     1     8
  2.1448671184514034E+00 a       837     0    47     1     9
  1.0125178528903206E-01 a       838     0    47     1    10
 -2.8227072444972916E+00 a       839     0    47     1    11
 -1.1080352225028749E+01 a       840     0    47     1    12
 -7.3107842505913192E+00 a       841     0    47     1    13
  3.1103465553294138E+00 a       842     0    47     1    14
 -2.4147621268113069E+00 a       843     0    47     1    15
 -5.1755074869870465E-01 a       844     0    47     1    16
  2.1348215384804363E+00 a       845     0    47     1    17
  3.7285343766591494E-01 a       846     0    47     1    18
  5.9812261636014918E-01 a       847     0    48     1     1
 -7.0861033005037006E+00 a       848     0    48     1     2
 -3.6721616126114425E+00 a       849     0    48     1     3
 -1.2055353567579330E+00 a       850     0    48     1     4
 -9.3720160623251427E+00 a       851     0    48     1     5
  1.4825606878098740E-01 a       852     0    48     1     6
 -1.8573957222561428E+00 a       853     0    48     1     7
 -9.1359736242580531E+00 a       854     0    48     1     8
  8.2264035844175893E+00 a       855     0    48     1     9
  8.8524979839091511E-01 a       856     0    48     1    10
  2.3830269370577599E+00 a       857     0    48     1    11
  2.5699072745381684E+00 a       858     0    48     1    12
  1.0194382528715495E+01 a       859     0    48     1    13
 -6.1359800596342851E+00 a       860     0    48     1    14
 -1.0135301895101936E+01 a       861     0    48     1    15
 -1.4729232032248647E+00 a       862     0    48     1    16
  1.3576311011239495E+00 a       863     0    48     1    17
 -4.4045462125956893E+00 a       864     0    48     1    18
  3.0319164788406527E+00 a       865     0    49     1     1
 -3.0368156714381861E+01 a       866     0    49     1     2
 -4.3426796039117237E+00 a       867     0    49     1     3
 -5.8883203960318227E+00 a       868     0    49     1     4
 -3.2149156164170897E+01 a       869     0    49     1     5
 -1.4941127665905531E+01 a       870     0    49     1     6
  5.6124632868471309E+00 a       871     0    49     1     7
 -3.7958699161327414E+00 a       872     0    49     1     8
  7.1512047561647378E+00 a       873     0    49     1     9
  2.2832629568017221E-01 a       874     0    49     1    10
  1.7268460592440604E+00 a       875     0    49     1    11
  1.9603158021371387E+00 a       876     0    49     1    12
  3.3854238261443903E+01 a       877     0    49     1    13
 -1.0156416565079097E+01 a       878     0    49     1    14
 -6.2959843557111759E+00 a       879     0    49     1    15
  1.7621474929950438E+01 a       880     0    49     1    16
  1.6039846918647733E+01 a       881     0    49     1    17
  3.7820317652175044E+00 a       882     0    49     1    18
  4.4373025486211326E-01 a       883     0    50     1     1
  5.4927708450712848E-02 a       884     0    50     1     2
 -2.0126196456304673E-04 a       885     0    50     1     3
  8.0809927558593453E-01 a       886     0    50     1     4
  1.2214524509417990E+00 a       887     0    50     1     5
 -6.7870558779340273E-01 a       888     0    50     1     6
  8.4168320222364124E-01 a       889     0    50     1     7
  8.3821176287187849E-01 a       890     0    50     1     8
 -4.4171390911010711E-01 a       891     0    50     1     9
 -7.0834218135888805E-01 a       892     0    50     1    10
  1.6936858786282971E-01 a       893     0    50     1    11
 -6.4408362980529410E-01 a       894     0    50     1    12
  2.0329197077493411E-01 a       895     0    50     1    13
 -1.3159093495368016E-01 a       896     0    50     1    14
 -2.7110644165151487E-01 a       897     0    50     1    15
  9.6861835737078350E-01 a       898     0    50     1    16
  2.4432178745907085E+00 a       899     0    50     1    17
  3.8280982900615707E-01 a       900     0    50     1    18
 -1.6418191833913652E-02 a       901     0    51     1     1
  1.9460059813413053E+00 a       902     0    51     1     2
  1.3394570632296512E+00 a       903     0    51     1     3
 -1.9855614783030670E-01 a       904     0    51     1     4
  1.0674906004632574E+00 a       905     0    51     1     5
 -1.5425009400789107E+00 a       906     0    51     1     6
  6.6597898336143968E-01 a       907     0    51     1     7
  2.0529468539788284E-01 a       908     0    51     1     8
  1.0477939880283331E+00 a       909     0    51     1     9
 -1.1142313136639925E+00 a       910     0    51     1    10
 -9.9509998469702499E-01 a       911     0    51     1    11
 -1.3789928453754445E+00 a       912     0    51     1    12
  1.5365782021801175E-01 a       913     0    51     1    13
  1.5149513967224530E+00 a       914     0    51     1    14
  1.1919503265190461E+00 a       915     0    51     1    15
  3.2059631062503646E-01 a       916     0    51     1    16
  1.1393831315641800E+00 a       917     0    51     1    17
 -4.4332729418140854E-01 a       918     0    51     1    18
 -4.3239974111325019E-01 a       919     0    52     1     1
  8.7359678419954601E-01 a       920     0    52     1     2
  2.2083645881047387E+00 a       921     0    52     1     3
 -3.8259611022144924E-01 a       922     0    52     1     4
 -2.1450847338865247E+00 a       923     0    52     1     5
 -1.1227457686962667E+00 a       924     0    52     1     6
  1.6332873142860802E+00 a       925     0    52     1     7
 -7.5487723523671091E-01 a       926     0    52     1     8
 -1.1449380223087106E-01 a       927     0    52     1     9
  9.1049157060635810E-01 a       928     0    52     1    10
 -2.2051278088028758E+00 a       929     0    52     1    11
 -1.6607785330728428E+00 a       930     0    52     1    12
 -2.6436786758181690E+00 a       931     0    52     1    13
 -3.0395428523591672E-01 a       932     0    52     1    14
  3.4949287429240145E-01 a       933     0    52     1    15
  3.2606564039063439E+00 a       934     0    52     1    16
  1.8520203025453030E+00 a       935     0    52     1    17
  7.0812815978587984E-01 a       936     0    52     1    18
 -1.8346545692125837E+00 a       937     0    53     1     1
 -5.7033880172222693E+00 a       938     0    53     1     2
  5.5549699610833843E+00 a       939     0    53     1     3
  1.3945362385038396E+00 a       940     0    53     1     4
 -5.8606582733846491E-01 a       941     0    53     1     5
  6.9678636829963576E+00 a       942     0    53     1     6
 -8.9302894687980796E+00 a       943     0    53     1     7
  2.5801977891378602E-01 a       944     0    53     1     8
  6.1091173048120382E+00 a       945     0    53     1     9
  5.8247033655549512E+00 a       946     0    53     1    10
 -4.4103878240822771E-02 a       947     0    53     1    11
  1.0871750108028049E+00 a       948     0    53     1    12
  3.2859478171083425E+00 a       949     0    53     1    13
 -1.9887211746994491E+00 a       950     0    53     1    14
  4.7120183465505630E+00 a       951     0    53     1    15
  2.8616118084455713E+00 a       952     0    53     1    16
 -2.0728568534092076E+01 a       953     0    53     1    17
 -3.1071474607336680E+00 a       954     0    53     1    18
  1.4361914748273594E+00 a       955     0    54     1     1
 -9.1028678706082964E+00 a       956     0    54     1     2
 -1.2629590782538489E+00 a       957     0    54     1     3
  2.8046845767613799E+00 a       958     0    54     1     4
 -1.8948712125201841E+00 a       959     0    54     1     5
  4.0175399088824424E+00 a       960     0    54     1     6
 -3.2025027177142857E+00 a       961     0    54     1     7
  5.5605928725558318E-01 a       962     0    54     1     8
 -8.8656690001705576E-02 a       963     0    54     1     9
  2.7482242908059593E+00 a       964     0    54     1    10
  1.1202566504860303E+00 a       965     0    54     1    11
  1.7873255498770697E+00 a       966     0    54     1    12
  3.3267512846561265E+00 a       967     0    54     1    13
 -2.8687300347082525E+00 a       968     0    54     1    14
  3.5865019953202498E-01 a       969     0    54     1    15
  1.8291861614004064E+00 a       970     0    54     1    16
 -3.2894766705932259E+00 a       971     0    54     1    17
  1.3732135562600791E+00 a       972     0    54     1    18
  3.9247033569271567E-01 a       973     0    55     1     1
 -1.1874079942287056E+01 a       974     0    55     1     2
  8.7628068079081953E-02 a       975     0    55     1     3
 -1.4447574036496891E+00 a       976     0    55     1     4
 -3.3839665600171309E+00 a       977     0    55     1     5
  7.6366642859948461E+00 a       978     0    55     1     6
 -7.4374788127777043E+00 a       979     0    55     1     7
  1.9878263943014729E+00 a       980     0    55     1     8
 -1.4797592278479601E+00 a       981     0    55     1     9
  3.2326674797461235E+00 a       982     0    55     1    10
  2.7508260764167813E+00 a       983     0    55     1    11
  2.1813377261872091E+00 a       984     0    55     1    12
  1.0258237356394959E+00 a       985     0    55     1    13
 -6.8791914783717507E+00 a       986     0    55     1    14
 -1.9156659819554036E+00 a       987     0    55     1    15
 -8.6284737682541590E-01 a       988     0    55     1    16
 -1.2677277698711961E+01 a       989     0    55     1    17
 -1.0396726030659156E+00 a       990     0    55     1    18
  1.3326360768450636E+00 a       991     0    56     1     1
 -5.0775936795666166E+00 a       992     0    56     1     2
 -3.1541865288154574E+00 a       993     0    56     1     3
 -2.3106611034696560E+00 a       994     0    56     1     4
  5.5711071208244096E+00 a       995     0    56     1     5
  2.1035311619213165E-01 a       996     0    56     1     6
 -2.3418621420961432E+00 a       997     0    56     1     7
  3.0102549989466432E-01 a       998     0    56     1     8
 -2.0506203776944991E+00 a       999     0    56     1     9
 -2.9767155934450842E+00 a      1000     0    56     1    10
 -1.0397226156013111E+00 a      1001     0    56     1    11
  7.0306057271707401E+00 a      1002     0    56     1    12
  6.8069001075712174E+00 a      1003     0    56     1    13
 -1.0311296423373646E+00 a      1004     0    56     1    14
  7.1480932518809304E-01 a      1005     0    56     1    15
 -4.3532759589981658E-02 a      1006     0    56     1    16
 -1.5482763146662373E+00 a      1007     0    56     1    17
  9.3688904861072930E-01 a      1008     0    56     1    18
 -6.5873941564310634E-01 a      1009     0    57     1     1
 -2.6456766875273705E+00 a      1010     0    57     1     2
 -1.8620475197996986E+00 a      1011     0    57     1     3
 -4.9685128255279558E+00 a      1012     0    57     1     4
 -2.5619003810169416E+00 a      1013     0    57     1     5
  4.2567355433160170E+00 a      1014     0    57     1     6
 -3.5375503660821077E+00 a      1015     0    57     1     7
 -8.3470043912602521E-01 a      1016     0    57     1     8
 -1.3094460463632740E+00 a      1017     0    57     1     9
 -1.2123647973481309E+00 a      1018     0    57     1    10
 -2.2750735680587288E+00 a      1019     0    57     1    11
  2.9644284434430102E+00 a      1020     0    57     1    12
 -4.2306869299374563E+00 a      1021     0    57     1    13
  8.2481817746892372E-01 a      1022     0    57     1    14
  2.4913346664277931E+00 a      1023     0    57     1    15
 -4.1496637547883033E+00 a      1024     0    57     1    16
 -6.6765227130085369E+00 a      1025     0    57     1    17
 -8.8567253579519312E-01 a      1026     0    57     1    18
  1.6642935316345393E+00 a      1027     0    58     1     1
  1.0705735858438894E+01 a      1028     0    58     1     2
 -6.1243140527707647E+00 a      1029     0    58     1     3
 -2.4984136229761718E+00 a      1030     0    58     1     4
  1.0694110731669037E+01 a      1031     0    58     1     5
  5.4717562870731555E+00 a      1032     0    58     1     6
 -2.9612770313363810E+00 a      1033     0    58     1     7
  5.1160367606642354E-01 a      1034     0    58     1     8
 -3.2003014632583944E+00 a      1035     0    58     1     9
 -1.6970587965460426E+00 a      1036     0    58     1    10
  5.3632505412664608E+00 a      1037     0    58     1    11
  6.0826435189409827E+00 a      1038     0    58     1    12
 -1.1740775897276206E+01 a      1039     0    58     1    13
  1.8978411625806559E+00 a      1040     0    58     1    14
 -3.4189514318698437E+00 a      1041     0    58     1    15
 -7.4043636192221065E+00 a      1042     0    58     1    16
 -5.3920750262475687E+00 a      1043     0    58     1    17
 -5.3683925613088848E+00 a      1044     0    58     1    18
  8.4089655539882666E-02 a      1045     0    59     1     1
 -2.6185339063689175E+00 a      1046     0    59     1     2
 -3.3549663007301032E+00 a      1047     0    59     1     3
  4.4830731616536648E+00 a      1048     0    59     1     4
  1.0974624121926057E+01 a      1049     0    59     1     5
  6.4090079076795474E+00 a      1050     0    59     1     6
  6.3686789951183727E+00 a      1051     0    59     1     7
  3.0829687392465823E+00 a      1052     0    59     1     8
  4.1378388737287306E+00 a      1053     0    59     1     9
 -1.1745869080915490E+01 a      1054     0    59     1    10
 -3.6385711831246761E+00 a      1055     0    59     1    11
 -8.2939463642901199E+00 a      1056     0    59     1    12
 -1.9451304352093175E+00 a      1057     0    59     1    13
 -7.6370203680103046E+00 a      1058     0    59     1    14
  1.4805507269637650E+00 a      1059     0    59     1    15
  8.4017386016276134E+00 a      1060     0    59     1    16
  7.5363191425043032E+00 a      1061     0    59     1    17
  5.8540804150529491E-01 a      1062     0    59     1    18
  1.2947032005480958E+00 a      1063     0    60     1     1
  8.0862675545766383E+00 a      1064     0    60     1     2
  6.8712027263995514E+00 a      1065     0    60     1     3
 -7.8979351755834137E-01 a      1066     0    60     1     4
  7.9651741986362969E+00 a      1067     0    60     1     5
 -1.0206172624729724E+00 a      1068     0    60     1     6
  3.2336292676587230E-01 a      1069     0    60     1     7
  4.2240843592631228E-01 a      1070     0    60     1     8
  5.5613879463487361E+00 a      1071     0    60     1     9
 -1.6202899771843677E+00 a      1072     0    60     1    10
 -1.9115024238867273E+00 a      1073     0    60     1    11
 -2.3641872846819147E+00 a      1074     0    60     1    12
  6.5000680810378144E+00 a      1075     0    60     1    13
  2.1337803804718147E+00 a      1076     0    60     1    14
  4.2573394686501782E+00 a      1077     0    60     1    15
  2.4004170897494164E+00 a      1078     0    60     1    16
 -1.0361540384960910E+00 a      1079     0    60     1    17
 -3.1403259888943227E+00 a      1080     0    60     1    18
  8.0517637344674431E-01 a      1081     0    61     1     1
  1.1127114938798165E+01 a      1082     0    61     1     2
  5.0958186715414344E+00 a      1083     0    61     1     3
  2.7084840787233655E+00 a      1084     0    61     1     4
  8.5051324312527186E+00 a      1085     0    61     1     5
 -1.7274934271607976E+00 a      1086     0    61     1     6
  6.9096686238970531E+00 a      1087     0    61     1     7
 -4.9872511841644531E+00 a      1088     0    61     1     8
  3.4612195118576494E+00 a      1089     0    61     1     9
 -2.2535839759956513E+00 a      1090     0    61     1    10
 -3.3133153966465514E+00 a      1091     0    61     1    11
 -4.4837192376726112E+00 a      1092     0    61     1    12
 -1.0747803152874655E+00 a      1093     0    61     1    13
  1.3375547278144471E+00 a      1094     0    61     1    14
  2.5760088774574625E+00 a      1095     0    61     1    15
  6.4072511053455008E+00 a      1096     0    61     1    16
  6.0831576973332302E+00 a      1097     0    61     1    17
  1.7667037524634308E-01 a      1098     0    61     1    18
 -1.6741274435962450E+00 a      1099     0    62     1     1
  6.6602735645198043E+00 a      1100     0    62     1     2
  3.1404024368597514E+00 a      1101     0    62     1     3
  5.3796706861968442E+00 a      1102     0    62     1     4
  7.9743659361565999E+00 a      1103     0    62     1     5
 -6.4296882325600480E-01 a      1104     0    62     1     6
  6.6084622545813385E+00 a      1105     0    62     1     7
  6.7444614375351843E+00 a      1106     0    62     1     8
 -5.1544034178462699E+00 a      1107     0    62     1     9
 -2.2896115159580255E+00 a      1108     0    62     1    10
 -4.7100350119294454E+00 a      1109     0    62     1    11
 -6.9242372633545068E+00 a      1110     0    62     1    12
 -4.9070273203703696E+00 a      1111     0    62     1    13
  3.3991141851728242E+00 a      1112     0    62     1    14
  4.8787611375434796E+00 a      1113     0    62     1    15
  4.7163792023342657E+00 a      1114     0    62     1    16
  9.2527049540014872E+00 a      1115     0    62     1    17
  5.9871117461522392E+00 a      1116     0    62     1    18
  1.3054006956706237E+00 a      1117     0    63     1     1
  5.2053107777477496E+00 a      1118     0    63     1     2
  1.6288698905023291E+00 a      1119     0    63     1     3
 -1.8140254330646055E+00 a      1120     0    63     1     4
  7.0281923700396494E+00 a      1121     0    63     1     5
 -1.9502877095244071E+00 a      1122     0    63     1     6
 -4.7991849699865896E-01 a      1123     0    63     1     7
 -5.0984422058799030E-02 a      1124     0    63     1     8
  2.1483648585112927E+00 a      1125     0    63     1     9
 -3.7581551863439606E+00 a      1126     0    63     1    10
  1.9173985666195250E+00 a      1127     0    63     1    11
 -7.8673828481804278E-02 a      1128     0    63     1    12
  4.3639577251388237E+00 a      1129     0    63     1    13
  2.0258211671532622E-01 a      1130     0    63     1    14
 -2.8863212972970538E+00 a      1131     0    63     1    15
  1.3729478633071471E-01 a      1132     0    63     1    16
  1.3096218502223362E+00 a      1133     0    63     1    17
 -3.0097173309928835E+00 a      1134     0    63     1    18
 -3.8304393212641354E+00 a      1135     0    64     1     1
  7.1396823919188668E+00 a      1136     0    64     1     2
  1.3049943184874156E+01 a      1137     0    64     1     3
  6.3240087884408354E+00 a      1138     0    64     1     4
  4.7553327413284023E+00 a      1139     0    64     1     5
  6.5410235336277562E+00 a      1140     0    64     1     6
 -2.8248406934066459E+00 a      1141     0    64     1     7
  4.4832463764741198E-01 a      1142     0    64     1     8
  2.2324953006557973E+00 a      1143     0    64     1     9
 -1.6842718413663086E-02 a      1144     0    64     1    10
 -1.2900260454382614E+01 a      1145     0    64     1    11
 -1.3227642869638686E+01 a      1146     0    64     1    12
 -1.9175765935717404E+01 a      1147     0    64     1    13
  3.6837705792244062E+00 a      1148     0    64     1    14
  1.0320936523706736E+01 a      1149     0    64     1    15
 -7.3862980403355287E+00 a      1150     0    64     1    16
 -1.1111290876172623E+01 a      1151     0    64     1    17
  2.4234399225935435E+00 a      1152     0    64     1    18
  3.9752251580791548E-01 b      1153     1     1
  5.4614132673968738E-03 b      1154     1     2
  4.4870081055606970E-01 b      1155     1     3
  1.4838528190082240E-01 b      1156     1     4
  4.0686782386762571E-01 b      1157     1     5
  1.3811494589874601E-01 b      1158     1     6
  8.6734392188480267E-02 b      1159     1     7
 -1.1929228895119277E-01 b      1160     1     8
  2.3653354957287892E-01 b      1161     1     9
  9.3390142068920642E-02 b      1162     1    10
  3.1788419171807464E-01 b      1163     1    11
  1.4608346080007509E-01 b      1164     1    12
  1.2982284078928483E-01 b      1165     1    13
 -2.7956787378525222E-01 b      1166     1    14
 -9.6988396336099944E-02 b      1167     1    15
  5.8616871964196765E-02 b      1168     1    16
  1.3651554030561461E-01 b      1169     1    17
 -1.2014987958793683E-02 b      1170     1    18
 -6.7195141302709116E-01 a      1171     1     1     2     1
  1.0588466504084511E+00 a      1172     1     1     2     2
 -1.9262612825860839E+00 a      1173     1     1     2     3
 -1.8760497013424338E-01 a      1174     1     1     2     4
  1.1796994674835975E-02 a      1175     1     1     2     5
 -3.0017863006585324E+00 a      1176     1     1     2     6
  3.9814340400063519E-01 a      1177     1     1     2     7
  3.3882702689510240E+00 a      1178     1     1     2     8
 -4.0291703544502920E-02 a      1179     1     1     2     9
 -7.7116669466159371E-01 a      1180     1     1     2    10
  4.7933274056864433E-01 a      1181     1     1     2    11
 -1.5827816260617977E-01 a      1182     1     1     2    12
 -7.9664394418900464E-01 a      1183     1     1     2    13
  5.2268170712700590E-01 a      1184     1     1     2    14
 -1.4699271492632446E-01 a      1185     1     1     2    15
  3.3581332990649990E+00 a      1186     1     1     2    16
 -1.7255619708389507E+00 a      1187     1     1     2    17
 -8.5494800708699137E-01 a      1188     1     1     2    18
 -2.2586973418571531E-02 a      1189     1     2     2     1
  1.2318542528444059E+00 a      1190     1     2     2     2
 -2.7492559543777642E+00 a      1191     1     2     2     3
 -2.8689702741606821E-01 a      1192     1     2     2     4
  7.5085524694736072E-01 a      1193     1     2     2     5
 -9.3534658028397510E-01 a      1194     1     2     2     6
 -1.1353675036716676E-01 a      1195     1     2     2     7
  6.4148081579989824E-01 a      1196     1     2     2     8
  1.2134485869603240E+00 a      1197     1     2     2     9
 -1.2687428167488771E-01 a      1198     1     2     2    10
  4.3936662340144511E-01 a      1199     1     2     2    11
 -4.3063327864990814E-01 a      1200     1     2     2    12
 -3.0021126905983542E-01 a      1201     1     2     2    13
  3.4479016675707791E-01 a      1202     1     2     2    14
 -6.3593758180962734E-01 a      1203     1     2     2    15
  1.4472460521709740E-01 a      1204     1     2     2    16
  4.4606785320800291E-01 a      1205     1     2     2    17
 -1.6807534849486727E-01 a      1206     1     2     2    18
 -2.7415768709237098E-01 a      1207     1     3     2     1
  1.0996865217883882E+00 a      1208     1     3     2     2
  5.6687457480632575E-01 a      1209     1     3     2     3
 -3.4157808325763700E-01 a      1210     1     3     2     4
  1.7579863891008640E-01 a      1211     1     3     2     5
  1.3090522758450980E+00 a      1212     1     3     2     6
  1.2398643675970731E+00 a      1213     1     3     2     7
 -4.1521093134591702E-01 a      1214     1     3     2     8
 -2.5488536102332149E-01 a      1215     1     3     2     9
 -2.1842805115923564E-01 a      1216     1     3     2    10
  6.8880787868265858E-01 a      1217     1     3     2    11
  8.1081611805713150E-01 a      1218     1     3     2    12
  2.2540746897046599E-01 a      1219     1     3     2    13
  1.1748867539331961E-01 a      1220     1     3     2    14
  9.8508390449716515E-02 a      1221     1     3     2    15
  1.1402258948581940E+00 a      1222     1     3     2    16
 -1.5674253037445798E-01 a      1223     1     3     2    17
  1.3276434174208679E-01 a      1224     1     3     2    18
 -1.9666676998574717E-02 a      1225     1     4     2     1
 -1.8384592094932167E-01 a      1226     1     4     2     2
  1.3264275753775583E+00 a      1227     1     4     2     3
 -2.8616220202449028E-01 a      1228     1     4     2     4
 -1.0174889342522369E+00 a      1229     1     4     2     5
  3.9316766437333746E+00 a      1230     1     4     2     6
 -1.5137349073931883E-01 a      1231     1     4     2     7
 -1.6823257448293951E+00 a      1232     1     4     2     8
  5.5529252570107712E-01 a      1233     1     4     2     9
  1.5340115999072124E+00 a      1234     1     4     2    10
 -3.7548259757533681E-01 a      1235     1     4     2    11
 -6.7682113279719430E-02 a      1236     1     4     2    12
  7.8927455628928078E-01 a      1237     1     4     2    13
 -1.2604723657930075E-01 a      1238     1     4     2    14
 -3.7821136887024730E-02 a      1239     1     4     2    15
 -3.2679661871303716E+00 a      1240     1     4     2    16
  3.8785616727572575E-01 a      1241     1     4     2    17
  4.2324545397474334E-01 a      1242     1     4     2    18
  4.5408751787289858E-01 a      1243     1     5     2     1
 -5.7636505910339719E-01 a      1244     1     5     2     2
  9.6536716295219249E-01 a      1245     1     5     2     3
  3.3899921115794590E-01 a      1246     1     5     2     4
 -2.5804498309288171E-01 a      1247     1     5     2     5
 -5.0545828398273249E-02 a      1248     1     5     2     6
  2.5318718395177769E-01 a      1249     1     5     2     7
 -9.2207866856456533E-01 a      1250     1     5     2     8
 -5.1223136389478630E-01 a      1251     1     5     2     9
  2.6424628366357766E-01 a      1252     1     5     2    10
 -3.2042433088717082E-01 a      1253     1     5     2    11
  1.8338403404417608E-01 a      1254     1     5     2    12
  9.5145061423654226E-02 a      1255     1     5     2    13
  9.2756648131892594E-01 a      1256     1     5     2    14
  6.1905373350758530E-01 a      1257     1     5     2    15
  6.6327312755578738E-01 a      1258     1     5     2    16
 -1.1775423495888702E-01 a      1259     1     5     2    17
  4.1848522444783204E-01 a      1260     1     5     2    18
  6.1621080339510725E-01 a      1261     1     6     2     1
  2.5986881095148118E-01 a      1262     1     6     2     2
 -2.2066849490363651E+00 a      1263     1     6     2     3
  5.8722470650084380E-01 a      1264     1     6     2     4
  5.4060022773907723E-01 a      1265     1     6     2     5
  3.2296645037100108E-01 a      1266     1     6     2     6
  9.5777692523205016E-01 a      1267     1     6     2     7
 -1.0831224209209722E+00 a      1268     1     6     2     8
 -3.4440970195919668E-01 a      1269     1     6     2     9
  4.4309840582482628E-02 a      1270     1     6     2    10
 -1.0037827254467967E-02 a      1271     1     6     2    11
 -3.5136417897735778E-01 a      1272     1     6     2    12
 -5.8418321461009182E-01 a      1273     1     6     2    13
  5.2331888293654438E-01 a      1274     1     6     2    14
 -7.9787343081022233E-01 a      1275     1     6     2    15
  4.9013535482321330E-01 a      1276     1     6     2    16
  8.7289198085158659E-01 a      1277     1     6     2    17
 -3.7182898771480888E-01 a      1278     1     6     2    18
  3.9536466160126899E-01 a      1279     1     7     2     1
  6.2745382813754713E-01 a      1280     1     7     2     2
  2.5079225021387459E+00 a      1281     1     7     2     3
  1.3272458261429285E-01 a      1282     1     7     2     4
 -2.7635177294467528E-01 a      1283     1     7     2     5
  2.3128790124232870E+00 a      1284     1     7     2     6
 -1.3154359483789164E+00 a      1285     1     7     2     7
  2.1738159318481629E+00 a      1286     1     7     2     8
  9.7293474286429649E-02 a      1287     1     7     2     9
  1.1904373885760831E+00 a      1288     1     7     2    10
  6.1605221347729899E-01 a      1289     1     7     2    11
  5.6618833752455844E-01 a      1290     1     7     2    12
 -4.1412069725090489E-01 a      1291     1     7     2    13
  2.6236349491917033E-01 a      1292     1     7     2    14
  1.5816648986615325E-01 a      1293     1     7     2    15
 -8.5792951365916970E-02 a      1294     1     7     2    16
  8.7553771388558377E-01 a      1295     1     7     2    17
 -6.0833455821707982E-01 a      1296     1     7     2    18
  1.5609651070637681E-01 a      1297     1     8     2     1
  5.9046580295044337E-01 a      1298     1     8     2     2
 -5.5708406407980160E-01 a      1299     1     8     2     3
 -3.3263239851393184E-01 a      1300     1     8     2     4
  2.4501157079524835E-01 a      1301     1     8     2     5
  7.9204074164624338E-01 a      1302     1     8     2     6
  5.7660183570270562E-01 a      1303     1     8     2     7
  1.2653151066349337E+00 a      1304     1     8     2     8
  6.6032391083097652E-01 a      1305     1     8     2     9
 -7.6670869472693560E-05 a      1306     1     8     2    10
  1.3508506985789731E-01 a      1307     1     8     2    11
  3.2016442240423888E-02 a      1308     1     8     2    12
  9.2938839804085044E-02 a      1309     1     8     2    13
  1.6834942976037437E-01 a      1310     1     8     2    14
 -4.8052975102342504E-01 a      1311     1     8     2    15
  1.4813956008736375E+00 a      1312     1     8     2    16
  7.0870007483485667E-02 a      1313     1     8     2    17
 -2.2921753031194145E-01 a      1314     1     8     2    18
  5.9353740554857704E-01 a      1315     1     9     2     1
 -5.0403929705980656E-02 a      1316     1     9     2     2
  3.9188254793872279E-01 a      1317     1     9     2     3
 -1.1934792832793146E+00 a      1318     1     9     2     4
 -8.2912553878105766E-01 a      1319     1     9     2     5
  1.6296464125501464E+00 a      1320     1     9     2     6
 -3.6749642085187517E-01 a      1321     1     9     2     7
 -8.7106941572781871E-01 a      1322     1     9     2     8
  6.9803159708334015E-03 a      1323     1     9     2     9
  7.4008509162573599E-01 a      1324     1     9     2    10
  6.8126882577262138E-01 a      1325     1     9     2    11
  1.2066690675906324E+00 a      1326     1     9     2    12
  5.8777022938785806E-01 a      1327     1     9     2    13
  7.0766288519574649E-01 a      1328     1     9     2    14
  1.6418905311351581E-01 a      1329     1     9     2    15
  4.6293922417084638E-01 a      1330     1     9     2    16
 -5.9483969136386705E-01 a      1331     1     9     2    17
 -6.5515970732887389E-03 a      1332     1     9     2    18
 -9.0187901694468897E-01 a      1333     1    10     2     1
  1.2391842409112111E-01 a      1334     1    10     2     2
  1.8148647769448591E+00 a      1335     1    10     2     3
 -1.7515595807970935E-01 a      1336     1    10     2     4
  1.0937778473496165E+00 a      1337     1    10     2     5
 -2.0295505124373987E+00 a      1338     1    10     2     6
 -1.0168620019686232E-02 a      1339     1    10     2     7
  7.1609021776752413E-01 a      1340     1    10     2     8
 -2.5942836717910436E-02 a      1341     1    10     2     9
  3.1002892909875068E-01 a      1342     1    10     2    10
 -1.3379640611823743E-01 a      1343     1    10     2    11
 -5.0160290580139000E-01 a      1344     1    10     2    12
 -8.6247543865685714E-02 a      1345     1    10     2    13
 -1.4040967579137142E+00 a      1346     1    10     2    14
 -5.6125677725794776E-01 a      1347     1    10     2    15
 -1.4743883097087094E+00 a      1348     1    10     2    16
 -8.1485237423702950E-01 a      1349     1    10     2    17
  4.3370530590454714E-01 a      1350     1    10     2    18
  1.1063331329100947E+00 a      1351     1    11     2     1
  4.0186579365531896E-02 a      1352     1    11     2     2
 -1.0274432141817819E-01 a      1353     1    11     2     3
  1.7919476850873292E-01 a      1354     1    11     2     4
 -1.9613575438177802E-03 a      1355     1    11     2     5
 -1.4963341005540909E+00 a      1356     1    11     2     6
 -2.9625132478206878E-01 a      1357     1    11     2     7
 -2.0658141257836640E+00 a      1358     1    11     2     8
 -7.5920111649711997E-01 a      1359     1    11     2     9
  1.8667381308930642E+00 a      1360     1    11     2    10
  2.5376883218406115E-01 a      1361     1    11     2    11
  3.5236996006706062E-01 a      1362     1    11     2    12
  3.5794844047714452E-01 a      1363     1    11     2    13
  6.8003388398699616E-01 a      1364     1    11     2    14
 -7.7279148094591388E-01 a      1365     1    11     2    15
  7.4357321356428341E-01 a      1366     1    11     2    16
  8.5474163454628727E-01 a      1367     1    11     2    17
  5.3024957264046202E-01 a      1368     1    11     2    18
 -8.0123467424068484E-01 a      1369     1    12     2     1
 -3.2460101723466896E-02 a      1370     1    12     2     2
 -1.4603949155195168E+00 a      1371     1    12     2     3
  5.3949016332175170E-01 a      1372     1    12     2     4
 -1.4938357081555103E+00 a      1373     1    12     2     5
  2.3275044463121008E+00 a      1374     1    12     2     6
 -7.1949329632384995E-01 a      1375     1    12     2     7
  2.3384032083676556E+00 a      1376     1    12     2     8
  3.8136299194464579E-01 a      1377     1    12     2     9
  1.1393387535724355E+00 a      1378     1    12     2    10
  2.5050599624378861E-01 a      1379     1    12     2    11
  7.5251920898597624E-01 a      1380     1    12     2    12
 -2.7165253732688804E-01 a      1381     1    12     2    13
 -3.1214003882821034E-01 a      1382     1    12     2    14
 -1.6415183069747508E+00 a      1383     1    12     2    15
  2.7127700161735371E+00 a      1384     1    12     2    16
 -7.3804666108340222E-01 a      1385     1    12     2    17
 -7.4226506020338545E-01 a      1386     1    12     2    18
 -1.7898836685615371E-01 a      1387     1    13     2     1
  5.9616177818671656E-01 a      1388     1    13     2     2
  1.9953900761046406E-01 a      1389     1    13     2     3
 -5.0749691150841117E-02 a      1390     1    13     2     4
  7.1592016989066753E-01 a      1391     1    13     2     5
  1.4650285724605319E+00 a      1392     1    13     2     6
 -3.6518751456123438E-01 a      1393     1    13     2     7
  9.9637028293969609E-01 a      1394     1    13     2     8
  4.7756837205732738E-01 a      1395     1    13     2     9
 -1.3780156719871537E-02 a      1396     1    13     2    10
  1.6870261081703392E-01 a      1397     1    13     2    11
 -3.6733677676141371E-02 a      1398     1    13     2    12
 -1.6570555035737036E-02 a      1399     1    13     2    13
 -5.7469194548975075E-02 a      1400     1    13     2    14
 -1.3984289836748034E-01 a      1401     1    13     2    15
 -2.2330399810984627E-01 a      1402     1    13     2    16
  6.8769016942775030E-01 a      1403     1    13     2    17
  7.5887442397618177E-01 a      1404     1    13     2    18
  3.2284386353997568E-01 a      1405     1    14     2     1
 -5.1442562285372873E-01 a      1406     1    14     2     2
  5.1846461349214046E+00 a      1407     1    14     2     3
  6.2252157952686160E-01 a      1408     1    14     2     4
 -2.4338090800184751E+00 a      1409     1    14     2     5
  2.4651088008656061E+00 a      1410     1    14     2     6
  6.1017143475114943E-01 a      1411     1    14     2     7
 -4.6626389313985883E-01 a      1412     1    14     2     8
 -1.8527397289276260E+00 a      1413     1    14     2     9
  2.5831222816877015E+00 a      1414     1    14     2    10
 -1.7454305293694669E-01 a      1415     1    14     2    11
  3.6083788515931525E-01 a      1416     1    14     2    12
 -1.8919285202050892E-01 a      1417     1    14     2    13
  4.5426781243052272E-01 a      1418     1    14     2    14
  3.9894619548129140E-01 a      1419     1    14     2    15
 -1.6469954930530291E+00 a      1420     1    14     2    16
 -3.1140810675593494E-01 a      1421     1    14     2    17
 -1.1769025353460996E+00 a      1422     1    14     2    18
  3.0195459716432477E-01 a      1423     1    15     2     1
 -4.1325038886203071E-02 a      1424     1    15     2     2
 -1.7882291848442629E+00 a      1425     1    15     2     3
  6.8107974588124565E-02 a      1426     1    15     2     4
  1.4079694239925491E+00 a      1427     1    15     2     5
  7.1102695560710028E-01 a      1428     1    15     2     6
 -9.3189385700674654E-01 a      1429     1    15     2     7
  4.8604783539148638E-01 a      1430     1    15     2     8
 -7.3611324650833998E-01 a      1431     1    15     2     9
  3.8863662295380225E-01 a      1432     1    15     2    10
  6.4473900224869665E-02 a      1433     1    15     2    11
  1.5620457491994738E-01 a      1434     1    15     2    12
  7.2179404487876684E-03 a      1435     1    15     2    13
  6.5972202390929019E-02 a      1436     1    15     2    14
  3.5314474541523633E-01 a      1437     1    15     2    15
  1.5726398200201357E+00 a      1438     1    15     2    16
 -6.6054248773728796E-01 a      1439     1    15     2    17
  3.8347676627933419E-01 a      1440     1    15     2    18
  9.7460772776891480E-01 a      1441     1    16     2     1
 -1.0652870617610417E+00 a      1442     1    16     2     2
  3.4529935808111417E-01 a      1443     1    16     2     3
  7.5850994110848369E-01 a      1444     1    16     2     4
 -7.4641662602265513E-01 a      1445     1    16     2     5
 -1.6912759122787187E+00 a      1446     1    16     2     6
  1.4313832106318654E+00 a      1447     1    16     2     7
  2.9970200229855685E-02 a      1448     1    16     2     8
 -1.0535230746616713E+00 a      1449     1    16     2     9
 -1.0883692343638938E+00 a      1450     1    16     2    10
 -4.4137576317587501E-01 a      1451     1    16     2    11
 -5.9416451219216104E-01 a      1452     1    16     2    12
 -3.7639282030106425E-01 a      1453     1    16     2    13
 -6.4711643609733360E-01 a      1454     1    16     2    14
 -5.4470060376945173E-01 a      1455     1    16     2    15
 -5.1553517092960943E-01 a      1456     1    16     2    16
  7.6293282180991040E-01 a      1457     1    16     2    17
 -8.6210499347063219E-01 a      1458     1    16     2    18
 -3.4504131668027660E-01 a      1459     1    17     2     1
 -2.0936373753455387E-01 a      1460     1    17     2     2
 -1.2075676994366744E+00 a      1461     1    17     2     3
 -3.4428558349758503E-01 a      1462     1    17     2     4
  6.1061892935693751E-01 a      1463     1    17     2     5
 -8.3563658006729502E-01 a      1464     1    17     2     6
  3.9058702218309022E-01 a      1465     1    17     2     7
 -1.1509558218078060E+00 a      1466     1    17     2     8
 -3.2061704104502231E-01 a      1467     1    17     2     9
 -2.5627376382405448E-01 a      1468     1    17     2    10
 -1.9409930604667092E-01 a      1469     1    17     2    11
 -2.5797222622618116E-01 a      1470     1    17     2    12
  1.5094811264130714E-01 a      1471     1    17     2    13
 -3.0285885834058884E-01 a      1472     1    17     2    14
 -6.5784603162008265E-02 a      1473     1    17     2    15
 -3.9154517205047146E-01 a      1474     1    17     2    16
 -8.4398312991099422E-01 a      1475     1    17     2    17
  5.0115147308958974E-01 a      1476     1    17     2    18
  1.1592921773963032E-01 a      1477     1    18     2     1
  3.6197018047867052E-01 a      1478     1    18     2     2
 -1.8839437620315698E+00 a      1479     1    18     2     3
 -2.3061357233159552E-01 a      1480     1    18     2     4
  4.6517475693684679E-01 a      1481     1    18     2     5
  2.4587608041619963E-01 a      1482     1    18     2     6
 -9.4849175535856767E-01 a      1483     1    18     2     7
 -2.2653294675660804E+00 a      1484     1    18     2     8
  5.5252701166665663E-01 a      1485     1    18     2     9
 -8.6825718580530054E-01 a      1486     1    18     2    10
  1.7076011574595176E-01 a      1487     1    18     2    11
 -1.9313477581917418E-01 a      1488     1    18     2    12
 -7.7957684738498068E-01 a      1489     1    18     2    13
  5.9648073746251695E-01 a      1490     1    18     2    14
 -1.4553302494826870E-01 a      1491     1    18     2    15
  2.0730280325694311E-01 a      1492     1    18     2    16
  3.6968328115047322E-01 a      1493     1    18     2    17
  1.5908178124320820E+00 a      1494     1    18     2    18
 -5.6648258995808443E-01 b      1495     2     1
  2.4369207238533662E-02 b      1496     2     2
 -1.1744558337511863E+00 b      1497     2     3
 -7.3969769411711273E-01 b      1498     2     4
  1.4557589460751199E+00 b      1499     2     5
 -9.8745646618232408E-01 b      1500     2     6
  1.2120855243707933E+00 b      1501     2     7
 -7.0233407326439401E-02 b      1502     2     8
 -3.6058730765988795E-01 b      1503     2     9
 -3.5252484677989111E+00 b      1504     2    10
 -6.4229662956039413E-01 b      1505     2    11
 -3.5107882506290977E-01 b      1506     2    12
  1.7634388630747036E-01 b      1507     2    13
 -1.1765925629778562E+00 b      1508     2    14
  2.4017574368903560E-01 b      1509     2    15
 -3.0445265424426693E+00 b      1510     2    16
  1.6167979868481544E-01 b      1511     2    17
 -7.9690692191469403E-01 b      1512     2    18
 -2.0450242655977968E-01 a      1513     2     1     3     1
 -4.0483576642716046E-01 a      1514     2     2     3     1
 -2.2365251577828968E-02 a      1515     2     3     3     1
 -1.9547602154302887E-01 a      1516     2     4     3     1
  8.9811103133454681E-02 a      1517     2     5     3     1
  4.3232882113786342E-02 a      1518     2     6     3     1
  5.3604278715511447E-02 a      1519     2     7     3     1
 -1.7254565923500609E-02 a      1520     2     8     3     1
  4.0718364566073845E-01 a      1521     2     9     3     1
  3.3870264183179594E-02 a      1522     2    10     3     1
  6.9382999241821253E-01 a      1523     2    11     3     1
 -4.3915398226669938E-01 a      1524     2    12     3     1
  3.8857610731243447E-01 a      1525     2    13     3     1
  1.2079549072069790E-01 a      1526     2    14     3     1
  3.5002957835875365E-01 a      1527     2    15     3     1
  3.4149485741309001E-02 a      1528     2    16     3     1
  1.5190371077496906E-01 a      1529     2    17     3     1
 -1.3323811357672924E-01 a      1530     2    18     3     1
  2.5055787932116061E-02 b      1531     3     1
