################################################################################
# Neural network connection values (weights and biases).
################################################################################
# Col  Name       Description
################################################################################
# 1    connection Neural network connection value.
# 2    t          Connection type (a = weight, b = bias).
# 3    index      Index enumerating weights.
# 4    l_s        Starting point layer (end point layer for biases).
# 5    n_s        Starting point neuron in starting layer (end point neuron for biases).
# 6    l_e        End point layer.
# 7    n_e        End point neuron in end layer.
################################################################################
#                      1 2         3     4     5     6     7
#             connection t     index   l_s   n_s   l_e   n_e
############################################################
 -7.5454965445945312E+00 a         1     0     1     1     1
 -1.2414882614378106E+01 a         2     0     1     1     2
 -1.9134857914441414E-01 a         3     0     1     1     3
 -7.4797177391629077E+00 a         4     0     1     1     4
  1.8023918959919947E+00 a         5     0     1     1     5
  1.4128509785711852E+01 a         6     0     1     1     6
 -6.8769797321638992E-01 a         7     0     1     1     7
 -2.3160496312046122E+00 a         8     0     1     1     8
  1.2975886836133030E+00 a         9     0     1     1     9
 -3.4618052526067165E+00 a        10     0     1     1    10
 -8.3348824807368249E+00 a        11     0     1     1    11
 -1.3027071050211603E+00 a        12     0     1     1    12
  2.3179951395963627E+01 a        13     0     1     1    13
  5.4750285202822448E+00 a        14     0     1     1    14
  1.4115707192470273E+01 a        15     0     1     1    15
  8.9510483669756606E+00 a        16     0     1     1    16
 -1.9770176419436122E+01 a        17     0     1     1    17
  3.2714728834334261E+00 a        18     0     1     1    18
 -5.5064061275388294E+00 a        19     0     2     1     1
 -8.2836898669341208E-01 a        20     0     2     1     2
 -7.7868272657648347E+00 a        21     0     2     1     3
 -1.1203873862219700E+01 a        22     0     2     1     4
 -5.9748159912614351E+00 a        23     0     2     1     5
  9.2850058036159862E+00 a        24     0     2     1     6
  1.4859992909305229E+00 a        25     0     2     1     7
  4.0203483897332709E-01 a        26     0     2     1     8
 -6.1581133577500635E+00 a        27     0     2     1     9
  4.4034352799949890E+00 a        28     0     2     1    10
 -4.2731458370548125E+00 a        29     0     2     1    11
 -7.4907568124693102E-01 a        30     0     2     1    12
  4.3306737343864317E+00 a        31     0     2     1    13
  5.6820279879029956E+00 a        32     0     2     1    14
  3.0944444087996392E+00 a        33     0     2     1    15
 -4.6848082729930081E+00 a        34     0     2     1    16
  1.0142829473768209E+00 a        35     0     2     1    17
  1.3723290443255545E+00 a        36     0     2     1    18
  5.8674536124645229E+00 a        37     0     3     1     1
  9.0661016250015720E+00 a        38     0     3     1     2
  3.6377719118550726E+00 a        39     0     3     1     3
 -2.1614615802803514E+00 a        40     0     3     1     4
  7.8533989961961961E+00 a        41     0     3     1     5
  5.4442076727661277E+00 a        42     0     3     1     6
  1.1092532268297934E+00 a        43     0     3     1     7
  1.6702556199837626E+00 a        44     0     3     1     8
  5.2461878015656369E+00 a        45     0     3     1     9
 -7.1698437934071855E+00 a        46     0     3     1    10
 -8.3667511926824911E+00 a        47     0     3     1    11
 -2.2182787383929652E+00 a        48     0     3     1    12
  4.2501108307795050E+00 a        49     0     3     1    13
  4.5434835929246296E+00 a        50     0     3     1    14
 -2.6765062226089262E+00 a        51     0     3     1    15
  7.4977953120349916E+00 a        52     0     3     1    16
  7.0608517887068956E-01 a        53     0     3     1    17
 -5.2226703118284527E-02 a        54     0     3     1    18
  9.8881767093557915E+00 a        55     0     4     1     1
  1.0266163112059900E+01 a        56     0     4     1     2
  2.7443022796022544E-02 a        57     0     4     1     3
  6.9357931417884346E+00 a        58     0     4     1     4
  1.0056712734393121E+00 a        59     0     4     1     5
 -9.3762170742928266E+00 a        60     0     4     1     6
 -1.5846480296834258E+00 a        61     0     4     1     7
 -1.0728867570442369E+00 a        62     0     4     1     8
 -1.5618347938925901E+00 a        63     0     4     1     9
  2.6900920285361809E+00 a        64     0     4     1    10
  8.2910719821845742E+00 a        65     0     4     1    11
 -2.5270764987057942E-01 a        66     0     4     1    12
 -2.2063354349223427E+01 a        67     0     4     1    13
 -5.9655214577225699E+00 a        68     0     4     1    14
 -1.4380873850895895E+01 a        69     0     4     1    15
 -6.2921473565287691E+00 a        70     0     4     1    16
  1.4822169548487457E+01 a        71     0     4     1    17
 -3.3362741455275109E+00 a        72     0     4     1    18
  6.7457981438871055E+00 a        73     0     5     1     1
 -4.8572386319333614E+00 a        74     0     5     1     2
  4.8013624915751469E+00 a        75     0     5     1     3
  7.7084852723341299E+00 a        76     0     5     1     4
  1.2700523948687141E+00 a        77     0     5     1     5
 -8.5018611542303013E+00 a        78     0     5     1     6
 -9.0975197481186516E+00 a        79     0     5     1     7
  2.8650315103046591E+00 a        80     0     5     1     8
  7.8276299326845953E+00 a        81     0     5     1     9
 -6.2081388490511324E+00 a        82     0     5     1    10
  9.0079561634473588E+00 a        83     0     5     1    11
  1.8169933962758440E+00 a        84     0     5     1    12
 -9.0856364075911600E+00 a        85     0     5     1    13
 -7.3806584122984953E+00 a        86     0     5     1    14
 -1.0015825435854659E+01 a        87     0     5     1    15
  5.9582315934872554E-01 a        88     0     5     1    16
 -8.1748983796478214E+00 a        89     0     5     1    17
 -5.0841319008560788E+00 a        90     0     5     1    18
 -3.3296044418065485E+00 a        91     0     6     1     1
 -1.3768806870847723E+00 a        92     0     6     1     2
 -1.2301613385834793E+00 a        93     0     6     1     3
 -2.7380610492935906E+00 a        94     0     6     1     4
 -2.0861457935197762E+00 a        95     0     6     1     5
  8.9640190770026873E-01 a        96     0     6     1     6
  1.0708992963152275E+00 a        97     0     6     1     7
  8.3468050717886955E-01 a        98     0     6     1     8
 -3.0013969309588046E-01 a        99     0     6     1     9
 -1.6135650931712364E-01 a       100     0     6     1    10
 -8.3958386765849846E-01 a       101     0     6     1    11
  2.0484908808144991E-01 a       102     0     6     1    12
  2.6770331388273005E+00 a       103     0     6     1    13
  8.4688654717906320E-01 a       104     0     6     1    14
  1.8380335316001872E+00 a       105     0     6     1    15
 -1.2230238547480135E+00 a       106     0     6     1    16
 -1.9560973559314674E+00 a       107     0     6     1    17
  5.0550288533046317E-01 a       108     0     6     1    18
 -1.4527606823045860E+00 a       109     0     7     1     1
 -3.1659581682543245E+00 a       110     0     7     1     2
 -6.0699305282550742E-01 a       111     0     7     1     3
  2.7497951609137967E+00 a       112     0     7     1     4
 -1.5959780183258923E+00 a       113     0     7     1     5
 -1.4844544722995345E+00 a       114     0     7     1     6
 -3.4927023925157036E-02 a       115     0     7     1     7
 -4.6666235736921546E-01 a       116     0     7     1     8
 -2.5416270968481971E+00 a       117     0     7     1     9
  3.1387483299989610E-01 a       118     0     7     1    10
  2.8397375144058974E+00 a       119     0     7     1    11
  3.7870052546423401E-02 a       120     0     7     1    12
 -2.2593885480793818E+00 a       121     0     7     1    13
 -2.1287185707692373E+00 a       122     0     7     1    14
  3.0920823090170062E+00 a       123     0     7     1    15
 -3.7540251849150557E+00 a       124     0     7     1    16
 -3.1637923758501332E+00 a       125     0     7     1    17
 -1.9016671343592431E+00 a       126     0     7     1    18
 -6.4445692984617162E+00 a       127     0     8     1     1
  6.0895166437170989E+00 a       128     0     8     1     2
 -3.0468184275294021E+00 a       129     0     8     1     3
 -3.4824731069184822E+00 a       130     0     8     1     4
 -2.8638270605062432E+00 a       131     0     8     1     5
  7.3440437487560253E+00 a       132     0     8     1     6
  5.9388577034391181E+00 a       133     0     8     1     7
 -2.6277787334354890E+00 a       134     0     8     1     8
 -2.8610396328636618E+00 a       135     0     8     1     9
  8.2228275313542323E+00 a       136     0     8     1    10
 -5.8051787775981483E+00 a       137     0     8     1    11
 -4.0655012929479484E-01 a       138     0     8     1    12
  4.5695557490579715E+00 a       139     0     8     1    13
  1.5425144832116549E+00 a       140     0     8     1    14
  8.0481025645068218E+00 a       141     0     8     1    15
 -6.3733966220814819E+00 a       142     0     8     1    16
  2.7907762045659346E+00 a       143     0     8     1    17
 -6.9453051155213219E-02 a       144     0     8     1    18
 -1.4752477766635465E+01 a       145     0     9     1     1
 -1.2077279753712404E+00 a       146     0     9     1     2
  3.3211502232844268E+01 a       147     0     9     1     3
  2.7999077595936232E+01 a       148     0     9     1     4
 -4.6114091644173634E+00 a       149     0     9     1     5
 -1.7909076062815576E+01 a       150     0     9     1     6
 -5.1577039087420911E+00 a       151     0     9     1     7
  1.5769490617328952E+01 a       152     0     9     1     8
 -4.5820790785880687E+00 a       153     0     9     1     9
 -1.1155876245692070E+01 a       154     0     9     1    10
  8.4490607697560858E+00 a       155     0     9     1    11
  3.1734152012926074E+01 a       156     0     9     1    12
 -1.5534712790615281E+01 a       157     0     9     1    13
 -2.7094435903020284E+00 a       158     0     9     1    14
  5.4568511197560516E+00 a       159     0     9     1    15
 -1.4970217210500097E+01 a       160     0     9     1    16
  4.4632478170951702E+00 a       161     0     9     1    17
 -8.9233391047742376E+00 a       162     0     9     1    18
  1.5223645145929575E+01 a       163     0    10     1     1
 -2.7249539488372509E+01 a       164     0    10     1     2
  5.4455770046863144E+01 a       165     0    10     1     3
  3.7177234515258235E+01 a       166     0    10     1     4
  1.7316705192307307E+01 a       167     0    10     1     5
 -1.3618455293045452E+01 a       168     0    10     1     6
  1.1720139532708725E+01 a       169     0    10     1     7
 -2.9833606579250450E+01 a       170     0    10     1     8
  1.0104452713947721E+01 a       171     0    10     1     9
 -3.6890477298386877E+01 a       172     0    10     1    10
  2.2547678102114730E+01 a       173     0    10     1    11
 -3.7205338404632808E+00 a       174     0    10     1    12
  1.2174948690753062E+00 a       175     0    10     1    13
 -1.7602311637192649E+01 a       176     0    10     1    14
  1.2492428094200818E+01 a       177     0    10     1    15
  2.5871683204581448E+01 a       178     0    10     1    16
  2.4392693527334188E+01 a       179     0    10     1    17
  1.7256311016124073E+01 a       180     0    10     1    18
 -1.8084859188616868E+01 a       181     0    11     1     1
  1.7279165954252782E+01 a       182     0    11     1     2
  1.6689942236143992E+01 a       183     0    11     1     3
 -1.2258448160647406E+01 a       184     0    11     1     4
 -1.9582335294682082E+01 a       185     0    11     1     5
 -2.3837165700029615E+01 a       186     0    11     1     6
 -4.4719593112582714E+01 a       187     0    11     1     7
 -8.4941528093713394E+00 a       188     0    11     1     8
 -3.9999962371523337E+00 a       189     0    11     1     9
  5.9475705906266334E+01 a       190     0    11     1    10
  5.0830747984838482E+01 a       191     0    11     1    11
 -1.6017460181586792E+01 a       192     0    11     1    12
  4.4883573663650944E+00 a       193     0    11     1    13
  1.3499548773637885E+01 a       194     0    11     1    14
  1.5413877614116888E+01 a       195     0    11     1    15
 -4.1585577525375816E+00 a       196     0    11     1    16
  3.4279357810590279E+00 a       197     0    11     1    17
  5.4007222029046851E+01 a       198     0    11     1    18
 -3.5814220063087554E+01 a       199     0    12     1     1
 -5.5072636823298176E+00 a       200     0    12     1     2
  4.7230926895704233E+00 a       201     0    12     1     3
  4.4784271530285842E+01 a       202     0    12     1     4
  4.9057300395268761E+00 a       203     0    12     1     5
  5.4522508697503076E+00 a       204     0    12     1     6
 -1.0136497887302749E+01 a       205     0    12     1     7
 -5.9117833111167750E-01 a       206     0    12     1     8
 -3.3448502926521599E+01 a       207     0    12     1     9
  9.3937035277978591E+00 a       208     0    12     1    10
  1.6668077313574148E+01 a       209     0    12     1    11
  7.9520831859271401E-01 a       210     0    12     1    12
 -6.8744781630380318E+00 a       211     0    12     1    13
  2.0638022753623471E+01 a       212     0    12     1    14
  4.3476469435629845E+01 a       213     0    12     1    15
 -6.7146030968928329E+01 a       214     0    12     1    16
 -1.1939379219516610E+00 a       215     0    12     1    17
 -6.0196646994394690E+01 a       216     0    12     1    18
  1.1363544396991532E+01 a       217     0    13     1     1
 -9.3004897421218118E+00 a       218     0    13     1     2
 -6.2376758856479686E-01 a       219     0    13     1     3
  2.4590167108626172E+01 a       220     0    13     1     4
 -3.3788948565096547E+01 a       221     0    13     1     5
 -1.1217841950903331E+01 a       222     0    13     1     6
  8.9170398119685963E+00 a       223     0    13     1     7
  1.2106051712516885E+01 a       224     0    13     1     8
 -6.2042338176433196E+00 a       225     0    13     1     9
  2.1149012571860855E+01 a       226     0    13     1    10
 -1.2342524055141668E+00 a       227     0    13     1    11
  1.7708509294861667E+01 a       228     0    13     1    12
  7.7837986130611077E+00 a       229     0    13     1    13
 -9.3543202373029288E+00 a       230     0    13     1    14
  2.5707167557842214E+00 a       231     0    13     1    15
 -3.1598122360324066E+00 a       232     0    13     1    16
  5.6162061463544667E+01 a       233     0    13     1    17
  1.7870383989778201E+01 a       234     0    13     1    18
  2.1640052222504012E+00 a       235     0    14     1     1
 -9.7798211659399339E+00 a       236     0    14     1     2
  6.8951295395410748E+00 a       237     0    14     1     3
 -1.1158555248130330E+01 a       238     0    14     1     4
 -7.2024425458663437E+00 a       239     0    14     1     5
  9.3464793878152470E+00 a       240     0    14     1     6
  3.2264044736030861E+00 a       241     0    14     1     7
 -4.3169549857743004E+00 a       242     0    14     1     8
  2.4471162682008614E+00 a       243     0    14     1     9
 -4.2114250294527382E+00 a       244     0    14     1    10
 -7.7334195419011884E+00 a       245     0    14     1    11
 -5.6833295377363067E+00 a       246     0    14     1    12
  6.2648113552909503E+00 a       247     0    14     1    13
  1.6765485914389182E+00 a       248     0    14     1    14
 -1.0956825227609464E+00 a       249     0    14     1    15
  8.0203096473975766E+00 a       250     0    14     1    16
  3.2507713979344435E+00 a       251     0    14     1    17
  1.1281703232482988E+01 a       252     0    14     1    18
 -3.5184600227205749E+01 a       253     0    15     1     1
 -2.7818745463847513E+01 a       254     0    15     1     2
 -2.9017364912477181E+01 a       255     0    15     1     3
  2.1378064390462839E+01 a       256     0    15     1     4
 -2.5266332946327118E+01 a       257     0    15     1     5
 -3.7154701045605528E+01 a       258     0    15     1     6
  9.2293092726141168E+00 a       259     0    15     1     7
 -2.6830321129634033E+01 a       260     0    15     1     8
 -2.0327843805343885E+01 a       261     0    15     1     9
 -6.7065305487800062E+00 a       262     0    15     1    10
  5.0996961323349367E+01 a       263     0    15     1    11
  3.0624138715648058E+01 a       264     0    15     1    12
  2.4683716312095733E+01 a       265     0    15     1    13
 -6.9339964915667958E+00 a       266     0    15     1    14
  3.4842406339236142E+01 a       267     0    15     1    15
 -1.7869941701959426E+01 a       268     0    15     1    16
  5.2829744249953350E+01 a       269     0    15     1    17
 -4.0049758145383230E+01 a       270     0    15     1    18
  2.0667936826952702E+00 a       271     0    16     1     1
 -1.0404389242526171E+00 a       272     0    16     1     2
  1.7728688103296644E+00 a       273     0    16     1     3
  1.6778945627045465E+00 a       274     0    16     1     4
 -2.1402314885053100E+00 a       275     0    16     1     5
  3.4054416539749638E-01 a       276     0    16     1     6
  6.9198194952018321E-01 a       277     0    16     1     7
  3.5999276396157925E-01 a       278     0    16     1     8
  2.6149343770661904E-02 a       279     0    16     1     9
  1.2913090656521781E-01 a       280     0    16     1    10
 -2.3379665722692264E+00 a       281     0    16     1    11
  7.5685593641351578E-01 a       282     0    16     1    12
  1.8519902935987775E+00 a       283     0    16     1    13
  1.3791917853078304E+00 a       284     0    16     1    14
  1.3915123463010399E+00 a       285     0    16     1    15
  7.0810861377328005E-01 a       286     0    16     1    16
  4.6786274680173774E+00 a       287     0    16     1    17
  1.8982909258952672E+00 a       288     0    16     1    18
  1.1275602102837810E+00 a       289     0    17     1     1
 -3.7527831790109625E+00 a       290     0    17     1     2
  4.1068519958958287E+00 a       291     0    17     1     3
 -7.3214977504939487E+00 a       292     0    17     1     4
  6.5518573638385882E-02 a       293     0    17     1     5
  4.5240784860175953E+00 a       294     0    17     1     6
 -2.6833844544237171E+00 a       295     0    17     1     7
  2.1156082847683888E+00 a       296     0    17     1     8
  2.6091082902402922E+00 a       297     0    17     1     9
 -2.4779677379833749E+00 a       298     0    17     1    10
 -5.2001170910086127E+00 a       299     0    17     1    11
 -2.0606654636893618E+00 a       300     0    17     1    12
  5.3468310144264581E+00 a       301     0    17     1    13
  2.2058709144376949E+00 a       302     0    17     1    14
 -1.3151703368932948E+00 a       303     0    17     1    15
  4.2453955014610170E+00 a       304     0    17     1    16
  1.1924749673203854E+00 a       305     0    17     1    17
  3.0961451643906095E+00 a       306     0    17     1    18
 -8.2355955807336354E+00 a       307     0    18     1     1
  1.6815743424286793E+00 a       308     0    18     1     2
 -1.3975548118098173E+00 a       309     0    18     1     3
 -2.3112404921072418E+00 a       310     0    18     1     4
  2.1662531849913944E+00 a       311     0    18     1     5
 -2.1639198762106968E+00 a       312     0    18     1     6
  1.9103754655765209E-01 a       313     0    18     1     7
 -3.8159455998500840E+00 a       314     0    18     1     8
 -6.1001566039146429E+00 a       315     0    18     1     9
 -6.0122764455831001E+00 a       316     0    18     1    10
  5.6552415041292035E+00 a       317     0    18     1    11
  1.5714231460250438E+00 a       318     0    18     1    12
  4.2476604010818084E+00 a       319     0    18     1    13
  3.7281417791223928E+00 a       320     0    18     1    14
  6.5879672366439412E-01 a       321     0    18     1    15
  2.1955784267323579E-02 a       322     0    18     1    16
  1.2397221676922092E+01 a       323     0    18     1    17
 -3.1202447385623433E+00 a       324     0    18     1    18
  4.2603987000155435E+01 a       325     0    19     1     1
  1.7754109682330135E+01 a       326     0    19     1     2
 -6.0722917520775376E+01 a       327     0    19     1     3
 -5.0282939472806511E+01 a       328     0    19     1     4
  2.4650343161573094E+00 a       329     0    19     1     5
  6.7470590317269661E+00 a       330     0    19     1     6
  1.1547144564117415E+01 a       331     0    19     1     7
 -2.2685866159585057E+01 a       332     0    19     1     8
  2.2554668989664606E+01 a       333     0    19     1     9
  3.2969018472674925E+01 a       334     0    19     1    10
  2.5884665749146154E+00 a       335     0    19     1    11
 -7.4135206614632679E+01 a       336     0    19     1    12
  9.4668632449419210E+00 a       337     0    19     1    13
 -9.0774819066251951E+00 a       338     0    19     1    14
 -2.1380618504774365E+01 a       339     0    19     1    15
  2.1397722382482364E+01 a       340     0    19     1    16
  1.4572171325138250E+01 a       341     0    19     1    17
  4.3862504452424798E+00 a       342     0    19     1    18
 -2.0819411139572530E+01 a       343     0    20     1     1
  7.7807591878489234E+01 a       344     0    20     1     2
 -9.7737900469613862E+01 a       345     0    20     1     3
 -5.4764498823675353E+01 a       346     0    20     1     4
 -1.3937002524395860E+01 a       347     0    20     1     5
  1.3791929857901406E+00 a       348     0    20     1     6
 -3.5065971121018947E+01 a       349     0    20     1     7
  8.3805365643131537E+01 a       350     0    20     1     8
  1.8507718699612736E+00 a       351     0    20     1     9
  8.4084552134619003E+01 a       352     0    20     1    10
 -3.0949676128805123E+01 a       353     0    20     1    11
  1.0796531217911564E+01 a       354     0    20     1    12
 -1.4219949931727912E+01 a       355     0    20     1    13
  2.0617062194920621E+01 a       356     0    20     1    14
 -2.8956049323893627E+01 a       357     0    20     1    15
 -4.9635108930117987E+01 a       358     0    20     1    16
 -5.6030979021723198E+01 a       359     0    20     1    17
 -5.9774117557961212E+01 a       360     0    20     1    18
  2.5117491745690238E+01 a       361     0    21     1     1
 -6.5656319654116643E+01 a       362     0    21     1     2
 -4.4305696456468119E+01 a       363     0    21     1     3
  4.2975335206038885E+01 a       364     0    21     1     4
  2.2437792821901905E+01 a       365     0    21     1     5
  3.8192692618732757E+01 a       366     0    21     1     6
  9.5366378815827204E+01 a       367     0    21     1     7
  2.5650149952357495E+01 a       368     0    21     1     8
  2.3672528958845976E-01 a       369     0    21     1     9
 -1.1463687221468528E+02 a       370     0    21     1    10
 -8.3815987094977260E+01 a       371     0    21     1    11
  4.9974178895591336E+01 a       372     0    21     1    12
 -3.8601352314821703E+01 a       373     0    21     1    13
 -5.1490071812641325E+01 a       374     0    21     1    14
 -2.3962646058058407E+01 a       375     0    21     1    15
 -1.8372362060569195E+01 a       376     0    21     1    16
 -2.4016500168811721E+00 a       377     0    21     1    17
 -1.4391503099409420E+02 a       378     0    21     1    18
 -2.3163753893312087E+01 a       379     0    22     1     1
 -4.4726110944364530E+00 a       380     0    22     1     2
  2.2188984473408510E+01 a       381     0    22     1     3
  8.6614187832900384E+00 a       382     0    22     1     4
  1.0002503452417791E+01 a       383     0    22     1     5
 -2.4629412150917585E+00 a       384     0    22     1     6
 -8.3011698591856042E+00 a       385     0    22     1     7
  6.9398252171555761E+00 a       386     0    22     1     8
 -7.5551019796131502E+00 a       387     0    22     1     9
 -2.0786385331507020E+01 a       388     0    22     1    10
  2.9151101474963870E+00 a       389     0    22     1    11
  2.3125480500143123E+01 a       390     0    22     1    12
 -7.8924568993580158E+00 a       391     0    22     1    13
  4.5650393790664836E+00 a       392     0    22     1    14
  3.6523513475604470E+00 a       393     0    22     1    15
 -9.8192238887754879E+00 a       394     0    22     1    16
 -2.5681018179362951E+01 a       395     0    22     1    17
 -1.0169306858536023E+01 a       396     0    22     1    18
  4.7247983873269732E+01 a       397     0    23     1     1
 -2.1232212076488494E+01 a       398     0    23     1     2
  2.8268259820293210E+01 a       399     0    23     1     3
 -1.5578066924680661E+01 a       400     0    23     1     4
  2.8950358970093926E+00 a       401     0    23     1     5
 -1.7422789290345769E+01 a       402     0    23     1     6
  2.8091511688321944E+01 a       403     0    23     1     7
 -3.1942630328982926E+01 a       404     0    23     1     8
  3.0915987267914392E+01 a       405     0    23     1     9
 -4.4931477342352586E+01 a       406     0    23     1    10
  2.8515399307291114E+00 a       407     0    23     1    11
 -2.3538181213924987E+00 a       408     0    23     1    12
  7.5943199482701242E+00 a       409     0    23     1    13
 -3.3907902238644795E+01 a       410     0    23     1    14
 -3.5152381815465674E+01 a       411     0    23     1    15
  8.6534182625176939E+01 a       412     0    23     1    16
  2.6249262221184502E+01 a       413     0    23     1    17
  8.4832693418430836E+01 a       414     0    23     1    18
  7.9134131309172595E+00 a       415     0    24     1     1
  2.6884788948769767E+01 a       416     0    24     1     2
  2.0952643995235832E+01 a       417     0    24     1     3
 -2.4874216674257269E+01 a       418     0    24     1     4
 -1.0874141547379025E+01 a       419     0    24     1     5
 -5.0442548109471472E+00 a       420     0    24     1     6
 -3.8428862591084147E+01 a       421     0    24     1     7
  6.9869733072348845E+00 a       422     0    24     1     8
  5.6474037614916108E+00 a       423     0    24     1     9
  5.4666487540361423E+01 a       424     0    24     1    10
  1.5390701799954751E+01 a       425     0    24     1    11
 -3.1537749795452669E+01 a       426     0    24     1    12
 -2.3403460824423887E+00 a       427     0    24     1    13
  1.8708026471539704E+01 a       428     0    24     1    14
 -6.4317762020089599E+00 a       429     0    24     1    15
  7.2392546313267392E+00 a       430     0    24     1    16
 -2.1863384510631242E+01 a       431     0    24     1    17
  7.6694307073656418E+01 a       432     0    24     1    18
 -2.4485182232198230E+00 a       433     0    25     1     1
 -2.9015346846416472E+00 a       434     0    25     1     2
  4.1664351572327831E+00 a       435     0    25     1     3
  4.0493698262616507E+00 a       436     0    25     1     4
 -7.8008990150661928E-01 a       437     0    25     1     5
  2.0059613769667974E+00 a       438     0    25     1     6
 -6.4211446002005901E-01 a       439     0    25     1     7
 -1.4388467968857138E-01 a       440     0    25     1     8
 -2.6879515824353333E+00 a       441     0    25     1     9
 -2.9436957334860452E+00 a       442     0    25     1    10
 -1.0269101588693275E+00 a       443     0    25     1    11
  6.5072290864324582E+00 a       444     0    25     1    12
 -2.1547808326677056E+00 a       445     0    25     1    13
  1.7981120975519909E+00 a       446     0    25     1    14
  1.4082183629027694E+00 a       447     0    25     1    15
 -2.2946510401539291E+00 a       448     0    25     1    16
 -9.7992939630530396E-01 a       449     0    25     1    17
  3.5520144388119695E-01 a       450     0    25     1    18
  2.1056328088220342E+00 a       451     0    26     1     1
 -1.0515443878369107E+01 a       452     0    26     1     2
  5.7045145229626435E+00 a       453     0    26     1     3
  1.9435976690392596E+00 a       454     0    26     1     4
 -1.6619129532558399E+00 a       455     0    26     1     5
  6.5844505169564274E+00 a       456     0    26     1     6
  1.4891304175290085E+00 a       457     0    26     1     7
 -1.0491088993133635E+01 a       458     0    26     1     8
 -1.5389081961017648E-01 a       459     0    26     1     9
 -4.2699783800603326E+00 a       460     0    26     1    10
  2.1007072433056433E-02 a       461     0    26     1    11
  2.2368150992572877E+00 a       462     0    26     1    12
  1.3327879670250935E+00 a       463     0    26     1    13
 -1.2790547469733293E+00 a       464     0    26     1    14
  7.8853778701226529E-01 a       465     0    26     1    15
  2.9702342377363289E+00 a       466     0    26     1    16
  4.0296247303302088E+00 a       467     0    26     1    17
  5.2220085538885614E+00 a       468     0    26     1    18
 -5.8553465980865322E+00 a       469     0    27     1     1
  2.8793213827735737E+00 a       470     0    27     1     2
  1.7306423197645585E-01 a       471     0    27     1     3
 -7.0619602817375569E+00 a       472     0    27     1     4
 -2.0268320495158609E+00 a       473     0    27     1     5
  3.0238108116807729E+00 a       474     0    27     1     6
 -6.4768514128127155E+00 a       475     0    27     1     7
 -6.6687112667464783E+00 a       476     0    27     1     8
 -4.0360193444456680E+00 a       477     0    27     1     9
  7.4331510440614572E+00 a       478     0    27     1    10
  5.9526909775751315E+00 a       479     0    27     1    11
 -1.5812565554391163E+00 a       480     0    27     1    12
  2.1048931177276669E+00 a       481     0    27     1    13
  4.3851961047864298E+00 a       482     0    27     1    14
 -2.5978684765776747E+00 a       483     0    27     1    15
 -2.2304778101514180E-01 a       484     0    27     1    16
  3.8158348568255032E+00 a       485     0    27     1    17
  1.0882040638443536E+01 a       486     0    27     1    18
 -2.4360023561055102E+00 a       487     0    28     1     1
 -3.2371945011047620E-01 a       488     0    28     1     2
  2.4270579454149499E+00 a       489     0    28     1     3
  5.7483592975567595E+00 a       490     0    28     1     4
 -2.5991872129197184E+00 a       491     0    28     1     5
 -1.4276615588998409E+00 a       492     0    28     1     6
 -1.1893890178295484E-01 a       493     0    28     1     7
  2.0901292182219011E+00 a       494     0    28     1     8
 -1.5169780804982955E+00 a       495     0    28     1     9
  1.8144966809788130E+00 a       496     0    28     1    10
  4.7067647570401383E-01 a       497     0    28     1    11
  5.8076260121905214E+00 a       498     0    28     1    12
 -5.1400062318905182E-01 a       499     0    28     1    13
 -1.8869939196108496E+00 a       500     0    28     1    14
  2.3362824640398623E+00 a       501     0    28     1    15
 -1.1991923224917518E+00 a       502     0    28     1    16
  1.5130154512562959E+00 a       503     0    28     1    17
  1.2710346094886360E+00 a       504     0    28     1    18
 -5.1837226299574786E+00 a       505     0    29     1     1
 -3.0295742931520353E+00 a       506     0    29     1     2
  5.6583532750587171E+00 a       507     0    29     1     3
  1.4640285329809032E+01 a       508     0    29     1     4
  1.6993989962632119E-01 a       509     0    29     1     5
 -1.1779042694859054E+00 a       510     0    29     1     6
  1.8086172946573038E+00 a       511     0    29     1     7
 -5.2883543309015044E+00 a       512     0    29     1     8
 -6.3294941464033947E+00 a       513     0    29     1     9
 -2.5372283936271467E-01 a       514     0    29     1    10
  7.0439402943054210E+00 a       515     0    29     1    11
 -4.4744310891722100E-01 a       516     0    29     1    12
 -5.3364156519411479E+00 a       517     0    29     1    13
 -4.8871011767447009E-01 a       518     0    29     1    14
  9.9156219026191295E+00 a       519     0    29     1    15
 -1.0032600599454060E+01 a       520     0    29     1    16
 -3.4865038471597526E-01 a       521     0    29     1    17
 -6.2258891007957917E+00 a       522     0    29     1    18
  2.4844434582942787E+00 a       523     0    30     1     1
  4.3884475555627853E+00 a       524     0    30     1     2
  5.9989237545019893E+00 a       525     0    30     1     3
  6.4705865725138665E+00 a       526     0    30     1     4
 -1.0863720786457407E+00 a       527     0    30     1     5
 -7.2042812897866941E+00 a       528     0    30     1     6
 -7.5101291940825154E+00 a       529     0    30     1     7
 -1.4708781039397227E+00 a       530     0    30     1     8
  6.2788438748962285E+00 a       531     0    30     1     9
  1.1583945989554792E+01 a       532     0    30     1    10
  6.8016994964489621E+00 a       533     0    30     1    11
 -3.9511045976820780E-01 a       534     0    30     1    12
  4.8156342987283178E+00 a       535     0    30     1    13
 -5.8044226253894948E-01 a       536     0    30     1    14
  1.0666228022047985E+01 a       537     0    30     1    15
  2.4363101578193720E+00 a       538     0    30     1    16
 -7.1855113583258357E+00 a       539     0    30     1    17
  4.1780559224839520E+00 a       540     0    30     1    18
 -1.0531633417098234E+01 a       541     0    31     1     1
  5.9318915111253165E+00 a       542     0    31     1     2
  5.6828497365909278E+00 a       543     0    31     1     3
 -1.8303621934749508E+01 a       544     0    31     1     4
  3.0585818297459060E+01 a       545     0    31     1     5
  1.5626328728761655E+01 a       546     0    31     1     6
 -7.6074114115058595E+00 a       547     0    31     1     7
 -1.0829558039799123E+01 a       548     0    31     1     8
  5.3597313972066036E+00 a       549     0    31     1     9
 -2.0840869576982413E+01 a       550     0    31     1    10
 -5.9569330854235547E+00 a       551     0    31     1    11
 -1.2238991182676841E+01 a       552     0    31     1    12
  1.9407845872040076E-02 a       553     0    31     1    13
  1.1380807821683996E+01 a       554     0    31     1    14
  3.4978313241845083E+00 a       555     0    31     1    15
  6.0275364340344266E+00 a       556     0    31     1    16
 -5.0569444578440276E+01 a       557     0    31     1    17
 -1.2051434484179660E+01 a       558     0    31     1    18
  2.9358470526833813E+01 a       559     0    32     1     1
  3.8445342926060242E+01 a       560     0    32     1     2
  3.4974688066403935E+01 a       561     0    32     1     3
 -1.8788019332961458E+01 a       562     0    32     1     4
  3.1720799310303768E+01 a       563     0    32     1     5
  2.8324595871370029E+01 a       564     0    32     1     6
 -1.0636633445897345E+01 a       565     0    32     1     7
  1.8594993243137566E+01 a       566     0    32     1     8
  2.1795304594176134E+01 a       567     0    32     1     9
  3.5643554418956076E+00 a       568     0    32     1    10
 -4.3089660418236519E+01 a       569     0    32     1    11
 -3.2724956337811413E+01 a       570     0    32     1    12
 -6.5252260773231576E+00 a       571     0    32     1    13
  1.4218800098701177E+01 a       572     0    32     1    14
 -2.3550628341280266E+01 a       573     0    32     1    15
  2.7214141558302853E+01 a       574     0    32     1    16
 -3.9723292659936064E+01 a       575     0    32     1    17
  3.9938896083410270E+01 a       576     0    32     1    18
  1.1882159769178089E+00 a       577     0    33     1     1
 -5.4913795350396626E+00 a       578     0    33     1     2
  4.1709945695015749E-01 a       579     0    33     1     3
  1.7646116547007204E-01 a       580     0    33     1     4
  1.4624129410674827E+00 a       581     0    33     1     5
  1.1976888796404535E+00 a       582     0    33     1     6
 -1.2129724964472826E+00 a       583     0    33     1     7
 -2.8162874705330565E-01 a       584     0    33     1     8
  2.3953685249292884E+00 a       585     0    33     1     9
 -7.9653412605335401E+00 a       586     0    33     1    10
 -2.7510903902573074E+00 a       587     0    33     1    11
  2.1317622037807684E+00 a       588     0    33     1    12
  2.4325815073793104E+00 a       589     0    33     1    13
 -1.0899803926893061E+00 a       590     0    33     1    14
 -5.3593942037524895E+00 a       591     0    33     1    15
  1.0248180479983446E+00 a       592     0    33     1    16
  2.3226809216401501E+00 a       593     0    33     1    17
 -2.0358100725966164E+00 a       594     0    33     1    18
 -1.1542141843605504E-01 a       595     0    34     1     1
 -4.8330951890365820E-01 a       596     0    34     1     2
  2.2075519629029336E-01 a       597     0    34     1     3
  3.7532931747828746E-01 a       598     0    34     1     4
 -1.1499272404787633E+00 a       599     0    34     1     5
 -8.2593059101243829E-02 a       600     0    34     1     6
  5.0061311914140350E-01 a       601     0    34     1     7
 -2.0726347938933745E-01 a       602     0    34     1     8
  2.2323364508185325E-01 a       603     0    34     1     9
  5.9578907438184003E-01 a       604     0    34     1    10
 -6.2381732155894276E-01 a       605     0    34     1    11
 -6.6138887864065410E-01 a       606     0    34     1    12
 -4.3557965963405376E-01 a       607     0    34     1    13
  1.8101661769793109E-01 a       608     0    34     1    14
  9.6267563124458400E-01 a       609     0    34     1    15
  2.3883089042583588E-01 a       610     0    34     1    16
  2.5771973251691491E-02 a       611     0    34     1    17
  3.8410086671911003E-01 a       612     0    34     1    18
  7.2689660064701789E-02 a       613     0    35     1     1
  1.7623598005542676E+00 a       614     0    35     1     2
  1.4481461765584354E+00 a       615     0    35     1     3
  4.2955794253368124E-01 a       616     0    35     1     4
 -4.7349701927902596E-02 a       617     0    35     1     5
 -1.1696084013887393E+00 a       618     0    35     1     6
 -3.0198196439710168E-01 a       619     0    35     1     7
  7.1491539465312826E-01 a       620     0    35     1     8
  2.1473320090458048E-01 a       621     0    35     1     9
  1.8965704250140509E+00 a       622     0    35     1    10
  1.0832483179546177E+00 a       623     0    35     1    11
 -1.5330548726505957E+00 a       624     0    35     1    12
  1.6212351682368722E-01 a       625     0    35     1    13
  5.0096651986445617E-01 a       626     0    35     1    14
  1.6301084018782008E+00 a       627     0    35     1    15
  1.4578732949707085E+00 a       628     0    35     1    16
 -4.7637868809697581E-01 a       629     0    35     1    17
 -2.3576275496327803E-01 a       630     0    35     1    18
  6.6242186811111839E-02 a       631     0    36     1     1
 -7.8606852233513624E-01 a       632     0    36     1     2
 -2.5434682017376281E-01 a       633     0    36     1     3
 -7.0762170574792005E-01 a       634     0    36     1     4
 -1.4379161194596857E+00 a       635     0    36     1     5
 -3.2179574567433955E-01 a       636     0    36     1     6
 -1.3714924413633998E+00 a       637     0    36     1     7
 -1.2006964390134744E+00 a       638     0    36     1     8
  7.9029436804738273E-01 a       639     0    36     1     9
  2.8957513044550159E-01 a       640     0    36     1    10
  3.3693373868860416E-01 a       641     0    36     1    11
  8.2448824045882063E-01 a       642     0    36     1    12
  2.0748959062316787E+00 a       643     0    36     1    13
  2.7773122952419277E-01 a       644     0    36     1    14
  3.0039276331033438E-01 a       645     0    36     1    15
  1.2778405331644516E-01 a       646     0    36     1    16
 -1.5123810564083127E+00 a       647     0    36     1    17
 -5.6433674436148662E-01 a       648     0    36     1    18
 -1.3335376444048792E+00 a       649     0    37     1     1
 -2.0146530460265728E+00 a       650     0    37     1     2
 -3.7906648490327162E+00 a       651     0    37     1     3
 -3.6629386994635782E+00 a       652     0    37     1     4
 -4.8862148785085884E+00 a       653     0    37     1     5
 -2.5069414133907780E-01 a       654     0    37     1     6
  3.4701770919275537E-01 a       655     0    37     1     7
 -2.3966265282345600E+00 a       656     0    37     1     8
 -6.8732520420179377E-01 a       657     0    37     1     9
  2.0172669266206960E+00 a       658     0    37     1    10
  2.8487070954389870E+00 a       659     0    37     1    11
  4.1990319509542253E+00 a       660     0    37     1    12
  1.5111035746380170E+00 a       661     0    37     1    13
 -8.3981695009221924E-02 a       662     0    37     1    14
 -5.8340156050694949E+00 a       663     0    37     1    15
 -1.1807839558555560E+00 a       664     0    37     1    16
  3.3273312903948065E+00 a       665     0    37     1    17
 -8.7347508994465795E-01 a       666     0    37     1    18
 -1.3838221533179933E+00 a       667     0    38     1     1
 -1.8225962791439927E+00 a       668     0    38     1     2
  4.9122351987832005E+00 a       669     0    38     1     3
 -5.5219530001031003E-01 a       670     0    38     1     4
 -2.4152119188869077E+00 a       671     0    38     1     5
  2.4913985887974950E+00 a       672     0    38     1     6
 -4.1942264526611259E+00 a       673     0    38     1     7
  2.8657239068556994E-01 a       674     0    38     1     8
  5.4461019855455675E+00 a       675     0    38     1     9
  6.6574464342844513E+00 a       676     0    38     1    10
 -5.9443765458287723E-01 a       677     0    38     1    11
  4.2778459508187899E-01 a       678     0    38     1    12
 -1.2961590159206773E+00 a       679     0    38     1    13
 -4.1117195574557980E-01 a       680     0    38     1    14
  2.7086280007491901E+00 a       681     0    38     1    15
  1.7016432739011085E+00 a       682     0    38     1    16
 -1.3501758158522881E+01 a       683     0    38     1    17
 -2.4585954223992719E+00 a       684     0    38     1    18
  3.0375171986558342E+00 a       685     0    39     1     1
 -3.1327279547282987E+00 a       686     0    39     1     2
  1.6379898030041919E+00 a       687     0    39     1     3
  3.0676452974935575E+00 a       688     0    39     1     4
  1.8849773144491770E+00 a       689     0    39     1     5
  2.0416783192567216E+00 a       690     0    39     1     6
 -1.7081509668640169E+00 a       691     0    39     1     7
  2.3252097845959274E+00 a       692     0    39     1     8
  1.6133904498255478E+00 a       693     0    39     1     9
  2.5811004137759292E+00 a       694     0    39     1    10
  3.3426344010245362E-01 a       695     0    39     1    11
  8.8348314401386074E-01 a       696     0    39     1    12
  3.3222349191163931E+00 a       697     0    39     1    13
 -1.5444824354980169E+00 a       698     0    39     1    14
  4.4050275942105416E-01 a       699     0    39     1    15
  2.4064448178321083E+00 a       700     0    39     1    16
 -1.7348623047768346E+00 a       701     0    39     1    17
 -1.3724864768192691E-01 a       702     0    39     1    18
  1.7368920218875099E+00 a       703     0    40     1     1
 -7.2430604039237494E+00 a       704     0    40     1     2
 -2.7614056917849056E-01 a       705     0    40     1     3
  1.5155079398353388E+00 a       706     0    40     1     4
  7.3065872283103472E-01 a       707     0    40     1     5
  5.3282346843183763E+00 a       708     0    40     1     6
 -4.5427539614383106E+00 a       709     0    40     1     7
  3.3769526387105175E+00 a       710     0    40     1     8
 -2.1416262833385908E+00 a       711     0    40     1     9
  4.5930660778749939E+00 a       712     0    40     1    10
  4.3739071606897051E+00 a       713     0    40     1    11
  3.5027987311808437E+00 a       714     0    40     1    12
  1.9056983319569867E+00 a       715     0    40     1    13
 -5.4283613819948355E+00 a       716     0    40     1    14
 -2.5106619979464990E+00 a       717     0    40     1    15
  5.1749893790459034E-01 a       718     0    40     1    16
 -8.1053166004646044E+00 a       719     0    40     1    17
 -1.3346001977129346E-01 a       720     0    40     1    18
  3.5397048651941678E+00 a       721     0    41     1     1
  3.7250856404599819E+00 a       722     0    41     1     2
  1.3732858439749596E-01 a       723     0    41     1     3
  2.2885906245549812E+00 a       724     0    41     1     4
  1.0031796815437199E+01 a       725     0    41     1     5
  2.0683463186717921E-01 a       726     0    41     1     6
  3.9981583671530778E+00 a       727     0    41     1     7
  3.4742882713625267E+00 a       728     0    41     1     8
 -3.7274143861219837E+00 a       729     0    41     1     9
  3.3182542784010685E+00 a       730     0    41     1    10
  2.2355098612659624E-01 a       731     0    41     1    11
  4.0273077973546529E+00 a       732     0    41     1    12
  1.6597499251644496E+00 a       733     0    41     1    13
  1.1102599168495180E+00 a       734     0    41     1    14
  2.7547718079051351E+00 a       735     0    41     1    15
 -4.7474416554472693E-01 a       736     0    41     1    16
  2.6525776599016431E+00 a       737     0    41     1    17
  2.1743425381767589E+00 a       738     0    41     1    18
  7.8239776234940683E-01 a       739     0    42     1     1
  2.3660708630547931E+00 a       740     0    42     1     2
  7.5358586936537630E-01 a       741     0    42     1     3
 -5.8879698388588286E-01 a       742     0    42     1     4
  3.8087227811986373E+00 a       743     0    42     1     5
 -1.4394514634209061E+00 a       744     0    42     1     6
  8.4393696653893457E-01 a       745     0    42     1     7
  2.9161457528825108E+00 a       746     0    42     1     8
 -2.9945475003118553E+00 a       747     0    42     1     9
  9.0607303080464163E-01 a       748     0    42     1    10
  2.4776531906494008E+00 a       749     0    42     1    11
  8.7985886017731019E-01 a       750     0    42     1    12
 -9.1180092352174236E-01 a       751     0    42     1    13
  1.9515356270739204E+00 a       752     0    42     1    14
  1.9109693186491619E+00 a       753     0    42     1    15
 -5.9489708607050655E-02 a       754     0    42     1    16
 -1.4345752488799379E+00 a       755     0    42     1    17
  1.3413726186974989E-01 a       756     0    42     1    18
 -1.3393995584469406E-01 a       757     0    43     1     1
  1.3427764234978904E+01 a       758     0    43     1     2
 -2.0879736121137720E+00 a       759     0    43     1     3
 -2.0515638079533614E+00 a       760     0    43     1     4
  9.2310141081529196E+00 a       761     0    43     1     5
 -1.8479508330306953E+00 a       762     0    43     1     6
 -3.8309204607986493E+00 a       763     0    43     1     7
  5.2037174918748104E+00 a       764     0    43     1     8
 -1.2576083776207550E+01 a       765     0    43     1     9
  1.0728410754104635E+01 a       766     0    43     1    10
  9.5682076943487715E+00 a       767     0    43     1    11
  1.1300107287420472E+01 a       768     0    43     1    12
  7.8439214689739256E-01 a       769     0    43     1    13
  1.3382314399137170E+01 a       770     0    43     1    14
 -1.0592154801648466E+00 a       771     0    43     1    15
 -1.4926771104088074E+01 a       772     0    43     1    16
 -7.1347252402489785E+00 a       773     0    43     1    17
  3.7874084066705088E-01 a       774     0    43     1    18
  9.2092043176516380E-01 a       775     0    44     1     1
 -1.4746814485428369E-01 a       776     0    44     1     2
 -1.8231522018573319E+01 a       777     0    44     1     3
 -5.8041526778793495E-01 a       778     0    44     1     4
 -4.0495273209159919E+00 a       779     0    44     1     5
 -7.3682920116837449E+00 a       780     0    44     1     6
  1.2782695546037319E+01 a       781     0    44     1     7
  4.0619990286189950E-01 a       782     0    44     1     8
 -1.8494218776379011E+01 a       783     0    44     1     9
 -1.0294060362177447E+01 a       784     0    44     1    10
  1.1360744946307861E+00 a       785     0    44     1    11
  1.5243433484490470E+00 a       786     0    44     1    12
 -7.8297666604936635E+00 a       787     0    44     1    13
  1.9006525741354465E+00 a       788     0    44     1    14
 -1.2112376990930061E+01 a       789     0    44     1    15
 -6.7289698292366600E+00 a       790     0    44     1    16
  3.5076476432974367E+01 a       791     0    44     1    17
  9.9908785470589869E+00 a       792     0    44     1    18
 -5.9977089889493502E+00 a       793     0    45     1     1
  6.5856899843642616E+00 a       794     0    45     1     2
 -3.2936923565778602E+00 a       795     0    45     1     3
 -4.4084602841953089E+00 a       796     0    45     1     4
 -6.7811835235831728E+00 a       797     0    45     1     5
 -2.4663410279620175E+00 a       798     0    45     1     6
  5.2352748722417974E+00 a       799     0    45     1     7
 -2.4402497474033238E+00 a       800     0    45     1     8
 -4.6852300585344064E+00 a       801     0    45     1     9
 -1.3683616648113541E+00 a       802     0    45     1    10
 -4.2573057966094892E+00 a       803     0    45     1    11
 -1.8528334723470290E+00 a       804     0    45     1    12
 -9.9123275993508440E+00 a       805     0    45     1    13
  4.7652212484121517E+00 a       806     0    45     1    14
  9.4862722369091179E-01 a       807     0    45     1    15
 -4.5735411910567256E+00 a       808     0    45     1    16
  4.4927843740454501E+00 a       809     0    45     1    17
  2.6571029347690618E+00 a       810     0    45     1    18
 -3.6447058750285706E+00 a       811     0    46     1     1
  6.7112548652231743E+00 a       812     0    46     1     2
 -6.5431627876333485E+00 a       813     0    46     1     3
 -2.9491662144682143E+00 a       814     0    46     1     4
 -5.3909037134832678E+00 a       815     0    46     1     5
 -9.6432601784062246E+00 a       816     0    46     1     6
  6.1124940855052836E+00 a       817     0    46     1     7
 -8.6561977610615584E-02 a       818     0    46     1     8
 -1.6917690025413228E+00 a       819     0    46     1     9
 -5.6529125801518942E+00 a       820     0    46     1    10
 -4.4110488485500348E+00 a       821     0    46     1    11
 -7.2854148157500109E-01 a       822     0    46     1    12
 -6.7107431450246058E-01 a       823     0    46     1    13
  1.0209981619503465E+01 a       824     0    46     1    14
  4.1307297614692273E-01 a       825     0    46     1    15
 -5.6558929408567717E+00 a       826     0    46     1    16
  1.6836636316682128E+01 a       827     0    46     1    17
  2.0875444504621434E+00 a       828     0    46     1    18
 -5.4263782002708725E+00 a       829     0    47     1     1
  3.8831954927741292E+00 a       830     0    47     1     2
  5.3696305870596617E-01 a       831     0    47     1     3
 -1.4135011689586841E+00 a       832     0    47     1     4
 -1.4070763652513678E+01 a       833     0    47     1     5
  1.7276089767276208E+00 a       834     0    47     1     6
  2.3574037925109614E+00 a       835     0    47     1     7
 -4.9401094344359127E+00 a       836     0    47     1     8
  2.1557619566257653E+00 a       837     0    47     1     9
  1.4562766415269660E-01 a       838     0    47     1    10
 -2.7667362043397281E+00 a       839     0    47     1    11
 -1.1016119693838521E+01 a       840     0    47     1    12
 -7.3963613166247173E+00 a       841     0    47     1    13
  3.0768719905952917E+00 a       842     0    47     1    14
 -2.4920370218354031E+00 a       843     0    47     1    15
 -6.0007552956337229E-01 a       844     0    47     1    16
  1.9803466313625444E+00 a       845     0    47     1    17
  3.1718934135002902E-01 a       846     0    47     1    18
  5.4016483357413836E-01 a       847     0    48     1     1
 -7.1701907535650733E+00 a       848     0    48     1     2
 -3.8082852941138663E+00 a       849     0    48     1     3
 -1.1700537353497320E+00 a       850     0    48     1     4
 -9.3320703055386982E+00 a       851     0    48     1     5
  1.7163151131254595E-01 a       852     0    48     1     6
 -1.8887409507564088E+00 a       853     0    48     1     7
 -9.0835280453452096E+00 a       854     0    48     1     8
  8.1408643133292617E+00 a       855     0    48     1     9
  9.9181064843621480E-01 a       856     0    48     1    10
  2.4660904854232464E+00 a       857     0    48     1    11
  2.7441018390048453E+00 a       858     0    48     1    12
  1.0270833859423641E+01 a       859     0    48     1    13
 -6.1766193300915084E+00 a       860     0    48     1    14
 -1.0212347486844800E+01 a       861     0    48     1    15
 -1.4584755438017354E+00 a       862     0    48     1    16
  1.3827312466072721E+00 a       863     0    48     1    17
 -4.3497969586845731E+00 a       864     0    48     1    18
  3.0585185996433024E+00 a       865     0    49     1     1
 -3.0556376109740256E+01 a       866     0    49     1     2
 -4.0924713609082612E+00 a       867     0    49     1     3
 -5.5022358482389100E+00 a       868     0    49     1     4
 -3.2070985011203653E+01 a       869     0    49     1     5
 -1.4404594544114321E+01 a       870     0    49     1     6
  5.5633802915283708E+00 a       871     0    49     1     7
 -3.9331010135891868E+00 a       872     0    49     1     8
  7.3141723838471648E+00 a       873     0    49     1     9
  4.2661929534065540E-01 a       874     0    49     1    10
  1.8704551611579363E+00 a       875     0    49     1    11
  2.0175668984136150E+00 a       876     0    49     1    12
  3.3499554764034258E+01 a       877     0    49     1    13
 -1.0306542682174095E+01 a       878     0    49     1    14
 -6.2550014405723475E+00 a       879     0    49     1    15
  1.7822144502126662E+01 a       880     0    49     1    16
  1.5651112216927050E+01 a       881     0    49     1    17
  3.6294396324995586E+00 a       882     0    49     1    18
  4.4454277845553053E-01 a       883     0    50     1     1
  6.3689681347435009E-02 a       884     0    50     1     2
  7.6829743991264632E-03 a       885     0    50     1     3
  8.0956646747864602E-01 a       886     0    50     1     4
  1.2206081321475692E+00 a       887     0    50     1     5
 -6.8490009782526551E-01 a       888     0    50     1     6
  8.5042782094041969E-01 a       889     0    50     1     7
  8.5117489808435454E-01 a       890     0    50     1     8
 -4.4187002480267873E-01 a       891     0    50     1     9
 -7.0249697932384547E-01 a       892     0    50     1    10
  1.6421235631596762E-01 a       893     0    50     1    11
 -6.5548068000159432E-01 a       894     0    50     1    12
  1.8436880167765957E-01 a       895     0    50     1    13
 -1.2995335450751627E-01 a       896     0    50     1    14
 -2.7284838687086788E-01 a       897     0    50     1    15
  9.7963572795730725E-01 a       898     0    50     1    16
  2.4636403940281433E+00 a       899     0    50     1    17
  3.8027310557572735E-01 a       900     0    50     1    18
 -2.1419103081409083E-02 a       901     0    51     1     1
  1.9438316916568019E+00 a       902     0    51     1     2
  1.3428886643372886E+00 a       903     0    51     1     3
 -1.8897835640105717E-01 a       904     0    51     1     4
  1.0750070486506997E+00 a       905     0    51     1     5
 -1.5607720904658833E+00 a       906     0    51     1     6
  6.8721819693207531E-01 a       907     0    51     1     7
  2.1273783889379497E-01 a       908     0    51     1     8
  1.0413554328984678E+00 a       909     0    51     1     9
 -1.1254280561413357E+00 a       910     0    51     1    10
 -1.0008031284904466E+00 a       911     0    51     1    11
 -1.3919312550095353E+00 a       912     0    51     1    12
  1.5640665182502275E-01 a       913     0    51     1    13
  1.5180701190332337E+00 a       914     0    51     1    14
  1.2116937449991156E+00 a       915     0    51     1    15
  3.4665904987683971E-01 a       916     0    51     1    16
  1.1547868205069924E+00 a       917     0    51     1    17
 -4.3299330989585949E-01 a       918     0    51     1    18
 -4.0800452823325933E-01 a       919     0    52     1     1
  8.3468597152275437E-01 a       920     0    52     1     2
  2.2607776077464981E+00 a       921     0    52     1     3
 -3.5800419750136764E-01 a       922     0    52     1     4
 -2.1803017548473367E+00 a       923     0    52     1     5
 -1.0690829082805255E+00 a       924     0    52     1     6
  1.6033982495557062E+00 a       925     0    52     1     7
 -7.9411266284533499E-01 a       926     0    52     1     8
 -7.2390734584563646E-02 a       927     0    52     1     9
  9.0467390505808742E-01 a       928     0    52     1    10
 -2.1809924036439625E+00 a       929     0    52     1    11
 -1.6901107918466842E+00 a       930     0    52     1    12
 -2.7331161333937235E+00 a       931     0    52     1    13
 -3.3344383698071278E-01 a       932     0    52     1    14
  3.6065448116417836E-01 a       933     0    52     1    15
  3.2581886905808157E+00 a       934     0    52     1    16
  1.7644518660245416E+00 a       935     0    52     1    17
  6.7134879349255239E-01 a       936     0    52     1    18
 -1.8197488002722924E+00 a       937     0    53     1     1
 -5.7728050006677929E+00 a       938     0    53     1     2
  5.5243133886886104E+00 a       939     0    53     1     3
  1.3540486688468831E+00 a       940     0    53     1     4
 -6.4420844666537602E-01 a       941     0    53     1     5
  6.9912689356263966E+00 a       942     0    53     1     6
 -8.9999209212635254E+00 a       943     0    53     1     7
  1.4847385562488360E-01 a       944     0    53     1     8
  6.1344993001958823E+00 a       945     0    53     1     9
  5.7651182421075688E+00 a       946     0    53     1    10
 -4.5934714114490682E-02 a       947     0    53     1    11
  1.1060343880597754E+00 a       948     0    53     1    12
  3.3658813236759095E+00 a       949     0    53     1    13
 -1.9770063190961729E+00 a       950     0    53     1    14
  4.7379521472997483E+00 a       951     0    53     1    15
  2.8214084392982377E+00 a       952     0    53     1    16
 -2.0862566872809651E+01 a       953     0    53     1    17
 -3.0907430494249386E+00 a       954     0    53     1    18
  1.4526836690335672E+00 a       955     0    54     1     1
 -9.1266417962436250E+00 a       956     0    54     1     2
 -1.2785612421417569E+00 a       957     0    54     1     3
  2.7969708012629191E+00 a       958     0    54     1     4
 -1.9160169263033069E+00 a       959     0    54     1     5
  4.0338871240037530E+00 a       960     0    54     1     6
 -3.2131262235412388E+00 a       961     0    54     1     7
  5.3469457184147529E-01 a       962     0    54     1     8
 -9.6862168856793815E-02 a       963     0    54     1     9
  2.7040236570385479E+00 a       964     0    54     1    10
  1.1133984803063135E+00 a       965     0    54     1    11
  1.7502362887349021E+00 a       966     0    54     1    12
  3.3535181957078333E+00 a       967     0    54     1    13
 -2.8383079583015536E+00 a       968     0    54     1    14
  3.5625189153729619E-01 a       969     0    54     1    15
  1.8201531680635952E+00 a       970     0    54     1    16
 -3.2821843377571884E+00 a       971     0    54     1    17
  1.3965800393587642E+00 a       972     0    54     1    18
  4.2413616789588432E-01 a       973     0    55     1     1
 -1.1841032024553819E+01 a       974     0    55     1     2
  5.2628342778897122E-02 a       975     0    55     1     3
 -1.4989941067113763E+00 a       976     0    55     1     4
 -3.4445219286230646E+00 a       977     0    55     1     5
  7.6941208016396239E+00 a       978     0    55     1     6
 -7.5108851285138289E+00 a       979     0    55     1     7
  1.8774129854073218E+00 a       980     0    55     1     8
 -1.4670063598398311E+00 a       981     0    55     1     9
  3.2505043555829434E+00 a       982     0    55     1    10
  2.7600073057343364E+00 a       983     0    55     1    11
  2.2394000165388679E+00 a       984     0    55     1    12
  9.7785256207275295E-01 a       985     0    55     1    13
 -6.8807147605450147E+00 a       986     0    55     1    14
 -2.0089290289829758E+00 a       987     0    55     1    15
 -9.9803568964370437E-01 a       988     0    55     1    16
 -1.2690191981076774E+01 a       989     0    55     1    17
 -1.0741061180724374E+00 a       990     0    55     1    18
  1.3293270425460071E+00 a       991     0    56     1     1
 -5.0394703282471589E+00 a       992     0    56     1     2
 -3.1439825747228922E+00 a       993     0    56     1     3
 -2.2775594909809063E+00 a       994     0    56     1     4
  5.6159212103448777E+00 a       995     0    56     1     5
  1.8381409832753404E-01 a       996     0    56     1     6
 -2.2787687094499152E+00 a       997     0    56     1     7
  3.3049176724895835E-01 a       998     0    56     1     8
 -2.0586780757397585E+00 a       999     0    56     1     9
 -3.0077572256386351E+00 a      1000     0    56     1    10
 -1.0735911439180263E+00 a      1001     0    56     1    11
  7.0000059988979162E+00 a      1002     0    56     1    12
  6.8764986777879686E+00 a      1003     0    56     1    13
 -1.0118859142383643E+00 a      1004     0    56     1    14
  7.4540448044243091E-01 a      1005     0    56     1    15
  5.1634684232256141E-04 a      1006     0    56     1    16
 -1.4514217224268393E+00 a      1007     0    56     1    17
  9.6345516246524565E-01 a      1008     0    56     1    18
 -6.3337428424370501E-01 a      1009     0    57     1     1
 -2.6127721797585863E+00 a      1010     0    57     1     2
 -1.7866801873966238E+00 a      1011     0    57     1     3
 -4.9930590871004092E+00 a      1012     0    57     1     4
 -2.5888221691483859E+00 a      1013     0    57     1     5
  4.2776127856193353E+00 a      1014     0    57     1     6
 -3.5563936717571680E+00 a      1015     0    57     1     7
 -8.7476077819550779E-01 a      1016     0    57     1     8
 -1.2502245040213384E+00 a      1017     0    57     1     9
 -1.2467327326660458E+00 a      1018     0    57     1    10
 -2.3268513585368287E+00 a      1019     0    57     1    11
  2.9004191673888928E+00 a      1020     0    57     1    12
 -4.2374309710493021E+00 a      1021     0    57     1    13
  8.5124818848856365E-01 a      1022     0    57     1    14
  2.5130846594510188E+00 a      1023     0    57     1    15
 -4.1804484411294993E+00 a      1024     0    57     1    16
 -6.6950674920559985E+00 a      1025     0    57     1    17
 -9.2499002156890253E-01 a      1026     0    57     1    18
  1.6326071652159950E+00 a      1027     0    58     1     1
  1.0725444775467208E+01 a      1028     0    58     1     2
 -6.3436689183931261E+00 a      1029     0    58     1     3
 -2.6553779578437666E+00 a      1030     0    58     1     4
  1.0556841311321872E+01 a      1031     0    58     1     5
  5.3112696624439124E+00 a      1032     0    58     1     6
 -2.9074147353962596E+00 a      1033     0    58     1     7
  5.4093462532592462E-01 a      1034     0    58     1     8
 -3.3552027571667615E+00 a      1035     0    58     1     9
 -1.6479430467988074E+00 a      1036     0    58     1    10
  5.2441387953379195E+00 a      1037     0    58     1    11
  6.1141161142156593E+00 a      1038     0    58     1    12
 -1.1612605705753074E+01 a      1039     0    58     1    13
  1.9428416457798350E+00 a      1040     0    58     1    14
 -3.4584501686497284E+00 a      1041     0    58     1    15
 -7.5646621092519286E+00 a      1042     0    58     1    16
 -5.1638054758280196E+00 a      1043     0    58     1    17
 -5.2555518528799343E+00 a      1044     0    58     1    18
  1.6456762323206667E-01 a      1045     0    59     1     1
 -2.6855519740693725E+00 a      1046     0    59     1     2
 -3.3567068820526473E+00 a      1047     0    59     1     3
  4.3651183836016481E+00 a      1048     0    59     1     4
  1.0874134134158178E+01 a      1049     0    59     1     5
  6.4958284996314237E+00 a      1050     0    59     1     6
  6.2479235332175174E+00 a      1051     0    59     1     7
  3.0857483503696979E+00 a      1052     0    59     1     8
  4.1083354987235774E+00 a      1053     0    59     1     9
 -1.1746735641040289E+01 a      1054     0    59     1    10
 -3.6720387778026096E+00 a      1055     0    59     1    11
 -8.3631103367183233E+00 a      1056     0    59     1    12
 -2.1354215228158653E+00 a      1057     0    59     1    13
 -7.6795432918253521E+00 a      1058     0    59     1    14
  1.3519080611908012E+00 a      1059     0    59     1    15
  8.3385714594425142E+00 a      1060     0    59     1    16
  7.4250173002049502E+00 a      1061     0    59     1    17
  5.3711539527420382E-01 a      1062     0    59     1    18
  1.2882066642921521E+00 a      1063     0    60     1     1
  8.1116489962356031E+00 a      1064     0    60     1     2
  6.8780481319045856E+00 a      1065     0    60     1     3
 -8.0838439938569251E-01 a      1066     0    60     1     4
  7.9433694791109852E+00 a      1067     0    60     1     5
 -1.0779121693972655E+00 a      1068     0    60     1     6
  3.6828914053950051E-01 a      1069     0    60     1     7
  3.6855241610931400E-01 a      1070     0    60     1     8
  5.5615986590963953E+00 a      1071     0    60     1     9
 -1.6115468149216046E+00 a      1072     0    60     1    10
 -1.9372296201807471E+00 a      1073     0    60     1    11
 -2.3376637438466217E+00 a      1074     0    60     1    12
  6.4500402907722254E+00 a      1075     0    60     1    13
  2.1074103626916667E+00 a      1076     0    60     1    14
  4.2268303320272036E+00 a      1077     0    60     1    15
  2.3837652966368701E+00 a      1078     0    60     1    16
 -9.6830344510648647E-01 a      1079     0    60     1    17
 -3.1426410079061240E+00 a      1080     0    60     1    18
  8.1421593527162217E-01 a      1081     0    61     1     1
  1.1174205513010735E+01 a      1082     0    61     1     2
  5.1388125316583100E+00 a      1083     0    61     1     3
  2.6899642028586044E+00 a      1084     0    61     1     4
  8.5429684234027086E+00 a      1085     0    61     1     5
 -1.7772831726156373E+00 a      1086     0    61     1     6
  6.9406040173840502E+00 a      1087     0    61     1     7
 -4.9988671151855311E+00 a      1088     0    61     1     8
  3.4907624103923665E+00 a      1089     0    61     1     9
 -2.2646985990772479E+00 a      1090     0    61     1    10
 -3.3260500944965190E+00 a      1091     0    61     1    11
 -4.5015426125126670E+00 a      1092     0    61     1    12
 -1.0817003350871899E+00 a      1093     0    61     1    13
  1.3178999556022490E+00 a      1094     0    61     1    14
  2.5962423276514937E+00 a      1095     0    61     1    15
  6.4297060038102121E+00 a      1096     0    61     1    16
  6.1036762840956778E+00 a      1097     0    61     1    17
  1.5719846805957213E-01 a      1098     0    61     1    18
 -1.6625956126587729E+00 a      1099     0    62     1     1
  6.6847526134389215E+00 a      1100     0    62     1     2
  3.1647796761777993E+00 a      1101     0    62     1     3
  5.3545957461688127E+00 a      1102     0    62     1     4
  7.9835251341286737E+00 a      1103     0    62     1     5
 -6.5727166900055645E-01 a      1104     0    62     1     6
  6.6282139045063078E+00 a      1105     0    62     1     7
  6.7442786480587573E+00 a      1106     0    62     1     8
 -5.1587957486921727E+00 a      1107     0    62     1     9
 -2.3532693866296452E+00 a      1108     0    62     1    10
 -4.7024924035194386E+00 a      1109     0    62     1    11
 -7.0058876789735836E+00 a      1110     0    62     1    12
 -4.9721773955772735E+00 a      1111     0    62     1    13
  3.4009751934006101E+00 a      1112     0    62     1    14
  4.8893503881696532E+00 a      1113     0    62     1    15
  4.7363643370245256E+00 a      1114     0    62     1    16
  9.2425876655995864E+00 a      1115     0    62     1    17
  5.9760875312479049E+00 a      1116     0    62     1    18
  1.2907375720491439E+00 a      1117     0    63     1     1
  5.2108448033273795E+00 a      1118     0    63     1     2
  1.6110992273143114E+00 a      1119     0    63     1     3
 -1.8338227822015845E+00 a      1120     0    63     1     4
  7.0480243343523954E+00 a      1121     0    63     1     5
 -2.0063878997010032E+00 a      1122     0    63     1     6
 -4.3868941746274370E-01 a      1123     0    63     1     7
 -3.1340861355904408E-02 a      1124     0    63     1     8
  2.1120963303250675E+00 a      1125     0    63     1     9
 -3.7953230289389088E+00 a      1126     0    63     1    10
  1.9064416816598628E+00 a      1127     0    63     1    11
 -7.9007297617074104E-02 a      1128     0    63     1    12
  4.3806742047892255E+00 a      1129     0    63     1    13
  2.0987821347306193E-01 a      1130     0    63     1    14
 -2.8893882507605135E+00 a      1131     0    63     1    15
  1.5271144180344084E-01 a      1132     0    63     1    16
  1.3865399806672489E+00 a      1133     0    63     1    17
 -2.9867467343332326E+00 a      1134     0    63     1    18
 -3.7945352519728615E+00 a      1135     0    64     1     1
  7.2349404972261899E+00 a      1136     0    64     1     2
  1.3123024074130432E+01 a      1137     0    64     1     3
  6.1866545397317516E+00 a      1138     0    64     1     4
  4.8677760881309862E+00 a      1139     0    64     1     5
  6.3300637776439093E+00 a      1140     0    64     1     6
 -2.9127585361045631E+00 a      1141     0    64     1     7
  4.7920266659474542E-01 a      1142     0    64     1     8
  2.3372490619082180E+00 a      1143     0    64     1     9
 -2.8813564805601455E-01 a      1144     0    64     1    10
 -1.2847373219239335E+01 a      1145     0    64     1    11
 -1.3290157620258034E+01 a      1146     0    64     1    12
 -1.9006485645341375E+01 a      1147     0    64     1    13
  3.7507118803376542E+00 a      1148     0    64     1    14
  1.0305351680569231E+01 a      1149     0    64     1    15
 -7.3604681932453699E+00 a      1150     0    64     1    16
 -1.1129626443280648E+01 a      1151     0    64     1    17
  2.3802015957582028E+00 a      1152     0    64     1    18
  3.9800238332356774E-01 b      1153     1     1
  6.1560485053581433E-03 b      1154     1     2
  4.4870430131256800E-01 b      1155     1     3
  1.4901048781190324E-01 b      1156     1     4
  4.0703598633838933E-01 b      1157     1     5
  1.3899720374954991E-01 b      1158     1     6
  8.6941268965548671E-02 b      1159     1     7
 -1.1896570832537490E-01 b      1160     1     8
  2.3651588994587605E-01 b      1161     1     9
  9.3940600709239291E-02 b      1162     1    10
  3.1786169965644057E-01 b      1163     1    11
  1.4599031932406639E-01 b      1164     1    12
  1.2888373200677936E-01 b      1165     1    13
 -2.8013898353050426E-01 b      1166     1    14
 -9.6726138132793404E-02 b      1167     1    15
  5.8026423736446946E-02 b      1168     1    16
  1.3644186603917127E-01 b      1169     1    17
 -1.2781186249636509E-02 b      1170     1    18
 -6.6984773801591235E-01 a      1171     1     1     2     1
  1.0606710423210981E+00 a      1172     1     1     2     2
 -1.9142387903716156E+00 a      1173     1     1     2     3
 -1.8760770152756193E-01 a      1174     1     1     2     4
  1.4996096333185421E-02 a      1175     1     1     2     5
 -3.0263123144515807E+00 a      1176     1     1     2     6
  4.0180802787427272E-01 a      1177     1     1     2     7
  3.3812537249533192E+00 a      1178     1     1     2     8
 -4.2633486236260294E-02 a      1179     1     1     2     9
 -7.8279615813108916E-01 a      1180     1     1     2    10
  4.8075478949913114E-01 a      1181     1     1     2    11
 -1.5958063290568728E-01 a      1182     1     1     2    12
 -7.9885975650417773E-01 a      1183     1     1     2    13
  5.2346718380290969E-01 a      1184     1     1     2    14
 -1.4601122991011839E-01 a      1185     1     1     2    15
  3.3715345128856749E+00 a      1186     1     1     2    16
 -1.7226946507530576E+00 a      1187     1     1     2    17
 -8.6152752007579658E-01 a      1188     1     1     2    18
 -2.7734785262249859E-02 a      1189     1     2     2     1
  1.2349119945000815E+00 a      1190     1     2     2     2
 -2.7455926296302837E+00 a      1191     1     2     2     3
 -2.9389589299208368E-01 a      1192     1     2     2     4
  7.5498478256215240E-01 a      1193     1     2     2     5
 -9.4625094268903120E-01 a      1194     1     2     2     6
 -1.1908766395413115E-01 a      1195     1     2     2     7
  6.4653702341195840E-01 a      1196     1     2     2     8
  1.2175762347325039E+00 a      1197     1     2     2     9
 -1.3312789515688425E-01 a      1198     1     2     2    10
  4.4022597026156057E-01 a      1199     1     2     2    11
 -4.3364366868377063E-01 a      1200     1     2     2    12
 -3.0078204619289456E-01 a      1201     1     2     2    13
  3.4126772461862209E-01 a      1202     1     2     2    14
 -6.3325083492054735E-01 a      1203     1     2     2    15
  1.3258502600613792E-01 a      1204     1     2     2    16
  4.4085821633965505E-01 a      1205     1     2     2    17
 -1.6841433497069291E-01 a      1206     1     2     2    18
 -2.7332639457048569E-01 a      1207     1     3     2     1
  1.0980599339670958E+00 a      1208     1     3     2     2
  5.6828598093497718E-01 a      1209     1     3     2     3
 -3.4074505458457061E-01 a      1210     1     3     2     4
  1.7948141563874495E-01 a      1211     1     3     2     5
  1.3049881684938029E+00 a      1212     1     3     2     6
  1.2391279905320185E+00 a      1213     1     3     2     7
 -4.1326818594662307E-01 a      1214     1     3     2     8
 -2.5568691475985694E-01 a      1215     1     3     2     9
 -2.1802034012384178E-01 a      1216     1     3     2    10
  6.8730610725009755E-01 a      1217     1     3     2    11
  8.0986767146495109E-01 a      1218     1     3     2    12
  2.2639658202856172E-01 a      1219     1     3     2    13
  1.1708098021942931E-01 a      1220     1     3     2    14
  9.8208969695074866E-02 a      1221     1     3     2    15
  1.1341932214784611E+00 a      1222     1     3     2    16
 -1.5378470377586828E-01 a      1223     1     3     2    17
  1.3387319730299249E-01 a      1224     1     3     2    18
 -2.1225036667623841E-02 a      1225     1     4     2     1
 -1.8426301227802638E-01 a      1226     1     4     2     2
  1.3584364527783386E+00 a      1227     1     4     2     3
 -2.8424085205698651E-01 a      1228     1     4     2     4
 -1.0200894906272853E+00 a      1229     1     4     2     5
  3.9455772223514263E+00 a      1230     1     4     2     6
 -1.4499281592315350E-01 a      1231     1     4     2     7
 -1.6753921752728256E+00 a      1232     1     4     2     8
  5.5810415170478345E-01 a      1233     1     4     2     9
  1.5388996086491580E+00 a      1234     1     4     2    10
 -3.7543293826049262E-01 a      1235     1     4     2    11
 -6.5166706617472994E-02 a      1236     1     4     2    12
  7.9095839319937900E-01 a      1237     1     4     2    13
 -1.2626796023579162E-01 a      1238     1     4     2    14
 -3.9241661851310804E-02 a      1239     1     4     2    15
 -3.2814776401582861E+00 a      1240     1     4     2    16
  3.9039721579923481E-01 a      1241     1     4     2    17
  4.2621675823301125E-01 a      1242     1     4     2    18
  4.5679617035983960E-01 a      1243     1     5     2     1
 -5.7895806925211901E-01 a      1244     1     5     2     2
  9.5413214968940618E-01 a      1245     1     5     2     3
  3.4112886492668248E-01 a      1246     1     5     2     4
 -2.6144743503604012E-01 a      1247     1     5     2     5
 -4.3363073839331093E-02 a      1248     1     5     2     6
  2.4805845706365631E-01 a      1249     1     5     2     7
 -9.1895037259641954E-01 a      1250     1     5     2     8
 -5.1618274552287913E-01 a      1251     1     5     2     9
  2.6491468538588536E-01 a      1252     1     5     2    10
 -3.2057499969149772E-01 a      1253     1     5     2    11
  1.8458502240129446E-01 a      1254     1     5     2    12
  9.5497404053683621E-02 a      1255     1     5     2    13
  9.2712509614902172E-01 a      1256     1     5     2    14
  6.1660048830302305E-01 a      1257     1     5     2    15
  6.7238897466154590E-01 a      1258     1     5     2    16
 -1.1614772874721720E-01 a      1259     1     5     2    17
  4.1779580610924144E-01 a      1260     1     5     2    18
  6.1798062689963107E-01 a      1261     1     6     2     1
  2.5775514521114995E-01 a      1262     1     6     2     2
 -2.1910513800909923E+00 a      1263     1     6     2     3
  5.8541053294228929E-01 a      1264     1     6     2     4
  5.4065199813049825E-01 a      1265     1     6     2     5
  3.1980475430372046E-01 a      1266     1     6     2     6
  9.5788706018068270E-01 a      1267     1     6     2     7
 -1.1069013065611537E+00 a      1268     1     6     2     8
 -3.4608546015906988E-01 a      1269     1     6     2     9
  5.0765009547333401E-02 a      1270     1     6     2    10
 -1.0883957422325400E-02 a      1271     1     6     2    11
 -3.5042910088504420E-01 a      1272     1     6     2    12
 -5.8079296121923263E-01 a      1273     1     6     2    13
  5.2329239456584087E-01 a      1274     1     6     2    14
 -7.9288366408339372E-01 a      1275     1     6     2    15
  4.7478644597315878E-01 a      1276     1     6     2    16
  8.7470316767632983E-01 a      1277     1     6     2    17
 -3.6895359253581955E-01 a      1278     1     6     2    18
  3.9884399516291813E-01 a      1279     1     7     2     1
  6.2940438800586906E-01 a      1280     1     7     2     2
  2.5148316807521365E+00 a      1281     1     7     2     3
  1.3450879916140746E-01 a      1282     1     7     2     4
 -2.7099075208605106E-01 a      1283     1     7     2     5
  2.3164376876388886E+00 a      1284     1     7     2     6
 -1.3233919060799024E+00 a      1285     1     7     2     7
  2.1801899368145761E+00 a      1286     1     7     2     8
  9.3929900029710509E-02 a      1287     1     7     2     9
  1.1905208023205585E+00 a      1288     1     7     2    10
  6.1709051954847838E-01 a      1289     1     7     2    11
  5.6391184889003465E-01 a      1290     1     7     2    12
 -4.1440717516661602E-01 a      1291     1     7     2    13
  2.6066684475634971E-01 a      1292     1     7     2    14
  1.5709200080120833E-01 a      1293     1     7     2    15
 -9.9624710982368178E-02 a      1294     1     7     2    16
  8.8457126822079735E-01 a      1295     1     7     2    17
 -6.1273280304947320E-01 a      1296     1     7     2    18
  1.5616110539555086E-01 a      1297     1     8     2     1
  5.8958993070803933E-01 a      1298     1     8     2     2
 -5.6438692473001029E-01 a      1299     1     8     2     3
 -3.3141358689199008E-01 a      1300     1     8     2     4
  2.4546940512452575E-01 a      1301     1     8     2     5
  7.9219608431002286E-01 a      1302     1     8     2     6
  5.7405050908660393E-01 a      1303     1     8     2     7
  1.2612947446862701E+00 a      1304     1     8     2     8
  6.6131357606967101E-01 a      1305     1     8     2     9
  5.1348418474337894E-04 a      1306     1     8     2    10
  1.3412798772117884E-01 a      1307     1     8     2    11
  3.1203896564989096E-02 a      1308     1     8     2    12
  9.2456805909017420E-02 a      1309     1     8     2    13
  1.6949300996981345E-01 a      1310     1     8     2    14
 -4.7940476518230057E-01 a      1311     1     8     2    15
  1.4776999753675621E+00 a      1312     1     8     2    16
  7.1736900403742768E-02 a      1313     1     8     2    17
 -2.2756392970364384E-01 a      1314     1     8     2    18
  5.8895776089472407E-01 a      1315     1     9     2     1
 -4.5017101159521476E-02 a      1316     1     9     2     2
  3.6630265110389437E-01 a      1317     1     9     2     3
 -1.1975842841773274E+00 a      1318     1     9     2     4
 -8.2969878281427722E-01 a      1319     1     9     2     5
  1.6594157220124621E+00 a      1320     1     9     2     6
 -3.8224239378295205E-01 a      1321     1     9     2     7
 -8.5494913645785764E-01 a      1322     1     9     2     8
  9.6922851055843626E-03 a      1323     1     9     2     9
  7.4272906798256189E-01 a      1324     1     9     2    10
  6.8420681636725333E-01 a      1325     1     9     2    11
  1.2087674890200126E+00 a      1326     1     9     2    12
  5.8762651835577029E-01 a      1327     1     9     2    13
  7.0625032860671122E-01 a      1328     1     9     2    14
  1.6260907004704150E-01 a      1329     1     9     2    15
  4.7772387674511557E-01 a      1330     1     9     2    16
 -6.0189149398161135E-01 a      1331     1     9     2    17
 -4.3892010868012300E-03 a      1332     1     9     2    18
 -9.0083379150399878E-01 a      1333     1    10     2     1
  1.2032753547456343E-01 a      1334     1    10     2     2
  1.8059952743699892E+00 a      1335     1    10     2     3
 -1.7020867917850507E-01 a      1336     1    10     2     4
  1.0889445851934452E+00 a      1337     1    10     2     5
 -2.0276616480945813E+00 a      1338     1    10     2     6
 -1.1005110207009920E-02 a      1339     1    10     2     7
  7.2130613764207541E-01 a      1340     1    10     2     8
 -2.7524476328066937E-02 a      1341     1    10     2     9
  3.0863808184185887E-01 a      1342     1    10     2    10
 -1.3464944419314739E-01 a      1343     1    10     2    11
 -5.0036564513017900E-01 a      1344     1    10     2    12
 -8.7139170007090178E-02 a      1345     1    10     2    13
 -1.4052808241880084E+00 a      1346     1    10     2    14
 -5.6427495929089255E-01 a      1347     1    10     2    15
 -1.4586912166155850E+00 a      1348     1    10     2    16
 -8.1371970728315335E-01 a      1349     1    10     2    17
  4.3314729488674103E-01 a      1350     1    10     2    18
  1.1066470819427656E+00 a      1351     1    11     2     1
  4.0620909158512374E-02 a      1352     1    11     2     2
 -9.9712099908554674E-02 a      1353     1    11     2     3
  1.8095565192057261E-01 a      1354     1    11     2     4
 -3.8916825272044594E-03 a      1355     1    11     2     5
 -1.4769245628976639E+00 a      1356     1    11     2     6
 -3.0210956742175304E-01 a      1357     1    11     2     7
 -2.0740165406819533E+00 a      1358     1    11     2     8
 -7.5972167192072015E-01 a      1359     1    11     2     9
  1.8759362628468033E+00 a      1360     1    11     2    10
  2.5459361265004693E-01 a      1361     1    11     2    11
  3.5428844425928274E-01 a      1362     1    11     2    12
  3.5904323541950389E-01 a      1363     1    11     2    13
  6.7916020775199870E-01 a      1364     1    11     2    14
 -7.7196692974516057E-01 a      1365     1    11     2    15
  7.3829054189205179E-01 a      1366     1    11     2    16
  8.5556365495200259E-01 a      1367     1    11     2    17
  5.3472175286247914E-01 a      1368     1    11     2    18
 -7.9787595469436523E-01 a      1369     1    12     2     1
 -3.5586815327102297E-02 a      1370     1    12     2     2
 -1.4650906319118149E+00 a      1371     1    12     2     3
  5.4035665745070993E-01 a      1372     1    12     2     4
 -1.4924161097471262E+00 a      1373     1    12     2     5
  2.3116676610946389E+00 a      1374     1    12     2     6
 -7.2312039366197567E-01 a      1375     1    12     2     7
  2.3323251306064599E+00 a      1376     1    12     2     8
  3.7996221753545295E-01 a      1377     1    12     2     9
  1.1383016352962207E+00 a      1378     1    12     2    10
  2.4831439462559726E-01 a      1379     1    12     2    11
  7.5059737319029074E-01 a      1380     1    12     2    12
 -2.7234288511003579E-01 a      1381     1    12     2    13
 -3.0750880011704573E-01 a      1382     1    12     2    14
 -1.6388759636895947E+00 a      1383     1    12     2    15
  2.7121725360993989E+00 a      1384     1    12     2    16
 -7.3547753485294454E-01 a      1385     1    12     2    17
 -7.4396200946818614E-01 a      1386     1    12     2    18
 -1.8108686624668033E-01 a      1387     1    13     2     1
  5.9845658905515198E-01 a      1388     1    13     2     2
  1.9690441553586430E-01 a      1389     1    13     2     3
 -5.1564753890415774E-02 a      1390     1    13     2     4
  7.1649360423475306E-01 a      1391     1    13     2     5
  1.4739687610993464E+00 a      1392     1    13     2     6
 -3.7062281938508690E-01 a      1393     1    13     2     7
  1.0068819831013116E+00 a      1394     1    13     2     8
  4.7894200002657211E-01 a      1395     1    13     2     9
 -9.7242800270635581E-03 a      1396     1    13     2    10
  1.7027290478831453E-01 a      1397     1    13     2    11
 -3.7345374715387659E-02 a      1398     1    13     2    12
 -1.7013307567927145E-02 a      1399     1    13     2    13
 -6.1684309976559978E-02 a      1400     1    13     2    14
 -1.4006165592973768E-01 a      1401     1    13     2    15
 -2.3310259379558426E-01 a      1402     1    13     2    16
  6.8805787866238266E-01 a      1403     1    13     2    17
  7.6008158654814695E-01 a      1404     1    13     2    18
  3.2764440094962499E-01 a      1405     1    14     2     1
 -5.1615776801999824E-01 a      1406     1    14     2     2
  5.2098529488862679E+00 a      1407     1    14     2     3
  6.3430960399345349E-01 a      1408     1    14     2     4
 -2.4401953375979684E+00 a      1409     1    14     2     5
  2.4690560692980181E+00 a      1410     1    14     2     6
  6.2937964040499950E-01 a      1411     1    14     2     7
 -4.8196945771293337E-01 a      1412     1    14     2     8
 -1.8537411001875201E+00 a      1413     1    14     2     9
  2.5911239316440837E+00 a      1414     1    14     2    10
 -1.7576376220239029E-01 a      1415     1    14     2    11
  3.6341333694209482E-01 a      1416     1    14     2    12
 -1.9014993448461834E-01 a      1417     1    14     2    13
  4.6706835906331001E-01 a      1418     1    14     2    14
  3.9576621580418048E-01 a      1419     1    14     2    15
 -1.6585244731256645E+00 a      1420     1    14     2    16
 -3.0425361916141636E-01 a      1421     1    14     2    17
 -1.1802987440585071E+00 a      1422     1    14     2    18
  3.0351335964257814E-01 a      1423     1    15     2     1
 -3.9588099067532682E-02 a      1424     1    15     2     2
 -1.8287112946346920E+00 a      1425     1    15     2     3
  6.5700534607077893E-02 a      1426     1    15     2     4
  1.4127225967190848E+00 a      1427     1    15     2     5
  7.1347961766759149E-01 a      1428     1    15     2     6
 -9.3532242335381321E-01 a      1429     1    15     2     7
  4.8058464787649585E-01 a      1430     1    15     2     8
 -7.3544891223830966E-01 a      1431     1    15     2     9
  3.8866880975183787E-01 a      1432     1    15     2    10
  6.3522333147781759E-02 a      1433     1    15     2    11
  1.5634418955961110E-01 a      1434     1    15     2    12
  8.6052403360011819E-03 a      1435     1    15     2    13
  6.9211708389319809E-02 a      1436     1    15     2    14
  3.5353460602214126E-01 a      1437     1    15     2    15
  1.5946443655562745E+00 a      1438     1    15     2    16
 -6.6281644233095915E-01 a      1439     1    15     2    17
  3.8584939459349465E-01 a      1440     1    15     2    18
  9.7890331307796408E-01 a      1441     1    16     2     1
 -1.0690135758600228E+00 a      1442     1    16     2     2
  3.4987666272228912E-01 a      1443     1    16     2     3
  7.6423963795959182E-01 a      1444     1    16     2     4
 -7.5232941871757331E-01 a      1445     1    16     2     5
 -1.6969098988918854E+00 a      1446     1    16     2     6
  1.4420467511937634E+00 a      1447     1    16     2     7
  1.1513041017270605E-02 a      1448     1    16     2     8
 -1.0555175861413950E+00 a      1449     1    16     2     9
 -1.0835375946957888E+00 a      1450     1    16     2    10
 -4.4259740946087728E-01 a      1451     1    16     2    11
 -5.9193900710688541E-01 a      1452     1    16     2    12
 -3.7643572709558693E-01 a      1453     1    16     2    13
 -6.4471660799963637E-01 a      1454     1    16     2    14
 -5.4286929870500189E-01 a      1455     1    16     2    15
 -5.0186277543534963E-01 a      1456     1    16     2    16
  7.6576518367215618E-01 a      1457     1    16     2    17
 -8.6241346223752313E-01 a      1458     1    16     2    18
 -3.4793347533457319E-01 a      1459     1    17     2     1
 -2.0754636183549754E-01 a      1460     1    17     2     2
 -1.2141417828838523E+00 a      1461     1    17     2     3
 -3.4757207259477169E-01 a      1462     1    17     2     4
  6.0961137760734785E-01 a      1463     1    17     2     5
 -8.2851172892676694E-01 a      1464     1    17     2     6
  3.9733634174167748E-01 a      1465     1    17     2     7
 -1.1535100145156112E+00 a      1466     1    17     2     8
 -3.1923033544114943E-01 a      1467     1    17     2     9
 -2.5840662703504347E-01 a      1468     1    17     2    10
 -1.9281148577174456E-01 a      1469     1    17     2    11
 -2.5500025308277174E-01 a      1470     1    17     2    12
  1.5099169620822980E-01 a      1471     1    17     2    13
 -3.0128083818470019E-01 a      1472     1    17     2    14
 -6.4625639456011547E-02 a      1473     1    17     2    15
 -3.8221722532759694E-01 a      1474     1    17     2    16
 -8.5250012405844322E-01 a      1475     1    17     2    17
  5.0333897864889177E-01 a      1476     1    17     2    18
  1.0686414856608596E-01 a      1477     1    18     2     1
  3.6819546953361648E-01 a      1478     1    18     2     2
 -1.9079687619777177E+00 a      1479     1    18     2     3
 -2.3996596184761265E-01 a      1480     1    18     2     4
  4.7557527931236987E-01 a      1481     1    18     2     5
  2.7425255121374464E-01 a      1482     1    18     2     6
 -9.7070260644783346E-01 a      1483     1    18     2     7
 -2.2518739166933894E+00 a      1484     1    18     2     8
  5.5591961817707203E-01 a      1485     1    18     2     9
 -8.7127144869171802E-01 a      1486     1    18     2    10
  1.7300303072309905E-01 a      1487     1    18     2    11
 -1.9286527467888712E-01 a      1488     1    18     2    12
 -7.7731682034996741E-01 a      1489     1    18     2    13
  5.8707839921265492E-01 a      1490     1    18     2    14
 -1.4257246143586400E-01 a      1491     1    18     2    15
  2.1503956469828958E-01 a      1492     1    18     2    16
  3.6131767511697599E-01 a      1493     1    18     2    17
  1.6028212801739659E+00 a      1494     1    18     2    18
 -5.6683491552849996E-01 b      1495     2     1
  2.1254452593834773E-02 b      1496     2     2
 -1.1530380161574347E+00 b      1497     2     3
 -7.4166043943148074E-01 b      1498     2     4
  1.4503954335619598E+00 b      1499     2     5
 -1.0314679786953143E+00 b      1500     2     6
  1.2408977096285596E+00 b      1501     2     7
 -5.7214723796509957E-02 b      1502     2     8
 -3.5907302851507239E-01 b      1503     2     9
 -3.5359281206332955E+00 b      1504     2    10
 -6.4439392575808019E-01 b      1505     2    11
 -3.5560384985345345E-01 b      1506     2    12
  1.7331486718953015E-01 b      1507     2    13
 -1.1763631919233730E+00 b      1508     2    14
  2.3442796811912797E-01 b      1509     2    15
 -3.0588991372889378E+00 b      1510     2    16
  1.5754716644298616E-01 b      1511     2    17
 -8.0685468205699817E-01 b      1512     2    18
 -2.0450599071143888E-01 a      1513     2     1     3     1
 -4.0488844924991990E-01 a      1514     2     2     3     1
 -2.2418922646303102E-02 a      1515     2     3     3     1
 -1.9540660144586777E-01 a      1516     2     4     3     1
  8.9824292346264309E-02 a      1517     2     5     3     1
  4.3240316703266335E-02 a      1518     2     6     3     1
  5.3602414387831858E-02 a      1519     2     7     3     1
 -1.7265474354141351E-02 a      1520     2     8     3     1
  4.0741195503192401E-01 a      1521     2     9     3     1
  3.3865683746512790E-02 a      1522     2    10     3     1
  6.9394239827551807E-01 a      1523     2    11     3     1
 -4.3916512073582498E-01 a      1524     2    12     3     1
  3.8862063078438130E-01 a      1525     2    13     3     1
  1.2080493665407188E-01 a      1526     2    14     3     1
  3.5036369799886807E-01 a      1527     2    15     3     1
  3.4158866090395437E-02 a      1528     2    16     3     1
  1.5194640565562242E-01 a      1529     2    17     3     1
 -1.3325506454108374E-01 a      1530     2    18     3     1
  2.5146446357751425E-02 b      1531     3     1
