################################################################################
# Neural network connection values (weights and biases).
################################################################################
# Col  Name       Description
################################################################################
# 1    connection Neural network connection value.
# 2    t          Connection type (a = weight, b = bias).
# 3    index      Index enumerating weights.
# 4    l_s        Starting point layer (end point layer for biases).
# 5    n_s        Starting point neuron in starting layer (end point neuron for biases).
# 6    l_e        End point layer.
# 7    n_e        End point neuron in end layer.
################################################################################
#                      1 2         3     4     5     6     7
#             connection t     index   l_s   n_s   l_e   n_e
############################################################
 -2.7870175795087464E+00 a         1     0     1     1     1
  4.5210613157118945E-01 a         2     0     1     1     2
  2.7669374920440108E+00 a         3     0     1     1     3
 -1.1257847903178819E+00 a         4     0     1     1     4
 -7.8006699256525402E-01 a         5     0     1     1     5
  2.0106274652196658E+00 a         6     0     1     1     6
  2.0568530659555648E+00 a         7     0     1     1     7
 -2.7299136728009099E+00 a         8     0     1     1     8
 -1.9082240270473825E+00 a         9     0     1     1     9
  6.1613865138562396E-01 a        10     0     1     1    10
 -1.4244807561231780E+00 a        11     0     1     1    11
  1.9164735748076100E+00 a        12     0     1     1    12
  2.1596332099994635E+00 a        13     0     1     1    13
 -2.1175667912109530E-01 a        14     0     1     1    14
  2.8821343233735588E+00 a        15     0     1     1    15
  9.6143208374583056E-01 a        16     0     1     1    16
  8.2426319872624110E-02 a        17     0     1     1    17
  2.5746963271363379E+00 a        18     0     1     1    18
 -3.5908010163259356E+00 a        19     0     2     1     1
  4.9029430294113890E-01 a        20     0     2     1     2
  1.0030688783928211E-01 a        21     0     2     1     3
  1.0928641456566859E-01 a        22     0     2     1     4
  2.4692666251941589E-01 a        23     0     2     1     5
  4.2950844613953310E+00 a        24     0     2     1     6
 -4.8388192061963387E-01 a        25     0     2     1     7
  5.0437463768381177E+00 a        26     0     2     1     8
 -8.7990513482790245E-01 a        27     0     2     1     9
  1.7818773941575377E+00 a        28     0     2     1    10
  1.5553095811235125E+00 a        29     0     2     1    11
  1.1782518578068628E+00 a        30     0     2     1    12
 -1.6803896094423179E+00 a        31     0     2     1    13
  1.9727752142694059E+00 a        32     0     2     1    14
  6.5946485561133028E-01 a        33     0     2     1    15
  6.4265034615198779E-01 a        34     0     2     1    16
  1.7777957240126900E+00 a        35     0     2     1    17
  1.6162521173152982E+00 a        36     0     2     1    18
  2.4339197282584450E+00 a        37     0     3     1     1
 -6.3777956563266338E+00 a        38     0     3     1     2
  2.3999399120598737E+00 a        39     0     3     1     3
  1.6675082146126867E+00 a        40     0     3     1     4
 -3.7696067296937641E+00 a        41     0     3     1     5
  2.4256308848095132E+00 a        42     0     3     1     6
 -3.2302789930504954E+00 a        43     0     3     1     7
  6.6759800519584322E+00 a        44     0     3     1     8
 -7.4549434223898448E-01 a        45     0     3     1     9
  2.5362274795261164E+00 a        46     0     3     1    10
  2.3966912146064665E+00 a        47     0     3     1    11
  8.3980638135637307E+00 a        48     0     3     1    12
 -1.1156972368856910E+00 a        49     0     3     1    13
  1.3711839449718852E+00 a        50     0     3     1    14
 -4.0041068865505675E-01 a        51     0     3     1    15
  2.6930409316090689E+00 a        52     0     3     1    16
  5.2847440538305823E-01 a        53     0     3     1    17
 -2.5706235498573400E+00 a        54     0     3     1    18
  2.8075662033250226E+00 a        55     0     4     1     1
 -2.4034525665769935E+00 a        56     0     4     1     2
  2.3260759446186610E+00 a        57     0     4     1     3
 -6.6318183566276812E-01 a        58     0     4     1     4
 -4.3088646524920868E+00 a        59     0     4     1     5
 -3.2507664349014349E+00 a        60     0     4     1     6
 -5.4525838391209125E-01 a        61     0     4     1     7
 -4.3298802298878138E+00 a        62     0     4     1     8
 -9.8697137282770897E-01 a        63     0     4     1     9
 -1.9671751109635003E+00 a        64     0     4     1    10
  6.9586476390288943E-01 a        65     0     4     1    11
  6.2489075173809305E-01 a        66     0     4     1    12
  1.5452762115823235E+00 a        67     0     4     1    13
 -3.1178442303996268E-01 a        68     0     4     1    14
  3.3353153997507512E-01 a        69     0     4     1    15
  4.1187683243731055E+00 a        70     0     4     1    16
  2.4953629783942977E+00 a        71     0     4     1    17
  3.3465324624902215E+00 a        72     0     4     1    18
  1.8061200448414658E+00 a        73     0     5     1     1
  2.8388597587522826E+00 a        74     0     5     1     2
 -1.2680560942323054E+00 a        75     0     5     1     3
 -2.6591280265039106E+00 a        76     0     5     1     4
 -1.4478676876030254E+00 a        77     0     5     1     5
  2.1693167880726163E+00 a        78     0     5     1     6
 -5.5526859518971017E-01 a        79     0     5     1     7
 -1.0511809005544146E+01 a        80     0     5     1     8
  3.6874839064893122E-01 a        81     0     5     1     9
 -3.1434696034524907E+00 a        82     0     5     1    10
  4.9522087513544557E+00 a        83     0     5     1    11
 -2.6423679633771315E+00 a        84     0     5     1    12
 -9.0434081617365514E-01 a        85     0     5     1    13
  3.6535966342309578E+00 a        86     0     5     1    14
 -2.9088107511355643E-01 a        87     0     5     1    15
  2.9734562483382163E+00 a        88     0     5     1    16
  1.8859097325898366E+00 a        89     0     5     1    17
  1.6263092380320694E+00 a        90     0     5     1    18
  1.3435630610494131E+00 a        91     0     6     1     1
  3.2394467846263253E-01 a        92     0     6     1     2
 -2.5284165882704466E+00 a        93     0     6     1     3
 -1.5347328558220016E-01 a        94     0     6     1     4
  8.0700135755579294E-01 a        95     0     6     1     5
 -1.6960234014032292E+00 a        96     0     6     1     6
 -1.5947240830442833E+00 a        97     0     6     1     7
  2.8511319974719167E+00 a        98     0     6     1     8
  3.4220059326755488E+00 a        99     0     6     1     9
  8.3241705435995725E-02 a       100     0     6     1    10
  8.3070589057689836E-01 a       101     0     6     1    11
 -3.1473709831842394E+00 a       102     0     6     1    12
 -8.1017003941559496E-01 a       103     0     6     1    13
  6.3370485608177041E-02 a       104     0     6     1    14
 -4.0962484524104807E+00 a       105     0     6     1    15
 -1.0305103662336002E+00 a       106     0     6     1    16
  7.9962589865662392E-01 a       107     0     6     1    17
 -1.6460837895038030E+00 a       108     0     6     1    18
  9.5873350128514412E-01 a       109     0     7     1     1
  9.9076098710644078E-01 a       110     0     7     1     2
 -1.7545273875419980E+00 a       111     0     7     1     3
 -9.5443995375148261E-01 a       112     0     7     1     4
  2.9410806398386420E+00 a       113     0     7     1     5
  1.0135851970437606E+00 a       114     0     7     1     6
  1.3409637024434902E+00 a       115     0     7     1     7
  1.0263679146156242E+00 a       116     0     7     1     8
  9.6175231430992569E-01 a       117     0     7     1     9
  5.7346320769597581E-01 a       118     0     7     1    10
 -2.0099330852440640E+00 a       119     0     7     1    11
 -8.3616788618410687E-01 a       120     0     7     1    12
 -4.9047079826665207E-01 a       121     0     7     1    13
  1.5857547998041358E-01 a       122     0     7     1    14
 -4.7334531298478927E-01 a       123     0     7     1    15
 -1.2949699599063680E+00 a       124     0     7     1    16
 -1.4979153672037904E+00 a       125     0     7     1    17
 -2.3776535941351851E+00 a       126     0     7     1    18
 -2.0742101474819523E+00 a       127     0     8     1     1
  8.9068536348045302E-01 a       128     0     8     1     2
  1.9182476645901738E+00 a       129     0     8     1     3
  7.5363251625506755E-01 a       130     0     8     1     4
  2.0952252403899045E+00 a       131     0     8     1     5
 -2.1676174547947045E+00 a       132     0     8     1     6
  2.4546394349513307E+00 a       133     0     8     1     7
  3.9535763751559165E+00 a       134     0     8     1     8
  2.1426122657968616E-01 a       135     0     8     1     9
  1.8525811255446800E+00 a       136     0     8     1    10
 -4.0456989841704463E+00 a       137     0     8     1    11
 -2.3308523410793329E+00 a       138     0     8     1    12
  1.0753275018579367E+00 a       139     0     8     1    13
 -3.7976394904223807E+00 a       140     0     8     1    14
  9.2720061478929328E-01 a       141     0     8     1    15
 -5.1985414462148194E-01 a       142     0     8     1    16
  5.6051297924812038E-01 a       143     0     8     1    17
  5.2386625742433401E-01 a       144     0     8     1    18
 -2.8453367388608852E-01 a       145     0     9     1     1
 -5.8474318246897616E-01 a       146     0     9     1     2
  1.7232710716355744E+00 a       147     0     9     1     3
  1.9843409079165697E-01 a       148     0     9     1     4
 -1.0670673281242977E-01 a       149     0     9     1     5
  2.2966869557883274E+00 a       150     0     9     1     6
  3.1912991161851134E-01 a       151     0     9     1     7
 -1.2197301883930634E+00 a       152     0     9     1     8
 -1.9764714049531122E+00 a       153     0     9     1     9
  5.2442324796486406E-01 a       154     0     9     1    10
 -7.8535327414556810E-01 a       155     0     9     1    11
  1.5234550936669442E+00 a       156     0     9     1    12
  3.9313492348913948E-01 a       157     0     9     1    13
 -7.4210237122214986E-02 a       158     0     9     1    14
  3.0766389782637411E+00 a       159     0     9     1    15
  1.8072689260797572E+00 a       160     0     9     1    16
  3.3571313460085184E-01 a       161     0     9     1    17
  7.8461733291764790E-01 a       162     0     9     1    18
  3.7723176178057058E+00 a       163     0    10     1     1
  8.6645317091579388E-01 a       164     0    10     1     2
 -1.7364006363210009E+00 a       165     0    10     1     3
 -6.5835342372124150E-01 a       166     0    10     1     4
  4.6559052468077394E-01 a       167     0    10     1     5
 -3.9073238499592713E+00 a       168     0    10     1     6
 -1.5736715936079526E+00 a       169     0    10     1     7
 -1.1102445696595666E-01 a       170     0    10     1     8
 -9.3469914652594588E-01 a       171     0    10     1     9
  7.0425742872923691E-01 a       172     0    10     1    10
  3.6497215032786778E+00 a       173     0    10     1    11
  2.5318114324399903E+00 a       174     0    10     1    12
 -2.7854402725540188E+00 a       175     0    10     1    13
 -1.1643344879020086E+00 a       176     0    10     1    14
 -3.7336139385968288E+00 a       177     0    10     1    15
  4.9670190121850044E-01 a       178     0    10     1    16
  1.7592242981662465E+00 a       179     0    10     1    17
 -5.2202349648517297E+00 a       180     0    10     1    18
  2.9927538471384132E+00 a       181     0    11     1     1
  1.9452800454524481E+00 a       182     0    11     1     2
 -4.4839783047309458E+00 a       183     0    11     1     3
  1.4368686076926425E+00 a       184     0    11     1     4
  3.1948418799632718E+00 a       185     0    11     1     5
 -2.2551840872224496E+00 a       186     0    11     1     6
  2.5474259294261321E+00 a       187     0    11     1     7
 -7.3354315246471122E+00 a       188     0    11     1     8
  1.6860470535063330E+00 a       189     0    11     1     9
 -2.5492729900600281E-01 a       190     0    11     1    10
 -1.7734984578975548E+00 a       191     0    11     1    11
 -6.6241129947886584E-02 a       192     0    11     1    12
 -6.0959170282653574E-02 a       193     0    11     1    13
 -4.5038677990813891E+00 a       194     0    11     1    14
 -2.6826213768576883E+00 a       195     0    11     1    15
 -1.9636171281243517E+00 a       196     0    11     1    16
  1.0570490986821637E+00 a       197     0    11     1    17
 -6.1022662652774917E+00 a       198     0    11     1    18
 -4.4955644166119386E+00 a       199     0    12     1     1
  2.9469537894573772E-01 a       200     0    12     1     2
 -4.0811594453012461E+00 a       201     0    12     1     3
  9.2243723786973320E-02 a       202     0    12     1     4
  2.4588675818661652E+00 a       203     0    12     1     5
 -2.4569592169943775E+00 a       204     0    12     1     6
  8.3796745098728531E-02 a       205     0    12     1     7
 -2.8936002309984121E+00 a       206     0    12     1     8
 -5.0636162902137070E+00 a       207     0    12     1     9
 -4.9603492291943746E-01 a       208     0    12     1    10
 -3.9438623659458867E+00 a       209     0    12     1    11
 -2.8144371394880343E+00 a       210     0    12     1    12
  3.9352932506177923E-01 a       211     0    12     1    13
 -6.6153808510460426E+00 a       212     0    12     1    14
 -9.0146351486151605E-02 a       213     0    12     1    15
 -3.7318319657809056E+00 a       214     0    12     1    16
 -1.2028784589078505E+00 a       215     0    12     1    17
 -5.6935954305116621E-01 a       216     0    12     1    18
 -1.1200429161158780E+00 a       217     0    13     1     1
  4.4331128638297451E-01 a       218     0    13     1     2
  2.8775829686840817E+00 a       219     0    13     1     3
  1.9348546164208937E+00 a       220     0    13     1     4
 -2.0281034952080348E+00 a       221     0    13     1     5
 -1.2739704525629636E-01 a       222     0    13     1     6
  6.7601979976012871E-01 a       223     0    13     1     7
  1.6018737812051123E+00 a       224     0    13     1     8
 -3.4610916849119517E+00 a       225     0    13     1     9
  1.2680486121075937E-01 a       226     0    13     1    10
 -2.5445312672304415E-01 a       227     0    13     1    11
  4.8184838053959711E-01 a       228     0    13     1    12
 -1.5339361922534860E+00 a       229     0    13     1    13
  8.1798630756240198E-01 a       230     0    13     1    14
  1.4468293377950661E+00 a       231     0    13     1    15
 -1.8479451355430836E+00 a       232     0    13     1    16
 -1.5124630783103916E+00 a       233     0    13     1    17
 -1.3844545519597184E-01 a       234     0    13     1    18
 -2.0711020147981758E+00 a       235     0    14     1     1
 -4.4594003526081831E+00 a       236     0    14     1     2
 -7.4126593953338571E-01 a       237     0    14     1     3
  7.6396159539662767E-01 a       238     0    14     1     4
  7.6927777262996422E-01 a       239     0    14     1     5
 -1.2103599316859002E+00 a       240     0    14     1     6
 -1.4286278487851496E+00 a       241     0    14     1     7
  2.8750508020702958E+00 a       242     0    14     1     8
 -9.7756443872707477E-01 a       243     0    14     1     9
  3.7329078869443055E-01 a       244     0    14     1    10
 -2.0862619490577639E+00 a       245     0    14     1    11
  6.1320581636599236E-01 a       246     0    14     1    12
  4.6642369775351783E-01 a       247     0    14     1    13
 -1.1702830315417692E+00 a       248     0    14     1    14
 -1.1371944911792273E+00 a       249     0    14     1    15
 -6.8295801929891176E-01 a       250     0    14     1    16
 -3.0408050025361408E+00 a       251     0    14     1    17
  1.8444590093748592E+00 a       252     0    14     1    18
 -1.1905380019925955E+00 a       253     0    15     1     1
  1.8057417857388698E+00 a       254     0    15     1     2
  2.5972169578634792E+00 a       255     0    15     1     3
  2.3068739172298836E+00 a       256     0    15     1     4
  1.9838637772185536E-01 a       257     0    15     1     5
 -9.2182989584396402E-01 a       258     0    15     1     6
  2.0077994657428083E-01 a       259     0    15     1     7
 -2.1437248216663916E+00 a       260     0    15     1     8
  1.1757219137758530E+00 a       261     0    15     1     9
  6.7382634533280317E-01 a       262     0    15     1    10
 -1.3042615361890425E-01 a       263     0    15     1    11
  5.0029796846922663E+00 a       264     0    15     1    12
 -2.1230383745379737E+00 a       265     0    15     1    13
 -1.9649259680311264E+00 a       266     0    15     1    14
  1.0459724690063028E+00 a       267     0    15     1    15
 -7.7977173705045344E-01 a       268     0    15     1    16
 -8.8743248568848054E-01 a       269     0    15     1    17
 -1.6320277716288152E+00 a       270     0    15     1    18
  2.8673143767143749E-02 a       271     0    16     1     1
  1.3377932598535032E+00 a       272     0    16     1     2
  1.4813748044379971E+00 a       273     0    16     1     3
 -4.0765575915575525E+00 a       274     0    16     1     4
 -3.2530948157503081E+00 a       275     0    16     1     5
  3.7194209388796127E+00 a       276     0    16     1     6
 -1.5993415001800240E+00 a       277     0    16     1     7
  3.1118985277108844E+00 a       278     0    16     1     8
  2.4218222083673830E+00 a       279     0    16     1     9
 -2.8467770781278716E+00 a       280     0    16     1    10
  1.3790477013735154E+00 a       281     0    16     1    11
  4.4614310877009364E+00 a       282     0    16     1    12
 -4.5822291429643212E+00 a       283     0    16     1    13
  1.9929354064769986E+00 a       284     0    16     1    14
 -7.3548289364511665E-01 a       285     0    16     1    15
  3.1287802023889539E+00 a       286     0    16     1    16
  2.4948859036388686E+00 a       287     0    16     1    17
  4.5789125497197389E+00 a       288     0    16     1    18
 -1.5194863942753798E+00 a       289     0    17     1     1
  1.5434152103438870E+00 a       290     0    17     1     2
 -2.5107259822224185E-03 a       291     0    17     1     3
  1.0368165353347656E+00 a       292     0    17     1     4
  1.1348748547561898E+00 a       293     0    17     1     5
 -3.4452425528119406E+00 a       294     0    17     1     6
  1.1844880578897958E+00 a       295     0    17     1     7
 -8.0148419233719470E-01 a       296     0    17     1     8
  3.3859835237403528E+00 a       297     0    17     1     9
  2.6342224287506488E-01 a       298     0    17     1    10
  1.4030901785877685E+00 a       299     0    17     1    11
 -1.2752553759144489E+00 a       300     0    17     1    12
 -9.5738846540513323E-01 a       301     0    17     1    13
  1.6326609459071884E+00 a       302     0    17     1    14
 -2.1001295991770923E+00 a       303     0    17     1    15
 -5.6297170282179032E-01 a       304     0    17     1    16
 -1.4214048532319282E-01 a       305     0    17     1    17
  9.1758433386966598E-02 a       306     0    17     1    18
 -1.1390641611319290E+00 a       307     0    18     1     1
  2.0392215383143103E-01 a       308     0    18     1     2
  1.1935524786616181E+00 a       309     0    18     1     3
 -8.2756985527517501E-01 a       310     0    18     1     4
 -5.6697681852120629E-01 a       311     0    18     1     5
  1.1604936888477591E+00 a       312     0    18     1     6
  1.1263321996002955E+00 a       313     0    18     1     7
  2.6350338774663162E-01 a       314     0    18     1     8
 -1.3224085528763765E-01 a       315     0    18     1     9
 -1.3825166443423185E+00 a       316     0    18     1    10
 -4.4714364250480293E-01 a       317     0    18     1    11
  8.9447626476709596E-01 a       318     0    18     1    12
 -5.9044534953898331E-02 a       319     0    18     1    13
  1.2402369485243461E+00 a       320     0    18     1    14
  6.1466758261637544E-01 a       321     0    18     1    15
 -3.1809467761200821E-01 a       322     0    18     1    16
 -1.7352297187773620E+00 a       323     0    18     1    17
  1.3638124369085533E-01 a       324     0    18     1    18
 -9.0179687590072044E-01 a       325     0    19     1     1
  1.5823155673676308E+00 a       326     0    19     1     2
  1.8849131307973170E+00 a       327     0    19     1     3
  1.1100675675280514E+00 a       328     0    19     1     4
  1.9173488243283632E+00 a       329     0    19     1     5
 -8.4556757905176150E-01 a       330     0    19     1     6
  2.2220333881584260E+00 a       331     0    19     1     7
  5.1365237358317517E-01 a       332     0    19     1     8
 -1.3160484743831005E+00 a       333     0    19     1     9
 -1.4334246871806053E-01 a       334     0    19     1    10
  1.5037246510225901E+00 a       335     0    19     1    11
  4.0647101625794185E-02 a       336     0    19     1    12
 -1.4635968306394148E-01 a       337     0    19     1    13
  1.3313749898993339E+00 a       338     0    19     1    14
  9.8737631289476646E-01 a       339     0    19     1    15
 -1.3548363289514471E+00 a       340     0    19     1    16
  1.1936134100933484E+00 a       341     0    19     1    17
  1.1567238694910043E+00 a       342     0    19     1    18
  3.2569664113036940E+00 a       343     0    20     1     1
 -1.4575748490730664E+00 a       344     0    20     1     2
  2.3000144908689205E-01 a       345     0    20     1     3
 -1.7039057230159373E+00 a       346     0    20     1     4
 -1.4163177973205374E+00 a       347     0    20     1     5
 -1.7860261458465352E+00 a       348     0    20     1     6
 -2.6334813038344000E+00 a       349     0    20     1     7
  9.6797510456927727E-01 a       350     0    20     1     8
  1.4865777390576418E-01 a       351     0    20     1     9
  1.0766046374875076E+00 a       352     0    20     1    10
 -2.6564155599657839E+00 a       353     0    20     1    11
 -3.0990453622312231E+00 a       354     0    20     1    12
  2.3889486827649735E+00 a       355     0    20     1    13
  1.1312896364230547E+00 a       356     0    20     1    14
  6.6540543341714109E-02 a       357     0    20     1    15
  1.9309791318011154E+00 a       358     0    20     1    16
 -4.0561357167093313E+00 a       359     0    20     1    17
  8.4635232221759149E-01 a       360     0    20     1    18
  1.5808631781360081E+00 a       361     0    21     1     1
 -4.9222272547481527E+00 a       362     0    21     1     2
 -3.9452252592344673E-02 a       363     0    21     1     3
  9.7186712361743935E-02 a       364     0    21     1     4
  3.9277886101272936E+00 a       365     0    21     1     5
 -2.9366025039345196E+00 a       366     0    21     1     6
 -5.8493676174231723E-01 a       367     0    21     1     7
  1.3048155009455114E+00 a       368     0    21     1     8
  2.0920838249119003E+00 a       369     0    21     1     9
  5.0885705298598105E-01 a       370     0    21     1    10
 -1.0831519595688801E+00 a       371     0    21     1    11
 -3.9177448299969995E+00 a       372     0    21     1    12
  5.1715763514951982E+00 a       373     0    21     1    13
  5.1811864755760473E-01 a       374     0    21     1    14
  1.9788318169875777E-01 a       375     0    21     1    15
  2.0380752944411711E+00 a       376     0    21     1    16
 -6.1514325496264952E+00 a       377     0    21     1    17
  1.2882760100803383E+00 a       378     0    21     1    18
 -2.1936795681072901E-01 a       379     0    22     1     1
 -1.5713441321163577E+00 a       380     0    22     1     2
 -2.9821099375837878E-01 a       381     0    22     1     3
  9.6796231194561189E-01 a       382     0    22     1     4
  3.1452611736098463E-01 a       383     0    22     1     5
 -1.6362762568435598E+00 a       384     0    22     1     6
 -1.6465681751952157E+00 a       385     0    22     1     7
 -9.3709149936640945E-01 a       386     0    22     1     8
  8.7854577393938604E-01 a       387     0    22     1     9
 -7.7040171523193257E-01 a       388     0    22     1    10
 -3.1530983572385178E+00 a       389     0    22     1    11
 -4.6380750965795681E+00 a       390     0    22     1    12
  3.8353040485136356E+00 a       391     0    22     1    13
 -1.5305714667944605E+00 a       392     0    22     1    14
  3.0681313589279426E+00 a       393     0    22     1    15
  4.2577367194759630E-01 a       394     0    22     1    16
 -4.4531389308591356E+00 a       395     0    22     1    17
  1.9962375686406608E+00 a       396     0    22     1    18
 -2.4006950808664493E+00 a       397     0    23     1     1
  6.5356678994266728E+00 a       398     0    23     1     2
  1.5153233736308358E-02 a       399     0    23     1     3
 -1.1180557221580741E-02 a       400     0    23     1     4
 -4.8865239859086529E+00 a       401     0    23     1     5
  1.0939812976783085E+00 a       402     0    23     1     6
 -2.0651535431096310E-01 a       403     0    23     1     7
 -5.1385305096622664E+00 a       404     0    23     1     8
 -2.1577542997256245E+00 a       405     0    23     1     9
 -1.9366123351546418E+00 a       406     0    23     1    10
  2.7530501468086763E+00 a       407     0    23     1    11
  6.3547007076300621E-01 a       408     0    23     1    12
 -1.3543309179212724E+00 a       409     0    23     1    13
 -1.1103566169339025E+00 a       410     0    23     1    14
  1.9700691186293464E+00 a       411     0    23     1    15
 -1.7260939823217936E+00 a       412     0    23     1    16
  6.9691225478791061E+00 a       413     0    23     1    17
 -2.1435468175959178E+00 a       414     0    23     1    18
 -3.9707164853756165E+00 a       415     0    24     1     1
 -2.3783543211123019E+00 a       416     0    24     1     2
 -9.7471818245156916E-01 a       417     0    24     1     3
 -1.3156474788984924E+00 a       418     0    24     1     4
 -1.6677211095565421E+00 a       419     0    24     1     5
  1.7938738044120759E+00 a       420     0    24     1     6
 -3.2530140304929955E-01 a       421     0    24     1     7
  2.3905933142517024E+00 a       422     0    24     1     8
 -2.9476162723044501E+00 a       423     0    24     1     9
  3.3570519004559801E-01 a       424     0    24     1    10
  1.1358813735048279E+00 a       425     0    24     1    11
 -1.3497190495230798E+00 a       426     0    24     1    12
  2.1004213703750811E+00 a       427     0    24     1    13
 -1.5797191625585563E+00 a       428     0    24     1    14
  8.5934360187426440E-01 a       429     0    24     1    15
 -4.9180998852887864E-01 a       430     0    24     1    16
  4.5344428855755464E-01 a       431     0    24     1    17
  3.6646254496749547E-03 a       432     0    24     1    18
 -1.4042953538542446E+00 a       433     0    25     1     1
  4.9203542353170038E-01 a       434     0    25     1     2
  1.7444931618424139E-01 a       435     0    25     1     3
  4.8786392311780045E+00 a       436     0    25     1     4
 -1.3992571502199145E+00 a       437     0    25     1     5
 -2.7457796379163373E+00 a       438     0    25     1     6
  1.2122405070699798E+00 a       439     0    25     1     7
  1.1494075338792042E+00 a       440     0    25     1     8
 -3.1421415262472094E+00 a       441     0    25     1     9
  2.3805016113162258E+00 a       442     0    25     1    10
  1.7314706788746661E+00 a       443     0    25     1    11
 -2.9204617047519470E+00 a       444     0    25     1    12
  2.2338451541036966E-01 a       445     0    25     1    13
 -1.4518372280074834E-01 a       446     0    25     1    14
 -2.8866638827442676E-01 a       447     0    25     1    15
 -2.3321433354992323E+00 a       448     0    25     1    16
  1.6737269239185022E+00 a       449     0    25     1    17
 -4.2204346842758129E+00 a       450     0    25     1    18
  8.6949148481615302E-01 a       451     0    26     1     1
 -9.9047119868570943E-01 a       452     0    26     1     2
  8.2769191162004807E-01 a       453     0    26     1     3
 -1.0299474589332609E+00 a       454     0    26     1     4
 -2.1737627625865855E-01 a       455     0    26     1     5
 -7.1924573655552215E-01 a       456     0    26     1     6
 -1.9317660876239220E+00 a       457     0    26     1     7
 -1.8715198096743269E+00 a       458     0    26     1     8
  1.2540981847992465E+00 a       459     0    26     1     9
  7.0259151915471996E-01 a       460     0    26     1    10
  1.2601064182673103E+00 a       461     0    26     1    11
  1.5817495677606752E-01 a       462     0    26     1    12
 -8.0863623918560446E-01 a       463     0    26     1    13
  2.1112120993881733E+00 a       464     0    26     1    14
 -4.9374955418147193E-01 a       465     0    26     1    15
  4.2701825101839708E+00 a       466     0    26     1    16
  4.3524801306366943E+00 a       467     0    26     1    17
  6.4320991592230159E-01 a       468     0    26     1    18
  5.9075737847704135E-01 a       469     0    27     1     1
 -1.9375552380512642E+00 a       470     0    27     1     2
  4.0161142135975386E-01 a       471     0    27     1     3
 -4.5454624181079067E-01 a       472     0    27     1     4
 -1.1171360869830568E-01 a       473     0    27     1     5
  4.6836602059093790E+00 a       474     0    27     1     6
 -1.0519065666670580E+00 a       475     0    27     1     7
 -2.6866913248997646E+00 a       476     0    27     1     8
  6.4117300921287701E-01 a       477     0    27     1     9
 -7.2533286086146309E-01 a       478     0    27     1    10
 -2.2022649438230366E+00 a       479     0    27     1    11
  1.3547389962725589E+00 a       480     0    27     1    12
  1.7287826591356070E+00 a       481     0    27     1    13
 -4.3803274196376052E-01 a       482     0    27     1    14
  2.2802622675444990E+00 a       483     0    27     1    15
  1.1113431322482266E+00 a       484     0    27     1    16
  3.5567081979873394E-01 a       485     0    27     1    17
 -1.9448446789110356E+00 a       486     0    27     1    18
  1.4433958355352807E+00 a       487     0    28     1     1
 -2.0089710191284058E+00 a       488     0    28     1     2
 -7.0158208946371736E-01 a       489     0    28     1     3
 -1.0893370937642660E-01 a       490     0    28     1     4
  2.3189833917695464E+00 a       491     0    28     1     5
  2.7467783626320901E+00 a       492     0    28     1     6
  4.2447951993730166E+00 a       493     0    28     1     7
 -5.6636442240938711E-01 a       494     0    28     1     8
  7.9573075810436078E-01 a       495     0    28     1     9
  9.8064638633363593E-02 a       496     0    28     1    10
 -1.1380127190494456E+00 a       497     0    28     1    11
  3.1662261959761767E-01 a       498     0    28     1    12
 -3.9262310718730775E-01 a       499     0    28     1    13
 -5.5646183379552383E-01 a       500     0    28     1    14
  3.4365286135175159E+00 a       501     0    28     1    15
 -5.5007665068154099E-01 a       502     0    28     1    16
 -7.0578211293307347E-01 a       503     0    28     1    17
  9.7501987704038073E-01 a       504     0    28     1    18
  6.8822529649189601E-01 a       505     0    29     1     1
  2.5809098962597466E-02 a       506     0    29     1     2
  1.0126101020704710E+00 a       507     0    29     1     3
  6.5327878676174533E-01 a       508     0    29     1     4
 -9.1264822218768055E-02 a       509     0    29     1     5
  3.3192857449402902E+00 a       510     0    29     1     6
  1.6629670648391232E-01 a       511     0    29     1     7
  1.2514647471185742E+00 a       512     0    29     1     8
 -2.9778745434752611E+00 a       513     0    29     1     9
 -2.5105129723643332E-01 a       514     0    29     1    10
 -6.5233288977282877E-01 a       515     0    29     1    11
  1.5310456872248042E+00 a       516     0    29     1    12
 -2.5528911857842307E-01 a       517     0    29     1    13
 -1.5965060062752445E+00 a       518     0    29     1    14
  1.0671050169848997E+00 a       519     0    29     1    15
 -1.0381793344863628E+00 a       520     0    29     1    16
 -9.3789633634402125E-01 a       521     0    29     1    17
 -2.0209170016139938E-01 a       522     0    29     1    18
  1.3737915682012452E+00 a       523     0    30     1     1
  1.6297023066403329E+00 a       524     0    30     1     2
 -1.2402011549063117E+00 a       525     0    30     1     3
 -1.3268009056226657E+00 a       526     0    30     1     4
 -7.0195479028770857E-01 a       527     0    30     1     5
 -1.2683201981034511E+00 a       528     0    30     1     6
 -2.8006443482288432E+00 a       529     0    30     1     7
  1.1345913097840321E+00 a       530     0    30     1     8
 -2.6333830929856600E-01 a       531     0    30     1     9
  9.4478561959852075E-02 a       532     0    30     1    10
  1.4280047452027420E+00 a       533     0    30     1    11
  1.0365723881829014E+00 a       534     0    30     1    12
 -3.7900590895171953E+00 a       535     0    30     1    13
 -5.3051775303066162E-01 a       536     0    30     1    14
 -9.1751717702195845E-01 a       537     0    30     1    15
  2.6105953626821701E+00 a       538     0    30     1    16
  3.6013160130199506E+00 a       539     0    30     1    17
  2.7359669719354298E+00 a       540     0    30     1    18
  2.4825379635359450E+00 a       541     0    31     1     1
 -3.0609649626776729E+00 a       542     0    31     1     2
 -3.9877596673841470E-01 a       543     0    31     1     3
 -1.5934804569723533E+00 a       544     0    31     1     4
 -7.1635707688663575E-01 a       545     0    31     1     5
  4.1530475751881385E-01 a       546     0    31     1     6
 -4.1082533286881171E+00 a       547     0    31     1     7
  2.7425869741874531E+00 a       548     0    31     1     8
  1.8588805156401347E+00 a       549     0    31     1     9
  3.6004996274927864E-01 a       550     0    31     1    10
 -1.6975984954711327E+00 a       551     0    31     1    11
  1.2530889570496611E+00 a       552     0    31     1    12
 -6.3922372125759019E-02 a       553     0    31     1    13
  2.6296766262022897E-01 a       554     0    31     1    14
 -4.2493201844331114E+00 a       555     0    31     1    15
  4.9105977182905072E+00 a       556     0    31     1    16
 -2.2157290835844963E+00 a       557     0    31     1    17
 -1.9538742841497794E+00 a       558     0    31     1    18
 -5.2193051666721124E-01 a       559     0    32     1     1
 -8.0791334800301551E-01 a       560     0    32     1     2
 -3.5029684338552087E+00 a       561     0    32     1     3
 -1.7279735645571883E+00 a       562     0    32     1     4
  1.1812375649683871E+00 a       563     0    32     1     5
  2.1886206425669292E+00 a       564     0    32     1     6
  6.0600980191723297E-01 a       565     0    32     1     7
 -9.6840642273922661E-01 a       566     0    32     1     8
  3.2951800088629071E+00 a       567     0    32     1     9
 -2.3270785993116965E+00 a       568     0    32     1    10
 -1.4348923096912254E+00 a       569     0    32     1    11
 -3.5487653369618042E+00 a       570     0    32     1    12
  2.9024028935050756E+00 a       571     0    32     1    13
  2.5202851914380782E+00 a       572     0    32     1    14
 -1.7681909130564173E+00 a       573     0    32     1    15
 -1.0208347336261242E-01 a       574     0    32     1    16
 -2.0991020509492847E-01 a       575     0    32     1    17
  1.0072667670276600E+00 a       576     0    32     1    18
  3.8396915514067143E+00 a       577     0    33     1     1
  2.4493358018614431E+00 a       578     0    33     1     2
  2.0794295132752047E-01 a       579     0    33     1     3
 -1.4280313223245391E+00 a       580     0    33     1     4
 -5.7182741791995717E-01 a       581     0    33     1     5
  1.9893874828026490E+00 a       582     0    33     1     6
  5.0156800580444097E-02 a       583     0    33     1     7
  2.6711953878115851E+00 a       584     0    33     1     8
  7.2439904428216604E+00 a       585     0    33     1     9
 -2.5420409320347881E+00 a       586     0    33     1    10
  3.1465746903211147E+00 a       587     0    33     1    11
  4.2706724639205582E+00 a       588     0    33     1    12
 -2.8354314462709294E+00 a       589     0    33     1    13
  3.5656055363418102E+00 a       590     0    33     1    14
 -2.4531241121030223E+00 a       591     0    33     1    15
  1.8451424669870220E+00 a       592     0    33     1    16
  1.4421968219059611E+00 a       593     0    33     1    17
 -4.5706787979752566E+00 a       594     0    33     1    18
  1.2978687615265476E+00 a       595     0    34     1     1
  5.1914025619089865E-01 a       596     0    34     1     2
 -1.2030313890388669E+00 a       597     0    34     1     3
 -1.0112773689532747E-01 a       598     0    34     1     4
 -4.1089001754764087E-01 a       599     0    34     1     5
  8.0172084713414471E-01 a       600     0    34     1     6
 -1.2603290441535175E+00 a       601     0    34     1     7
  1.8981444684304530E-01 a       602     0    34     1     8
  5.9384623744610709E-01 a       603     0    34     1     9
 -3.1870856256151553E-01 a       604     0    34     1    10
  6.8489143547778519E-01 a       605     0    34     1    11
  3.9938245038598702E-01 a       606     0    34     1    12
 -8.5385862231528875E-01 a       607     0    34     1    13
 -1.6709890541791345E-01 a       608     0    34     1    14
  8.7249329826286248E-02 a       609     0    34     1    15
 -6.0685804505411917E-02 a       610     0    34     1    16
 -1.9284746509038783E-01 a       611     0    34     1    17
  7.0659614909188995E-01 a       612     0    34     1    18
 -3.5206772193897512E-01 a       613     0    35     1     1
 -4.7770414446383497E-01 a       614     0    35     1     2
 -7.6637141354965799E-02 a       615     0    35     1     3
  8.2140476523324368E-01 a       616     0    35     1     4
  4.2480902217530458E-01 a       617     0    35     1     5
  2.0903256813394774E-01 a       618     0    35     1     6
 -1.3964636036279445E+00 a       619     0    35     1     7
 -1.2735172432478661E+00 a       620     0    35     1     8
 -2.0502470984983570E-01 a       621     0    35     1     9
 -7.6505052173395560E-01 a       622     0    35     1    10
 -1.0860059537512626E-02 a       623     0    35     1    11
  6.9709187602421030E-01 a       624     0    35     1    12
 -9.2209883765505499E-02 a       625     0    35     1    13
 -8.6377201570854489E-01 a       626     0    35     1    14
  2.2775424246221143E-01 a       627     0    35     1    15
  5.7515612777083480E-01 a       628     0    35     1    16
  2.1959344166201850E-02 a       629     0    35     1    17
 -4.1434186597543343E-01 a       630     0    35     1    18
  1.7322463334691948E-02 a       631     0    36     1     1
 -1.9683166148644387E+00 a       632     0    36     1     2
 -2.2043995126478997E+00 a       633     0    36     1     3
 -1.0563091677452696E+00 a       634     0    36     1     4
 -1.0231199238799773E+00 a       635     0    36     1     5
  1.6479182302105482E+00 a       636     0    36     1     6
 -1.3142356027031021E+00 a       637     0    36     1     7
 -2.5353935513797041E-02 a       638     0    36     1     8
 -8.2984226389272511E-03 a       639     0    36     1     9
 -2.8006795522786252E+00 a       640     0    36     1    10
 -3.3248043171073678E+00 a       641     0    36     1    11
 -4.1084026518454714E-01 a       642     0    36     1    12
 -1.1999862557399030E+00 a       643     0    36     1    13
 -2.0685871086246648E+00 a       644     0    36     1    14
  1.2366069610023924E+00 a       645     0    36     1    15
  1.1815342654220091E+00 a       646     0    36     1    16
 -1.3974109119576257E+00 a       647     0    36     1    17
 -2.1821784891478497E+00 a       648     0    36     1    18
 -2.6435147065379310E+00 a       649     0    37     1     1
  3.4468610899864793E-01 a       650     0    37     1     2
 -1.1578244047248449E+00 a       651     0    37     1     3
  1.4383578529879066E+00 a       652     0    37     1     4
  5.9326522521804892E-01 a       653     0    37     1     5
  1.9801445198956136E+00 a       654     0    37     1     6
  2.0568545355396757E+00 a       655     0    37     1     7
  1.0607729179977530E+00 a       656     0    37     1     8
  2.3294535416594697E-01 a       657     0    37     1     9
 -1.9805651381509641E+00 a       658     0    37     1    10
 -1.1093037753274522E+00 a       659     0    37     1    11
 -1.1841539430756951E+00 a       660     0    37     1    12
  3.9264872531308270E-01 a       661     0    37     1    13
 -4.2063435622866446E-01 a       662     0    37     1    14
 -2.5546742474145373E-01 a       663     0    37     1    15
  8.1789870092250239E-01 a       664     0    37     1    16
  1.5179506453757983E+00 a       665     0    37     1    17
  1.5944782860050435E+00 a       666     0    37     1    18
  1.0198947820118280E+00 a       667     0    38     1     1
  2.9648391641811778E-01 a       668     0    38     1     2
  4.8942627354261498E-01 a       669     0    38     1     3
 -1.3502369529219986E+00 a       670     0    38     1     4
 -7.8900881546216795E-01 a       671     0    38     1     5
  5.0468639598577857E-02 a       672     0    38     1     6
 -5.5885072798580271E-01 a       673     0    38     1     7
 -4.6251594359705023E-01 a       674     0    38     1     8
  2.6957509041230460E-01 a       675     0    38     1     9
 -5.3023041026509066E-01 a       676     0    38     1    10
  6.1563263555942316E-01 a       677     0    38     1    11
  9.9224688966344810E-01 a       678     0    38     1    12
 -1.8541054584694134E+00 a       679     0    38     1    13
  7.6632618796881991E-02 a       680     0    38     1    14
 -7.3192649440999502E-01 a       681     0    38     1    15
  8.1320876358329419E-01 a       682     0    38     1    16
  4.7802815355084249E-01 a       683     0    38     1    17
  1.0326540770729749E+00 a       684     0    38     1    18
  4.1693457679862045E-01 a       685     0    39     1     1
 -1.5153153009300782E+00 a       686     0    39     1     2
 -3.3102098541206688E+00 a       687     0    39     1     3
 -2.4393594627136900E-01 a       688     0    39     1     4
 -2.0621796916509756E+00 a       689     0    39     1     5
  4.0229999361175395E+00 a       690     0    39     1     6
  9.9812062949908642E-01 a       691     0    39     1     7
 -1.7321181035328082E+00 a       692     0    39     1     8
 -7.8001975501576992E-01 a       693     0    39     1     9
 -1.4908234200173445E+00 a       694     0    39     1    10
 -1.3473139853376905E+00 a       695     0    39     1    11
 -6.4312481250253373E-01 a       696     0    39     1    12
  4.2336722310329022E-01 a       697     0    39     1    13
  1.0389287628718216E+00 a       698     0    39     1    14
  3.9368948130289545E+00 a       699     0    39     1    15
 -3.3869349659561188E-01 a       700     0    39     1    16
 -1.4548295167631848E+00 a       701     0    39     1    17
  2.5821356174523186E-01 a       702     0    39     1    18
  3.9624436737704993E-01 a       703     0    40     1     1
  2.6257365346997088E+00 a       704     0    40     1     2
 -4.0332887923693800E-01 a       705     0    40     1     3
  5.4415040814651294E-01 a       706     0    40     1     4
 -1.2478183567225889E+00 a       707     0    40     1     5
 -1.2035723728595413E+00 a       708     0    40     1     6
  4.7001632271797389E-01 a       709     0    40     1     7
 -1.9421185682978542E-01 a       710     0    40     1     8
  4.1551099634874600E+00 a       711     0    40     1     9
 -3.3533409075605847E+00 a       712     0    40     1    10
  3.1313689818905015E+00 a       713     0    40     1    11
  3.9382984356387779E-01 a       714     0    40     1    12
 -4.0360895303368931E+00 a       715     0    40     1    13
  5.6417445927160492E-01 a       716     0    40     1    14
 -4.2052109044306718E-01 a       717     0    40     1    15
 -3.7684008497856081E-01 a       718     0    40     1    16
 -1.1876330457181052E+00 a       719     0    40     1    17
 -1.8609763611241059E-01 a       720     0    40     1    18
 -1.0571074596313828E+00 a       721     0    41     1     1
 -6.5254347966385906E-02 a       722     0    41     1     2
  1.5263911078725745E-01 a       723     0    41     1     3
 -7.6510699065433785E-01 a       724     0    41     1     4
 -1.0087143285692318E-01 a       725     0    41     1     5
 -9.3875349614714598E-01 a       726     0    41     1     6
 -6.4491285087345851E-01 a       727     0    41     1     7
 -2.7510983152786004E+00 a       728     0    41     1     8
  4.0022548459526619E-01 a       729     0    41     1     9
 -1.7885538936389214E+00 a       730     0    41     1    10
 -4.6592941306418162E-01 a       731     0    41     1    11
  8.2750980188889589E-01 a       732     0    41     1    12
 -9.6755055540838220E-01 a       733     0    41     1    13
 -2.1028767351735328E-01 a       734     0    41     1    14
  1.6736586506066005E+00 a       735     0    41     1    15
 -8.2624490513285731E-01 a       736     0    41     1    16
 -1.1409463910578908E+00 a       737     0    41     1    17
 -7.5111621757820968E-01 a       738     0    41     1    18
  2.3398585287688274E+00 a       739     0    42     1     1
  5.3278233628185747E+00 a       740     0    42     1     2
 -1.5511811087398547E-01 a       741     0    42     1     3
 -2.1757188169579256E+00 a       742     0    42     1     4
 -3.7023170847611224E+00 a       743     0    42     1     5
  4.2155662561203516E-01 a       744     0    42     1     6
  2.6363510919369793E+00 a       745     0    42     1     7
 -2.7144198094001806E+00 a       746     0    42     1     8
  1.0964498753267749E+01 a       747     0    42     1     9
  6.5560739764144904E-01 a       748     0    42     1    10
 -5.1539396841721494E+00 a       749     0    42     1    11
 -4.3141755178770484E+00 a       750     0    42     1    12
 -4.0689161396433743E-01 a       751     0    42     1    13
 -8.1545880222812279E+00 a       752     0    42     1    14
 -3.4332394660921008E+00 a       753     0    42     1    15
  4.6398878981093965E+00 a       754     0    42     1    16
  4.3569556085807132E-01 a       755     0    42     1    17
  3.6675782603750569E+00 a       756     0    42     1    18
  4.8337323549956185E-01 a       757     0    43     1     1
 -2.4606633712058605E+00 a       758     0    43     1     2
  9.2183070822040536E-01 a       759     0    43     1     3
 -4.4018790656524370E-01 a       760     0    43     1     4
  2.5811035686659158E+00 a       761     0    43     1     5
 -1.1691823981317626E+00 a       762     0    43     1     6
 -9.3409306515072010E-01 a       763     0    43     1     7
 -2.6375094419884562E+00 a       764     0    43     1     8
  1.7123337414854913E+00 a       765     0    43     1     9
  2.3399003585900768E+00 a       766     0    43     1    10
  1.7032700480450250E-01 a       767     0    43     1    11
 -8.1530878970978926E-01 a       768     0    43     1    12
  3.2946829853255685E-02 a       769     0    43     1    13
 -3.3118971440715415E+00 a       770     0    43     1    14
  2.5540808214663420E+00 a       771     0    43     1    15
 -5.1174955428099733E-01 a       772     0    43     1    16
  1.0109750620185587E+00 a       773     0    43     1    17
  9.0407277544527698E-01 a       774     0    43     1    18
 -1.0982527740541812E+00 a       775     0    44     1     1
 -2.1184737719247284E+00 a       776     0    44     1     2
 -1.2782764450286392E+00 a       777     0    44     1     3
  1.5989664245910675E+00 a       778     0    44     1     4
 -2.4836237069350293E+00 a       779     0    44     1     5
 -2.2682900780135533E+00 a       780     0    44     1     6
  2.3004231442362011E+00 a       781     0    44     1     7
  2.1566968497411731E+00 a       782     0    44     1     8
 -1.6038422622945470E+00 a       783     0    44     1     9
 -1.1906232405993293E+00 a       784     0    44     1    10
  8.5114840094129174E-01 a       785     0    44     1    11
 -9.5625846137099424E-01 a       786     0    44     1    12
  7.5535298960208030E-01 a       787     0    44     1    13
  5.0385483404480591E-01 a       788     0    44     1    14
  3.2296668432902660E+00 a       789     0    44     1    15
 -1.1134658574188605E+00 a       790     0    44     1    16
 -6.7629605392358838E-01 a       791     0    44     1    17
 -2.1166475447956778E+00 a       792     0    44     1    18
 -2.7313964838745379E+00 a       793     0    45     1     1
 -7.6529456557172415E-01 a       794     0    45     1     2
  2.9730745389823183E+00 a       795     0    45     1     3
 -3.1148441679342223E+00 a       796     0    45     1     4
  1.3039737600952011E+00 a       797     0    45     1     5
  2.4930079283961777E+00 a       798     0    45     1     6
 -2.0840928624781410E+00 a       799     0    45     1     7
 -8.5973757609666157E-01 a       800     0    45     1     8
 -2.5758349670659841E-01 a       801     0    45     1     9
  2.3855885724912866E+00 a       802     0    45     1    10
  8.0878834911727915E-01 a       803     0    45     1    11
  3.0525059118864810E+00 a       804     0    45     1    12
 -5.7866872895723831E-01 a       805     0    45     1    13
 -2.2318679331307361E+00 a       806     0    45     1    14
  1.3806315146558101E+00 a       807     0    45     1    15
 -2.8812033630966671E+00 a       808     0    45     1    16
 -6.5879023188604321E-02 a       809     0    45     1    17
  2.7572189827312581E+00 a       810     0    45     1    18
  4.7399419680799376E-01 a       811     0    46     1     1
 -3.6581320644401178E+00 a       812     0    46     1     2
  1.4213915120226537E+00 a       813     0    46     1     3
 -2.8327424327991717E+00 a       814     0    46     1     4
  1.7365838812027303E+00 a       815     0    46     1     5
 -3.1200846452413700E-01 a       816     0    46     1     6
 -9.8758864519238820E-01 a       817     0    46     1     7
  3.0765591927416192E+00 a       818     0    46     1     8
 -6.5458768504140750E+00 a       819     0    46     1     9
  5.0320491936112228E+00 a       820     0    46     1    10
 -1.3995889596698723E+00 a       821     0    46     1    11
  1.3281999851568280E+00 a       822     0    46     1    12
  3.9950008972369639E+00 a       823     0    46     1    13
  1.0483115206636162E+00 a       824     0    46     1    14
  8.1857482044202190E-01 a       825     0    46     1    15
 -2.4049205026208891E+00 a       826     0    46     1    16
 -1.8430391938097548E-02 a       827     0    46     1    17
 -3.1950359286333576E+00 a       828     0    46     1    18
  1.4090917471681017E+00 a       829     0    47     1     1
 -2.6484525870200065E-01 a       830     0    47     1     2
  2.8634221040959962E+00 a       831     0    47     1     3
  3.4583036711784243E+00 a       832     0    47     1     4
 -1.1029112139680854E+00 a       833     0    47     1     5
  2.7111878722908278E+00 a       834     0    47     1     6
  5.1493340910482805E+00 a       835     0    47     1     7
  4.8325234713615597E+00 a       836     0    47     1     8
 -3.1796074778134584E+00 a       837     0    47     1     9
  6.6455096346714013E+00 a       838     0    47     1    10
 -3.2167023608512801E-01 a       839     0    47     1    11
 -2.5758907690520578E+00 a       840     0    47     1    12
  3.3434391142405087E+00 a       841     0    47     1    13
  3.6910229791141220E+00 a       842     0    47     1    14
 -3.7582730509074649E+00 a       843     0    47     1    15
  2.8212663781224907E+00 a       844     0    47     1    16
  2.7512137427448859E+00 a       845     0    47     1    17
  2.8775636875543174E+00 a       846     0    47     1    18
  1.6057077848752035E+00 a       847     0    48     1     1
 -4.5792753882551462E+00 a       848     0    48     1     2
  2.8431957992797465E+00 a       849     0    48     1     3
  6.5434070931676580E-01 a       850     0    48     1     4
 -1.8687662663908549E+00 a       851     0    48     1     5
 -1.8739734955936989E+00 a       852     0    48     1     6
 -1.9704021376004572E+00 a       853     0    48     1     7
  1.3037763663985231E+00 a       854     0    48     1     8
 -3.9710965346453669E-01 a       855     0    48     1     9
  7.9080129347134855E+00 a       856     0    48     1    10
 -5.1431317650511321E+00 a       857     0    48     1    11
 -9.7757514061692929E-01 a       858     0    48     1    12
 -4.2396780310079292E+00 a       859     0    48     1    13
  9.9718646129847528E+00 a       860     0    48     1    14
 -4.1781031558432540E+00 a       861     0    48     1    15
  2.1041309094433327E+00 a       862     0    48     1    16
  8.6357504009554620E-01 a       863     0    48     1    17
 -1.8685413966785387E+00 a       864     0    48     1    18
  1.7554876718439214E+00 a       865     0    49     1     1
  7.4126037119053800E-02 a       866     0    49     1     2
  6.1817050223711929E-02 a       867     0    49     1     3
 -7.4354325679759969E-01 a       868     0    49     1     4
 -5.0389574886075716E-01 a       869     0    49     1     5
 -6.4750870450627507E-01 a       870     0    49     1     6
 -1.5545910674310430E+00 a       871     0    49     1     7
  2.8082144018199012E-01 a       872     0    49     1     8
 -5.7582048379064665E-02 a       873     0    49     1     9
  5.2436384112017909E-01 a       874     0    49     1    10
  5.1252352541158919E-01 a       875     0    49     1    11
 -1.5538931818908065E-02 a       876     0    49     1    12
 -7.1287254572319092E-01 a       877     0    49     1    13
 -6.2252249506757473E-01 a       878     0    49     1    14
 -7.7206993779544630E-01 a       879     0    49     1    15
  2.8133270175065833E-01 a       880     0    49     1    16
 -1.6954452694733493E-01 a       881     0    49     1    17
 -1.6818074981814601E-01 a       882     0    49     1    18
  6.8920977864173949E-01 a       883     0    50     1     1
 -4.8053832476544223E-01 a       884     0    50     1     2
 -5.2559712426738325E-01 a       885     0    50     1     3
 -9.0830180134754424E-01 a       886     0    50     1     4
  6.6646118733713156E-01 a       887     0    50     1     5
  5.7869991401698968E-02 a       888     0    50     1     6
 -3.3380599850453246E-01 a       889     0    50     1     7
 -1.0216922566369671E+00 a       890     0    50     1     8
  3.5342952392302882E-03 a       891     0    50     1     9
 -1.3583196163646644E-01 a       892     0    50     1    10
  3.9228702053916001E-02 a       893     0    50     1    11
  1.1923718826984679E+00 a       894     0    50     1    12
 -9.5076903194324058E-01 a       895     0    50     1    13
  5.4896144271428671E-01 a       896     0    50     1    14
  7.4489492050406458E-01 a       897     0    50     1    15
 -4.3851074150218861E-01 a       898     0    50     1    16
 -4.1496890758542104E-01 a       899     0    50     1    17
  1.7181316500388569E-01 a       900     0    50     1    18
 -5.7349013958986561E-01 a       901     0    51     1     1
 -1.8437621486854252E+00 a       902     0    51     1     2
 -9.9539976729374102E-01 a       903     0    51     1     3
  8.6106311427152382E-01 a       904     0    51     1     4
 -1.7425432941503867E+00 a       905     0    51     1     5
 -2.5444432686268628E-02 a       906     0    51     1     6
 -3.1509898315562057E+00 a       907     0    51     1     7
 -1.1110318231079153E+00 a       908     0    51     1     8
 -6.7906302711551747E-01 a       909     0    51     1     9
 -1.7292642561801570E+00 a       910     0    51     1    10
 -6.3822682669078701E-01 a       911     0    51     1    11
  1.7630013557259920E+00 a       912     0    51     1    12
  6.4858328639534446E-01 a       913     0    51     1    13
 -5.6407710516743814E-01 a       914     0    51     1    14
  7.4084850453433237E-01 a       915     0    51     1    15
 -4.5467121794357279E-01 a       916     0    51     1    16
 -1.6320566103502325E+00 a       917     0    51     1    17
 -1.8104293759359131E+00 a       918     0    51     1    18
 -1.8270778885813146E+00 a       919     0    52     1     1
  6.2645609070958608E-01 a       920     0    52     1     2
  1.1761159886864994E+00 a       921     0    52     1     3
 -2.0413036074038797E+00 a       922     0    52     1     4
  1.4282176504711419E-02 a       923     0    52     1     5
  1.7214991938215982E+00 a       924     0    52     1     6
  3.2977423344799486E+00 a       925     0    52     1     7
  1.3335650614132724E+00 a       926     0    52     1     8
 -1.0015414779248466E+00 a       927     0    52     1     9
  1.3458953028984724E-01 a       928     0    52     1    10
 -3.1493415987540514E+00 a       929     0    52     1    11
 -1.9057334525376661E+00 a       930     0    52     1    12
  3.8662129810416601E-01 a       931     0    52     1    13
  2.0569903022530651E+00 a       932     0    52     1    14
 -2.1234875790345575E+00 a       933     0    52     1    15
  9.3153389099176165E-01 a       934     0    52     1    16
  8.9021955447132717E-01 a       935     0    52     1    17
  6.1629242433292020E-01 a       936     0    52     1    18
  5.6370320999274670E-01 a       937     0    53     1     1
  1.8557895579056178E+00 a       938     0    53     1     2
  2.3258938650678891E+00 a       939     0    53     1     3
 -2.9879777211793037E+00 a       940     0    53     1     4
  3.2365458630669717E+00 a       941     0    53     1     5
  4.7632654555671566E-01 a       942     0    53     1     6
  1.2255399075116051E+00 a       943     0    53     1     7
  4.1884703291787950E-01 a       944     0    53     1     8
  2.7450681508733474E+00 a       945     0    53     1     9
  1.0692941999194199E+00 a       946     0    53     1    10
 -2.1482219588088056E+00 a       947     0    53     1    11
 -1.2972766545019803E+00 a       948     0    53     1    12
 -3.6741555595974262E-01 a       949     0    53     1    13
  4.4550675364108727E-01 a       950     0    53     1    14
 -2.4971147944437688E+00 a       951     0    53     1    15
  1.6629825419175570E+00 a       952     0    53     1    16
  1.7178462006287172E+00 a       953     0    53     1    17
  1.1228971985341838E+00 a       954     0    53     1    18
  2.3435812283356254E+00 a       955     0    54     1     1
  2.1472038044251067E+00 a       956     0    54     1     2
 -2.4553951283594060E+00 a       957     0    54     1     3
  2.8242007890155967E+00 a       958     0    54     1     4
 -1.5093144935742591E+00 a       959     0    54     1     5
 -1.5716876336770638E+00 a       960     0    54     1     6
  1.8120577736604027E+00 a       961     0    54     1     7
  3.7440037136563409E+00 a       962     0    54     1     8
  2.8310150986963509E+00 a       963     0    54     1     9
 -1.8191816698196990E+00 a       964     0    54     1    10
  7.1003068113561518E-01 a       965     0    54     1    11
 -5.0380591949220230E+00 a       966     0    54     1    12
 -5.8107562802598034E-01 a       967     0    54     1    13
 -4.3786654656189666E-02 a       968     0    54     1    14
 -3.1977719274321164E+00 a       969     0    54     1    15
  1.5539758892361657E+00 a       970     0    54     1    16
  1.9025109576996840E-01 a       971     0    54     1    17
 -9.4923281317577368E-01 a       972     0    54     1    18
 -4.9736231631208952E-02 a       973     0    55     1     1
  2.7755886224276223E+00 a       974     0    55     1     2
 -1.5274417541406766E+00 a       975     0    55     1     3
  3.1834778811318833E-02 a       976     0    55     1     4
  1.3457611598672328E+00 a       977     0    55     1     5
  1.3596056452847141E+00 a       978     0    55     1     6
  7.7652929110825353E-01 a       979     0    55     1     7
 -1.4677687228553398E+00 a       980     0    55     1     8
  2.7970671517845291E+00 a       981     0    55     1     9
 -9.7136463860309608E-01 a       982     0    55     1    10
 -2.1607602789493154E+00 a       983     0    55     1    11
 -2.3559409512450342E+00 a       984     0    55     1    12
 -1.0120524000440176E+00 a       985     0    55     1    13
  2.0762493453944431E+00 a       986     0    55     1    14
  4.4232716264957378E-01 a       987     0    55     1    15
 -3.4972319101011129E-01 a       988     0    55     1    16
 -1.5685986502921345E+00 a       989     0    55     1    17
  1.4650887044738410E+00 a       990     0    55     1    18
 -1.9209590322533334E+00 a       991     0    56     1     1
 -1.4748802824012819E+00 a       992     0    56     1     2
 -5.2010727362855591E-01 a       993     0    56     1     3
 -1.5621123330176530E+00 a       994     0    56     1     4
  1.6943946287492413E+00 a       995     0    56     1     5
  8.6019279508642421E-01 a       996     0    56     1     6
 -1.9063113988713360E+00 a       997     0    56     1     7
 -4.6622935278841915E+00 a       998     0    56     1     8
  6.5438297467991757E-01 a       999     0    56     1     9
 -1.6102629452882591E+00 a      1000     0    56     1    10
 -1.4344275980193033E+00 a      1001     0    56     1    11
  1.8458823045618472E-01 a      1002     0    56     1    12
 -9.5303582229229689E-01 a      1003     0    56     1    13
 -7.1423371782492207E-01 a      1004     0    56     1    14
  4.9957254217553606E+00 a      1005     0    56     1    15
 -9.7542217794490715E-01 a      1006     0    56     1    16
 -7.5151204247701375E-01 a      1007     0    56     1    17
 -1.2297853064008542E+00 a      1008     0    56     1    18
 -2.6977315323655162E+00 a      1009     0    57     1     1
 -9.2227091153512342E-01 a      1010     0    57     1     2
 -1.8745988166122955E+00 a      1011     0    57     1     3
  1.7432483269753694E+00 a      1012     0    57     1     4
  4.6012471194919495E+00 a      1013     0    57     1     5
  2.1574341310396696E+00 a      1014     0    57     1     6
 -1.6233365848922714E+00 a      1015     0    57     1     7
  8.4069094176867520E-01 a      1016     0    57     1     8
 -3.0285101435413240E+00 a      1017     0    57     1     9
  1.6272206619251686E+00 a      1018     0    57     1    10
  2.4814392375720482E+00 a      1019     0    57     1    11
 -3.5881830240992887E+00 a      1020     0    57     1    12
  5.3834174409353930E-01 a      1021     0    57     1    13
 -1.9132931767692900E+00 a      1022     0    57     1    14
  5.3642128854030213E+00 a      1023     0    57     1    15
  8.7722744339594605E-01 a      1024     0    57     1    16
  1.3051075287380776E+00 a      1025     0    57     1    17
  2.2367562683751938E+00 a      1026     0    57     1    18
 -2.1193308808882011E-01 a      1027     0    58     1     1
  1.0980776150217306E+00 a      1028     0    58     1     2
  2.0727514447610980E+00 a      1029     0    58     1     3
  1.4929422329940896E+00 a      1030     0    58     1     4
 -5.6345316204951568E-01 a      1031     0    58     1     5
 -3.9300742211226125E+00 a      1032     0    58     1     6
 -8.1873191468609796E-01 a      1033     0    58     1     7
  2.3641881678279986E+00 a      1034     0    58     1     8
  9.1875980665628354E-01 a      1035     0    58     1     9
 -4.7559206456281594E-01 a      1036     0    58     1    10
  2.0241384657702355E+00 a      1037     0    58     1    11
 -5.5946430664943736E-01 a      1038     0    58     1    12
 -3.2616365704848033E-01 a      1039     0    58     1    13
 -1.2699912114833507E+00 a      1040     0    58     1    14
 -3.9179598445594199E+00 a      1041     0    58     1    15
  9.6895626794201395E-01 a      1042     0    58     1    16
  1.2610652815224144E+00 a      1043     0    58     1    17
 -1.2369726767374740E+00 a      1044     0    58     1    18
 -1.2099228258005679E+00 a      1045     0    59     1     1
  1.5820895873243879E+00 a      1046     0    59     1     2
  3.3251060076583905E-01 a      1047     0    59     1     3
  5.2941960652995412E-01 a      1048     0    59     1     4
  4.9247599282989354E+00 a      1049     0    59     1     5
 -1.2719688621180336E+00 a      1050     0    59     1     6
  1.6207304598999017E+00 a      1051     0    59     1     7
  2.9368265775879068E+00 a      1052     0    59     1     8
 -7.3328870825834089E+00 a      1053     0    59     1     9
 -3.2742478391344392E+00 a      1054     0    59     1    10
  8.1297265537492329E+00 a      1055     0    59     1    11
  5.4617119516488346E+00 a      1056     0    59     1    12
  1.0686736534892489E+00 a      1057     0    59     1    13
  6.1334736846889584E+00 a      1058     0    59     1    14
  3.1950163241146377E+00 a      1059     0    59     1    15
 -6.3330238198547004E+00 a      1060     0    59     1    16
 -6.9555918069507072E-01 a      1061     0    59     1    17
  1.0415899246780644E+00 a      1062     0    59     1    18
  1.5454349571366006E+00 a      1063     0    60     1     1
  5.9346361336871412E-01 a      1064     0    60     1     2
  1.5643875596577833E-01 a      1065     0    60     1     3
  2.0615744097851638E+00 a      1066     0    60     1     4
 -2.9056332728845788E+00 a      1067     0    60     1     5
 -5.5288742380327227E-01 a      1068     0    60     1     6
 -1.6661304074800003E+00 a      1069     0    60     1     7
  9.2172548165849355E-02 a      1070     0    60     1     8
 -1.3489703669158251E+00 a      1071     0    60     1     9
 -2.4801662793620310E-01 a      1072     0    60     1    10
  2.5601689974848099E+00 a      1073     0    60     1    11
  3.4713553411515128E+00 a      1074     0    60     1    12
 -8.2877102662510152E-02 a      1075     0    60     1    13
  1.9463117239303527E+00 a      1076     0    60     1    14
  8.6120538018923454E-01 a      1077     0    60     1    15
 -2.0065120520079202E-01 a      1078     0    60     1    16
 -3.1729563631363806E+00 a      1079     0    60     1    17
 -2.2354811406167192E+00 a      1080     0    60     1    18
 -1.4880602518709829E+00 a      1081     0    61     1     1
  3.0948422242267720E-01 a      1082     0    61     1     2
  6.2100833061724814E-01 a      1083     0    61     1     3
  2.3525035190532644E+00 a      1084     0    61     1     4
  6.7069040314450667E-01 a      1085     0    61     1     5
  8.2803291526522760E-01 a      1086     0    61     1     6
 -1.3717413961624372E+00 a      1087     0    61     1     7
 -7.3938771579404550E-01 a      1088     0    61     1     8
 -5.0752614485955272E-01 a      1089     0    61     1     9
  1.4097950009571973E+00 a      1090     0    61     1    10
  3.1875315476087357E-01 a      1091     0    61     1    11
 -1.8757870774105581E-01 a      1092     0    61     1    12
  1.1475516705823674E+00 a      1093     0    61     1    13
  6.0138984807780967E-02 a      1094     0    61     1    14
 -1.0283415341525239E+00 a      1095     0    61     1    15
 -5.1902380556792738E-01 a      1096     0    61     1    16
 -9.4929899538483509E-01 a      1097     0    61     1    17
 -1.0745874037304672E-01 a      1098     0    61     1    18
 -1.9135201521798557E+00 a      1099     0    62     1     1
 -1.6555769811493617E+00 a      1100     0    62     1     2
  2.6936742946954562E+00 a      1101     0    62     1     3
  2.5497811955707483E-01 a      1102     0    62     1     4
  5.9641383412179716E-01 a      1103     0    62     1     5
 -2.6251416040352096E+00 a      1104     0    62     1     6
  2.0221838717749487E+00 a      1105     0    62     1     7
 -1.5716323248730157E+00 a      1106     0    62     1     8
 -3.0847344984352478E+00 a      1107     0    62     1     9
  2.2995467403418597E+00 a      1108     0    62     1    10
 -2.2839113860725200E+00 a      1109     0    62     1    11
  9.5436518967747197E-01 a      1110     0    62     1    12
  1.2744128271392425E+00 a      1111     0    62     1    13
  3.1071249074091716E+00 a      1112     0    62     1    14
  4.4744670322631258E-01 a      1113     0    62     1    15
  6.7953940170994065E-01 a      1114     0    62     1    16
 -6.1330979635722982E-01 a      1115     0    62     1    17
 -1.2299220467788419E+00 a      1116     0    62     1    18
  8.3824448144632746E-01 a      1117     0    63     1     1
  1.9380752212060481E+00 a      1118     0    63     1     2
 -1.2335872016671479E+00 a      1119     0    63     1     3
 -1.8624241966510029E+00 a      1120     0    63     1     4
  8.8229501724305404E-01 a      1121     0    63     1     5
 -2.5733930814453783E+00 a      1122     0    63     1     6
 -1.2898318297911626E+00 a      1123     0    63     1     7
  1.9904144516679267E+00 a      1124     0    63     1     8
  1.8285877264160331E+00 a      1125     0    63     1     9
 -2.2236772389682176E+00 a      1126     0    63     1    10
  1.7087482627343999E+00 a      1127     0    63     1    11
  1.1220603799769793E+00 a      1128     0    63     1    12
 -1.5689222832057987E+00 a      1129     0    63     1    13
 -1.7866294067481228E+00 a      1130     0    63     1    14
 -2.1729817635699837E+00 a      1131     0    63     1    15
 -1.9606539255341600E+00 a      1132     0    63     1    16
 -1.2825572046431744E+00 a      1133     0    63     1    17
 -1.0326470799731464E+00 a      1134     0    63     1    18
  6.7966055276214188E-02 a      1135     0    64     1     1
  5.3782588551619481E+00 a      1136     0    64     1     2
  6.6057495378879671E-02 a      1137     0    64     1     3
 -2.4093381028711476E+00 a      1138     0    64     1     4
  5.9424260253960437E-01 a      1139     0    64     1     5
 -3.2500110893521619E+00 a      1140     0    64     1     6
  2.0333752512540095E+00 a      1141     0    64     1     7
 -2.2477532089787902E-01 a      1142     0    64     1     8
  2.3025077551717179E+00 a      1143     0    64     1     9
 -1.9580507926250201E+00 a      1144     0    64     1    10
  1.6233746385658478E+00 a      1145     0    64     1    11
  1.0252772230829550E+00 a      1146     0    64     1    12
  3.3761672175282622E+00 a      1147     0    64     1    13
 -3.1508008718195151E+00 a      1148     0    64     1    14
 -2.4943873338133367E+00 a      1149     0    64     1    15
 -4.6490544774879838E+00 a      1150     0    64     1    16
  1.5731042129023254E-01 a      1151     0    64     1    17
  1.4904171849753400E-01 a      1152     0    64     1    18
  2.6281283927343568E-01 b      1153     1     1
  4.5080591956316202E-01 b      1154     1     2
  2.2961714372070599E-01 b      1155     1     3
  7.1874201533199533E-01 b      1156     1     4
 -1.3181859891395897E-01 b      1157     1     5
  1.5605043515029826E-01 b      1158     1     6
 -4.3781928922111968E-01 b      1159     1     7
  1.5240672693987409E-01 b      1160     1     8
  2.4361446615344118E-01 b      1161     1     9
  3.2101176514902263E-01 b      1162     1    10
  1.0887361635680282E-01 b      1163     1    11
  3.6455825227071675E-01 b      1164     1    12
 -7.6339542797410093E-02 b      1165     1    13
  1.3927011610156684E-01 b      1166     1    14
  2.3111140038492481E-01 b      1167     1    15
 -5.2012113733257273E-02 b      1168     1    16
  1.7419460855750771E-01 b      1169     1    17
  6.1847934430436360E-02 b      1170     1    18
 -2.0498612588340431E-01 a      1171     1     1     2     1
  1.8646000886740041E-01 a      1172     1     1     2     2
  3.0191348216002234E-01 a      1173     1     1     2     3
 -4.9023388796109998E-02 a      1174     1     1     2     4
  6.2745571017475424E-02 a      1175     1     1     2     5
  7.1555222733164026E-01 a      1176     1     1     2     6
  3.0941148266881319E-01 a      1177     1     1     2     7
 -6.6046451707037046E-01 a      1178     1     1     2     8
  9.5959718858435916E-01 a      1179     1     1     2     9
  3.8339336935806412E-01 a      1180     1     1     2    10
  1.3945837358846142E-01 a      1181     1     1     2    11
 -6.1222225535946839E-01 a      1182     1     1     2    12
  4.9901898238994497E-01 a      1183     1     1     2    13
 -4.7549082588888675E-01 a      1184     1     1     2    14
  6.0588454259863955E-01 a      1185     1     1     2    15
  2.6641043280347210E-02 a      1186     1     1     2    16
  2.1527517636877719E-01 a      1187     1     1     2    17
 -4.9893774506050335E-02 a      1188     1     1     2    18
 -5.1120631737087774E-01 a      1189     1     2     2     1
  2.0964711041322059E-01 a      1190     1     2     2     2
  2.2390928729635688E+00 a      1191     1     2     2     3
  9.1005244478753675E-02 a      1192     1     2     2     4
  6.7181142230773816E-01 a      1193     1     2     2     5
  2.1185512829074610E-01 a      1194     1     2     2     6
 -8.1993118054562797E-01 a      1195     1     2     2     7
 -3.1383546247988398E-01 a      1196     1     2     2     8
  7.5497869611212121E-01 a      1197     1     2     2     9
 -3.7523078928759240E-01 a      1198     1     2     2    10
  6.3261118385538762E-01 a      1199     1     2     2    11
 -4.6422694643060891E-01 a      1200     1     2     2    12
  7.3199877979232886E-02 a      1201     1     2     2    13
 -1.9713210110929091E-02 a      1202     1     2     2    14
  1.3579984364757491E-01 a      1203     1     2     2    15
 -6.4048384211303921E-01 a      1204     1     2     2    16
 -5.4125194601188586E-02 a      1205     1     2     2    17
 -8.1075012984258121E-02 a      1206     1     2     2    18
  9.2916390447012623E-02 a      1207     1     3     2     1
 -6.2105000839797042E-01 a      1208     1     3     2     2
 -6.9879085019319886E-01 a      1209     1     3     2     3
 -9.0738481294365103E-01 a      1210     1     3     2     4
 -1.0321258391666306E+00 a      1211     1     3     2     5
 -3.1989030200463436E-01 a      1212     1     3     2     6
  6.0278134346415640E-03 a      1213     1     3     2     7
 -3.3402637902907439E-01 a      1214     1     3     2     8
  8.8282827032991881E-02 a      1215     1     3     2     9
  7.4671833078601890E-01 a      1216     1     3     2    10
  9.1278121399971901E-01 a      1217     1     3     2    11
 -1.2506984577124454E+00 a      1218     1     3     2    12
 -5.8752784976731032E-01 a      1219     1     3     2    13
  2.9152332896731176E-01 a      1220     1     3     2    14
 -1.1138159766532765E-01 a      1221     1     3     2    15
 -5.3854078762951585E-01 a      1222     1     3     2    16
  6.5811708196922747E-01 a      1223     1     3     2    17
 -7.5838261128720652E-01 a      1224     1     3     2    18
 -9.3167179003995182E-01 a      1225     1     4     2     1
  6.8782250694751457E-01 a      1226     1     4     2     2
 -3.7905644060478605E-01 a      1227     1     4     2     3
  5.0209548069018679E-02 a      1228     1     4     2     4
  3.4312447322477554E-05 a      1229     1     4     2     5
 -2.3371068352693480E-01 a      1230     1     4     2     6
  3.2344858021033845E-01 a      1231     1     4     2     7
 -1.6594527220092689E-01 a      1232     1     4     2     8
  1.0242799630976902E+00 a      1233     1     4     2     9
  4.8664795933788169E-01 a      1234     1     4     2    10
 -2.0719875423237724E-01 a      1235     1     4     2    11
  5.9525209406678192E-01 a      1236     1     4     2    12
  3.1154418907635578E-01 a      1237     1     4     2    13
 -1.2083562084275206E+00 a      1238     1     4     2    14
  3.3050691851825831E-01 a      1239     1     4     2    15
  4.3108691748985528E-01 a      1240     1     4     2    16
 -4.1058996052783037E-01 a      1241     1     4     2    17
 -5.5811593963884210E-01 a      1242     1     4     2    18
  2.7962794734100943E-01 a      1243     1     5     2     1
 -1.7339656824381930E-01 a      1244     1     5     2     2
 -3.1099292150518470E-02 a      1245     1     5     2     3
 -5.7055572567118917E-01 a      1246     1     5     2     4
 -6.9903359535634768E-01 a      1247     1     5     2     5
 -1.2931128937729086E+00 a      1248     1     5     2     6
  4.6363106139127913E-01 a      1249     1     5     2     7
 -2.2630992401909064E-01 a      1250     1     5     2     8
 -7.9383859423550418E-01 a      1251     1     5     2     9
  5.3130283770354780E-01 a      1252     1     5     2    10
 -6.7017890781253930E-01 a      1253     1     5     2    11
  5.3084612064534908E-01 a      1254     1     5     2    12
 -4.2739617786856560E-01 a      1255     1     5     2    13
  7.1374236616895154E-02 a      1256     1     5     2    14
 -4.8340034414707023E-02 a      1257     1     5     2    15
  2.5870221958327638E-01 a      1258     1     5     2    16
 -1.5924132826299492E-01 a      1259     1     5     2    17
 -4.7015574075836220E-01 a      1260     1     5     2    18
 -2.0036949428260539E-01 a      1261     1     6     2     1
  7.1698135713282785E-01 a      1262     1     6     2     2
 -6.2417669399941167E-01 a      1263     1     6     2     3
  1.1691879159776312E-01 a      1264     1     6     2     4
  6.5300806019184765E-01 a      1265     1     6     2     5
 -2.5148097837315692E-01 a      1266     1     6     2     6
  3.2957993027476096E-01 a      1267     1     6     2     7
  4.8863668531120691E-01 a      1268     1     6     2     8
  5.9807799174584708E-01 a      1269     1     6     2     9
 -1.2950565301461534E-01 a      1270     1     6     2    10
  1.0296446388378231E+00 a      1271     1     6     2    11
 -1.5256529176672962E-01 a      1272     1     6     2    12
 -6.5446655566460299E-01 a      1273     1     6     2    13
  4.9490902379919349E-01 a      1274     1     6     2    14
 -3.9731452539263684E-01 a      1275     1     6     2    15
  6.7814760412872799E-01 a      1276     1     6     2    16
 -2.6468699533358131E-01 a      1277     1     6     2    17
  6.2018501672454662E-01 a      1278     1     6     2    18
 -4.3367400417196944E-02 a      1279     1     7     2     1
  7.6807122579340303E-01 a      1280     1     7     2     2
 -9.1215350388209360E-01 a      1281     1     7     2     3
  3.2473382777665960E-01 a      1282     1     7     2     4
 -1.6313055074343916E-01 a      1283     1     7     2     5
  2.6222814219202256E-01 a      1284     1     7     2     6
  6.0975528680898290E-02 a      1285     1     7     2     7
  3.3673793848212291E-01 a      1286     1     7     2     8
  7.1648438491999822E-01 a      1287     1     7     2     9
  2.0530172209943975E-01 a      1288     1     7     2    10
 -3.9216731597378540E-01 a      1289     1     7     2    11
  1.6871112608119190E-01 a      1290     1     7     2    12
  3.6371786056344294E-02 a      1291     1     7     2    13
  3.8421740986942038E-01 a      1292     1     7     2    14
 -1.4453316939751368E-01 a      1293     1     7     2    15
  9.1846960335660630E-02 a      1294     1     7     2    16
 -7.3318642640120391E-02 a      1295     1     7     2    17
 -2.4099947620495252E-01 a      1296     1     7     2    18
  7.7760925404114589E-01 a      1297     1     8     2     1
 -1.0292211241592074E-01 a      1298     1     8     2     2
 -1.7549211977743120E+00 a      1299     1     8     2     3
  5.9940386941535272E-02 a      1300     1     8     2     4
  1.1330408564447745E+00 a      1301     1     8     2     5
 -3.0699507791228124E-04 a      1302     1     8     2     6
 -2.2840188138921975E-02 a      1303     1     8     2     7
 -1.3562229113890185E+00 a      1304     1     8     2     8
 -2.9563956116006401E-01 a      1305     1     8     2     9
 -1.1281604776875731E+00 a      1306     1     8     2    10
 -1.0734623138943413E+00 a      1307     1     8     2    11
  1.2659048159175399E+00 a      1308     1     8     2    12
  9.3400474958186408E-01 a      1309     1     8     2    13
  6.1729240282160358E-01 a      1310     1     8     2    14
  1.0409217582678283E+00 a      1311     1     8     2    15
  1.5942354266653408E-01 a      1312     1     8     2    16
 -8.8224002766398835E-01 a      1313     1     8     2    17
 -1.0819465844575289E+00 a      1314     1     8     2    18
 -1.1537196194093124E-01 a      1315     1     9     2     1
 -1.1138250255292903E+00 a      1316     1     9     2     2
 -6.8502912448651554E-01 a      1317     1     9     2     3
  2.3633834768586595E-01 a      1318     1     9     2     4
 -1.5628640973553495E-01 a      1319     1     9     2     5
  8.4871396868525051E-01 a      1320     1     9     2     6
 -8.4389795747035562E-02 a      1321     1     9     2     7
  1.6597340613179514E+00 a      1322     1     9     2     8
 -2.7506568955077720E-01 a      1323     1     9     2     9
  7.1442013269720406E-01 a      1324     1     9     2    10
 -4.1786035868048232E-01 a      1325     1     9     2    11
 -6.7672112233050030E-01 a      1326     1     9     2    12
 -8.1231099876660984E-01 a      1327     1     9     2    13
  2.4545215189106706E-01 a      1328     1     9     2    14
 -1.3091254757885293E+00 a      1329     1     9     2    15
 -1.1510988950906072E-01 a      1330     1     9     2    16
  1.1023727760328574E+00 a      1331     1     9     2    17
  7.0835833478410104E-01 a      1332     1     9     2    18
 -4.1652387207638319E-01 a      1333     1    10     2     1
 -2.0291855290269927E-02 a      1334     1    10     2     2
 -4.3136392886283847E-01 a      1335     1    10     2     3
  9.0990432117402320E-01 a      1336     1    10     2     4
  5.8991638827027537E-01 a      1337     1    10     2     5
  5.4306969071401245E-01 a      1338     1    10     2     6
 -3.6460208587317439E-01 a      1339     1    10     2     7
 -2.7311150452245259E-01 a      1340     1    10     2     8
  2.4666636745826342E-01 a      1341     1    10     2     9
 -7.1646639961532455E-01 a      1342     1    10     2    10
 -5.0249875127162247E-01 a      1343     1    10     2    11
  1.0658606213677750E+00 a      1344     1    10     2    12
  1.2889202148757894E+00 a      1345     1    10     2    13
 -7.4844265083438477E-01 a      1346     1    10     2    14
  8.5988220717990138E-01 a      1347     1    10     2    15
  4.1452278143647153E-01 a      1348     1    10     2    16
 -6.1754238517998605E-01 a      1349     1    10     2    17
  7.5415623162560808E-01 a      1350     1    10     2    18
  6.1048488039157189E-01 a      1351     1    11     2     1
 -4.1364957666076535E-02 a      1352     1    11     2     2
 -3.4054157107967359E-01 a      1353     1    11     2     3
 -6.3009237571032528E-01 a      1354     1    11     2     4
  8.1129785772868179E-01 a      1355     1    11     2     5
 -8.9732530832292351E-02 a      1356     1    11     2     6
  3.3595867309925709E-01 a      1357     1    11     2     7
 -3.1846113816003513E-01 a      1358     1    11     2     8
 -4.9639867442093261E-01 a      1359     1    11     2     9
  6.6726723998037779E-02 a      1360     1    11     2    10
 -3.9192289501802680E-01 a      1361     1    11     2    11
 -7.7945083474711452E-01 a      1362     1    11     2    12
  3.4936755014040427E-01 a      1363     1    11     2    13
  8.9734879855730032E-01 a      1364     1    11     2    14
  5.0721693356693820E-01 a      1365     1    11     2    15
  1.5951425009874012E-01 a      1366     1    11     2    16
  1.8396748662386350E-01 a      1367     1    11     2    17
  7.3511389490100465E-01 a      1368     1    11     2    18
 -3.3826881120638130E-01 a      1369     1    12     2     1
 -7.3295669967061716E-01 a      1370     1    12     2     2
 -2.0419491416947717E+00 a      1371     1    12     2     3
 -4.8629240530678689E-03 a      1372     1    12     2     4
  7.5842458719751704E-01 a      1373     1    12     2     5
  7.5647104198724124E-01 a      1374     1    12     2     6
 -5.6375145232814894E-01 a      1375     1    12     2     7
 -8.3198018609089389E-02 a      1376     1    12     2     8
 -1.0837115561100112E-02 a      1377     1    12     2     9
 -8.2364389375120994E-01 a      1378     1    12     2    10
 -6.4646557384548675E-01 a      1379     1    12     2    11
  6.9170529221319932E-01 a      1380     1    12     2    12
  9.4433000537298173E-01 a      1381     1    12     2    13
 -5.3797192154934814E-01 a      1382     1    12     2    14
  1.9519571937495986E-01 a      1383     1    12     2    15
  9.7438634578073821E-02 a      1384     1    12     2    16
 -2.2777840502254346E-01 a      1385     1    12     2    17
 -1.7309651856042594E+00 a      1386     1    12     2    18
  5.7294090641360318E-01 a      1387     1    13     2     1
  5.6017724702927452E-01 a      1388     1    13     2     2
 -1.1220898079082822E+00 a      1389     1    13     2     3
 -9.9857954168879506E-02 a      1390     1    13     2     4
  8.8341361110792063E-02 a      1391     1    13     2     5
  2.7544248402110072E-01 a      1392     1    13     2     6
  5.7190292325321690E-01 a      1393     1    13     2     7
  3.1766278057005409E-01 a      1394     1    13     2     8
 -1.6356280267879333E+00 a      1395     1    13     2     9
 -6.3968880847666620E-01 a      1396     1    13     2    10
 -6.9157285598511498E-01 a      1397     1    13     2    11
 -1.0461868806655965E-01 a      1398     1    13     2    12
  5.9776965251269221E-01 a      1399     1    13     2    13
 -5.2328252936721209E-01 a      1400     1    13     2    14
  9.9410793200126885E-02 a      1401     1    13     2    15
 -1.2241108780046145E-02 a      1402     1    13     2    16
 -5.7976952787529101E-01 a      1403     1    13     2    17
 -4.0303202584103814E-01 a      1404     1    13     2    18
  5.5064785506374076E-04 a      1405     1    14     2     1
  1.3375713483093818E-01 a      1406     1    14     2     2
 -7.9264700381324704E-01 a      1407     1    14     2     3
 -2.4619802104462063E-01 a      1408     1    14     2     4
  2.2591212925653112E-01 a      1409     1    14     2     5
  2.9127675240415307E-01 a      1410     1    14     2     6
 -3.3848793408427075E-01 a      1411     1    14     2     7
 -4.2594326731157567E-01 a      1412     1    14     2     8
 -6.1906625485272093E-01 a      1413     1    14     2     9
 -5.6737734208022927E-01 a      1414     1    14     2    10
 -1.1862288682473967E+00 a      1415     1    14     2    11
  3.2901460062492405E-01 a      1416     1    14     2    12
  8.1564077538651836E-01 a      1417     1    14     2    13
 -1.7589604917332816E-02 a      1418     1    14     2    14
  5.0361395312788160E-01 a      1419     1    14     2    15
 -5.9950838471931556E-01 a      1420     1    14     2    16
 -1.8080642466989977E-01 a      1421     1    14     2    17
  6.7127076733066615E-01 a      1422     1    14     2    18
  7.9186849562252484E-02 a      1423     1    15     2     1
 -2.3100567479696887E-01 a      1424     1    15     2     2
  9.6633254997778728E-01 a      1425     1    15     2     3
 -3.4795826351505149E-01 a      1426     1    15     2     4
  2.6433481805337317E-01 a      1427     1    15     2     5
  6.5364039066846025E-01 a      1428     1    15     2     6
 -8.9484131725453026E-02 a      1429     1    15     2     7
 -8.3119692705188297E-01 a      1430     1    15     2     8
 -2.4179309103083631E-02 a      1431     1    15     2     9
  4.0134654416750628E-03 a      1432     1    15     2    10
 -8.2611592901182385E-01 a      1433     1    15     2    11
 -3.8921790664019479E-01 a      1434     1    15     2    12
  1.0609178951950968E+00 a      1435     1    15     2    13
 -1.7950806595541438E-01 a      1436     1    15     2    14
  9.1285501861680851E-01 a      1437     1    15     2    15
 -5.1515657849808960E-01 a      1438     1    15     2    16
  7.6129358958598611E-02 a      1439     1    15     2    17
  9.6806607195054550E-01 a      1440     1    15     2    18
  2.3182529626355070E-01 a      1441     1    16     2     1
 -3.0773170647878106E-01 a      1442     1    16     2     2
  2.0320422093871606E-02 a      1443     1    16     2     3
  1.1280076489523949E-01 a      1444     1    16     2     4
  8.4260173011083062E-01 a      1445     1    16     2     5
  2.6228989580021278E-01 a      1446     1    16     2     6
  1.6298211083407760E-01 a      1447     1    16     2     7
  1.2492595080303570E+00 a      1448     1    16     2     8
 -1.5953765702267203E-01 a      1449     1    16     2     9
  5.3289523598648492E-01 a      1450     1    16     2    10
  1.6900435033923436E-01 a      1451     1    16     2    11
  1.6027199019446969E-01 a      1452     1    16     2    12
 -5.9360798401939807E-01 a      1453     1    16     2    13
 -5.1154908315438910E-02 a      1454     1    16     2    14
 -9.5029959573381251E-01 a      1455     1    16     2    15
  4.2653475117804185E-01 a      1456     1    16     2    16
  1.2096077613053149E-01 a      1457     1    16     2    17
 -8.3843874549955710E-01 a      1458     1    16     2    18
 -4.2498056392425759E-01 a      1459     1    17     2     1
 -6.5742382186997006E-01 a      1460     1    17     2     2
  7.0220806484913645E-01 a      1461     1    17     2     3
 -3.2509687483005334E-01 a      1462     1    17     2     4
 -7.4277472835448732E-01 a      1463     1    17     2     5
 -2.1143527941714381E-03 a      1464     1    17     2     6
 -7.3877758060486809E-01 a      1465     1    17     2     7
 -9.4661371061023181E-01 a      1466     1    17     2     8
  4.9724124484866578E-01 a      1467     1    17     2     9
 -2.0447443502582879E-01 a      1468     1    17     2    10
  2.6201925702340140E-01 a      1469     1    17     2    11
 -1.1369989954456738E-01 a      1470     1    17     2    12
  7.1003171603706561E-01 a      1471     1    17     2    13
 -2.8725021185882998E-01 a      1472     1    17     2    14
  9.1292811604935886E-01 a      1473     1    17     2    15
 -5.8792347097816944E-01 a      1474     1    17     2    16
  2.4903965243952841E-01 a      1475     1    17     2    17
  1.3799550660817848E+00 a      1476     1    17     2    18
  3.6662822116332394E-01 a      1477     1    18     2     1
  6.1152287279985174E-01 a      1478     1    18     2     2
 -7.9187397771386703E-01 a      1479     1    18     2     3
  6.3770670994122713E-01 a      1480     1    18     2     4
 -8.7044589125963290E-01 a      1481     1    18     2     5
 -2.4528208283363168E-01 a      1482     1    18     2     6
  6.1408499527014704E-01 a      1483     1    18     2     7
  3.8006452811119619E-02 a      1484     1    18     2     8
 -4.7250657777443394E-01 a      1485     1    18     2     9
  4.3192347401367859E-01 a      1486     1    18     2    10
 -5.0539589015609721E-01 a      1487     1    18     2    11
  8.9128057336639629E-02 a      1488     1    18     2    12
 -1.0988573651592202E+00 a      1489     1    18     2    13
  8.1010001610828705E-02 a      1490     1    18     2    14
 -1.1329726681178978E+00 a      1491     1    18     2    15
 -8.6190638919073047E-03 a      1492     1    18     2    16
  5.5423928200123172E-02 a      1493     1    18     2    17
 -1.7568815725757631E-01 a      1494     1    18     2    18
 -1.4383562636036745E-01 b      1495     2     1
 -7.1276123350532061E-01 b      1496     2     2
  1.0631725850338902E+00 b      1497     2     3
 -1.7229883465891436E+00 b      1498     2     4
 -1.0715815973365619E+00 b      1499     2     5
  8.5975501816317312E-01 b      1500     2     6
 -3.8541786034950026E-01 b      1501     2     7
 -3.8717473066413693E-01 b      1502     2     8
  1.4800044071324472E+00 b      1503     2     9
  9.6756704936504501E-01 b      1504     2    10
  1.1565584234435358E+00 b      1505     2    11
 -1.3673664410433313E+00 b      1506     2    12
 -3.5719460523849988E-01 b      1507     2    13
 -1.8453695015171521E+00 b      1508     2    14
 -4.8351067493174624E-02 b      1509     2    15
 -7.9857878128430804E-01 b      1510     2    16
  5.7327559376622550E-01 b      1511     2    17
  9.2653560301925883E-02 b      1512     2    18
 -5.4901323052323892E-01 a      1513     2     1     3     1
  2.1045503295321330E-01 a      1514     2     2     3     1
 -1.2412980058451668E-01 a      1515     2     3     3     1
 -5.6573568906363225E-01 a      1516     2     4     3     1
 -6.7427761413886844E-02 a      1517     2     5     3     1
  4.3108304633366085E-01 a      1518     2     6     3     1
 -4.6677514665907993E-01 a      1519     2     7     3     1
 -2.1677143425045434E-01 a      1520     2     8     3     1
 -2.5901236669732075E-01 a      1521     2     9     3     1
  2.6221765951668191E-01 a      1522     2    10     3     1
 -1.2853617723107025E-01 a      1523     2    11     3     1
  2.3149369893566563E-01 a      1524     2    12     3     1
 -5.6649500900126426E-01 a      1525     2    13     3     1
  9.5219719225155020E-01 a      1526     2    14     3     1
  5.0990657281167928E-01 a      1527     2    15     3     1
  4.5270747694883434E-01 a      1528     2    16     3     1
 -4.3974062570695510E-01 a      1529     2    17     3     1
 -1.1361008848703277E-02 a      1530     2    18     3     1
  9.0136639895831247E-02 b      1531     3     1
