################################################################################
# Neural network connection values (weights and biases).
################################################################################
# Col  Name       Description
################################################################################
# 1    connection Neural network connection value.
# 2    t          Connection type (a = weight, b = bias).
# 3    index      Index enumerating weights.
# 4    l_s        Starting point layer (end point layer for biases).
# 5    n_s        Starting point neuron in starting layer (end point neuron for biases).
# 6    l_e        End point layer.
# 7    n_e        End point neuron in end layer.
################################################################################
#                      1 2         3     4     5     6     7
#             connection t     index   l_s   n_s   l_e   n_e
############################################################
  1.9546256349415412E+00 a         1     0     1     1     1
 -2.4810877974131529E+00 a         2     0     1     1     2
 -3.4899963195428313E-01 a         3     0     1     1     3
 -2.4584137975777445E+00 a         4     0     1     1     4
  9.9794152482700194E-01 a         5     0     1     1     5
  5.7410082624661154E+00 a         6     0     1     1     6
  5.8383412930509824E+00 a         7     0     1     1     7
 -2.6159332954176611E+00 a         8     0     1     1     8
  1.5642511879391565E+00 a         9     0     1     1     9
 -1.8334873578372317E+00 a        10     0     1     1    10
 -1.1902450374388751E+00 a        11     0     1     1    11
  3.5261580888551580E+00 a        12     0     1     1    12
 -2.0442295932465759E+00 a        13     0     1     1    13
  2.7393444155059044E+00 a        14     0     1     1    14
  5.1012943813412583E+00 a        15     0     1     1    15
  3.7534348326780900E+00 a        16     0     1     1    16
  3.3695688484224231E+00 a        17     0     1     1    17
  4.0796510052054389E+00 a        18     0     1     1    18
 -7.3583759808781890E+00 a        19     0     2     1     1
  1.1524993922134511E+01 a        20     0     2     1     2
  1.3680792215079027E+01 a        21     0     2     1     3
  3.2583859771988513E+00 a        22     0     2     1     4
  1.0409017195438507E+01 a        23     0     2     1     5
  1.7604786022638201E+01 a        24     0     2     1     6
  2.9791457286407725E+00 a        25     0     2     1     7
  1.3649493828460900E+01 a        26     0     2     1     8
  1.6330651385055179E+00 a        27     0     2     1     9
  1.4090654252170159E+01 a        28     0     2     1    10
 -2.2375464579972876E-03 a        29     0     2     1    11
  5.6686462398081705E+00 a        30     0     2     1    12
  2.3010365190998643E+00 a        31     0     2     1    13
 -4.6560064856890486E+00 a        32     0     2     1    14
 -4.6850519146907876E+00 a        33     0     2     1    15
  1.2056623859586985E-01 a        34     0     2     1    16
  1.0710007910138254E+01 a        35     0     2     1    17
  1.7408098258282916E+01 a        36     0     2     1    18
  9.3228758809823589E+00 a        37     0     3     1     1
 -8.6160813975390145E+00 a        38     0     3     1     2
  1.6242121325220158E+01 a        39     0     3     1     3
 -6.3074397892398570E+00 a        40     0     3     1     4
 -4.3067403379053928E+01 a        41     0     3     1     5
 -1.6320977885457488E+00 a        42     0     3     1     6
  7.4562817262972620E+00 a        43     0     3     1     7
  1.9691810651195738E+01 a        44     0     3     1     8
 -1.0870459030420863E+01 a        45     0     3     1     9
  1.7919445265632145E+01 a        46     0     3     1    10
  1.7407910495892928E+01 a        47     0     3     1    11
  2.3616571913335004E+01 a        48     0     3     1    12
 -6.6509488501168095E+00 a        49     0     3     1    13
  4.4263708100615813E-02 a        50     0     3     1    14
 -5.9436824115153062E+00 a        51     0     3     1    15
  1.5273086599333936E+01 a        52     0     3     1    16
 -1.1592963923956880E+00 a        53     0     3     1    17
  1.0149093065677359E+01 a        54     0     3     1    18
  9.4107946763447821E+00 a        55     0     4     1     1
 -1.5737493039174035E+01 a        56     0     4     1     2
 -1.2831403399810817E+01 a        57     0     4     1     3
 -6.0060389664542209E+00 a        58     0     4     1     4
 -1.6636107162036286E+01 a        59     0     4     1     5
 -1.5231142780027374E+01 a        60     0     4     1     6
  6.9969938211750449E-01 a        61     0     4     1     7
 -1.2665978879369959E+01 a        62     0     4     1     8
 -5.1072348811669395E+00 a        63     0     4     1     9
 -1.3975800417398487E+01 a        64     0     4     1    10
  2.4708198531639787E+00 a        65     0     4     1    11
 -6.7806656929695777E+00 a        66     0     4     1    12
 -4.6731604203674593E+00 a        67     0     4     1    13
  7.9586186744792551E+00 a        68     0     4     1    14
  4.7847493252316102E+00 a        69     0     4     1    15
  7.8103731983549416E+00 a        70     0     4     1    16
 -5.1495197549485487E+00 a        71     0     4     1    17
 -9.9798777720795542E+00 a        72     0     4     1    18
  1.8185053599806429E+00 a        73     0     5     1     1
  1.5585481777457866E+00 a        74     0     5     1     2
 -2.6350307738440694E+01 a        75     0     5     1     3
  3.0584636595061236E+00 a        76     0     5     1     4
  3.3892972495703610E+01 a        77     0     5     1     5
  8.3749398653439417E+00 a        78     0     5     1     6
 -1.1914550682413852E+01 a        79     0     5     1     7
 -2.4151355615359073E+01 a        80     0     5     1     8
  9.5920867024839911E+00 a        81     0     5     1     9
 -2.8412197109510384E+01 a        82     0     5     1    10
 -1.2137144116816467E+01 a        83     0     5     1    11
 -1.5412693534392162E+01 a        84     0     5     1    12
  3.3560856385082785E+00 a        85     0     5     1    13
 -3.8376272522707366E+00 a        86     0     5     1    14
  1.1526306357778216E+01 a        87     0     5     1    15
 -8.2416937713917626E+00 a        88     0     5     1    16
  4.4593660058430000E+00 a        89     0     5     1    17
 -1.2268808410242114E+01 a        90     0     5     1    18
 -2.5897197487912997E+00 a        91     0     6     1     1
  2.6065720658042486E+00 a        92     0     6     1     2
 -9.1203258305981458E-02 a        93     0     6     1     3
  1.2642628198867112E+00 a        94     0     6     1     4
 -6.5189043648201761E-01 a        95     0     6     1     5
 -4.4429484187879558E+00 a        96     0     6     1     6
 -6.2710979975859695E+00 a        97     0     6     1     7
  2.0681320061130730E+00 a        98     0     6     1     8
  3.1388142690525110E-02 a        99     0     6     1     9
  1.9644635416992215E+00 a       100     0     6     1    10
  9.9934220016437858E-01 a       101     0     6     1    11
 -4.5215028094648266E+00 a       102     0     6     1    12
  2.5440747602671139E+00 a       103     0     6     1    13
 -2.4217582513826001E+00 a       104     0     6     1    14
 -5.4319888224183890E+00 a       105     0     6     1    15
 -2.6370932542523975E+00 a       106     0     6     1    16
 -1.1215927078662831E+00 a       107     0     6     1    17
 -2.0878006851820126E+00 a       108     0     6     1    18
 -1.5276539603775308E+00 a       109     0     7     1     1
  3.9536225742324689E+00 a       110     0     7     1     2
  2.5859695213082912E+00 a       111     0     7     1     3
  1.1843525255608189E+00 a       112     0     7     1     4
  4.8523781313921157E+00 a       113     0     7     1     5
  1.7858525481081038E+00 a       114     0     7     1     6
 -1.6417105433842210E+00 a       115     0     7     1     7
  3.3764332846661347E+00 a       116     0     7     1     8
  2.5152471593683527E+00 a       117     0     7     1     9
  3.0837982992734827E+00 a       118     0     7     1    10
 -1.9299362781748126E+00 a       119     0     7     1    11
  7.4500801701468777E-01 a       120     0     7     1    12
  9.2559829430315554E-01 a       121     0     7     1    13
 -2.1691685448256250E+00 a       122     0     7     1    14
 -8.2837722911673750E-01 a       123     0     7     1    15
 -2.9673158817030196E+00 a       124     0     7     1    16
 -5.4615737647908413E-01 a       125     0     7     1    17
 -2.0646397291633137E-01 a       126     0     7     1    18
 -4.4320022084063702E+00 a       127     0     8     1     1
  2.3031050796012931E+00 a       128     0     8     1     2
  1.0941917614193628E+01 a       129     0     8     1     3
  9.7189795521384870E-01 a       130     0     8     1     4
 -3.8101360280907683E+00 a       131     0     8     1     5
 -3.7244380053005819E+00 a       132     0     8     1     6
  4.2577623898125463E+00 a       133     0     8     1     7
  7.0725867201397179E+00 a       134     0     8     1     8
 -4.4644847883060657E-01 a       135     0     8     1     9
  1.0243192162955024E+01 a       136     0     8     1    10
  3.3102076917572493E-01 a       137     0     8     1    11
 -9.5854540721693604E-01 a       138     0     8     1    12
  5.9616030898666350E-01 a       139     0     8     1    13
  4.2795596567854324E-02 a       140     0     8     1    14
 -3.4104905626452879E+00 a       141     0     8     1    15
  1.3146329406240309E+00 a       142     0     8     1    16
 -1.3217090890167989E-02 a       143     0     8     1    17
  4.4207240992513919E+00 a       144     0     8     1    18
  7.2493977454903713E-01 a       145     0     9     1     1
 -1.7054980856497641E+00 a       146     0     9     1     2
  7.4962704352634180E-01 a       147     0     9     1     3
 -1.4799054927618960E-02 a       148     0     9     1     4
 -3.2841145762569784E-01 a       149     0     9     1     5
  1.9282436565400265E+00 a       150     0     9     1     6
  2.1244434340847667E+00 a       151     0     9     1     7
 -7.4488136147027473E-01 a       152     0     9     1     8
 -4.2691508815033352E-01 a       153     0     9     1     9
 -5.1103190851963542E-01 a       154     0     9     1    10
 -7.9722035351457932E-01 a       155     0     9     1    11
  1.4755905772265587E+00 a       156     0     9     1    12
 -9.6546606488572340E-01 a       157     0     9     1    13
  8.7371404691967303E-01 a       158     0     9     1    14
  2.7182223084108994E+00 a       159     0     9     1    15
  1.9596948897947801E+00 a       160     0     9     1    16
  5.4410748163909961E-01 a       161     0     9     1    17
  4.3391130306054959E-01 a       162     0     9     1    18
 -6.9016331445356141E-02 a       163     0    10     1     1
  2.3713561272596810E+00 a       164     0    10     1     2
 -1.1644194070011076E+00 a       165     0    10     1     3
  5.2524596932715601E+00 a       166     0    10     1     4
  4.2255715661319257E+00 a       167     0    10     1     5
 -5.6285196757287421E+00 a       168     0    10     1     6
 -8.8539844878467306E+00 a       169     0    10     1     7
  9.3186840494613321E+00 a       170     0    10     1     8
 -4.9809144927266802E+00 a       171     0    10     1     9
  9.6397820907335987E+00 a       172     0    10     1    10
  3.9371353483213006E-01 a       173     0    10     1    11
  5.7707636998492342E+00 a       174     0    10     1    12
 -8.7032092196551836E-01 a       175     0    10     1    13
 -2.8309029563348114E+00 a       176     0    10     1    14
 -3.5402087239838944E+00 a       177     0    10     1    15
 -3.0063136917177546E+00 a       178     0    10     1    16
  2.3900297568446511E+00 a       179     0    10     1    17
 -1.0211761102741015E+01 a       180     0    10     1    18
  5.0463253828750041E+00 a       181     0    11     1     1
 -2.5437462039118306E+00 a       182     0    11     1     2
 -1.0325817898661919E+01 a       183     0    11     1     3
  9.2520163213453053E+00 a       184     0    11     1     4
 -1.8221187491555284E+00 a       185     0    11     1     5
 -9.6430829431895528E+00 a       186     0    11     1     6
  2.5271944314426742E+00 a       187     0    11     1     7
 -1.7013355485168649E+01 a       188     0    11     1     8
 -4.6651178951501782E-01 a       189     0    11     1     9
  2.9804658837159335E+00 a       190     0    11     1    10
  6.9244331989667407E-01 a       191     0    11     1    11
  6.2259045502002808E+00 a       192     0    11     1    12
  2.4489587846791965E+00 a       193     0    11     1    13
 -3.3419575122587779E+00 a       194     0    11     1    14
 -6.5665484350217840E+00 a       195     0    11     1    15
 -3.7950548521743079E+00 a       196     0    11     1    16
  1.0179599424078566E+01 a       197     0    11     1    17
 -2.1625050021853905E+01 a       198     0    11     1    18
 -1.7199851718241980E+01 a       199     0    12     1     1
  5.2988618945689474E+00 a       200     0    12     1     2
 -1.8866612271896650E+00 a       201     0    12     1     3
  2.1972142664754140E+00 a       202     0    12     1     4
  2.4840951510234113E+01 a       203     0    12     1     5
  3.5225716759334218E+00 a       204     0    12     1     6
 -9.9848028265483357E-01 a       205     0    12     1     7
 -2.9862064908493897E+00 a       206     0    12     1     8
 -5.6802833783518176E+00 a       207     0    12     1     9
 -2.3196679020750027E-01 a       208     0    12     1    10
 -1.1831524994128463E+01 a       209     0    12     1    11
 -5.8183011090402017E+00 a       210     0    12     1    12
 -7.1522347335338243E-01 a       211     0    12     1    13
  5.2064793900777078E+00 a       212     0    12     1    14
 -1.1797051352201025E+01 a       213     0    12     1    15
 -1.6113405170134897E+01 a       214     0    12     1    16
 -1.2022345548521236E+00 a       215     0    12     1    17
 -3.5532269443369957E+00 a       216     0    12     1    18
 -4.9006772785794039E+00 a       217     0    13     1     1
  4.4197145581474890E+00 a       218     0    13     1     2
  3.0506388235735620E+00 a       219     0    13     1     3
 -4.2072724907592303E+00 a       220     0    13     1     4
 -2.5001867210644604E+00 a       221     0    13     1     5
  5.8566923251020118E+00 a       222     0    13     1     6
  1.5729740561794712E+00 a       223     0    13     1     7
  5.0397444949340697E-01 a       224     0    13     1     8
 -5.2869023981575118E+00 a       225     0    13     1     9
 -1.9457015020820163E+00 a       226     0    13     1    10
  7.1159011194825306E-01 a       227     0    13     1    11
  4.6907105132753983E+00 a       228     0    13     1    12
 -1.8236377692964281E-01 a       229     0    13     1    13
  5.0538497607753268E+00 a       230     0    13     1    14
  9.0205425824552332E+00 a       231     0    13     1    15
 -6.3938883340783681E+00 a       232     0    13     1    16
 -3.0497705868073104E+00 a       233     0    13     1    17
 -1.2361636243608325E+01 a       234     0    13     1    18
 -1.3169318179226416E+01 a       235     0    14     1     1
 -2.8600804534545032E+00 a       236     0    14     1     2
 -4.8298789906873836E+00 a       237     0    14     1     3
  7.3344797993408548E+00 a       238     0    14     1     4
  2.1049404918993659E+01 a       239     0    14     1     5
  1.0167870379603308E+01 a       240     0    14     1     6
 -2.8367748604502716E+00 a       241     0    14     1     7
  2.0868983781115409E+00 a       242     0    14     1     8
 -2.2783607526810243E+00 a       243     0    14     1     9
  2.9663326186445707E+00 a       244     0    14     1    10
 -8.6475200533949117E+00 a       245     0    14     1    11
 -1.5826353308700789E+00 a       246     0    14     1    12
 -1.8373104369983896E+01 a       247     0    14     1    13
  8.0801858961661956E+00 a       248     0    14     1    14
  3.6352069918535274E-01 a       249     0    14     1    15
 -4.4667922536315183E+00 a       250     0    14     1    16
 -1.1852250087845622E+01 a       251     0    14     1    17
  1.0294946871832551E+01 a       252     0    14     1    18
  6.1206487187478533E+00 a       253     0    15     1     1
  5.3558878661477527E+00 a       254     0    15     1     2
  6.8013662098168908E+00 a       255     0    15     1     3
 -9.9017048707029698E+00 a       256     0    15     1     4
 -6.5542103125689630E+00 a       257     0    15     1     5
 -1.4362324601678351E+00 a       258     0    15     1     6
  6.7841176125733371E+00 a       259     0    15     1     7
  4.1641492269503662E+00 a       260     0    15     1     8
  5.5222902402822029E+00 a       261     0    15     1     9
 -1.8357551528311560E+00 a       262     0    15     1    10
  8.1711018020828419E-01 a       263     0    15     1    11
  2.4893879325816282E+00 a       264     0    15     1    12
 -1.7860809744988192E+01 a       265     0    15     1    13
  2.1820589307113649E+00 a       266     0    15     1    14
 -8.7160767966967772E+00 a       267     0    15     1    15
 -4.9408078105834647E+00 a       268     0    15     1    16
 -1.0112186078290344E+01 a       269     0    15     1    17
  4.5550293032753011E+00 a       270     0    15     1    18
  5.0903805852262449E+00 a       271     0    16     1     1
  5.5265121234110905E+00 a       272     0    16     1     2
  4.8364459997185323E+00 a       273     0    16     1     3
 -1.7874696743053988E+00 a       274     0    16     1     4
 -3.0444279593490422E+00 a       275     0    16     1     5
  1.1151757871380104E+01 a       276     0    16     1     6
  1.0730328400828236E+01 a       277     0    16     1     7
  9.2423618321338061E+00 a       278     0    16     1     8
  7.6736474943534283E+00 a       279     0    16     1     9
  8.6088256081424284E+00 a       280     0    16     1    10
  3.5473912912450132E+00 a       281     0    16     1    11
  2.4773293419651949E+00 a       282     0    16     1    12
 -6.0188417933560920E+00 a       283     0    16     1    13
  2.5831457781773537E+00 a       284     0    16     1    14
 -8.9212246536899400E+00 a       285     0    16     1    15
  5.7602028135293644E+00 a       286     0    16     1    16
  8.9781854528655938E+00 a       287     0    16     1    17
  1.3391575898432791E+01 a       288     0    16     1    18
  1.3959438593059441E+00 a       289     0    17     1     1
  1.4856972191649633E+00 a       290     0    17     1     2
 -1.6670697113567118E-01 a       291     0    17     1     3
 -4.2511550935681913E-01 a       292     0    17     1     4
  4.1496246592361385E-01 a       293     0    17     1     5
 -1.8368070205704188E+00 a       294     0    17     1     6
  2.6307797555104426E+00 a       295     0    17     1     7
  1.1363266808591872E+00 a       296     0    17     1     8
  5.1626343857877002E+00 a       297     0    17     1     9
 -4.2226970535250263E-01 a       298     0    17     1    10
  2.0273786547038819E+00 a       299     0    17     1    11
 -1.3382146170097786E+00 a       300     0    17     1    12
 -3.7296890561324623E+00 a       301     0    17     1    13
  3.1765286478632531E+00 a       302     0    17     1    14
 -3.4540271363777486E+00 a       303     0    17     1    15
  5.4142345856041507E-01 a       304     0    17     1    16
 -7.3157973947466065E-02 a       305     0    17     1    17
  6.9688678565437268E-01 a       306     0    17     1    18
  3.2527631649161246E+00 a       307     0    18     1     1
  1.6448413901785106E+00 a       308     0    18     1     2
  3.9973576057937712E+00 a       309     0    18     1     3
 -1.3400337283620194E+00 a       310     0    18     1     4
 -5.6790182476932727E-01 a       311     0    18     1     5
  3.1321006928447965E+00 a       312     0    18     1     6
  1.0653248519119295E+01 a       313     0    18     1     7
  3.8058886224015991E+00 a       314     0    18     1     8
  3.4382062796264972E+00 a       315     0    18     1     9
  3.2914164635048100E+00 a       316     0    18     1    10
  5.2035768154211803E-01 a       317     0    18     1    11
 -1.5251268266841385E+00 a       318     0    18     1    12
 -2.3539071608185549E+00 a       319     0    18     1    13
  2.6966569556907150E+00 a       320     0    18     1    14
 -3.1797531775688581E+00 a       321     0    18     1    15
  2.0232720489895866E+00 a       322     0    18     1    16
 -6.5657746743503706E-02 a       323     0    18     1    17
  2.2260834572126154E+00 a       324     0    18     1    18
  5.3276860203125542E-01 a       325     0    19     1     1
  1.6251753990806435E+00 a       326     0    19     1     2
  2.7762587235461510E-02 a       327     0    19     1     3
 -1.7843265025792958E+00 a       328     0    19     1     4
 -2.3515262874981344E+00 a       329     0    19     1     5
 -5.0148019068003002E-01 a       330     0    19     1     6
  3.3550231624963547E+00 a       331     0    19     1     7
  1.5757680722121810E+00 a       332     0    19     1     8
 -1.2446797129838443E+00 a       333     0    19     1     9
 -1.8692636900043145E+00 a       334     0    19     1    10
  2.0742173760716924E+00 a       335     0    19     1    11
  2.6291813247263973E+00 a       336     0    19     1    12
 -1.6352116275501445E+00 a       337     0    19     1    13
 -1.0621050561447423E+00 a       338     0    19     1    14
 -4.0814044700079349E-01 a       339     0    19     1    15
 -2.4112394525010745E+00 a       340     0    19     1    16
 -3.0175116331781942E+00 a       341     0    19     1    17
  1.6915972535270352E+00 a       342     0    19     1    18
  6.9126577297486129E+00 a       343     0    20     1     1
  4.7451500178783128E+00 a       344     0    20     1     2
  6.0707916111886586E+00 a       345     0    20     1     3
 -1.7877898853686631E+01 a       346     0    20     1     4
 -9.8130281611964882E+00 a       347     0    20     1     5
 -1.3415645591849952E+01 a       348     0    20     1     6
  2.6567387797062683E+00 a       349     0    20     1     7
 -2.5402911708141797E+01 a       350     0    20     1     8
 -2.3451912428937134E+00 a       351     0    20     1     9
 -1.2041608488796221E+01 a       352     0    20     1    10
  3.1812824761677039E+00 a       353     0    20     1    11
 -1.0468897089418032E+01 a       354     0    20     1    12
  1.3932320108418857E+01 a       355     0    20     1    13
 -9.1465626516468246E-01 a       356     0    20     1    14
 -1.4913656556372008E+01 a       357     0    20     1    15
  1.6450115102883416E+00 a       358     0    20     1    16
 -1.0124534041498965E+01 a       359     0    20     1    17
  1.6016478466532874E+01 a       360     0    20     1    18
 -3.4085022235123938E+00 a       361     0    21     1     1
 -2.7016202107695442E+00 a       362     0    21     1     2
  6.7044920554470613E+00 a       363     0    21     1     3
 -1.8974413638975062E+01 a       364     0    21     1     4
  1.1251060298328760E+01 a       365     0    21     1     5
 -8.6588541007570861E+00 a       366     0    21     1     6
 -1.9994811163904739E+01 a       367     0    21     1     7
  1.3124066636091587E+01 a       368     0    21     1     8
  2.7083706109896442E+00 a       369     0    21     1     9
 -2.1831564441581946E+01 a       370     0    21     1    10
 -5.2879686581112768E+00 a       371     0    21     1    11
 -1.3936861708171110E+01 a       372     0    21     1    12
  5.2099407277477825E+00 a       373     0    21     1    13
  2.9375606313750224E+00 a       374     0    21     1    14
  9.6406013326004132E+00 a       375     0    21     1    15
  6.9728677448721612E+00 a       376     0    21     1    16
 -3.5311712074968860E+01 a       377     0    21     1    17
  1.6342057862810780E+01 a       378     0    21     1    18
  1.0872433222426928E+01 a       379     0    22     1     1
 -4.0084511379869934E+00 a       380     0    22     1     2
  4.8515453859684730E+00 a       381     0    22     1     3
  1.0413821971453656E+01 a       382     0    22     1     4
 -3.0597545146490099E+00 a       383     0    22     1     5
 -2.4900151800165240E+01 a       384     0    22     1     6
 -3.9995918979875755E+00 a       385     0    22     1     7
 -1.0918816122533888E+01 a       386     0    22     1     8
  1.3543898338446761E+01 a       387     0    22     1     9
  3.0731868553003077E+00 a       388     0    22     1    10
  4.7608031635959440E+00 a       389     0    22     1    11
 -1.8648468971419021E+01 a       390     0    22     1    12
  1.6604983763851411E+01 a       391     0    22     1    13
 -7.6320768363060330E+00 a       392     0    22     1    14
  2.2179915773296671E+01 a       393     0    22     1    15
  1.4229486062481579E+01 a       394     0    22     1    16
 -5.6900233022601618E+00 a       395     0    22     1    17
 -6.3139198864765627E+00 a       396     0    22     1    18
  7.3498836737912168E+00 a       397     0    23     1     1
  6.8735667314062550E+00 a       398     0    23     1     2
  4.0649354448694552E+00 a       399     0    23     1     3
 -1.4595184549567367E+01 a       400     0    23     1     4
 -2.7888535567817502E+01 a       401     0    23     1     5
 -4.9037686585481293E+00 a       402     0    23     1     6
 -1.5442067182807431E+00 a       403     0    23     1     7
 -1.4741476474286130E-01 a       404     0    23     1     8
 -8.1205624409064647E+00 a       405     0    23     1     9
 -1.0061475012294553E+01 a       406     0    23     1    10
  7.3495473107117197E+00 a       407     0    23     1    11
  8.3617272630044344E+00 a       408     0    23     1    12
  3.0290699707890198E+01 a       409     0    23     1    13
 -3.3830395205100938E+00 a       410     0    23     1    14
 -8.2501928785531167E+00 a       411     0    23     1    15
 -9.6185085598657027E-01 a       412     0    23     1    16
  3.2163333487995118E+01 a       413     0    23     1    17
 -2.0952740905326866E+01 a       414     0    23     1    18
 -6.2757714044541331E+00 a       415     0    24     1     1
 -1.0501580093131475E+01 a       416     0    24     1     2
 -5.7784924507112310E+00 a       417     0    24     1     3
  1.5902222745376015E+01 a       418     0    24     1     4
  6.8572085153725961E+00 a       419     0    24     1     5
  1.2577840699048196E-01 a       420     0    24     1     6
 -7.3028173346267025E+00 a       421     0    24     1     7
  9.7358857457093926E+00 a       422     0    24     1     8
 -3.9854467405774083E+00 a       423     0    24     1     9
  8.2539380389350097E+00 a       424     0    24     1    10
 -4.9088909396345839E+00 a       425     0    24     1    11
 -1.7196797757211975E+00 a       426     0    24     1    12
  3.2581357303441183E+00 a       427     0    24     1    13
 -9.2444387634944558E+00 a       428     0    24     1    14
  7.1878002398474390E+00 a       429     0    24     1    15
  4.4578704500487429E+00 a       430     0    24     1    16
  7.4005738872889033E+00 a       431     0    24     1    17
  3.0565908919752198E+00 a       432     0    24     1    18
 -7.3201233208782854E+00 a       433     0    25     1     1
 -3.6623661198931003E+00 a       434     0    25     1     2
 -7.0689232601072334E+00 a       435     0    25     1     3
  1.2559699097483568E+01 a       436     0    25     1     4
 -2.9647871150182286E+00 a       437     0    25     1     5
 -6.8451675498194531E+00 a       438     0    25     1     6
 -5.7355381479419014E+00 a       439     0    25     1     7
 -1.1377601665119613E+01 a       440     0    25     1     8
 -9.9406653333843824E+00 a       441     0    25     1     9
  1.9533252440796458E+00 a       442     0    25     1    10
  1.3991049107842815E+00 a       443     0    25     1    11
  4.2043226251070971E+00 a       444     0    25     1    12
  2.2209230212026960E+00 a       445     0    25     1    13
 -2.8737605193943918E+00 a       446     0    25     1    14
  4.8196675009577286E+00 a       447     0    25     1    15
 -7.8937697398103186E+00 a       448     0    25     1    16
  1.0032221078856573E+01 a       449     0    25     1    17
 -1.7821208858258622E+01 a       450     0    25     1    18
  2.2259686921228434E+00 a       451     0    26     1     1
 -1.0427394954932339E+00 a       452     0    26     1     2
 -5.3032626479932521E-01 a       453     0    26     1     3
  1.3708579423242457E-02 a       454     0    26     1     4
  1.8335969714798901E-02 a       455     0    26     1     5
  2.4012354305895762E+00 a       456     0    26     1     6
 -1.1130060176508767E-01 a       457     0    26     1     7
  1.1510354599015713E+00 a       458     0    26     1     8
  2.9640776746369992E+00 a       459     0    26     1     9
  4.4318942296860248E-01 a       460     0    26     1    10
  9.1708433963019531E-01 a       461     0    26     1    11
  9.4571757721005445E-01 a       462     0    26     1    12
 -2.3025636010887522E+00 a       463     0    26     1    13
  1.6086309341053018E+00 a       464     0    26     1    14
  9.6073239737732119E-01 a       465     0    26     1    15
  3.3926480800567065E+00 a       466     0    26     1    16
  3.1460375168271595E+00 a       467     0    26     1    17
 -1.5187892524886288E+00 a       468     0    26     1    18
  3.5269249290010207E+00 a       469     0    27     1     1
 -2.0022322888372970E+00 a       470     0    27     1     2
  4.9736137669961489E-01 a       471     0    27     1     3
  6.5538410934370661E-01 a       472     0    27     1     4
 -2.2270132692598215E+00 a       473     0    27     1     5
  5.2912084104189869E+00 a       474     0    27     1     6
  6.5408323100490460E+00 a       475     0    27     1     7
 -2.9317149080425171E+00 a       476     0    27     1     8
  2.0893190834789594E+00 a       477     0    27     1     9
  1.6475689413148893E+00 a       478     0    27     1    10
 -2.0456429866425490E+00 a       479     0    27     1    11
  1.5110212495747806E+00 a       480     0    27     1    12
 -6.0015557338852716E-03 a       481     0    27     1    13
 -1.5831449767302272E+00 a       482     0    27     1    14
  9.6765197589583529E-01 a       483     0    27     1    15
 -9.9403207332283772E-01 a       484     0    27     1    16
 -5.5875606295707225E-01 a       485     0    27     1    17
 -3.9114808753633890E+00 a       486     0    27     1    18
 -7.4722001788396730E-01 a       487     0    28     1     1
 -2.9674727638095195E+00 a       488     0    28     1     2
 -3.5723326794246733E+00 a       489     0    28     1     3
  1.7650676706093422E+00 a       490     0    28     1     4
  5.5627863760047758E+00 a       491     0    28     1     5
  1.0139128783129776E+01 a       492     0    28     1     6
  7.1103077287932699E+00 a       493     0    28     1     7
 -6.0583667866596325E-01 a       494     0    28     1     8
  1.8842266696034067E+00 a       495     0    28     1     9
  2.4930873111412670E+00 a       496     0    28     1    10
 -2.5759220399817324E+00 a       497     0    28     1    11
  1.4139625427090117E+00 a       498     0    28     1    12
 -9.2376348381941451E+00 a       499     0    28     1    13
 -1.0166309512053833E+00 a       500     0    28     1    14
  4.9252964477447216E+00 a       501     0    28     1    15
 -4.3532154091867135E+00 a       502     0    28     1    16
 -1.0727529253487184E+01 a       503     0    28     1    17
  7.0986732101538861E+00 a       504     0    28     1    18
 -2.8844313622373869E+00 a       505     0    29     1     1
  1.0704866603973773E-01 a       506     0    29     1     2
  2.2346024280689698E+00 a       507     0    29     1     3
  6.3753364161816384E-01 a       508     0    29     1     4
 -1.0821871013836861E+00 a       509     0    29     1     5
  1.2960653176214749E+00 a       510     0    29     1     6
 -1.2229161139390716E+00 a       511     0    29     1     7
  1.6266499292846879E+00 a       512     0    29     1     8
 -4.2266833822868195E+00 a       513     0    29     1     9
  1.0901274595630228E+00 a       514     0    29     1    10
 -1.1300887841883214E+00 a       515     0    29     1    11
  2.0771433380267550E+00 a       516     0    29     1    12
 -4.0591944651758710E-01 a       517     0    29     1    13
 -8.5520056939763367E-01 a       518     0    29     1    14
  1.1417123971813903E+00 a       519     0    29     1    15
 -2.9309206534095162E+00 a       520     0    29     1    16
 -1.4659820313750007E+00 a       521     0    29     1    17
 -1.6516049622308049E+00 a       522     0    29     1    18
 -1.7333753981294371E+00 a       523     0    30     1     1
  1.5839619034522068E+00 a       524     0    30     1     2
 -2.7816313346598323E+00 a       525     0    30     1     3
  6.1062169042934822E-01 a       526     0    30     1     4
 -9.9829898803100703E-01 a       527     0    30     1     5
 -4.6056755914595557E-02 a       528     0    30     1     6
 -8.3625206392509508E+00 a       529     0    30     1     7
  4.9340780689681729E-02 a       530     0    30     1     8
 -1.9509704403715746E+00 a       531     0    30     1     9
  7.3993646602589641E-02 a       532     0    30     1    10
  6.0353704799349028E-01 a       533     0    30     1    11
  3.1292922678140007E+00 a       534     0    30     1    12
 -8.8505644944618656E-01 a       535     0    30     1    13
 -1.5379723827271401E+00 a       536     0    30     1    14
 -9.6256294996898506E-01 a       537     0    30     1    15
  1.9011198897618551E+00 a       538     0    30     1    16
  7.2099928958052981E+00 a       539     0    30     1    17
  4.3412085940280631E+00 a       540     0    30     1    18
 -4.1404329194830618E+00 a       541     0    31     1     1
 -2.2743027176722612E+00 a       542     0    31     1     2
  1.8369397521270803E-01 a       543     0    31     1     3
  4.6464681947016109E+00 a       544     0    31     1     4
  9.6699839808501391E+00 a       545     0    31     1     5
  6.0475437491604267E-01 a       546     0    31     1     6
 -5.0849359381585177E+00 a       547     0    31     1     7
  1.6260571895006448E+00 a       548     0    31     1     8
  1.7535477400245745E+00 a       549     0    31     1     9
  2.7721607878963268E+00 a       550     0    31     1    10
 -5.2790926429865657E+00 a       551     0    31     1    11
 -1.9845612439810927E+00 a       552     0    31     1    12
 -1.1437206315355718E+01 a       553     0    31     1    13
  2.0847075441719323E+00 a       554     0    31     1    14
 -3.5148217075206785E+00 a       555     0    31     1    15
  4.2086251391068181E+00 a       556     0    31     1    16
 -5.3911963305206232E+00 a       557     0    31     1    17
  6.1710631177874156E+00 a       558     0    31     1    18
 -3.2144242736846782E+00 a       559     0    32     1     1
 -5.5841899347227413E+00 a       560     0    32     1     2
 -8.0232812113170660E+00 a       561     0    32     1     3
  1.0586472015796778E+01 a       562     0    32     1     4
  5.9742519379881251E+00 a       563     0    32     1     5
  3.9853047608612138E+00 a       564     0    32     1     6
 -1.2766049169920044E+00 a       565     0    32     1     7
 -1.7630567515672431E+00 a       566     0    32     1     8
  5.2833650794852582E+00 a       567     0    32     1     9
  5.7893246746908122E-01 a       568     0    32     1    10
  2.3697291849553392E-01 a       569     0    32     1    11
 -1.4797893557105408E+00 a       570     0    32     1    12
  1.0014301865805800E+01 a       571     0    32     1    13
  2.9597690901906719E+00 a       572     0    32     1    14
  4.5831069404215521E+00 a       573     0    32     1    15
  7.1407642295594895E+00 a       574     0    32     1    16
  1.0262834424054120E+01 a       575     0    32     1    17
 -1.9417081316816669E+00 a       576     0    32     1    18
  1.0192489869899999E+01 a       577     0    33     1     1
  7.9295874192132754E-01 a       578     0    33     1     2
 -5.2477110967059282E-01 a       579     0    33     1     3
 -7.4795685015396574E+00 a       580     0    33     1     4
 -1.7268838911749729E+01 a       581     0    33     1     5
  1.2214592270908380E+00 a       582     0    33     1     6
  3.5191260067631798E+00 a       583     0    33     1     7
  7.0383210131171019E+00 a       584     0    33     1     8
  3.7367108184950903E+00 a       585     0    33     1     9
 -3.0628416240108787E+00 a       586     0    33     1    10
  8.1214850636422895E+00 a       587     0    33     1    11
  1.1551528275389318E+01 a       588     0    33     1    12
 -3.8360983129768336E+00 a       589     0    33     1    13
 -2.9529349376553027E+00 a       590     0    33     1    14
 -6.8439826861437334E+00 a       591     0    33     1    15
  5.4135273330482701E+00 a       592     0    33     1    16
  3.3467218469207380E+00 a       593     0    33     1    17
  2.7309734250586215E-01 a       594     0    33     1    18
  8.7921920489533711E-01 a       595     0    34     1     1
  7.2563157486022378E-02 a       596     0    34     1     2
 -5.8300562236269160E-01 a       597     0    34     1     3
  1.8873511687153180E-01 a       598     0    34     1     4
 -1.6704726389242938E-03 a       599     0    34     1     5
  6.8445915129226986E-02 a       600     0    34     1     6
  2.4503516986205776E-01 a       601     0    34     1     7
 -1.2523043662451616E-01 a       602     0    34     1     8
  6.5612450743126671E-01 a       603     0    34     1     9
 -2.5527988554003828E-01 a       604     0    34     1    10
  4.4254622374590258E-01 a       605     0    34     1    11
 -2.8672237918105464E-01 a       606     0    34     1    12
  3.3394054804720519E-01 a       607     0    34     1    13
 -7.9592089558154011E-01 a       608     0    34     1    14
 -1.2465816927431432E+00 a       609     0    34     1    15
 -6.6606663714342762E-01 a       610     0    34     1    16
 -4.4890650820021699E-01 a       611     0    34     1    17
 -3.8699294622351388E-01 a       612     0    34     1    18
 -3.8839830884351773E-01 a       613     0    35     1     1
 -5.4474018527143550E-02 a       614     0    35     1     2
 -8.7435838913535291E-01 a       615     0    35     1     3
  1.4949670001095841E+00 a       616     0    35     1     4
  4.8405371103038808E-01 a       617     0    35     1     5
  2.3094676866528585E-01 a       618     0    35     1     6
 -2.1796810602286030E+00 a       619     0    35     1     7
 -7.2579317445465419E-01 a       620     0    35     1     8
  3.4504477359383429E-01 a       621     0    35     1     9
 -2.7506184502928188E-01 a       622     0    35     1    10
  3.3492972630670514E-01 a       623     0    35     1    11
  6.3072999812594110E-01 a       624     0    35     1    12
  5.1773133127631643E-01 a       625     0    35     1    13
 -1.2765721417594671E+00 a       626     0    35     1    14
 -5.5793840628326527E-02 a       627     0    35     1    15
  5.6315392717491952E-01 a       628     0    35     1    16
  3.4684801308442126E-01 a       629     0    35     1    17
 -3.2413485911895723E-01 a       630     0    35     1    18
 -1.0836540287675838E+00 a       631     0    36     1     1
 -2.1856207728543122E+00 a       632     0    36     1     2
 -3.0503879546963222E+00 a       633     0    36     1     3
 -7.6959676505634267E-01 a       634     0    36     1     4
 -1.8357319766966838E+00 a       635     0    36     1     5
  2.5065067815627273E+00 a       636     0    36     1     6
 -1.7983397161287262E+00 a       637     0    36     1     7
 -5.1357396842710212E-01 a       638     0    36     1     8
 -8.1723150273626499E-01 a       639     0    36     1     9
 -1.4583107560772210E+00 a       640     0    36     1    10
 -4.7409205106556458E+00 a       641     0    36     1    11
  2.3831633667765667E-01 a       642     0    36     1    12
 -5.9328393681855429E-01 a       643     0    36     1    13
 -5.2350559020889043E-01 a       644     0    36     1    14
  1.8536433804332055E+00 a       645     0    36     1    15
 -7.0366928388253636E-01 a       646     0    36     1    16
 -1.0799014497536481E+00 a       647     0    36     1    17
  1.1786513893074182E+00 a       648     0    36     1    18
  1.4387941685377053E+00 a       649     0    37     1     1
  8.1232979492586459E+00 a       650     0    37     1     2
  4.4183182726698478E+00 a       651     0    37     1     3
 -8.5470754957491284E+00 a       652     0    37     1     4
  7.8760139176198720E+00 a       653     0    37     1     5
  8.4244554284571205E+00 a       654     0    37     1     6
  1.0247606024147627E+01 a       655     0    37     1     7
  4.4243840107230188E+00 a       656     0    37     1     8
  2.4517819997445858E+00 a       657     0    37     1     9
  2.3584714944932674E+00 a       658     0    37     1    10
  9.9476672197615601E-01 a       659     0    37     1    11
  3.0991113220801099E+00 a       660     0    37     1    12
  1.0249877121412410E+00 a       661     0    37     1    13
  4.3023511209957528E+00 a       662     0    37     1    14
  1.6822951887278235E+00 a       663     0    37     1    15
  2.3968620370468021E+00 a       664     0    37     1    16
 -1.2301569439130229E+00 a       665     0    37     1    17
 -3.7275040156094099E+00 a       666     0    37     1    18
  8.6332728407521753E-01 a       667     0    38     1     1
  1.1988152958357421E+00 a       668     0    38     1     2
 -3.1350954366080097E-01 a       669     0    38     1     3
 -9.4735752130323347E-01 a       670     0    38     1     4
  6.6268462645175352E-01 a       671     0    38     1     5
  1.3274881041963749E+00 a       672     0    38     1     6
  1.3150181283585041E+00 a       673     0    38     1     7
  2.9164090109627844E-01 a       674     0    38     1     8
  7.2611707704712725E-01 a       675     0    38     1     9
 -1.9266201754703918E+00 a       676     0    38     1    10
 -4.3917514225443044E-01 a       677     0    38     1    11
  1.7514845055896093E+00 a       678     0    38     1    12
 -7.9119498180230036E-02 a       679     0    38     1    13
 -1.2457492013141797E-01 a       680     0    38     1    14
 -6.7339926058556732E-01 a       681     0    38     1    15
 -9.8621432860730363E-01 a       682     0    38     1    16
 -1.6254062892018699E+00 a       683     0    38     1    17
 -1.4676435574578275E+00 a       684     0    38     1    18
  7.3429586359942212E+00 a       685     0    39     1     1
 -1.1281928716974639E+00 a       686     0    39     1     2
 -8.0362584409539317E-01 a       687     0    39     1     3
 -4.7481930958296230E+00 a       688     0    39     1     4
  8.1794628664256965E+00 a       689     0    39     1     5
  1.5682361050308749E+01 a       690     0    39     1     6
  1.6519522798779395E+01 a       691     0    39     1     7
 -3.4023790451109455E+00 a       692     0    39     1     8
  3.4816209437337884E+00 a       693     0    39     1     9
 -6.5636516315696332E+00 a       694     0    39     1    10
 -6.3550042855225923E+00 a       695     0    39     1    11
  2.1816771504144374E+00 a       696     0    39     1    12
  2.7426479376438451E+00 a       697     0    39     1    13
 -1.3641478394182978E+00 a       698     0    39     1    14
  7.8444699489532228E+00 a       699     0    39     1    15
  2.2512224661948892E+00 a       700     0    39     1    16
 -3.5033691797290132E+00 a       701     0    39     1    17
 -9.0725898076643219E+00 a       702     0    39     1    18
  1.6468177108115174E+00 a       703     0    40     1     1
  2.7399677532188185E+00 a       704     0    40     1     2
  1.4568912343610616E+00 a       705     0    40     1     3
 -4.4174428159996876E-01 a       706     0    40     1     4
  5.2152596111799077E-01 a       707     0    40     1     5
  2.9357459155239387E+00 a       708     0    40     1     6
  7.7704316927743520E+00 a       709     0    40     1     7
 -2.4838582003659178E+00 a       710     0    40     1     8
  5.0303367158644074E-01 a       711     0    40     1     9
 -4.3075907315611177E+00 a       712     0    40     1    10
  1.3148010651786854E+00 a       713     0    40     1    11
  3.9219290354718637E+00 a       714     0    40     1    12
 -3.5020491357257733E+00 a       715     0    40     1    13
  2.7251069602904767E+00 a       716     0    40     1    14
  8.5547745877332604E-01 a       717     0    40     1    15
 -3.9297231902904678E-01 a       718     0    40     1    16
 -2.4806759536076153E+00 a       719     0    40     1    17
  2.7679401586060315E-01 a       720     0    40     1    18
 -5.9175091602084295E-01 a       721     0    41     1     1
  2.4565607181683494E-01 a       722     0    41     1     2
 -5.1768095819921103E-02 a       723     0    41     1     3
 -1.1177960186128968E+00 a       724     0    41     1     4
  1.2686714639959191E+00 a       725     0    41     1     5
 -6.4110771529680852E-02 a       726     0    41     1     6
  1.6217910781067686E+00 a       727     0    41     1     7
 -3.0902422555695699E+00 a       728     0    41     1     8
 -2.0632427792847191E-01 a       729     0    41     1     9
 -2.7081971624302259E+00 a       730     0    41     1    10
 -1.2240936352149052E+00 a       731     0    41     1    11
  2.0162186812835592E+00 a       732     0    41     1    12
 -5.6706940447022558E-01 a       733     0    41     1    13
 -1.0663975070502676E-01 a       734     0    41     1    14
  1.6623811630443324E+00 a       735     0    41     1    15
 -1.0836006997655023E+00 a       736     0    41     1    16
 -9.4764484011497974E-01 a       737     0    41     1    17
 -5.6079092509997386E-01 a       738     0    41     1    18
  4.1574602068146715E+00 a       739     0    42     1     1
  1.0447122102922869E+01 a       740     0    42     1     2
 -7.7418272155155528E+00 a       741     0    42     1     3
 -6.2669314625552612E+00 a       742     0    42     1     4
 -2.4239387898235401E+00 a       743     0    42     1     5
  1.1562028239096909E+01 a       744     0    42     1     6
 -8.0754730596407107E+00 a       745     0    42     1     7
 -5.7797858717730115E+00 a       746     0    42     1     8
  8.7221697183912941E+00 a       747     0    42     1     9
  1.1964744177131883E+00 a       748     0    42     1    10
 -7.6038250970085279E+00 a       749     0    42     1    11
  4.0283076925898484E+00 a       750     0    42     1    12
  5.8429412440294417E+00 a       751     0    42     1    13
 -1.8313924926765218E+01 a       752     0    42     1    14
 -1.1319437722929619E+00 a       753     0    42     1    15
 -4.2334165125437728E+00 a       754     0    42     1    16
  3.8001635794185851E-01 a       755     0    42     1    17
  1.3015706901435589E+01 a       756     0    42     1    18
 -1.0781779138883644E+01 a       757     0    43     1     1
 -2.0423265232634964E+01 a       758     0    43     1     2
 -8.7272053281362005E+00 a       759     0    43     1     3
  2.0877590148663785E+01 a       760     0    43     1     4
 -1.6923435273322792E+01 a       761     0    43     1     5
 -1.0291505754821825E+01 a       762     0    43     1     6
 -7.4026803472452878E+00 a       763     0    43     1     7
 -9.9822990008623247E+00 a       764     0    43     1     8
  3.5844432685600718E+00 a       765     0    43     1     9
 -1.2316991309546388E+01 a       766     0    43     1    10
 -4.5041407606784958E+00 a       767     0    43     1    11
 -1.1765973661985651E+01 a       768     0    43     1    12
 -4.3614869611897884E+00 a       769     0    43     1    13
 -1.2350199416124052E+01 a       770     0    43     1    14
 -1.2002863998631361E-01 a       771     0    43     1    15
 -2.4342560138228135E+00 a       772     0    43     1    16
 -6.5956083556861195E-02 a       773     0    43     1    17
  2.7270996567995609E+00 a       774     0    43     1    18
 -6.7405627880911378E-01 a       775     0    44     1     1
 -5.1109263434879804E+00 a       776     0    44     1     2
  2.0126866282655471E+00 a       777     0    44     1     3
  9.7372716487130739E-01 a       778     0    44     1     4
 -5.8526641959134746E+00 a       779     0    44     1     5
 -2.2385669143276430E+00 a       780     0    44     1     6
  4.0676971201738752E+00 a       781     0    44     1     7
  7.0228406465023430E-01 a       782     0    44     1     8
 -7.7338877063563227E-01 a       783     0    44     1     9
  4.4882505135367073E-01 a       784     0    44     1    10
  3.1764371183601803E+00 a       785     0    44     1    11
 -4.8218995392405697E+00 a       786     0    44     1    12
 -5.4559598039736796E+00 a       787     0    44     1    13
  2.2309240625972873E-01 a       788     0    44     1    14
  3.9008920385684549E+00 a       789     0    44     1    15
  3.7120281969865685E+00 a       790     0    44     1    16
  2.1907948786348452E+00 a       791     0    44     1    17
  8.1795546262029595E-01 a       792     0    44     1    18
 -1.4624183423959593E+01 a       793     0    45     1     1
 -7.9881369625575900E+00 a       794     0    45     1     2
  5.5196035216997572E+00 a       795     0    45     1     3
  6.6552693985843998E+00 a       796     0    45     1     4
 -2.3920668358553929E+01 a       797     0    45     1     5
 -1.6994261235746269E+01 a       798     0    45     1     6
 -2.0649609344220803E+01 a       799     0    45     1     7
 -6.0872292982892873E-01 a       800     0    45     1     8
 -8.5363233269058831E+00 a       801     0    45     1     9
  1.4963581524022324E+01 a       802     0    45     1    10
  8.6191346882954036E+00 a       803     0    45     1    11
 -3.0971388998235305E+00 a       804     0    45     1    12
 -3.7891349807928458E+00 a       805     0    45     1    13
 -2.2623502970815759E+00 a       806     0    45     1    14
 -5.1575353609923464E+00 a       807     0    45     1    15
 -3.6908913964072552E+00 a       808     0    45     1    16
  1.1577768713005698E-02 a       809     0    45     1    17
  1.3894349577865434E+01 a       810     0    45     1    18
 -5.2391143788411554E-01 a       811     0    46     1     1
 -1.8472690892982031E+00 a       812     0    46     1     2
 -6.6333334439187563E+00 a       813     0    46     1     3
 -2.5504627553709964E+00 a       814     0    46     1     4
  2.6387585919801353E+00 a       815     0    46     1     5
 -6.5835117842372943E+00 a       816     0    46     1     6
 -1.4148431954868407E+01 a       817     0    46     1     7
  1.7643361409648997E+00 a       818     0    46     1     8
  9.1737302264809384E-01 a       819     0    46     1     9
  4.6155875982986121E+00 a       820     0    46     1    10
 -7.2485818079951625E-01 a       821     0    46     1    11
 -2.9719102776909310E+00 a       822     0    46     1    12
  2.6372130180962272E+00 a       823     0    46     1    13
 -4.3787798295453619E+00 a       824     0    46     1    14
  1.3456913115868188E+00 a       825     0    46     1    15
 -4.4846977792842173E+00 a       826     0    46     1    16
 -5.4964812722688206E-01 a       827     0    46     1    17
 -4.8467140067919319E+00 a       828     0    46     1    18
  4.5994411797955674E+00 a       829     0    47     1     1
 -9.5692673223960092E-02 a       830     0    47     1     2
 -2.1635210492376958E-01 a       831     0    47     1     3
  3.9776236709452624E+00 a       832     0    47     1     4
 -3.8065117857580666E+00 a       833     0    47     1     5
  5.1924460896755722E+00 a       834     0    47     1     6
  5.5679756904638134E-01 a       835     0    47     1     7
  4.1858404922578716E+00 a       836     0    47     1     8
  3.0932838143420877E-01 a       837     0    47     1     9
  5.5404749175800614E+00 a       838     0    47     1    10
  2.4742374119231543E+00 a       839     0    47     1    11
 -3.9051127229409377E+00 a       840     0    47     1    12
  1.0880183649426445E+00 a       841     0    47     1    13
  2.3329717277611919E+00 a       842     0    47     1    14
 -6.8894022105756814E-01 a       843     0    47     1    15
  4.3679348638370277E+00 a       844     0    47     1    16
  2.1038833800591679E+00 a       845     0    47     1    17
  2.6291627415380838E+00 a       846     0    47     1    18
  9.0244860954609791E+00 a       847     0    48     1     1
 -1.5921683704403012E+01 a       848     0    48     1     2
  2.1862725160161917E-01 a       849     0    48     1     3
  8.2897392463978221E+00 a       850     0    48     1     4
 -1.3585036752899670E+01 a       851     0    48     1     5
 -7.9867709568817951E+00 a       852     0    48     1     6
  1.2339615896939828E+01 a       853     0    48     1     7
  3.3767134973999280E+00 a       854     0    48     1     8
 -1.0317230710897525E+00 a       855     0    48     1     9
  6.7682293467837373E-01 a       856     0    48     1    10
 -3.3886750329996622E+00 a       857     0    48     1    11
 -2.1374389991112857E+00 a       858     0    48     1    12
 -1.5555120251990834E+01 a       859     0    48     1    13
  2.2568338750239093E+01 a       860     0    48     1    14
  2.1857412707599226E+00 a       861     0    48     1    15
  1.5942711238064531E+01 a       862     0    48     1    16
  1.1079186394176213E+01 a       863     0    48     1    17
  5.5199707023609621E+00 a       864     0    48     1    18
  1.0056694751418693E+00 a       865     0    49     1     1
 -1.1004741085435741E+00 a       866     0    49     1     2
 -8.5273414098045264E-01 a       867     0    49     1     3
  7.3839089287675785E-01 a       868     0    49     1     4
 -7.9270356636438655E-01 a       869     0    49     1     5
 -3.0292804363650111E-01 a       870     0    49     1     6
 -1.0416819532879520E+00 a       871     0    49     1     7
 -2.2946558167522504E-01 a       872     0    49     1     8
 -8.1457051799360761E-02 a       873     0    49     1     9
 -2.9726040044811112E-02 a       874     0    49     1    10
 -2.2014192809654018E-01 a       875     0    49     1    11
 -2.1328494396522019E-01 a       876     0    49     1    12
 -2.0785219562225227E-01 a       877     0    49     1    13
 -1.2882176950747488E+00 a       878     0    49     1    14
 -7.6550888638308645E-01 a       879     0    49     1    15
  1.9315657334963859E-02 a       880     0    49     1    16
  6.0992891094894353E-01 a       881     0    49     1    17
  7.6763561796383806E-01 a       882     0    49     1    18
  2.6339227527587311E-01 a       883     0    50     1     1
 -3.1320810162075968E-01 a       884     0    50     1     2
 -6.0095697590507047E-01 a       885     0    50     1     3
 -5.6307204677190525E-01 a       886     0    50     1     4
 -9.2071131313687515E-01 a       887     0    50     1     5
 -1.3705431088904647E+00 a       888     0    50     1     6
 -1.8374984871880125E+00 a       889     0    50     1     7
 -6.1731281775725577E-01 a       890     0    50     1     8
 -6.9544150979731401E-01 a       891     0    50     1     9
  9.3168887546083201E-01 a       892     0    50     1    10
  5.4666981713663354E-01 a       893     0    50     1    11
  9.8660213950543618E-01 a       894     0    50     1    12
 -1.0064692947443930E+00 a       895     0    50     1    13
  6.9349354151515852E-01 a       896     0    50     1    14
  2.5926964991962155E-02 a       897     0    50     1    15
 -4.1231235033514296E-01 a       898     0    50     1    16
 -2.5610312724499967E-01 a       899     0    50     1    17
  1.1892027718351823E+00 a       900     0    50     1    18
  3.8894320824574941E-01 a       901     0    51     1     1
 -4.1055462876991857E+00 a       902     0    51     1     2
 -6.0362962598901793E-01 a       903     0    51     1     3
  2.0110101544300361E+00 a       904     0    51     1     4
 -4.1842335525969956E+00 a       905     0    51     1     5
 -3.0922269512696143E+00 a       906     0    51     1     6
 -3.9588547700027048E+00 a       907     0    51     1     7
 -9.7150606364018754E-01 a       908     0    51     1     8
 -2.4825048324945245E+00 a       909     0    51     1     9
 -2.3558553464190743E+00 a       910     0    51     1    10
 -9.1610842775215418E-01 a       911     0    51     1    11
  2.3631837592784732E+00 a       912     0    51     1    12
 -1.3698974124925318E+00 a       913     0    51     1    13
  1.0476344967184557E+00 a       914     0    51     1    14
  2.9790147686304930E-01 a       915     0    51     1    15
  3.7865760208259197E-01 a       916     0    51     1    16
 -1.4376786255015921E+00 a       917     0    51     1    17
 -1.3891731589453309E+00 a       918     0    51     1    18
  1.0613815448375257E+00 a       919     0    52     1     1
  9.6567396147712259E+00 a       920     0    52     1     2
  1.0154057618291127E+01 a       921     0    52     1     3
 -1.4419996037491808E+01 a       922     0    52     1     4
  6.9299574846209513E+00 a       923     0    52     1     5
  8.4090131127094807E+00 a       924     0    52     1     6
  4.3312863310749261E+00 a       925     0    52     1     7
  4.8579853758504736E+00 a       926     0    52     1     8
 -4.9356912511809305E+00 a       927     0    52     1     9
  1.1719122637152635E+01 a       928     0    52     1    10
  4.1903955624542943E-01 a       929     0    52     1    11
  3.3230648335968169E+00 a       930     0    52     1    12
  3.7156554534318382E+00 a       931     0    52     1    13
  6.1548136897379706E+00 a       932     0    52     1    14
 -3.6634601899323904E-01 a       933     0    52     1    15
  2.2542409499539868E+00 a       934     0    52     1    16
 -1.3298309232692245E+00 a       935     0    52     1    17
 -1.7952644611884574E+00 a       936     0    52     1    18
 -4.2365767338228810E-01 a       937     0    53     1     1
  3.6427062302038573E+00 a       938     0    53     1     2
  1.1406664879688885E-01 a       939     0    53     1     3
 -2.8430069130192139E+00 a       940     0    53     1     4
  5.6680195921267584E+00 a       941     0    53     1     5
  2.2642738632381634E+00 a       942     0    53     1     6
  3.8808688904121708E-01 a       943     0    53     1     7
  7.9795333293526294E-01 a       944     0    53     1     8
  1.2933686322604747E+00 a       945     0    53     1     9
 -4.8815748450656060E-01 a       946     0    53     1    10
 -3.1479952081692089E+00 a       947     0    53     1    11
  5.5597392232457510E-01 a       948     0    53     1    12
  3.2917229365724596E+00 a       949     0    53     1    13
  7.9718944960275728E-01 a       950     0    53     1    14
 -1.5620805459514437E+00 a       951     0    53     1    15
 -2.4994849762364804E+00 a       952     0    53     1    16
 -1.5372966822937362E+00 a       953     0    53     1    17
 -1.5732306414832797E+00 a       954     0    53     1    18
  7.9252373181766860E+00 a       955     0    54     1     1
  6.5326369960905888E+00 a       956     0    54     1     2
 -6.0039862459738789E+00 a       957     0    54     1     3
 -2.0863178235783773E+00 a       958     0    54     1     4
  1.3247263734917121E+01 a       959     0    54     1     5
  1.1528595875030410E+01 a       960     0    54     1     6
  7.1954783080260407E+00 a       961     0    54     1     7
  3.8730343639905382E+00 a       962     0    54     1     8
  7.6148145032204724E+00 a       963     0    54     1     9
 -9.6205438599988646E+00 a       964     0    54     1    10
 -4.5674652891346712E+00 a       965     0    54     1    11
 -2.4589534583921790E+00 a       966     0    54     1    12
  4.1450123177238059E+00 a       967     0    54     1    13
 -1.0881518664536356E+00 a       968     0    54     1    14
  3.4348250359430155E-01 a       969     0    54     1    15
  4.2432719151081910E-01 a       970     0    54     1    16
  1.5754514310831086E-01 a       971     0    54     1    17
 -8.7467247966911152E+00 a       972     0    54     1    18
 -1.2844060652401690E+00 a       973     0    55     1     1
  1.6726658714234968E+00 a       974     0    55     1     2
  4.3074145268138633E+00 a       975     0    55     1     3
 -2.9493375812985345E-01 a       976     0    55     1     4
  3.5978616856361245E-01 a       977     0    55     1     5
  5.1940060687330059E+00 a       978     0    55     1     6
  8.1270970301981968E+00 a       979     0    55     1     7
  9.2660299728403306E-01 a       980     0    55     1     8
 -1.1933177818430805E+00 a       981     0    55     1     9
 -1.2580294815440562E+00 a       982     0    55     1    10
 -1.5840974497830937E+00 a       983     0    55     1    11
 -1.1016883186664168E+00 a       984     0    55     1    12
 -1.2818561542689342E+00 a       985     0    55     1    13
  5.6386764921307169E+00 a       986     0    55     1    14
  1.5497407359757387E+00 a       987     0    55     1    15
  1.8281957920625996E-01 a       988     0    55     1    16
 -1.4996016977228555E+00 a       989     0    55     1    17
  2.1809445430100798E+00 a       990     0    55     1    18
 -3.5406467967983848E+00 a       991     0    56     1     1
 -1.1388473319669652E+00 a       992     0    56     1     2
  1.5596046484470365E+00 a       993     0    56     1     3
 -2.2543955432213547E+00 a       994     0    56     1     4
  3.3817546870845936E+00 a       995     0    56     1     5
  9.1043281815524857E-01 a       996     0    56     1     6
  2.2994763285139896E-01 a       997     0    56     1     7
 -3.8918338043197620E+00 a       998     0    56     1     8
 -1.3029260389189934E+00 a       999     0    56     1     9
 -1.4196546114927080E+00 a      1000     0    56     1    10
 -4.2689126423865291E+00 a      1001     0    56     1    11
  9.2718672418452508E-01 a      1002     0    56     1    12
  4.1352029432589898E-01 a      1003     0    56     1    13
 -4.8503797634292687E-03 a      1004     0    56     1    14
  4.1795015278396805E+00 a      1005     0    56     1    15
 -2.1960863617566506E+00 a      1006     0    56     1    16
 -3.3426792680443440E-01 a      1007     0    56     1    17
 -1.5244005797720812E-03 a      1008     0    56     1    18
 -1.1945282230788051E+01 a      1009     0    57     1     1
  2.9016650426617088E+00 a      1010     0    57     1     2
 -2.4499334657229528E+00 a      1011     0    57     1     3
 -8.7166531980896866E-01 a      1012     0    57     1     4
  1.2553964790508729E+01 a      1013     0    57     1     5
  1.5547365728549245E+01 a      1014     0    57     1     6
 -1.4702240869624740E+01 a      1015     0    57     1     7
 -3.9854554860308289E+00 a      1016     0    57     1     8
 -2.3941629261363220E+00 a      1017     0    57     1     9
  6.9853322323646632E+00 a      1018     0    57     1    10
 -3.1735752250911058E+00 a      1019     0    57     1    11
 -1.4146308590811900E+00 a      1020     0    57     1    12
  9.7700270378920617E+00 a      1021     0    57     1    13
 -7.6402868699955278E+00 a      1022     0    57     1    14
  9.6474992705771676E+00 a      1023     0    57     1    15
 -8.6610682872150040E+00 a      1024     0    57     1    16
 -3.5973349135381776E+00 a      1025     0    57     1    17
  1.6095275953228576E+00 a      1026     0    57     1    18
 -3.1801461679984886E+00 a      1027     0    58     1     1
  2.9620136557434051E+00 a      1028     0    58     1     2
 -2.3033530645009264E+00 a      1029     0    58     1     3
  2.4781115648748777E+00 a      1030     0    58     1     4
 -8.4249737288928894E-01 a      1031     0    58     1     5
 -8.0134316275900428E+00 a      1032     0    58     1     6
 -9.4947256603928967E+00 a      1033     0    58     1     7
  2.5503314368262568E+00 a      1034     0    58     1     8
  1.4654339365906752E+00 a      1035     0    58     1     9
 -1.2900065325393066E+00 a      1036     0    58     1    10
  3.8157492566785192E+00 a      1037     0    58     1    11
 -1.4857330285936652E+00 a      1038     0    58     1    12
 -6.1335107854497484E-01 a      1039     0    58     1    13
  5.2696090227893433E-01 a      1040     0    58     1    14
 -5.6154976201524729E+00 a      1041     0    58     1    15
 -3.0530661993743529E+00 a      1042     0    58     1    16
  1.6571677003398060E+00 a      1043     0    58     1    17
  1.4716158682588425E+00 a      1044     0    58     1    18
 -4.2013321698590218E+00 a      1045     0    59     1     1
  4.0862037615376252E+00 a      1046     0    59     1     2
  9.0221148482710163E+00 a      1047     0    59     1     3
 -1.3408246241202693E+00 a      1048     0    59     1     4
  1.3452537501806185E+01 a      1049     0    59     1     5
 -6.6160540668936454E+00 a      1050     0    59     1     6
  9.4278100166730390E+00 a      1051     0    59     1     7
  3.2423383157136625E+00 a      1052     0    59     1     8
 -2.7770225576062799E+00 a      1053     0    59     1     9
 -1.1286649571727628E-01 a      1054     0    59     1    10
  1.1281509194159968E+01 a      1055     0    59     1    11
 -1.7755314002727693E+00 a      1056     0    59     1    12
  9.2263166349400438E-01 a      1057     0    59     1    13
  9.0289066614060296E+00 a      1058     0    59     1    14
 -2.1214680219526501E+00 a      1059     0    59     1    15
 -4.2416331618571652E+00 a      1060     0    59     1    16
 -6.0974945702020120E+00 a      1061     0    59     1    17
 -1.4298106393221763E+01 a      1062     0    59     1    18
  6.0547016981216286E+00 a      1063     0    60     1     1
  2.6948446773967420E+00 a      1064     0    60     1     2
 -3.6834106061013525E+00 a      1065     0    60     1     3
  1.2158231194406355E+00 a      1066     0    60     1     4
  2.3759959947290161E+00 a      1067     0    60     1     5
 -2.8016464656063791E+00 a      1068     0    60     1     6
 -3.2066017903345259E+00 a      1069     0    60     1     7
  1.5968373805029077E+00 a      1070     0    60     1     8
 -3.1391092258836695E-01 a      1071     0    60     1     9
 -1.9409649191688139E+00 a      1072     0    60     1    10
  2.1068116539230481E+00 a      1073     0    60     1    11
  4.2664585871837470E+00 a      1074     0    60     1    12
 -9.7721232578561201E-01 a      1075     0    60     1    13
  2.4756542162554309E+00 a      1076     0    60     1    14
  1.9048248525344138E+00 a      1077     0    60     1    15
 -4.8948649104789688E-01 a      1078     0    60     1    16
  1.2673397840395326E+00 a      1079     0    60     1    17
  9.7248216996035020E-01 a      1080     0    60     1    18
 -1.2088575262396790E+00 a      1081     0    61     1     1
  6.6870838458447290E-01 a      1082     0    61     1     2
 -1.3870918064451815E-01 a      1083     0    61     1     3
  2.2466948935447584E+00 a      1084     0    61     1     4
  4.6191412589822911E-01 a      1085     0    61     1     5
 -5.7272899039509451E-01 a      1086     0    61     1     6
 -4.1446040483237674E+00 a      1087     0    61     1     7
 -5.8441537495396734E-01 a      1088     0    61     1     8
 -5.1992547982635784E-01 a      1089     0    61     1     9
  2.1312773707135850E+00 a      1090     0    61     1    10
 -2.3804934966158975E-01 a      1091     0    61     1    11
  1.0768791308995855E+00 a      1092     0    61     1    12
  1.8116105557067863E+00 a      1093     0    61     1    13
  2.6409647210832560E-01 a      1094     0    61     1    14
 -1.0960173967240900E+00 a      1095     0    61     1    15
 -1.9027153139682806E-01 a      1096     0    61     1    16
  4.4243317978342966E-01 a      1097     0    61     1    17
  1.3900133695436063E+00 a      1098     0    61     1    18
  7.6604460552948672E-01 a      1099     0    62     1     1
 -9.9000262639135639E-01 a      1100     0    62     1     2
  4.9528273991344332E+00 a      1101     0    62     1     3
 -1.8534704443465522E+00 a      1102     0    62     1     4
  2.7770392180679737E+00 a      1103     0    62     1     5
  1.8800756692659226E-01 a      1104     0    62     1     6
  8.5474210719405335E+00 a      1105     0    62     1     7
 -8.5957232658993021E-01 a      1106     0    62     1     8
 -4.1018145854740942E+00 a      1107     0    62     1     9
  2.1674007973696607E+00 a      1108     0    62     1    10
 -2.5536120594090734E+00 a      1109     0    62     1    11
  2.9820866138831121E+00 a      1110     0    62     1    12
 -2.9761452608869754E+00 a      1111     0    62     1    13
  4.6711043213686425E+00 a      1112     0    62     1    14
  4.5582642045618336E+00 a      1113     0    62     1    15
  4.4966048128750966E+00 a      1114     0    62     1    16
  9.0355410258568336E-01 a      1115     0    62     1    17
  1.3174768839025697E+00 a      1116     0    62     1    18
 -1.8002306122689509E+00 a      1117     0    63     1     1
  1.5374679199093342E+00 a      1118     0    63     1     2
  2.2802504997668149E-01 a      1119     0    63     1     3
 -1.6788332882758958E+00 a      1120     0    63     1     4
  9.8880412171005416E-01 a      1121     0    63     1     5
 -6.0306243547008478E+00 a      1122     0    63     1     6
 -1.4226157004446918E+00 a      1123     0    63     1     7
  2.4397294050085381E+00 a      1124     0    63     1     8
  1.0150385242650026E+00 a      1125     0    63     1     9
  3.3065972720915215E-01 a      1126     0    63     1    10
  2.5820080778564671E+00 a      1127     0    63     1    11
  1.4434889386558181E-01 a      1128     0    63     1    12
 -1.1063076894817798E+00 a      1129     0    63     1    13
 -6.8465796070873797E-01 a      1130     0    63     1    14
 -4.5279164537085546E+00 a      1131     0    63     1    15
 -2.1703972303208672E+00 a      1132     0    63     1    16
 -1.1505665895901374E+00 a      1133     0    63     1    17
 -1.8933026077130739E+00 a      1134     0    63     1    18
  3.3701266588408809E+00 a      1135     0    64     1     1
  7.0091755688160919E+00 a      1136     0    64     1     2
  3.4849381515368965E+00 a      1137     0    64     1     3
 -3.5061861412237256E+00 a      1138     0    64     1     4
 -4.8486006834144357E-01 a      1139     0    64     1     5
 -1.1931374967657240E+01 a      1140     0    64     1     6
  4.3215466463549443E+00 a      1141     0    64     1     7
  4.1340249639860023E+00 a      1142     0    64     1     8
  1.9891038843483444E+00 a      1143     0    64     1     9
 -2.9859525868135592E+00 a      1144     0    64     1    10
  6.2552739586485959E+00 a      1145     0    64     1    11
 -1.4905071988575389E+00 a      1146     0    64     1    12
  3.7713209031654849E-01 a      1147     0    64     1    13
 -4.2415525249507526E+00 a      1148     0    64     1    14
 -9.1657219909353920E+00 a      1149     0    64     1    15
  1.2149768290395782E-02 a      1150     0    64     1    16
  7.9251327373141212E-01 a      1151     0    64     1    17
 -4.2179888230586942E+00 a      1152     0    64     1    18
  4.5878054894445863E-01 b      1153     1     1
  5.1517806443590974E-01 b      1154     1     2
  2.0582832244861637E-01 b      1155     1     3
  6.8954016467151924E-01 b      1156     1     4
 -1.2918094013055242E-01 b      1157     1     5
  2.1846952173694204E-01 b      1158     1     6
 -3.9929200081925403E-01 b      1159     1     7
  1.5890154599784695E-01 b      1160     1     8
  3.1083954137890180E-01 b      1161     1     9
  3.3355221477378638E-01 b      1162     1    10
  1.5448496668769779E-01 b      1163     1    11
  4.1945738653638531E-01 b      1164     1    12
 -1.0519824831652945E-01 b      1165     1    13
  1.9329752662618863E-01 b      1166     1    14
  2.1834251074230332E-01 b      1167     1    15
  1.5892342331979081E-01 b      1168     1    16
  3.1205988454470696E-01 b      1169     1    17
  1.1664632473853952E-01 b      1170     1    18
 -1.5685359869493651E-01 a      1171     1     1     2     1
  6.2811829824472795E-02 a      1172     1     1     2     2
  2.8773548948776440E-01 a      1173     1     1     2     3
 -1.2110530032730678E-01 a      1174     1     1     2     4
 -1.0293310727195172E-01 a      1175     1     1     2     5
  6.1508687494729586E-01 a      1176     1     1     2     6
  1.8716333278786859E-01 a      1177     1     1     2     7
 -7.4380162564749874E-01 a      1178     1     1     2     8
  7.9953737917173984E-01 a      1179     1     1     2     9
  3.4293342407260829E-01 a      1180     1     1     2    10
  1.3485634408483774E-02 a      1181     1     1     2    11
 -7.9653659169440838E-01 a      1182     1     1     2    12
  4.1234464638927210E-01 a      1183     1     1     2    13
 -3.1881606035130494E-01 a      1184     1     1     2    14
  5.7362211302706967E-01 a      1185     1     1     2    15
 -1.1626986583817533E-01 a      1186     1     1     2    16
  2.9972784233510280E-01 a      1187     1     1     2    17
  6.9286985832778936E-01 a      1188     1     1     2    18
 -5.9407014305118699E-01 a      1189     1     2     2     1
  1.5740703689220853E-01 a      1190     1     2     2     2
  1.9105307746930400E+00 a      1191     1     2     2     3
 -3.2033249853605705E-01 a      1192     1     2     2     4
  1.8835378207148762E-01 a      1193     1     2     2     5
 -5.9690170385950170E-01 a      1194     1     2     2     6
 -1.0737775345679512E+00 a      1195     1     2     2     7
 -8.4656157537576371E-01 a      1196     1     2     2     8
  9.5372912872652660E-01 a      1197     1     2     2     9
 -2.1536205205683245E-01 a      1198     1     2     2    10
  2.6065324473696116E-01 a      1199     1     2     2    11
 -4.3478823470749794E-01 a      1200     1     2     2    12
 -2.4229172032735408E-01 a      1201     1     2     2    13
 -3.0374655008563750E-01 a      1202     1     2     2    14
  2.7996887803077475E-01 a      1203     1     2     2    15
 -8.9792330371383600E-01 a      1204     1     2     2    16
 -2.2041077155694816E-01 a      1205     1     2     2    17
 -2.8180158971247915E-01 a      1206     1     2     2    18
  8.7575763855191405E-02 a      1207     1     3     2     1
 -6.0800248717422245E-01 a      1208     1     3     2     2
 -1.4278331979060845E+00 a      1209     1     3     2     3
 -1.0217507334981188E+00 a      1210     1     3     2     4
 -1.2415309759390361E+00 a      1211     1     3     2     5
 -4.7016778212541405E-01 a      1212     1     3     2     6
  1.0770019250721591E-01 a      1213     1     3     2     7
  1.2223341683528616E-01 a      1214     1     3     2     8
  1.2438917501351328E-01 a      1215     1     3     2     9
  8.8690275438732991E-01 a      1216     1     3     2    10
  6.4292252447899145E-01 a      1217     1     3     2    11
 -1.5963675276937659E+00 a      1218     1     3     2    12
 -1.2025040854411733E+00 a      1219     1     3     2    13
  5.4545291550375130E-01 a      1220     1     3     2    14
 -6.3778556775757056E-01 a      1221     1     3     2    15
 -5.1334879098704800E-01 a      1222     1     3     2    16
  8.2155584072449894E-01 a      1223     1     3     2    17
 -4.8613631564640902E-01 a      1224     1     3     2    18
 -9.6124163200761981E-01 a      1225     1     4     2     1
  5.0102101492987006E-01 a      1226     1     4     2     2
 -5.1300299915393394E-02 a      1227     1     4     2     3
  1.1986186479016750E-01 a      1228     1     4     2     4
 -6.4309035354155414E-02 a      1229     1     4     2     5
 -3.8720673252983823E-01 a      1230     1     4     2     6
  9.6803610110255012E-02 a      1231     1     4     2     7
 -8.2976206033908517E-01 a      1232     1     4     2     8
  6.8475893088368145E-01 a      1233     1     4     2     9
  2.5130390334877939E-01 a      1234     1     4     2    10
 -7.1439065386772882E-01 a      1235     1     4     2    11
  6.7337641985514562E-01 a      1236     1     4     2    12
  7.4357879150025508E-01 a      1237     1     4     2    13
 -1.4227725674906497E+00 a      1238     1     4     2    14
  8.1527314765850045E-01 a      1239     1     4     2    15
  1.5417632071788856E-01 a      1240     1     4     2    16
 -4.7563863575020293E-01 a      1241     1     4     2    17
 -1.4692552661417295E+00 a      1242     1     4     2    18
  3.7362062730543966E-01 a      1243     1     5     2     1
 -2.5778729674282280E-01 a      1244     1     5     2     2
 -4.5017179011950813E-02 a      1245     1     5     2     3
 -1.7952323598153708E-01 a      1246     1     5     2     4
 -5.7471448538779257E-01 a      1247     1     5     2     5
 -7.8934100935818297E-01 a      1248     1     5     2     6
  6.4803899889820726E-01 a      1249     1     5     2     7
  9.8733391467102791E-02 a      1250     1     5     2     8
 -6.9375871719940418E-01 a      1251     1     5     2     9
  5.7508297391377405E-01 a      1252     1     5     2    10
 -5.3114858526880171E-01 a      1253     1     5     2    11
  5.0760701180699863E-01 a      1254     1     5     2    12
 -3.3508790466969623E-01 a      1255     1     5     2    13
  2.4282531923385597E-01 a      1256     1     5     2    14
 -1.4704030936248347E-01 a      1257     1     5     2    15
  4.5131923391730161E-01 a      1258     1     5     2    16
  1.3490953228102358E-02 a      1259     1     5     2    17
 -2.2023418624761931E-01 a      1260     1     5     2    18
 -3.3952689714382306E-01 a      1261     1     6     2     1
  7.9502767242656014E-01 a      1262     1     6     2     2
 -6.0936148825789904E-01 a      1263     1     6     2     3
 -2.5478046828840650E-01 a      1264     1     6     2     4
  7.4565346173306823E-01 a      1265     1     6     2     5
 -6.0800456584033147E-01 a      1266     1     6     2     6
  3.0846294399405266E-01 a      1267     1     6     2     7
  3.0181595526681804E-01 a      1268     1     6     2     8
  8.0120028170817992E-01 a      1269     1     6     2     9
 -6.6508480987483923E-02 a      1270     1     6     2    10
  9.4895611979440975E-01 a      1271     1     6     2    11
 -1.0041660485419199E-01 a      1272     1     6     2    12
 -6.5455934158385309E-01 a      1273     1     6     2    13
  3.0014492809998228E-01 a      1274     1     6     2    14
 -2.1740336586747036E-01 a      1275     1     6     2    15
  7.1730167269881884E-01 a      1276     1     6     2    16
 -4.8990042364496778E-01 a      1277     1     6     2    17
  1.7787794249784664E-01 a      1278     1     6     2    18
  9.5222319028294394E-02 a      1279     1     7     2     1
  5.3063196684156988E-01 a      1280     1     7     2     2
 -5.1450996479102318E-01 a      1281     1     7     2     3
  1.5121705377981251E-01 a      1282     1     7     2     4
 -2.8995851790595183E-02 a      1283     1     7     2     5
  3.2336438743644025E-01 a      1284     1     7     2     6
 -1.3131530696402227E-01 a      1285     1     7     2     7
 -6.9684186471727319E-02 a      1286     1     7     2     8
  7.0151483001936810E-01 a      1287     1     7     2     9
  1.8440264035722200E-03 a      1288     1     7     2    10
 -3.1966201895838292E-01 a      1289     1     7     2    11
  4.3308817067055488E-01 a      1290     1     7     2    12
  3.7205513369087850E-01 a      1291     1     7     2    13
  4.1621878217554725E-01 a      1292     1     7     2    14
  2.1459892430512234E-01 a      1293     1     7     2    15
 -8.9689577090451528E-02 a      1294     1     7     2    16
 -1.8072419076058885E-01 a      1295     1     7     2    17
  1.0757182435161155E-03 a      1296     1     7     2    18
  1.0338918747227648E+00 a      1297     1     8     2     1
  1.1805980365127115E-01 a      1298     1     8     2     2
 -1.8624939808485894E+00 a      1299     1     8     2     3
  1.8852900636423164E-01 a      1300     1     8     2     4
  1.6717740186170267E+00 a      1301     1     8     2     5
  1.9426962403699721E-01 a      1302     1     8     2     6
  2.1163139462450173E-01 a      1303     1     8     2     7
 -1.6250647472354298E+00 a      1304     1     8     2     8
 -4.0366563689424262E-01 a      1305     1     8     2     9
 -1.5315413440276693E+00 a      1306     1     8     2    10
 -8.8114121023740988E-01 a      1307     1     8     2    11
  1.2298748867165630E+00 a      1308     1     8     2    12
  1.3494739763186825E+00 a      1309     1     8     2    13
  9.6539964247864152E-01 a      1310     1     8     2    14
  1.4915319991613427E+00 a      1311     1     8     2    15
  4.6836434117092496E-01 a      1312     1     8     2    16
 -1.0729767705765565E+00 a      1313     1     8     2    17
 -4.6825983948723121E-01 a      1314     1     8     2    18
 -7.4673346661699280E-02 a      1315     1     9     2     1
 -1.0951407663039314E+00 a      1316     1     9     2     2
 -5.7914222777750157E-01 a      1317     1     9     2     3
  4.3929399460930552E-01 a      1318     1     9     2     4
 -1.2247377460065123E-01 a      1319     1     9     2     5
  9.8865205252959898E-01 a      1320     1     9     2     6
  5.0061056736811001E-02 a      1321     1     9     2     7
  2.1701133925901557E+00 a      1322     1     9     2     8
 -4.0276427669217635E-01 a      1323     1     9     2     9
  8.4790700673850616E-01 a      1324     1     9     2    10
 -8.0349731012454434E-02 a      1325     1     9     2    11
 -7.0211773080509210E-01 a      1326     1     9     2    12
 -1.0990369843421712E+00 a      1327     1     9     2    13
  4.4264814553775977E-01 a      1328     1     9     2    14
 -1.6987632924482201E+00 a      1329     1     9     2    15
 -4.6128851427730232E-03 a      1330     1     9     2    16
  1.3064920666128685E+00 a      1331     1     9     2    17
  9.7018237593373624E-01 a      1332     1     9     2    18
 -3.8442459921584154E-01 a      1333     1    10     2     1
 -6.3758441610966094E-03 a      1334     1    10     2     2
  2.5541006414418772E-02 a      1335     1    10     2     3
  1.0282863420838739E+00 a      1336     1    10     2     4
  7.6742029740983331E-01 a      1337     1    10     2     5
  7.0345019266755293E-01 a      1338     1    10     2     6
 -5.1395332068362265E-01 a      1339     1    10     2     7
 -8.9472951542944879E-01 a      1340     1    10     2     8
  5.5100956612269027E-02 a      1341     1    10     2     9
 -9.6436408900215687E-01 a      1342     1    10     2    10
 -3.7662859377623353E-01 a      1343     1    10     2    11
  1.3870004165912180E+00 a      1344     1    10     2    12
  2.0502800057419877E+00 a      1345     1    10     2    13
 -9.5914612524786946E-01 a      1346     1    10     2    14
  1.5030691449132931E+00 a      1347     1    10     2    15
  3.1406092649596812E-01 a      1348     1    10     2    16
 -8.0559036779107740E-01 a      1349     1    10     2    17
  9.6286826559815697E-01 a      1350     1    10     2    18
  8.1454502062144996E-01 a      1351     1    11     2     1
 -6.4052301658125990E-02 a      1352     1    11     2     2
 -7.0905277238536157E-01 a      1353     1    11     2     3
 -3.0731868227460779E-01 a      1354     1    11     2     4
  1.4248086482401481E+00 a      1355     1    11     2     5
  2.4250551666201961E-01 a      1356     1    11     2     6
  5.4448395741927980E-01 a      1357     1    11     2     7
  6.6174617546044368E-02 a      1358     1    11     2     8
 -4.4180732434566755E-01 a      1359     1    11     2     9
  1.9441738259809341E-02 a      1360     1    11     2    10
 -4.9591637367806651E-01 a      1361     1    11     2    11
 -6.6448327166019405E-01 a      1362     1    11     2    12
  8.1974621153855745E-02 a      1363     1    11     2    13
  1.2310913901514682E+00 a      1364     1    11     2    14
  1.8087625943273247E-01 a      1365     1    11     2    15
  2.2995668649599019E-01 a      1366     1    11     2    16
  2.5892485705873736E-01 a      1367     1    11     2    17
  1.7031500536781239E+00 a      1368     1    11     2    18
 -1.4562994268107921E-01 a      1369     1    12     2     1
 -7.4865155370361414E-01 a      1370     1    12     2     2
 -1.4526327266735912E+00 a      1371     1    12     2     3
 -1.3679243688434800E-01 a      1372     1    12     2     4
  6.6743152870375599E-01 a      1373     1    12     2     5
  6.9953304703083130E-01 a      1374     1    12     2     6
 -4.6395042531752873E-01 a      1375     1    12     2     7
 -3.5549756928747533E-01 a      1376     1    12     2     8
 -3.1859662758780843E-01 a      1377     1    12     2     9
 -9.8155554834106584E-01 a      1378     1    12     2    10
 -7.2659311864910303E-01 a      1379     1    12     2    11
  7.5241128687262615E-01 a      1380     1    12     2    12
  1.1848503816328406E+00 a      1381     1    12     2    13
 -4.4580063625729577E-01 a      1382     1    12     2    14
  4.8635512269881193E-01 a      1383     1    12     2    15
  4.2314350262682869E-02 a      1384     1    12     2    16
 -2.4160245936587818E-01 a      1385     1    12     2    17
 -1.9493785389318383E+00 a      1386     1    12     2    18
  7.0288023408256262E-01 a      1387     1    13     2     1
  7.0680947918847681E-01 a      1388     1    13     2     2
 -7.1502233505222323E-01 a      1389     1    13     2     3
  4.5504323059750350E-02 a      1390     1    13     2     4
  3.9578359094624566E-01 a      1391     1    13     2     5
  8.7960285697024021E-01 a      1392     1    13     2     6
  8.3878799360788370E-01 a      1393     1    13     2     7
  7.2801668762691152E-01 a      1394     1    13     2     8
 -1.6120245748806052E+00 a      1395     1    13     2     9
 -6.5270941031123586E-01 a      1396     1    13     2    10
 -3.3230984715464840E-01 a      1397     1    13     2    11
 -2.8521751541039370E-01 a      1398     1    13     2    12
  7.1289263940305114E-01 a      1399     1    13     2    13
 -2.4239017953423478E-01 a      1400     1    13     2    14
 -6.8355610415757606E-02 a      1401     1    13     2    15
  2.1734919985128240E-01 a      1402     1    13     2    16
 -4.7112830696515512E-01 a      1403     1    13     2    17
  8.3935155549651697E-01 a      1404     1    13     2    18
 -1.7304083205261248E-01 a      1405     1    14     2     1
  2.4178781310350175E-01 a      1406     1    14     2     2
 -1.0975344181414517E+00 a      1407     1    14     2     3
 -2.7316138462405959E-01 a      1408     1    14     2     4
  3.7426820746965439E-01 a      1409     1    14     2     5
  1.1054658394516515E-02 a      1410     1    14     2     6
 -2.7688723857481146E-01 a      1411     1    14     2     7
 -5.2984139360080396E-01 a      1412     1    14     2     8
 -7.0368452290561434E-01 a      1413     1    14     2     9
 -6.4297366471256867E-01 a      1414     1    14     2    10
 -1.1236369805541424E+00 a      1415     1    14     2    11
  1.8317778719399264E-01 a      1416     1    14     2    12
  7.1956385117988930E-01 a      1417     1    14     2    13
 -1.7532902551883597E-01 a      1418     1    14     2    14
  5.2390905688889178E-01 a      1419     1    14     2    15
 -4.0377251051908480E-01 a      1420     1    14     2    16
 -2.5102298604154188E-01 a      1421     1    14     2    17
 -2.4135950846507179E-01 a      1422     1    14     2    18
  2.0402428387532878E-01 a      1423     1    15     2     1
 -1.9723978863841798E-01 a      1424     1    15     2     2
  4.8339786959103215E-01 a      1425     1    15     2     3
 -1.1209933715151002E-01 a      1426     1    15     2     4
  7.0925312249980721E-01 a      1427     1    15     2     5
  7.1736259209900544E-01 a      1428     1    15     2     6
 -9.2404680657611135E-02 a      1429     1    15     2     7
 -9.7136443291122665E-01 a      1430     1    15     2     8
 -1.1265163101818532E-01 a      1431     1    15     2     9
 -2.1084036808882817E-01 a      1432     1    15     2    10
 -9.4511298892402607E-01 a      1433     1    15     2    11
 -4.6871521625663176E-01 a      1434     1    15     2    12
  9.8521183934731771E-01 a      1435     1    15     2    13
  4.7144091346154465E-02 a      1436     1    15     2    14
  9.0104350375205700E-01 a      1437     1    15     2    15
 -4.8590057409638338E-01 a      1438     1    15     2    16
  7.9725682281254429E-02 a      1439     1    15     2    17
  2.0332969772334364E+00 a      1440     1    15     2    18
  1.9903794648700771E-01 a      1441     1    16     2     1
 -3.7938045377833995E-01 a      1442     1    16     2     2
  6.3231805744957248E-01 a      1443     1    16     2     3
  1.5209932867662843E-01 a      1444     1    16     2     4
  7.2508140482676142E-01 a      1445     1    16     2     5
  3.2856649081977218E-01 a      1446     1    16     2     6
  1.9044252435313025E-01 a      1447     1    16     2     7
  1.3194273029940673E+00 a      1448     1    16     2     8
 -2.7432689662566418E-02 a      1449     1    16     2     9
  8.2389341615377543E-01 a      1450     1    16     2    10
  2.1584899312138242E-01 a      1451     1    16     2    11
  3.7695645324871668E-01 a      1452     1    16     2    12
 -5.9160350850155075E-01 a      1453     1    16     2    13
 -2.1873409348004241E-01 a      1454     1    16     2    14
 -9.7148413972321501E-01 a      1455     1    16     2    15
  4.0061436223703828E-01 a      1456     1    16     2    16
  2.7939602691566018E-01 a      1457     1    16     2    17
 -1.7362028135436571E+00 a      1458     1    16     2    18
 -2.9155198347339606E-01 a      1459     1    17     2     1
 -3.9507336205532023E-01 a      1460     1    17     2     2
 -1.8323621182838185E-01 a      1461     1    17     2     3
 -1.5217847557948341E-01 a      1462     1    17     2     4
 -4.8744325787587656E-01 a      1463     1    17     2     5
  2.7305479377084541E-01 a      1464     1    17     2     6
 -7.9109863442167028E-01 a      1465     1    17     2     7
 -1.4928377682446350E+00 a      1466     1    17     2     8
  2.9559731601987516E-01 a      1467     1    17     2     9
 -8.8856353052759118E-01 a      1468     1    17     2    10
 -1.9677097088194795E-01 a      1469     1    17     2    11
  5.6604189027500745E-04 a      1470     1    17     2    12
  1.4103585347951131E+00 a      1471     1    17     2    13
 -2.4071813780530738E-01 a      1472     1    17     2    14
  1.4549938413758752E+00 a      1473     1    17     2    15
 -7.2087101071647619E-01 a      1474     1    17     2    16
 -1.5198164229659622E-01 a      1475     1    17     2    17
  1.9039477621355012E+00 a      1476     1    17     2    18
  3.0361588116166555E-01 a      1477     1    18     2     1
  6.6378038663806171E-01 a      1478     1    18     2     2
 -7.9949612616226506E-01 a      1479     1    18     2     3
  7.1269161924132840E-01 a      1480     1    18     2     4
 -8.9582354389841823E-01 a      1481     1    18     2     5
 -4.1265647222889973E-02 a      1482     1    18     2     6
  9.5195063333168373E-01 a      1483     1    18     2     7
  9.0871123150274946E-01 a      1484     1    18     2     8
 -1.8792961897911001E-01 a      1485     1    18     2     9
  9.7112171404719283E-01 a      1486     1    18     2    10
  2.2978579438913574E-01 a      1487     1    18     2    11
 -1.3963718504214334E-01 a      1488     1    18     2    12
 -1.7297939363250785E+00 a      1489     1    18     2    13
  2.0686961025124284E-01 a      1490     1    18     2    14
 -1.8426963954889313E+00 a      1491     1    18     2    15
  3.5382200665211183E-01 a      1492     1    18     2    16
  4.3406566962854121E-01 a      1493     1    18     2    17
 -8.5777160499379435E-01 a      1494     1    18     2    18
 -6.7955726573903086E-01 b      1495     2     1
 -7.8300233024707844E-01 b      1496     2     2
  1.2928537206323560E+00 b      1497     2     3
 -2.1194122110617211E+00 b      1498     2     4
 -2.4809434545789921E+00 b      1499     2     5
  5.8952520849704615E-01 b      1500     2     6
 -7.1454111526204722E-01 b      1501     2     7
  8.3064130983778106E-01 b      1502     2     8
  2.1383356967984581E+00 b      1503     2     9
  1.7954611570986423E+00 b      1504     2    10
  1.6267208132222790E+00 b      1505     2    11
 -1.3020250008169683E+00 b      1506     2    12
 -1.0503694178729868E+00 b      1507     2    13
 -2.4195966558219237E+00 b      1508     2    14
 -9.4657387687691408E-01 b      1509     2    15
 -9.6969443063575644E-01 b      1510     2    16
  7.7292427267700559E-01 b      1511     2    17
 -1.3418211029504483E+00 b      1512     2    18
 -5.3743762275583873E-01 a      1513     2     1     3     1
  2.1939573945019178E-01 a      1514     2     2     3     1
 -1.5002299165571503E-01 a      1515     2     3     3     1
 -5.8582209505938754E-01 a      1516     2     4     3     1
 -6.9275600336844087E-02 a      1517     2     5     3     1
  4.3534539587129156E-01 a      1518     2     6     3     1
 -4.5889100560654211E-01 a      1519     2     7     3     1
 -1.9587455138210452E-01 a      1520     2     8     3     1
 -2.6204973427943840E-01 a      1521     2     9     3     1
  2.6401558518591645E-01 a      1522     2    10     3     1
 -1.2793749201482821E-01 a      1523     2    11     3     1
  2.3089058121653766E-01 a      1524     2    12     3     1
 -5.7267521168738811E-01 a      1525     2    13     3     1
  9.1890753082187582E-01 a      1526     2    14     3     1
  5.1493875778415643E-01 a      1527     2    15     3     1
  4.6388118953482155E-01 a      1528     2    16     3     1
 -4.2469674892510040E-01 a      1529     2    17     3     1
 -1.1775604075807806E-02 a      1530     2    18     3     1
  1.0009777876570095E-01 b      1531     3     1
