################################################################################
# Learning curves for energies and forces.
################################################################################
# Col  Name             Description
################################################################################
# 1    epoch            Current epoch.
# 2    rmse_Etrain_phys RMSE of training energies per atom (physical units).
# 3    rmse_Etest_phys  RMSE of test energies per atom (physical units).
# 4    rmse_Ftrain_phys RMSE of training forces (physical units).
# 5    rmse_Ftest_phys  RMSE of test forces (physical units).
################################################################################
#        1                2                3                4                5
#    epoch rmse_Etrain_phys  rmse_Etest_phys rmse_Ftrain_phys  rmse_Ftest_phys
##############################################################################
         0   2.48006049E+00   2.54156082E+00   2.61618400E-01   2.75506255E-01
         1   4.66227655E-04   4.45696209E-04   1.68817906E-03   1.96751676E-03
         2   3.96638765E-04   3.50753390E-04   1.45703091E-03   2.32857202E-03
         3   2.28106118E-04   2.19054488E-04   9.99132483E-04   1.12308977E-03
         4   1.78308555E-04   2.75467070E-04   9.76644009E-04   1.19472838E-03
         5   1.47180315E-04   2.16760716E-04   7.20559973E-04   9.73568157E-04
         6   1.58168357E-04   3.26353135E-04   7.33564876E-04   1.10890643E-03
         7   1.25850683E-04   2.24720935E-04   6.56136254E-04   7.35882205E-04
         8   1.24748040E-04   2.63332371E-04   6.37831027E-04   8.32987801E-04
         9   1.39074180E-04   2.65777186E-04   6.44067465E-04   7.79151780E-04
        10   1.32363910E-04   2.63079361E-04   6.10434683E-04   7.93114844E-04
        11   1.25768131E-04   2.28473399E-04   5.98100776E-04   7.13285200E-04
        12   1.18560788E-04   2.18168036E-04   6.04663758E-04   6.87707905E-04
        13   1.27925586E-04   1.97832016E-04   5.74235844E-04   7.00088311E-04
        14   1.24650564E-04   1.93371875E-04   5.68593624E-04   6.96986330E-04
        15   1.22814103E-04   2.08030600E-04   5.63597978E-04   7.54757745E-04
        16   1.24795681E-04   2.18310835E-04   5.69223328E-04   7.99026625E-04
        17   1.11817405E-04   1.90984795E-04   5.60042646E-04   7.20177211E-04
        18   1.06114180E-04   1.85221033E-04   5.58522022E-04   7.46026252E-04
        19   1.04984108E-04   2.31616886E-04   5.62200003E-04   9.15215297E-04
        20   1.11247007E-04   1.68788012E-04   5.45212732E-04   6.90813202E-04
        21   1.10862816E-04   1.81655206E-04   5.40423262E-04   7.28312508E-04
        22   1.06488216E-04   1.55855748E-04   5.32798065E-04   6.61890752E-04
        23   1.02785935E-04   1.45067557E-04   5.31739298E-04   6.54347528E-04
        24   1.02517337E-04   1.40625550E-04   5.27271874E-04   6.46471143E-04
        25   1.00488881E-04   1.31073023E-04   5.28598059E-04   6.25607101E-04
        26   9.97941472E-05   1.27263235E-04   5.22073060E-04   6.20333389E-04
        27   9.86376149E-05   1.29448829E-04   5.19509040E-04   6.37348108E-04
        28   1.00197192E-04   1.37919787E-04   5.19749461E-04   6.61741786E-04
        29   9.88678254E-05   1.37135607E-04   5.17782420E-04   6.61123050E-04
        30   1.01109458E-04   1.31828647E-04   5.15230176E-04   6.22562049E-04
        31   9.90156326E-05   1.28187804E-04   5.16113729E-04   6.15472537E-04
        32   1.01033785E-04   1.31074731E-04   5.17096882E-04   6.19707717E-04
        33   9.83546895E-05   1.19404413E-04   5.30010143E-04   5.90557207E-04
        34   9.69768532E-05   1.16582424E-04   5.14040966E-04   5.92605876E-04
        35   9.56937142E-05   1.17814802E-04   5.12733923E-04   5.95505771E-04
        36   9.52505410E-05   1.21647650E-04   5.13412871E-04   6.04987958E-04
        37   9.44354852E-05   1.21446837E-04   5.12853254E-04   6.09260649E-04
        38   9.39554636E-05   1.17439933E-04   5.12184810E-04   5.97137758E-04
        39   9.29172723E-05   1.16066023E-04   5.17264896E-04   5.88240273E-04
        40   9.28520756E-05   1.16318791E-04   5.06811383E-04   5.84755470E-04
        41   1.09269402E-04   1.20317924E-04   5.06846247E-04   5.86904266E-04
        42   1.03124358E-04   1.11879766E-04   5.06229035E-04   5.82827790E-04
        43   1.00600558E-04   1.13748353E-04   5.05300389E-04   5.86782050E-04
        44   1.00402938E-04   1.14531035E-04   5.04048863E-04   5.94323903E-04
        45   1.03067176E-04   1.15666858E-04   5.04411841E-04   6.00595887E-04
        46   1.02836703E-04   1.16038332E-04   5.03659327E-04   5.98030325E-04
        47   1.05335510E-04   1.16865623E-04   5.01882890E-04   5.91841672E-04
        48   1.03793674E-04   1.16317901E-04   5.02037119E-04   5.86350140E-04
        49   1.01238734E-04   1.16807274E-04   5.00925461E-04   6.02074988E-04
        50   1.01048555E-04   1.16410171E-04   5.01286721E-04   6.08616693E-04
        51   1.00369643E-04   1.19110927E-04   5.01304283E-04   6.11048411E-04
        52   9.96656891E-05   1.19651779E-04   5.00534441E-04   6.16369731E-04
        53   9.95985346E-05   1.16272766E-04   4.99664578E-04   5.94132105E-04
        54   9.90219284E-05   1.18140943E-04   4.99674949E-04   5.96568960E-04
        55   9.88778855E-05   1.18182404E-04   4.99142050E-04   5.93593822E-04
        56   9.80623359E-05   1.20848770E-04   4.98741967E-04   6.07387857E-04
        57   9.71250058E-05   1.21578307E-04   4.98155584E-04   6.12386304E-04
        58   9.72813047E-05   1.20906058E-04   4.97866618E-04   6.12055991E-04
        59   9.55705196E-05   1.19168308E-04   4.97607407E-04   6.06853237E-04
        60   9.88271324E-05   1.18852463E-04   4.97045085E-04   6.09357444E-04
        61   9.97944781E-05   1.20184340E-04   4.96523482E-04   6.09157869E-04
        62   9.54778784E-05   1.19437878E-04   4.96210403E-04   6.11573546E-04
        63   9.33969955E-05   1.19612568E-04   4.96022101E-04   6.19735358E-04
        64   9.28748084E-05   1.19878176E-04   4.95603084E-04   6.21706883E-04
        65   9.28666691E-05   1.18115982E-04   4.95408095E-04   6.22181364E-04
        66   9.28213302E-05   1.17210389E-04   4.95750520E-04   6.25363344E-04
        67   9.29179635E-05   1.15600188E-04   4.95768176E-04   6.25101363E-04
        68   9.31693771E-05   1.15908353E-04   4.93576471E-04   6.26452965E-04
        69   9.32178464E-05   1.16358357E-04   4.93544666E-04   6.26346763E-04
        70   9.36233568E-05   1.15628613E-04   4.93677928E-04   6.26230627E-04
        71   9.36939508E-05   1.15124761E-04   4.93596489E-04   6.29106972E-04
        72   9.31729707E-05   1.16042933E-04   4.93257165E-04   6.30211190E-04
        73   9.27175395E-05   1.16584843E-04   4.93175994E-04   6.31920244E-04
        74   9.34463923E-05   1.16747389E-04   4.93037056E-04   6.34132845E-04
        75   9.05848241E-05   1.16407228E-04   4.92896947E-04   6.32070328E-04
        76   9.06542920E-05   1.18386706E-04   4.92647837E-04   6.35132433E-04
        77   9.05533379E-05   1.18607688E-04   4.92420068E-04   6.40037486E-04
        78   9.02935310E-05   1.18457119E-04   4.92328976E-04   6.37959869E-04
        79   8.91325427E-05   1.18434717E-04   4.92327475E-04   6.39777363E-04
        80   8.99267418E-05   1.16131863E-04   4.91900787E-04   6.26202963E-04
        81   8.93121491E-05   1.16049219E-04   4.91759878E-04   6.25762708E-04
        82   8.93203477E-05   1.15598391E-04   4.91631584E-04   6.22690634E-04
        83   8.93565654E-05   1.16085241E-04   4.91487478E-04   6.24725467E-04
        84   8.90981115E-05   1.15558379E-04   4.91424943E-04   6.24827741E-04
        85   9.12901038E-05   1.15604687E-04   4.91325936E-04   6.24493048E-04
        86   9.20413613E-05   1.16152419E-04   4.91384597E-04   6.20343469E-04
        87   9.43336904E-05   1.15788203E-04   4.91183595E-04   6.20872787E-04
        88   9.46905176E-05   1.15644674E-04   4.90990261E-04   6.16506595E-04
        89   9.45661069E-05   1.14516890E-04   4.90842606E-04   6.15438984E-04
        90   9.48275112E-05   1.15308996E-04   4.90564321E-04   6.13425408E-04
        91   9.32537776E-05   1.15736202E-04   4.90122751E-04   6.00523785E-04
        92   9.31574557E-05   1.15058577E-04   4.89859527E-04   5.98535999E-04
        93   9.19787922E-05   1.15870108E-04   4.89774287E-04   6.02341732E-04
        94   9.33559484E-05   1.14802966E-04   4.89979040E-04   5.97059440E-04
        95   9.69286759E-05   1.14351679E-04   4.90413651E-04   5.99374846E-04
        96   9.59872937E-05   1.13748597E-04   4.89833232E-04   6.05863766E-04
        97   9.57456805E-05   1.12832698E-04   4.89692972E-04   6.05940138E-04
        98   9.53294316E-05   1.12520535E-04   4.89715487E-04   5.98877917E-04
        99   9.51257495E-05   1.13418288E-04   4.89449159E-04   6.09646164E-04
       100   9.45821679E-05   1.14533036E-04   4.89121765E-04   6.11478865E-04
       101   9.43023311E-05   1.12678223E-04   4.88893901E-04   6.12265961E-04
       102   9.42505122E-05   1.12907409E-04   4.88863643E-04   6.14127854E-04
       103   9.17988620E-05   1.12859630E-04   4.88611028E-04   6.14041104E-04
       104   9.19612638E-05   1.11986454E-04   4.88643720E-04   6.09243948E-04
       105   9.12873582E-05   1.11841360E-04   4.88447461E-04   6.12076929E-04
       106   9.08453228E-05   1.14050034E-04   4.88427445E-04   6.37559786E-04
       107   9.11226948E-05   1.12793859E-04   4.88520778E-04   6.37585840E-04
       108   9.10124614E-05   1.14360134E-04   4.88336366E-04   6.41885549E-04
       109   9.13211426E-05   1.14348224E-04   4.88409466E-04   6.38734422E-04
       110   9.10877060E-05   1.13825357E-04   4.88402335E-04   6.35893484E-04
       111   9.13176025E-05   1.14512726E-04   4.88269828E-04   6.37220376E-04
       112   9.12859475E-05   1.13898671E-04   4.88180850E-04   6.35943524E-04
       113   8.94021302E-05   1.14438845E-04   4.88070725E-04   6.32402244E-04
       114   9.00470881E-05   1.15104003E-04   4.87978960E-04   6.31538988E-04
       115   9.06300158E-05   1.15351356E-04   4.87789205E-04   6.27097942E-04
       116   9.00905513E-05   1.15492826E-04   4.87638037E-04   6.28395761E-04
       117   9.01244810E-05   1.15415816E-04   4.87573724E-04   6.29929332E-04
       118   8.99475377E-05   1.16332548E-04   4.87371970E-04   6.33077871E-04
       119   8.97737264E-05   1.16516433E-04   4.87294422E-04   6.34298059E-04
       120   8.93287948E-05   1.16995609E-04   4.87193733E-04   6.33037686E-04
       121   8.95654050E-05   1.16647845E-04   4.87040213E-04   6.30724191E-04
       122   8.94012954E-05   1.15816866E-04   4.86765535E-04   6.24938409E-04
       123   8.91743236E-05   1.16543919E-04   4.86644473E-04   6.25783530E-04
       124   8.93749408E-05   1.17042905E-04   4.86663532E-04   6.25944070E-04
       125   8.97200807E-05   1.17238500E-04   4.86545537E-04   6.23803007E-04
       126   8.96407388E-05   1.17333471E-04   4.86524969E-04   6.26793917E-04
       127   8.90847401E-05   1.17059040E-04   4.86600572E-04   6.29461737E-04
       128   8.89392997E-05   1.16330443E-04   4.86417978E-04   6.13391550E-04
       129   8.86895093E-05   1.16072270E-04   4.86349319E-04   6.11942489E-04
       130   8.85237533E-05   1.16417955E-04   4.86231385E-04   6.13655926E-04
       131   8.82511188E-05   1.16448281E-04   4.86288552E-04   6.12665272E-04
       132   8.80984604E-05   1.15865488E-04   4.86317901E-04   6.12464705E-04
       133   8.79528853E-05   1.15821766E-04   4.86247297E-04   6.12463176E-04
       134   8.75842034E-05   1.16123189E-04   4.86117553E-04   6.12250989E-04
       135   8.73858013E-05   1.16597811E-04   4.86109826E-04   6.14388775E-04
       136   8.77950138E-05   1.16169125E-04   4.85923779E-04   6.14192152E-04
       137   8.75783845E-05   1.16006811E-04   4.85792694E-04   6.13887876E-04
       138   8.78005566E-05   1.15622440E-04   4.85786715E-04   6.11062050E-04
       139   8.75672247E-05   1.15858789E-04   4.85930095E-04   6.13366896E-04
       140   8.68662265E-05   1.16310218E-04   4.86122863E-04   6.16136690E-04
       141   8.67463919E-05   1.16266433E-04   4.86117319E-04   6.15951847E-04
       142   8.65474561E-05   1.15805374E-04   4.86129129E-04   6.14743715E-04
       143   8.67261464E-05   1.15826738E-04   4.86013720E-04   6.13669658E-04
       144   8.68181654E-05   1.16012105E-04   4.86003172E-04   6.13818607E-04
       145   8.67500994E-05   1.15944672E-04   4.86004373E-04   6.13427201E-04
       146   8.65396091E-05   1.15660794E-04   4.85923922E-04   6.12282521E-04
       147   8.68978818E-05   1.15634671E-04   4.85772375E-04   6.12864675E-04
       148   8.68761137E-05   1.16727151E-04   4.85494098E-04   6.17500656E-04
       149   8.69907451E-05   1.16929898E-04   4.85417733E-04   6.19238008E-04
       150   8.73791234E-05   1.16834577E-04   4.85297425E-04   6.17860731E-04
       151   8.69343104E-05   1.15967667E-04   4.85339156E-04   6.14096937E-04
       152   8.65739866E-05   1.16000814E-04   4.85358122E-04   6.14669699E-04
       153   8.64285328E-05   1.15804369E-04   4.85300424E-04   6.14508112E-04
       154   8.64578794E-05   1.16051768E-04   4.85320243E-04   6.14975799E-04
       155   8.62819188E-05   1.15376064E-04   4.85188545E-04   6.09606212E-04
       156   8.60370674E-05   1.15615324E-04   4.85588662E-04   6.10241379E-04
       157   8.58960752E-05   1.15231522E-04   4.85453200E-04   6.10237432E-04
       158   8.58708467E-05   1.15631702E-04   4.85304221E-04   6.11693455E-04
       159   8.58940640E-05   1.16339610E-04   4.85413349E-04   6.12691579E-04
       160   8.57211808E-05   1.15976056E-04   4.85358552E-04   6.13344377E-04
       161   8.56716182E-05   1.16207198E-04   4.84976971E-04   6.15375187E-04
       162   8.56840953E-05   1.15596303E-04   4.84930551E-04   6.15009225E-04
       163   8.51533354E-05   1.15237119E-04   4.85164492E-04   6.17214817E-04
       164   8.51160798E-05   1.14322767E-04   4.85042565E-04   6.13982904E-04
       165   8.51036470E-05   1.14765226E-04   4.85193137E-04   6.15699795E-04
       166   8.49209855E-05   1.14495680E-04   4.84980745E-04   6.19790791E-04
       167   8.48177115E-05   1.11866331E-04   4.84849501E-04   6.09104729E-04
       168   8.47959057E-05   1.10687084E-04   4.84738085E-04   6.06500496E-04
       169   8.47866591E-05   1.10783011E-04   4.84739532E-04   6.07062461E-04
       170   8.48736179E-05   1.10851522E-04   4.84685058E-04   6.08295887E-04
       171   8.46975554E-05   1.10299242E-04   4.84675313E-04   6.07013972E-04
       172   8.47614297E-05   1.09917168E-04   4.84623031E-04   6.03819939E-04
       173   8.46357174E-05   1.10203197E-04   4.84775892E-04   6.04486240E-04
       174   8.46218936E-05   1.10553064E-04   4.84581870E-04   6.05630454E-04
       175   8.44890576E-05   1.10026468E-04   4.84413046E-04   6.04850178E-04
       176   8.45133253E-05   1.10178428E-04   4.84364474E-04   6.05962811E-04
       177   8.46905184E-05   1.10183646E-04   4.84247417E-04   6.04161863E-04
       178   8.47187946E-05   1.10085123E-04   4.84205407E-04   6.03754034E-04
       179   8.47828881E-05   1.10097301E-04   4.84080495E-04   6.05053001E-04
       180   8.48285420E-05   1.10032363E-04   4.84033069E-04   6.02996145E-04
       181   8.54045487E-05   1.10104673E-04   4.83769258E-04   6.02864921E-04
       182   8.52534340E-05   1.10051912E-04   4.83811207E-04   6.03108364E-04
       183   8.50794426E-05   1.10077491E-04   4.83743929E-04   6.04115415E-04
       184   8.52174389E-05   1.10261128E-04   4.83632906E-04   6.04205646E-04
       185   8.52287744E-05   1.10017241E-04   4.83625718E-04   6.03312802E-04
       186   8.50831199E-05   1.09916846E-04   4.83500008E-04   6.02128525E-04
       187   8.51166655E-05   1.10041706E-04   4.83443975E-04   6.02684569E-04
       188   8.50650166E-05   1.09988949E-04   4.83371729E-04   6.02232112E-04
       189   8.52833891E-05   1.09939439E-04   4.83420345E-04   6.01530446E-04
       190   8.53124497E-05   1.09314845E-04   4.83415064E-04   6.01950272E-04
       191   8.49683698E-05   1.09433694E-04   4.83509648E-04   6.02612073E-04
       192   8.53599179E-05   1.09528174E-04   4.83378913E-04   6.01799818E-04
       193   8.56080341E-05   1.09349630E-04   4.83332545E-04   6.00674654E-04
       194   8.56175399E-05   1.09084765E-04   4.83335527E-04   5.99612047E-04
       195   8.52781981E-05   1.08985982E-04   4.83415327E-04   6.00904780E-04
       196   8.52344768E-05   1.09122316E-04   4.83443539E-04   6.01892560E-04
       197   8.51084445E-05   1.09002297E-04   4.83318755E-04   6.02017179E-04
       198   8.50077537E-05   1.09137464E-04   4.83382294E-04   6.01928896E-04
       199   8.48888246E-05   1.08848494E-04   4.83395976E-04   6.01344187E-04
       200   8.47324529E-05   1.09223108E-04   4.83433331E-04   6.02117235E-04
       201   8.47689182E-05   1.09459785E-04   4.83406699E-04   6.03545406E-04
       202   8.46680960E-05   1.09263588E-04   4.83364263E-04   6.01257346E-04
       203   8.48731641E-05   1.08719738E-04   4.83303347E-04   6.01387127E-04
       204   8.48001995E-05   1.08677433E-04   4.83265165E-04   6.01311742E-04
       205   8.48480201E-05   1.08234540E-04   4.83323322E-04   5.99579560E-04
       206   8.50208126E-05   1.08196046E-04   4.83311242E-04   5.99654586E-04
       207   8.50042985E-05   1.08395336E-04   4.83284531E-04   5.98774687E-04
       208   8.53016134E-05   1.08186188E-04   4.83188454E-04   5.99313450E-04
       209   8.55822648E-05   1.08635972E-04   4.83066447E-04   6.00418032E-04
       210   8.53896190E-05   1.08593219E-04   4.83002045E-04   6.02123119E-04
       211   8.52294934E-05   1.08330450E-04   4.82981487E-04   6.02271267E-04
       212   8.52054973E-05   1.08349938E-04   4.82931836E-04   6.03448122E-04
       213   8.53106942E-05   1.08044293E-04   4.82945917E-04   6.03296567E-04
       214   8.52237953E-05   1.08706776E-04   4.82823764E-04   6.03541453E-04
       215   8.50992168E-05   1.08726487E-04   4.82809632E-04   6.01102422E-04
       216   8.51376219E-05   1.08865893E-04   4.82720003E-04   6.01487220E-04
       217   8.51205457E-05   1.08959522E-04   4.82824421E-04   6.02336996E-04
       218   8.43887283E-05   1.08689141E-04   4.83023470E-04   6.03292939E-04
       219   8.44919349E-05   1.08650213E-04   4.83144317E-04   6.03517037E-04
       220   8.41095309E-05   1.08397399E-04   4.83287435E-04   6.03341322E-04
       221   8.43226375E-05   1.08621626E-04   4.83221703E-04   6.04782944E-04
       222   8.45456921E-05   1.07790073E-04   4.82965864E-04   6.05595481E-04
       223   8.46481670E-05   1.07694430E-04   4.82953177E-04   6.07355694E-04
       224   8.45827117E-05   1.07396536E-04   4.82955804E-04   6.05935931E-04
       225   8.49392220E-05   1.06856007E-04   4.82806300E-04   6.04931053E-04
       226   8.49907763E-05   1.07435348E-04   4.82778704E-04   6.07753892E-04
       227   8.49776242E-05   1.07434570E-04   4.82770549E-04   6.08733200E-04
       228   8.57537220E-05   1.07682964E-04   4.82545702E-04   6.08905201E-04
       229   8.56306678E-05   1.07546582E-04   4.82483752E-04   6.08404676E-04
       230   8.55871907E-05   1.07614643E-04   4.82469028E-04   6.08469832E-04
       231   8.54421755E-05   1.07662310E-04   4.82384196E-04   6.08966627E-04
       232   8.53717649E-05   1.07528117E-04   4.82369033E-04   6.09409583E-04
       233   8.52686827E-05   1.07639453E-04   4.82346875E-04   6.10389338E-04
       234   8.54717933E-05   1.07637052E-04   4.82355663E-04   6.11649106E-04
       235   8.55132166E-05   1.07802979E-04   4.82302741E-04   6.12281923E-04
       236   8.55736178E-05   1.07871778E-04   4.82348658E-04   6.12278470E-04
       237   8.55136417E-05   1.07945307E-04   4.82335636E-04   6.12991645E-04
       238   8.64044277E-05   1.07841362E-04   4.82049498E-04   6.12201424E-04
       239   8.63831942E-05   1.07960625E-04   4.82037301E-04   6.09905817E-04
       240   8.63319615E-05   1.07776010E-04   4.82046122E-04   6.08978318E-04
       241   8.62193381E-05   1.07832478E-04   4.82057037E-04   6.09296345E-04
       242   8.61593406E-05   1.07850920E-04   4.82074333E-04   6.09850662E-04
       243   8.62355729E-05   1.07316007E-04   4.82027291E-04   6.09215056E-04
       244   8.61541740E-05   1.07330840E-04   4.82025286E-04   6.10237190E-04
       245   8.70650419E-05   1.07199112E-04   4.81837196E-04   6.09283122E-04
       246   8.69987249E-05   1.07278909E-04   4.81752648E-04   6.09404341E-04
       247   8.70576508E-05   1.06832122E-04   4.81709715E-04   6.06575229E-04
       248   8.57470473E-05   1.07116656E-04   4.81714665E-04   6.07014021E-04
       249   8.58106220E-05   1.06970203E-04   4.81667809E-04   6.07096154E-04
       250   8.52722993E-05   1.06803788E-04   4.81740623E-04   6.06087328E-04
       251   8.53246548E-05   1.06582049E-04   4.81733160E-04   6.05490536E-04
       252   8.53142062E-05   1.06427689E-04   4.81753148E-04   6.05752634E-04
       253   8.52836496E-05   1.05950678E-04   4.81796048E-04   6.05319165E-04
       254   8.55052281E-05   1.05924355E-04   4.81777754E-04   6.05655763E-04
       255   8.59125192E-05   1.05872434E-04   4.81709327E-04   6.05976094E-04
       256   8.59084930E-05   1.05428595E-04   4.81668100E-04   6.06834755E-04
       257   8.59702357E-05   1.05631637E-04   4.81691648E-04   6.06563403E-04
       258   8.57492380E-05   1.05843589E-04   4.81729103E-04   6.05505025E-04
       259   8.57237142E-05   1.06106861E-04   4.81754657E-04   6.06179953E-04
       260   8.61547950E-05   1.06112599E-04   4.81642599E-04   6.05931852E-04
       261   8.59709677E-05   1.06119696E-04   4.81608044E-04   6.07300865E-04
       262   8.65439539E-05   1.05737998E-04   4.81460287E-04   6.05728106E-04
       263   8.65622647E-05   1.05949848E-04   4.81410357E-04   6.05189157E-04
       264   8.66068374E-05   1.05787088E-04   4.81433629E-04   6.03186524E-04
       265   8.64069842E-05   1.05887404E-04   4.81395059E-04   6.01871452E-04
       266   8.59441785E-05   1.06040209E-04   4.81415808E-04   6.01799465E-04
       267   8.59921549E-05   1.06236045E-04   4.81384246E-04   6.01314283E-04
       268   8.59984707E-05   1.06433444E-04   4.81395041E-04   6.00617607E-04
       269   8.59982932E-05   1.06445167E-04   4.81416425E-04   6.01253595E-04
       270   8.60872211E-05   1.06771142E-04   4.81450225E-04   6.02085574E-04
       271   8.58942856E-05   1.07026855E-04   4.81521762E-04   6.02032525E-04
       272   8.59166004E-05   1.06962428E-04   4.81499525E-04   6.00829853E-04
       273   8.65234163E-05   1.06957585E-04   4.81299593E-04   5.99639080E-04
       274   8.65192340E-05   1.07032468E-04   4.81282015E-04   6.00543424E-04
       275   8.65200969E-05   1.06508354E-04   4.81233284E-04   5.99235373E-04
       276   8.67694061E-05   1.06197297E-04   4.81208252E-04   5.97950749E-04
       277   8.68107811E-05   1.05929356E-04   4.81259771E-04   5.98288232E-04
       278   8.67627756E-05   1.06003250E-04   4.81254573E-04   5.97987740E-04
       279   8.63649091E-05   1.05774253E-04   4.81317324E-04   5.96449942E-04
       280   8.58423577E-05   1.05957770E-04   4.81432599E-04   5.97728395E-04
       281   8.58297713E-05   1.05676014E-04   4.81350811E-04   5.97970243E-04
       282   8.57191262E-05   1.05648905E-04   4.81341348E-04   5.97751801E-04
       283   8.58090711E-05   1.05581159E-04   4.81268877E-04   5.95946973E-04
       284   8.54480666E-05   1.05420645E-04   4.81285086E-04   5.96396837E-04
       285   8.54700304E-05   1.05389540E-04   4.81339118E-04   5.95883431E-04
       286   8.55600549E-05   1.05582318E-04   4.81295134E-04   5.96816453E-04
       287   8.55443690E-05   1.05370339E-04   4.81284280E-04   5.96509036E-04
       288   8.60904788E-05   1.05200291E-04   4.81140913E-04   5.95609898E-04
       289   8.65301325E-05   1.05227093E-04   4.81070753E-04   5.96276834E-04
       290   8.65083394E-05   1.05111792E-04   4.81010438E-04   5.95862396E-04
       291   8.64934295E-05   1.05379583E-04   4.81023358E-04   5.96571943E-04
       292   8.64354177E-05   1.05195725E-04   4.81052290E-04   5.96395746E-04
       293   8.66707751E-05   1.05063969E-04   4.81039896E-04   5.95794119E-04
       294   8.71911880E-05   1.05026080E-04   4.81049168E-04   5.94030926E-04
       295   8.75666149E-05   1.04704834E-04   4.80891341E-04   5.92941167E-04
       296   8.74522199E-05   1.04598743E-04   4.80907076E-04   5.92606597E-04
       297   8.76374041E-05   1.04668212E-04   4.80869371E-04   5.92377521E-04
       298   8.76808521E-05   1.04720430E-04   4.80853602E-04   5.93554902E-04
       299   8.75982483E-05   1.04759780E-04   4.80861256E-04   5.94030331E-04
       300   8.74915037E-05   1.04591427E-04   4.80835028E-04   5.93964235E-04
       301   8.77117117E-05   1.04334659E-04   4.80849534E-04   5.94586916E-04
       302   8.78006301E-05   1.04389408E-04   4.80786915E-04   5.94624620E-04
       303   8.78167358E-05   1.04547176E-04   4.80747518E-04   5.94699709E-04
       304   8.77639707E-05   1.04501034E-04   4.80716824E-04   5.94019081E-04
       305   8.77200700E-05   1.04303858E-04   4.80664712E-04   5.93132267E-04
       306   8.77987545E-05   1.04479136E-04   4.80674493E-04   5.92967361E-04
       307   8.73007125E-05   1.04423221E-04   4.80687377E-04   5.92772412E-04
       308   8.72025477E-05   1.04429890E-04   4.80659430E-04   5.92650203E-04
       309   8.72092071E-05   1.04170021E-04   4.80609104E-04   5.91523096E-04
       310   8.70853155E-05   1.04222894E-04   4.80656303E-04   5.91709837E-04
       311   8.64487973E-05   1.04544535E-04   4.80792984E-04   5.93091756E-04
       312   8.68810066E-05   1.04157023E-04   4.80720894E-04   5.91932833E-04
       313   8.69446000E-05   1.04154751E-04   4.80719952E-04   5.91545468E-04
       314   8.77356955E-05   1.03729669E-04   4.80691724E-04   5.90653691E-04
       315   8.76861090E-05   1.03366754E-04   4.80674049E-04   5.90616378E-04
       316   8.76846717E-05   1.03286088E-04   4.80675817E-04   5.90383720E-04
       317   8.74749805E-05   1.03115459E-04   4.80647947E-04   5.90816804E-04
       318   8.74622127E-05   1.02907970E-04   4.80666633E-04   5.90516703E-04
       319   8.74870462E-05   1.02819622E-04   4.80661015E-04   5.90443991E-04
       320   8.74823784E-05   1.02870986E-04   4.80631423E-04   5.90191933E-04
       321   8.72741293E-05   1.02970587E-04   4.80668691E-04   5.90998558E-04
       322   8.72747640E-05   1.03034843E-04   4.80670282E-04   5.90852464E-04
       323   8.73071745E-05   1.02918004E-04   4.80637710E-04   5.89949908E-04
       324   8.72599601E-05   1.02993547E-04   4.80594473E-04   5.90978135E-04
       325   8.73339454E-05   1.02998720E-04   4.80562673E-04   5.90216034E-04
       326   8.75573203E-05   1.03164393E-04   4.80513246E-04   5.90636785E-04
       327   8.75931249E-05   1.03090259E-04   4.80465042E-04   5.90030631E-04
       328   8.75956624E-05   1.03140677E-04   4.80465031E-04   5.89856396E-04
       329   8.76440431E-05   1.02853730E-04   4.80469166E-04   5.89560046E-04
       330   8.76986390E-05   1.03015920E-04   4.80516501E-04   5.90809597E-04
       331   8.77037588E-05   1.02811080E-04   4.80473651E-04   5.91330099E-04
       332   8.78366044E-05   1.02824563E-04   4.80460713E-04   5.90740775E-04
       333   8.75590913E-05   1.03008806E-04   4.80419075E-04   5.90710106E-04
       334   8.75065226E-05   1.03121429E-04   4.80395168E-04   5.90380983E-04
       335   8.74628839E-05   1.03017424E-04   4.80380718E-04   5.90405302E-04
       336   8.74886332E-05   1.02914452E-04   4.80378865E-04   5.90385499E-04
       337   8.74777814E-05   1.02853697E-04   4.80354770E-04   5.90353279E-04
       338   8.75275614E-05   1.02988500E-04   4.80388627E-04   5.90270414E-04
       339   8.76961613E-05   1.03212647E-04   4.80383108E-04   5.89967900E-04
       340   8.80911279E-05   1.03171912E-04   4.80380335E-04   5.87845043E-04
       341   8.80350269E-05   1.03128066E-04   4.80352795E-04   5.87022594E-04
       342   8.80768218E-05   1.03015289E-04   4.80447743E-04   5.86814965E-04
       343   8.81069857E-05   1.02988457E-04   4.80406959E-04   5.85900465E-04
       344   8.81751139E-05   1.02985993E-04   4.80383963E-04   5.86430252E-04
       345   8.81010528E-05   1.03367696E-04   4.80357131E-04   5.86878173E-04
       346   8.81249239E-05   1.03413488E-04   4.80290265E-04   5.87087969E-04
       347   8.81342709E-05   1.03630414E-04   4.80288960E-04   5.87558168E-04
       348   8.80760218E-05   1.03593421E-04   4.80294321E-04   5.86939226E-04
       349   8.81082855E-05   1.03504123E-04   4.80261082E-04   5.86748222E-04
       350   8.81296421E-05   1.03335860E-04   4.80196915E-04   5.86465550E-04
       351   8.81013639E-05   1.02967317E-04   4.80155666E-04   5.85161849E-04
       352   8.86248030E-05   1.02603792E-04   4.80113951E-04   5.84703418E-04
       353   8.85439105E-05   1.02289155E-04   4.80093622E-04   5.83965027E-04
       354   8.85116049E-05   1.02455371E-04   4.80064801E-04   5.84524183E-04
       355   8.85846110E-05   1.02649712E-04   4.80081110E-04   5.84198659E-04
       356   8.85644868E-05   1.02611927E-04   4.80131107E-04   5.84681429E-04
       357   8.84007220E-05   1.02733759E-04   4.80068628E-04   5.84651846E-04
       358   8.84876433E-05   1.02580361E-04   4.80042094E-04   5.83943635E-04
       359   8.84351619E-05   1.02606855E-04   4.80061034E-04   5.83488639E-04
       360   8.84752069E-05   1.02353834E-04   4.80024523E-04   5.82999370E-04
       361   8.85932255E-05   1.02210959E-04   4.80075981E-04   5.83080477E-04
       362   8.85454423E-05   1.02100058E-04   4.80039313E-04   5.82789616E-04
       363   8.84834994E-05   1.02149180E-04   4.80044366E-04   5.83173636E-04
       364   8.84920008E-05   1.02132637E-04   4.80053229E-04   5.83338204E-04
       365   8.85169597E-05   1.01891010E-04   4.80038876E-04   5.84319478E-04
       366   8.83471816E-05   1.01859770E-04   4.80013578E-04   5.83895487E-04
       367   8.80868220E-05   1.01802441E-04   4.80004253E-04   5.83293522E-04
       368   8.81180962E-05   1.01892807E-04   4.79987521E-04   5.83546702E-04
       369   8.81401809E-05   1.01864275E-04   4.79929443E-04   5.83483416E-04
       370   8.81343290E-05   1.01698140E-04   4.79921907E-04   5.83465647E-04
       371   8.81049402E-05   1.01771216E-04   4.79925345E-04   5.84043607E-04
       372   8.81425330E-05   1.01828631E-04   4.79951503E-04   5.84450366E-04
       373   8.81623418E-05   1.01878148E-04   4.79961763E-04   5.83983645E-04
       374   8.81197265E-05   1.01591430E-04   4.79945925E-04   5.83196253E-04
       375   8.81842443E-05   1.01431124E-04   4.79912090E-04   5.82822152E-04
       376   8.82858991E-05   1.01495236E-04   4.79888021E-04   5.82504085E-04
       377   8.83618314E-05   1.01510563E-04   4.79890604E-04   5.82651723E-04
       378   8.84891804E-05   1.01425027E-04   4.79845864E-04   5.81867209E-04
       379   8.84516330E-05   1.01420075E-04   4.79831699E-04   5.82015328E-04
       380   8.83774245E-05   1.01364249E-04   4.79813309E-04   5.81782612E-04
       381   8.82635043E-05   1.01215546E-04   4.79794370E-04   5.81488894E-04
       382   8.84382504E-05   1.01159821E-04   4.79740119E-04   5.81520528E-04
       383   8.85501230E-05   1.01126073E-04   4.79730498E-04   5.81399208E-04
       384   8.78117532E-05   1.01619088E-04   4.79834118E-04   5.83012267E-04
       385   8.77712489E-05   1.01563657E-04   4.79843189E-04   5.82433937E-04
       386   8.78391829E-05   1.01613912E-04   4.79870582E-04   5.82182223E-04
       387   8.76739460E-05   1.01712316E-04   4.79895869E-04   5.82071673E-04
       388   8.80439936E-05   1.01326651E-04   4.79766518E-04   5.81191389E-04
       389   8.82693993E-05   1.01074671E-04   4.79764592E-04   5.81530775E-04
       390   8.76199528E-05   1.01243525E-04   4.79784744E-04   5.82168187E-04
       391   8.76198627E-05   1.01337767E-04   4.79767039E-04   5.81796021E-04
       392   8.75641799E-05   1.01183209E-04   4.79764903E-04   5.81207373E-04
       393   8.76627703E-05   1.01193247E-04   4.79746378E-04   5.80497926E-04
       394   8.81225306E-05   1.01082960E-04   4.79667419E-04   5.80119443E-04
       395   8.80847166E-05   1.01006911E-04   4.79636906E-04   5.80293523E-04
       396   8.80558770E-05   1.01209977E-04   4.79666554E-04   5.80946062E-04
       397   8.78179373E-05   1.01289905E-04   4.79688538E-04   5.80802331E-04
       398   8.77562811E-05   1.01185503E-04   4.79662724E-04   5.80586231E-04
       399   8.73560429E-05   1.01335473E-04   4.79665683E-04   5.80663128E-04
       400   8.73227069E-05   1.01247577E-04   4.79674378E-04   5.80904501E-04
       401   8.72700778E-05   1.01218469E-04   4.79688997E-04   5.81002668E-04
       402   8.72709288E-05   1.00703919E-04   4.79680698E-04   5.79149337E-04
       403   8.72955929E-05   1.00794401E-04   4.79638238E-04   5.78804918E-04
       404   8.72998504E-05   1.00898321E-04   4.79600126E-04   5.79079159E-04
       405   8.74913208E-05   1.00925393E-04   4.79610896E-04   5.78527542E-04
       406   8.75204819E-05   1.01102730E-04   4.79647544E-04   5.79780218E-04
       407   8.74957906E-05   1.01152191E-04   4.79643361E-04   5.79551652E-04
       408   8.73947915E-05   1.01077705E-04   4.79635321E-04   5.79528625E-04
       409   8.72700281E-05   1.00989002E-04   4.79577911E-04   5.79690925E-04
       410   8.71611995E-05   1.00903791E-04   4.79572845E-04   5.79733581E-04
       411   8.69100262E-05   1.01007154E-04   4.79597628E-04   5.80029068E-04
       412   8.71142355E-05   1.01130976E-04   4.79592783E-04   5.79971692E-04
       413   8.70297809E-05   1.01051621E-04   4.79598236E-04   5.79463385E-04
       414   8.71854277E-05   1.00953421E-04   4.79561324E-04   5.79330038E-04
       415   8.73907024E-05   1.00878700E-04   4.79579155E-04   5.79346619E-04
       416   8.73690925E-05   1.00851887E-04   4.79624375E-04   5.79431015E-04
       417   8.75454715E-05   1.01065586E-04   4.79568367E-04   5.79617453E-04
       418   8.74648908E-05   1.00823355E-04   4.79577876E-04   5.79619064E-04
       419   8.74335463E-05   1.00815239E-04   4.79561659E-04   5.79411383E-04
       420   8.74542149E-05   1.00756597E-04   4.79557552E-04   5.79552974E-04
       421   8.75015648E-05   1.00673548E-04   4.79547917E-04   5.79027296E-04
       422   8.74951766E-05   1.00697197E-04   4.79535982E-04   5.78935864E-04
       423   8.75303829E-05   1.00583426E-04   4.79515553E-04   5.79193133E-04
       424   8.75196380E-05   1.00513280E-04   4.79507134E-04   5.79109190E-04
       425   8.74737210E-05   1.00387675E-04   4.79517198E-04   5.79377937E-04
       426   8.74230348E-05   1.00063840E-04   4.79515031E-04   5.78707881E-04
       427   8.74126614E-05   9.98544630E-05   4.79511002E-04   5.78723565E-04
       428   8.74155364E-05   9.98803083E-05   4.79538357E-04   5.79316085E-04
       429   8.74644974E-05   9.98355013E-05   4.79570945E-04   5.79335849E-04
       430   8.74683615E-05   9.98979078E-05   4.79578215E-04   5.79413309E-04
       431   8.74037905E-05   9.98396262E-05   4.79635755E-04   5.79318974E-04
       432   8.73501639E-05   9.97850947E-05   4.79639633E-04   5.79368279E-04
       433   8.72835470E-05   9.97380127E-05   4.79666719E-04   5.79746855E-04
       434   8.71897534E-05   9.97598235E-05   4.79683124E-04   5.80148929E-04
       435   8.72960907E-05   9.95779846E-05   4.79672600E-04   5.80399602E-04
       436   8.74891916E-05   9.96421292E-05   4.79660548E-04   5.80748163E-04
       437   8.73190693E-05   9.97529393E-05   4.79649401E-04   5.80941451E-04
       438   8.72353795E-05   9.95831243E-05   4.79648751E-04   5.81091694E-04
       439   8.72584064E-05   9.95743526E-05   4.79655946E-04   5.81063110E-04
       440   8.69432155E-05   9.97465213E-05   4.79692993E-04   5.81809351E-04
       441   8.64421096E-05   9.98702804E-05   4.79825566E-04   5.82396728E-04
       442   8.63240322E-05   9.99676370E-05   4.79843013E-04   5.82410311E-04
       443   8.63146446E-05   9.99535734E-05   4.79778080E-04   5.82559147E-04
       444   8.63009382E-05   9.97585272E-05   4.79791840E-04   5.82508953E-04
       445   8.62861659E-05   9.97898841E-05   4.79827203E-04   5.82827054E-04
       446   8.63819401E-05   9.97854797E-05   4.79819746E-04   5.82821610E-04
       447   8.61649626E-05   9.99338746E-05   4.79907512E-04   5.82718387E-04
       448   8.59503307E-05   1.00064305E-04   4.79949133E-04   5.83064047E-04
       449   8.58416703E-05   9.99646364E-05   4.79985282E-04   5.82691486E-04
       450   8.59848805E-05   1.00257685E-04   4.79980684E-04   5.82770525E-04
       451   8.60372627E-05   1.00184098E-04   4.79971750E-04   5.82683391E-04
       452   8.59587998E-05   1.00037760E-04   4.79975302E-04   5.83028794E-04
       453   8.58525987E-05   1.00141216E-04   4.80015908E-04   5.84005792E-04
       454   8.59488662E-05   1.00005117E-04   4.80005825E-04   5.83440514E-04
       455   8.59512912E-05   9.99277422E-05   4.79974228E-04   5.83055846E-04
       456   8.60490681E-05   9.97186358E-05   4.79972985E-04   5.82262872E-04
       457   8.60831258E-05   9.98576119E-05   4.80030617E-04   5.82108189E-04
       458   8.60923499E-05   9.99808345E-05   4.80010057E-04   5.82304568E-04
       459   8.60305181E-05   9.99111422E-05   4.80018938E-04   5.82159088E-04
       460   8.61995731E-05   9.99926660E-05   4.79968152E-04   5.83064053E-04
       461   8.60850415E-05   9.99968378E-05   4.79952055E-04   5.83161973E-04
       462   8.61404986E-05   1.00010191E-04   4.80003171E-04   5.83350609E-04
       463   8.60664456E-05   1.00110073E-04   4.79975953E-04   5.83445963E-04
       464   8.60849996E-05   1.00111275E-04   4.79957829E-04   5.83217606E-04
       465   8.60388857E-05   1.00179694E-04   4.79949843E-04   5.83271084E-04
       466   8.60087597E-05   1.00226128E-04   4.79964717E-04   5.83930718E-04
       467   8.60315533E-05   1.00228162E-04   4.79965906E-04   5.84047823E-04
       468   8.58191020E-05   1.00311899E-04   4.80042043E-04   5.84719319E-04
       469   8.57677955E-05   1.00402778E-04   4.80012179E-04   5.84349423E-04
       470   8.60366298E-05   1.00243263E-04   4.79957150E-04   5.83072650E-04
       471   8.59344133E-05   1.00008073E-04   4.79962153E-04   5.83216071E-04
       472   8.58889978E-05   9.99011244E-05   4.79922560E-04   5.82730908E-04
       473   8.61085266E-05   9.96714755E-05   4.79840541E-04   5.81987112E-04
       474   8.60469729E-05   9.97456059E-05   4.79847143E-04   5.81930918E-04
       475   8.59852403E-05   9.99025502E-05   4.79806252E-04   5.83159442E-04
       476   8.59446065E-05   9.98019273E-05   4.79826061E-04   5.82786317E-04
       477   8.61844924E-05   9.97924142E-05   4.79840209E-04   5.82975954E-04
       478   8.62022056E-05   9.98443339E-05   4.79819603E-04   5.83123853E-04
       479   8.62513663E-05   9.96442666E-05   4.79811516E-04   5.82349440E-04
       480   8.60382616E-05   9.96389021E-05   4.79839569E-04   5.82621585E-04
       481   8.60705577E-05   9.97135412E-05   4.79819877E-04   5.82953130E-04
       482   8.61210231E-05   9.96393175E-05   4.79811857E-04   5.83197672E-04
       483   8.61040558E-05   9.94917633E-05   4.79793757E-04   5.82993751E-04
       484   8.60343954E-05   9.99120050E-05   4.79844565E-04   5.83586838E-04
       485   8.60502548E-05   9.98948913E-05   4.79835472E-04   5.83625863E-04
       486   8.63698712E-05   9.99007798E-05   4.79705333E-04   5.84474601E-04
       487   8.64249614E-05   9.97443846E-05   4.79710535E-04   5.84161329E-04
       488   8.64599071E-05   9.96748380E-05   4.79689531E-04   5.83761815E-04
       489   8.65208991E-05   9.96893722E-05   4.79701995E-04   5.84281734E-04
       490   8.64693096E-05   9.96333762E-05   4.79712974E-04   5.85091513E-04
       491   8.64988403E-05   9.94561709E-05   4.79708664E-04   5.84169316E-04
       492   8.62718536E-05   9.92941291E-05   4.79723099E-04   5.83573952E-04
       493   8.64044050E-05   9.93781633E-05   4.79717508E-04   5.83695987E-04
       494   8.63674058E-05   9.93647178E-05   4.79715431E-04   5.83723343E-04
       495   8.65334245E-05   9.92644824E-05   4.79646704E-04   5.82947772E-04
       496   8.65471950E-05   9.91831549E-05   4.79631055E-04   5.83062516E-04
       497   8.65111385E-05   9.91602445E-05   4.79628146E-04   5.82913996E-04
       498   8.65732016E-05   9.92832637E-05   4.79595205E-04   5.82390838E-04
       499   8.66070602E-05   9.92181199E-05   4.79614496E-04   5.81985656E-04
       500   8.65785550E-05   9.91460272E-05   4.79608038E-04   5.82070164E-04
       501   8.66021663E-05   9.89328968E-05   4.79599142E-04   5.81975182E-04
       502   8.65629009E-05   9.87637477E-05   4.79593982E-04   5.82310499E-04
       503   8.65653039E-05   9.87746300E-05   4.79589203E-04   5.82245521E-04
       504   8.65818267E-05   9.87698875E-05   4.79579433E-04   5.82046877E-04
       505   8.68024713E-05   9.87409865E-05   4.79542939E-04   5.82060414E-04
       506   8.67254431E-05   9.87584383E-05   4.79556893E-04   5.81733361E-04
       507   8.66892735E-05   9.87241470E-05   4.79532367E-04   5.81687139E-04
       508   8.66249410E-05   9.85512954E-05   4.79536202E-04   5.81075412E-04
       509   8.65620828E-05   9.86159485E-05   4.79556784E-04   5.81317942E-04
       510   8.65178197E-05   9.84828661E-05   4.79539604E-04   5.80885569E-04
       511   8.65280999E-05   9.87774854E-05   4.79592509E-04   5.81603261E-04
       512   8.66766084E-05   9.88080527E-05   4.79566372E-04   5.81703394E-04
       513   8.66506395E-05   9.86582668E-05   4.79525300E-04   5.80841061E-04
       514   8.64011237E-05   9.87692584E-05   4.79574009E-04   5.81122795E-04
       515   8.63311846E-05   9.87102684E-05   4.79579912E-04   5.81079387E-04
       516   8.62658813E-05   9.86415246E-05   4.79576338E-04   5.80952862E-04
       517   8.62319531E-05   9.86006751E-05   4.79581761E-04   5.80964569E-04
       518   8.61971237E-05   9.84248408E-05   4.79595319E-04   5.81043543E-04
       519   8.61608123E-05   9.82867476E-05   4.79576799E-04   5.80672861E-04
       520   8.61551796E-05   9.82222261E-05   4.79574435E-04   5.80711661E-04
       521   8.61701589E-05   9.82038892E-05   4.79572079E-04   5.80559434E-04
       522   8.60267033E-05   9.80674182E-05   4.79588141E-04   5.80224781E-04
       523   8.61650648E-05   9.81366077E-05   4.79626034E-04   5.80461723E-04
       524   8.60799594E-05   9.79845020E-05   4.79610156E-04   5.80327226E-04
       525   8.60418222E-05   9.78627840E-05   4.79591636E-04   5.80599523E-04
       526   8.60556269E-05   9.78300198E-05   4.79582239E-04   5.80030563E-04
       527   8.58319267E-05   9.78689963E-05   4.79670132E-04   5.80303987E-04
       528   8.57195019E-05   9.76916553E-05   4.79682303E-04   5.79993966E-04
       529   8.57422794E-05   9.77303102E-05   4.79678985E-04   5.80168319E-04
       530   8.57296066E-05   9.76086867E-05   4.79672775E-04   5.80127883E-04
       531   8.57012397E-05   9.76344929E-05   4.79661349E-04   5.80250766E-04
       532   8.55486482E-05   9.75302832E-05   4.79642331E-04   5.80586943E-04
       533   8.55108450E-05   9.74937329E-05   4.79633957E-04   5.80511387E-04
       534   8.51663887E-05   9.76960772E-05   4.79789084E-04   5.80592622E-04
       535   8.52790111E-05   9.76526460E-05   4.79757635E-04   5.80997627E-04
       536   8.52065609E-05   9.75687158E-05   4.79777056E-04   5.80477019E-04
       537   8.52229033E-05   9.75805560E-05   4.79796741E-04   5.80314787E-04
       538   8.53300754E-05   9.76485125E-05   4.79820239E-04   5.80340712E-04
       539   8.53298573E-05   9.76685336E-05   4.79799655E-04   5.80216293E-04
       540   8.52834252E-05   9.75771510E-05   4.79783126E-04   5.79957936E-04
       541   8.52521683E-05   9.75913340E-05   4.79765985E-04   5.80417656E-04
       542   8.52640720E-05   9.76132479E-05   4.79747573E-04   5.80451740E-04
       543   8.52947929E-05   9.75325731E-05   4.79726825E-04   5.80219478E-04
       544   8.54739242E-05   9.73712246E-05   4.79681832E-04   5.80285008E-04
       545   8.54222116E-05   9.72907811E-05   4.79677588E-04   5.80195001E-04
       546   8.54205577E-05   9.72412181E-05   4.79703938E-04   5.79880432E-04
       547   8.53876206E-05   9.72304175E-05   4.79689986E-04   5.79949015E-04
       548   8.54186680E-05   9.73199847E-05   4.79686165E-04   5.80061921E-04
       549   8.51947499E-05   9.71694449E-05   4.79730501E-04   5.79871871E-04
       550   8.54406100E-05   9.71578553E-05   4.79687885E-04   5.79842349E-04
       551   8.57025671E-05   9.70663097E-05   4.79499052E-04   5.79529982E-04
       552   8.58046604E-05   9.70092703E-05   4.79413874E-04   5.79846501E-04
       553   8.57640133E-05   9.70354551E-05   4.79455559E-04   5.79760669E-04
       554   8.55975567E-05   9.70411208E-05   4.79451169E-04   5.79567688E-04
       555   8.55708044E-05   9.70723860E-05   4.79469887E-04   5.79438760E-04
       556   8.55418279E-05   9.70784623E-05   4.79465936E-04   5.79533291E-04
       557   8.55729867E-05   9.70731948E-05   4.79479019E-04   5.79033146E-04
       558   8.57642605E-05   9.70804811E-05   4.79393071E-04   5.79169742E-04
       559   8.56840720E-05   9.69825196E-05   4.79376790E-04   5.79065615E-04
       560   8.56533250E-05   9.68511408E-05   4.79393529E-04   5.78806644E-04
       561   8.55943285E-05   9.66449773E-05   4.79409929E-04   5.78417350E-04
       562   8.53915128E-05   9.67219537E-05   4.79441789E-04   5.78234655E-04
       563   8.53414920E-05   9.67644394E-05   4.79480756E-04   5.78952891E-04
       564   8.54825834E-05   9.67179151E-05   4.79409114E-04   5.78830628E-04
       565   8.55950877E-05   9.67449799E-05   4.79421638E-04   5.79072726E-04
       566   8.55603871E-05   9.66788839E-05   4.79451032E-04   5.78864407E-04
       567   8.55813712E-05   9.66667401E-05   4.79426115E-04   5.78990285E-04
       568   8.56482684E-05   9.65974816E-05   4.79410278E-04   5.78682878E-04
       569   8.56519769E-05   9.66123187E-05   4.79461811E-04   5.79362588E-04
       570   8.56725127E-05   9.65287049E-05   4.79450526E-04   5.79139032E-04
       571   8.57157978E-05   9.65953923E-05   4.79411495E-04   5.79005235E-04
       572   8.57943183E-05   9.67937952E-05   4.79380325E-04   5.80327557E-04
       573   8.58135602E-05   9.68435407E-05   4.79372999E-04   5.80515812E-04
       574   8.55988679E-05   9.68726669E-05   4.79405537E-04   5.80701785E-04
       575   8.55804836E-05   9.67725894E-05   4.79381954E-04   5.80282172E-04
       576   8.55712958E-05   9.68629449E-05   4.79356198E-04   5.81916777E-04
       577   8.60878075E-05   9.67982369E-05   4.79216466E-04   5.82458846E-04
       578   8.58610168E-05   9.66625443E-05   4.79198337E-04   5.82445980E-04
       579   8.60378898E-05   9.65099415E-05   4.79179360E-04   5.82287013E-04
       580   8.63529865E-05   9.64206400E-05   4.79087759E-04   5.83077940E-04
       581   8.63704494E-05   9.63192953E-05   4.79091634E-04   5.82668765E-04
       582   8.63797819E-05   9.61411960E-05   4.79055228E-04   5.82596122E-04
       583   8.63821915E-05   9.61333178E-05   4.79051369E-04   5.82675094E-04
       584   8.64139810E-05   9.60594650E-05   4.79033186E-04   5.82416795E-04
       585   8.63689707E-05   9.59415809E-05   4.79031063E-04   5.82321922E-04
       586   8.67282293E-05   9.58335499E-05   4.78965974E-04   5.82145140E-04
       587   8.67077176E-05   9.57428556E-05   4.78967590E-04   5.81747441E-04
       588   8.67503636E-05   9.57808414E-05   4.78993724E-04   5.82182978E-04
       589   8.67278554E-05   9.57941489E-05   4.78999893E-04   5.81887622E-04
       590   8.66944735E-05   9.58953788E-05   4.78936607E-04   5.82741743E-04
       591   8.67488173E-05   9.58744856E-05   4.78938166E-04   5.82689318E-04
       592   8.67343679E-05   9.58549010E-05   4.78938431E-04   5.82455942E-04
       593   8.67750579E-05   9.58668368E-05   4.78955233E-04   5.82565271E-04
       594   8.68319460E-05   9.58188437E-05   4.78950639E-04   5.82473972E-04
       595   8.67878912E-05   9.56751429E-05   4.78959616E-04   5.82598005E-04
       596   8.67482597E-05   9.56514818E-05   4.78988777E-04   5.82802836E-04
       597   8.67363632E-05   9.56756532E-05   4.78966041E-04   5.83086762E-04
       598   8.68269993E-05   9.57937168E-05   4.78963050E-04   5.83342299E-04
       599   8.68322855E-05   9.57716528E-05   4.78967116E-04   5.83476455E-04
       600   8.69972231E-05   9.55795240E-05   4.78939668E-04   5.83330120E-04
       601   8.69763452E-05   9.55208601E-05   4.78948185E-04   5.83189386E-04
       602   8.70207094E-05   9.56435466E-05   4.78977522E-04   5.82882898E-04
       603   8.69754054E-05   9.55788793E-05   4.78996788E-04   5.82417698E-04
       604   8.69524129E-05   9.55758103E-05   4.78979792E-04   5.82314578E-04
       605   8.68774321E-05   9.58309749E-05   4.78945114E-04   5.82524824E-04
       606   8.68440576E-05   9.58068949E-05   4.78927870E-04   5.82343579E-04
       607   8.68448550E-05   9.57084113E-05   4.78905729E-04   5.82365101E-04
       608   8.70430504E-05   9.55419591E-05   4.78897080E-04   5.82806759E-04
       609   8.68581271E-05   9.57150135E-05   4.78895049E-04   5.82469157E-04
       610   8.68682067E-05   9.56536726E-05   4.78895318E-04   5.82608169E-04
       611   8.69985999E-05   9.56722638E-05   4.78868901E-04   5.82625689E-04
       612   8.69634065E-05   9.56402282E-05   4.78849491E-04   5.82986695E-04
       613   8.67668479E-05   9.56526824E-05   4.78823707E-04   5.82920165E-04
       614   8.67433949E-05   9.56503697E-05   4.78840491E-04   5.82976648E-04
       615   8.67127182E-05   9.58332799E-05   4.78838406E-04   5.83296815E-04
       616   8.68920929E-05   9.57852964E-05   4.78821170E-04   5.82754346E-04
       617   8.68384926E-05   9.56894187E-05   4.78823037E-04   5.82525086E-04
       618   8.68479875E-05   9.57177283E-05   4.78830515E-04   5.82501081E-04
       619   8.66522777E-05   9.55825865E-05   4.78796016E-04   5.82364494E-04
       620   8.66357344E-05   9.55882132E-05   4.78822853E-04   5.82667650E-04
       621   8.64872904E-05   9.55233688E-05   4.78814886E-04   5.83021889E-04
       622   8.65117919E-05   9.55484228E-05   4.78806254E-04   5.83251561E-04
       623   8.65122009E-05   9.55520734E-05   4.78796988E-04   5.83173795E-04
       624   8.65409940E-05   9.56959630E-05   4.78796292E-04   5.83204304E-04
       625   8.65590014E-05   9.57485045E-05   4.78814579E-04   5.82771021E-04
       626   8.65374916E-05   9.57104022E-05   4.78822507E-04   5.82311646E-04
       627   8.65439301E-05   9.57208615E-05   4.78821010E-04   5.82343939E-04
       628   8.66120851E-05   9.57555474E-05   4.78855127E-04   5.82321333E-04
       629   8.64405006E-05   9.58669835E-05   4.78850342E-04   5.82591894E-04
       630   8.63637447E-05   9.57713453E-05   4.78831750E-04   5.82270148E-04
       631   8.63566755E-05   9.56069590E-05   4.78820495E-04   5.82592854E-04
       632   8.63714278E-05   9.56569398E-05   4.78793621E-04   5.82023992E-04
       633   8.63843926E-05   9.55782845E-05   4.78808110E-04   5.82194875E-04
       634   8.59644469E-05   9.56312581E-05   4.78860467E-04   5.82556609E-04
       635   8.59478144E-05   9.57181692E-05   4.78863443E-04   5.83186402E-04
       636   8.55948707E-05   9.57904904E-05   4.78905723E-04   5.83428924E-04
       637   8.55300904E-05   9.57311618E-05   4.78918495E-04   5.83649097E-04
       638   8.54692862E-05   9.56826712E-05   4.78941994E-04   5.83821664E-04
       639   8.54580616E-05   9.56664923E-05   4.78949964E-04   5.83069381E-04
       640   8.53933021E-05   9.55335812E-05   4.78957439E-04   5.82640923E-04
       641   8.54465545E-05   9.56043140E-05   4.78943952E-04   5.82409015E-04
       642   8.53839959E-05   9.55314934E-05   4.78967180E-04   5.82539768E-04
       643   8.54807772E-05   9.55537034E-05   4.78955072E-04   5.82641295E-04
       644   8.55073239E-05   9.54154118E-05   4.78959109E-04   5.82034962E-04
       645   8.54952989E-05   9.54105787E-05   4.78972544E-04   5.81616622E-04
       646   8.54527254E-05   9.52945069E-05   4.78982771E-04   5.81374289E-04
       647   8.51487941E-05   9.51606860E-05   4.78974053E-04   5.81362330E-04
       648   8.49492752E-05   9.50488338E-05   4.78984523E-04   5.80970250E-04
       649   8.49102106E-05   9.50970997E-05   4.78960176E-04   5.81151289E-04
       650   8.48607710E-05   9.50540619E-05   4.78979509E-04   5.81437715E-04
       651   8.48111418E-05   9.50081450E-05   4.78956821E-04   5.81418046E-04
       652   8.47639678E-05   9.49772203E-05   4.78948067E-04   5.81396667E-04
       653   8.47648642E-05   9.49023542E-05   4.78982563E-04   5.81087800E-04
       654   8.46643010E-05   9.49364870E-05   4.78981410E-04   5.80810610E-04
       655   8.45795598E-05   9.48320010E-05   4.78989028E-04   5.79910726E-04
       656   8.47930978E-05   9.45780693E-05   4.79010777E-04   5.79821820E-04
       657   8.47494279E-05   9.45170536E-05   4.78999156E-04   5.79887275E-04
       658   8.44527026E-05   9.45609863E-05   4.79042775E-04   5.79887707E-04
       659   8.44229356E-05   9.45422025E-05   4.79042198E-04   5.80592359E-04
       660   8.41988805E-05   9.45729029E-05   4.79122951E-04   5.80290804E-04
       661   8.41862828E-05   9.45199440E-05   4.79086205E-04   5.80649782E-04
       662   8.41966526E-05   9.46045678E-05   4.79077339E-04   5.81229657E-04
       663   8.41700796E-05   9.46836956E-05   4.79089996E-04   5.81211047E-04
       664   8.42000842E-05   9.46625657E-05   4.79061040E-04   5.81553672E-04
       665   8.42302941E-05   9.46928867E-05   4.79086477E-04   5.81669122E-04
       666   8.42401861E-05   9.47711121E-05   4.79086650E-04   5.81607337E-04
       667   8.42514392E-05   9.46584304E-05   4.79088522E-04   5.81389761E-04
       668   8.43630899E-05   9.47568638E-05   4.79121051E-04   5.80981184E-04
       669   8.43823903E-05   9.49378551E-05   4.79100483E-04   5.80620841E-04
       670   8.43167530E-05   9.49205121E-05   4.79079072E-04   5.81591537E-04
       671   8.42193293E-05   9.50102312E-05   4.79171501E-04   5.82372918E-04
       672   8.42076071E-05   9.49940066E-05   4.79177984E-04   5.82103684E-04
       673   8.41227030E-05   9.49772868E-05   4.79233098E-04   5.81360869E-04
       674   8.40523932E-05   9.49602034E-05   4.79225802E-04   5.81352801E-04
       675   8.39720518E-05   9.49562564E-05   4.79224300E-04   5.81729144E-04
       676   8.39721996E-05   9.49362013E-05   4.79263533E-04   5.80727287E-04
       677   8.40097810E-05   9.49148627E-05   4.79276676E-04   5.80676309E-04
       678   8.39646217E-05   9.49009245E-05   4.79223921E-04   5.81688284E-04
       679   8.39025824E-05   9.49023636E-05   4.79210272E-04   5.82031681E-04
       680   8.38912875E-05   9.48955462E-05   4.79183985E-04   5.81840685E-04
       681   8.38675968E-05   9.48475053E-05   4.79201114E-04   5.81695465E-04
       682   8.38668052E-05   9.48250859E-05   4.79171715E-04   5.81418345E-04
       683   8.38876930E-05   9.47520069E-05   4.79179398E-04   5.81041899E-04
       684   8.38358393E-05   9.45662106E-05   4.79176084E-04   5.80299209E-04
       685   8.38474162E-05   9.46259584E-05   4.79169169E-04   5.79874369E-04
       686   8.37723539E-05   9.46801187E-05   4.79148156E-04   5.80348040E-04
       687   8.37175803E-05   9.47017856E-05   4.79194506E-04   5.79556219E-04
       688   8.37558273E-05   9.47662950E-05   4.79173359E-04   5.79446339E-04
       689   8.37149173E-05   9.47595677E-05   4.79172252E-04   5.79804903E-04
       690   8.37386285E-05   9.47519338E-05   4.79158382E-04   5.79414561E-04
       691   8.36722143E-05   9.46727047E-05   4.79190718E-04   5.79219766E-04
       692   8.36008239E-05   9.46406796E-05   4.79175703E-04   5.79370075E-04
       693   8.37073706E-05   9.47555140E-05   4.79139553E-04   5.79173190E-04
       694   8.36830587E-05   9.47176730E-05   4.79169577E-04   5.78652784E-04
       695   8.36646179E-05   9.47624031E-05   4.79151190E-04   5.78302926E-04
       696   8.35216755E-05   9.47404742E-05   4.79163524E-04   5.78401588E-04
       697   8.34683894E-05   9.46037772E-05   4.79148125E-04   5.78219215E-04
       698   8.35007398E-05   9.44978747E-05   4.79145594E-04   5.77848154E-04
       699   8.34603165E-05   9.44727763E-05   4.79197661E-04   5.77414622E-04
       700   8.34386668E-05   9.45716386E-05   4.79237116E-04   5.77179004E-04
       701   8.35104947E-05   9.46284816E-05   4.79272594E-04   5.77397364E-04
       702   8.33718598E-05   9.44475111E-05   4.79327600E-04   5.77276761E-04
       703   8.33734542E-05   9.44042530E-05   4.79289487E-04   5.77070791E-04
       704   8.34419152E-05   9.45891527E-05   4.79287073E-04   5.77210148E-04
       705   8.34401443E-05   9.44864655E-05   4.79280653E-04   5.76926706E-04
       706   8.34960647E-05   9.46076374E-05   4.79274520E-04   5.76972018E-04
       707   8.34810833E-05   9.44619948E-05   4.79259644E-04   5.77190501E-04
       708   8.34500694E-05   9.44088077E-05   4.79254823E-04   5.77584628E-04
       709   8.34442780E-05   9.44931904E-05   4.79243683E-04   5.77489277E-04
       710   8.34001438E-05   9.43216773E-05   4.79187759E-04   5.77794765E-04
       711   8.34160703E-05   9.43514117E-05   4.79194089E-04   5.77718842E-04
       712   8.33718506E-05   9.43795087E-05   4.79186615E-04   5.78157458E-04
       713   8.32714923E-05   9.42625062E-05   4.79182412E-04   5.78141481E-04
       714   8.31719413E-05   9.43674005E-05   4.79206169E-04   5.78408114E-04
       715   8.31423025E-05   9.43196224E-05   4.79223869E-04   5.79099463E-04
       716   8.31343819E-05   9.43461581E-05   4.79217672E-04   5.79483822E-04
       717   8.32203134E-05   9.41790899E-05   4.79153164E-04   5.80043888E-04
       718   8.31787909E-05   9.43168487E-05   4.79156492E-04   5.79461992E-04
       719   8.32475671E-05   9.44033655E-05   4.79186399E-04   5.79088700E-04
       720   8.32618281E-05   9.44799153E-05   4.79169484E-04   5.79478034E-04
