################################################################################
# Neural network connection values (weights and biases).
################################################################################
# Col  Name       Description
################################################################################
# 1    connection Neural network connection value.
# 2    t          Connection type (a = weight, b = bias).
# 3    index      Index enumerating weights.
# 4    l_s        Starting point layer (end point layer for biases).
# 5    n_s        Starting point neuron in starting layer (end point neuron for biases).
# 6    l_e        End point layer.
# 7    n_e        End point neuron in end layer.
################################################################################
#                      1 2         3     4     5     6     7
#             connection t     index   l_s   n_s   l_e   n_e
############################################################
 -4.5485642127759309E+00 a         1     0     1     1     1
 -3.8287680594538820E+00 a         2     0     1     1     2
 -8.4383035223607337E+00 a         3     0     1     1     3
 -5.6477179207743922E-01 a         4     0     1     1     4
  5.3234591540137890E+00 a         5     0     1     1     5
  3.3127373846438157E+00 a         6     0     1     1     6
 -3.7737986935052827E+00 a         7     0     1     1     7
  7.8872459962614059E+00 a         8     0     1     1     8
 -8.3203082899573335E+00 a         9     0     1     1     9
 -4.3260708744532455E+00 a        10     0     1     1    10
  9.0702131783805306E+00 a        11     0     1     1    11
 -3.5359344989136590E+00 a        12     0     1     1    12
  1.3191792475738623E+01 a        13     0     1     1    13
  3.3801838080124993E+00 a        14     0     1     1    14
 -3.1068594096470203E-01 a        15     0     1     1    15
  4.7608309376257134E+00 a        16     0     1     1    16
  2.0845135871775553E+00 a        17     0     2     1     1
 -4.4350913675916583E+00 a        18     0     2     1     2
 -2.6675132117481524E+00 a        19     0     2     1     3
 -4.3893612194776539E+00 a        20     0     2     1     4
 -1.4281474592222922E+00 a        21     0     2     1     5
  1.2523454359648215E-01 a        22     0     2     1     6
  3.3291029338866225E+00 a        23     0     2     1     7
  1.1137009739335288E+00 a        24     0     2     1     8
  1.0289444062842867E+01 a        25     0     2     1     9
  1.8787963093057096E+00 a        26     0     2     1    10
 -7.4063538187580242E+00 a        27     0     2     1    11
 -4.7866612095765930E+00 a        28     0     2     1    12
  1.9207745311665168E+00 a        29     0     2     1    13
 -7.9677359616368042E+00 a        30     0     2     1    14
  3.5787629709325830E+00 a        31     0     2     1    15
 -1.1755319071663335E+00 a        32     0     2     1    16
 -3.3806441870914918E+00 a        33     0     3     1     1
 -8.9166062639593022E+00 a        34     0     3     1     2
 -6.0642560671076264E+00 a        35     0     3     1     3
  3.8208628349911053E-02 a        36     0     3     1     4
  5.8963431343664610E+00 a        37     0     3     1     5
 -7.2375964298242703E+00 a        38     0     3     1     6
  2.7421649821114635E+00 a        39     0     3     1     7
  7.3617942615720988E+00 a        40     0     3     1     8
  1.8811818480463682E+00 a        41     0     3     1     9
 -5.8088794336958358E+00 a        42     0     3     1    10
 -7.6307108426443779E+00 a        43     0     3     1    11
 -2.2134269034440699E+00 a        44     0     3     1    12
 -1.2189149451653877E+01 a        45     0     3     1    13
  7.3603174730669041E+00 a        46     0     3     1    14
 -3.9067904389308192E+00 a        47     0     3     1    15
 -1.9944363369850162E+00 a        48     0     3     1    16
  3.4372212857947688E+00 a        49     0     4     1     1
  2.1911319995032761E+00 a        50     0     4     1     2
  5.5864171494545172E+00 a        51     0     4     1     3
  2.2979655750173986E+00 a        52     0     4     1     4
 -4.3514047528909225E+00 a        53     0     4     1     5
 -5.6244468541167798E+00 a        54     0     4     1     6
  7.2699257400879591E-01 a        55     0     4     1     7
 -4.3730439047817606E+00 a        56     0     4     1     8
  8.9185447913030789E+00 a        57     0     4     1     9
  4.7067394782931880E+00 a        58     0     4     1    10
 -4.7738304762617778E+00 a        59     0     4     1    11
  2.4666693554369683E+00 a        60     0     4     1    12
 -1.5808282944561775E+01 a        61     0     4     1    13
 -3.9313301079218692E+00 a        62     0     4     1    14
  3.3388240038784350E-01 a        63     0     4     1    15
 -5.5819448005531758E+00 a        64     0     4     1    16
 -1.6850736682524259E+00 a        65     0     5     1     1
  1.2361726237450235E+00 a        66     0     5     1     2
 -1.4896204367007482E+00 a        67     0     5     1     3
  4.9149823038058678E+00 a        68     0     5     1     4
  9.5416493290187603E+00 a        69     0     5     1     5
  2.9187367541891089E+00 a        70     0     5     1     6
 -3.8797723858741615E+00 a        71     0     5     1     7
  4.3392712318667472E+00 a        72     0     5     1     8
 -3.5265092090584935E+00 a        73     0     5     1     9
 -4.5592221145134432E-01 a        74     0     5     1    10
  7.7502498911870665E+00 a        75     0     5     1    11
  7.8854000263433139E+00 a        76     0     5     1    12
 -5.1959760627789979E+00 a        77     0     5     1    13
  1.0205023130259525E+01 a        78     0     5     1    14
 -4.9638480683937427E+00 a        79     0     5     1    15
  5.4272933539853145E+00 a        80     0     5     1    16
 -2.3119127811048054E-01 a        81     0     6     1     1
 -3.4688305155013088E-01 a        82     0     6     1     2
 -6.4265024278281424E-01 a        83     0     6     1     3
 -1.5031928636594654E+00 a        84     0     6     1     4
  1.5952431984319149E+00 a        85     0     6     1     5
  1.4725292471521827E+00 a        86     0     6     1     6
  9.2139757492394581E-01 a        87     0     6     1     7
  1.9197047693720304E-01 a        88     0     6     1     8
 -2.0223757451757112E+00 a        89     0     6     1     9
 -4.6781641237029781E-01 a        90     0     6     1    10
  7.2160732750824264E-01 a        91     0     6     1    11
  9.5614957406737880E-02 a        92     0     6     1    12
  3.5357018365034083E+00 a        93     0     6     1    13
  1.1539964517546373E+00 a        94     0     6     1    14
 -2.3539419672419765E-01 a        95     0     6     1    15
  2.2270744014307122E+00 a        96     0     6     1    16
  1.3743707723486951E+00 a        97     0     7     1     1
  3.9937065579221449E+00 a        98     0     7     1     2
  4.0446353412771705E+00 a        99     0     7     1     3
 -7.1015981020408925E-01 a       100     0     7     1     4
 -1.5712053224632854E+00 a       101     0     7     1     5
  6.9907150060342371E-01 a       102     0     7     1     6
 -1.3871995155014316E+00 a       103     0     7     1     7
 -1.6073250816436355E+00 a       104     0     7     1     8
  1.1724431238273101E+00 a       105     0     7     1     9
  4.0187507816937380E+00 a       106     0     7     1    10
 -3.8945512695111421E-02 a       107     0     7     1    11
  7.9209288121885235E-01 a       108     0     7     1    12
  5.5882133740178936E+00 a       109     0     7     1    13
 -3.2030120794850774E+00 a       110     0     7     1    14
  1.5350062306097576E+00 a       111     0     7     1    15
  9.7762081611021978E-01 a       112     0     7     1    16
 -2.4744648314732887E+00 a       113     0     8     1     1
 -3.0612115998404175E+00 a       114     0     8     1     2
  1.1013553085679686E+00 a       115     0     8     1     3
 -2.4706062000421349E+00 a       116     0     8     1     4
 -9.5766584799909826E-01 a       117     0     8     1     5
 -4.2933317800451825E+00 a       118     0     8     1     6
 -1.2801076539303164E+00 a       119     0     8     1     7
 -2.3153423836842126E+00 a       120     0     8     1     8
 -2.0673082054539891E+00 a       121     0     8     1     9
  1.5819494761842274E+00 a       122     0     8     1    10
 -5.8933450285785796E+00 a       123     0     8     1    11
 -5.4161460200409746E+00 a       124     0     8     1    12
  1.9544364704638237E+00 a       125     0     8     1    13
 -8.2968993240115037E+00 a       126     0     8     1    14
  3.2645006838117047E-01 a       127     0     8     1    15
 -7.9544945670320928E+00 a       128     0     8     1    16
  2.2418718742569428E+01 a       129     0     9     1     1
  1.7173441844058569E+01 a       130     0     9     1     2
  3.3785538544294603E+01 a       131     0     9     1     3
  5.0711309065202395E+00 a       132     0     9     1     4
 -1.2917597525407206E+01 a       133     0     9     1     5
  9.6590037503236257E+00 a       134     0     9     1     6
  9.1713117950395855E+00 a       135     0     9     1     7
  2.0901385708946208E+01 a       136     0     9     1     8
  2.4418494948943250E+00 a       137     0     9     1     9
 -5.5403132807719029E+00 a       138     0     9     1    10
 -3.1104678135695806E+01 a       139     0     9     1    11
  2.3169671212904120E+01 a       140     0     9     1    12
  1.0693523971644668E+01 a       141     0     9     1    13
  1.2719014782446008E+01 a       142     0     9     1    14
 -6.2833666383920725E+00 a       143     0     9     1    15
 -1.2176510204403277E+01 a       144     0     9     1    16
  7.7912392748811570E+00 a       145     0    10     1     1
  4.2589541899699356E+01 a       146     0    10     1     2
  4.7151637395832644E+01 a       147     0    10     1     3
 -6.7569384658972096E+00 a       148     0    10     1     4
 -4.5428147970736880E+01 a       149     0    10     1     5
 -1.3694702229915681E+01 a       150     0    10     1     6
  9.8295689528236565E+00 a       151     0    10     1     7
 -2.6360179431732128E+01 a       152     0    10     1     8
 -1.3828892695207280E+01 a       153     0    10     1     9
 -3.7183622285138668E+01 a       154     0    10     1    10
  3.3775467021012531E+01 a       155     0    10     1    11
 -9.8142969913921512E+00 a       156     0    10     1    12
 -4.5467388634954142E+00 a       157     0    10     1    13
 -8.2233640196455795E+00 a       158     0    10     1    14
  1.5436748279328487E+01 a       159     0    10     1    15
 -1.4654793454276616E+01 a       160     0    10     1    16
  4.5853649430894052E+01 a       161     0    11     1     1
  4.8406110347323938E+00 a       162     0    11     1     2
 -6.8716877761105426E+00 a       163     0    11     1     3
  1.9686409877582502E+01 a       164     0    11     1     4
 -2.3331700031357794E+01 a       165     0    11     1     5
  6.0008477072251289E+01 a       166     0    11     1     6
  1.5267226828062467E+01 a       167     0    11     1     7
  1.3612267264074735E+01 a       168     0    11     1     8
 -3.6525881328064145E+01 a       169     0    11     1     9
 -1.0906799940730828E+01 a       170     0    11     1    10
  3.5073302921451138E+01 a       171     0    11     1    11
 -2.5523458090659037E+01 a       172     0    11     1    12
 -1.0771070624064039E+01 a       173     0    11     1    13
 -4.8065263924066485E+01 a       174     0    11     1    14
 -2.0535156387925260E+00 a       175     0    11     1    15
 -1.2439996341749405E+01 a       176     0    11     1    16
 -6.3947708730826236E+01 a       177     0    12     1     1
  2.7065863137868796E+01 a       178     0    12     1     2
  2.8759221761592574E+01 a       179     0    12     1     3
 -1.2638862652298045E+01 a       180     0    12     1     4
  1.9638243421222001E+01 a       181     0    12     1     5
  4.9476921794565889E+01 a       182     0    12     1     6
 -2.2625754477537491E+01 a       183     0    12     1     7
  1.7551757740029206E+01 a       184     0    12     1     8
  6.4894489675641143E-01 a       185     0    12     1     9
  5.0084549743150255E+00 a       186     0    12     1    10
  1.3182133226575685E+01 a       187     0    12     1    11
  3.3775588495726723E+01 a       188     0    12     1    12
  7.6195810913965374E+01 a       189     0    12     1    13
 -3.9158909772405899E+01 a       190     0    12     1    14
  2.0155403463681729E+01 a       191     0    12     1    15
 -6.1793520890162856E+00 a       192     0    12     1    16
 -9.3767945881069927E+00 a       193     0    13     1     1
  5.0100574315087641E+01 a       194     0    13     1     2
  2.6336463847983723E+01 a       195     0    13     1     3
  9.7635025407036231E+00 a       196     0    13     1     4
 -1.7007907975140917E+01 a       197     0    13     1     5
  8.8558352582428075E+00 a       198     0    13     1     6
  2.5464825194020300E+01 a       199     0    13     1     7
 -1.8076626399673202E+01 a       200     0    13     1     8
  1.2087023262423282E+01 a       201     0    13     1     9
 -2.3103040481268714E+01 a       202     0    13     1    10
  1.0294144742873057E+01 a       203     0    13     1    11
 -8.3306057505096245E+00 a       204     0    13     1    12
 -2.3678762199669368E+01 a       205     0    13     1    13
  1.2559179896625283E+01 a       206     0    13     1    14
  2.7895069487100336E+01 a       207     0    13     1    15
  1.1101914465637455E+01 a       208     0    13     1    16
  1.0104817967331851E+01 a       209     0    14     1     1
 -7.8362086111090763E+00 a       210     0    14     1     2
 -1.1289988756434778E-01 a       211     0    14     1     3
 -5.9255277801508806E+00 a       212     0    14     1     4
 -1.3149398690298383E+01 a       213     0    14     1     5
 -9.8034320335466596E+00 a       214     0    14     1     6
  5.6646795047799570E+00 a       215     0    14     1     7
 -1.4337206089759504E+00 a       216     0    14     1     8
  1.0187275093731149E+01 a       217     0    14     1     9
 -6.6104853424165357E+00 a       218     0    14     1    10
 -1.2533665865968735E-01 a       219     0    14     1    11
 -9.1613073824294453E+00 a       220     0    14     1    12
 -4.3348134363726523E+00 a       221     0    14     1    13
 -8.1905411758958238E+00 a       222     0    14     1    14
  3.3389716086094858E+00 a       223     0    14     1    15
  7.1555579826826776E-01 a       224     0    14     1    16
 -2.2729985155560534E+01 a       225     0    15     1     1
  8.1323201394068448E+01 a       226     0    15     1     2
  4.2064838113267690E+01 a       227     0    15     1     3
 -1.3520889350612968E+01 a       228     0    15     1     4
 -6.3769661397562638E+00 a       229     0    15     1     5
  6.8675701151026843E+01 a       230     0    15     1     6
  5.7525881378603323E+00 a       231     0    15     1     7
 -2.7534190885198453E+00 a       232     0    15     1     8
  2.0263228082962947E+01 a       233     0    15     1     9
  1.0930962115901298E+01 a       234     0    15     1    10
  4.1618311308124035E+01 a       235     0    15     1    11
 -1.9178263388836193E+01 a       236     0    15     1    12
  9.4066730023190999E+01 a       237     0    15     1    13
 -1.7864288746677190E+01 a       238     0    15     1    14
  5.3967034377798804E+01 a       239     0    15     1    15
  5.0636215943507263E+00 a       240     0    15     1    16
 -2.5233430575006860E-01 a       241     0    16     1     1
  5.4463696866380253E+00 a       242     0    16     1     2
  1.8056637340704662E+00 a       243     0    16     1     3
  8.6000483164061903E-01 a       244     0    16     1     4
 -1.4423961280218622E+00 a       245     0    16     1     5
  1.5216725597382039E+00 a       246     0    16     1     6
  4.9247865028974376E+00 a       247     0    16     1     7
  2.3645713250884404E+00 a       248     0    16     1     8
  4.4860749437618423E+00 a       249     0    16     1     9
 -8.2945281325526712E-02 a       250     0    16     1    10
  3.7713698067205876E+00 a       251     0    16     1    11
  1.8560207186687157E+00 a       252     0    16     1    12
 -6.3964762334860525E+00 a       253     0    16     1    13
  2.5138589126708841E+00 a       254     0    16     1    14
  3.7610497427477769E+00 a       255     0    16     1    15
  7.2228912288280367E-01 a       256     0    16     1    16
  8.0534628866333833E+00 a       257     0    17     1     1
 -3.0044166109471764E+00 a       258     0    17     1     2
 -1.6333254931933348E+00 a       259     0    17     1     3
 -4.3610198379682084E+00 a       260     0    17     1     4
 -3.5098701840779603E+00 a       261     0    17     1     5
 -2.3750324175801460E+00 a       262     0    17     1     6
  7.6032477329483434E+00 a       263     0    17     1     7
  1.2472443714546634E-01 a       264     0    17     1     8
  8.5813402453558023E+00 a       265     0    17     1     9
 -4.7167499735277035E-01 a       266     0    17     1    10
 -4.4282680910823169E+00 a       267     0    17     1    11
 -2.7801218353672850E+00 a       268     0    17     1    12
 -5.6678046749633326E+00 a       269     0    17     1    13
 -5.3758160064482787E+00 a       270     0    17     1    14
  1.6731266311391713E+00 a       271     0    17     1    15
  3.6040442689935106E+00 a       272     0    17     1    16
 -5.5810577857488290E+00 a       273     0    18     1     1
  1.2838235528607187E+01 a       274     0    18     1     2
  6.4576167053203113E+00 a       275     0    18     1     3
  7.1982422552972603E+00 a       276     0    18     1     4
 -2.7109101400098452E+00 a       277     0    18     1     5
  8.2999858295762543E+00 a       278     0    18     1     6
  2.9511999439538337E+00 a       279     0    18     1     7
  7.4730103960113148E+00 a       280     0    18     1     8
 -1.4596288575009872E-02 a       281     0    18     1     9
 -2.7277880786681292E+00 a       282     0    18     1    10
  1.8864046972740593E+00 a       283     0    18     1    11
 -4.4829152753284616E+00 a       284     0    18     1    12
  1.0855322828263422E+01 a       285     0    18     1    13
 -3.4660151076852603E+00 a       286     0    18     1    14
  9.5312551697416605E+00 a       287     0    18     1    15
  1.7520343372163909E+00 a       288     0    18     1    16
 -4.2830843832127229E+01 a       289     0    19     1     1
 -1.8716706231607994E+01 a       290     0    19     1     2
 -5.8205570611565037E+01 a       291     0    19     1     3
 -1.6402689892674015E+01 a       292     0    19     1     4
  2.4519539206143875E+01 a       293     0    19     1     5
 -2.1830245779026168E+01 a       294     0    19     1     6
  2.8012824135272938E+00 a       295     0    19     1     7
 -6.7115037052415872E+01 a       296     0    19     1     8
  9.5319880778516293E+00 a       297     0    19     1     9
  1.3208535752769212E+01 a       298     0    19     1    10
  3.7258046881269394E+01 a       299     0    19     1    11
 -5.2043183136910493E+01 a       300     0    19     1    12
 -3.7521402754128026E+01 a       301     0    19     1    13
 -5.1512485193434877E+01 a       302     0    19     1    14
  1.6368839987390391E+01 a       303     0    19     1    15
  1.9036724562056197E+01 a       304     0    19     1    16
 -1.0995533677654786E+01 a       305     0    20     1     1
 -7.3304512623699495E+01 a       306     0    20     1     2
 -9.8971164848717606E+01 a       307     0    20     1     3
  1.8788832076894856E+01 a       308     0    20     1     4
  1.1943873314104977E+02 a       309     0    20     1     5
  3.3495731349405688E+01 a       310     0    20     1     6
 -1.6726213282573042E+01 a       311     0    20     1     7
  4.4044552326054244E+01 a       312     0    20     1     8
  5.7718107504940530E+00 a       313     0    20     1     9
  8.9370645853992585E+01 a       314     0    20     1    10
 -8.2722849158136839E+01 a       315     0    20     1    11
  3.9825364878356012E+01 a       316     0    20     1    12
 -2.8840068091009496E+00 a       317     0    20     1    13
  2.8043820610738443E+01 a       318     0    20     1    14
 -4.8218020055442395E+01 a       319     0    20     1    15
  2.8020657375440525E+01 a       320     0    20     1    16
 -9.5573810932016656E+01 a       321     0    21     1     1
  3.2759270009779208E+01 a       322     0    21     1     2
  4.0264828720013838E+01 a       323     0    21     1     3
 -5.6294734969457316E+01 a       324     0    21     1     4
  5.4135386524926375E+01 a       325     0    21     1     5
 -1.0311521025351031E+02 a       326     0    21     1     6
 -3.0081937617297509E+01 a       327     0    21     1     7
 -6.1296335322172986E+01 a       328     0    21     1     8
  7.8553254457595102E+01 a       329     0    21     1     9
  4.1346061855545365E+01 a       330     0    21     1    10
 -6.4555004849003140E+01 a       331     0    21     1    11
  6.5088792553414805E+01 a       332     0    21     1    12
  4.9637624287558410E+01 a       333     0    21     1    13
  9.2154575944767160E+01 a       334     0    21     1    14
  2.1541838553042076E+01 a       335     0    21     1    15
  3.4687892897495821E+01 a       336     0    21     1    16
  1.8707658043248689E+01 a       337     0    22     1     1
 -1.3708824119913496E+01 a       338     0    22     1     2
  1.2868300242880103E+01 a       339     0    22     1     3
  3.3741685621804196E+00 a       340     0    22     1     4
 -3.9700989847041077E+00 a       341     0    22     1     5
  6.2524320736080510E+00 a       342     0    22     1     6
 -1.3946365487816051E+01 a       343     0    22     1     7
  2.9787406992869794E+01 a       344     0    22     1     8
 -9.9524025290916001E+00 a       345     0    22     1     9
  3.6640455354491663E-01 a       346     0    22     1    10
 -2.3129649098443377E+01 a       347     0    22     1    11
  1.9857781402146692E+01 a       348     0    22     1    12
  3.2426293016667096E+01 a       349     0    22     1    13
  1.2305554995401293E+01 a       350     0    22     1    14
 -1.7921343689320352E+01 a       351     0    22     1    15
 -1.1935916299114156E+01 a       352     0    22     1    16
  6.2929186020708123E+01 a       353     0    23     1     1
  8.1329464046152093E+00 a       354     0    23     1     2
  1.1827862363181161E+01 a       355     0    23     1     3
  1.1935532846232833E+01 a       356     0    23     1     4
 -6.5693003447076492E+01 a       357     0    23     1     5
 -6.0877447639714575E+01 a       358     0    23     1     6
  2.0138512261748385E+01 a       359     0    23     1     7
 -3.8210336659107760E+01 a       360     0    23     1     8
 -1.4407929704613084E+01 a       361     0    23     1     9
 -3.9704514239915369E+01 a       362     0    23     1    10
  3.0106277111926548E+01 a       363     0    23     1    11
 -4.8986124900840103E+01 a       364     0    23     1    12
 -7.3080137914621503E+01 a       365     0    23     1    13
  4.1831854958960584E+01 a       366     0    23     1    14
 -3.0937890004591115E+00 a       367     0    23     1    15
 -9.5300763596466176E+00 a       368     0    23     1    16
  5.1505791920348528E+01 a       369     0    24     1     1
 -5.0474363130566296E+01 a       370     0    24     1     2
 -3.6693403763028648E+01 a       371     0    24     1     3
  1.8786503663597102E+01 a       372     0    24     1     4
 -1.7997889514236462E+01 a       373     0    24     1     5
  1.2828852375361649E+01 a       374     0    24     1     6
  8.2458581361885059E+00 a       375     0    24     1     7
  1.6612493550325382E+01 a       376     0    24     1     8
 -3.7504738869958643E+01 a       377     0    24     1     9
 -1.6864055783808517E+01 a       378     0    24     1    10
  1.4927745862627003E+01 a       379     0    24     1    11
 -1.5803922751644192E+01 a       380     0    24     1    12
 -5.4707828556078454E+01 a       381     0    24     1    13
 -2.5387603105857444E+01 a       382     0    24     1    14
 -3.3574636072394647E+01 a       383     0    24     1    15
 -1.4026911169824379E+01 a       384     0    24     1    16
  3.0914271751228637E+00 a       385     0    25     1     1
  2.9804130563068196E+00 a       386     0    25     1     2
  4.4393642382874656E+00 a       387     0    25     1     3
  3.1487844397647717E+00 a       388     0    25     1     4
 -2.5836592264243903E+00 a       389     0    25     1     5
  1.8422201241904061E+00 a       390     0    25     1     6
  3.6421414781832686E+00 a       391     0    25     1     7
  1.0180543483869311E+01 a       392     0    25     1     8
  4.0653073002194677E+00 a       393     0    25     1     9
  2.0332971731784415E+00 a       394     0    25     1    10
 -5.2404542608126414E+00 a       395     0    25     1    11
  6.7602405463594089E+00 a       396     0    25     1    12
 -2.9654063625567830E+00 a       397     0    25     1    13
  2.5216673836094330E+00 a       398     0    25     1    14
  1.0246398682764566E+00 a       399     0    25     1    15
 -2.8842122864090691E+00 a       400     0    25     1    16
  2.3345955560760823E+00 a       401     0    26     1     1
  7.6603457643024040E+00 a       402     0    26     1     2
  7.0017587313645144E+00 a       403     0    26     1     3
 -2.6930003848091224E+00 a       404     0    26     1     4
 -1.1155195979409006E+01 a       405     0    26     1     5
 -2.2228439794964481E+00 a       406     0    26     1     6
  7.9276129342025152E+00 a       407     0    26     1     7
 -3.6929834923279574E+00 a       408     0    26     1     8
  3.9243102843993523E+00 a       409     0    26     1     9
 -4.2970688900475817E+00 a       410     0    26     1    10
  1.7865843058456570E+00 a       411     0    26     1    11
 -2.6752433484891891E-01 a       412     0    26     1    12
 -7.2774931906066289E+00 a       413     0    26     1    13
 -5.6468619135813665E+00 a       414     0    26     1    14
  7.2136997934833254E+00 a       415     0    26     1    15
 -2.5953210123254333E+00 a       416     0    26     1    16
  2.8569019097366191E+00 a       417     0    27     1     1
  2.6999116409167296E+00 a       418     0    27     1     2
 -1.0729188983411997E+00 a       419     0    27     1     3
  9.6182722153740183E+00 a       420     0    27     1     4
 -5.5650208986904346E+00 a       421     0    27     1     5
  8.4141123852168960E+00 a       422     0    27     1     6
  2.6920342202404406E+00 a       423     0    27     1     7
  3.4977722156437197E+00 a       424     0    27     1     8
 -9.0588057150313865E+00 a       425     0    27     1     9
 -5.6287579677440762E+00 a       426     0    27     1    10
  2.5937042649329860E+00 a       427     0    27     1    11
 -3.5976845769561883E+00 a       428     0    27     1    12
 -4.4110702754921727E+00 a       429     0    27     1    13
 -7.8650167929191497E+00 a       430     0    27     1    14
  2.1657274987473065E+00 a       431     0    27     1    15
 -2.3698615577582429E+00 a       432     0    27     1    16
  2.5709857979083175E+00 a       433     0    28     1     1
  2.6350425777820781E+00 a       434     0    28     1     2
  5.1420912278686632E+00 a       435     0    28     1     3
  1.4821849851108498E-01 a       436     0    28     1     4
 -1.7225564646095624E+00 a       437     0    28     1     5
  6.8136276316402600E-01 a       438     0    28     1     6
 -2.8131759665480227E+00 a       439     0    28     1     7
 -1.8321729091291716E+00 a       440     0    28     1     8
 -5.4573690841101410E+00 a       441     0    28     1     9
 -3.9856530103048082E+00 a       442     0    28     1    10
 -1.2074944130470036E+00 a       443     0    28     1    11
 -7.8601826624843063E-01 a       444     0    28     1    12
  4.5374660182033075E+00 a       445     0    28     1    13
  5.1231154524844502E+00 a       446     0    28     1    14
 -1.4338344374636085E+00 a       447     0    28     1    15
  8.2006467832351060E-01 a       448     0    28     1    16
 -1.2045479104271028E+01 a       449     0    29     1     1
  6.0987778538940143E+00 a       450     0    29     1     2
  1.1112595629235864E+01 a       451     0    29     1     3
 -4.8391333719549412E-01 a       452     0    29     1     4
 -3.9187913931873769E-01 a       453     0    29     1     5
  4.3802078305156389E+00 a       454     0    29     1     6
 -9.3654169214046288E+00 a       455     0    29     1     7
  3.2243507948464352E+00 a       456     0    29     1     8
 -4.6849403121621673E+00 a       457     0    29     1     9
 -6.4527507179096402E+00 a       458     0    29     1    10
  7.4137858718990923E+00 a       459     0    29     1    11
  9.0368280985702232E-01 a       460     0    29     1    12
  1.7900482744090326E+01 a       461     0    29     1    13
 -5.5137541550444729E+00 a       462     0    29     1    14
  2.0209455095858724E+00 a       463     0    29     1    15
 -2.8851209798121982E+00 a       464     0    29     1    16
  9.0395593365249365E+00 a       465     0    30     1     1
 -4.1282291120470846E+00 a       466     0    30     1     2
 -2.7001587111174778E+00 a       467     0    30     1     3
 -4.0029657827754210E+00 a       468     0    30     1     4
 -4.0946481932067319E-01 a       469     0    30     1     5
  8.6361796737292629E+00 a       470     0    30     1     6
  7.5132468375549363E-03 a       471     0    30     1     7
  3.9841588691565635E+00 a       472     0    30     1     8
  8.6018314801842410E-01 a       473     0    30     1     9
  3.2264002090344164E+00 a       474     0    30     1    10
  5.0574886327002302E+00 a       475     0    30     1    11
 -5.6086939647805396E+00 a       476     0    30     1    12
 -5.4727730736191604E-01 a       477     0    30     1    13
 -7.0501038063889858E+00 a       478     0    30     1    14
 -2.9831829332630453E+00 a       479     0    30     1    15
 -4.0314693280812550E+00 a       480     0    30     1    16
  9.5255394744339998E+00 a       481     0    31     1     1
 -4.2635036259087741E+01 a       482     0    31     1     2
 -2.3028572016343254E+01 a       483     0    31     1     3
 -8.1521172584587926E+00 a       484     0    31     1     4
  1.4014730152544468E+01 a       485     0    31     1     5
 -6.8154560377658528E+00 a       486     0    31     1     6
 -2.4852563189099794E+01 a       487     0    31     1     7
  2.0433022648566453E+01 a       488     0    31     1     8
 -1.5177013895791204E+01 a       489     0    31     1     9
  2.0036148323082799E+01 a       490     0    31     1    10
  2.6926429565209151E+00 a       491     0    31     1    11
  1.2510272674474274E+01 a       492     0    31     1    12
  1.9266723078014660E+01 a       493     0    31     1    13
 -2.1006809098316259E-01 a       494     0    31     1    14
 -2.4547775310761150E+01 a       495     0    31     1    15
 -9.6351593543384801E+00 a       496     0    31     1    16
  2.0032315478530137E+01 a       497     0    32     1     1
 -7.1072568438441436E+01 a       498     0    32     1     2
 -3.8724772737072662E+01 a       499     0    32     1     3
  1.8631674420781589E+01 a       500     0    32     1     4
  1.7745087099993184E+00 a       501     0    32     1     5
 -5.4122339390092272E+01 a       502     0    32     1     6
 -1.3709418199798629E+00 a       503     0    32     1     7
  1.6925412858423680E+01 a       504     0    32     1     8
 -2.0956589630015852E+01 a       505     0    32     1     9
 -1.4160453618480375E+01 a       506     0    32     1    10
 -3.4818133502667891E+01 a       507     0    32     1    11
  8.9872675216171896E+00 a       508     0    32     1    12
 -8.3702654374844030E+01 a       509     0    32     1    13
  1.0711504670409170E+01 a       510     0    32     1    14
 -4.4770552186716870E+01 a       511     0    32     1    15
 -8.4069268157183838E+00 a       512     0    32     1    16
  9.9021773057809548E-01 a       513     0    33     1     1
  2.5047831764899540E+00 a       514     0    33     1     2
 -1.7762049869901837E+00 a       515     0    33     1     3
  1.8785583478108310E+00 a       516     0    33     1     4
 -2.1746763746173863E+00 a       517     0    33     1     5
 -1.1117631878893457E+00 a       518     0    33     1     6
  5.9210134139687653E+00 a       519     0    33     1     7
  2.1077559498007914E+00 a       520     0    33     1     8
 -1.4823837631487780E+00 a       521     0    33     1     9
  4.3598914621842093E+00 a       522     0    33     1    10
 -3.4667460964592955E-01 a       523     0    33     1    11
  2.1173400922516521E+00 a       524     0    33     1    12
  5.7495242244381506E-01 a       525     0    33     1    13
  6.9518728384848147E+00 a       526     0    33     1    14
  2.5295287282401659E+00 a       527     0    33     1    15
  7.2810937599391590E+00 a       528     0    33     1    16
 -1.3040179160783147E-01 a       529     0    34     1     1
  4.0571545091758143E-01 a       530     0    34     1     2
  2.4469984585615787E-01 a       531     0    34     1     3
  6.7077413009562950E-02 a       532     0    34     1     4
 -6.8086746806868892E-01 a       533     0    34     1     5
 -1.8803114672004156E-01 a       534     0    34     1     6
  1.4247100979926355E+00 a       535     0    34     1     7
  3.8711464091802250E-01 a       536     0    34     1     8
 -2.6013954040197674E-02 a       537     0    34     1     9
  4.7655631495528844E-01 a       538     0    34     1    10
 -7.4538361908057305E-01 a       539     0    34     1    11
  2.3918480589498192E-01 a       540     0    34     1    12
 -5.4105322543740220E-01 a       541     0    34     1    13
 -4.9367586471047753E-01 a       542     0    34     1    14
  2.2469509959546261E-01 a       543     0    34     1    15
  9.2308345352316981E-02 a       544     0    34     1    16
  4.9418672119090351E-01 a       545     0    35     1     1
  7.1774065569147216E-01 a       546     0    35     1     2
  5.4166999102139446E-01 a       547     0    35     1     3
 -2.0146240116635905E-02 a       548     0    35     1     4
 -3.4906961610782938E-01 a       549     0    35     1     5
  1.2718014410050456E+00 a       550     0    35     1     6
 -6.4467191151353642E-01 a       551     0    35     1     7
 -7.6177008892064924E-01 a       552     0    35     1     8
  2.5075499287425490E-01 a       553     0    35     1     9
 -6.0259027369532603E-01 a       554     0    35     1    10
 -4.2489688782605406E-01 a       555     0    35     1    11
 -5.6111424956201916E-01 a       556     0    35     1    12
  1.3135759367993019E-01 a       557     0    35     1    13
 -1.9731185487898759E+00 a       558     0    35     1    14
  6.1608313403476855E-01 a       559     0    35     1    15
 -1.5008580316276958E+00 a       560     0    35     1    16
 -1.6705673824473724E-01 a       561     0    36     1     1
 -1.8100076402153212E-01 a       562     0    36     1     2
 -8.6122977988834304E-01 a       563     0    36     1     3
 -4.7098929161899034E-01 a       564     0    36     1     4
  5.9914867288995233E-01 a       565     0    36     1     5
  1.1826820063913064E+00 a       566     0    36     1     6
  5.4535941801434884E-01 a       567     0    36     1     7
  2.6430893070073053E-01 a       568     0    36     1     8
 -8.7614917976749973E-01 a       569     0    36     1     9
 -2.8553858444066765E-01 a       570     0    36     1    10
  3.5962229624323316E-01 a       571     0    36     1    11
 -1.5302558881287770E-01 a       572     0    36     1    12
 -4.0874536074433414E-02 a       573     0    36     1    13
  1.4106147043325545E+00 a       574     0    36     1    14
  2.6269817126292444E-01 a       575     0    36     1    15
 -5.9086847154007957E-02 a       576     0    36     1    16
  4.6901674767746754E-01 a       577     0    37     1     1
  2.5221029739996098E-01 a       578     0    37     1     2
 -2.0747253961437533E+00 a       579     0    37     1     3
  3.6084412205920025E-01 a       580     0    37     1     4
 -6.5604463368426336E-01 a       581     0    37     1     5
  2.1095832245370949E+00 a       582     0    37     1     6
  2.1630570561790443E+00 a       583     0    37     1     7
 -2.7895454768319494E+00 a       584     0    37     1     8
  1.6320732800531237E-01 a       585     0    37     1     9
 -1.0883442211593779E+00 a       586     0    37     1    10
 -5.0850464461727318E-01 a       587     0    37     1    11
 -1.4467071478930367E+00 a       588     0    37     1    12
  2.1204755080049278E+00 a       589     0    37     1    13
 -8.6814763811647067E-01 a       590     0    37     1    14
  2.4222987345343410E+00 a       591     0    37     1    15
  2.1609842116227989E+00 a       592     0    37     1    16
  8.2281824149653495E+00 a       593     0    38     1     1
  2.7749288713250357E+00 a       594     0    38     1     2
  3.5718879327977269E+00 a       595     0    38     1     3
 -5.2499961981817567E+00 a       596     0    38     1     4
 -4.1633591311617613E+00 a       597     0    38     1     5
  1.8844325423448034E+00 a       598     0    38     1     6
  5.3473201118409186E+00 a       599     0    38     1     7
 -3.4880967810761527E+00 a       600     0    38     1     8
  2.8815728413463542E+00 a       601     0    38     1     9
  4.2064859672717858E-01 a       602     0    38     1    10
 -1.2372256274067621E+00 a       603     0    38     1    11
 -5.2641695979703185E-01 a       604     0    38     1    12
 -2.0172227655552377E+00 a       605     0    38     1    13
 -2.6596493259738391E-01 a       606     0    38     1    14
  3.7607191929840983E-01 a       607     0    38     1    15
  4.8373547708837838E+00 a       608     0    38     1    16
  6.6952850575152900E-01 a       609     0    39     1     1
  9.3424670384167796E-01 a       610     0    39     1     2
  1.3293358368051018E+00 a       611     0    39     1     3
 -6.8457968503159383E-01 a       612     0    39     1     4
 -6.5860045455008442E-01 a       613     0    39     1     5
 -1.0759822540129100E+00 a       614     0    39     1     6
 -6.5507279023867859E-01 a       615     0    39     1     7
 -1.5434989479098973E+00 a       616     0    39     1     8
  4.2811808607436025E-01 a       617     0    39     1     9
 -8.6304929017217336E-01 a       618     0    39     1    10
  8.8324985781753818E-01 a       619     0    39     1    11
  5.4842627177677176E-02 a       620     0    39     1    12
  3.3125095683676026E-01 a       621     0    39     1    13
 -2.4555493446932963E-01 a       622     0    39     1    14
 -7.4564302045527164E-01 a       623     0    39     1    15
 -6.8830804664023026E-02 a       624     0    39     1    16
  2.7830307453870016E+00 a       625     0    40     1     1
 -1.1134630735319899E+00 a       626     0    40     1     2
 -1.9117875216306848E+00 a       627     0    40     1     3
  1.0794079216641905E+00 a       628     0    40     1     4
 -3.0087692940949635E+00 a       629     0    40     1     5
 -7.4806492568436800E-01 a       630     0    40     1     6
  9.0825199564516557E-01 a       631     0    40     1     7
 -1.9922025388702147E+00 a       632     0    40     1     8
  4.1531164853455991E+00 a       633     0    40     1     9
  1.0387793996003953E+00 a       634     0    40     1    10
 -7.7050025474699204E+00 a       635     0    40     1    11
 -1.9779435832634287E+00 a       636     0    40     1    12
  4.4435758040276978E+00 a       637     0    40     1    13
 -7.5401412325576436E+00 a       638     0    40     1    14
  3.0963817503063678E+00 a       639     0    40     1    15
  1.7148370996363713E+00 a       640     0    40     1    16
  3.0767831494670985E+00 a       641     0    41     1     1
  5.0852960280423209E+00 a       642     0    41     1     2
  4.3681820529718260E+00 a       643     0    41     1     3
 -3.8890977617541223E-01 a       644     0    41     1     4
 -6.8695236731728215E-01 a       645     0    41     1     5
  1.9524055726646055E+00 a       646     0    41     1     6
  1.7949639124445904E+00 a       647     0    41     1     7
  1.3091080355311242E+00 a       648     0    41     1     8
  3.6201961293537566E+00 a       649     0    41     1     9
 -5.6854245731067685E+00 a       650     0    41     1    10
  8.9791391591637160E-01 a       651     0    41     1    11
  2.1003421926315595E+00 a       652     0    41     1    12
  3.4230761949409980E+00 a       653     0    41     1    13
 -1.9276454349914414E+00 a       654     0    41     1    14
 -1.1559146886881353E+00 a       655     0    41     1    15
  1.4864355641396070E+00 a       656     0    41     1    16
  1.8737122737574914E+00 a       657     0    42     1     1
  1.6478215006140380E+00 a       658     0    42     1     2
  1.8948048625611400E+00 a       659     0    42     1     3
 -6.9879145137448773E-01 a       660     0    42     1     4
 -6.0570754071550936E-01 a       661     0    42     1     5
  2.4769125296859520E+00 a       662     0    42     1     6
 -2.1694840460447318E+00 a       663     0    42     1     7
 -3.5546203608444218E+00 a       664     0    42     1     8
  3.6724827928331649E-01 a       665     0    42     1     9
 -2.7294901892751811E+00 a       666     0    42     1    10
 -4.9941567830000755E-01 a       667     0    42     1    11
  1.6373695418789336E+00 a       668     0    42     1    12
  2.6283518962686854E+00 a       669     0    42     1    13
 -1.3582921908625489E+00 a       670     0    42     1    14
 -6.1737653447913698E-01 a       671     0    42     1    15
 -1.5316560837578084E+00 a       672     0    42     1    16
  6.8291412257913047E+00 a       673     0    43     1     1
  1.9272526001876589E+00 a       674     0    43     1     2
  9.5418495658860074E+00 a       675     0    43     1     3
 -7.2661589728458651E+00 a       676     0    43     1     4
 -1.2309559958350407E+01 a       677     0    43     1     5
 -4.1427944122802849E+00 a       678     0    43     1     6
  6.6285506384520954E+00 a       679     0    43     1     7
 -7.6825370533472714E+00 a       680     0    43     1     8
  1.0843236949929874E+01 a       681     0    43     1     9
  4.8311808713109805E+00 a       682     0    43     1    10
 -1.7802597739300509E+01 a       683     0    43     1    11
  1.4837846472241720E+01 a       684     0    43     1    12
  2.0419516775969267E+01 a       685     0    43     1    13
 -2.3439156127364278E+01 a       686     0    43     1    14
 -7.4765332323801799E+00 a       687     0    43     1    15
 -8.0585709380995674E+00 a       688     0    43     1    16
 -1.6966067557555341E+01 a       689     0    44     1     1
 -5.4599758119897945E+00 a       690     0    44     1     2
 -6.4159765542450939E+00 a       691     0    44     1     3
  1.2098150703271719E+01 a       692     0    44     1     4
  3.5255379700089731E+00 a       693     0    44     1     5
 -4.5468812408320129E+00 a       694     0    44     1     6
 -7.6136616766080438E+00 a       695     0    44     1     7
  5.1132701072996323E+00 a       696     0    44     1     8
 -1.7343985796422199E+00 a       697     0    44     1     9
 -1.2995165135569873E+00 a       698     0    44     1    10
 -2.7891032476967531E-02 a       699     0    44     1    11
  6.2962849898184226E-01 a       700     0    44     1    12
  6.1609758755015926E+00 a       701     0    44     1    13
  8.7846553744099032E-01 a       702     0    44     1    14
  2.6060424509585363E+00 a       703     0    44     1    15
 -2.8126554609115333E+00 a       704     0    44     1    16
 -5.0442722123949233E+00 a       705     0    45     1     1
 -4.8549622038667897E+00 a       706     0    45     1     2
 -3.5385641242445183E+00 a       707     0    45     1     3
  1.8771293040032793E+00 a       708     0    45     1     4
 -1.2912466155504068E-01 a       709     0    45     1     5
  1.4758602012680730E+00 a       710     0    45     1     6
  5.3119432336386456E+00 a       711     0    45     1     7
  4.7763654144404706E+00 a       712     0    45     1     8
 -1.4994429878747777E+00 a       713     0    45     1     9
  8.7048115636050816E-01 a       714     0    45     1    10
 -5.1716447591675188E+00 a       715     0    45     1    11
  1.2325223650611790E+00 a       716     0    45     1    12
  5.5232888533181312E-02 a       717     0    45     1    13
 -5.4630764132250183E-03 a       718     0    45     1    14
  1.4501408671581830E+00 a       719     0    45     1    15
  2.3655841501010131E+00 a       720     0    45     1    16
 -1.3324271392237176E+01 a       721     0    46     1     1
  3.3574205758025615E+00 a       722     0    46     1     2
  4.8740018131991123E+00 a       723     0    46     1     3
  3.9978392891892339E-02 a       724     0    46     1     4
  1.1703428973081005E+00 a       725     0    46     1     5
  2.0593651738767638E+00 a       726     0    46     1     6
  8.1579065749001578E-01 a       727     0    46     1     7
  3.0002013751286833E+00 a       728     0    46     1     8
 -7.4266298298262434E+00 a       729     0    46     1     9
 -3.7600430308464432E+00 a       730     0    46     1    10
  1.6063315325268515E+01 a       731     0    46     1    11
  8.4501735247840628E+00 a       732     0    46     1    12
 -2.3884623280823063E+00 a       733     0    46     1    13
  1.8050097837836134E+01 a       734     0    46     1    14
 -3.8577064545215118E+00 a       735     0    46     1    15
 -3.1966150340106343E+00 a       736     0    46     1    16
 -9.6944071498007336E+00 a       737     0    47     1     1
 -1.4173211602407951E+01 a       738     0    47     1     2
 -6.0124939125484635E+00 a       739     0    47     1     3
  8.3175543352630465E-01 a       740     0    47     1     4
 -2.3522350119506243E+00 a       741     0    47     1     5
 -6.5878553523287096E+00 a       742     0    47     1     6
 -4.5128301898192085E+00 a       743     0    47     1     7
 -4.8171153874961126E-01 a       744     0    47     1     8
 -9.8057754191801259E+00 a       745     0    47     1     9
  6.2064735454456583E+00 a       746     0    47     1    10
  2.2474997702385986E+00 a       747     0    47     1    11
 -9.4244948486579050E-01 a       748     0    47     1    12
  1.2806862130143433E+00 a       749     0    47     1    13
 -2.6533936127690749E+00 a       750     0    47     1    14
 -2.4225319281094126E+00 a       751     0    47     1    15
 -8.3690697718671014E+00 a       752     0    47     1    16
 -9.4262777574406176E+00 a       753     0    48     1     1
 -1.3092292779264300E+01 a       754     0    48     1     2
 -8.7261473617521741E+00 a       755     0    48     1     3
 -6.4813786334294337E+00 a       756     0    48     1     4
  5.6168373896319464E-02 a       757     0    48     1     5
 -1.0904135028723102E+01 a       758     0    48     1     6
  6.2793618777640541E+00 a       759     0    48     1     7
  7.5446862859139925E+00 a       760     0    48     1     8
 -1.7961221164097645E+00 a       761     0    48     1     9
  3.5213107384893179E+00 a       762     0    48     1    10
  4.8351246805357446E+00 a       763     0    48     1    11
  6.1392656686676643E-02 a       764     0    48     1    12
  3.9871411576897655E+00 a       765     0    48     1    13
  4.0945360873599475E+00 a       766     0    48     1    14
 -5.6441638294469367E+00 a       767     0    48     1    15
 -1.5378024525274656E+00 a       768     0    48     1    16
 -1.0279118085102924E+01 a       769     0    49     1     1
 -5.0245623722335599E+00 a       770     0    49     1     2
 -8.3500415940612083E+00 a       771     0    49     1     3
 -1.3432702313761498E+01 a       772     0    49     1     4
 -3.9771727681595170E-01 a       773     0    49     1     5
  8.3695178260262573E+00 a       774     0    49     1     6
 -1.3523983403325891E+01 a       775     0    49     1     7
 -4.0568529638198987E+00 a       776     0    49     1     8
  3.6398405642139564E+00 a       777     0    49     1     9
 -1.7205170484506436E+01 a       778     0    49     1    10
  3.4739402677359585E+01 a       779     0    49     1    11
 -2.5611285267664439E+01 a       780     0    49     1    12
 -1.4910007083641158E+01 a       781     0    49     1    13
  1.5627348468190819E+01 a       782     0    49     1    14
  5.0062176579183779E+00 a       783     0    49     1    15
 -1.7992592865016772E+00 a       784     0    49     1    16
 -1.3372290272066458E+00 a       785     0    50     1     1
 -9.4093182873264924E-01 a       786     0    50     1     2
 -8.2037218873019346E-01 a       787     0    50     1     3
  3.1869183520000954E-01 a       788     0    50     1     4
  2.0897226220910234E-01 a       789     0    50     1     5
 -4.5066713443423534E-01 a       790     0    50     1     6
 -5.9692220281282904E-01 a       791     0    50     1     7
 -6.5515635904106195E-01 a       792     0    50     1     8
 -8.3464944797377782E-01 a       793     0    50     1     9
  3.3541301819156172E-01 a       794     0    50     1    10
 -4.0914535054244933E-01 a       795     0    50     1    11
  3.3127526923338679E-01 a       796     0    50     1    12
  7.8801561506841789E-01 a       797     0    50     1    13
 -2.9332055714865701E-01 a       798     0    50     1    14
 -2.2351060319964100E-01 a       799     0    50     1    15
 -9.9074610122262263E-01 a       800     0    50     1    16
  7.2917500221962539E-01 a       801     0    51     1     1
  3.0442212712467026E-01 a       802     0    51     1     2
  9.8614821163303368E-01 a       803     0    51     1     3
 -1.3621640189357531E+00 a       804     0    51     1     4
  4.7633111097199410E-01 a       805     0    51     1     5
  5.9418232955358763E-01 a       806     0    51     1     6
 -9.9425623211985770E-01 a       807     0    51     1     7
 -1.1462611832004599E+00 a       808     0    51     1     8
 -5.4606668257453050E-01 a       809     0    51     1     9
 -4.2543669411232449E-01 a       810     0    51     1    10
  1.6134438739058996E+00 a       811     0    51     1    11
  5.3250289902184478E-01 a       812     0    51     1    12
 -4.3105336634874009E-01 a       813     0    51     1    13
  9.6279049930269589E-01 a       814     0    51     1    14
 -1.0332961160157852E+00 a       815     0    51     1    15
 -5.6297406340045908E-01 a       816     0    51     1    16
 -1.7196329586278571E+00 a       817     0    52     1     1
  3.7140747496804483E-01 a       818     0    52     1     2
 -1.4184110825696008E+00 a       819     0    52     1     3
 -1.0190708904343782E+00 a       820     0    52     1     4
  1.7267643261543766E+00 a       821     0    52     1     5
  5.0776816255444954E+00 a       822     0    52     1     6
 -2.1160471548932285E+00 a       823     0    52     1     7
 -2.9148703864112631E+00 a       824     0    52     1     8
 -3.4192388901147348E+00 a       825     0    52     1     9
 -3.5239293796526416E+00 a       826     0    52     1    10
  5.4553344906638390E+00 a       827     0    52     1    11
 -1.1729304006177843E+00 a       828     0    52     1    12
 -6.1887225751566257E+00 a       829     0    52     1    13
  5.6054111420951163E+00 a       830     0    52     1    14
  1.3031857560507591E+00 a       831     0    52     1    15
 -4.7178797913533488E-01 a       832     0    52     1    16
  1.2084515169827851E+01 a       833     0    53     1     1
  4.0105651609636732E+00 a       834     0    53     1     2
  6.1796118574474672E+00 a       835     0    53     1     3
 -3.9473471823192190E+00 a       836     0    53     1     4
 -3.2000628819076962E+00 a       837     0    53     1     5
  8.5062620344121598E-01 a       838     0    53     1     6
  5.1155798954468219E+00 a       839     0    53     1     7
  2.8155484268390598E+00 a       840     0    53     1     8
  5.3249775958021521E+00 a       841     0    53     1     9
 -1.9732590737292627E-01 a       842     0    53     1    10
 -7.1244875011321733E+00 a       843     0    53     1    11
 -6.1708148545344876E+00 a       844     0    53     1    12
 -8.6539839032197674E-01 a       845     0    53     1    13
 -2.6354385984940132E+00 a       846     0    53     1    14
  6.2776821066765409E-01 a       847     0    53     1    15
  7.9622688709804308E+00 a       848     0    53     1    16
  2.2258503956991404E+00 a       849     0    54     1     1
  3.5088592647905075E+00 a       850     0    54     1     2
  2.7268460324293260E+00 a       851     0    54     1     3
  1.0542198187561636E+00 a       852     0    54     1     4
 -5.3817906050014941E-01 a       853     0    54     1     5
 -5.1860355229389699E-01 a       854     0    54     1     6
  7.2195928778168265E-03 a       855     0    54     1     7
  1.2721402199257705E+00 a       856     0    54     1     8
  2.3112561208458962E+00 a       857     0    54     1     9
 -1.7363715070992098E+00 a       858     0    54     1    10
 -1.8146299251331701E+00 a       859     0    54     1    11
 -3.4751009181412376E+00 a       860     0    54     1    12
 -4.7077612064048707E-01 a       861     0    54     1    13
 -7.4196066735614374E-01 a       862     0    54     1    14
  1.1938032391858950E+00 a       863     0    54     1    15
  2.7300524931622490E+00 a       864     0    54     1    16
  5.4479980186777386E+00 a       865     0    55     1     1
 -9.4598193148698162E-01 a       866     0    55     1     2
 -2.4991900784665977E+00 a       867     0    55     1     3
  1.2035386739301508E+00 a       868     0    55     1     4
 -5.8864167644248500E-01 a       869     0    55     1     5
  8.9515625216153949E-01 a       870     0    55     1     6
 -8.0755664555774431E-01 a       871     0    55     1     7
 -3.1015351132724872E-01 a       872     0    55     1     8
  5.6744596430944254E+00 a       873     0    55     1     9
  1.1649185746676993E+00 a       874     0    55     1    10
 -8.8524090999500942E+00 a       875     0    55     1    11
 -6.1284204899445545E+00 a       876     0    55     1    12
  2.2894048909777647E+00 a       877     0    55     1    13
 -8.2663127882289640E+00 a       878     0    55     1    14
  4.8846235647602532E+00 a       879     0    55     1    15
  3.1321820119179162E+00 a       880     0    55     1    16
  4.1733874555345558E+00 a       881     0    56     1     1
  7.4296231141807825E+00 a       882     0    56     1     2
  1.3556554212663638E+00 a       883     0    56     1     3
  5.3980492339345343E-01 a       884     0    56     1     4
  1.2708798261742991E+00 a       885     0    56     1     5
  5.2995101279172570E+00 a       886     0    56     1     6
  2.5968041163948867E+00 a       887     0    56     1     7
  3.1505906034021591E+00 a       888     0    56     1     8
  6.8920640952609311E+00 a       889     0    56     1     9
 -2.3965854874875676E+00 a       890     0    56     1    10
  8.9039581668806378E-01 a       891     0    56     1    11
 -1.1743387571635755E+00 a       892     0    56     1    12
 -2.6109089132613787E+00 a       893     0    56     1    13
  4.9737717332052656E+00 a       894     0    56     1    14
  4.2027202334884297E+00 a       895     0    56     1    15
  6.9445817750426411E+00 a       896     0    56     1    16
  2.7062550016032909E+00 a       897     0    57     1     1
  4.9573781770164613E+00 a       898     0    57     1     2
  1.6762450620454403E+00 a       899     0    57     1     3
  1.0553180526952286E+00 a       900     0    57     1     4
  2.9986878451103847E+00 a       901     0    57     1     5
  5.8150172063069148E+00 a       902     0    57     1     6
 -2.0302666938635423E+00 a       903     0    57     1     7
 -2.7556039464907491E+00 a       904     0    57     1     8
  1.5434765363481964E-01 a       905     0    57     1     9
 -2.1700293305733989E+00 a       906     0    57     1    10
  2.0469779967810964E+00 a       907     0    57     1    11
  1.9013029520626774E+00 a       908     0    57     1    12
 -1.5865007991173572E+00 a       909     0    57     1    13
  5.7340901721576660E+00 a       910     0    57     1    14
  2.6857384246108809E+00 a       911     0    57     1    15
  1.7469233086098868E+00 a       912     0    57     1    16
  1.1260933235569148E+00 a       913     0    58     1     1
 -3.2907505070463428E+00 a       914     0    58     1     2
 -3.5721322466731622E+00 a       915     0    58     1     3
  6.6682283490673999E+00 a       916     0    58     1     4
  2.5235065518356885E+00 a       917     0    58     1     5
 -3.1405836229581916E+00 a       918     0    58     1     6
  8.3493392075938342E+00 a       919     0    58     1     7
  1.5670775650879871E+00 a       920     0    58     1     8
 -2.8874207097558608E+00 a       921     0    58     1     9
  4.7388201167289719E+00 a       922     0    58     1    10
 -1.6806390332749878E+01 a       923     0    58     1    11
  1.2822206237506228E+01 a       924     0    58     1    12
  1.7327234535418356E+01 a       925     0    58     1    13
 -3.9287832087929303E-01 a       926     0    58     1    14
 -9.2419252433533411E-02 a       927     0    58     1    15
  9.9617729049017234E-01 a       928     0    58     1    16
 -5.0711838264390308E-01 a       929     0    59     1     1
 -1.2448550982674964E+00 a       930     0    59     1     2
 -4.1649604764646142E+00 a       931     0    59     1     3
  1.5251737220526378E+01 a       932     0    59     1     4
  9.0194691967715279E+00 a       933     0    59     1     5
 -4.5909565463311202E+00 a       934     0    59     1     6
 -3.8132070958792688E+00 a       935     0    59     1     7
  5.0871863256334322E+00 a       936     0    59     1     8
 -7.5298802402172891E+00 a       937     0    59     1     9
  1.4573555743497930E+00 a       938     0    59     1    10
 -1.5294900478709206E+00 a       939     0    59     1    11
 -3.3443219630618715E+00 a       940     0    59     1    12
 -2.6654850991192696E+00 a       941     0    59     1    13
  1.2010603139544790E+01 a       942     0    59     1    14
  5.1797018889789443E+00 a       943     0    59     1    15
  7.7400379021239676E+00 a       944     0    59     1    16
 -2.6948147503928728E+00 a       945     0    60     1     1
 -1.4525754846270971E+00 a       946     0    60     1     2
 -2.5240272479726635E+00 a       947     0    60     1     3
 -3.1959083887660200E+00 a       948     0    60     1     4
  2.9811555299718755E+00 a       949     0    60     1     5
  2.0753722605191744E+00 a       950     0    60     1     6
 -2.1268819296138397E+00 a       951     0    60     1     7
 -4.7441814701462626E+00 a       952     0    60     1     8
 -5.6904109349855272E+00 a       953     0    60     1     9
 -8.6524245549775176E-03 a       954     0    60     1    10
  7.8752011671634934E+00 a       955     0    60     1    11
  5.7996554392245905E+00 a       956     0    60     1    12
 -2.8809390901766463E+00 a       957     0    60     1    13
  2.7132716294243555E+00 a       958     0    60     1    14
 -3.4403254056978096E+00 a       959     0    60     1    15
 -7.3034811596305538E+00 a       960     0    60     1    16
  4.2585050640751740E+00 a       961     0    61     1     1
 -2.8671932512152973E+00 a       962     0    61     1     2
 -1.8806241117215383E+00 a       963     0    61     1     3
 -1.7114850065191474E+00 a       964     0    61     1     4
  1.6377541334703654E+00 a       965     0    61     1     5
 -2.7781518327802686E+00 a       966     0    61     1     6
 -7.7585555478873003E-01 a       967     0    61     1     7
 -6.1532975680261459E-01 a       968     0    61     1     8
 -1.6067877775141137E+00 a       969     0    61     1     9
  1.5538729293218931E+00 a       970     0    61     1    10
 -4.3077047191741286E-01 a       971     0    61     1    11
 -3.6784659395292724E-01 a       972     0    61     1    12
 -2.3172651157948270E+00 a       973     0    61     1    13
 -3.5514278420616581E+00 a       974     0    61     1    14
 -3.1007429226075907E+00 a       975     0    61     1    15
 -1.2078513204073595E+00 a       976     0    61     1    16
  3.5184446592234466E+00 a       977     0    62     1     1
  5.3653963686835340E+00 a       978     0    62     1     2
  5.0137214050991874E+00 a       979     0    62     1     3
  6.5046606022483831E+00 a       980     0    62     1     4
 -3.1746059624025520E+00 a       981     0    62     1     5
  8.7763004771921005E-01 a       982     0    62     1     6
 -2.3785125859512672E+00 a       983     0    62     1     7
  4.7867067299643551E-01 a       984     0    62     1     8
  2.9399220589877380E+00 a       985     0    62     1     9
  1.2843984777094339E+00 a       986     0    62     1    10
 -4.4325471805533354E+00 a       987     0    62     1    11
 -3.0634823711210166E+00 a       988     0    62     1    12
 -3.1692549971618225E+00 a       989     0    62     1    13
 -7.7218572795227347E+00 a       990     0    62     1    14
  4.1327817791318644E+00 a       991     0    62     1    15
  1.8152144087968889E+00 a       992     0    62     1    16
  8.2177876466839017E-01 a       993     0    63     1     1
 -1.0524896321144259E+00 a       994     0    63     1     2
 -1.0611876630390131E+00 a       995     0    63     1     3
 -1.7689842578884927E+00 a       996     0    63     1     4
  1.6292223819718183E+00 a       997     0    63     1     5
  1.1023491329390640E-02 a       998     0    63     1     6
 -6.1673028368570746E+00 a       999     0    63     1     7
 -3.9527739861910112E+00 a      1000     0    63     1     8
 -1.7602695041236305E+00 a      1001     0    63     1     9
  5.3730746090661263E-01 a      1002     0    63     1    10
  6.8583781561165491E+00 a      1003     0    63     1    11
  1.4911845402507913E+00 a      1004     0    63     1    12
  1.3936051788122716E+00 a      1005     0    63     1    13
  1.7235863962435967E+00 a      1006     0    63     1    14
 -2.1878876995286096E+00 a      1007     0    63     1    15
 -4.4146897378689900E+00 a      1008     0    63     1    16
  5.7359725303686213E+00 a      1009     0    64     1     1
  4.1957186281751744E+00 a      1010     0    64     1     2
  9.8425981099132773E+00 a      1011     0    64     1     3
 -1.2265966398173263E+00 a      1012     0    64     1     4
 -1.7332879526213918E+00 a      1013     0    64     1     5
 -4.8019972574192042E+00 a      1014     0    64     1     6
 -6.0153217250746616E-01 a      1015     0    64     1     7
  3.5635221951231757E+00 a      1016     0    64     1     8
  1.8442619283300538E-01 a      1017     0    64     1     9
  8.7645452185930708E+00 a      1018     0    64     1    10
 -2.2591655343442416E+00 a      1019     0    64     1    11
  5.7389246650541184E+00 a      1020     0    64     1    12
 -9.9713249226627010E+00 a      1021     0    64     1    13
 -7.4842318512944628E+00 a      1022     0    64     1    14
 -6.3904185989687097E+00 a      1023     0    64     1    15
 -5.1169855435842730E-02 a      1024     0    64     1    16
  1.2051446374630170E-01 b      1025     1     1
  3.7310662778739057E-01 b      1026     1     2
  2.7687867279044681E-01 b      1027     1     3
 -1.1002783218060251E-01 b      1028     1     4
 -2.4568859092776629E-02 b      1029     1     5
  5.7575789045225242E-02 b      1030     1     6
  3.6705420690009471E-01 b      1031     1     7
 -2.6449351389831545E-02 b      1032     1     8
  4.1920144192258514E-02 b      1033     1     9
  1.0678343447377975E-03 b      1034     1    10
  1.5000803015171699E-01 b      1035     1    11
  1.4463510690111203E-01 b      1036     1    12
  1.6592265510949330E-02 b      1037     1    13
  5.8473758186869264E-02 b      1038     1    14
  3.4760193661129585E-01 b      1039     1    15
  6.7630959327540999E-03 b      1040     1    16
 -8.8340464626746484E-01 a      1041     1     1     2     1
 -4.1499294106295304E-01 a      1042     1     1     2     2
 -1.4141082471649911E+00 a      1043     1     1     2     3
 -9.5989720397224798E-01 a      1044     1     1     2     4
 -2.7570046211992700E+00 a      1045     1     1     2     5
 -9.9774516555524295E-01 a      1046     1     1     2     6
 -3.1199120525718627E-01 a      1047     1     1     2     7
 -1.2212966391617976E+00 a      1048     1     1     2     8
 -6.6431772202076989E-01 a      1049     1     1     2     9
  1.7485280763971264E-01 a      1050     1     1     2    10
 -2.7243117475087675E+00 a      1051     1     1     2    11
 -2.8514641106576616E-01 a      1052     1     1     2    12
 -2.0120873884207424E-01 a      1053     1     1     2    13
  9.1168612569254159E-01 a      1054     1     1     2    14
  4.1251982796746162E-01 a      1055     1     1     2    15
  1.6851885692256813E-01 a      1056     1     1     2    16
 -9.1358449144783693E-01 a      1057     1     2     2     1
 -2.7728503503392421E+00 a      1058     1     2     2     2
 -2.0839299902782818E-01 a      1059     1     2     2     3
  1.7977597880058380E+00 a      1060     1     2     2     4
 -2.4813829430448737E+00 a      1061     1     2     2     5
  1.2258501633107881E+00 a      1062     1     2     2     6
 -3.3785250554793916E-01 a      1063     1     2     2     7
  1.6888484943715032E+00 a      1064     1     2     2     8
  1.0210437318747794E+00 a      1065     1     2     2     9
 -5.8993923354158739E-01 a      1066     1     2     2    10
  1.0397244923291248E-01 a      1067     1     2     2    11
  2.0376832526257362E+00 a      1068     1     2     2    12
  2.7143493844186689E-01 a      1069     1     2     2    13
 -2.1413209705522380E+00 a      1070     1     2     2    14
 -1.6632227391575314E+00 a      1071     1     2     2    15
 -9.3076191324750224E-01 a      1072     1     2     2    16
  1.1543697571124860E+00 a      1073     1     3     2     1
  2.3956494146309240E+00 a      1074     1     3     2     2
  6.3215672050416716E-01 a      1075     1     3     2     3
 -9.6503289849841956E-01 a      1076     1     3     2     4
  4.2075121119043306E+00 a      1077     1     3     2     5
 -4.1290940372586421E-01 a      1078     1     3     2     6
  1.5611683336021895E+00 a      1079     1     3     2     7
 -8.6551300125252639E-01 a      1080     1     3     2     8
 -4.9813226278260414E-01 a      1081     1     3     2     9
  2.0132813330616606E-01 a      1082     1     3     2    10
  5.8381564650452478E-01 a      1083     1     3     2    11
 -8.2119797422535479E-01 a      1084     1     3     2    12
 -1.7456536069884493E-01 a      1085     1     3     2    13
  4.1088804402242224E-01 a      1086     1     3     2    14
  1.0479911344791881E+00 a      1087     1     3     2    15
  9.5713526453259157E-01 a      1088     1     3     2    16
 -1.0330525882733610E+00 a      1089     1     4     2     1
  1.1437330092343609E-01 a      1090     1     4     2     2
  2.3394151445696856E-01 a      1091     1     4     2     3
 -8.8558789794172377E-01 a      1092     1     4     2     4
 -1.1168974711190285E+00 a      1093     1     4     2     5
  7.6296202050065343E-01 a      1094     1     4     2     6
 -3.2223628408130827E+00 a      1095     1     4     2     7
  7.5389285675380691E-01 a      1096     1     4     2     8
  1.2815940421937970E+00 a      1097     1     4     2     9
 -4.6424286610692433E-01 a      1098     1     4     2    10
 -8.5133885432117484E-01 a      1099     1     4     2    11
  1.7028560132051329E-01 a      1100     1     4     2    12
 -6.4786067826333738E-01 a      1101     1     4     2    13
  6.8442367008205784E-01 a      1102     1     4     2    14
 -9.6470656495719587E-01 a      1103     1     4     2    15
  1.2824857666784411E-02 a      1104     1     4     2    16
 -1.1950086976505588E-01 a      1105     1     5     2     1
 -2.3050544429791267E-01 a      1106     1     5     2     2
 -1.4025462925630238E-02 a      1107     1     5     2     3
 -3.2563586775489056E-01 a      1108     1     5     2     4
  1.8461436790378198E+00 a      1109     1     5     2     5
  7.6263025115513228E-01 a      1110     1     5     2     6
 -3.4283331200284071E+00 a      1111     1     5     2     7
 -4.0384055778422240E-01 a      1112     1     5     2     8
  9.0793477786860599E-01 a      1113     1     5     2     9
  7.9026648823420775E-01 a      1114     1     5     2    10
  8.4797226412623272E-02 a      1115     1     5     2    11
  4.8023270340647539E-01 a      1116     1     5     2    12
  2.9429206929306928E-03 a      1117     1     5     2    13
 -3.0023116441195064E-01 a      1118     1     5     2    14
  9.7231401430094166E-01 a      1119     1     5     2    15
 -5.3000734725335008E-01 a      1120     1     5     2    16
 -3.1437005204862190E-01 a      1121     1     6     2     1
  9.5905007955706711E-01 a      1122     1     6     2     2
 -4.2557479999696496E-01 a      1123     1     6     2     3
  7.9851669809751702E-01 a      1124     1     6     2     4
 -2.8583508280586836E+00 a      1125     1     6     2     5
  2.4207198363645203E-02 a      1126     1     6     2     6
 -7.5400857919469144E-01 a      1127     1     6     2     7
  6.0628798198341205E-01 a      1128     1     6     2     8
 -2.9940782221449003E-01 a      1129     1     6     2     9
 -3.5244541403946977E-01 a      1130     1     6     2    10
 -4.1467654616207938E-02 a      1131     1     6     2    11
 -5.3953947506468614E-01 a      1132     1     6     2    12
 -2.7057700504208620E-01 a      1133     1     6     2    13
 -1.4268184508036736E+00 a      1134     1     6     2    14
 -7.2054319792635568E-01 a      1135     1     6     2    15
 -2.1869040868202336E-01 a      1136     1     6     2    16
 -6.1201390736372641E-01 a      1137     1     7     2     1
  3.0379390679984131E-01 a      1138     1     7     2     2
  4.6754713132915032E-01 a      1139     1     7     2     3
 -6.0931875979911432E-01 a      1140     1     7     2     4
 -4.8235482853273765E-01 a      1141     1     7     2     5
  5.1955350191233884E-01 a      1142     1     7     2     6
  4.8021718396664520E-01 a      1143     1     7     2     7
 -1.0841469859095878E+00 a      1144     1     7     2     8
  4.8489083422062640E-01 a      1145     1     7     2     9
 -8.7251243525004574E-02 a      1146     1     7     2    10
 -2.6054203613000471E-01 a      1147     1     7     2    11
 -4.3322967089842829E-01 a      1148     1     7     2    12
 -8.8620449017723268E-01 a      1149     1     7     2    13
 -9.1534890848112982E-01 a      1150     1     7     2    14
  1.1521462027597593E+00 a      1151     1     7     2    15
 -2.1772393575891913E-01 a      1152     1     7     2    16
  9.7838363179909849E-02 a      1153     1     8     2     1
 -4.8142431156742320E-02 a      1154     1     8     2     2
 -2.4123356781062288E-01 a      1155     1     8     2     3
 -1.0800865865092087E-01 a      1156     1     8     2     4
  8.1657017553833489E-01 a      1157     1     8     2     5
 -1.2573399484982830E+00 a      1158     1     8     2     6
  1.6588417377156404E+00 a      1159     1     8     2     7
  1.2409493019511246E+00 a      1160     1     8     2     8
 -1.6785095007022983E+00 a      1161     1     8     2     9
 -1.5632032783552913E-01 a      1162     1     8     2    10
 -9.2592095052040724E-01 a      1163     1     8     2    11
  2.0175104522069146E-01 a      1164     1     8     2    12
  2.8951390957717926E-01 a      1165     1     8     2    13
 -5.7907373260261359E-02 a      1166     1     8     2    14
 -1.3476622922262331E+00 a      1167     1     8     2    15
  1.7284294589273605E-01 a      1168     1     8     2    16
 -4.5376368999527822E-01 a      1169     1     9     2     1
 -4.0150592520451617E-01 a      1170     1     9     2     2
 -5.9097251735953149E-01 a      1171     1     9     2     3
 -3.4465188207355180E-01 a      1172     1     9     2     4
 -2.1772002976674383E+00 a      1173     1     9     2     5
  1.8156523069585584E-01 a      1174     1     9     2     6
 -1.0066985077237027E+00 a      1175     1     9     2     7
 -2.4884004517795617E+00 a      1176     1     9     2     8
  1.7833785375381120E-01 a      1177     1     9     2     9
  1.8015599784930204E-02 a      1178     1     9     2    10
  5.4490849277183229E-01 a      1179     1     9     2    11
  5.3526417114477004E-02 a      1180     1     9     2    12
 -1.0598768402552870E-01 a      1181     1     9     2    13
  4.7769177891625692E-01 a      1182     1     9     2    14
  1.6051961431928146E+00 a      1183     1     9     2    15
 -6.3472454059978245E-01 a      1184     1     9     2    16
  8.1765758529004595E-01 a      1185     1    10     2     1
 -1.1260927058104901E+00 a      1186     1    10     2     2
  5.1567550405869755E-01 a      1187     1    10     2     3
  1.2825887292976390E+00 a      1188     1    10     2     4
  4.9842062459266262E-01 a      1189     1    10     2     5
 -4.6785190996586057E-01 a      1190     1    10     2     6
 -8.4193968555486820E-01 a      1191     1    10     2     7
  6.8118740970705927E-01 a      1192     1    10     2     8
 -7.3756815480029547E-01 a      1193     1    10     2     9
  4.1548329543499585E-01 a      1194     1    10     2    10
  2.4582498003202797E+00 a      1195     1    10     2    11
  1.1025402325269036E+00 a      1196     1    10     2    12
 -4.1615697440795757E-01 a      1197     1    10     2    13
  5.5120834873282154E-01 a      1198     1    10     2    14
  4.8315690976504067E-01 a      1199     1    10     2    15
  6.4376252867809280E-01 a      1200     1    10     2    16
 -2.5531375223644730E-02 a      1201     1    11     2     1
 -2.3193261039039384E-01 a      1202     1    11     2     2
  3.1960499441073059E-01 a      1203     1    11     2     3
 -3.1164015932520783E-01 a      1204     1    11     2     4
 -1.5395841887978896E+00 a      1205     1    11     2     5
  7.8868485944320299E-01 a      1206     1    11     2     6
 -1.5666716550609880E+00 a      1207     1    11     2     7
 -1.0103360136547412E+00 a      1208     1    11     2     8
  5.9958692774039912E-01 a      1209     1    11     2     9
 -4.3900519049152820E-01 a      1210     1    11     2    10
 -2.3139468272752933E-01 a      1211     1    11     2    11
 -9.4682973027341799E-01 a      1212     1    11     2    12
 -4.0658415598749259E-01 a      1213     1    11     2    13
 -4.3337101525920874E-01 a      1214     1    11     2    14
  4.6866453786934437E-01 a      1215     1    11     2    15
  3.7920557499580870E-01 a      1216     1    11     2    16
  3.9100467730960586E-01 a      1217     1    12     2     1
  1.9601657716625315E-01 a      1218     1    12     2     2
 -1.0883668452900692E+00 a      1219     1    12     2     3
  6.4379454897379007E-01 a      1220     1    12     2     4
 -4.9271791834092532E-01 a      1221     1    12     2     5
 -1.1705149060319104E+00 a      1222     1    12     2     6
  1.4831899556935204E+00 a      1223     1    12     2     7
 -1.1389971575654949E+00 a      1224     1    12     2     8
 -8.9100165601283066E-01 a      1225     1    12     2     9
  5.2024731801415502E-01 a      1226     1    12     2    10
  2.5158445059418150E-01 a      1227     1    12     2    11
  1.0484439040173086E+00 a      1228     1    12     2    12
  7.9699981276142973E-01 a      1229     1    12     2    13
 -1.2947465984360104E-01 a      1230     1    12     2    14
  9.6796874982167380E-01 a      1231     1    12     2    15
  9.9575381898200935E-02 a      1232     1    12     2    16
 -1.1599744656031320E-01 a      1233     1    13     2     1
 -2.9329100480059295E-01 a      1234     1    13     2     2
  2.0757131008506408E-01 a      1235     1    13     2     3
  1.0055401702953113E+00 a      1236     1    13     2     4
  1.3854068948619516E-01 a      1237     1    13     2     5
 -4.1235607991705980E-01 a      1238     1    13     2     6
  2.2675360291553930E+00 a      1239     1    13     2     7
 -6.6250597253855736E-01 a      1240     1    13     2     8
 -6.9151296140872842E-01 a      1241     1    13     2     9
 -6.8388106227897227E-01 a      1242     1    13     2    10
  9.4307828002480809E-01 a      1243     1    13     2    11
 -2.6007031287554855E-01 a      1244     1    13     2    12
 -1.6676675698295013E-01 a      1245     1    13     2    13
 -1.6545937947303309E+00 a      1246     1    13     2    14
  6.1577688759238147E-01 a      1247     1    13     2    15
 -4.8059430909479811E-01 a      1248     1    13     2    16
 -2.1020153154531507E-01 a      1249     1    14     2     1
 -8.5274419178491512E-01 a      1250     1    14     2     2
 -1.2786279395571029E-01 a      1251     1    14     2     3
  2.9750292739055795E-01 a      1252     1    14     2     4
 -1.5955791390644050E+00 a      1253     1    14     2     5
 -3.5269208440314864E-01 a      1254     1    14     2     6
  8.3895694502239060E-01 a      1255     1    14     2     7
 -1.8529368631601211E+00 a      1256     1    14     2     8
 -1.7211368354868580E-02 a      1257     1    14     2     9
  7.9747220605312613E-02 a      1258     1    14     2    10
  5.8835336044583453E-01 a      1259     1    14     2    11
  9.7778970719113489E-01 a      1260     1    14     2    12
  1.4423062055966701E-01 a      1261     1    14     2    13
  4.8402697239589182E-01 a      1262     1    14     2    14
  1.0705384569350491E+00 a      1263     1    14     2    15
 -3.4089612753519749E-01 a      1264     1    14     2    16
  1.8557815980682748E+00 a      1265     1    15     2     1
  7.1487912438991108E-01 a      1266     1    15     2     2
 -2.2121772522785469E-02 a      1267     1    15     2     3
 -6.0310193599788708E-01 a      1268     1    15     2     4
  4.5706570371207746E+00 a      1269     1    15     2     5
 -1.1735671313640128E+00 a      1270     1    15     2     6
  1.5389338005106254E+00 a      1271     1    15     2     7
 -1.6967044618431484E+00 a      1272     1    15     2     8
 -5.8376619812601560E-01 a      1273     1    15     2     9
  6.3249509371963242E-01 a      1274     1    15     2    10
  1.4065143144592072E+00 a      1275     1    15     2    11
 -6.3844454933860728E-01 a      1276     1    15     2    12
  6.5089592178057509E-01 a      1277     1    15     2    13
  9.9395624350166034E-01 a      1278     1    15     2    14
  1.5628474324940471E+00 a      1279     1    15     2    15
  1.1675011812348730E+00 a      1280     1    15     2    16
 -2.9610916915154412E-01 a      1281     1    16     2     1
  2.4498196521586407E-01 a      1282     1    16     2     2
  2.6412752080803514E-01 a      1283     1    16     2     3
  3.1672960784586712E-01 a      1284     1    16     2     4
  4.2124470201612230E-01 a      1285     1    16     2     5
  7.3042036416067824E-02 a      1286     1    16     2     6
 -1.3536850792821380E+00 a      1287     1    16     2     7
 -4.1163370150763162E-01 a      1288     1    16     2     8
 -5.5656982178307479E-01 a      1289     1    16     2     9
  2.0343667903799556E-01 a      1290     1    16     2    10
  3.0185349221883317E-01 a      1291     1    16     2    11
 -5.3294930133638041E-01 a      1292     1    16     2    12
 -3.2461937523545648E-01 a      1293     1    16     2    13
 -4.9166739419505062E-01 a      1294     1    16     2    14
  8.4105808997799958E-01 a      1295     1    16     2    15
 -9.0335903992439714E-01 a      1296     1    16     2    16
  1.5678579669401140E+00 b      1297     2     1
 -4.2498293498707190E-01 b      1298     2     2
 -4.5747223531493220E-01 b      1299     2     3
 -7.3610925290009699E-01 b      1300     2     4
  3.2164269543492137E+00 b      1301     2     5
 -7.9053416088991491E-01 b      1302     2     6
  4.4341532697376858E+00 b      1303     2     7
  2.1295628384328005E+00 b      1304     2     8
 -2.8240799790238486E-01 b      1305     2     9
 -1.1864256209307845E-01 b      1306     2    10
 -2.7980640007422836E-01 b      1307     2    11
 -2.0919788254305377E-01 b      1308     2    12
  2.4487381766969910E-01 b      1309     2    13
 -1.0647978147446000E+00 b      1310     2    14
 -4.1431103966094351E+00 b      1311     2    15
  9.8619594280353906E-01 b      1312     2    16
  5.3982950408178798E-01 a      1313     2     1     3     1
 -1.2457959968157424E-01 a      1314     2     2     3     1
  3.8376994222446076E-01 a      1315     2     3     3     1
  1.0398516169038355E-01 a      1316     2     4     3     1
  6.3770680284621819E-03 a      1317     2     5     3     1
 -1.0334370771017400E+00 a      1318     2     6     3     1
 -3.6013459087113141E-02 a      1319     2     7     3     1
 -3.2270068971309795E-01 a      1320     2     8     3     1
  5.5039365714552013E-01 a      1321     2     9     3     1
 -1.4937582747642852E-01 a      1322     2    10     3     1
 -1.8429431095699061E-01 a      1323     2    11     3     1
  1.0494265712574526E-01 a      1324     2    12     3     1
 -7.7058483469442685E-01 a      1325     2    13     3     1
  2.9122637235697690E-01 a      1326     2    14     3     1
  5.8263789668958184E-02 a      1327     2    15     3     1
 -3.1115419759359192E-01 a      1328     2    16     3     1
 -1.0141520673633853E-01 b      1329     3     1
