0.000000000000000000e+00 6.510510000000000446e+02 6.273120000000000118e+02 1.982079999999999984e+02 1.924269999999999925e+02
1.000000000000000000e+00 1.066580000000000013e+02 1.114039999999999964e+02 1.908950000000000102e+02 1.745080000000000098e+02
2.000000000000000000e+00 3.428900000000000148e+01 3.697799999999999443e+01 1.574960000000000093e+02 1.407429999999999950e+02
3.000000000000000000e+00 2.285500000000000043e+01 2.715199999999999747e+01 1.462450000000000045e+02 1.285519999999999925e+02
4.000000000000000000e+00 1.862099999999999866e+01 2.310299999999999798e+01 1.387690000000000055e+02 1.218079999999999927e+02
5.000000000000000000e+00 1.671799999999999997e+01 2.149800000000000111e+01 1.338060000000000116e+02 1.175649999999999977e+02
6.000000000000000000e+00 1.555499999999999972e+01 1.989199999999999946e+01 1.304629999999999939e+02 1.145710000000000122e+02
7.000000000000000000e+00 1.482799999999999940e+01 1.904799999999999827e+01 1.281860000000000070e+02 1.127129999999999939e+02
8.000000000000000000e+00 1.420500000000000007e+01 1.827399999999999736e+01 1.260340000000000060e+02 1.107459999999999951e+02
9.000000000000000000e+00 1.346700000000000053e+01 1.786199999999999832e+01 1.244080000000000013e+02 1.089410000000000025e+02
1.000000000000000000e+01 1.304600000000000115e+01 1.721299999999999741e+01 1.228879999999999910e+02 1.076740000000000066e+02
1.100000000000000000e+01 1.258099999999999952e+01 1.690399999999999991e+01 1.213340000000000032e+02 1.064749999999999943e+02
1.200000000000000000e+01 1.222199999999999953e+01 1.639399999999999835e+01 1.202740000000000009e+02 1.059149999999999920e+02
1.300000000000000000e+01 1.212100000000000044e+01 1.608699999999999974e+01 1.193179999999999978e+02 1.053980000000000103e+02
1.400000000000000000e+01 1.178100000000000058e+01 1.574000000000000021e+01 1.181640000000000015e+02 1.043790000000000049e+02
1.500000000000000000e+01 1.163799999999999990e+01 1.541699999999999982e+01 1.168599999999999994e+02 1.035610000000000070e+02
1.600000000000000000e+01 1.134200000000000053e+01 1.508000000000000007e+01 1.160030000000000001e+02 1.028649999999999949e+02
1.700000000000000000e+01 1.107000000000000028e+01 1.477599999999999980e+01 1.150400000000000063e+02 1.024249999999999972e+02
1.800000000000000000e+01 1.088400000000000034e+01 1.454800000000000004e+01 1.143760000000000048e+02 1.020250000000000057e+02
1.900000000000000000e+01 1.067600000000000016e+01 1.430799999999999983e+01 1.137210000000000036e+02 1.016920000000000073e+02
2.000000000000000000e+01 1.055200000000000138e+01 1.414299999999999891e+01 1.131149999999999949e+02 1.013029999999999973e+02
2.100000000000000000e+01 1.042399999999999949e+01 1.392599999999999838e+01 1.123280000000000030e+02 1.007279999999999944e+02
2.200000000000000000e+01 1.029000000000000092e+01 1.378399999999999892e+01 1.117240000000000038e+02 1.004509999999999934e+02
2.300000000000000000e+01 1.011300000000000132e+01 1.357900000000000063e+01 1.111570000000000107e+02 9.990599999999999170e+01
2.400000000000000000e+01 9.948000000000000398e+00 1.342999999999999972e+01 1.107370000000000090e+02 9.969500000000000739e+01
2.500000000000000000e+01 9.820000000000000284e+00 1.329800000000000004e+01 1.104039999999999964e+02 9.960199999999998965e+01
2.600000000000000000e+01 9.721999999999999531e+00 1.318999999999999950e+01 1.099789999999999992e+02 9.934499999999999886e+01
2.700000000000000000e+01 9.636000000000001009e+00 1.312600000000000122e+01 1.094309999999999974e+02 9.909900000000000375e+01
2.800000000000000000e+01 9.544000000000000483e+00 1.301099999999999923e+01 1.089740000000000038e+02 9.866299999999999670e+01
2.900000000000000000e+01 9.426999999999999602e+00 1.288400000000000034e+01 1.085420000000000016e+02 9.856199999999999761e+01
3.000000000000000000e+01 9.306999999999998607e+00 1.279199999999999982e+01 1.082360000000000042e+02 9.832899999999999352e+01
3.100000000000000000e+01 9.207999999999998408e+00 1.264799999999999969e+01 1.078260000000000076e+02 9.798499999999999943e+01
3.200000000000000000e+01 9.153999999999999915e+00 1.256000000000000050e+01 1.072229999999999990e+02 9.759399999999999409e+01
3.300000000000000000e+01 9.072999999999998622e+00 1.245599999999999952e+01 1.068780000000000001e+02 9.737700000000000955e+01
3.400000000000000000e+01 9.027000000000001023e+00 1.235100000000000087e+01 1.065190000000000055e+02 9.721100000000001273e+01
3.500000000000000000e+01 8.929000000000000270e+00 1.223800000000000132e+01 1.060840000000000032e+02 9.697400000000000375e+01
3.600000000000000000e+01 8.874000000000000554e+00 1.213900000000000112e+01 1.058629999999999995e+02 9.684300000000000352e+01
3.700000000000000000e+01 8.777999999999998693e+00 1.203700000000000081e+01 1.056350000000000051e+02 9.661599999999999966e+01
3.800000000000000000e+01 8.717999999999999972e+00 1.197899999999999920e+01 1.052980000000000018e+02 9.660499999999998977e+01
3.900000000000000000e+01 8.641000000000000014e+00 1.188199999999999967e+01 1.049989999999999952e+02 9.640400000000001057e+01
4.000000000000000000e+01 8.545999999999999375e+00 1.176900000000000013e+01 1.047219999999999942e+02 9.622599999999999909e+01
4.100000000000000000e+01 8.489000000000000767e+00 1.170199999999999996e+01 1.045429999999999922e+02 9.605199999999999250e+01
4.200000000000000000e+01 8.453000000000001180e+00 1.166599999999999859e+01 1.043580000000000041e+02 9.581099999999999284e+01
4.300000000000000000e+01 8.413999999999999702e+00 1.159699999999999953e+01 1.041679999999999922e+02 9.567299999999998761e+01
4.400000000000000000e+01 8.368999999999999773e+00 1.153500000000000014e+01 1.039000000000000057e+02 9.554300000000000637e+01
4.500000000000000000e+01 8.312999999999998835e+00 1.144999999999999929e+01 1.037089999999999890e+02 9.533899999999999864e+01
4.600000000000000000e+01 8.275999999999999801e+00 1.142399999999999949e+01 1.034189999999999969e+02 9.505299999999999727e+01
4.700000000000000000e+01 8.237000000000000099e+00 1.138499999999999979e+01 1.031979999999999933e+02 9.491400000000000148e+01
4.800000000000000000e+01 8.195999999999999730e+00 1.130300000000000082e+01 1.029869999999999948e+02 9.472199999999999420e+01
4.900000000000000000e+01 8.141000000000000014e+00 1.123300000000000054e+01 1.028030000000000115e+02 9.453400000000000603e+01
5.000000000000000000e+01 8.099999999999999645e+00 1.118599999999999994e+01 1.025979999999999990e+02 9.442699999999999250e+01
5.100000000000000000e+01 8.064999999999999503e+00 1.113500000000000156e+01 1.022710000000000008e+02 9.427199999999999136e+01
5.200000000000000000e+01 8.022000000000000242e+00 1.110099999999999909e+01 1.020999999999999943e+02 9.416199999999999193e+01
5.300000000000000000e+01 7.988000000000000433e+00 1.102500000000000036e+01 1.018560000000000088e+02 9.401700000000001012e+01
5.400000000000000000e+01 7.938000000000000611e+00 1.095299999999999940e+01 1.015949999999999989e+02 9.384799999999999898e+01
5.500000000000000000e+01 7.894999999999999574e+00 1.089700000000000024e+01 1.014390000000000072e+02 9.371300000000000807e+01
5.600000000000000000e+01 7.858999999999999986e+00 1.086799999999999855e+01 1.012760000000000105e+02 9.362600000000000477e+01
5.700000000000000000e+01 7.825000000000000178e+00 1.084899999999999842e+01 1.011470000000000056e+02 9.359600000000000364e+01
5.800000000000000000e+01 7.780999999999999694e+00 1.081700000000000017e+01 1.010589999999999975e+02 9.346899999999999409e+01
5.900000000000000000e+01 7.741999999999999993e+00 1.076099999999999923e+01 1.008880000000000052e+02 9.332699999999999818e+01
6.000000000000000000e+01 7.707000000000000739e+00 1.071199999999999974e+01 1.006380000000000052e+02 9.321300000000000807e+01
6.100000000000000000e+01 7.675999999999999268e+00 1.068200000000000038e+01 1.004279999999999973e+02 9.308500000000000796e+01
6.200000000000000000e+01 7.644000000000000128e+00 1.066699999999999982e+01 1.002669999999999959e+02 9.292599999999998772e+01
6.300000000000000000e+01 7.609999999999999432e+00 1.061200000000000010e+01 1.001580000000000013e+02 9.286199999999999477e+01
6.400000000000000000e+01 7.586999999999999744e+00 1.060799999999999876e+01 1.000030000000000001e+02 9.277700000000000102e+01
6.500000000000000000e+01 7.562000000000000277e+00 1.057199999999999918e+01 9.986700000000000443e+01 9.266700000000000159e+01
6.600000000000000000e+01 7.548000000000000043e+00 1.054100000000000037e+01 9.973099999999999454e+01 9.252199999999999136e+01
6.700000000000000000e+01 7.528999999999999915e+00 1.051999999999999957e+01 9.958899999999999864e+01 9.246600000000000819e+01
6.800000000000000000e+01 7.508000000000000007e+00 1.049600000000000044e+01 9.946599999999999397e+01 9.237800000000000011e+01
6.900000000000000000e+01 7.482999999999999652e+00 1.046499999999999986e+01 9.929800000000000182e+01 9.222599999999999909e+01
7.000000000000000000e+01 7.459000000000000519e+00 1.043299999999999983e+01 9.920199999999999818e+01 9.212299999999999045e+01
7.100000000000000000e+01 7.439000000000000057e+00 1.040700000000000003e+01 9.901999999999999602e+01 9.203300000000000125e+01
7.200000000000000000e+01 7.410000000000000142e+00 1.038100000000000023e+01 9.880400000000000205e+01 9.191400000000000148e+01
7.300000000000000000e+01 7.370999999999999552e+00 1.034999999999999964e+01 9.871599999999999397e+01 9.177899999999999636e+01
7.400000000000000000e+01 7.355000000000000426e+00 1.033500000000000085e+01 9.854200000000000159e+01 9.168999999999999773e+01
7.500000000000000000e+01 7.334000000000000519e+00 1.031299999999999883e+01 9.841900000000001114e+01 9.157700000000001239e+01
7.600000000000000000e+01 7.309000000000000163e+00 1.027999999999999936e+01 9.831900000000000261e+01 9.147899999999999920e+01
7.700000000000000000e+01 7.294000000000000483e+00 1.025300000000000011e+01 9.814699999999999136e+01 9.143800000000000239e+01
7.800000000000000000e+01 7.274000000000000021e+00 1.021799999999999997e+01 9.798600000000000421e+01 9.135300000000000864e+01
7.900000000000000000e+01 7.250000000000000000e+00 1.019200000000000017e+01 9.788400000000000034e+01 9.120300000000000296e+01
8.000000000000000000e+01 7.231999999999999318e+00 1.018100000000000094e+01 9.780100000000000193e+01 9.110799999999998988e+01
8.100000000000000000e+01 7.224000000000000199e+00 1.014100000000000001e+01 9.766599999999999682e+01 9.101699999999999591e+01
8.200000000000000000e+01 7.193999999999999950e+00 1.010699999999999932e+01 9.756900000000000261e+01 9.101299999999999102e+01
8.300000000000000000e+01 7.184000000000000163e+00 1.009500000000000064e+01 9.747200000000000841e+01 9.089300000000000068e+01
8.400000000000000000e+01 7.163000000000000256e+00 1.008600000000000030e+01 9.735999999999999943e+01 9.076200000000000045e+01
8.500000000000000000e+01 7.139000000000000234e+00 1.006899999999999906e+01 9.719599999999999795e+01 9.066700000000000159e+01
8.600000000000000000e+01 7.120999999999999552e+00 1.003800000000000026e+01 9.706099999999999284e+01 9.059100000000000819e+01
8.700000000000000000e+01 7.099000000000000199e+00 1.000099999999999945e+01 9.701899999999999125e+01 9.046500000000000341e+01
8.800000000000000000e+01 7.074999999999999289e+00 9.979999999999998650e+00 9.685399999999999920e+01 9.033599999999999852e+01
8.900000000000000000e+01 7.056000000000000050e+00 9.953999999999998849e+00 9.675200000000000955e+01 9.021099999999999852e+01
9.000000000000000000e+01 7.035999999999999588e+00 9.941000000000000725e+00 9.665999999999999659e+01 9.013500000000000512e+01
9.100000000000000000e+01 7.008999999999999453e+00 9.907000000000000028e+00 9.654000000000000625e+01 9.013599999999999568e+01
9.200000000000000000e+01 7.000000000000000000e+00 9.878000000000000114e+00 9.641900000000001114e+01 9.007099999999999795e+01
9.300000000000000000e+01 6.980999999999999872e+00 9.849000000000000199e+00 9.632099999999999795e+01 9.001200000000000045e+01
9.400000000000000000e+01 6.971000000000000085e+00 9.836999999999999744e+00 9.622100000000000364e+01 8.995599999999998886e+01
9.500000000000000000e+01 6.950999999999999623e+00 9.809999999999998721e+00 9.612800000000000011e+01 8.987900000000000489e+01
9.600000000000000000e+01 6.948000000000000398e+00 9.798000000000000043e+00 9.605800000000000693e+01 8.980899999999999750e+01
9.700000000000000000e+01 6.932999999999999829e+00 9.773999999999999133e+00 9.597500000000000853e+01 8.974899999999999523e+01
9.800000000000000000e+01 6.919999999999999929e+00 9.750000000000000000e+00 9.591199999999999193e+01 8.969100000000000250e+01
9.900000000000000000e+01 6.891000000000000014e+00 9.723000000000000753e+00 9.580900000000001171e+01 8.961700000000000443e+01
1.000000000000000000e+02 6.878999999999999559e+00 9.717000000000000526e+00 9.577700000000000102e+01 8.953899999999998727e+01
