################################################################################
# Learning curves for energies and forces.
################################################################################
# Col  Name             Description
################################################################################
# 1    epoch            Current epoch.
# 2    rmse_Etrain_phys RMSE of training energies per atom (physical units).
# 3    rmse_Etest_phys  RMSE of test energies per atom (physical units).
# 4    rmse_Ftrain_phys RMSE of training forces (physical units).
# 5    rmse_Ftest_phys  RMSE of test forces (physical units).
################################################################################
#        1                2                3                4                5
#    epoch rmse_Etrain_phys  rmse_Etest_phys rmse_Ftrain_phys  rmse_Ftest_phys
##############################################################################
         0   8.57872261E+00   8.22352313E+00   8.65691472E-01   9.61869718E-01
         1   1.70775464E-02   1.46534336E-01   8.09676865E-03   1.81325056E-01
         2   9.99354439E-03   8.22685927E-02   4.06797641E-03   1.26628504E-01
         3   1.37260796E-02   4.91801715E-02   4.38933304E-03   1.26612292E-01
         4   5.21703215E-03   5.09837977E-02   3.29057170E-03   7.15192795E-02
         5   7.98587081E-04   6.65367051E-02   2.66302710E-03   9.88789040E-02
         6   1.02286770E-03   5.83520603E-02   3.15487311E-03   9.60335103E-02
         7   1.10337508E-03   5.28125155E-02   2.64874614E-03   1.08494830E-01
         8   1.75630371E-04   6.55610930E-02   2.78090787E-03   1.04994061E-01
         9   1.89773821E-04   5.18225488E-02   2.05998051E-03   1.05967696E-01
        10   1.49898318E-04   4.41192672E-02   1.50000840E-03   1.08368426E-01
        11   1.80533506E-04   3.39129744E-02   1.06616086E-03   1.26543363E-01
        12   1.11268020E-04   2.98866101E-02   1.04903360E-03   1.27407942E-01
        13   1.14879358E-04   1.73345228E-02   9.89248893E-04   1.47510752E-01
        14   1.42639013E-04   2.87670623E-02   8.84151082E-04   1.33797606E-01
        15   1.11643002E-04   2.40390340E-02   8.13494730E-04   1.42110488E-01
        16   1.07008433E-04   2.32243453E-02   8.24237344E-04   1.49220242E-01
        17   1.01451253E-04   1.73956469E-02   7.98412357E-04   1.41533352E-01
        18   1.00417248E-04   1.94399176E-02   7.50521415E-04   1.44520707E-01
        19   1.02124578E-04   2.12852674E-02   7.48148712E-04   1.30987688E-01
        20   9.79599605E-05   2.41121299E-02   7.63049496E-04   1.37746927E-01
        21   1.06353887E-04   2.37682653E-02   7.59193466E-04   1.39616831E-01
        22   1.05015103E-04   2.61928449E-02   6.80742124E-04   1.35899640E-01
        23   1.04404926E-04   2.48666633E-02   6.49272476E-04   1.39384543E-01
        24   1.24961358E-04   2.56157313E-02   6.52314693E-04   1.31381588E-01
        25   1.30236999E-04   2.08053320E-02   6.49011349E-04   1.23091372E-01
        26   1.27330918E-04   2.17736749E-02   6.28509048E-04   1.13256015E-01
        27   1.22837629E-04   2.10057417E-02   6.34874375E-04   1.20139011E-01
        28   1.17965308E-04   2.60676172E-02   6.47221942E-04   1.26662447E-01
        29   1.20215360E-04   2.18888587E-02   6.49863812E-04   1.28450174E-01
        30   1.08644198E-04   2.25852865E-02   6.74220097E-04   1.32925262E-01
        31   1.07589425E-04   2.08621822E-02   6.70710998E-04   1.39296938E-01
        32   1.33724946E-04   1.80406031E-02   6.71882522E-04   1.40711013E-01
        33   1.68885759E-04   1.88229621E-02   6.79566216E-04   1.40671552E-01
        34   1.39054090E-04   2.08186198E-02   7.18479260E-04   1.37552173E-01
        35   1.18925208E-04   2.20200633E-02   6.78057713E-04   1.42944349E-01
        36   1.11713985E-04   2.24179842E-02   6.75866733E-04   1.43253408E-01
        37   1.08577560E-04   2.23104090E-02   6.59320480E-04   1.52095120E-01
        38   1.06346521E-04   2.42123190E-02   6.56339894E-04   1.57374107E-01
        39   1.07225735E-04   2.80818260E-02   6.59343703E-04   1.58098069E-01
        40   1.04746819E-04   2.82129978E-02   6.62205794E-04   1.58426222E-01
        41   1.16405243E-04   2.96869086E-02   6.48524736E-04   1.63555449E-01
        42   1.08419370E-04   3.03227709E-02   6.50984627E-04   1.59091794E-01
        43   1.07196734E-04   3.06552461E-02   6.37467416E-04   1.58254652E-01
        44   1.02656352E-04   2.94562420E-02   6.35178301E-04   1.54077962E-01
        45   9.86059721E-05   3.15471504E-02   6.27626984E-04   1.53366079E-01
        46   9.58601779E-05   3.46593931E-02   6.09560643E-04   1.55701656E-01
        47   9.64569893E-05   3.63303245E-02   6.05340135E-04   1.50099535E-01
        48   9.47103118E-05   3.56112007E-02   6.03886308E-04   1.42807170E-01
        49   9.75753822E-05   3.71261841E-02   5.99167120E-04   1.43244336E-01
        50   9.72388514E-05   3.62534599E-02   6.09733040E-04   1.36970817E-01
        51   9.66805025E-05   3.57313699E-02   6.17138984E-04   1.38429051E-01
        52   9.54177263E-05   3.53730904E-02   5.62668579E-04   1.29413644E-01
        53   9.53598983E-05   3.48071393E-02   5.62379281E-04   1.26567204E-01
        54   9.51760925E-05   3.48950435E-02   5.63004956E-04   1.28859422E-01
        55   9.71276793E-05   3.50536079E-02   5.59496696E-04   1.32771826E-01
        56   9.54379247E-05   3.48452470E-02   5.58357330E-04   1.29654823E-01
        57   1.04782924E-04   3.42913114E-02   5.53072766E-04   1.24367278E-01
        58   1.03049483E-04   3.30069712E-02   5.52742498E-04   1.26340112E-01
        59   1.01656774E-04   3.39589567E-02   5.51470757E-04   1.22094107E-01
        60   9.69724148E-05   3.39014541E-02   5.51645997E-04   1.22381350E-01
        61   9.69231275E-05   3.45939064E-02   5.51484640E-04   1.22095080E-01
        62   9.69707596E-05   3.51173779E-02   5.50194293E-04   1.20410068E-01
        63   9.75144480E-05   3.56123832E-02   5.49170149E-04   1.22159279E-01
        64   9.71117887E-05   3.69876142E-02   5.49696033E-04   1.25412851E-01
        65   9.90821449E-05   3.79062158E-02   5.46298578E-04   1.26754483E-01
        66   1.00092637E-04   3.79458218E-02   5.45400079E-04   1.26160355E-01
        67   9.94515636E-05   3.83227979E-02   5.46221513E-04   1.24109017E-01
        68   9.67107295E-05   3.75049217E-02   5.44313386E-04   1.22173510E-01
        69   9.93465442E-05   3.93975119E-02   5.44516036E-04   1.23427741E-01
        70   9.89767413E-05   3.94026787E-02   5.43924800E-04   1.24819250E-01
        71   9.87179343E-05   3.96694433E-02   5.42527937E-04   1.22210431E-01
        72   1.02747323E-04   3.88335897E-02   5.44538595E-04   1.24711424E-01
        73   1.03349810E-04   3.90837953E-02   5.46555700E-04   1.23940078E-01
        74   1.02066760E-04   3.81492657E-02   5.46928160E-04   1.22917446E-01
        75   1.01982675E-04   3.80749444E-02   5.45470103E-04   1.22432234E-01
        76   1.15643267E-04   3.82665810E-02   5.48182164E-04   1.23207750E-01
        77   1.07527875E-04   3.87789563E-02   5.46952047E-04   1.22656706E-01
        78   1.14803956E-04   3.94857101E-02   5.49122267E-04   1.23706388E-01
        79   1.19034052E-04   3.92398486E-02   5.48532304E-04   1.23436825E-01
        80   1.04181082E-04   3.86061841E-02   5.46676504E-04   1.22320126E-01
        81   1.04191493E-04   3.97613123E-02   5.43707159E-04   1.27155033E-01
        82   1.09522749E-04   4.01220701E-02   5.45123527E-04   1.29313825E-01
        83   1.08522579E-04   3.98288645E-02   5.44613730E-04   1.28616255E-01
        84   1.07124108E-04   3.90622541E-02   5.45964210E-04   1.29458674E-01
        85   1.07658535E-04   3.83846531E-02   5.46874967E-04   1.29425349E-01
        86   1.07707759E-04   3.93663380E-02   5.48302914E-04   1.27570974E-01
        87   1.06339511E-04   3.90023615E-02   5.46604926E-04   1.28493008E-01
        88   1.06381295E-04   3.85976646E-02   5.46227412E-04   1.27033567E-01
        89   1.05974022E-04   3.94754754E-02   5.45636243E-04   1.25932370E-01
        90   1.00744196E-04   3.98926058E-02   5.44588693E-04   1.23501556E-01
        91   9.98406512E-05   3.94273300E-02   5.40878347E-04   1.18665537E-01
        92   9.98129674E-05   3.92676239E-02   5.40489194E-04   1.18687406E-01
        93   1.00559854E-04   3.90204714E-02   5.40800702E-04   1.18764393E-01
        94   1.00401639E-04   3.85035290E-02   5.41415236E-04   1.18010518E-01
        95   1.00766877E-04   3.76371096E-02   5.41513562E-04   1.19266469E-01
        96   9.96992933E-05   3.67018062E-02   5.40262429E-04   1.18862196E-01
        97   1.00824153E-04   3.75268557E-02   5.39139229E-04   1.17125998E-01
        98   9.96517190E-05   3.81104964E-02   5.38694835E-04   1.18945879E-01
        99   9.87142230E-05   3.87689953E-02   5.39138741E-04   1.21170117E-01
       100   1.00972116E-04   3.97632011E-02   5.39104196E-04   1.17607573E-01
       101   1.02205661E-04   4.07237510E-02   5.38921145E-04   1.17419864E-01
       102   1.01007004E-04   3.97711564E-02   5.38294993E-04   1.18847046E-01
       103   1.00514521E-04   3.96242742E-02   5.38106481E-04   1.18776289E-01
       104   9.97529483E-05   4.01121630E-02   5.37370654E-04   1.17975638E-01
       105   1.00251437E-04   4.08728605E-02   5.37777322E-04   1.17042156E-01
       106   9.93929937E-05   4.19368737E-02   5.37422608E-04   1.17098690E-01
       107   9.91027902E-05   4.21823024E-02   5.37208710E-04   1.17369999E-01
       108   1.01700435E-04   4.15787031E-02   5.37338125E-04   1.17520297E-01
       109   1.00782678E-04   4.20901672E-02   5.37689314E-04   1.18066366E-01
       110   1.00309382E-04   4.23818527E-02   5.37256484E-04   1.18014925E-01
       111   1.00732868E-04   4.32790017E-02   5.36933199E-04   1.18189279E-01
       112   1.00249911E-04   4.31067700E-02   5.36854483E-04   1.18045883E-01
       113   1.00175849E-04   4.40435580E-02   5.36972554E-04   1.19616223E-01
       114   1.00137150E-04   4.39766512E-02   5.36753856E-04   1.18628303E-01
       115   9.98439802E-05   4.36742358E-02   5.36994839E-04   1.18292738E-01
       116   1.00068727E-04   4.34163933E-02   5.37483581E-04   1.19155577E-01
       117   1.00048494E-04   4.31416319E-02   5.37899754E-04   1.19944874E-01
       118   1.00276939E-04   4.28302730E-02   5.37673137E-04   1.20705738E-01
       119   1.00398556E-04   4.33997822E-02   5.36837497E-04   1.21182919E-01
       120   1.00333921E-04   4.36075363E-02   5.37055432E-04   1.21241822E-01
       121   1.00018250E-04   4.40263336E-02   5.36628835E-04   1.21742734E-01
       122   1.00147416E-04   4.37608810E-02   5.37629805E-04   1.22495457E-01
       123   1.01200059E-04   4.31551309E-02   5.37906362E-04   1.21122462E-01
       124   1.01068704E-04   4.33699966E-02   5.37958735E-04   1.21559111E-01
       125   1.00855350E-04   4.36718416E-02   5.37507952E-04   1.21580186E-01
       126   1.01813858E-04   4.39206567E-02   5.37943664E-04   1.21780627E-01
       127   1.02101259E-04   4.42381312E-02   5.37934016E-04   1.21987219E-01
       128   1.01927219E-04   4.47414809E-02   5.37427399E-04   1.21663738E-01
       129   1.02044005E-04   4.48117843E-02   5.37355501E-04   1.21181154E-01
       130   1.02457072E-04   4.47133908E-02   5.37108269E-04   1.20422668E-01
       131   1.02196878E-04   4.41409968E-02   5.37058951E-04   1.20143617E-01
       132   1.02043809E-04   4.37834542E-02   5.37052086E-04   1.20533457E-01
       133   1.03028644E-04   4.35143990E-02   5.37041640E-04   1.21165806E-01
       134   1.02921059E-04   4.37646544E-02   5.37456939E-04   1.21257460E-01
       135   1.03057129E-04   4.36756049E-02   5.37271232E-04   1.22202673E-01
       136   1.02232066E-04   4.37892378E-02   5.36835868E-04   1.22627600E-01
       137   1.01354070E-04   4.39951992E-02   5.36111749E-04   1.22858547E-01
       138   1.01293440E-04   4.41318283E-02   5.35610196E-04   1.22965301E-01
       139   1.01321301E-04   4.42396818E-02   5.35085641E-04   1.24186836E-01
       140   1.01681847E-04   4.46601087E-02   5.34665883E-04   1.23617434E-01
       141   1.01741744E-04   4.45770284E-02   5.34634119E-04   1.23323641E-01
       142   1.01242903E-04   4.44808977E-02   5.34316427E-04   1.23283665E-01
       143   1.00967017E-04   4.48058216E-02   5.34527366E-04   1.23259065E-01
       144   1.01063622E-04   4.43033650E-02   5.34070169E-04   1.23135237E-01
       145   1.00955324E-04   4.44364153E-02   5.34170935E-04   1.22614372E-01
       146   1.00975274E-04   4.46770060E-02   5.34117364E-04   1.23181817E-01
       147   1.00877296E-04   4.48370045E-02   5.35032856E-04   1.24184535E-01
       148   1.00767033E-04   4.46549169E-02   5.34830255E-04   1.24643448E-01
       149   1.00956475E-04   4.47624254E-02   5.34717991E-04   1.25071302E-01
       150   1.01404655E-04   4.45603593E-02   5.34697748E-04   1.25555771E-01
       151   1.01274658E-04   4.45935831E-02   5.34837731E-04   1.25345924E-01
       152   1.01127230E-04   4.47184023E-02   5.34671931E-04   1.25576061E-01
       153   1.01520473E-04   4.50726815E-02   5.34162995E-04   1.26016922E-01
       154   1.01446758E-04   4.48026375E-02   5.34252185E-04   1.26331782E-01
       155   1.01716766E-04   4.41400685E-02   5.34327330E-04   1.26710468E-01
       156   1.01711771E-04   4.37294884E-02   5.34525329E-04   1.27519511E-01
       157   1.01748217E-04   4.37842981E-02   5.34413357E-04   1.26913841E-01
       158   1.01638972E-04   4.34731481E-02   5.34364830E-04   1.27108858E-01
       159   1.01870177E-04   4.31739663E-02   5.34215967E-04   1.27048733E-01
       160   1.01915764E-04   4.34746624E-02   5.34296039E-04   1.26594784E-01
       161   1.02037505E-04   4.35673619E-02   5.33866921E-04   1.26768634E-01
       162   1.02196804E-04   4.36709931E-02   5.33663990E-04   1.27727781E-01
       163   1.02216719E-04   4.38209731E-02   5.33749888E-04   1.27809274E-01
       164   1.02802831E-04   4.38767542E-02   5.33298675E-04   1.28568137E-01
       165   1.03130207E-04   4.35317245E-02   5.33673688E-04   1.28328399E-01
       166   1.03351721E-04   4.30832023E-02   5.33690411E-04   1.29172080E-01
       167   1.03052749E-04   4.33672545E-02   5.33831440E-04   1.28843104E-01
       168   1.03903774E-04   4.30522689E-02   5.33687269E-04   1.30007545E-01
       169   1.03406452E-04   4.28250506E-02   5.33573730E-04   1.31095763E-01
       170   1.03499475E-04   4.29373257E-02   5.33741769E-04   1.31259587E-01
       171   1.03428889E-04   4.29532097E-02   5.32839923E-04   1.30699286E-01
       172   1.04470766E-04   4.27765602E-02   5.32836132E-04   1.30897430E-01
       173   1.04984603E-04   4.28584965E-02   5.32740945E-04   1.31874857E-01
       174   1.04763272E-04   4.27210621E-02   5.32880309E-04   1.31973145E-01
       175   1.04701157E-04   4.32275864E-02   5.33017480E-04   1.32102357E-01
       176   1.04972243E-04   4.29816662E-02   5.33045382E-04   1.31512188E-01
       177   1.04960469E-04   4.31631094E-02   5.33181391E-04   1.32024761E-01
       178   1.04636176E-04   4.32120772E-02   5.33513347E-04   1.30920425E-01
       179   1.04646800E-04   4.34074993E-02   5.33922654E-04   1.30602436E-01
       180   1.04665444E-04   4.34261055E-02   5.33745193E-04   1.30929921E-01
       181   1.04788207E-04   4.39470905E-02   5.33719352E-04   1.30760275E-01
       182   1.06065353E-04   4.42422025E-02   5.33512085E-04   1.30709115E-01
       183   1.06337520E-04   4.41931918E-02   5.33512840E-04   1.31196930E-01
       184   1.05817154E-04   4.43393834E-02   5.33431751E-04   1.30743410E-01
       185   1.06010380E-04   4.43732495E-02   5.33172459E-04   1.31355956E-01
       186   1.06092815E-04   4.41005024E-02   5.33332065E-04   1.31383253E-01
       187   1.06115644E-04   4.44649524E-02   5.33592157E-04   1.31749092E-01
       188   1.06449034E-04   4.40197703E-02   5.32727009E-04   1.31397277E-01
       189   1.06391022E-04   4.40515403E-02   5.32516764E-04   1.31362001E-01
       190   1.06561706E-04   4.38751781E-02   5.32542437E-04   1.31266361E-01
       191   1.06319116E-04   4.40475059E-02   5.32462686E-04   1.31562500E-01
       192   1.06281684E-04   4.41250100E-02   5.32523266E-04   1.31955115E-01
       193   1.06177549E-04   4.40445606E-02   5.32087145E-04   1.32012276E-01
       194   1.06127294E-04   4.42440889E-02   5.32058144E-04   1.32641111E-01
       195   1.06252283E-04   4.43058990E-02   5.31813813E-04   1.31978210E-01
       196   1.06138859E-04   4.42030217E-02   5.31652660E-04   1.32043831E-01
       197   1.07032495E-04   4.42531863E-02   5.31380817E-04   1.33368802E-01
       198   1.06876087E-04   4.44123895E-02   5.31220133E-04   1.33758708E-01
       199   1.07052855E-04   4.46676839E-02   5.31440031E-04   1.33568493E-01
       200   1.07050115E-04   4.49892898E-02   5.31153738E-04   1.32722863E-01
       201   1.07061953E-04   4.47497343E-02   5.31373436E-04   1.32820896E-01
       202   1.07172546E-04   4.47598943E-02   5.31052597E-04   1.32727235E-01
       203   1.07599096E-04   4.48146144E-02   5.31146254E-04   1.33106961E-01
       204   1.07334212E-04   4.47276183E-02   5.31241110E-04   1.33265996E-01
       205   1.07766277E-04   4.46671547E-02   5.31032677E-04   1.32813735E-01
       206   1.07567819E-04   4.48217334E-02   5.31335520E-04   1.33115038E-01
       207   1.07408245E-04   4.48947006E-02   5.31125967E-04   1.32360674E-01
       208   1.07892124E-04   4.47307446E-02   5.31343646E-04   1.32505712E-01
       209   1.07694933E-04   4.50951822E-02   5.31342405E-04   1.32382467E-01
       210   1.07597027E-04   4.55199353E-02   5.31315660E-04   1.31889245E-01
       211   1.08252396E-04   4.52229719E-02   5.31410495E-04   1.33408110E-01
       212   1.08287908E-04   4.51918761E-02   5.31043248E-04   1.33136860E-01
       213   1.08345035E-04   4.53711432E-02   5.30767537E-04   1.32920497E-01
       214   1.08268416E-04   4.52776476E-02   5.30674067E-04   1.33398735E-01
       215   1.08249261E-04   4.53074211E-02   5.30732104E-04   1.33083291E-01
       216   1.08268783E-04   4.52750490E-02   5.30571781E-04   1.33017434E-01
       217   1.08589928E-04   4.52213790E-02   5.30680128E-04   1.33183469E-01
       218   1.08644706E-04   4.50230951E-02   5.30529282E-04   1.33442792E-01
       219   1.09083843E-04   4.52978778E-02   5.30439746E-04   1.33650529E-01
       220   1.08870455E-04   4.53801995E-02   5.30544487E-04   1.33134350E-01
       221   1.09709530E-04   4.56364265E-02   5.30517048E-04   1.33202456E-01
       222   1.09730720E-04   4.57342596E-02   5.30539425E-04   1.33584206E-01
       223   1.10234094E-04   4.56284289E-02   5.30440618E-04   1.33366887E-01
       224   1.10389646E-04   4.53393092E-02   5.30601572E-04   1.33723886E-01
       225   1.09645933E-04   4.54059538E-02   5.30413798E-04   1.34311441E-01
       226   1.09355554E-04   4.53162624E-02   5.30305680E-04   1.34555613E-01
       227   1.09611169E-04   4.55153630E-02   5.30119936E-04   1.34678540E-01
       228   1.10732024E-04   4.55775942E-02   5.29967462E-04   1.34101874E-01
       229   1.10761834E-04   4.56158721E-02   5.30238124E-04   1.33215346E-01
       230   1.10809081E-04   4.60269743E-02   5.30236436E-04   1.32685237E-01
       231   1.10372102E-04   4.60157745E-02   5.30209543E-04   1.32406388E-01
       232   1.11301260E-04   4.60725407E-02   5.30312621E-04   1.32378096E-01
       233   1.11046229E-04   4.61952445E-02   5.30293802E-04   1.31669357E-01
       234   1.10580953E-04   4.65014676E-02   5.30102906E-04   1.32041442E-01
       235   1.10501469E-04   4.67571574E-02   5.30106979E-04   1.32036362E-01
       236   1.10432295E-04   4.66556644E-02   5.29997850E-04   1.32358877E-01
       237   1.10363448E-04   4.66906502E-02   5.30495459E-04   1.31901349E-01
       238   1.10365034E-04   4.67617320E-02   5.30289357E-04   1.32172143E-01
       239   1.10263323E-04   4.68142806E-02   5.30305369E-04   1.32279013E-01
       240   1.11351124E-04   4.67642619E-02   5.30436794E-04   1.31996568E-01
       241   1.11339648E-04   4.69489270E-02   5.30587220E-04   1.32550470E-01
       242   1.10308267E-04   4.70198486E-02   5.30473926E-04   1.32209408E-01
       243   1.10234235E-04   4.71593479E-02   5.30295006E-04   1.32467200E-01
       244   1.11101066E-04   4.71524492E-02   5.30387498E-04   1.32635930E-01
       245   1.11260164E-04   4.70746412E-02   5.30565013E-04   1.32680440E-01
       246   1.11339003E-04   4.68304445E-02   5.30445186E-04   1.33544199E-01
       247   1.11219842E-04   4.69333037E-02   5.30695045E-04   1.33571523E-01
       248   1.11375503E-04   4.70420956E-02   5.30442631E-04   1.34172452E-01
       249   1.11405775E-04   4.70437915E-02   5.30761473E-04   1.34220908E-01
       250   1.11356450E-04   4.69676111E-02   5.30846264E-04   1.34912666E-01
       251   1.11236750E-04   4.69731518E-02   5.30842604E-04   1.34295084E-01
       252   1.11274908E-04   4.70944407E-02   5.30688777E-04   1.34383835E-01
       253   1.11329544E-04   4.71424308E-02   5.30415602E-04   1.34295559E-01
       254   1.11226789E-04   4.70184547E-02   5.30340033E-04   1.34751467E-01
       255   1.12069415E-04   4.70519179E-02   5.30257095E-04   1.35229351E-01
       256   1.13118678E-04   4.72693253E-02   5.30359553E-04   1.35022968E-01
       257   1.14516369E-04   4.75250152E-02   5.30727412E-04   1.35171055E-01
       258   1.14683753E-04   4.76041564E-02   5.30850642E-04   1.35644811E-01
       259   1.14802480E-04   4.77621894E-02   5.30826493E-04   1.36009518E-01
       260   1.14454332E-04   4.74805397E-02   5.30879747E-04   1.36154464E-01
       261   1.14587482E-04   4.75296638E-02   5.30489679E-04   1.36723426E-01
       262   1.14516437E-04   4.74585315E-02   5.30561382E-04   1.36728317E-01
       263   1.16472308E-04   4.75694176E-02   5.30940154E-04   1.37607071E-01
       264   1.16633023E-04   4.76255593E-02   5.30822569E-04   1.37367332E-01
       265   1.17748683E-04   4.78893530E-02   5.31094664E-04   1.37195390E-01
       266   1.17768752E-04   4.79610850E-02   5.31129777E-04   1.37318975E-01
       267   1.17613587E-04   4.81451038E-02   5.30724026E-04   1.37633531E-01
       268   1.18110956E-04   4.85142088E-02   5.30410822E-04   1.38482459E-01
       269   1.17957442E-04   4.83627784E-02   5.30095560E-04   1.38028692E-01
       270   1.17836320E-04   4.84777914E-02   5.30077883E-04   1.38324780E-01
       271   1.17993132E-04   4.86655850E-02   5.30054790E-04   1.38287311E-01
       272   1.17982491E-04   4.87269377E-02   5.29886337E-04   1.38036406E-01
       273   1.15866889E-04   4.87601087E-02   5.29417778E-04   1.37643166E-01
       274   1.16198829E-04   4.86046810E-02   5.29341793E-04   1.37821483E-01
       275   1.16172404E-04   4.86388415E-02   5.29175897E-04   1.37463013E-01
       276   1.17122384E-04   4.87626547E-02   5.29336481E-04   1.38165255E-01
       277   1.16976327E-04   4.85974761E-02   5.29599786E-04   1.37871539E-01
       278   1.16901300E-04   4.88158541E-02   5.29691403E-04   1.37855317E-01
       279   1.16828284E-04   4.87091726E-02   5.29869985E-04   1.37792549E-01
       280   1.18388323E-04   4.86746165E-02   5.29841281E-04   1.38778492E-01
       281   1.18335145E-04   4.89097188E-02   5.29737064E-04   1.38787308E-01
       282   1.18362600E-04   4.89536656E-02   5.29620787E-04   1.38422434E-01
       283   1.18342075E-04   4.89872828E-02   5.29751997E-04   1.38483340E-01
       284   1.18006421E-04   4.89095452E-02   5.29590918E-04   1.38128860E-01
       285   1.17842395E-04   4.92459624E-02   5.29636864E-04   1.38229312E-01
       286   1.17687862E-04   4.92753176E-02   5.29315750E-04   1.38250954E-01
       287   1.17679930E-04   4.94169127E-02   5.29296842E-04   1.38956078E-01
       288   1.17684661E-04   4.95362023E-02   5.29111084E-04   1.38514082E-01
       289   1.17545321E-04   4.93931952E-02   5.28978899E-04   1.38528995E-01
       290   1.17713088E-04   4.95634609E-02   5.28986409E-04   1.38575499E-01
       291   1.17836432E-04   4.96548386E-02   5.28988770E-04   1.38877262E-01
       292   1.18239924E-04   4.96772137E-02   5.28959300E-04   1.39411186E-01
       293   1.15267532E-04   4.98435692E-02   5.28395947E-04   1.38935461E-01
       294   1.15016645E-04   4.99962370E-02   5.28413598E-04   1.38756861E-01
       295   1.15045497E-04   5.02054015E-02   5.28456314E-04   1.39067385E-01
       296   1.15135858E-04   5.00883518E-02   5.28395459E-04   1.39022291E-01
       297   1.15687565E-04   5.02429070E-02   5.28158693E-04   1.38967849E-01
       298   1.15905332E-04   5.02652818E-02   5.28174728E-04   1.39093415E-01
       299   1.16730758E-04   5.04014100E-02   5.28273805E-04   1.39275334E-01
       300   1.16674372E-04   5.05581307E-02   5.28117277E-04   1.38736969E-01
       301   1.16775032E-04   5.07949326E-02   5.28165520E-04   1.38527312E-01
       302   1.15434458E-04   5.08227353E-02   5.27855619E-04   1.38709825E-01
       303   1.14965783E-04   5.08934633E-02   5.27797785E-04   1.38737598E-01
       304   1.15296857E-04   5.07803001E-02   5.27862043E-04   1.38959236E-01
       305   1.15429926E-04   5.09415007E-02   5.27880109E-04   1.38872058E-01
       306   1.15454335E-04   5.08727930E-02   5.27881750E-04   1.38845388E-01
       307   1.15540931E-04   5.08129550E-02   5.27739095E-04   1.39108782E-01
       308   1.15489586E-04   5.08754975E-02   5.27861410E-04   1.39131480E-01
       309   1.15366364E-04   5.07808378E-02   5.27785215E-04   1.38858753E-01
       310   1.15264521E-04   5.08203283E-02   5.27776177E-04   1.38966873E-01
       311   1.15426093E-04   5.10028805E-02   5.27845100E-04   1.39547949E-01
       312   1.15315819E-04   5.11030413E-02   5.27876603E-04   1.39911308E-01
       313   1.15269770E-04   5.13546318E-02   5.27888704E-04   1.40069563E-01
       314   1.15778292E-04   5.14357017E-02   5.28033747E-04   1.40439473E-01
       315   1.15658091E-04   5.10894121E-02   5.27968332E-04   1.40674478E-01
       316   1.15771144E-04   5.08874144E-02   5.27898516E-04   1.40635861E-01
       317   1.15773692E-04   5.09290013E-02   5.27768463E-04   1.40585249E-01
       318   1.15874672E-04   5.10183514E-02   5.27867738E-04   1.40909696E-01
       319   1.15892834E-04   5.10673126E-02   5.27613301E-04   1.40849554E-01
       320   1.15936518E-04   5.11313618E-02   5.27669243E-04   1.40784616E-01
       321   1.15958128E-04   5.10810211E-02   5.27541412E-04   1.40913650E-01
       322   1.16804668E-04   5.10181741E-02   5.27526423E-04   1.40841094E-01
       323   1.17072035E-04   5.10988526E-02   5.27612194E-04   1.40725699E-01
       324   1.16867641E-04   5.10828777E-02   5.27707676E-04   1.40512748E-01
       325   1.16791316E-04   5.09228677E-02   5.27653146E-04   1.40837370E-01
       326   1.17202532E-04   5.11817216E-02   5.27631884E-04   1.40715122E-01
       327   1.17185836E-04   5.09039847E-02   5.27708553E-04   1.41134040E-01
       328   1.17041012E-04   5.07987539E-02   5.27508504E-04   1.41028115E-01
       329   1.17142246E-04   5.08457379E-02   5.27329759E-04   1.41178293E-01
       330   1.16223995E-04   5.06279078E-02   5.27175464E-04   1.41273966E-01
       331   1.16309050E-04   5.06132390E-02   5.27289120E-04   1.41583339E-01
       332   1.16282742E-04   5.05276787E-02   5.27197347E-04   1.41926323E-01
       333   1.14767077E-04   5.06863717E-02   5.26846570E-04   1.41525770E-01
       334   1.14725423E-04   5.06824514E-02   5.26951298E-04   1.42351103E-01
       335   1.14655630E-04   5.06361618E-02   5.26984024E-04   1.42190173E-01
       336   1.14687995E-04   5.08914197E-02   5.26861293E-04   1.42669635E-01
       337   1.14937212E-04   5.09957381E-02   5.26958360E-04   1.42526311E-01
       338   1.15091359E-04   5.11454999E-02   5.27003895E-04   1.42690699E-01
       339   1.15020080E-04   5.12395256E-02   5.27109603E-04   1.42728179E-01
       340   1.15167500E-04   5.13324491E-02   5.27119581E-04   1.42999672E-01
       341   1.15189622E-04   5.14339578E-02   5.27025407E-04   1.42915240E-01
       342   1.15194153E-04   5.17216292E-02   5.27002422E-04   1.43426646E-01
       343   1.15025850E-04   5.17940988E-02   5.26999600E-04   1.43561506E-01
       344   1.14933137E-04   5.18340214E-02   5.26952752E-04   1.43679246E-01
       345   1.15093309E-04   5.19611459E-02   5.26951531E-04   1.43607983E-01
       346   1.15079677E-04   5.17767046E-02   5.26850688E-04   1.43964503E-01
       347   1.15160228E-04   5.20291596E-02   5.27021515E-04   1.43864375E-01
       348   1.15070085E-04   5.20318544E-02   5.26906511E-04   1.43866390E-01
       349   1.15057999E-04   5.21227314E-02   5.26759843E-04   1.43554577E-01
       350   1.15068208E-04   5.20646980E-02   5.26804896E-04   1.44104558E-01
       351   1.15968584E-04   5.21070760E-02   5.26891687E-04   1.44256834E-01
       352   1.16065048E-04   5.24136169E-02   5.26950779E-04   1.44225903E-01
       353   1.15769869E-04   5.23543257E-02   5.26848834E-04   1.44667483E-01
       354   1.15943285E-04   5.24390042E-02   5.26801186E-04   1.44605209E-01
       355   1.16166038E-04   5.25127089E-02   5.26940528E-04   1.45249234E-01
