################################################################################
# Learning curves for energies and forces.
################################################################################
# Col  Name             Description
################################################################################
# 1    epoch            Current epoch.
# 2    rmse_Etrain_phys RMSE of training energies per atom (physical units).
# 3    rmse_Etest_phys  RMSE of test energies per atom (physical units).
# 4    rmse_Ftrain_phys RMSE of training forces (physical units).
# 5    rmse_Ftest_phys  RMSE of test forces (physical units).
################################################################################
#        1                2                3                4                5
#    epoch rmse_Etrain_phys  rmse_Etest_phys rmse_Ftrain_phys  rmse_Ftest_phys
##############################################################################
         0   3.55704837E+00   3.54946189E+00   7.39088119E-01   5.30539384E-01
         1   1.66614349E-02   4.47281260E-03   3.62682960E-02   1.55258105E-03
         2   1.40581655E-02   7.28815611E-03   2.50051821E-02   1.07027430E-03
         3   1.77473931E-02   3.27658063E-03   7.41356965E-02   8.85499014E-04
         4   1.03134471E-02   1.21725716E-03   7.40659592E-02   7.38120845E-04
         5   1.94332285E-02   1.98247022E-03   3.26557302E-02   7.21308393E-04
         6   1.66008330E-02   5.76135984E-03   2.43408388E-02   7.18636241E-04
         7   1.39323028E-02   3.50202556E-04   2.81991448E-02   7.03746990E-04
         8   1.36331623E-03   5.74264669E-03   2.10655490E-02   6.85851784E-04
         9   2.95600698E-04   4.83162860E-03   1.31044955E-02   6.31425284E-04
        10   3.25223268E-04   5.56557081E-03   1.54657350E-02   6.27714957E-04
        11   4.81852559E-04   4.35822090E-03   1.08856218E-02   6.13144709E-04
        12   2.13061783E-04   5.08209971E-03   1.18436859E-02   6.14123305E-04
        13   2.08346395E-04   5.38173007E-03   1.28016542E-02   5.92540149E-04
        14   1.90466290E-04   5.58720027E-03   1.09933701E-02   5.98493935E-04
        15   2.71259975E-04   6.75479134E-03   1.40191723E-02   5.74313356E-04
        16   1.56560858E-04   8.42614954E-03   1.10961633E-02   5.54145140E-04
        17   2.04193493E-04   8.55522094E-03   1.07796187E-02   5.52097676E-04
        18   3.86214780E-04   8.04200200E-03   1.04048352E-02   5.44778817E-04
        19   1.02032702E-04   8.28483416E-03   1.05393601E-02   5.48468948E-04
        20   2.03105126E-04   8.61345375E-03   9.28353615E-03   5.54871357E-04
        21   9.85345340E-05   8.75064483E-03   8.59190211E-03   5.46778179E-04
        22   9.41160445E-05   9.68085760E-03   8.18120168E-03   5.46001389E-04
        23   9.69507003E-05   9.28744269E-03   7.62891148E-03   5.38537849E-04
        24   9.60942246E-05   7.66852905E-03   7.88204407E-03   5.34785566E-04
        25   1.17695063E-04   7.34366165E-03   6.97455156E-03   5.34544551E-04
        26   1.14660380E-04   9.07563511E-03   7.38401478E-03   5.52836133E-04
        27   1.14807776E-04   9.41164485E-03   7.43594780E-03   5.55930463E-04
        28   1.18952708E-04   8.38147698E-03   7.33477043E-03   5.67335086E-04
        29   1.15009630E-04   7.65934355E-03   6.58211702E-03   5.65482911E-04
        30   1.12547155E-04   8.39067100E-03   6.94322348E-03   5.65102754E-04
        31   1.07481818E-04   7.98341223E-03   7.22981363E-03   5.53269978E-04
        32   1.02404700E-04   8.68854998E-03   6.97900217E-03   5.58632757E-04
        33   9.72413907E-05   8.91043111E-03   7.18198290E-03   5.57580602E-04
        34   9.78873168E-05   8.73365993E-03   7.16022404E-03   5.54522007E-04
        35   1.02079046E-04   9.51059775E-03   7.24745444E-03   5.53868461E-04
        36   1.09272735E-04   7.87540607E-03   7.42335985E-03   5.53807308E-04
        37   1.14296398E-04   8.39663967E-03   6.54239239E-03   5.47137137E-04
        38   1.14442074E-04   8.63671671E-03   6.67228653E-03   5.47605847E-04
        39   1.09722279E-04   9.40919423E-03   6.67097798E-03   5.46928667E-04
        40   1.18344430E-04   9.39312819E-03   6.91031591E-03   5.45064636E-04
        41   1.23067667E-04   1.11799668E-02   5.35677228E-03   5.44987729E-04
        42   1.11716311E-04   1.09784929E-02   5.55391970E-03   5.44208127E-04
        43   1.13962017E-04   1.11348342E-02   5.17577162E-03   5.45176691E-04
        44   1.09128629E-04   1.02152006E-02   4.95967916E-03   5.44175816E-04
        45   1.10703125E-04   1.00869569E-02   4.99199919E-03   5.45145633E-04
        46   1.10348605E-04   1.00960615E-02   4.94705109E-03   5.46158183E-04
        47   1.10494863E-04   9.65312468E-03   4.91500664E-03   5.45672447E-04
        48   1.09643389E-04   9.80775949E-03   4.94924988E-03   5.44076573E-04
        49   1.09421658E-04   9.63026127E-03   5.00075805E-03   5.43582379E-04
        50   1.09347856E-04   9.47236729E-03   3.51638333E-03   5.44915564E-04
        51   1.08870103E-04   9.72122944E-03   3.35134588E-03   5.44040912E-04
        52   1.09181813E-04   1.06640586E-02   3.34821646E-03   5.43775301E-04
        53   1.07460719E-04   9.70009936E-03   3.32448287E-03   5.42853879E-04
        54   1.12045219E-04   9.94123382E-03   3.47484611E-03   5.41816274E-04
        55   1.08578611E-04   9.61586204E-03   3.44604621E-03   5.42616940E-04
        56   1.08645734E-04   1.04748799E-02   3.06892825E-03   5.45428490E-04
        57   1.35376356E-04   9.72316606E-03   3.09846018E-03   5.33870191E-04
        58   1.05455078E-04   8.70761196E-03   3.13367237E-03   5.27066140E-04
        59   1.05426226E-04   8.89760444E-03   3.06936739E-03   5.26163882E-04
        60   1.05679127E-04   8.98554029E-03   3.08269061E-03   5.25777486E-04
        61   1.07306649E-04   8.44278201E-03   3.25810018E-03   5.30785022E-04
        62   1.05534041E-04   7.94616310E-03   3.26694003E-03   5.30599781E-04
        63   1.06525103E-04   7.96602795E-03   3.33621038E-03   5.31902673E-04
        64   1.12324011E-04   7.49463695E-03   3.31131224E-03   5.30511722E-04
        65   1.09947263E-04   7.68463985E-03   3.25980735E-03   5.29357168E-04
        66   1.09382915E-04   7.77534099E-03   3.26850082E-03   5.29441077E-04
        67   1.09937819E-04   7.36390817E-03   3.29779131E-03   5.28995129E-04
        68   1.14085115E-04   7.06551121E-03   2.05457928E-03   5.31093629E-04
        69   1.11966289E-04   6.88025487E-03   1.48397332E-03   5.30413584E-04
        70   1.12503850E-04   7.26133696E-03   1.47805830E-03   5.30216709E-04
        71   1.10337631E-04   7.55497876E-03   1.43201443E-03   5.29508369E-04
        72   1.09171555E-04   8.29359876E-03   1.46022654E-03   5.29323425E-04
        73   1.19681422E-04   7.41795939E-03   1.43665817E-03   5.31773303E-04
        74   1.18520104E-04   7.66816451E-03   1.39395848E-03   5.32127018E-04
        75   1.12223321E-04   7.91547301E-03   1.39169754E-03   5.32250370E-04
        76   1.11107397E-04   7.87438866E-03   1.38455720E-03   5.32095580E-04
        77   1.10623759E-04   8.08861039E-03   1.38992545E-03   5.30534108E-04
        78   1.10339948E-04   8.20040396E-03   1.37772321E-03   5.30027932E-04
        79   1.09411938E-04   8.20321165E-03   1.39421622E-03   5.30021457E-04
        80   1.09604697E-04   8.53324753E-03   1.41742126E-03   5.29151913E-04
        81   1.08986925E-04   8.73679945E-03   1.42317748E-03   5.29966318E-04
        82   1.12861837E-04   8.56112140E-03   1.38485237E-03   5.31333983E-04
        83   1.12222435E-04   8.68697477E-03   1.38256830E-03   5.31740989E-04
        84   1.10912150E-04   9.03640467E-03   1.37891350E-03   5.31689953E-04
        85   1.11691796E-04   9.08409525E-03   1.38867593E-03   5.33059177E-04
        86   1.11454673E-04   9.03158169E-03   1.42260485E-03   5.32935924E-04
        87   1.10029994E-04   9.25018669E-03   1.43055648E-03   5.33009554E-04
        88   1.09114513E-04   9.29529126E-03   1.16589147E-03   5.30968577E-04
        89   1.11517939E-04   9.11210910E-03   1.17371594E-03   5.30741991E-04
        90   1.11757799E-04   9.29487167E-03   1.15895572E-03   5.30492246E-04
        91   1.11830799E-04   9.55739175E-03   1.13129028E-03   5.30866630E-04
        92   1.11430257E-04   9.36823455E-03   1.13812510E-03   5.30901213E-04
        93   1.11198917E-04   9.19990042E-03   1.14636896E-03   5.31206524E-04
        94   1.08925963E-04   8.98601687E-03   1.15297873E-03   5.30974296E-04
        95   1.08341715E-04   8.77382706E-03   1.15173469E-03   5.30604918E-04
        96   1.07904588E-04   8.82320925E-03   1.17715605E-03   5.31138100E-04
        97   1.08164176E-04   8.72150391E-03   1.12176445E-03   5.31252706E-04
        98   1.08065254E-04   8.66324446E-03   1.12278088E-03   5.31918811E-04
        99   1.10616647E-04   8.46398235E-03   1.11355352E-03   5.32951761E-04
       100   1.13286626E-04   8.46673301E-03   1.11408577E-03   5.33224337E-04
       101   1.12560846E-04   8.41833195E-03   1.02457336E-03   5.32031917E-04
       102   1.12207217E-04   8.22840275E-03   1.01922237E-03   5.33348064E-04
       103   1.13485326E-04   8.32723761E-03   1.02503930E-03   5.33689771E-04
       104   1.16161894E-04   8.18525047E-03   1.01447295E-03   5.35088075E-04
       105   1.14102196E-04   8.03194579E-03   1.01866046E-03   5.35016890E-04
       106   1.16128777E-04   8.41653653E-03   6.53101487E-04   5.36594760E-04
       107   1.16376149E-04   8.29355477E-03   6.46174098E-04   5.36759148E-04
       108   1.18106030E-04   8.49260633E-03   6.36220248E-04   5.39088326E-04
       109   1.16429516E-04   8.73343035E-03   6.40864001E-04   5.38730474E-04
       110   1.31023427E-04   8.96155260E-03   6.40106812E-04   5.47743532E-04
       111   1.29273711E-04   8.81571379E-03   6.39190709E-04   5.47755227E-04
       112   1.27159084E-04   8.41246982E-03   6.39003154E-04   5.45693798E-04
       113   1.25297719E-04   8.29335249E-03   6.28024397E-04   5.44565359E-04
       114   1.24307619E-04   8.36901102E-03   6.20443513E-04   5.43397428E-04
       115   1.25264333E-04   8.44610096E-03   6.23041041E-04   5.43317807E-04
       116   1.15272729E-04   8.47097923E-03   6.19263484E-04   5.36776521E-04
       117   1.15452516E-04   8.31523191E-03   6.14221203E-04   5.36370930E-04
       118   1.17039221E-04   8.66534853E-03   6.11519148E-04   5.38430079E-04
       119   1.15835771E-04   9.39047395E-03   6.12908160E-04   5.37011205E-04
       120   1.15315633E-04   9.39711979E-03   6.08042464E-04   5.37562274E-04
       121   1.15558439E-04   9.35913312E-03   6.09666370E-04   5.37477033E-04
       122   1.17244760E-04   9.50126359E-03   6.12897317E-04   5.37222265E-04
       123   1.18483479E-04   9.15060744E-03   5.93734273E-04   5.37729564E-04
       124   1.16878077E-04   9.38948210E-03   5.94558819E-04   5.37695973E-04
       125   1.16531504E-04   9.33291946E-03   5.94884417E-04   5.36778177E-04
       126   1.19971785E-04   9.59887415E-03   6.02648907E-04   5.37007641E-04
       127   1.22609824E-04   9.30679115E-03   6.09194012E-04   5.37651739E-04
       128   1.22121143E-04   9.29371571E-03   6.11293064E-04   5.37483140E-04
       129   1.22213171E-04   9.56429171E-03   6.12181311E-04   5.37233007E-04
       130   1.24153699E-04   9.42824894E-03   6.02301830E-04   5.38671365E-04
       131   1.24585412E-04   9.35752048E-03   6.01992250E-04   5.38845600E-04
       132   1.22630473E-04   9.29974111E-03   5.99527465E-04   5.37727624E-04
       133   1.22832307E-04   9.01052378E-03   5.94441023E-04   5.38520575E-04
       134   1.20980812E-04   9.03816417E-03   5.97404706E-04   5.38054841E-04
       135   1.20524503E-04   9.13373763E-03   5.93585894E-04   5.38083588E-04
       136   1.19821620E-04   9.12678943E-03   5.94009239E-04   5.36887405E-04
       137   1.20101175E-04   9.01940139E-03   5.90413102E-04   5.37327527E-04
       138   1.21089331E-04   8.93963983E-03   5.87722191E-04   5.37458464E-04
       139   1.23890364E-04   8.77725759E-03   5.42719198E-04   5.38526514E-04
       140   1.23282135E-04   9.00665104E-03   5.30282708E-04   5.38676775E-04
       141   1.24141732E-04   9.53926031E-03   5.25111026E-04   5.38824598E-04
       142   1.22458815E-04   9.63221840E-03   5.25971641E-04   5.38918546E-04
       143   1.22684143E-04   9.49012597E-03   5.08806209E-04   5.39009891E-04
       144   1.21953386E-04   9.48303977E-03   5.07000651E-04   5.39345953E-04
       145   1.22762268E-04   9.31784940E-03   5.07611288E-04   5.40315830E-04
       146   1.22879517E-04   9.23388998E-03   5.07725440E-04   5.40924332E-04
       147   1.25002753E-04   9.26268516E-03   5.07278753E-04   5.40465042E-04
       148   1.24971886E-04   9.35739044E-03   5.07808306E-04   5.39743455E-04
       149   1.25863850E-04   9.27696541E-03   5.07523499E-04   5.40512004E-04
       150   1.25334064E-04   9.26669989E-03   5.07805794E-04   5.40536341E-04
       151   1.25523743E-04   9.35538486E-03   5.07813555E-04   5.40496507E-04
       152   1.25241451E-04   9.51927084E-03   5.07714419E-04   5.39999121E-04
       153   1.24827503E-04   9.39952844E-03   5.08188081E-04   5.40479952E-04
       154   1.24396522E-04   9.50952655E-03   5.08179263E-04   5.40621976E-04
       155   1.23777757E-04   9.49205577E-03   5.07834071E-04   5.40142417E-04
       156   1.23798579E-04   9.44090070E-03   5.07517722E-04   5.40600960E-04
       157   1.23490459E-04   9.49659899E-03   5.05495091E-04   5.40509252E-04
       158   1.21439475E-04   9.54445539E-03   5.04786397E-04   5.38711818E-04
       159   1.21145840E-04   9.37013982E-03   5.04387530E-04   5.38435180E-04
       160   1.20522467E-04   9.48760352E-03   5.04452648E-04   5.38359357E-04
       161   1.20218997E-04   9.51752824E-03   5.04511026E-04   5.38462602E-04
       162   1.19895277E-04   9.50198618E-03   5.04243886E-04   5.38395458E-04
       163   1.19815267E-04   9.46292793E-03   5.04817339E-04   5.38314529E-04
       164   1.19341261E-04   9.49432342E-03   5.04927509E-04   5.38425455E-04
       165   1.19115459E-04   9.36953143E-03   5.05017561E-04   5.38532686E-04
       166   1.20513266E-04   9.51016209E-03   5.04919499E-04   5.38282728E-04
       167   1.22613956E-04   9.52060000E-03   5.04702084E-04   5.37938301E-04
       168   1.23919077E-04   9.53067538E-03   5.05392265E-04   5.39417268E-04
       169   1.26117422E-04   9.58309312E-03   5.05334781E-04   5.39233666E-04
       170   1.26077062E-04   9.51823154E-03   5.05800257E-04   5.39045068E-04
       171   1.25898743E-04   9.45567151E-03   5.05878863E-04   5.39255565E-04
       172   1.26729458E-04   9.33579022E-03   5.05897948E-04   5.40276559E-04
       173   1.26460991E-04   9.39275787E-03   5.05757580E-04   5.40184788E-04
       174   1.26076597E-04   9.36334224E-03   5.05763541E-04   5.40282036E-04
       175   1.25332843E-04   9.25471367E-03   5.05511310E-04   5.40126508E-04
       176   1.25381614E-04   9.25160063E-03   5.05289403E-04   5.39875159E-04
       177   1.24785715E-04   9.08030793E-03   5.03419963E-04   5.38979479E-04
       178   1.26352444E-04   9.08517998E-03   5.03702056E-04   5.38930802E-04
       179   1.26851721E-04   9.11396233E-03   5.03649202E-04   5.39838309E-04
       180   1.26810810E-04   9.17563538E-03   5.04099481E-04   5.40129349E-04
       181   1.27171423E-04   9.02997161E-03   5.03916992E-04   5.40123829E-04
       182   1.26888722E-04   8.81812790E-03   5.04370710E-04   5.40701653E-04
       183   1.26948388E-04   8.74636543E-03   5.05088762E-04   5.41332904E-04
       184   1.24884222E-04   8.88517423E-03   5.04945108E-04   5.41048902E-04
       185   1.24800147E-04   8.84196581E-03   5.05318040E-04   5.41354520E-04
       186   1.23103147E-04   8.98398471E-03   5.05154692E-04   5.40488663E-04
       187   1.22787294E-04   9.00207680E-03   5.05072362E-04   5.40084443E-04
       188   1.22407992E-04   8.93750215E-03   5.04828362E-04   5.40111067E-04
       189   1.22246086E-04   8.93693839E-03   5.04842896E-04   5.39967652E-04
       190   1.22098904E-04   9.02134730E-03   5.04982293E-04   5.39659359E-04
       191   1.21586390E-04   8.80116625E-03   5.04863609E-04   5.39559732E-04
       192   1.20972951E-04   8.79173970E-03   5.04827907E-04   5.39646473E-04
       193   1.20651261E-04   8.82506887E-03   5.04843992E-04   5.39539607E-04
       194   1.20606975E-04   8.85074729E-03   5.04986547E-04   5.39740692E-04
       195   1.22371632E-04   8.95709743E-03   5.05169150E-04   5.39562955E-04
       196   1.22548865E-04   8.95653542E-03   5.04146798E-04   5.39991896E-04
       197   1.20824578E-04   8.85009544E-03   5.04008151E-04   5.39665456E-04
       198   1.20610533E-04   8.83304530E-03   5.04091745E-04   5.39778307E-04
       199   1.20099097E-04   8.95519132E-03   5.04030403E-04   5.39417777E-04
       200   1.19946840E-04   8.96220619E-03   5.04182088E-04   5.39287094E-04
       201   1.15275651E-04   8.90222315E-03   5.02878454E-04   5.36092157E-04
       202   1.15117769E-04   8.76846872E-03   5.01919990E-04   5.35816969E-04
       203   1.15075123E-04   8.65676255E-03   5.01883990E-04   5.35862560E-04
       204   1.16778312E-04   8.64265112E-03   5.01914383E-04   5.36121677E-04
       205   1.16834396E-04   8.65373903E-03   5.02085790E-04   5.36344417E-04
       206   1.16503787E-04   8.46913072E-03   5.02690697E-04   5.36426979E-04
       207   1.16555196E-04   8.46520619E-03   5.01809394E-04   5.36591952E-04
       208   1.16215525E-04   8.45023855E-03   5.01686524E-04   5.36480593E-04
       209   1.16195854E-04   8.46766471E-03   5.01891664E-04   5.36357825E-04
       210   1.16652417E-04   8.54533445E-03   5.01980270E-04   5.36330787E-04
       211   1.16444371E-04   8.58755369E-03   5.02295666E-04   5.36280503E-04
       212   1.16036132E-04   8.61092725E-03   5.02343090E-04   5.36268023E-04
       213   1.16672782E-04   8.37478804E-03   5.01941940E-04   5.36123497E-04
       214   1.16572698E-04   8.19738629E-03   5.02068724E-04   5.36318962E-04
       215   1.18404571E-04   8.21829227E-03   5.02361733E-04   5.37452155E-04
       216   1.18384412E-04   8.11114526E-03   5.03004285E-04   5.37260095E-04
       217   1.17960835E-04   8.12930058E-03   5.02563010E-04   5.36910457E-04
       218   1.17667277E-04   8.23965642E-03   5.02630631E-04   5.37121057E-04
       219   1.17971957E-04   8.28936886E-03   5.02665454E-04   5.37259544E-04
       220   1.16113234E-04   8.42106589E-03   5.02096730E-04   5.36012373E-04
       221   1.15684291E-04   8.58569951E-03   5.01503814E-04   5.36057982E-04
       222   1.15553665E-04   8.52267315E-03   5.00460104E-04   5.36115766E-04
       223   1.15654898E-04   8.50211858E-03   5.00664012E-04   5.36170729E-04
       224   1.15656431E-04   8.46064610E-03   5.00740771E-04   5.36355536E-04
       225   1.15413448E-04   8.37727506E-03   5.00695997E-04   5.36610976E-04
       226   1.15368321E-04   8.28052341E-03   5.01060602E-04   5.36864078E-04
       227   1.14733759E-04   8.27466248E-03   5.01560331E-04   5.36923598E-04
       228   1.13940340E-04   8.21918964E-03   5.00581663E-04   5.36589856E-04
       229   1.12051963E-04   8.23535154E-03   5.01062509E-04   5.35846215E-04
       230   1.12200634E-04   8.11780183E-03   5.00586416E-04   5.35458621E-04
       231   1.12037275E-04   8.09750802E-03   5.00561979E-04   5.35541148E-04
       232   1.11933266E-04   8.08565409E-03   5.00572287E-04   5.35436220E-04
       233   1.11824349E-04   8.05562692E-03   5.00727651E-04   5.35341900E-04
       234   1.11948749E-04   8.10828755E-03   5.00811226E-04   5.35405246E-04
       235   1.12359299E-04   8.52259987E-03   4.97399102E-04   5.35918714E-04
       236   1.12497752E-04   8.46274676E-03   4.97602880E-04   5.35672540E-04
       237   1.11993843E-04   8.45838130E-03   4.97276949E-04   5.35783167E-04
       238   1.11998731E-04   8.36514048E-03   4.96650071E-04   5.35615489E-04
       239   1.11874449E-04   8.41200397E-03   4.96771770E-04   5.35484163E-04
       240   1.11820390E-04   8.46347705E-03   4.96669293E-04   5.35556454E-04
       241   1.11717099E-04   8.54542671E-03   4.97159857E-04   5.35837465E-04
       242   1.11726421E-04   8.61027493E-03   4.97150347E-04   5.36094368E-04
       243   1.11772065E-04   8.59215746E-03   4.96123645E-04   5.36467684E-04
       244   1.11191641E-04   8.77816637E-03   4.96240016E-04   5.37253915E-04
       245   1.11133149E-04   8.73351731E-03   4.96190130E-04   5.37324137E-04
       246   1.11103997E-04   8.64807635E-03   4.96168653E-04   5.37192692E-04
       247   1.10922086E-04   8.69982739E-03   4.96182018E-04   5.37656034E-04
       248   1.10621169E-04   8.71525892E-03   4.96120100E-04   5.37727570E-04
       249   1.10521196E-04   8.74536998E-03   4.96085213E-04   5.37815910E-04
       250   1.10575092E-04   8.67769800E-03   4.96169785E-04   5.37959377E-04
       251   1.10525796E-04   8.73285024E-03   4.96123648E-04   5.37983805E-04
       252   1.10173393E-04   8.66402975E-03   4.96177765E-04   5.38128726E-04
       253   1.10078816E-04   8.62231006E-03   4.96281148E-04   5.38037793E-04
       254   1.09942247E-04   8.62483538E-03   4.96170041E-04   5.38021158E-04
       255   1.09846249E-04   8.64132087E-03   4.96192040E-04   5.37846060E-04
       256   1.09764009E-04   8.58997288E-03   4.96185778E-04   5.37841675E-04
       257   1.09634429E-04   8.63568025E-03   4.96115596E-04   5.37856080E-04
       258   1.09052111E-04   8.66035870E-03   4.96160647E-04   5.37911140E-04
       259   1.09085850E-04   8.72773052E-03   4.96366098E-04   5.38194073E-04
       260   1.09003132E-04   8.85393710E-03   4.96197819E-04   5.37973884E-04
       261   1.08933143E-04   8.93179399E-03   4.96152586E-04   5.37899178E-04
       262   1.09092532E-04   8.87286454E-03   4.96233762E-04   5.37976844E-04
       263   1.08979839E-04   8.84522264E-03   4.96339653E-04   5.37896303E-04
       264   1.09082232E-04   8.84215508E-03   4.96334600E-04   5.37671023E-04
       265   1.09007373E-04   8.87565282E-03   4.96300502E-04   5.37577118E-04
       266   1.09177790E-04   8.92013043E-03   4.96270769E-04   5.37248807E-04
       267   1.09202031E-04   8.80151748E-03   4.96000737E-04   5.37015284E-04
       268   1.09199514E-04   8.76891928E-03   4.95791435E-04   5.36840650E-04
       269   1.09036514E-04   8.78288684E-03   4.95394954E-04   5.36863112E-04
       270   1.08969132E-04   8.77000491E-03   4.95531135E-04   5.37045368E-04
       271   1.08862513E-04   8.62134223E-03   4.95610511E-04   5.37138076E-04
       272   1.08769300E-04   8.62338166E-03   4.95663924E-04   5.37179147E-04
       273   1.08488924E-04   8.65925310E-03   4.96068187E-04   5.39258564E-04
       274   1.07720638E-04   8.73349164E-03   4.96055495E-04   5.39342324E-04
       275   1.07685777E-04   8.76347902E-03   4.96168830E-04   5.39482593E-04
       276   1.08623763E-04   8.90760759E-03   4.96445559E-04   5.39757668E-04
       277   1.08358935E-04   8.90188351E-03   4.96353316E-04   5.39658094E-04
       278   1.08622574E-04   8.90802659E-03   4.96235597E-04   5.39613868E-04
       279   1.09255233E-04   8.88817835E-03   4.96417787E-04   5.39751483E-04
       280   1.09239963E-04   8.83695484E-03   4.96173444E-04   5.39459302E-04
       281   1.09269631E-04   8.79398570E-03   4.96162611E-04   5.39520605E-04
       282   1.09333286E-04   8.79932887E-03   4.96186200E-04   5.39416753E-04
       283   1.09306984E-04   8.74489457E-03   4.96252779E-04   5.39648818E-04
       284   1.08597617E-04   8.76360320E-03   4.96199816E-04   5.39716293E-04
       285   1.08704727E-04   8.70810356E-03   4.96237392E-04   5.39693660E-04
       286   1.08679962E-04   8.62481301E-03   4.96331680E-04   5.39862779E-04
       287   1.08868306E-04   8.64130577E-03   4.96221952E-04   5.39780610E-04
       288   1.08181130E-04   8.58325907E-03   4.96125837E-04   5.39546433E-04
       289   1.08688331E-04   8.69863809E-03   4.96499922E-04   5.40401190E-04
       290   1.08553735E-04   8.77573494E-03   4.96415722E-04   5.40109777E-04
       291   1.08382887E-04   8.72274412E-03   4.96456466E-04   5.40223708E-04
       292   1.08418669E-04   8.72273418E-03   4.96685126E-04   5.40131893E-04
       293   1.08435254E-04   8.87540277E-03   4.96549733E-04   5.40108206E-04
       294   1.08425750E-04   8.78655039E-03   4.96318206E-04   5.40516795E-04
       295   1.08425130E-04   8.76749690E-03   4.96343973E-04   5.40630253E-04
       296   1.08343675E-04   8.75295447E-03   4.96474355E-04   5.40913780E-04
       297   1.08851692E-04   8.78409639E-03   4.96657294E-04   5.40759119E-04
       298   1.08403877E-04   8.76482456E-03   4.96655673E-04   5.40702517E-04
       299   1.08572599E-04   8.74294847E-03   4.96574562E-04   5.40521321E-04
       300   1.08170931E-04   8.69569969E-03   4.96388329E-04   5.40389381E-04
       301   1.09189241E-04   8.71778092E-03   4.96790033E-04   5.41701977E-04
       302   1.09201996E-04   8.79195883E-03   4.96877546E-04   5.41597651E-04
       303   1.09033663E-04   8.83733490E-03   4.96837403E-04   5.41562162E-04
       304   1.09106667E-04   8.93497455E-03   4.96866182E-04   5.41339406E-04
       305   1.09000552E-04   8.80278390E-03   4.96843527E-04   5.41450592E-04
       306   1.09019201E-04   8.81338868E-03   4.96764316E-04   5.41362800E-04
       307   1.09084967E-04   8.84961141E-03   4.96686859E-04   5.41601700E-04
       308   1.09190623E-04   8.81099742E-03   4.96673815E-04   5.41829561E-04
       309   1.09210830E-04   8.76429227E-03   4.96383954E-04   5.41638840E-04
       310   1.08832987E-04   8.67882239E-03   4.96167596E-04   5.41381386E-04
       311   1.08965655E-04   8.65045231E-03   4.96214104E-04   5.41348693E-04
       312   1.09205901E-04   8.49351021E-03   4.95894535E-04   5.40805437E-04
       313   1.08857733E-04   8.59858961E-03   4.95841513E-04   5.40624396E-04
       314   1.08998659E-04   8.63222206E-03   4.95566864E-04   5.41368240E-04
       315   1.09313440E-04   8.56788618E-03   4.95439377E-04   5.40993319E-04
       316   1.09222530E-04   8.60587954E-03   4.95627380E-04   5.41190288E-04
       317   1.09036217E-04   8.63983412E-03   4.95566582E-04   5.41032001E-04
       318   1.08912454E-04   8.63904292E-03   4.95643774E-04   5.41057849E-04
       319   1.09542321E-04   8.56344085E-03   4.96190257E-04   5.41223203E-04
       320   1.09755901E-04   8.54786786E-03   4.96249299E-04   5.41231349E-04
       321   1.08910914E-04   8.45606144E-03   4.95634327E-04   5.41156354E-04
       322   1.08355813E-04   8.57367377E-03   4.94929058E-04   5.38728335E-04
       323   1.08247757E-04   8.60063369E-03   4.94898010E-04   5.38810179E-04
       324   1.08178173E-04   8.55724420E-03   4.95160107E-04   5.38728756E-04
       325   1.08572132E-04   8.54325751E-03   4.95441930E-04   5.38643011E-04
       326   1.08538175E-04   8.54761516E-03   4.95583211E-04   5.38723630E-04
       327   1.08530539E-04   8.57207055E-03   4.95562714E-04   5.38710219E-04
       328   1.08836217E-04   8.42238039E-03   4.95689235E-04   5.38623684E-04
       329   1.08581888E-04   8.43438438E-03   4.95762487E-04   5.38523765E-04
       330   1.08632017E-04   8.40321043E-03   4.95336618E-04   5.38489987E-04
       331   1.08593249E-04   8.36666052E-03   4.94959096E-04   5.38530359E-04
       332   1.08677468E-04   8.30500766E-03   4.94794079E-04   5.38512691E-04
       333   1.08606074E-04   8.25222573E-03   4.94859974E-04   5.38596812E-04
       334   1.08642011E-04   8.37195029E-03   4.94639317E-04   5.38929683E-04
       335   1.08525780E-04   8.43011729E-03   4.94583707E-04   5.38876089E-04
       336   1.07934764E-04   8.46514728E-03   4.94526704E-04   5.39232208E-04
       337   1.07883511E-04   8.52283549E-03   4.94700386E-04   5.40072821E-04
       338   1.07829893E-04   8.52948102E-03   4.94718727E-04   5.40094660E-04
       339   1.07558845E-04   8.44813853E-03   4.94178149E-04   5.38464935E-04
       340   1.07586929E-04   8.43223067E-03   4.94221404E-04   5.38450586E-04
       341   1.07582038E-04   8.44019062E-03   4.94182055E-04   5.38477444E-04
       342   1.07544473E-04   8.44450426E-03   4.94213680E-04   5.38456321E-04
       343   1.07558927E-04   8.34527033E-03   4.94059320E-04   5.38435570E-04
       344   1.07596142E-04   8.40590482E-03   4.94070753E-04   5.38541855E-04
       345   1.07511330E-04   8.39558841E-03   4.94028058E-04   5.38568283E-04
       346   1.08043954E-04   8.45513428E-03   4.94186252E-04   5.38635607E-04
       347   1.08188040E-04   8.48102105E-03   4.94119231E-04   5.38738410E-04
       348   1.08086139E-04   8.48582827E-03   4.93865697E-04   5.39215130E-04
