0.000000000000000000e+00 7.337664718120166799e+04
1.000000000000000000e+00 9.562028309433793893e+00
2.000000000000000000e+00 6.064459299135208425e+00
3.000000000000000000e+00 1.176135922341875961e+01
4.000000000000000000e+00 1.226720989943342310e+01
5.000000000000000000e+00 3.265819775405431891e+00
6.000000000000000000e+00 2.921883147231855826e+00
7.000000000000000000e+00 3.040181346594391876e+00
8.000000000000000000e+00 2.811233877432032013e+00
9.000000000000000000e+00 2.969448238293095788e+00
1.000000000000000000e+01 2.844391737966168066e+00
1.100000000000000000e+01 2.887010615757727994e+00
1.200000000000000000e+01 2.601503558407414651e+00
1.300000000000000000e+01 2.444073753448700703e+00
1.400000000000000000e+01 2.387864560810239123e+00
1.500000000000000000e+01 2.352669438378791611e+00
1.600000000000000000e+01 2.332862914153853051e+00
1.700000000000000000e+01 2.344199424351848027e+00
1.800000000000000000e+01 2.320236861910375481e+00
1.900000000000000000e+01 2.338201921030435226e+00
2.000000000000000000e+01 2.291787920492886155e+00
2.100000000000000000e+01 2.680468673644359701e+00
2.200000000000000000e+01 2.463041584722820865e+00
2.300000000000000000e+01 2.464486220772550418e+00
2.400000000000000000e+01 2.502619190345035882e+00
2.500000000000000000e+01 2.531222907393579025e+00
2.600000000000000000e+01 2.509753100927333502e+00
2.700000000000000000e+01 2.603481907658367067e+00
2.800000000000000000e+01 3.211956691151543364e+00
2.900000000000000000e+01 2.900131917911143553e+00
3.000000000000000000e+01 2.832814709066135972e+00
3.100000000000000000e+01 2.715540182921710954e+00
3.200000000000000000e+01 2.775666176730855916e+00
3.300000000000000000e+01 2.984005675659879842e+00
3.400000000000000000e+01 2.896027325537199992e+00
3.500000000000000000e+01 2.887274402914224325e+00
3.600000000000000000e+01 2.888302748326967873e+00
3.700000000000000000e+01 2.795246155299440094e+00
3.800000000000000000e+01 2.983223674906487766e+00
3.900000000000000000e+01 3.053086399879159529e+00
4.000000000000000000e+01 2.941229624914335705e+00
4.100000000000000000e+01 2.895502608419528112e+00
4.200000000000000000e+01 2.978749252612599818e+00
4.300000000000000000e+01 2.963661410948887909e+00
4.400000000000000000e+01 2.937161495794952337e+00
4.500000000000000000e+01 2.923452182844680003e+00
4.600000000000000000e+01 2.918225746742567850e+00
4.700000000000000000e+01 2.909762380456735631e+00
4.800000000000000000e+01 2.881205339095167961e+00
4.900000000000000000e+01 2.858145568740663833e+00
5.000000000000000000e+01 2.857138148882215845e+00
5.100000000000000000e+01 2.843601682643111861e+00
5.200000000000000000e+01 2.816760046928903805e+00
5.300000000000000000e+01 2.799473416592455965e+00
5.400000000000000000e+01 2.755829295485928032e+00
5.500000000000000000e+01 2.758521399339199931e+00
5.600000000000000000e+01 2.731295157923535832e+00
5.700000000000000000e+01 2.743813074848135969e+00
5.800000000000000000e+01 2.741098929773823745e+00
5.900000000000000000e+01 2.731772227907823591e+00
6.000000000000000000e+01 2.726183771552975976e+00
6.100000000000000000e+01 2.744805555656768092e+00
6.200000000000000000e+01 2.753176756984991869e+00
6.300000000000000000e+01 2.755784641604783758e+00
6.400000000000000000e+01 2.773169396191935920e+00
6.500000000000000000e+01 2.556618780506759947e+00
6.600000000000000000e+01 2.555171899517850509e+00
6.700000000000000000e+01 2.786446837266743692e+00
6.800000000000000000e+01 2.356874867978424160e+00
6.900000000000000000e+01 2.332655585176880653e+00
7.000000000000000000e+01 2.310454733994921295e+00
7.100000000000000000e+01 2.338702414574070243e+00
7.200000000000000000e+01 2.360286639467759517e+00
7.300000000000000000e+01 2.359855085965488097e+00
7.400000000000000000e+01 2.335443211872546332e+00
7.500000000000000000e+01 2.332800913015409705e+00
7.600000000000000000e+01 2.335623438311055011e+00
7.700000000000000000e+01 2.271417339652427980e+00
7.800000000000000000e+01 2.265826611147016223e+00
7.900000000000000000e+01 2.269832867021460920e+00
8.000000000000000000e+01 2.285387506372000388e+00
8.100000000000000000e+01 2.197040175324557865e+00
8.200000000000000000e+01 2.194023836946372263e+00
8.300000000000000000e+01 2.185806328236118201e+00
8.400000000000000000e+01 2.181269774189143362e+00
8.500000000000000000e+01 2.183702771243967167e+00
8.600000000000000000e+01 2.175303901380492011e+00
8.700000000000000000e+01 2.153714285911632942e+00
8.800000000000000000e+01 2.153401246150096426e+00
8.900000000000000000e+01 2.149096007915090478e+00
9.000000000000000000e+01 2.133569347309579367e+00
9.100000000000000000e+01 2.149137769226114880e+00
9.200000000000000000e+01 2.151276703738604468e+00
9.300000000000000000e+01 2.152282286828632873e+00
9.400000000000000000e+01 2.149914167155541733e+00
9.500000000000000000e+01 2.145468529063648599e+00
9.600000000000000000e+01 2.146563166850093296e+00
9.700000000000000000e+01 2.142273381960060785e+00
9.800000000000000000e+01 2.140359055653383802e+00
9.900000000000000000e+01 2.142984282088199244e+00
1.000000000000000000e+02 2.155254227112683552e+00
1.010000000000000000e+02 2.159374049698252751e+00
1.020000000000000000e+02 2.153244448713211856e+00
1.030000000000000000e+02 2.143331428598440613e+00
1.040000000000000000e+02 2.131597292051746084e+00
1.050000000000000000e+02 2.133928015119806343e+00
1.060000000000000000e+02 2.134722486850485268e+00
1.070000000000000000e+02 2.132847287792861923e+00
1.080000000000000000e+02 2.131340955372189594e+00
1.090000000000000000e+02 2.136035615723619774e+00
1.100000000000000000e+02 2.132241464424039723e+00
1.110000000000000000e+02 2.131748285300424151e+00
1.120000000000000000e+02 2.131212046882766220e+00
1.130000000000000000e+02 2.143766008006612545e+00
1.140000000000000000e+02 2.136359023022460057e+00
1.150000000000000000e+02 2.128294567462653220e+00
1.160000000000000000e+02 2.137941800384203894e+00
1.170000000000000000e+02 2.148052059494760968e+00
1.180000000000000000e+02 2.167631825814549273e+00
1.190000000000000000e+02 2.190279776362459074e+00
1.200000000000000000e+02 2.217165429211425565e+00
1.210000000000000000e+02 2.208680293818393814e+00
1.220000000000000000e+02 2.214009180781265851e+00
1.230000000000000000e+02 2.220200127110396160e+00
1.240000000000000000e+02 2.243543524441470538e+00
1.250000000000000000e+02 2.236004017296098656e+00
1.260000000000000000e+02 2.215645872058128685e+00
1.270000000000000000e+02 2.205204317068510278e+00
1.280000000000000000e+02 2.197937223088363368e+00
1.290000000000000000e+02 2.200777612657604632e+00
1.300000000000000000e+02 2.193946491308490288e+00
1.310000000000000000e+02 2.192763092708576167e+00
1.320000000000000000e+02 2.191936854408214952e+00
1.330000000000000000e+02 2.188729576469639948e+00
1.340000000000000000e+02 2.169781595900147853e+00
1.350000000000000000e+02 2.154435014791672209e+00
1.360000000000000000e+02 2.120123900428816821e+00
1.370000000000000000e+02 2.114136062591000620e+00
1.380000000000000000e+02 2.114524564962645403e+00
1.390000000000000000e+02 2.087329918684944108e+00
1.400000000000000000e+02 2.100099785813999809e+00
1.410000000000000000e+02 2.074917288047316344e+00
1.420000000000000000e+02 2.072523646817172160e+00
1.430000000000000000e+02 2.078199715665084657e+00
1.440000000000000000e+02 2.081975629895107982e+00
1.450000000000000000e+02 2.078348134716835993e+00
1.460000000000000000e+02 2.088981576223007064e+00
1.470000000000000000e+02 2.085854854865625274e+00
1.480000000000000000e+02 2.103227739847076894e+00
1.490000000000000000e+02 2.102052926438814140e+00
1.500000000000000000e+02 2.105045765065777896e+00
1.510000000000000000e+02 2.106762618358766215e+00
1.520000000000000000e+02 2.097816195584166543e+00
1.530000000000000000e+02 2.112112496183255583e+00
1.540000000000000000e+02 2.130627747718687903e+00
1.550000000000000000e+02 2.146125950658811732e+00
1.560000000000000000e+02 2.144163258838213348e+00
1.570000000000000000e+02 2.140267538326715346e+00
1.580000000000000000e+02 2.121613163148306391e+00
1.590000000000000000e+02 2.111720143400775296e+00
1.600000000000000000e+02 2.122332422613609548e+00
1.610000000000000000e+02 2.125215642901267188e+00
1.620000000000000000e+02 2.123130088960770046e+00
1.630000000000000000e+02 2.124020355647683100e+00
1.640000000000000000e+02 2.121306011930268021e+00
1.650000000000000000e+02 2.136111418476029034e+00
1.660000000000000000e+02 2.142085299594990833e+00
1.670000000000000000e+02 2.122011891558058583e+00
1.680000000000000000e+02 2.120258542356848519e+00
1.690000000000000000e+02 2.123370588614839072e+00
1.700000000000000000e+02 2.130992698637480753e+00
1.710000000000000000e+02 2.132260158644847969e+00
1.720000000000000000e+02 2.159775316930131694e+00
1.730000000000000000e+02 2.159016766947471133e+00
1.740000000000000000e+02 2.157145173398227644e+00
1.750000000000000000e+02 2.150206033739186839e+00
1.760000000000000000e+02 2.147270466912128750e+00
1.770000000000000000e+02 2.142300440960310137e+00
1.780000000000000000e+02 2.137951555665368097e+00
1.790000000000000000e+02 2.141820396771751067e+00
1.800000000000000000e+02 2.120792035145860677e+00
1.810000000000000000e+02 2.120465454999646671e+00
1.820000000000000000e+02 2.115048052125760858e+00
1.830000000000000000e+02 2.117350404604862568e+00
1.840000000000000000e+02 2.117596754706490891e+00
1.850000000000000000e+02 2.136957926536330987e+00
1.860000000000000000e+02 2.151890246977067989e+00
1.870000000000000000e+02 2.151081342328315049e+00
1.880000000000000000e+02 2.135993922441055570e+00
1.890000000000000000e+02 2.135769907443413551e+00
1.900000000000000000e+02 2.163042710258239687e+00
1.910000000000000000e+02 2.168133767003813439e+00
1.920000000000000000e+02 2.172254229056906460e+00
1.930000000000000000e+02 2.176797852621445095e+00
1.940000000000000000e+02 2.169284000368908671e+00
1.950000000000000000e+02 2.163848706010043088e+00
1.960000000000000000e+02 2.160172219456017562e+00
1.970000000000000000e+02 2.155841184828979351e+00
1.980000000000000000e+02 2.148082909040801791e+00
1.990000000000000000e+02 2.150731877408156745e+00
2.000000000000000000e+02 2.123362316354103108e+00
2.010000000000000000e+02 2.120589487209056490e+00
2.020000000000000000e+02 2.118902925628736611e+00
2.030000000000000000e+02 2.113120245299450417e+00
2.040000000000000000e+02 2.112778217250539381e+00
2.050000000000000000e+02 2.112368334894485500e+00
2.060000000000000000e+02 2.109370636314340075e+00
2.070000000000000000e+02 2.110123167138859834e+00
2.080000000000000000e+02 2.108804147001089646e+00
2.090000000000000000e+02 2.110910699966618953e+00
2.100000000000000000e+02 2.110808390605055873e+00
2.110000000000000000e+02 2.137025563152401109e+00
2.120000000000000000e+02 2.138774387100451868e+00
2.130000000000000000e+02 2.112633724801499024e+00
2.140000000000000000e+02 2.114916574881687605e+00
2.150000000000000000e+02 2.130039527394175014e+00
2.160000000000000000e+02 2.134263106986935554e+00
2.170000000000000000e+02 2.133940311944236168e+00
2.180000000000000000e+02 2.133927427353912165e+00
2.190000000000000000e+02 2.135551895277082224e+00
2.200000000000000000e+02 2.133924782407387255e+00
2.210000000000000000e+02 2.155733065836932028e+00
2.220000000000000000e+02 2.165011491986577497e+00
2.230000000000000000e+02 2.160862343692472098e+00
2.240000000000000000e+02 2.158780561249797447e+00
2.250000000000000000e+02 2.154439809437532549e+00
2.260000000000000000e+02 2.161057822111712934e+00
2.270000000000000000e+02 2.158581428341685537e+00
2.280000000000000000e+02 2.154622329795712776e+00
2.290000000000000000e+02 2.153025696397236288e+00
2.300000000000000000e+02 2.152582744046207086e+00
2.310000000000000000e+02 2.151728175973964152e+00
2.320000000000000000e+02 2.155520836089700687e+00
2.330000000000000000e+02 2.147997179575509286e+00
2.340000000000000000e+02 2.145429682091850143e+00
2.350000000000000000e+02 2.120787079952834553e+00
2.360000000000000000e+02 2.136543693079976158e+00
2.370000000000000000e+02 2.127326470775222855e+00
2.380000000000000000e+02 2.122240782835712380e+00
2.390000000000000000e+02 2.133406079005578881e+00
2.400000000000000000e+02 2.135945366447445704e+00
2.410000000000000000e+02 2.114886427389354395e+00
2.420000000000000000e+02 2.117228282634608938e+00
2.430000000000000000e+02 2.119242972688892834e+00
2.440000000000000000e+02 2.113562435731727085e+00
2.450000000000000000e+02 2.131381707140867832e+00
2.460000000000000000e+02 2.129248201299486443e+00
2.470000000000000000e+02 2.128518879064380087e+00
2.480000000000000000e+02 2.129181304833060562e+00
2.490000000000000000e+02 2.125901992918760808e+00
2.500000000000000000e+02 2.128501368538775917e+00
2.510000000000000000e+02 2.127263133557824926e+00
2.520000000000000000e+02 2.127470059806313873e+00
2.530000000000000000e+02 2.123841073444198813e+00
2.540000000000000000e+02 2.120775387221129460e+00
2.550000000000000000e+02 2.116156298325344132e+00
2.560000000000000000e+02 2.114647772667120673e+00
2.570000000000000000e+02 2.108012186881153660e+00
2.580000000000000000e+02 2.112502149596444223e+00
2.590000000000000000e+02 2.112574123707124052e+00
2.600000000000000000e+02 2.108780709836050260e+00
2.610000000000000000e+02 2.106928164255607250e+00
2.620000000000000000e+02 2.122169752960057387e+00
2.630000000000000000e+02 2.122720658313690834e+00
2.640000000000000000e+02 2.121412185308359177e+00
2.650000000000000000e+02 2.120973094252719626e+00
2.660000000000000000e+02 2.144819415104020521e+00
2.670000000000000000e+02 2.144414441681640415e+00
2.680000000000000000e+02 2.145162520723738364e+00
2.690000000000000000e+02 2.138440557841539746e+00
2.700000000000000000e+02 2.136948065130769514e+00
2.710000000000000000e+02 2.130949318249108160e+00
2.720000000000000000e+02 2.143177042090178119e+00
2.730000000000000000e+02 2.153479827184811679e+00
2.740000000000000000e+02 2.156143301940977697e+00
2.750000000000000000e+02 2.146634787212781337e+00
2.760000000000000000e+02 2.150801990260171159e+00
2.770000000000000000e+02 2.177308915066625161e+00
2.780000000000000000e+02 2.172564014336916038e+00
2.790000000000000000e+02 2.162184822397148487e+00
2.800000000000000000e+02 2.156849271366334975e+00
2.810000000000000000e+02 2.160019013921820275e+00
2.820000000000000000e+02 2.160133875894822975e+00
2.830000000000000000e+02 2.158904617949453542e+00
2.840000000000000000e+02 2.158791113824512831e+00
2.850000000000000000e+02 2.154816542885597652e+00
2.860000000000000000e+02 2.153971838940054617e+00
2.870000000000000000e+02 2.157685811896678185e+00
2.880000000000000000e+02 2.153903892114206187e+00
2.890000000000000000e+02 2.153173152165993809e+00
2.900000000000000000e+02 2.158112170745743796e+00
2.910000000000000000e+02 2.153318273198003840e+00
2.920000000000000000e+02 2.152514533269934027e+00
2.930000000000000000e+02 2.163287495705288777e+00
2.940000000000000000e+02 2.164420515148865576e+00
2.950000000000000000e+02 2.156843611398463256e+00
2.960000000000000000e+02 2.155746002128885674e+00
2.970000000000000000e+02 2.154906060175541871e+00
2.980000000000000000e+02 2.151977998248191248e+00
2.990000000000000000e+02 2.151236074421154498e+00
3.000000000000000000e+02 2.150835117399052976e+00
3.010000000000000000e+02 2.154420954669558963e+00
3.020000000000000000e+02 2.153000280964579627e+00
3.030000000000000000e+02 2.154848203330881340e+00
3.040000000000000000e+02 2.156407698632475167e+00
3.050000000000000000e+02 2.140521298088207125e+00
3.060000000000000000e+02 2.140520299430414219e+00
3.070000000000000000e+02 2.150288440694492653e+00
3.080000000000000000e+02 2.148274664942711354e+00
3.090000000000000000e+02 2.143990646144947831e+00
3.100000000000000000e+02 2.142701514991363076e+00
3.110000000000000000e+02 2.143049562198414915e+00
3.120000000000000000e+02 2.155683739761155238e+00
3.130000000000000000e+02 2.153882577437119306e+00
3.140000000000000000e+02 2.151390452766001715e+00
3.150000000000000000e+02 2.149756605078766203e+00
3.160000000000000000e+02 2.149221074157092737e+00
3.170000000000000000e+02 2.150089969023011971e+00
3.180000000000000000e+02 2.167174824225961416e+00
3.190000000000000000e+02 2.164436583471117448e+00
3.200000000000000000e+02 2.161375082358907296e+00
3.210000000000000000e+02 2.146714081185757461e+00
3.220000000000000000e+02 2.145953253610255906e+00
3.230000000000000000e+02 2.142599700876988589e+00
3.240000000000000000e+02 2.142195462161976316e+00
3.250000000000000000e+02 2.140452390700504193e+00
3.260000000000000000e+02 2.138327157119858324e+00
3.270000000000000000e+02 2.135841470662195096e+00
3.280000000000000000e+02 2.137190164814217752e+00
3.290000000000000000e+02 2.134183263344003212e+00
3.300000000000000000e+02 2.138405895980600935e+00
3.310000000000000000e+02 2.138247961107865081e+00
3.320000000000000000e+02 2.139639651967745415e+00
3.330000000000000000e+02 2.149258655799535234e+00
3.340000000000000000e+02 2.150739814968869013e+00
3.350000000000000000e+02 2.150437499213767811e+00
3.360000000000000000e+02 2.148155560714942958e+00
3.370000000000000000e+02 2.150573006463810888e+00
3.380000000000000000e+02 2.150439989055403789e+00
3.390000000000000000e+02 2.148500745284398494e+00
3.400000000000000000e+02 2.149248674663883474e+00
3.410000000000000000e+02 2.155467991581973219e+00
3.420000000000000000e+02 2.157881322969579685e+00
3.430000000000000000e+02 2.158476792406790246e+00
3.440000000000000000e+02 2.159592353026392963e+00
3.450000000000000000e+02 2.157197808378299442e+00
3.460000000000000000e+02 2.157304732790588986e+00
3.470000000000000000e+02 2.156990765120858189e+00
3.480000000000000000e+02 2.153498717327584355e+00
3.490000000000000000e+02 2.146608209854028448e+00
3.500000000000000000e+02 2.144175142049606464e+00
3.510000000000000000e+02 2.141230598186966372e+00
3.520000000000000000e+02 2.143254406776028631e+00
3.530000000000000000e+02 2.143516406144595710e+00
3.540000000000000000e+02 2.143496680612333893e+00
3.550000000000000000e+02 2.142525862786504476e+00
3.560000000000000000e+02 2.144258038809823574e+00
3.570000000000000000e+02 2.142439874813064637e+00
3.580000000000000000e+02 2.141539191608356152e+00
3.590000000000000000e+02 2.124434221750354457e+00
3.600000000000000000e+02 2.121572770569896793e+00
3.610000000000000000e+02 2.121037087264472820e+00
3.620000000000000000e+02 2.120512351098831960e+00
3.630000000000000000e+02 2.120498010699463975e+00
3.640000000000000000e+02 2.119365930048634716e+00
3.650000000000000000e+02 2.118056836623747774e+00
3.660000000000000000e+02 2.116984776122607936e+00
3.670000000000000000e+02 2.115174035391404139e+00
3.680000000000000000e+02 2.115015907317841393e+00
3.690000000000000000e+02 2.114995251156247313e+00
3.700000000000000000e+02 2.109260979879096887e+00
3.710000000000000000e+02 2.103578750373846784e+00
3.720000000000000000e+02 2.102793979501563548e+00
3.730000000000000000e+02 2.103226313970555150e+00
3.740000000000000000e+02 2.110766754466397277e+00
3.750000000000000000e+02 2.110921633500710382e+00
3.760000000000000000e+02 2.111836931939764739e+00
3.770000000000000000e+02 2.112314497171241534e+00
3.780000000000000000e+02 2.110563839175909173e+00
3.790000000000000000e+02 2.117119717375864241e+00
3.800000000000000000e+02 2.117914771430160492e+00
3.810000000000000000e+02 2.116482511117874221e+00
3.820000000000000000e+02 2.118993773555359006e+00
3.830000000000000000e+02 2.119550091253270541e+00
3.840000000000000000e+02 2.118854834949793098e+00
3.850000000000000000e+02 2.118989898654277670e+00
3.860000000000000000e+02 2.116730697987923016e+00
3.870000000000000000e+02 2.114436549741097959e+00
3.880000000000000000e+02 2.119162424271114453e+00
3.890000000000000000e+02 2.116960876364040622e+00
3.900000000000000000e+02 2.120269263642144963e+00
3.910000000000000000e+02 2.118358474815387638e+00
3.920000000000000000e+02 2.116585130689214722e+00
3.930000000000000000e+02 2.115064942231809297e+00
3.940000000000000000e+02 2.115731036095053863e+00
3.950000000000000000e+02 2.114449790800551732e+00
3.960000000000000000e+02 2.112956043644979243e+00
3.970000000000000000e+02 2.113443249869807250e+00
3.980000000000000000e+02 2.113484061503530409e+00
3.990000000000000000e+02 2.114279466584680911e+00
4.000000000000000000e+02 2.114690646923750972e+00
4.010000000000000000e+02 2.113866090286921740e+00
4.020000000000000000e+02 2.113613476124695634e+00
4.030000000000000000e+02 2.117465729171392752e+00
4.040000000000000000e+02 2.116181939612487017e+00
4.050000000000000000e+02 2.115002323394948647e+00
4.060000000000000000e+02 2.112755185535121427e+00
4.070000000000000000e+02 2.112281707453521395e+00
4.080000000000000000e+02 2.111498675388675750e+00
4.090000000000000000e+02 2.112580831313279894e+00
4.100000000000000000e+02 2.116030445674343952e+00
4.110000000000000000e+02 2.114614016945268737e+00
4.120000000000000000e+02 2.120298679148248766e+00
4.130000000000000000e+02 2.121623680348222241e+00
4.140000000000000000e+02 2.120712183339512613e+00
4.150000000000000000e+02 2.118978020885161406e+00
4.160000000000000000e+02 2.118159834433326338e+00
4.170000000000000000e+02 2.118879189138473063e+00
4.180000000000000000e+02 2.118791356233198364e+00
4.190000000000000000e+02 2.117936956871536047e+00
4.200000000000000000e+02 2.115100512952974299e+00
4.210000000000000000e+02 2.113379564346693495e+00
4.220000000000000000e+02 2.116880795982067021e+00
4.230000000000000000e+02 2.118140609590530410e+00
4.240000000000000000e+02 2.118528080650721623e+00
4.250000000000000000e+02 2.126349739915650350e+00
4.260000000000000000e+02 2.124033144998163092e+00
4.270000000000000000e+02 2.124254667433030264e+00
4.280000000000000000e+02 2.124973132325920222e+00
4.290000000000000000e+02 2.123543715603262161e+00
4.300000000000000000e+02 2.126122826905612939e+00
4.310000000000000000e+02 2.121817860784446008e+00
4.320000000000000000e+02 2.123031899402744838e+00
4.330000000000000000e+02 2.124018742012611760e+00
4.340000000000000000e+02 2.121884887865515434e+00
4.350000000000000000e+02 2.121407624680400783e+00
4.360000000000000000e+02 2.120099105415716334e+00
4.370000000000000000e+02 2.110895453428164092e+00
4.380000000000000000e+02 2.111126151541716123e+00
4.390000000000000000e+02 2.111204457741452600e+00
4.400000000000000000e+02 2.112418148054036049e+00
4.410000000000000000e+02 2.112227921431907074e+00
4.420000000000000000e+02 2.109533858358987324e+00
4.430000000000000000e+02 2.109429823795678338e+00
4.440000000000000000e+02 2.108278991780134781e+00
4.450000000000000000e+02 2.107676398402593687e+00
4.460000000000000000e+02 2.117830456956836471e+00
4.470000000000000000e+02 2.120827377291400140e+00
4.480000000000000000e+02 2.123110926704157464e+00
4.490000000000000000e+02 2.123259672292516331e+00
4.500000000000000000e+02 2.121417733709556774e+00
4.510000000000000000e+02 2.121087365738689279e+00
4.520000000000000000e+02 2.112340777925909130e+00
4.530000000000000000e+02 2.112805132030453503e+00
4.540000000000000000e+02 2.111997506316748652e+00
4.550000000000000000e+02 2.106959155300844433e+00
4.560000000000000000e+02 2.114297573039594091e+00
4.570000000000000000e+02 2.112067227324833762e+00
4.580000000000000000e+02 2.111930424812911600e+00
4.590000000000000000e+02 2.113587230744828016e+00
4.600000000000000000e+02 2.113009328977127677e+00
4.610000000000000000e+02 2.112187477151867832e+00
4.620000000000000000e+02 2.114621766747431852e+00
4.630000000000000000e+02 2.110222197528651034e+00
4.640000000000000000e+02 2.109275412797170013e+00
4.650000000000000000e+02 2.103103661378313838e+00
4.660000000000000000e+02 2.099886854013061299e+00
4.670000000000000000e+02 2.100044446022359068e+00
4.680000000000000000e+02 2.100330900261726974e+00
4.690000000000000000e+02 2.099234422985724269e+00
4.700000000000000000e+02 2.099185039766040983e+00
4.710000000000000000e+02 2.098174403522004017e+00
4.720000000000000000e+02 2.098434351152217658e+00
4.730000000000000000e+02 2.104498353653849296e+00
4.740000000000000000e+02 2.106751113385611163e+00
4.750000000000000000e+02 2.106910977545472630e+00
4.760000000000000000e+02 2.106096252381682188e+00
4.770000000000000000e+02 2.105172676239615015e+00
4.780000000000000000e+02 2.104522449334381040e+00
4.790000000000000000e+02 2.103839397336628725e+00
4.800000000000000000e+02 2.100552098881124596e+00
4.810000000000000000e+02 2.107404820626858299e+00
4.820000000000000000e+02 2.110439434170538586e+00
4.830000000000000000e+02 2.111526145280823830e+00
4.840000000000000000e+02 2.111727351696396582e+00
4.850000000000000000e+02 2.107483407103850404e+00
4.860000000000000000e+02 2.105346254937012773e+00
4.870000000000000000e+02 2.105021326521807179e+00
4.880000000000000000e+02 2.105882670228666598e+00
4.890000000000000000e+02 2.107157482751990329e+00
4.900000000000000000e+02 2.107235231118354868e+00
4.910000000000000000e+02 2.106822703815776521e+00
4.920000000000000000e+02 2.107291243031180539e+00
4.930000000000000000e+02 2.107814060794249045e+00
4.940000000000000000e+02 2.105861744674370151e+00
4.950000000000000000e+02 2.106084965099598971e+00
4.960000000000000000e+02 2.104890039757422393e+00
4.970000000000000000e+02 2.103985451719110333e+00
4.980000000000000000e+02 2.104719481523648739e+00
4.990000000000000000e+02 2.102277640769024458e+00
5.000000000000000000e+02 2.102130065270177983e+00
5.010000000000000000e+02 2.101019503381816200e+00
5.020000000000000000e+02 2.100403513839931513e+00
5.030000000000000000e+02 2.103048631796450518e+00
5.040000000000000000e+02 2.102633630979066304e+00
5.050000000000000000e+02 2.098560394282905417e+00
5.060000000000000000e+02 2.093309495146577603e+00
5.070000000000000000e+02 2.092725073531271018e+00
5.080000000000000000e+02 2.092412597045383738e+00
5.090000000000000000e+02 2.097752420263485185e+00
5.100000000000000000e+02 2.096928198326678761e+00
5.110000000000000000e+02 2.095216716560891701e+00
5.120000000000000000e+02 2.095822678707772724e+00
5.130000000000000000e+02 2.094769633521771812e+00
5.140000000000000000e+02 2.094057405478094047e+00
5.150000000000000000e+02 2.093432955916923799e+00
5.160000000000000000e+02 2.092756486352961076e+00
5.170000000000000000e+02 2.092109070383694203e+00
5.180000000000000000e+02 2.092618004898646245e+00
5.190000000000000000e+02 2.092368405757768279e+00
5.200000000000000000e+02 2.091070196886480659e+00
5.210000000000000000e+02 2.089917419256981379e+00
5.220000000000000000e+02 2.089394672243511053e+00
5.230000000000000000e+02 2.088435035575367138e+00
5.240000000000000000e+02 2.087931641298197416e+00
5.250000000000000000e+02 2.084392847068349930e+00
5.260000000000000000e+02 2.083110562298979840e+00
5.270000000000000000e+02 2.083864018310555899e+00
5.280000000000000000e+02 2.083269993797836062e+00
5.290000000000000000e+02 2.088261467762523083e+00
5.300000000000000000e+02 2.089075798361245351e+00
5.310000000000000000e+02 2.094514260125208693e+00
5.320000000000000000e+02 2.094285121223959933e+00
5.330000000000000000e+02 2.094322632116804250e+00
5.340000000000000000e+02 2.093772739026655394e+00
5.350000000000000000e+02 2.097545371563767969e+00
5.360000000000000000e+02 2.097337590877820457e+00
5.370000000000000000e+02 2.102585992009097460e+00
5.380000000000000000e+02 2.102745058875408191e+00
5.390000000000000000e+02 2.099713136537605163e+00
5.400000000000000000e+02 2.099752032489894837e+00
5.410000000000000000e+02 2.098212518507572621e+00
5.420000000000000000e+02 2.098142087282365509e+00
5.430000000000000000e+02 2.099371394208226160e+00
5.440000000000000000e+02 2.098954660025681207e+00
5.450000000000000000e+02 2.104195066452339447e+00
5.460000000000000000e+02 2.104921300195361500e+00
5.470000000000000000e+02 2.116298937679133463e+00
5.480000000000000000e+02 2.109667316591815389e+00
5.490000000000000000e+02 2.109914834061817235e+00
5.500000000000000000e+02 2.110525952765966107e+00
5.510000000000000000e+02 2.111827699117173829e+00
5.520000000000000000e+02 2.111413062932334661e+00
5.530000000000000000e+02 2.107925388008470513e+00
5.540000000000000000e+02 2.111046468445949120e+00
5.550000000000000000e+02 2.109471253127818358e+00
5.560000000000000000e+02 2.112508084399294273e+00
5.570000000000000000e+02 2.119759251556386115e+00
5.580000000000000000e+02 2.118036564142668166e+00
5.590000000000000000e+02 2.117833325036710068e+00
5.600000000000000000e+02 2.118449597576988808e+00
5.610000000000000000e+02 2.116889506346085970e+00
5.620000000000000000e+02 2.107325436856315015e+00
5.630000000000000000e+02 2.108130847563362220e+00
5.640000000000000000e+02 2.107484261541308079e+00
5.650000000000000000e+02 2.107298538403231003e+00
5.660000000000000000e+02 2.106364170226269650e+00
5.670000000000000000e+02 2.104281223136359902e+00
5.680000000000000000e+02 2.109202410096175484e+00
5.690000000000000000e+02 2.111291708323110417e+00
5.700000000000000000e+02 2.111343276616928666e+00
5.710000000000000000e+02 2.107350177446647876e+00
5.720000000000000000e+02 2.106923723357738254e+00
5.730000000000000000e+02 2.109679972606513854e+00
5.740000000000000000e+02 2.101641068536282297e+00
5.750000000000000000e+02 2.095237511500545047e+00
5.760000000000000000e+02 2.095827620295107163e+00
5.770000000000000000e+02 2.095445036399482319e+00
5.780000000000000000e+02 2.089400234250400779e+00
5.790000000000000000e+02 2.096165476838851127e+00
5.800000000000000000e+02 2.095442976497713161e+00
5.810000000000000000e+02 2.095573776178324632e+00
5.820000000000000000e+02 2.095844581150754227e+00
5.830000000000000000e+02 2.095455907347390401e+00
5.840000000000000000e+02 2.099358294647968748e+00
5.850000000000000000e+02 2.098679939335094335e+00
5.860000000000000000e+02 2.098448487466205048e+00
5.870000000000000000e+02 2.095029951226808240e+00
5.880000000000000000e+02 2.094049873367002768e+00
5.890000000000000000e+02 2.094208444986124462e+00
5.900000000000000000e+02 2.093931884805979138e+00
5.910000000000000000e+02 2.092761863322439631e+00
5.920000000000000000e+02 2.091925124148992676e+00
5.930000000000000000e+02 2.091504482411705279e+00
5.940000000000000000e+02 2.088175512442743909e+00
5.950000000000000000e+02 2.087828044838170971e+00
5.960000000000000000e+02 2.087576056537777447e+00
5.970000000000000000e+02 2.088213096806324831e+00
5.980000000000000000e+02 2.087667905843331173e+00
5.990000000000000000e+02 2.087589447259843745e+00
6.000000000000000000e+02 2.087152495018987253e+00
6.010000000000000000e+02 2.087472264155786572e+00
6.020000000000000000e+02 2.086409080008107431e+00
6.030000000000000000e+02 2.086576927988034402e+00
6.040000000000000000e+02 2.086946055854271176e+00
6.050000000000000000e+02 2.084426523877188853e+00
6.060000000000000000e+02 2.085045120269660490e+00
6.070000000000000000e+02 2.085318662707320581e+00
6.080000000000000000e+02 2.088936707371929380e+00
6.090000000000000000e+02 2.087792580241404128e+00
6.100000000000000000e+02 2.088033675824782165e+00
6.110000000000000000e+02 2.091262918792522463e+00
6.120000000000000000e+02 2.091134519155979810e+00
6.130000000000000000e+02 2.090268818906542592e+00
6.140000000000000000e+02 2.089244987862403757e+00
6.150000000000000000e+02 2.088019259233539149e+00
6.160000000000000000e+02 2.087819944009154050e+00
6.170000000000000000e+02 2.092405543854651384e+00
6.180000000000000000e+02 2.092249266155200793e+00
6.190000000000000000e+02 2.091475330856026549e+00
6.200000000000000000e+02 2.094893907912500186e+00
6.210000000000000000e+02 2.095634212662188745e+00
6.220000000000000000e+02 2.092567448868312585e+00
6.230000000000000000e+02 2.092067260092178138e+00
6.240000000000000000e+02 2.092916209013625739e+00
6.250000000000000000e+02 2.092011253621629319e+00
6.260000000000000000e+02 2.091866472731918947e+00
6.270000000000000000e+02 2.092237162531597416e+00
6.280000000000000000e+02 2.088172636199455479e+00
6.290000000000000000e+02 2.092226511995900040e+00
6.300000000000000000e+02 2.091723855147236577e+00
6.310000000000000000e+02 2.089863932560591220e+00
6.320000000000000000e+02 2.093623383903294055e+00
6.330000000000000000e+02 2.093646622425230586e+00
6.340000000000000000e+02 2.093118958314671207e+00
6.350000000000000000e+02 2.094145817985848979e+00
6.360000000000000000e+02 2.099244888484010474e+00
6.370000000000000000e+02 2.102027002153277646e+00
6.380000000000000000e+02 2.106637652798884819e+00
6.390000000000000000e+02 2.105911759198162425e+00
6.400000000000000000e+02 2.105227833714983454e+00
6.410000000000000000e+02 2.105695913057997526e+00
6.420000000000000000e+02 2.106813566233029622e+00
6.430000000000000000e+02 2.107112856082230312e+00
6.440000000000000000e+02 2.106300865662531940e+00
6.450000000000000000e+02 2.103397255884843275e+00
6.460000000000000000e+02 2.102718568593084036e+00
6.470000000000000000e+02 2.103151009186473797e+00
6.480000000000000000e+02 2.105966149312501479e+00
6.490000000000000000e+02 2.105433598037375731e+00
6.500000000000000000e+02 2.104962139040468916e+00
6.510000000000000000e+02 2.111248877604694485e+00
6.520000000000000000e+02 2.109751035135829511e+00
6.530000000000000000e+02 2.111059758485894111e+00
6.540000000000000000e+02 2.111511241605807054e+00
6.550000000000000000e+02 2.111969361582277216e+00
6.560000000000000000e+02 2.114765336730554335e+00
6.570000000000000000e+02 2.114921916476367070e+00
6.580000000000000000e+02 2.113712865704755917e+00
6.590000000000000000e+02 2.112638679994525592e+00
6.600000000000000000e+02 2.112391339398519197e+00
6.610000000000000000e+02 2.114484376469615956e+00
6.620000000000000000e+02 2.113415875217503181e+00
6.630000000000000000e+02 2.111345902515484596e+00
6.640000000000000000e+02 2.110579115646887161e+00
6.650000000000000000e+02 2.110089049505600833e+00
6.660000000000000000e+02 2.108984474121718744e+00
6.670000000000000000e+02 2.107844371554886909e+00
6.680000000000000000e+02 2.105983240782791643e+00
6.690000000000000000e+02 2.104310766535968824e+00
6.700000000000000000e+02 2.104620747737943276e+00
6.710000000000000000e+02 2.104989984449715745e+00
6.720000000000000000e+02 2.101929362265208656e+00
6.730000000000000000e+02 2.098959949918731471e+00
6.740000000000000000e+02 2.098900427737369512e+00
6.750000000000000000e+02 2.099418137923661831e+00
6.760000000000000000e+02 2.097376168456917434e+00
6.770000000000000000e+02 2.095951551822397008e+00
