################################################################################
# Neural network connection values (weights and biases).
################################################################################
# Col  Name       Description
################################################################################
# 1    connection Neural network connection value.
# 2    t          Connection type (a = weight, b = bias).
# 3    index      Index enumerating weights.
# 4    l_s        Starting point layer (end point layer for biases).
# 5    n_s        Starting point neuron in starting layer (end point neuron for biases).
# 6    l_e        End point layer.
# 7    n_e        End point neuron in end layer.
################################################################################
#                      1 2         3     4     5     6     7
#             connection t     index   l_s   n_s   l_e   n_e
############################################################
  3.4497764961229276E+00 a         1     0     1     1     1
 -3.6487224072914204E+00 a         2     0     1     1     2
  3.9748356754481065E+00 a         3     0     1     1     3
  2.2423213541171747E+00 a         4     0     1     1     4
 -6.1642490685812348E+00 a         5     0     1     1     5
 -2.5738249875257138E+00 a         6     0     1     1     6
  3.7521396670441938E+00 a         7     0     1     1     7
 -2.6961860471387018E+00 a         8     0     1     1     8
 -2.6124108738574807E+00 a         9     0     1     1     9
  3.7163271554565691E+00 a        10     0     1     1    10
 -3.5031745783973172E+00 a        11     0     1     1    11
 -4.6025866096313823E+00 a        12     0     1     1    12
  3.8167422701047777E+00 a        13     0     1     1    13
  1.3128390085054049E+00 a        14     0     1     1    14
 -5.6399748187973309E+00 a        15     0     1     1    15
  4.7284345285307809E+00 a        16     0     1     1    16
  9.6982073017288273E-01 a        17     0     2     1     1
  6.7885224562041047E-01 a        18     0     2     1     2
  5.0327935277962785E+00 a        19     0     2     1     3
  1.1275035909659186E+00 a        20     0     2     1     4
 -1.0275309459714168E+00 a        21     0     2     1     5
 -1.0708099282906264E+01 a        22     0     2     1     6
 -1.8999997896145480E+00 a        23     0     2     1     7
 -9.0926632871479924E+00 a        24     0     2     1     8
 -9.1044497285141883E+00 a        25     0     2     1     9
  4.2283945634461334E-01 a        26     0     2     1    10
  6.7177943649559886E+00 a        27     0     2     1    11
 -1.1499012275740924E+01 a        28     0     2     1    12
  4.0096576183646553E+00 a        29     0     2     1    13
  8.5139183495126431E+00 a        30     0     2     1    14
 -8.4475077916078671E+00 a        31     0     2     1    15
  7.9162099717699919E+00 a        32     0     2     1    16
  1.1731541940627259E+00 a        33     0     3     1     1
  1.2771199443617567E+00 a        34     0     3     1     2
 -1.7626018812011555E+00 a        35     0     3     1     3
  1.2683682010671189E+01 a        36     0     3     1     4
  2.7528357390885021E+00 a        37     0     3     1     5
  4.9584536106335353E+00 a        38     0     3     1     6
  8.2155386866128719E+00 a        39     0     3     1     7
 -6.6416542982227700E+00 a        40     0     3     1     8
 -4.6562977602336835E+00 a        41     0     3     1     9
  1.9761651684418307E+01 a        42     0     3     1    10
 -1.6409850829304595E+01 a        43     0     3     1    11
 -1.6134337526069558E+01 a        44     0     3     1    12
 -4.9234077341332396E+00 a        45     0     3     1    13
 -8.8913678007103307E+00 a        46     0     3     1    14
  1.0549186585089975E+01 a        47     0     3     1    15
  6.0531116581269817E+00 a        48     0     3     1    16
 -8.4395319962297433E-01 a        49     0     4     1     1
 -1.3510204881249614E+00 a        50     0     4     1     2
  6.5035679840940452E-01 a        51     0     4     1     3
 -1.8957931396894001E+00 a        52     0     4     1     4
  3.5066568312163362E+00 a        53     0     4     1     5
  1.0592474516517724E+01 a        54     0     4     1     6
  9.2607186599148985E+00 a        55     0     4     1     7
  9.0448078791751083E+00 a        56     0     4     1     8
  5.9695124126195926E+00 a        57     0     4     1     9
  4.3923448499923312E+00 a        58     0     4     1    10
 -7.6785408302600331E+00 a        59     0     4     1    11
  1.1533007425643842E+01 a        60     0     4     1    12
 -4.7716920622567534E+00 a        61     0     4     1    13
 -4.8808311424880078E+00 a        62     0     4     1    14
  7.5910016992245701E+00 a        63     0     4     1    15
 -7.5778147541603493E+00 a        64     0     4     1    16
 -1.8571413545924724E+00 a        65     0     5     1     1
 -4.2888079593199366E+00 a        66     0     5     1     2
  2.9455280153436934E+00 a        67     0     5     1     3
 -1.2180110999082823E+01 a        68     0     5     1     4
  1.0274197629504858E+00 a        69     0     5     1     5
 -3.2097226016461939E+00 a        70     0     5     1     6
 -2.6377684181422314E+00 a        71     0     5     1     7
  1.0201130373063643E+01 a        72     0     5     1     8
  4.7108107875790814E+00 a        73     0     5     1     9
 -1.4522420021246493E+01 a        74     0     5     1    10
  1.3169207820362963E+01 a        75     0     5     1    11
  5.1448137638165896E+00 a        76     0     5     1    12
 -2.1321552271822930E+00 a        77     0     5     1    13
  7.4642875574706080E+00 a        78     0     5     1    14
 -8.7176399047045710E+00 a        79     0     5     1    15
 -1.4224579788971507E+01 a        80     0     5     1    16
 -2.9399774332105051E+00 a        81     0     6     1     1
  3.6484723142087403E+00 a        82     0     6     1     2
 -5.3932517136119591E+00 a        83     0     6     1     3
 -9.5609246544795712E-01 a        84     0     6     1     4
  5.3875025293024121E+00 a        85     0     6     1     5
  1.4179559261145449E+00 a        86     0     6     1     6
 -2.1754264387909932E+00 a        87     0     6     1     7
  1.7304210556221700E+00 a        88     0     6     1     8
  2.8294779472023346E+00 a        89     0     6     1     9
 -2.9897618279267766E+00 a        90     0     6     1    10
  3.7555433801318929E+00 a        91     0     6     1    11
  3.5008709214005505E+00 a        92     0     6     1    12
 -3.3868192626180256E+00 a        93     0     6     1    13
 -4.8013943971167072E-03 a        94     0     6     1    14
  4.7640732381870512E+00 a        95     0     6     1    15
 -2.4367831565241813E+00 a        96     0     6     1    16
  7.4771220102611369E-01 a        97     0     7     1     1
  6.4999467111145415E-01 a        98     0     7     1     2
 -1.9875900465983611E+00 a        99     0     7     1     3
  1.1109578862477363E+00 a       100     0     7     1     4
 -1.6336886036494329E+00 a       101     0     7     1     5
 -1.4205461485118940E+00 a       102     0     7     1     6
 -3.0415057701327846E+00 a       103     0     7     1     7
 -2.0466918151928311E+00 a       104     0     7     1     8
  8.0176556973006385E-01 a       105     0     7     1     9
 -1.0661821302419312E+00 a       106     0     7     1    10
  4.8049810740581872E-01 a       107     0     7     1    11
 -2.2670436679926511E+00 a       108     0     7     1    12
  6.6045608689330526E-01 a       109     0     7     1    13
 -7.6842449717096573E-01 a       110     0     7     1    14
 -1.5687340756690258E+00 a       111     0     7     1    15
  4.2399834486358923E-01 a       112     0     7     1    16
  1.0000374233677618E+00 a       113     0     8     1     1
  3.7367980916185082E+00 a       114     0     8     1     2
 -7.3270266089510139E-01 a       115     0     8     1     3
  2.2279624857727600E+00 a       116     0     8     1     4
  4.5943263324113165E-01 a       117     0     8     1     5
  6.8212927767857923E-01 a       118     0     8     1     6
 -4.9703764739216910E-01 a       119     0     8     1     7
 -3.1415899547013710E+00 a       120     0     8     1     8
 -8.8794874020098535E-01 a       121     0     8     1     9
  4.7438541042660098E-01 a       122     0     8     1    10
 -1.7249487523859830E+00 a       123     0     8     1    11
  2.8357518107439792E+00 a       124     0     8     1    12
  3.3477185901847077E+00 a       125     0     8     1    13
 -3.0782220070150151E-01 a       126     0     8     1    14
  3.1731411486674865E+00 a       127     0     8     1    15
  4.7848223572523025E+00 a       128     0     8     1    16
  1.2366561623838934E+00 a       129     0     9     1     1
 -1.1394904544952116E+00 a       130     0     9     1     2
  2.5204454315334601E+00 a       131     0     9     1     3
 -1.8804351397298785E-02 a       132     0     9     1     4
 -2.0545113597103866E+00 a       133     0     9     1     5
 -6.3384679824197723E-02 a       134     0     9     1     6
  1.0289182177868414E+00 a       135     0     9     1     7
 -8.2246091282559053E-01 a       136     0     9     1     8
 -1.0253321281472236E+00 a       137     0     9     1     9
  1.3276562916224659E+00 a       138     0     9     1    10
 -1.9441533422597523E+00 a       139     0     9     1    11
 -5.3283537404798309E-01 a       140     0     9     1    12
  1.6439241708095156E+00 a       141     0     9     1    13
  6.1788230002157413E-02 a       142     0     9     1    14
 -1.7338589050306563E+00 a       143     0     9     1    15
  8.7509486045806206E-01 a       144     0     9     1    16
 -8.4814680084967904E+00 a       145     0    10     1     1
  4.9256587803626273E+00 a       146     0    10     1     2
 -2.0257142841964609E-01 a       147     0    10     1     3
 -5.6155134288716519E+00 a       148     0    10     1     4
  1.5413007945697943E+01 a       149     0    10     1     5
 -2.5105700831616184E+00 a       150     0    10     1     6
 -5.4576832232714914E+00 a       151     0    10     1     7
  7.8931099567747491E+00 a       152     0    10     1     8
  6.2683058365357847E-01 a       153     0    10     1     9
 -3.8017126891147699E+00 a       154     0    10     1    10
  8.1685278033568274E+00 a       155     0    10     1    11
  6.8848145147673359E+00 a       156     0    10     1    12
 -9.8391319476328416E+00 a       157     0    10     1    13
 -1.0361124620948045E-01 a       158     0    10     1    14
  9.5307117900476435E+00 a       159     0    10     1    15
  1.3142489609802713E-01 a       160     0    10     1    16
 -7.9438667564942227E+00 a       161     0    11     1     1
 -3.4177287768549589E+00 a       162     0    11     1     2
 -1.1221161295529827E+01 a       163     0    11     1     3
 -5.8889516760662302E+00 a       164     0    11     1     4
  5.8254495006911737E+00 a       165     0    11     1     5
 -2.5096805113223826E+00 a       166     0    11     1     6
 -1.0013728435739210E+01 a       167     0    11     1     7
  4.8082720331973103E+00 a       168     0    11     1     8
 -2.1186714303885990E+00 a       169     0    11     1     9
 -1.2713726468897898E-01 a       170     0    11     1    10
 -3.5674691325490007E+00 a       171     0    11     1    11
 -4.4323734014453784E+00 a       172     0    11     1    12
  8.2688909618730697E-02 a       173     0    11     1    13
  7.0837597670329355E+00 a       174     0    11     1    14
  1.6814359450692383E+01 a       175     0    11     1    15
 -1.5298368404870399E+00 a       176     0    11     1    16
 -8.1045619778640425E+00 a       177     0    12     1     1
  5.5612812859101419E+00 a       178     0    12     1     2
 -2.2750614739370150E+00 a       179     0    12     1     3
  1.8392770822460891E+00 a       180     0    12     1     4
 -4.5879498399347343E+00 a       181     0    12     1     5
 -3.7431056029266045E+00 a       182     0    12     1     6
 -2.1751195105757422E+00 a       183     0    12     1     7
 -1.2085588288431236E+01 a       184     0    12     1     8
  2.5930823453735763E+00 a       185     0    12     1     9
 -1.3436719284757295E+01 a       186     0    12     1    10
  7.8723289414809230E+00 a       187     0    12     1    11
  1.0563055938666642E+01 a       188     0    12     1    12
  3.7576546953577719E+00 a       189     0    12     1    13
  9.5529553900864013E+00 a       190     0    12     1    14
 -6.3891381717665734E+00 a       191     0    12     1    15
  6.3946801653103060E+00 a       192     0    12     1    16
 -4.8492448669311390E+00 a       193     0    13     1     1
 -2.1856351513947883E+00 a       194     0    13     1     2
  2.4271823154515437E+00 a       195     0    13     1     3
 -2.4011109092225933E+00 a       196     0    13     1     4
 -3.1738572831509564E+00 a       197     0    13     1     5
 -6.0881327611990521E+00 a       198     0    13     1     6
 -1.4466097741341339E+00 a       199     0    13     1     7
  3.2363412558307281E+00 a       200     0    13     1     8
  1.5330695957551352E+00 a       201     0    13     1     9
  2.6739558569325939E-03 a       202     0    13     1    10
  7.8593237072602118E-01 a       203     0    13     1    11
  4.2369256795236057E+00 a       204     0    13     1    12
 -8.1805358962208761E+00 a       205     0    13     1    13
 -6.3712772016806385E+00 a       206     0    13     1    14
  3.0488790697463344E+00 a       207     0    13     1    15
 -7.1840294595655707E-01 a       208     0    13     1    16
  2.4580183139034570E+00 a       209     0    14     1     1
 -6.2402875395706403E-01 a       210     0    14     1     2
  5.0078418956636117E-01 a       211     0    14     1     3
  1.3612199926831231E+01 a       212     0    14     1     4
  7.2015179089595405E+00 a       213     0    14     1     5
 -5.2975144331652733E-03 a       214     0    14     1     6
 -8.7363289733108029E+00 a       215     0    14     1     7
 -1.1238209756867594E+01 a       216     0    14     1     8
  9.2406962094119862E+00 a       217     0    14     1     9
 -6.7956166626441417E-01 a       218     0    14     1    10
 -5.3785141140201409E+00 a       219     0    14     1    11
 -1.2862905176148829E+00 a       220     0    14     1    12
  1.1060671102749739E+01 a       221     0    14     1    13
 -1.5933538964824132E+00 a       222     0    14     1    14
 -1.1433638593372779E+01 a       223     0    14     1    15
 -8.5239224142587595E+00 a       224     0    14     1    16
  1.7048498696976664E+00 a       225     0    15     1     1
  2.4819133191982337E+00 a       226     0    15     1     2
  3.9851494624857486E-01 a       227     0    15     1     3
 -1.7335069210978080E+01 a       228     0    15     1     4
 -6.9228255283134326E+00 a       229     0    15     1     5
  1.1847679710802408E+01 a       230     0    15     1     6
 -3.7072966338347633E+00 a       231     0    15     1     7
  5.7343488206823165E+00 a       232     0    15     1     8
 -1.7606705133973719E+01 a       233     0    15     1     9
 -8.7722299494051530E+00 a       234     0    15     1    10
 -8.4230463203102950E+00 a       235     0    15     1    11
  2.4403251961375972E+01 a       236     0    15     1    12
 -7.1977252321557006E-01 a       237     0    15     1    13
 -1.0924682874344391E+00 a       238     0    15     1    14
  4.4640809721879045E+00 a       239     0    15     1    15
  9.4018872025312632E+00 a       240     0    15     1    16
  2.3996091252972716E+00 a       241     0    16     1     1
 -1.2466247301058111E+00 a       242     0    16     1     2
  7.1241993974197975E+00 a       243     0    16     1     3
 -1.2878892232996682E+00 a       244     0    16     1     4
 -3.5664456720586823E+00 a       245     0    16     1     5
 -5.3331168271135230E+00 a       246     0    16     1     6
  5.3486919387890097E+00 a       247     0    16     1     7
 -4.0634741982163698E+00 a       248     0    16     1     8
 -7.7909547815379039E+00 a       249     0    16     1     9
  4.9080325438371633E+00 a       250     0    16     1    10
  3.8743018958053415E+00 a       251     0    16     1    11
 -7.5613910844340315E-01 a       252     0    16     1    12
  5.5718608217601906E+00 a       253     0    16     1    13
  1.1342247552823512E+01 a       254     0    16     1    14
 -4.0247525900677701E+00 a       255     0    16     1    15
  7.5547512561696974E+00 a       256     0    16     1    16
  6.8545591283058849E-01 a       257     0    17     1     1
  2.1350410150789101E-01 a       258     0    17     1     2
 -9.3528424434110669E-01 a       259     0    17     1     3
 -2.9613307333490910E+00 a       260     0    17     1     4
 -2.5421605744959090E+00 a       261     0    17     1     5
  3.1032016248162804E+00 a       262     0    17     1     6
 -4.2741695839332727E-01 a       263     0    17     1     7
  8.4061800173105605E-02 a       264     0    17     1     8
 -2.9088402975151264E+00 a       265     0    17     1     9
 -7.4477936134401568E-01 a       266     0    17     1    10
 -1.2811095241353467E+00 a       267     0    17     1    11
  3.5047321527390878E+00 a       268     0    17     1    12
  1.1509139707534575E+00 a       269     0    17     1    13
  2.1415053088698668E-01 a       270     0    17     1    14
  1.4216422651854255E-01 a       271     0    17     1    15
  4.2766282189972848E+00 a       272     0    17     1    16
  2.5334247070048108E+00 a       273     0    18     1     1
 -1.1972929071542038E+00 a       274     0    18     1     2
  5.5364641454101671E+00 a       275     0    18     1     3
 -1.5997899314972919E+00 a       276     0    18     1     4
 -6.9849921824483543E+00 a       277     0    18     1     5
  3.8245650369759381E+00 a       278     0    18     1     6
  2.1185352665834767E+00 a       279     0    18     1     7
 -2.9448687651825028E-01 a       280     0    18     1     8
 -1.6980215975747079E+00 a       281     0    18     1     9
  3.7715431832373172E+00 a       282     0    18     1    10
 -4.1109543473167047E+00 a       283     0    18     1    11
 -6.5373456543990593E-01 a       284     0    18     1    12
  1.6539372433706185E+00 a       285     0    18     1    13
 -1.3277345445480337E+00 a       286     0    18     1    14
 -2.6040084161063481E-01 a       287     0    18     1    15
  4.7646302051428924E+00 a       288     0    18     1    16
  1.8065018664705967E+00 a       289     0    19     1     1
 -3.1108867135949900E+00 a       290     0    19     1     2
  2.9910768293781835E+00 a       291     0    19     1     3
  2.4300498509884694E+00 a       292     0    19     1     4
 -3.5941533428202863E+00 a       293     0    19     1     5
 -4.0295961857228608E+00 a       294     0    19     1     6
  2.9819328317700498E+00 a       295     0    19     1     7
  1.4907051542799872E+00 a       296     0    19     1     8
 -8.2214602363552780E-01 a       297     0    19     1     9
  2.9069868272075081E+00 a       298     0    19     1    10
 -3.4407744480086957E+00 a       299     0    19     1    11
 -6.5842746129746699E+00 a       300     0    19     1    12
 -5.0673893217679511E-01 a       301     0    19     1    13
 -3.2438654000430289E+00 a       302     0    19     1    14
 -9.1651366669197276E-01 a       303     0    19     1    15
  3.0340374030668121E-01 a       304     0    19     1    16
  7.4253983224199089E+00 a       305     0    20     1     1
 -5.4825283673510601E+00 a       306     0    20     1     2
 -2.1969347346681616E+00 a       307     0    20     1     3
  2.2688202915957847E-01 a       308     0    20     1     4
 -9.7583284620013941E+00 a       309     0    20     1     5
  1.6118686624987834E+01 a       310     0    20     1     6
  1.3006256840721052E+01 a       311     0    20     1     7
 -8.5092027075044143E+00 a       312     0    20     1     8
 -2.0822973457862739E+00 a       313     0    20     1     9
  2.2266229383180165E+00 a       314     0    20     1    10
 -1.1090830703343434E+01 a       315     0    20     1    11
 -5.8392692298296796E+00 a       316     0    20     1    12
  5.2368230130901106E+00 a       317     0    20     1    13
  7.1885565594203982E+00 a       318     0    20     1    14
 -1.1575882054562165E+00 a       319     0    20     1    15
 -2.8147797871788414E+00 a       320     0    20     1    16
  8.6343677725460886E+00 a       321     0    21     1     1
  1.2514302628420447E+01 a       322     0    21     1     2
  9.9649658222619308E+00 a       323     0    21     1     3
  9.4585632588483914E+00 a       324     0    21     1     4
  9.4313588036620306E+00 a       325     0    21     1     5
  1.7237918299672639E+01 a       326     0    21     1     6
  1.9482234277526896E+01 a       327     0    21     1     7
 -4.1562417837755454E+00 a       328     0    21     1     8
  1.6737407848711353E+01 a       329     0    21     1     9
 -1.1378637394266063E+01 a       330     0    21     1    10
  1.1493966140792237E+01 a       331     0    21     1    11
  1.6460881954628888E+01 a       332     0    21     1    12
 -1.1302491256999799E+01 a       333     0    21     1    13
 -1.8863913078635104E+01 a       334     0    21     1    14
 -1.9809902257151087E+01 a       335     0    21     1    15
  6.0853680972008215E+00 a       336     0    21     1    16
  1.2836806236391066E+01 a       337     0    22     1     1
 -4.6827827320309448E+00 a       338     0    22     1     2
 -4.1338808758747225E+00 a       339     0    22     1     3
 -1.4445671119290171E+01 a       340     0    22     1     4
  9.4511812768891605E+00 a       341     0    22     1     5
  2.4361748996572805E+00 a       342     0    22     1     6
 -6.8559423275894638E+00 a       343     0    22     1     7
  2.6228415617600497E+01 a       344     0    22     1     8
 -9.7066738670499675E-01 a       345     0    22     1     9
  7.8254902836108116E+00 a       346     0    22     1    10
  7.4782958019338244E+00 a       347     0    22     1    11
  9.1992148895823060E+00 a       348     0    22     1    12
  4.9561915515234922E+00 a       349     0    22     1    13
 -5.7742367031916384E+00 a       350     0    22     1    14
  2.1012005673888519E+00 a       351     0    22     1    15
  1.9467880480072189E-01 a       352     0    22     1    16
 -1.1901489153316048E+01 a       353     0    23     1     1
  7.8864802896598567E+00 a       354     0    23     1     2
  6.4420864031783394E+00 a       355     0    23     1     3
 -1.8897787478547887E+01 a       356     0    23     1     4
 -2.7086776378209262E+01 a       357     0    23     1     5
  5.3727111544185737E+00 a       358     0    23     1     6
  1.6848723676025305E+01 a       359     0    23     1     7
  3.3886197963327689E+00 a       360     0    23     1     8
 -1.3535802971161580E+01 a       361     0    23     1     9
 -8.1360620608823098E+00 a       362     0    23     1    10
  6.2349386312889576E+00 a       363     0    23     1    11
  8.9074391002201594E+00 a       364     0    23     1    12
 -2.0624375588259021E+01 a       365     0    23     1    13
  2.1272697840407782E+00 a       366     0    23     1    14
  2.3444168813307289E+01 a       367     0    23     1    15
  3.4290895728545858E+00 a       368     0    23     1    16
  2.5082221953166099E+00 a       369     0    24     1     1
  4.3658953615767810E+00 a       370     0    24     1     2
 -2.4712943200391643E-01 a       371     0    24     1     3
  1.0984468416608332E+01 a       372     0    24     1     4
  8.9145357099560538E+00 a       373     0    24     1     5
 -5.1632005868794488E+00 a       374     0    24     1     6
 -4.9636471234796806E+00 a       375     0    24     1     7
 -1.1300561618482521E+00 a       376     0    24     1     8
  7.2123788163965035E+00 a       377     0    24     1     9
  2.5991522022211040E+00 a       378     0    24     1    10
  4.4930926925741668E+00 a       379     0    24     1    11
 -1.0789971356484976E+01 a       380     0    24     1    12
  5.5560476632564253E+00 a       381     0    24     1    13
 -6.8468281795638242E-01 a       382     0    24     1    14
 -2.7800092169463562E+00 a       383     0    24     1    15
 -8.0523132075867423E+00 a       384     0    24     1    16
 -6.6812572387542817E+00 a       385     0    25     1     1
 -3.2073331792591930E+00 a       386     0    25     1     2
 -1.2549277727112127E+01 a       387     0    25     1     3
 -1.2892521117478026E+00 a       388     0    25     1     4
  2.0526299998744638E-01 a       389     0    25     1     5
 -7.3964136941799312E+00 a       390     0    25     1     6
 -1.4537439031431308E+01 a       391     0    25     1     7
  4.5101057397320288E+00 a       392     0    25     1     8
 -2.0092394202662547E+00 a       393     0    25     1     9
 -4.2573562812366950E-01 a       394     0    25     1    10
 -7.6700483410479885E+00 a       395     0    25     1    11
 -7.7177428320091463E+00 a       396     0    25     1    12
  1.1403724963706316E+00 a       397     0    25     1    13
 -2.0408699817825013E+00 a       398     0    25     1    14
  1.2179675371346915E+01 a       399     0    25     1    15
 -1.5210399319795743E+01 a       400     0    25     1    16
 -1.2984258439524661E+00 a       401     0    26     1     1
 -8.8931465999935433E-01 a       402     0    26     1     2
  3.4566080127413943E+00 a       403     0    26     1     3
 -1.9766172931182107E+00 a       404     0    26     1     4
  1.2556230429016813E+00 a       405     0    26     1     5
  2.1958426481303333E+00 a       406     0    26     1     6
 -1.7143867085724982E+00 a       407     0    26     1     7
  1.3369070341811917E+00 a       408     0    26     1     8
 -9.9876280602281875E-02 a       409     0    26     1     9
  4.4734438071540594E-01 a       410     0    26     1    10
 -7.6831435169348553E-02 a       411     0    26     1    11
 -2.9396446560511467E+00 a       412     0    26     1    12
 -1.4147400473943095E+00 a       413     0    26     1    13
 -9.3502794921800136E-01 a       414     0    26     1    14
 -1.0293813560458316E-01 a       415     0    26     1    15
 -8.0661764762283616E-01 a       416     0    26     1    16
  2.9175873119406137E-01 a       417     0    27     1     1
 -3.2827966892185234E+00 a       418     0    27     1     2
  3.2942416247578872E+00 a       419     0    27     1     3
 -2.3781680266039253E+00 a       420     0    27     1     4
 -4.6625158439808345E+00 a       421     0    27     1     5
  5.3320459500814419E+00 a       422     0    27     1     6
 -2.7133449495196773E+00 a       423     0    27     1     7
  1.8560800858853201E+00 a       424     0    27     1     8
  4.7671135775090134E-01 a       425     0    27     1     9
  5.2668860350581748E-01 a       426     0    27     1    10
 -5.1579290636713493E+00 a       427     0    27     1    11
 -5.7638039189006349E+00 a       428     0    27     1    12
 -3.0994786549397124E-01 a       429     0    27     1    13
 -3.0434635296283004E+00 a       430     0    27     1    14
  2.1151564453259355E+00 a       431     0    27     1    15
  5.3543978415717097E-01 a       432     0    27     1    16
  4.0660492715224121E+00 a       433     0    28     1     1
 -5.7374586524058246E+00 a       434     0    28     1     2
  6.9831340005690326E+00 a       435     0    28     1     3
  5.5788952900057112E+00 a       436     0    28     1     4
  1.2622234130755903E+00 a       437     0    28     1     5
  4.5593813677578537E-01 a       438     0    28     1     6
 -4.6354567837569114E+00 a       439     0    28     1     7
 -1.3874132344729684E+00 a       440     0    28     1     8
  2.8495312444829000E+00 a       441     0    28     1     9
  2.2800110576990433E+00 a       442     0    28     1    10
 -6.2048414599349906E+00 a       443     0    28     1    11
 -9.2305653760929971E+00 a       444     0    28     1    12
  4.1432730476881634E+00 a       445     0    28     1    13
 -5.1648356200546477E+00 a       446     0    28     1    14
 -6.6909661037328503E+00 a       447     0    28     1    15
 -5.6127552448269018E+00 a       448     0    28     1    16
 -1.2399743259478415E+00 a       449     0    29     1     1
  8.6776968824228740E-01 a       450     0    29     1     2
 -2.2409565841379191E+00 a       451     0    29     1     3
  9.8493517864111246E-01 a       452     0    29     1     4
  6.4315055084984118E-01 a       453     0    29     1     5
 -5.7553858902443311E+00 a       454     0    29     1     6
  5.1042531067204966E-01 a       455     0    29     1     7
  9.2472396582451233E-01 a       456     0    29     1     8
  7.0395192610273027E-01 a       457     0    29     1     9
 -1.6949304418219764E+00 a       458     0    29     1    10
  2.0850368299121840E+00 a       459     0    29     1    11
  3.3455753233221435E+00 a       460     0    29     1    12
 -1.4652647322999395E+00 a       461     0    29     1    13
 -1.7805651453981743E-02 a       462     0    29     1    14
  1.6710893635832993E-01 a       463     0    29     1    15
  9.4995474079888997E-01 a       464     0    29     1    16
 -1.7224465169061132E+00 a       465     0    30     1     1
  1.3552803717770876E+00 a       466     0    30     1     2
 -4.6418181202231512E+00 a       467     0    30     1     3
  1.0142220347452200E+00 a       468     0    30     1     4
  6.5315432055727829E+00 a       469     0    30     1     5
 -1.0646288766759007E+01 a       470     0    30     1     6
  1.5662355607187981E+00 a       471     0    30     1     7
 -7.8242617522612568E-01 a       472     0    30     1     8
 -2.5529398942078139E+00 a       473     0    30     1     9
 -3.4781649440021760E-02 a       474     0    30     1    10
  6.4624223409611536E+00 a       475     0    30     1    11
  2.9983303370444188E+00 a       476     0    30     1    12
 -8.4781075051366620E-03 a       477     0    30     1    13
  8.9875759515629969E+00 a       478     0    30     1    14
 -4.8771288999223972E-01 a       479     0    30     1    15
 -2.0646480076970670E+00 a       480     0    30     1    16
 -5.3074563429020372E-01 a       481     0    31     1     1
  3.2779784908964480E+00 a       482     0    31     1     2
 -1.1118826403170145E+01 a       483     0    31     1     3
  6.2096659909510779E+00 a       484     0    31     1     4
  1.3845944549535236E+01 a       485     0    31     1     5
 -7.4788796210797148E-01 a       486     0    31     1     6
 -5.6595026521666343E+00 a       487     0    31     1     7
 -5.7018435034505615E+00 a       488     0    31     1     8
  5.4866211997648184E+00 a       489     0    31     1     9
 -1.1971334777215261E+00 a       490     0    31     1    10
  1.9142603825079985E+00 a       491     0    31     1    11
  4.0261344375457462E+00 a       492     0    31     1    12
  5.7732713438279628E+00 a       493     0    31     1    13
  5.6648423211530794E+00 a       494     0    31     1    14
 -6.1005814826739844E+00 a       495     0    31     1    15
  3.0341105264911103E+00 a       496     0    31     1    16
 -5.5718331417854738E-01 a       497     0    32     1     1
 -2.2172583102612857E+00 a       498     0    32     1     2
 -2.2162052772290184E+00 a       499     0    32     1     3
  1.4932474335897338E+01 a       500     0    32     1     4
  3.4160658320529427E+00 a       501     0    32     1     5
 -1.1218822923510926E+01 a       502     0    32     1     6
  3.4313495926751716E+00 a       503     0    32     1     7
 -7.6869177444779240E+00 a       504     0    32     1     8
  1.1531348796677648E+01 a       505     0    32     1     9
  6.0184709562333616E+00 a       506     0    32     1    10
  9.2424217096268695E+00 a       507     0    32     1    11
 -2.0044052453308961E+01 a       508     0    32     1    12
  5.7452160157262568E+00 a       509     0    32     1    13
  5.0591656025200207E+00 a       510     0    32     1    14
 -7.5102370770871829E+00 a       511     0    32     1    15
  6.3638752398379561E-01 a       512     0    32     1    16
 -1.9908110862526840E+00 a       513     0    33     1     1
 -1.8729891455370110E-01 a       514     0    33     1     2
 -3.4476603475008083E-01 a       515     0    33     1     3
  1.4531055105170070E+00 a       516     0    33     1     4
  1.9593666275742613E-01 a       517     0    33     1     5
 -5.9916716677712079E-01 a       518     0    33     1     6
  6.9505912353615757E+00 a       519     0    33     1     7
 -1.0704911809964222E+00 a       520     0    33     1     8
 -4.1578658020229557E+00 a       521     0    33     1     9
  4.6378788736601049E+00 a       522     0    33     1    10
 -2.8162813476155759E+00 a       523     0    33     1    11
 -9.1486706783298697E+00 a       524     0    33     1    12
 -4.3266456270617795E+00 a       525     0    33     1    13
  1.3324663475411136E+00 a       526     0    33     1    14
  5.0947717786230964E+00 a       527     0    33     1    15
  4.7234844141682517E+00 a       528     0    33     1    16
 -5.4787646693790430E-02 a       529     0    34     1     1
 -8.7688301075743635E-01 a       530     0    34     1     2
  1.7038395608267587E+00 a       531     0    34     1     3
 -3.7534037222415340E-01 a       532     0    34     1     4
  5.9210925317087792E-01 a       533     0    34     1     5
  7.6671085682562934E-01 a       534     0    34     1     6
  6.1759041107715063E-01 a       535     0    34     1     7
  6.1366966666409029E-01 a       536     0    34     1     8
  6.2679408286410576E-01 a       537     0    34     1     9
  4.5144863014635211E-01 a       538     0    34     1    10
  5.7767291301047130E-03 a       539     0    34     1    11
 -1.4201218506030620E+00 a       540     0    34     1    12
 -1.0366140059755722E+00 a       541     0    34     1    13
 -3.0213136040411082E-01 a       542     0    34     1    14
  2.8471971882798952E-01 a       543     0    34     1    15
 -1.2250050198840234E+00 a       544     0    34     1    16
 -1.1270936518481531E+00 a       545     0    35     1     1
  7.4287343714949980E-02 a       546     0    35     1     2
 -5.7958533259433453E-01 a       547     0    35     1     3
 -2.4548554501758466E-01 a       548     0    35     1     4
  2.0247841930309125E+00 a       549     0    35     1     5
 -3.1795159594505568E-01 a       550     0    35     1     6
  7.9751386771920341E-01 a       551     0    35     1     7
  8.1164928916419882E-02 a       552     0    35     1     8
 -1.9990316880694814E-01 a       553     0    35     1     9
 -7.6646506166044670E-01 a       554     0    35     1    10
  1.0774660579550084E+00 a       555     0    35     1    11
 -1.2221905620737021E+00 a       556     0    35     1    12
  2.2651177339997847E-02 a       557     0    35     1    13
  1.2950645057999026E+00 a       558     0    35     1    14
 -1.1982534101711440E-01 a       559     0    35     1    15
  1.3323659307476631E-02 a       560     0    35     1    16
 -8.5332972711497634E-01 a       561     0    36     1     1
 -7.6348226581115097E-01 a       562     0    36     1     2
  2.4458855018373824E+00 a       563     0    36     1     3
 -1.9536267022631266E+00 a       564     0    36     1     4
 -7.7461043474988966E-01 a       565     0    36     1     5
  1.4021785236692823E+00 a       566     0    36     1     6
 -2.8777890404570834E+00 a       567     0    36     1     7
  2.2227829003170343E-01 a       568     0    36     1     8
 -2.0287384609374040E+00 a       569     0    36     1     9
 -1.6123913714196059E+00 a       570     0    36     1    10
 -3.7656592611542292E+00 a       571     0    36     1    11
  1.5439689288912632E+00 a       572     0    36     1    12
 -1.7567488309146797E+00 a       573     0    36     1    13
 -2.8913112224913675E+00 a       574     0    36     1    14
 -4.8177992049315027E-01 a       575     0    36     1    15
  6.5125173473470932E-01 a       576     0    36     1    16
  1.0015681344554770E+00 a       577     0    37     1     1
 -2.4500876429983260E+00 a       578     0    37     1     2
  2.3083839492603770E+00 a       579     0    37     1     3
 -9.3541221694403531E-01 a       580     0    37     1     4
 -1.5453699388444864E+00 a       581     0    37     1     5
  3.6867888368628523E+00 a       582     0    37     1     6
 -5.4654763166676368E+00 a       583     0    37     1     7
  1.8714293479006678E+00 a       584     0    37     1     8
 -7.4446854964743574E+00 a       585     0    37     1     9
  1.0329552427924729E+00 a       586     0    37     1    10
 -3.5946135165548010E+00 a       587     0    37     1    11
 -6.6903923320346363E+00 a       588     0    37     1    12
 -3.5251529096745129E+00 a       589     0    37     1    13
 -3.1382843674404546E+00 a       590     0    37     1    14
  8.3211695537371663E-02 a       591     0    37     1    15
 -8.3502420269668072E+00 a       592     0    37     1    16
  9.9139992459716908E-01 a       593     0    38     1     1
 -9.4565219383334076E-01 a       594     0    38     1     2
  4.2597108506945238E+00 a       595     0    38     1     3
 -9.4456434130771749E-01 a       596     0    38     1     4
 -1.5807304548481320E+00 a       597     0    38     1     5
  5.7892255576303198E-01 a       598     0    38     1     6
 -3.2368682307490650E+00 a       599     0    38     1     7
  4.3979857693625773E-01 a       600     0    38     1     8
 -3.0538004192818828E+00 a       601     0    38     1     9
 -7.9026677156744296E-01 a       602     0    38     1    10
  6.2739805110752500E-02 a       603     0    38     1    11
  1.2006391657282935E+00 a       604     0    38     1    12
  6.4208994528697982E-01 a       605     0    38     1    13
 -1.4841473916394203E+00 a       606     0    38     1    14
  1.1603768392681966E+00 a       607     0    38     1    15
 -8.2539476101649689E-01 a       608     0    38     1    16
 -2.8447027588948699E+00 a       609     0    39     1     1
  8.3087474230998293E-01 a       610     0    39     1     2
 -1.9399454766927193E+00 a       611     0    39     1     3
  4.0926581957437043E-02 a       612     0    39     1     4
  1.0050963465221892E+01 a       613     0    39     1     5
  7.2659049600751366E+00 a       614     0    39     1     6
 -1.3544772639806888E+00 a       615     0    39     1     7
  1.3649521034476535E+00 a       616     0    39     1     8
  1.0390384086619643E-01 a       617     0    39     1     9
 -3.4225160547983853E+00 a       618     0    39     1    10
  6.4298138001631857E+00 a       619     0    39     1    11
 -8.4931408148206682E+00 a       620     0    39     1    12
 -9.1920626547238327E-01 a       621     0    39     1    13
  3.2936599339473571E+00 a       622     0    39     1    14
  8.3602255597451105E+00 a       623     0    39     1    15
 -3.1909399662901929E+00 a       624     0    39     1    16
  2.0496757830492301E-01 a       625     0    40     1     1
 -1.6483357938255467E+00 a       626     0    40     1     2
  9.8503421841248411E+00 a       627     0    40     1     3
 -2.6778753638232167E+00 a       628     0    40     1     4
  6.3864244048428198E-01 a       629     0    40     1     5
  4.8998032047913637E-01 a       630     0    40     1     6
 -1.4810747333554874E+00 a       631     0    40     1     7
  2.0554728716420603E+00 a       632     0    40     1     8
 -4.9734770693811496E+00 a       633     0    40     1     9
 -1.1926619952756921E-02 a       634     0    40     1    10
  1.6101669868235191E+00 a       635     0    40     1    11
 -2.1758393649844061E+00 a       636     0    40     1    12
 -1.8194228065686838E-01 a       637     0    40     1    13
  9.0795071902489954E-01 a       638     0    40     1    14
  3.4503326886837038E-01 a       639     0    40     1    15
 -4.2264537479145856E+00 a       640     0    40     1    16
 -2.7245813441890115E-01 a       641     0    41     1     1
  2.6147455925934612E-03 a       642     0    41     1     2
  6.7298228606939992E-01 a       643     0    41     1     3
 -8.0271896650388630E-01 a       644     0    41     1     4
  6.8082934398934392E-01 a       645     0    41     1     5
  1.0143173127022442E+00 a       646     0    41     1     6
 -9.0323330209545749E-01 a       647     0    41     1     7
  5.7545964358085366E-01 a       648     0    41     1     8
 -1.0241016887429750E+00 a       649     0    41     1     9
 -7.6479339109389954E-01 a       650     0    41     1    10
  3.5867864131663652E-01 a       651     0    41     1    11
  2.7952536125530864E-01 a       652     0    41     1    12
 -3.1209257293817509E-02 a       653     0    41     1    13
  7.9427470666660038E-01 a       654     0    41     1    14
  4.2194544134315909E-01 a       655     0    41     1    15
  2.2845917853049680E+00 a       656     0    41     1    16
  4.2472445798131178E+00 a       657     0    42     1     1
  3.2876117384297215E-01 a       658     0    42     1     2
  7.9424305774112636E+00 a       659     0    42     1     3
 -9.3032877285393276E+00 a       660     0    42     1     4
 -2.5757031207347905E+00 a       661     0    42     1     5
  7.3057389990790877E+00 a       662     0    42     1     6
 -3.1417400473141468E+00 a       663     0    42     1     7
  4.3964559719862111E+00 a       664     0    42     1     8
 -1.0019400131972661E+01 a       665     0    42     1     9
 -1.1397949948012693E+01 a       666     0    42     1    10
 -8.6262229699744335E+00 a       667     0    42     1    11
  3.6206537168326678E+00 a       668     0    42     1    12
  3.7190868845212250E+00 a       669     0    42     1    13
 -6.3599092418403957E+00 a       670     0    42     1    14
  1.2783456478253013E+01 a       671     0    42     1    15
  1.0872728799167014E+01 a       672     0    42     1    16
  3.1433940025794316E+00 a       673     0    43     1     1
  2.7071666855341707E+00 a       674     0    43     1     2
  4.7832805633505506E+00 a       675     0    43     1     3
  1.2112193477782083E+00 a       676     0    43     1     4
 -6.1372789011317295E+00 a       677     0    43     1     5
 -8.2537717087559788E+00 a       678     0    43     1     6
  4.0718774941314013E+00 a       679     0    43     1     7
 -5.9538141217669676E+00 a       680     0    43     1     8
  1.2332423896661668E+01 a       681     0    43     1     9
 -1.2862418631100800E+00 a       682     0    43     1    10
  6.5438009808963864E+00 a       683     0    43     1    11
  1.8844777675743096E+01 a       684     0    43     1    12
  1.6491731325166526E+01 a       685     0    43     1    13
  5.2669788234139698E+00 a       686     0    43     1    14
 -3.7645828869165401E+00 a       687     0    43     1    15
  1.4623850477698273E+01 a       688     0    43     1    16
  7.2738612978470429E-01 a       689     0    44     1     1
  2.2662239186841129E+00 a       690     0    44     1     2
 -3.1207139004791564E+00 a       691     0    44     1     3
  3.0094779268743741E+00 a       692     0    44     1     4
 -4.4376315184451807E+00 a       693     0    44     1     5
 -1.3448650571524532E+00 a       694     0    44     1     6
  2.2982788898554936E+00 a       695     0    44     1     7
 -2.8393837713252985E+00 a       696     0    44     1     8
  3.5403109283142715E+00 a       697     0    44     1     9
  2.3228616202218917E+00 a       698     0    44     1    10
 -2.2083669789854916E+00 a       699     0    44     1    11
 -1.4130943785286274E+00 a       700     0    44     1    12
  5.7562153035209231E+00 a       701     0    44     1    13
  9.8324960518216742E-01 a       702     0    44     1    14
 -5.5757948202683183E+00 a       703     0    44     1    15
  5.9140248188778388E-01 a       704     0    44     1    16
  6.1235181633853735E+00 a       705     0    45     1     1
 -2.8834129955084804E+00 a       706     0    45     1     2
  1.8555525522129681E+01 a       707     0    45     1     3
 -2.4312873506105697E+00 a       708     0    45     1     4
 -1.3376336575752985E+01 a       709     0    45     1     5
  2.6118215926249131E+00 a       710     0    45     1     6
  1.7592882615704966E+00 a       711     0    45     1     7
  7.5938473977716914E-01 a       712     0    45     1     8
 -2.2557811957024025E+00 a       713     0    45     1     9
  1.2850279393359562E+01 a       714     0    45     1    10
 -2.2008002760269218E+01 a       715     0    45     1    11
 -1.7656708852829817E+00 a       716     0    45     1    12
 -4.0157578354723100E-01 a       717     0    45     1    13
 -1.2928714711238186E+01 a       718     0    45     1    14
 -6.9112516788306815E+00 a       719     0    45     1    15
 -7.1594544256565094E+00 a       720     0    45     1    16
  2.3454667747172864E+00 a       721     0    46     1     1
  5.6208909301413774E+00 a       722     0    46     1     2
 -2.2212201342832618E+01 a       723     0    46     1     3
  8.0323606147280913E+00 a       724     0    46     1     4
 -1.0250594476117371E+01 a       725     0    46     1     5
 -4.7753789271102960E+00 a       726     0    46     1     6
 -5.4415719889911713E+00 a       727     0    46     1     7
 -4.2454975989038628E+00 a       728     0    46     1     8
  8.1091428650578674E+00 a       729     0    46     1     9
 -6.6164523626062541E+00 a       730     0    46     1    10
  1.5237900646916402E+00 a       731     0    46     1    11
  8.8594297040140439E+00 a       732     0    46     1    12
  7.6259762317215039E+00 a       733     0    46     1    13
 -3.5377527511272162E+00 a       734     0    46     1    14
 -1.8436377506724380E+00 a       735     0    46     1    15
  1.2552265055514139E+01 a       736     0    46     1    16
  2.4802221108573783E+00 a       737     0    47     1     1
 -2.2640204103786603E+00 a       738     0    47     1     2
  4.1797666779444826E+00 a       739     0    47     1     3
  4.2074456305984304E-01 a       740     0    47     1     4
 -4.9973565721960620E+00 a       741     0    47     1     5
 -1.0750675528844928E+00 a       742     0    47     1     6
 -4.6569217069410200E+00 a       743     0    47     1     7
  7.0833408162511136E-01 a       744     0    47     1     8
 -4.5005322849115625E-01 a       745     0    47     1     9
 -1.2153221195819863E+00 a       746     0    47     1    10
 -2.5655010131929386E+00 a       747     0    47     1    11
 -2.6997658684856796E+00 a       748     0    47     1    12
 -8.5194251908999619E-01 a       749     0    47     1    13
 -7.1150483620641927E+00 a       750     0    47     1    14
  3.0979735386383439E-01 a       751     0    47     1    15
 -8.9105989115551250E+00 a       752     0    47     1    16
 -5.2426264551456985E+00 a       753     0    48     1     1
 -1.0032492039702417E+01 a       754     0    48     1     2
  1.0772231921130331E+01 a       755     0    48     1     3
 -2.9233849877915352E+00 a       756     0    48     1     4
  7.1013109543890769E+00 a       757     0    48     1     5
  5.7593759067773789E+00 a       758     0    48     1     6
 -8.8164639273114496E+00 a       759     0    48     1     7
 -1.7740614709554445E+00 a       760     0    48     1     8
 -2.4256324412842045E+00 a       761     0    48     1     9
 -4.6315177816985109E+00 a       762     0    48     1    10
  1.1955066114103561E+01 a       763     0    48     1    11
 -1.0964960248812178E+01 a       764     0    48     1    12
 -1.8958309897107155E+00 a       765     0    48     1    13
  3.4974603514528817E+00 a       766     0    48     1    14
 -3.2933096343953898E+00 a       767     0    48     1    15
 -1.8848916866155140E+01 a       768     0    48     1    16
 -7.0219918327060676E-02 a       769     0    49     1     1
  1.4248327401083172E-01 a       770     0    49     1     2
 -6.9195934956060523E-01 a       771     0    49     1     3
  3.4483767715202518E-01 a       772     0    49     1     4
  3.6345907527053724E-02 a       773     0    49     1     5
 -1.2017882025189177E+00 a       774     0    49     1     6
  2.6530791415334165E-01 a       775     0    49     1     7
 -2.8069529181357300E-01 a       776     0    49     1     8
  1.0720432281230403E+00 a       777     0    49     1     9
  4.4931327548743710E-01 a       778     0    49     1    10
  1.0188592106978966E+00 a       779     0    49     1    11
  3.9546326706495455E-01 a       780     0    49     1    12
  3.6637332192230737E-01 a       781     0    49     1    13
  6.6143488630123770E-01 a       782     0    49     1    14
 -4.4577669627971700E-01 a       783     0    49     1    15
  1.8257473154397521E+00 a       784     0    49     1    16
  3.8949324901761728E-01 a       785     0    50     1     1
 -4.3537994019449200E-01 a       786     0    50     1     2
  1.8592864032219487E+00 a       787     0    50     1     3
 -4.0604488900795371E-01 a       788     0    50     1     4
 -1.1153490067156717E+00 a       789     0    50     1     5
  9.4548539989589186E-01 a       790     0    50     1     6
 -5.3854656198089623E-01 a       791     0    50     1     7
  2.2188280823693593E-01 a       792     0    50     1     8
 -7.0638654311685511E-01 a       793     0    50     1     9
  7.9158953695744438E-01 a       794     0    50     1    10
 -2.5169078462144729E+00 a       795     0    50     1    11
  6.0068859059136637E-01 a       796     0    50     1    12
 -6.1123271601067974E-01 a       797     0    50     1    13
 -1.6261893627201474E+00 a       798     0    50     1    14
 -2.9430769686898339E-01 a       799     0    50     1    15
 -3.1322094602524005E-02 a       800     0    50     1    16
 -9.9946873720842277E-01 a       801     0    51     1     1
 -1.2983584559155354E+00 a       802     0    51     1     2
 -4.6182970149657310E-01 a       803     0    51     1     3
  7.1224541420372733E-01 a       804     0    51     1     4
  2.2139608993194857E+00 a       805     0    51     1     5
  3.5277978268007804E-01 a       806     0    51     1     6
 -1.6939567892838950E-01 a       807     0    51     1     7
 -1.7369446377573924E-01 a       808     0    51     1     8
  1.1862187499910497E+00 a       809     0    51     1     9
  1.0227430938483908E+00 a       810     0    51     1    10
  9.5941363388710188E-01 a       811     0    51     1    11
  6.6756962977312859E-02 a       812     0    51     1    12
 -2.2564895563640697E+00 a       813     0    51     1    13
  1.3178215620233549E+00 a       814     0    51     1    14
 -1.7802585155903086E+00 a       815     0    51     1    15
 -2.7740597989088820E+00 a       816     0    51     1    16
  1.3206011751645925E+00 a       817     0    52     1     1
 -1.9958133087003145E+00 a       818     0    52     1     2
  1.4912975486418195E-01 a       819     0    52     1     3
 -2.8973729055848912E-01 a       820     0    52     1     4
 -2.4890029451724858E+00 a       821     0    52     1     5
  4.1560101810367955E+00 a       822     0    52     1     6
 -1.6861324290352122E+00 a       823     0    52     1     7
  2.5976106539119841E+00 a       824     0    52     1     8
 -6.7249790828734044E+00 a       825     0    52     1     9
  1.9685498393318117E+00 a       826     0    52     1    10
 -7.8332085134114111E+00 a       827     0    52     1    11
 -7.5531311442770699E+00 a       828     0    52     1    12
 -6.6414431291649372E+00 a       829     0    52     1    13
 -6.7180706853002228E+00 a       830     0    52     1    14
  8.1727217004714947E-01 a       831     0    52     1    15
 -6.4786190976759208E+00 a       832     0    52     1    16
  1.1303043581207628E+00 a       833     0    53     1     1
 -1.3884718602254371E+00 a       834     0    53     1     2
  5.1393159833509099E+00 a       835     0    53     1     3
 -1.9299184680022208E+00 a       836     0    53     1     4
 -5.3742809414399961E-01 a       837     0    53     1     5
  1.6217026365268175E+00 a       838     0    53     1     6
 -1.9006453849289160E+00 a       839     0    53     1     7
  1.0537054557424641E+00 a       840     0    53     1     8
 -3.3583455890117002E+00 a       841     0    53     1     9
  3.6080537125666895E-01 a       842     0    53     1    10
 -7.2276003997656335E-01 a       843     0    53     1    11
  4.0529809102678236E+00 a       844     0    53     1    12
 -1.7293541802806431E+00 a       845     0    53     1    13
 -1.3998501170846891E+00 a       846     0    53     1    14
  2.1624192706684844E+00 a       847     0    53     1    15
 -3.9989801449833312E-01 a       848     0    53     1    16
 -1.5566862603639131E+00 a       849     0    54     1     1
  7.5987182107323331E-02 a       850     0    54     1     2
 -1.2828810608267624E+01 a       851     0    54     1     3
  7.0734262730798070E-01 a       852     0    54     1     4
  2.9032972895574503E+00 a       853     0    54     1     5
 -4.7401542729536654E+00 a       854     0    54     1     6
 -1.1785215993584159E+00 a       855     0    54     1     7
  4.8536600261733870E-01 a       856     0    54     1     8
  4.7150242699659808E+00 a       857     0    54     1     9
 -5.6661887220435316E+00 a       858     0    54     1    10
  1.3556468528574996E+01 a       859     0    54     1    11
  4.0327188518080508E+00 a       860     0    54     1    12
 -1.1205451513525508E+00 a       861     0    54     1    13
  4.7390966100035099E+00 a       862     0    54     1    14
  1.2401333575766189E+00 a       863     0    54     1    15
  2.9520920211743378E+00 a       864     0    54     1    16
 -1.6135728242285161E-01 a       865     0    55     1     1
 -4.1213614922128512E+00 a       866     0    55     1     2
  1.4449684903315958E+01 a       867     0    55     1     3
 -4.5890467044882612E+00 a       868     0    55     1     4
  2.7714782852207045E+00 a       869     0    55     1     5
  5.7534082167482792E+00 a       870     0    55     1     6
  1.9246323159157566E+00 a       871     0    55     1     7
  3.0790859992533202E+00 a       872     0    55     1     8
 -3.2811960691948023E+00 a       873     0    55     1     9
  6.2854491793892375E+00 a       874     0    55     1    10
 -4.9322621314724735E+00 a       875     0    55     1    11
 -4.5854314876266553E+00 a       876     0    55     1    12
 -5.6906741004643830E+00 a       877     0    55     1    13
 -1.1969968260218327E+00 a       878     0    55     1    14
 -3.1441732033357050E-01 a       879     0    55     1    15
 -8.7664130249808512E+00 a       880     0    55     1    16
 -5.9712634458035496E-01 a       881     0    56     1     1
  4.5494392897386460E-01 a       882     0    56     1     2
  2.5854920568209155E-01 a       883     0    56     1     3
 -1.1724557435317859E+00 a       884     0    56     1     4
  2.6130407630931858E+00 a       885     0    56     1     5
  1.4072203369158580E+00 a       886     0    56     1     6
  1.4418781150694608E+00 a       887     0    56     1     7
  2.0823327663506000E-01 a       888     0    56     1     8
  1.0720987653663168E+00 a       889     0    56     1     9
  4.1861375100074105E-01 a       890     0    56     1    10
 -1.0573014768198899E-01 a       891     0    56     1    11
  9.7988057034918841E-01 a       892     0    56     1    12
 -8.6994562805626929E-01 a       893     0    56     1    13
  2.8743918764838097E+00 a       894     0    56     1    14
 -1.1220691698279968E+00 a       895     0    56     1    15
  1.5979458061177332E+00 a       896     0    56     1    16
  2.1678664280649391E+00 a       897     0    57     1     1
  2.7991651732047442E+00 a       898     0    57     1     2
 -3.9282208398246246E+00 a       899     0    57     1     3
 -2.3937356250903968E-02 a       900     0    57     1     4
 -6.1210305245030909E+00 a       901     0    57     1     5
 -1.5704521231951800E+00 a       902     0    57     1     6
 -3.4697888827118994E-01 a       903     0    57     1     7
  2.6332306541927455E+00 a       904     0    57     1     8
  3.0464404084486776E+00 a       905     0    57     1     9
  1.0780325702372931E-01 a       906     0    57     1    10
 -1.5320756540204647E+01 a       907     0    57     1    11
  6.8531444565591428E+00 a       908     0    57     1    12
 -4.2248502027268469E+00 a       909     0    57     1    13
 -1.2781260484917119E+01 a       910     0    57     1    14
 -2.2649492510213136E+00 a       911     0    57     1    15
  1.1795144338760355E+00 a       912     0    57     1    16
  2.7436849906551894E+00 a       913     0    58     1     1
 -8.6430327636564541E-01 a       914     0    58     1     2
 -4.9115439251360922E+00 a       915     0    58     1     3
  1.5742295789098550E+00 a       916     0    58     1     4
 -8.4565408430805995E+00 a       917     0    58     1     5
 -1.1265023541072569E+01 a       918     0    58     1     6
  4.5651870154753516E-01 a       919     0    58     1     7
 -2.4416679507517267E-01 a       920     0    58     1     8
  2.5696657339584608E+00 a       921     0    58     1     9
 -4.1556952996748103E-01 a       922     0    58     1    10
  3.7818029145635528E+00 a       923     0    58     1    11
  8.1449797842107277E+00 a       924     0    58     1    12
  1.1187825685115760E+00 a       925     0    58     1    13
 -1.5608057294691038E-01 a       926     0    58     1    14
 -6.2180416466035213E+00 a       927     0    58     1    15
  4.1642624001439730E+00 a       928     0    58     1    16
  1.0082570387498604E+00 a       929     0    59     1     1
  3.5741889237421809E+00 a       930     0    59     1     2
 -9.2446609756595706E+00 a       931     0    59     1     3
  9.4860955858027545E+00 a       932     0    59     1     4
 -5.1191669708595908E+00 a       933     0    59     1     5
 -1.0408480021337780E+01 a       934     0    59     1     6
  4.4513899948947966E+00 a       935     0    59     1     7
 -2.8270524974580971E+00 a       936     0    59     1     8
  8.4909282881945778E+00 a       937     0    59     1     9
  1.1960226645869694E+01 a       938     0    59     1    10
  5.1835938736586504E+00 a       939     0    59     1    11
  2.7884610826587832E+00 a       940     0    59     1    12
  2.0978025047858573E+00 a       941     0    59     1    13
  3.7226004754991080E+00 a       942     0    59     1    14
 -8.9524187133035706E+00 a       943     0    59     1    15
  1.0260638933261081E+00 a       944     0    59     1    16
 -3.4225864581743157E+00 a       945     0    60     1     1
  4.6642801015316349E-01 a       946     0    60     1     2
 -6.0117959964115171E+00 a       947     0    60     1     3
  1.7240176399447055E-01 a       948     0    60     1     4
  5.4969632497381919E+00 a       949     0    60     1     5
  1.3653737964553949E+00 a       950     0    60     1     6
 -3.8057298747398177E-01 a       951     0    60     1     7
  8.9487307491288481E-01 a       952     0    60     1     8
  2.2953253483013442E-01 a       953     0    60     1     9
 -1.7406621453025015E+00 a       954     0    60     1    10
  2.9550108367062018E+00 a       955     0    60     1    11
 -4.5036747741549830E+00 a       956     0    60     1    12
 -3.9794246708105274E+00 a       957     0    60     1    13
  1.4877560724563887E+00 a       958     0    60     1    14
  1.0310138537860425E+00 a       959     0    60     1    15
 -1.5254083855699609E+00 a       960     0    60     1    16
 -1.7175396842159703E+00 a       961     0    61     1     1
 -1.8817603739523164E-01 a       962     0    61     1     2
 -4.1752899823344594E+00 a       963     0    61     1     3
 -1.2123974024644373E-01 a       964     0    61     1     4
  3.7741125954286736E+00 a       965     0    61     1     5
 -9.5404400027169003E-02 a       966     0    61     1     6
  7.7846263884259281E-01 a       967     0    61     1     7
  9.6592155473714469E-01 a       968     0    61     1     8
  1.7290195959772285E+00 a       969     0    61     1     9
 -1.3823356916647886E+00 a       970     0    61     1    10
  2.0350534444863309E+00 a       971     0    61     1    11
 -2.3859247693840837E+00 a       972     0    61     1    12
 -2.8559056165398276E+00 a       973     0    61     1    13
  8.3007849915214205E-01 a       974     0    61     1    14
  1.1086314509834054E+00 a       975     0    61     1    15
  3.2344430026159987E-01 a       976     0    61     1    16
 -4.0596125477708149E+00 a       977     0    62     1     1
  2.8025427997062655E+00 a       978     0    62     1     2
 -1.2130591951076022E+00 a       979     0    62     1     3
  6.8855773488192262E-01 a       980     0    62     1     4
  7.5698069124171541E+00 a       981     0    62     1     5
  5.9186024702561015E+00 a       982     0    62     1     6
 -2.6213033069617335E+00 a       983     0    62     1     7
 -2.7390464140421265E+00 a       984     0    62     1     8
 -4.3819571431653292E+00 a       985     0    62     1     9
 -3.9634024244998498E+00 a       986     0    62     1    10
 -1.6085945790020872E+00 a       987     0    62     1    11
 -2.6301850107773417E+00 a       988     0    62     1    12
  2.1290246800450325E+00 a       989     0    62     1    13
  3.7128081494689971E+00 a       990     0    62     1    14
  2.5267384762175018E+00 a       991     0    62     1    15
  3.2908620999126348E+00 a       992     0    62     1    16
 -9.0917721697000020E-01 a       993     0    63     1     1
  1.7241254938400679E+00 a       994     0    63     1     2
 -5.5062156406530649E+00 a       995     0    63     1     3
  1.7355511555247480E+00 a       996     0    63     1     4
  1.0237635039377104E+00 a       997     0    63     1     5
 -2.8326115874230751E+00 a       998     0    63     1     6
  3.0621851214845268E+00 a       999     0    63     1     7
 -1.4892978964478083E+00 a      1000     0    63     1     8
  1.2294778800017372E+00 a      1001     0    63     1     9
  8.1110416787186268E-01 a      1002     0    63     1    10
  2.9888021127061886E+00 a      1003     0    63     1    11
  2.0422389891352108E+00 a      1004     0    63     1    12
  2.0346013185490635E+00 a      1005     0    63     1    13
  3.6421758090713623E+00 a      1006     0    63     1    14
 -8.0296378321848294E-01 a      1007     0    63     1    15
  4.9641655907216871E+00 a      1008     0    63     1    16
  2.1294081500185666E+00 a      1009     0    64     1     1
  2.8345052966010260E+00 a      1010     0    64     1     2
 -4.8899289410729718E+00 a      1011     0    64     1     3
  3.5614575321097885E+00 a      1012     0    64     1     4
  1.9561243922276892E+00 a      1013     0    64     1     5
 -4.0421263513916612E+00 a      1014     0    64     1     6
  7.5260601569645633E+00 a      1015     0    64     1     7
 -1.4697473074106240E+00 a      1016     0    64     1     8
  2.7931900806458105E+00 a      1017     0    64     1     9
  3.8776803760114764E+00 a      1018     0    64     1    10
  8.4708000300591504E+00 a      1019     0    64     1    11
 -9.3352933164915408E-01 a      1020     0    64     1    12
  5.5491518742684294E+00 a      1021     0    64     1    13
  1.0471208024033421E+01 a      1022     0    64     1    14
  2.1572018484265540E+00 a      1023     0    64     1    15
  6.8296343419914711E+00 a      1024     0    64     1    16
  7.0652047240867621E-01 b      1025     1     1
  4.2772732009012304E-01 b      1026     1     2
  1.9183469133451986E-01 b      1027     1     3
  3.1193452770276020E-01 b      1028     1     4
  9.8271306373201514E-03 b      1029     1     5
  3.2716744555043842E-01 b      1030     1     6
  2.1863170710043980E-01 b      1031     1     7
  1.9978163941577648E-01 b      1032     1     8
  4.1402077222306527E-01 b      1033     1     9
  3.1707377841342678E-02 b      1034     1    10
  5.5613305545118241E-01 b      1035     1    11
  2.2117338465892977E-01 b      1036     1    12
  4.4995338745745206E-01 b      1037     1    13
  2.9756000566922869E-01 b      1038     1    14
  3.1313529519022015E-01 b      1039     1    15
  6.9697435440705768E-01 b      1040     1    16
 -3.4231723542842007E-01 a      1041     1     1     2     1
  1.2307353586585092E-01 a      1042     1     1     2     2
  1.3164233187764711E+00 a      1043     1     1     2     3
  2.0045726408282133E-01 a      1044     1     1     2     4
 -4.2650419073309059E-01 a      1045     1     1     2     5
  1.4693793450175463E+00 a      1046     1     1     2     6
  1.5348938226507605E-01 a      1047     1     1     2     7
 -1.6568957025594785E-01 a      1048     1     1     2     8
 -2.2231712883911015E-01 a      1049     1     1     2     9
 -4.2578612863698678E-01 a      1050     1     1     2    10
 -1.4427517987897744E+00 a      1051     1     1     2    11
 -8.2863293813531969E-01 a      1052     1     1     2    12
 -3.3451158879305670E-01 a      1053     1     1     2    13
  8.5580259216941645E-01 a      1054     1     1     2    14
  7.8669055180959524E-01 a      1055     1     1     2    15
 -8.2939871397102627E-01 a      1056     1     1     2    16
 -1.3728937631017137E+00 a      1057     1     2     2     1
 -1.1338558173740019E+00 a      1058     1     2     2     2
  7.3783174524395823E-01 a      1059     1     2     2     3
 -3.4774751468092729E-01 a      1060     1     2     2     4
  4.9608515449983688E-02 a      1061     1     2     2     5
 -9.3837988034245834E-01 a      1062     1     2     2     6
 -9.1794334772509589E-01 a      1063     1     2     2     7
  2.1552761146910243E-01 a      1064     1     2     2     8
 -1.6601053887381461E+00 a      1065     1     2     2     9
 -3.4764550679665063E-01 a      1066     1     2     2    10
  7.5617097519424498E-02 a      1067     1     2     2    11
 -3.1897751837033339E-01 a      1068     1     2     2    12
  6.9287887015184502E-01 a      1069     1     2     2    13
  4.2924770395598244E-01 a      1070     1     2     2    14
 -6.6763980121563327E-01 a      1071     1     2     2    15
  6.1143996992927974E-01 a      1072     1     2     2    16
  1.8092774647636012E-01 a      1073     1     3     2     1
  2.3274179793377231E-01 a      1074     1     3     2     2
  3.2672280438336021E-01 a      1075     1     3     2     3
 -6.0945459335036167E-01 a      1076     1     3     2     4
  6.2222099836057122E-02 a      1077     1     3     2     5
  1.3510353223781285E-01 a      1078     1     3     2     6
  5.3744799693537282E-01 a      1079     1     3     2     7
  7.4300969158071883E-02 a      1080     1     3     2     8
 -1.4202704991798092E+00 a      1081     1     3     2     9
 -1.2335852628975760E-01 a      1082     1     3     2    10
  2.9516940144182569E-01 a      1083     1     3     2    11
  1.6017025770380877E-01 a      1084     1     3     2    12
 -2.2997387396272292E-01 a      1085     1     3     2    13
  3.3051429566758987E-02 a      1086     1     3     2    14
  5.3975649750065843E-02 a      1087     1     3     2    15
 -1.0919834234835440E-01 a      1088     1     3     2    16
  3.3514822640509323E-01 a      1089     1     4     2     1
  2.0051613868068050E+00 a      1090     1     4     2     2
  5.6643528337068183E-01 a      1091     1     4     2     3
  1.1414047392714050E-01 a      1092     1     4     2     4
  1.6784161964885033E-01 a      1093     1     4     2     5
  8.6056983975666412E-01 a      1094     1     4     2     6
 -1.0211768566213506E+00 a      1095     1     4     2     7
  3.9647013959590548E-02 a      1096     1     4     2     8
  5.5371644758332283E-01 a      1097     1     4     2     9
 -1.7654548741487849E-01 a      1098     1     4     2    10
  1.1477668523543387E+00 a      1099     1     4     2    11
 -8.5283869297259340E-01 a      1100     1     4     2    12
 -6.8128425011293192E-01 a      1101     1     4     2    13
  1.0726964652567361E+00 a      1102     1     4     2    14
 -6.3490828610204086E-01 a      1103     1     4     2    15
  9.9557840986068291E-01 a      1104     1     4     2    16
 -1.5155349384413369E-01 a      1105     1     5     2     1
 -6.1916585703953619E-01 a      1106     1     5     2     2
  4.8905838616831690E-02 a      1107     1     5     2     3
 -9.7010493913856119E-02 a      1108     1     5     2     4
  4.0204304653151207E-01 a      1109     1     5     2     5
 -1.2584954621350266E+00 a      1110     1     5     2     6
  6.2352438774450547E-01 a      1111     1     5     2     7
 -2.2083581120039678E-01 a      1112     1     5     2     8
 -1.0372163993649339E-01 a      1113     1     5     2     9
 -5.8283118296916880E-01 a      1114     1     5     2    10
 -1.4663122609625092E+00 a      1115     1     5     2    11
  1.2593550224245953E-01 a      1116     1     5     2    12
 -5.7174633362941629E-01 a      1117     1     5     2    13
 -9.2597530026447739E-01 a      1118     1     5     2    14
  1.3233919846209252E+00 a      1119     1     5     2    15
 -3.5680716609991608E-01 a      1120     1     5     2    16
 -2.1406398853785338E-01 a      1121     1     6     2     1
 -1.5273103080863096E-01 a      1122     1     6     2     2
  1.7163332565047265E-01 a      1123     1     6     2     3
 -7.6944457459145732E-01 a      1124     1     6     2     4
 -5.4933056791625035E-01 a      1125     1     6     2     5
 -2.3654737330670353E-01 a      1126     1     6     2     6
 -1.1224232582190641E+00 a      1127     1     6     2     7
 -5.4963642003738877E-01 a      1128     1     6     2     8
 -3.1935030115895058E-01 a      1129     1     6     2     9
 -1.0079204734376952E-01 a      1130     1     6     2    10
  3.1509411616435873E-01 a      1131     1     6     2    11
  1.4933001382813571E-01 a      1132     1     6     2    12
 -1.7600809679263207E-01 a      1133     1     6     2    13
 -3.3626020738541251E-01 a      1134     1     6     2    14
 -1.1333003345899699E+00 a      1135     1     6     2    15
  5.2885538072448102E-01 a      1136     1     6     2    16
  6.2409792820569010E-01 a      1137     1     7     2     1
 -9.5038355454961732E-01 a      1138     1     7     2     2
  8.1873626619133877E-01 a      1139     1     7     2     3
 -2.4629106132337206E-01 a      1140     1     7     2     4
  3.6532309712811149E-02 a      1141     1     7     2     5
  5.3458149516774933E-01 a      1142     1     7     2     6
 -2.2676871319104505E-01 a      1143     1     7     2     7
 -2.8708672681067315E-01 a      1144     1     7     2     8
 -6.6791999419424222E-02 a      1145     1     7     2     9
  2.2299435440271467E-01 a      1146     1     7     2    10
  5.9811651203201788E-01 a      1147     1     7     2    11
  1.5434135839441512E-01 a      1148     1     7     2    12
  2.5950574014515027E-01 a      1149     1     7     2    13
 -3.0871467385201268E-01 a      1150     1     7     2    14
 -1.4630775743544466E-01 a      1151     1     7     2    15
  2.5416266650098035E-01 a      1152     1     7     2    16
  1.4625316204507530E-01 a      1153     1     8     2     1
 -2.5521084050081879E+00 a      1154     1     8     2     2
 -3.8282007608716173E-01 a      1155     1     8     2     3
  3.7429773101088115E-01 a      1156     1     8     2     4
  1.7092460574719415E+00 a      1157     1     8     2     5
 -2.0285806447252355E-01 a      1158     1     8     2     6
 -1.6290103746447055E+00 a      1159     1     8     2     7
 -1.5667654075468374E-01 a      1160     1     8     2     8
  7.4508315682495685E-01 a      1161     1     8     2     9
  1.5289457337877654E-01 a      1162     1     8     2    10
  1.6050890395681390E+00 a      1163     1     8     2    11
 -1.2334542452083141E+00 a      1164     1     8     2    12
  8.4076819292127158E-01 a      1165     1     8     2    13
  6.3559540592953045E-01 a      1166     1     8     2    14
 -1.9005315544242354E+00 a      1167     1     8     2    15
  6.2433749385185133E-01 a      1168     1     8     2    16
  2.6268489500192116E-01 a      1169     1     9     2     1
 -8.1957002847162508E-02 a      1170     1     9     2     2
 -1.0371780159798023E+00 a      1171     1     9     2     3
 -8.0178088109682100E-01 a      1172     1     9     2     4
 -4.1359788993751895E-01 a      1173     1     9     2     5
 -2.9236604742463579E-01 a      1174     1     9     2     6
  2.7403660337250607E-01 a      1175     1     9     2     7
  1.2747896681744589E-01 a      1176     1     9     2     8
 -4.7924146188836075E-01 a      1177     1     9     2     9
  2.6216358357736575E-03 a      1178     1     9     2    10
  1.7094070478678811E-01 a      1179     1     9     2    11
  6.8310764132999180E-01 a      1180     1     9     2    12
 -2.0060047024997116E-01 a      1181     1     9     2    13
 -7.8869181836549196E-01 a      1182     1     9     2    14
 -2.9554524059365700E-01 a      1183     1     9     2    15
 -9.8129864617933227E-01 a      1184     1     9     2    16
  1.1013108710444928E+00 a      1185     1    10     2     1
 -2.8638060825558758E+00 a      1186     1    10     2     2
  1.0193500688679189E+00 a      1187     1    10     2     3
 -1.9744276451732665E-01 a      1188     1    10     2     4
  2.7995127384844953E-01 a      1189     1    10     2     5
 -2.4665491498809580E-01 a      1190     1    10     2     6
  7.7096960273795656E-01 a      1191     1    10     2     7
 -1.2377676042992095E-01 a      1192     1    10     2     8
 -6.6621040193797787E-01 a      1193     1    10     2     9
 -7.3446579972954520E-02 a      1194     1    10     2    10
 -1.2021563627934326E+00 a      1195     1    10     2    11
  4.5682867583567427E-01 a      1196     1    10     2    12
 -1.9211036274819585E-01 a      1197     1    10     2    13
 -5.0622603314401338E-01 a      1198     1    10     2    14
  8.0434076413042577E-01 a      1199     1    10     2    15
  2.1512711840378307E-01 a      1200     1    10     2    16
  4.2655258719982703E-01 a      1201     1    11     2     1
 -2.2184904552578226E+00 a      1202     1    11     2     2
  9.2701912196109382E-01 a      1203     1    11     2     3
 -9.6220785773591433E-01 a      1204     1    11     2     4
  1.9885925122713188E-01 a      1205     1    11     2     5
 -2.1190756914355982E-01 a      1206     1    11     2     6
  2.4303497018210479E-01 a      1207     1    11     2     7
 -2.9386708060772504E-01 a      1208     1    11     2     8
 -1.8659351914585145E+00 a      1209     1    11     2     9
 -1.9986587204386755E-01 a      1210     1    11     2    10
 -9.7966344733125854E-01 a      1211     1    11     2    11
  2.1135569259735240E-01 a      1212     1    11     2    12
 -2.1424165440525356E-01 a      1213     1    11     2    13
 -3.6506717098924713E-01 a      1214     1    11     2    14
  5.6485021375174416E-01 a      1215     1    11     2    15
  5.5132938639995199E-01 a      1216     1    11     2    16
  1.3082379713300938E+00 a      1217     1    12     2     1
  1.3987271560186929E+00 a      1218     1    12     2     2
 -2.4213644849339657E-02 a      1219     1    12     2     3
 -3.7898360048204072E-02 a      1220     1    12     2     4
  3.5770807033573998E-01 a      1221     1    12     2     5
  2.2076821296788329E-01 a      1222     1    12     2     6
 -7.0772247583773859E-02 a      1223     1    12     2     7
  6.0323690768246160E-02 a      1224     1    12     2     8
 -1.8824129643255678E+00 a      1225     1    12     2     9
  2.6302261696304330E-01 a      1226     1    12     2    10
 -2.7633651417074334E-01 a      1227     1    12     2    11
  3.9412264444757383E-01 a      1228     1    12     2    12
  2.3628104755750909E-03 a      1229     1    12     2    13
 -4.2889841173852361E-01 a      1230     1    12     2    14
  4.3703224108406141E-01 a      1231     1    12     2    15
 -1.4957397930892208E-01 a      1232     1    12     2    16
  7.4268788945855924E-01 a      1233     1    13     2     1
 -2.0443612902421751E+00 a      1234     1    13     2     2
 -7.6583565693999833E-01 a      1235     1    13     2     3
  3.1529798068704712E-01 a      1236     1    13     2     4
  7.0168983707658270E-02 a      1237     1    13     2     5
 -7.9648701972264091E-01 a      1238     1    13     2     6
  2.1641153396852705E-01 a      1239     1    13     2     7
  8.2672292541661907E-01 a      1240     1    13     2     8
 -6.0909799165318390E-01 a      1241     1    13     2     9
  6.7997509338540568E-02 a      1242     1    13     2    10
 -2.3718127145171741E-01 a      1243     1    13     2    11
  3.2564824552189425E-01 a      1244     1    13     2    12
  7.0398085230512619E-01 a      1245     1    13     2    13
 -5.7511657334682542E-01 a      1246     1    13     2    14
 -1.5484197640518130E-01 a      1247     1    13     2    15
 -9.9164346636740353E-01 a      1248     1    13     2    16
  1.6843198968327813E-01 a      1249     1    14     2     1
  6.0999333469282424E-01 a      1250     1    14     2     2
 -6.8948989467954178E-02 a      1251     1    14     2     3
  8.5081348929557499E-01 a      1252     1    14     2     4
 -9.1764178976381516E-01 a      1253     1    14     2     5
  1.2576625381354194E+00 a      1254     1    14     2     6
 -8.0234436852205149E-01 a      1255     1    14     2     7
  1.5650790771366327E-01 a      1256     1    14     2     8
  7.1797402563007284E-01 a      1257     1    14     2     9
  6.0413312252006190E-01 a      1258     1    14     2    10
  1.1528122360350339E+00 a      1259     1    14     2    11
 -4.4900334607774123E-01 a      1260     1    14     2    12
 -4.2098819540659632E-01 a      1261     1    14     2    13
  9.3235270707030027E-01 a      1262     1    14     2    14
 -9.9310456737655139E-01 a      1263     1    14     2    15
 -3.2934634367934357E-01 a      1264     1    14     2    16
  1.0093545337869416E+00 a      1265     1    15     2     1
  2.2779374493266946E+00 a      1266     1    15     2     2
  2.7746307578505069E-01 a      1267     1    15     2     3
  6.5362715345192601E-01 a      1268     1    15     2     4
  2.7980437983044298E-01 a      1269     1    15     2     5
  1.0641708403434296E+00 a      1270     1    15     2     6
  6.5248661284060072E-01 a      1271     1    15     2     7
  6.3409241335215069E-02 a      1272     1    15     2     8
  6.7924723625491523E-01 a      1273     1    15     2     9
  7.9222714064816524E-01 a      1274     1    15     2    10
  9.0714782619791001E-01 a      1275     1    15     2    11
  2.1973069923572366E-01 a      1276     1    15     2    12
 -1.0068423697034852E-01 a      1277     1    15     2    13
  3.7995797250365748E-01 a      1278     1    15     2    14
 -6.1854051244356589E-01 a      1279     1    15     2    15
 -6.8490524058682301E-03 a      1280     1    15     2    16
 -2.7379472716567760E-01 a      1281     1    16     2     1
 -4.9169974588436133E-01 a      1282     1    16     2     2
 -6.0317513647068977E-01 a      1283     1    16     2     3
 -7.2308037420559090E-01 a      1284     1    16     2     4
 -8.3469035367101208E-02 a      1285     1    16     2     5
 -9.4973610346444567E-02 a      1286     1    16     2     6
  2.3260920817207301E-01 a      1287     1    16     2     7
 -4.2411896816899428E-02 a      1288     1    16     2     8
 -8.0755398760386388E-01 a      1289     1    16     2     9
 -1.3911668041740186E-01 a      1290     1    16     2    10
  8.1791032380072650E-04 a      1291     1    16     2    11
  1.2704811199978641E-02 a      1292     1    16     2    12
 -4.3718770298985445E-02 a      1293     1    16     2    13
  9.8477542381751298E-02 a      1294     1    16     2    14
  8.6604536204348451E-02 a      1295     1    16     2    15
 -2.2896230489514902E-01 a      1296     1    16     2    16
  3.2607734042882042E-01 b      1297     2     1
  3.9607374231622741E+00 b      1298     2     2
 -7.7009084892447133E-01 b      1299     2     3
  5.9935767002609053E-01 b      1300     2     4
 -2.5573331322057846E-01 b      1301     2     5
  2.1816093250196120E+00 b      1302     2     6
  2.2358132588161910E+00 b      1303     2     7
 -2.3267707605876216E-02 b      1304     2     8
  4.7775983402227844E+00 b      1305     2     9
 -2.5855462216562702E-01 b      1306     2    10
  5.0209069630749703E-01 b      1307     2    11
 -4.9921436051890263E-02 b      1308     2    12
  3.9125640163739456E-01 b      1309     2    13
 -6.0012087293089778E-01 b      1310     2    14
  5.0786546689096546E-01 b      1311     2    15
 -1.8804815801594159E+00 b      1312     2    16
 -4.3251927833326792E-01 a      1313     2     1     3     1
  2.2413087781433177E-02 a      1314     2     2     3     1
  1.3492175243501978E-01 a      1315     2     3     3     1
 -4.7690874008915646E-01 a      1316     2     4     3     1
  3.3321786775793344E-01 a      1317     2     5     3     1
  2.6348095200055199E-01 a      1318     2     6     3     1
 -1.8226303679672404E-01 a      1319     2     7     3     1
  6.4055976795440783E-01 a      1320     2     8     3     1
  4.9900417238666762E-02 a      1321     2     9     3     1
  7.5805936708356181E-01 a      1322     2    10     3     1
 -1.3699680628165492E-01 a      1323     2    11     3     1
  9.0675335029118709E-01 a      1324     2    12     3     1
 -2.8255153959270035E-01 a      1325     2    13     3     1
 -3.8773883489508509E-01 a      1326     2    14     3     1
  3.7887010507648555E-01 a      1327     2    15     3     1
 -6.8734223873189759E-01 a      1328     2    16     3     1
 -3.1768149395353024E-01 b      1329     3     1
