################################################################################
# Neural network connection values (weights and biases).
################################################################################
# Col  Name       Description
################################################################################
# 1    connection Neural network connection value.
# 2    t          Connection type (a = weight, b = bias).
# 3    index      Index enumerating weights.
# 4    l_s        Starting point layer (end point layer for biases).
# 5    n_s        Starting point neuron in starting layer (end point neuron for biases).
# 6    l_e        End point layer.
# 7    n_e        End point neuron in end layer.
################################################################################
#                      1 2         3     4     5     6     7
#             connection t     index   l_s   n_s   l_e   n_e
############################################################
  1.4353554664838728E+00 a         1     0     1     1     1
  3.1205694412761736E-01 a         2     0     1     1     2
  2.4042220712110756E+00 a         3     0     1     1     3
  2.2443359925813322E+00 a         4     0     1     1     4
 -2.5031998903007224E+00 a         5     0     1     1     5
  1.3451968238470118E+00 a         6     0     1     1     6
  1.4708856688917060E+00 a         7     0     1     1     7
  2.9500719550042187E+00 a         8     0     1     1     8
  3.6180028526323773E+00 a         9     0     1     1     9
  3.8148339381195795E-03 a        10     0     1     1    10
 -2.9336752620390183E-01 a        11     0     1     1    11
  2.8829460650018512E-01 a        12     0     1     1    12
 -2.1061983129930154E-01 a        13     0     1     1    13
 -3.0340061838368393E+00 a        14     0     1     1    14
 -8.1404762340718195E-01 a        15     0     1     1    15
  2.0547496385868933E+00 a        16     0     1     1    16
  2.6699158412210315E+00 a        17     0     2     1     1
 -4.1593866513767725E+00 a        18     0     2     1     2
 -1.9357044771004384E+00 a        19     0     2     1     3
 -4.1970113884686597E+00 a        20     0     2     1     4
  1.4407939902393425E+00 a        21     0     2     1     5
  4.5351924973663760E-01 a        22     0     2     1     6
  1.6369323533165154E+00 a        23     0     2     1     7
  7.7527679440134545E-01 a        24     0     2     1     8
  4.7927731004822674E-04 a        25     0     2     1     9
  3.5228820129481391E+00 a        26     0     2     1    10
 -6.8839845070278916E-01 a        27     0     2     1    11
 -4.0429373252367293E+00 a        28     0     2     1    12
 -4.2196852625749077E+00 a        29     0     2     1    13
  2.1405910550862974E+00 a        30     0     2     1    14
  7.2311105711778574E-03 a        31     0     2     1    15
 -1.1175497036467974E+00 a        32     0     2     1    16
 -1.2567400476939895E+01 a        33     0     3     1     1
  3.7255783976422507E+00 a        34     0     3     1     2
  2.3929632485171206E+00 a        35     0     3     1     3
  1.8403881466306785E+01 a        36     0     3     1     4
  4.8940229675913843E-01 a        37     0     3     1     5
 -1.6107656364071442E+01 a        38     0     3     1     6
  6.5859654777397472E+00 a        39     0     3     1     7
 -1.5193528762831104E+01 a        40     0     3     1     8
 -5.0401845575006758E+00 a        41     0     3     1     9
 -5.2387585995059798E+00 a        42     0     3     1    10
 -8.0801771314866100E-01 a        43     0     3     1    11
  4.6750603685793495E+00 a        44     0     3     1    12
  1.3248017326903939E+01 a        45     0     3     1    13
 -8.2848670774521815E-01 a        46     0     3     1    14
 -3.9801405624351749E+00 a        47     0     3     1    15
 -5.8786396556743474E+00 a        48     0     3     1    16
  1.9794549244258921E+01 a        49     0     4     1     1
 -6.4542138431559408E+00 a        50     0     4     1     2
 -1.7094014370115929E-01 a        51     0     4     1     3
 -1.2776973900626041E+01 a        52     0     4     1     4
 -3.5078763868480733E-01 a        53     0     4     1     5
  3.5934299136918597E+01 a        54     0     4     1     6
 -2.4491739476885819E+01 a        55     0     4     1     7
  1.7647090367153670E+01 a        56     0     4     1     8
  1.8390940673825586E+01 a        57     0     4     1     9
  5.8059925340335221E+00 a        58     0     4     1    10
  7.6178755859286262E-01 a        59     0     4     1    11
 -3.9702100710617989E+00 a        60     0     4     1    12
 -1.7331031118455833E+01 a        61     0     4     1    13
  8.3029250932493852E+00 a        62     0     4     1    14
 -1.0291540820483535E+01 a        63     0     4     1    15
  2.2032617465489892E+01 a        64     0     4     1    16
  1.7209653069732471E+00 a        65     0     5     1     1
  1.5146296731377226E-01 a        66     0     5     1     2
  6.2622711376084750E-01 a        67     0     5     1     3
 -3.6860865462548126E-01 a        68     0     5     1     4
  5.0126967600291650E-01 a        69     0     5     1     5
 -9.2462688146652594E-01 a        70     0     5     1     6
 -3.3972206635632363E+00 a        71     0     5     1     7
  3.3767096179630135E-01 a        72     0     5     1     8
 -2.4270449214534175E+00 a        73     0     5     1     9
 -1.4514446267040139E-03 a        74     0     5     1    10
  8.7580584436635367E-01 a        75     0     5     1    11
  9.5785796100046117E-02 a        76     0     5     1    12
  9.0481274786811661E-01 a        77     0     5     1    13
  1.1486389887182111E+00 a        78     0     5     1    14
 -1.2125470902234730E+00 a        79     0     5     1    15
 -1.9669745596705041E-01 a        80     0     5     1    16
  9.5569774975893051E-01 a        81     0     6     1     1
  1.1015567214493307E+00 a        82     0     6     1     2
  1.8546944161339194E+00 a        83     0     6     1     3
  2.0558701722759283E+00 a        84     0     6     1     4
 -7.9518712152410376E-01 a        85     0     6     1     5
 -1.3525463898128709E-01 a        86     0     6     1     6
 -2.9579645268301085E+00 a        87     0     6     1     7
  4.6635270565371245E-01 a        88     0     6     1     8
 -1.3060024532346004E+00 a        89     0     6     1     9
 -1.4554337653822236E+00 a        90     0     6     1    10
  1.3323367703196876E+00 a        91     0     6     1    11
  1.5248395408690314E+00 a        92     0     6     1    12
  2.5474307504440015E+00 a        93     0     6     1    13
 -8.0051467579029079E-01 a        94     0     6     1    14
 -1.6622469072957633E+00 a        95     0     6     1    15
  2.3429378064156330E+00 a        96     0     6     1    16
 -1.0679435233606101E+01 a        97     0     7     1     1
  2.1888435925305316E+00 a        98     0     7     1     2
 -8.5420788126855243E+00 a        99     0     7     1     3
 -7.6317624451333206E+00 a       100     0     7     1     4
  1.9701115942934149E+00 a       101     0     7     1     5
 -2.8897883672929211E+01 a       102     0     7     1     6
  2.3518235683455931E+01 a       103     0     7     1     7
 -1.6648616957151145E+01 a       104     0     7     1     8
 -1.8066871365042328E+01 a       105     0     7     1     9
  4.0907888480924024E+00 a       106     0     7     1    10
 -6.5867015443805699E-01 a       107     0     7     1    11
 -6.5114699845095476E+00 a       108     0     7     1    12
  8.3040735481990140E+00 a       109     0     7     1    13
 -1.3018004627223227E+01 a       110     0     7     1    14
  2.8268380305342141E+01 a       111     0     7     1    15
 -2.3006674857212989E+01 a       112     0     7     1    16
  3.9270110564095631E+00 a       113     0     8     1     1
  4.8614357598436453E-01 a       114     0     8     1     2
  5.9212182724418971E+00 a       115     0     8     1     3
  5.1030583740913098E+00 a       116     0     8     1     4
 -1.8461892491572574E+00 a       117     0     8     1     5
  1.0374533007420593E+01 a       118     0     8     1     6
 -9.6112289338520078E+00 a       119     0     8     1     7
  1.1898237723695392E+01 a       120     0     8     1     8
  7.0352052765837296E+00 a       121     0     8     1     9
 -3.9494000426195948E+00 a       122     0     8     1    10
  1.6828679841839844E+00 a       123     0     8     1    11
  6.4103505800871243E+00 a       124     0     8     1    12
 -2.1724008911467014E+00 a       125     0     8     1    13
  6.6572525661979407E+00 a       126     0     8     1    14
 -1.9422754536783220E+01 a       127     0     8     1    15
  1.0659636579599294E+01 a       128     0     8     1    16
 -3.4351735275571227E+00 a       129     0     9     1     1
 -7.3804908321148694E+00 a       130     0     9     1     2
  3.2947201981811900E+00 a       131     0     9     1     3
 -3.7291976727808063E+00 a       132     0     9     1     4
  1.3106223127543212E+01 a       133     0     9     1     5
 -1.1836600468519547E+01 a       134     0     9     1     6
  3.8693823869592157E+00 a       135     0     9     1     7
 -1.0431173794531420E+01 a       136     0     9     1     8
 -5.0186005676767991E+00 a       137     0     9     1     9
 -1.0521130527815259E+00 a       138     0     9     1    10
  4.3990639941781184E+00 a       139     0     9     1    11
  4.7241534880127185E+00 a       140     0     9     1    12
  8.9250282247576029E-01 a       141     0     9     1    13
 -5.7957664256449282E-01 a       142     0     9     1    14
 -3.5110988391902991E+00 a       143     0     9     1    15
 -6.7129629621365945E+00 a       144     0     9     1    16
  8.0079044230020440E+00 a       145     0    10     1     1
  1.1219125158478358E+00 a       146     0    10     1     2
  2.1976495996509069E+00 a       147     0    10     1     3
 -9.4653849294953520E+00 a       148     0    10     1     4
 -1.4632860566235034E-01 a       149     0    10     1     5
 -9.4211597785270342E+00 a       150     0    10     1     6
  1.4587545657631762E+00 a       151     0    10     1     7
  1.1943398726598041E+01 a       152     0    10     1     8
 -7.6530884923472371E+00 a       153     0    10     1     9
  1.0503072318571567E+01 a       154     0    10     1    10
  4.3568970023365052E+00 a       155     0    10     1    11
  6.9256719024738072E+00 a       156     0    10     1    12
  3.9722409041881774E+00 a       157     0    10     1    13
 -7.6390972667547805E+00 a       158     0    10     1    14
 -1.5185870471925225E-01 a       159     0    10     1    15
 -1.1175732517787630E+01 a       160     0    10     1    16
 -3.8472664333382545E+00 a       161     0    11     1     1
 -6.3291126168610194E+00 a       162     0    11     1     2
  1.7711020454571202E+01 a       163     0    11     1     3
 -1.8052200360190927E+01 a       164     0    11     1     4
 -1.3786906933168087E+01 a       165     0    11     1     5
 -1.8826576060877969E+01 a       166     0    11     1     6
  1.8711557929171065E+01 a       167     0    11     1     7
  9.8141891204261302E+00 a       168     0    11     1     8
 -5.0826443811513622E+00 a       169     0    11     1     9
  8.6685130251130804E+00 a       170     0    11     1    10
 -3.6221270442430900E+00 a       171     0    11     1    11
 -3.6276061116916165E+00 a       172     0    11     1    12
 -2.1397581675893713E+00 a       173     0    11     1    13
 -5.6879807792927330E+00 a       174     0    11     1    14
  9.9804155648158073E+00 a       175     0    11     1    15
 -5.5091411571817961E+00 a       176     0    11     1    16
 -2.1622211578475991E+01 a       177     0    12     1     1
  1.3625864548188373E+00 a       178     0    12     1     2
 -3.4496699416245292E+01 a       179     0    12     1     3
  6.6896931093963907E+00 a       180     0    12     1     4
  1.5396784116005032E+01 a       181     0    12     1     5
 -2.3765696652837702E+00 a       182     0    12     1     6
  4.6716135339843197E+00 a       183     0    12     1     7
 -9.9757840989881306E+00 a       184     0    12     1     8
 -1.2964669688335137E+01 a       185     0    12     1     9
  3.6798207028199394E-02 a       186     0    12     1    10
 -1.8237237476464276E+01 a       187     0    12     1    11
  1.8192335438240164E+00 a       188     0    12     1    12
  1.4794476755517405E+01 a       189     0    12     1    13
  2.5548450590894149E+01 a       190     0    12     1    14
  4.2067810111269495E+00 a       191     0    12     1    15
 -5.4949845021337653E+00 a       192     0    12     1    16
  1.1539480520451708E+01 a       193     0    13     1     1
 -3.8662557707892389E+00 a       194     0    13     1     2
 -5.8163686238521093E+00 a       195     0    13     1     3
 -1.6851312427087262E+01 a       196     0    13     1     4
  1.3473898614074129E+00 a       197     0    13     1     5
  9.3932193162771960E-01 a       198     0    13     1     6
 -1.7403932766559529E+00 a       199     0    13     1     7
  5.9678037329124978E+00 a       200     0    13     1     8
 -1.1303049462290689E+01 a       201     0    13     1     9
  8.6033704728956781E+00 a       202     0    13     1    10
 -6.1967326482477625E-01 a       203     0    13     1    11
  8.1551733346351363E-01 a       204     0    13     1    12
 -3.8703759112863323E+00 a       205     0    13     1    13
  6.9510681459272128E+00 a       206     0    13     1    14
  6.8278558040967390E+00 a       207     0    13     1    15
 -7.6327889136026030E+00 a       208     0    13     1    16
 -2.9719775455753075E+00 a       209     0    14     1     1
 -2.3838416117663751E+01 a       210     0    14     1     2
 -5.0641780530066516E+00 a       211     0    14     1     3
  1.1151545971124879E+01 a       212     0    14     1     4
 -4.4312689630786259E+00 a       213     0    14     1     5
 -1.6715981489192849E+01 a       214     0    14     1     6
  1.8279989280703646E+01 a       215     0    14     1     7
  1.6872954715496320E+01 a       216     0    14     1     8
 -1.1594991097317386E+00 a       217     0    14     1     9
 -9.6112690192256451E+00 a       218     0    14     1    10
  1.9944075723192576E+01 a       219     0    14     1    11
 -3.1607239104432416E+01 a       220     0    14     1    12
 -2.8509532395976432E+01 a       221     0    14     1    13
 -3.3861524095620787E+01 a       222     0    14     1    14
  1.1778553997679223E+01 a       223     0    14     1    15
 -6.7281589870220753E+00 a       224     0    14     1    16
 -6.6681695137157995E+00 a       225     0    15     1     1
  6.5191273551282325E-01 a       226     0    15     1     2
 -6.3742735554847263E-01 a       227     0    15     1     3
  1.0356486202444769E+01 a       228     0    15     1     4
  1.1928789257128551E+00 a       229     0    15     1     5
  6.4329992417186932E-01 a       230     0    15     1     6
  1.4128364169416527E+00 a       231     0    15     1     7
  8.8551524897160405E-01 a       232     0    15     1     8
  1.3270518294747768E+00 a       233     0    15     1     9
  1.4909481541592967E-01 a       234     0    15     1    10
 -2.5189105688325948E+00 a       235     0    15     1    11
  3.8284151997951814E+00 a       236     0    15     1    12
  4.8309908317201629E+00 a       237     0    15     1    13
  2.4345955717113993E-01 a       238     0    15     1    14
  8.1598818265239337E-01 a       239     0    15     1    15
 -7.6044784217993600E-01 a       240     0    15     1    16
  3.6883139826768243E+00 a       241     0    16     1     1
 -5.3439492781455677E-01 a       242     0    16     1     2
 -1.8049368269804391E+00 a       243     0    16     1     3
 -1.8791402763405201E+00 a       244     0    16     1     4
 -5.2362253511950903E-02 a       245     0    16     1     5
 -5.7313563174005855E-01 a       246     0    16     1     6
  2.8412165943150960E+00 a       247     0    16     1     7
  1.6232051489407349E+00 a       248     0    16     1     8
  4.6735828219732883E-01 a       249     0    16     1     9
  5.7213582345833602E+00 a       250     0    16     1    10
 -5.0015731165313881E-01 a       251     0    16     1    11
  1.1131937146811901E+00 a       252     0    16     1    12
  4.0059629784926394E-02 a       253     0    16     1    13
 -1.1134650288592247E+00 a       254     0    16     1    14
 -1.2547333663679092E+00 a       255     0    16     1    15
 -2.8759247721147125E+00 a       256     0    16     1    16
  1.0788390545915050E+00 a       257     0    17     1     1
 -4.0976347283403021E+00 a       258     0    17     1     2
  7.4871705403693489E-01 a       259     0    17     1     3
  1.0427664119704863E+01 a       260     0    17     1     4
 -3.4236116533484968E+00 a       261     0    17     1     5
 -1.0038301879679123E+00 a       262     0    17     1     6
  1.0265655097818360E+00 a       263     0    17     1     7
 -2.8649216989233000E+00 a       264     0    17     1     8
  1.2880217786247397E+00 a       265     0    17     1     9
  2.9577305666970508E+00 a       266     0    17     1    10
  1.0950132358353259E+00 a       267     0    17     1    11
 -3.5120738675126426E+00 a       268     0    17     1    12
 -1.1464295697809017E+00 a       269     0    17     1    13
 -1.9416358619087211E+00 a       270     0    17     1    14
 -1.8841292203317710E+00 a       271     0    17     1    15
  3.4686956912727016E+00 a       272     0    17     1    16
  8.5711720791301147E+00 a       273     0    18     1     1
  1.6134507446069083E+01 a       274     0    18     1     2
 -2.2088148202796862E+01 a       275     0    18     1     3
 -2.1388506161880385E+00 a       276     0    18     1     4
 -2.2732120373602367E+01 a       277     0    18     1     5
  1.6109919994708939E+01 a       278     0    18     1     6
 -3.3915141738303851E+00 a       279     0    18     1     7
  1.7949172978591580E+01 a       280     0    18     1     8
  5.7469483744966594E-03 a       281     0    18     1     9
  2.5953102327280436E-01 a       282     0    18     1    10
 -6.1963348035602417E+00 a       283     0    18     1    11
 -9.0135712846630778E+00 a       284     0    18     1    12
  1.6108037143187479E+00 a       285     0    18     1    13
  2.3531042318920581E+00 a       286     0    18     1    14
 -3.0855456744494534E+00 a       287     0    18     1    15
  1.3489893077043771E+01 a       288     0    18     1    16
 -2.8656424416421537E+01 a       289     0    19     1     1
  8.2690682279407870E+00 a       290     0    19     1     2
  1.0481300846414578E+01 a       291     0    19     1     3
  3.8806072474213899E+01 a       292     0    19     1     4
 -2.2157380327827729E+00 a       293     0    19     1     5
  7.7537494468342363E+00 a       294     0    19     1     6
 -5.1672935871095549E-01 a       295     0    19     1     7
 -2.3627614813546412E+01 a       296     0    19     1     8
  2.6306854887518544E+01 a       297     0    19     1     9
 -3.3194060116574967E+01 a       298     0    19     1    10
 -2.9539726843488072E+00 a       299     0    19     1    11
 -7.7990871546391931E+00 a       300     0    19     1    12
  3.0697956590063451E+00 a       301     0    19     1    13
 -1.1043183033724940E+01 a       302     0    19     1    14
 -1.0919524372986160E+01 a       303     0    19     1    15
  2.5545077729606788E+01 a       304     0    19     1    16
  9.0447097569140791E+00 a       305     0    20     1     1
  1.4937397944530362E+01 a       306     0    20     1     2
 -5.1943172196945802E+01 a       307     0    20     1     3
  1.4107313066759524E+01 a       308     0    20     1     4
  4.0105826659749113E+01 a       309     0    20     1     5
  3.1196882867620157E+01 a       310     0    20     1     6
 -2.1637339338929532E+01 a       311     0    20     1     7
  1.5876396690635104E+01 a       312     0    20     1     8
  1.3464858578469716E+01 a       313     0    20     1     9
 -8.4259232119943039E-01 a       314     0    20     1    10
  1.7081866352778949E+01 a       315     0    20     1    11
  4.0067705582131872E+00 a       316     0    20     1    12
 -2.7756885292986730E+00 a       317     0    20     1    13
 -1.0381282406270628E+01 a       318     0    20     1    14
 -7.5039775331821454E+00 a       319     0    20     1    15
 -1.6188133799713107E+01 a       320     0    20     1    16
  9.4143945568479417E+00 a       321     0    21     1     1
 -7.6778753294631459E+00 a       322     0    21     1     2
  1.8669761366895017E+01 a       323     0    21     1     3
 -7.6847328371625885E+00 a       324     0    21     1     4
  1.9656591381061248E+00 a       325     0    21     1     5
 -5.1580651848068362E+00 a       326     0    21     1     6
 -7.4966625565338152E-01 a       327     0    21     1     7
 -7.9519097273237183E+00 a       328     0    21     1     8
  7.4550165425894654E+00 a       329     0    21     1     9
 -5.4974226128956183E-01 a       330     0    21     1    10
  1.0065254856545211E+01 a       331     0    21     1    11
 -1.1915937348569690E+00 a       332     0    21     1    12
 -8.9872372244071830E+00 a       333     0    21     1    13
 -8.2997173422956401E+00 a       334     0    21     1    14
 -1.7077343433962808E+00 a       335     0    21     1    15
  1.6848623241231047E+00 a       336     0    21     1    16
 -3.8751621750156637E+00 a       337     0    22     1     1
  3.3222821966018792E+00 a       338     0    22     1     2
  2.6076265726248881E+01 a       339     0    22     1     3
 -1.6931177561969623E+01 a       340     0    22     1     4
 -1.4483319503965426E+01 a       341     0    22     1     5
 -7.7134411492996167E+00 a       342     0    22     1     6
  6.3450773838080146E+00 a       343     0    22     1     7
 -7.5412084893736013E+00 a       344     0    22     1     8
 -1.7509391080747287E+00 a       345     0    22     1     9
  1.3748194960496671E+00 a       346     0    22     1    10
 -1.4828833313127468E+01 a       347     0    22     1    11
  1.0323222535018191E+01 a       348     0    22     1    12
  1.0380746890145893E+01 a       349     0    22     1    13
  1.2257737201601515E+01 a       350     0    22     1    14
  1.4263594124271124E+00 a       351     0    22     1    15
  7.8634645916783619E+00 a       352     0    22     1    16
 -6.3402183639222773E+00 a       353     0    23     1     1
 -1.7361243151482750E+00 a       354     0    23     1     2
  3.2473337776670710E+00 a       355     0    23     1     3
  8.1109498899286940E+00 a       356     0    23     1     4
  2.8612695460291637E+00 a       357     0    23     1     5
 -9.5664917015484596E-01 a       358     0    23     1     6
  1.2126545220407001E+00 a       359     0    23     1     7
 -7.3259410578506171E-02 a       360     0    23     1     8
  1.4316398021138594E+00 a       361     0    23     1     9
  2.7608017307096109E+00 a       362     0    23     1    10
  5.1199877046978959E-01 a       363     0    23     1    11
  4.6335542081504375E+00 a       364     0    23     1    12
  2.3203283720777645E+00 a       365     0    23     1    13
 -1.5140667483645105E+00 a       366     0    23     1    14
 -1.4964646684957089E-01 a       367     0    23     1    15
 -3.0741439665223713E+00 a       368     0    23     1    16
  6.5569034278541660E-01 a       369     0    24     1     1
 -7.5507487622459013E-01 a       370     0    24     1     2
 -3.5107086161149659E-01 a       371     0    24     1     3
  1.3711768941156748E+00 a       372     0    24     1     4
  1.4715465407777271E+00 a       373     0    24     1     5
 -6.8163102577300594E-01 a       374     0    24     1     6
  2.1293279996112427E-01 a       375     0    24     1     7
  2.2545556095781119E+00 a       376     0    24     1     8
 -1.8719346225903448E+00 a       377     0    24     1     9
  7.5012099154899010E+00 a       378     0    24     1    10
  1.3123282487794188E+00 a       379     0    24     1    11
  2.7106785680074306E+00 a       380     0    24     1    12
  2.9445569147924300E-01 a       381     0    24     1    13
 -5.2197388758720442E-01 a       382     0    24     1    14
 -2.5091464466143427E+00 a       383     0    24     1    15
 -4.8539607660239090E+00 a       384     0    24     1    16
  1.2278063705506195E+00 a       385     0    25     1     1
 -4.1350187353685763E+00 a       386     0    25     1     2
  6.2776196923909877E+00 a       387     0    25     1     3
  3.0340656595137943E+00 a       388     0    25     1     4
 -2.6536441937137738E+00 a       389     0    25     1     5
 -4.4412913131096005E-01 a       390     0    25     1     6
  2.6735778104361181E+00 a       391     0    25     1     7
 -1.4111492210607517E+00 a       392     0    25     1     8
 -2.7707165941286735E+00 a       393     0    25     1     9
  6.9358449412175052E+00 a       394     0    25     1    10
  3.9839676856143880E-01 a       395     0    25     1    11
  2.1865209584450032E-01 a       396     0    25     1    12
  1.0210514780740307E+00 a       397     0    25     1    13
  3.5000839627441316E+00 a       398     0    25     1    14
 -2.6401103277937921E+00 a       399     0    25     1    15
 -4.1971437954168400E-01 a       400     0    25     1    16
  3.9704302755617764E+00 a       401     0    26     1     1
 -9.2258569625058084E-01 a       402     0    26     1     2
 -2.0967469931511098E+00 a       403     0    26     1     3
 -9.2673868681325295E+00 a       404     0    26     1     4
  1.7593639059144650E+00 a       405     0    26     1     5
 -1.8982863544135768E+00 a       406     0    26     1     6
 -1.0146543068829006E+00 a       407     0    26     1     7
 -2.2960850303926654E+00 a       408     0    26     1     8
 -4.9456095540768947E+00 a       409     0    26     1     9
 -2.1172647384781960E+00 a       410     0    26     1    10
 -2.2857710107896567E-01 a       411     0    26     1    11
 -3.7082550891820150E+00 a       412     0    26     1    12
 -3.1900978587229347E+00 a       413     0    26     1    13
  3.2230716918666564E+00 a       414     0    26     1    14
  3.8949904322833917E-01 a       415     0    26     1    15
 -7.6419218353959717E-01 a       416     0    26     1    16
  2.9793129514820809E+00 a       417     0    27     1     1
 -1.9665242784318229E+00 a       418     0    27     1     2
 -9.3051196412089587E-01 a       419     0    27     1     3
 -8.3223795289616298E+00 a       420     0    27     1     4
 -4.8165925793450659E-01 a       421     0    27     1     5
 -1.4786942224021959E+00 a       422     0    27     1     6
 -1.6799492449374120E+00 a       423     0    27     1     7
  4.1842379592640855E+00 a       424     0    27     1     8
 -7.1695214558110587E+00 a       425     0    27     1     9
  8.0905681624891382E-02 a       426     0    27     1    10
  1.8087699989045891E-01 a       427     0    27     1    11
 -6.3430468949049051E-02 a       428     0    27     1    12
 -7.9570732827616319E-01 a       429     0    27     1    13
  4.6099728600833521E+00 a       430     0    27     1    14
  6.2689683611734859E+00 a       431     0    27     1    15
 -1.9710700689830445E+00 a       432     0    27     1    16
 -4.1474664237580816E+00 a       433     0    28     1     1
  6.3241270727356280E-01 a       434     0    28     1     2
 -5.9139303009580635E-01 a       435     0    28     1     3
 -7.1360871076071017E+00 a       436     0    28     1     4
 -7.4868838665200732E-01 a       437     0    28     1     5
 -4.0395230137755291E+00 a       438     0    28     1     6
  1.0956668169270565E+00 a       439     0    28     1     7
  1.2056970587831966E+00 a       440     0    28     1     8
 -1.7865008948809555E+00 a       441     0    28     1     9
 -5.8043957734746057E+00 a       442     0    28     1    10
 -2.3767337622325266E-01 a       443     0    28     1    11
 -9.3824084550423181E-01 a       444     0    28     1    12
 -2.3339724190026296E+00 a       445     0    28     1    13
 -2.3397110241212498E+00 a       446     0    28     1    14
  4.7242779769811909E+00 a       447     0    28     1    15
 -9.2117626415480736E-01 a       448     0    28     1    16
  1.4916366066149784E+01 a       449     0    29     1     1
 -4.9039386220283770E-01 a       450     0    29     1     2
  3.2328427869037675E+01 a       451     0    29     1     3
 -1.3465204229770456E+00 a       452     0    29     1     4
 -1.2298096477452273E+01 a       453     0    29     1     5
  3.6538778918622681E+00 a       454     0    29     1     6
 -3.7141277218548243E+00 a       455     0    29     1     7
  1.0175372488794251E+01 a       456     0    29     1     8
  9.1130558097170269E+00 a       457     0    29     1     9
 -3.5071033111822081E-01 a       458     0    29     1    10
  1.4184191634533613E+01 a       459     0    29     1    11
  1.6508693846995950E+00 a       460     0    29     1    12
 -1.0839767177981928E+01 a       461     0    29     1    13
 -2.3284770062817095E+01 a       462     0    29     1    14
  1.5517340150987287E+00 a       463     0    29     1    15
  1.4003241624602436E+00 a       464     0    29     1    16
  1.9840764145707250E+00 a       465     0    30     1     1
  1.8754669532874857E+01 a       466     0    30     1     2
  7.3264641806983457E+00 a       467     0    30     1     3
 -1.6848930116047003E+00 a       468     0    30     1     4
 -7.3776308558195403E-01 a       469     0    30     1     5
  1.5731613410927014E+01 a       470     0    30     1     6
 -2.0970359500683770E+01 a       471     0    30     1     7
 -2.7113970263953419E+01 a       472     0    30     1     8
 -2.8543660405104454E-01 a       473     0    30     1     9
  2.5166574778104853E+00 a       474     0    30     1    10
 -2.1565903818865532E+01 a       475     0    30     1    11
  2.4288917322779231E+01 a       476     0    30     1    12
  2.7608488986190910E+01 a       477     0    30     1    13
  3.3692334349433445E+01 a       478     0    30     1    14
 -1.2342441534228106E+01 a       479     0    30     1    15
  1.6950779936417366E+01 a       480     0    30     1    16
  1.1505276132122577E+00 a       481     0    31     1     1
 -9.8180127295582564E-01 a       482     0    31     1     2
  1.7100156756633487E-02 a       483     0    31     1     3
  5.6402792741114827E-01 a       484     0    31     1     4
 -1.1561576924212620E+00 a       485     0    31     1     5
 -5.9888538394156976E-01 a       486     0    31     1     6
  3.6952758817164355E-01 a       487     0    31     1     7
  9.6310257719504203E-02 a       488     0    31     1     8
 -1.2783400076738523E+00 a       489     0    31     1     9
  9.7585387533931300E-01 a       490     0    31     1    10
  4.4423553410684713E-01 a       491     0    31     1    11
  1.1594297826859858E+00 a       492     0    31     1    12
  4.8494975487429914E-01 a       493     0    31     1    13
 -8.0397835745370250E-01 a       494     0    31     1    14
 -6.1858611410992903E-01 a       495     0    31     1    15
 -1.3022480146556832E+00 a       496     0    31     1    16
  5.3163272407559181E-01 a       497     0    32     1     1
  8.9738263452302180E-01 a       498     0    32     1     2
  1.1575008627149468E+00 a       499     0    32     1     3
 -9.2694033598444825E-01 a       500     0    32     1     4
 -2.0805459600711723E-01 a       501     0    32     1     5
 -1.8914795815358595E-01 a       502     0    32     1     6
 -3.4068270019879204E-01 a       503     0    32     1     7
  4.9318495231136161E-01 a       504     0    32     1     8
  4.8160002907907035E-01 a       505     0    32     1     9
  3.8234716994810880E-01 a       506     0    32     1    10
  2.1501013680598324E-01 a       507     0    32     1    11
  4.1133489287006664E-01 a       508     0    32     1    12
  1.6587766905624540E-01 a       509     0    32     1    13
 -1.0740443932133217E+00 a       510     0    32     1    14
  9.8347941050403231E-02 a       511     0    32     1    15
  5.7241203999866952E-01 a       512     0    32     1    16
 -2.8701433152963882E+00 a       513     0    33     1     1
  1.0445242810560253E+00 a       514     0    33     1     2
 -1.1736185823920280E-01 a       515     0    33     1     3
  9.2281177876889364E-01 a       516     0    33     1     4
  2.3893053007069284E-01 a       517     0    33     1     5
 -1.3478564604905079E+00 a       518     0    33     1     6
 -5.0922009761451004E-02 a       519     0    33     1     7
  8.3076978717943950E-01 a       520     0    33     1     8
  2.3166166551519458E+00 a       521     0    33     1     9
 -6.1594802624383882E-01 a       522     0    33     1    10
 -3.9947492891782094E-01 a       523     0    33     1    11
  7.0748646071133670E-01 a       524     0    33     1    12
  2.9210069422602158E-01 a       525     0    33     1    13
 -1.0619513570651751E+00 a       526     0    33     1    14
 -1.0963026491539658E+00 a       527     0    33     1    15
  7.6400122695397688E-01 a       528     0    33     1    16
 -6.6571751082903119E-01 a       529     0    34     1     1
  3.8393806201387620E-01 a       530     0    34     1     2
  6.6901678683857113E-01 a       531     0    34     1     3
 -4.4474918466765639E-01 a       532     0    34     1     4
  3.0334623462962723E-01 a       533     0    34     1     5
 -1.3458897136138608E+00 a       534     0    34     1     6
 -3.4281890703190293E-01 a       535     0    34     1     7
  2.1316339842357865E+00 a       536     0    34     1     8
 -1.6394401390709279E+00 a       537     0    34     1     9
 -1.2881971332403079E+00 a       538     0    34     1    10
  1.3124053813433829E+00 a       539     0    34     1    11
  1.8307888115799260E+00 a       540     0    34     1    12
 -4.0686809980398397E-01 a       541     0    34     1    13
 -6.0083441470008037E-01 a       542     0    34     1    14
 -1.1870837558422878E+00 a       543     0    34     1    15
 -2.1572048278406517E+00 a       544     0    34     1    16
  6.2691319637479948E-01 a       545     0    35     1     1
 -9.2074935429653393E-02 a       546     0    35     1     2
 -5.6311306635714053E-01 a       547     0    35     1     3
  2.8484694810630679E-01 a       548     0    35     1     4
 -1.5477118634974629E+00 a       549     0    35     1     5
 -7.1648471855079721E-01 a       550     0    35     1     6
 -1.1040351817223704E-01 a       551     0    35     1     7
 -1.0856878947506305E+00 a       552     0    35     1     8
  1.1611123335951619E+00 a       553     0    35     1     9
  2.8331481504091878E+00 a       554     0    35     1    10
 -4.7034927646996960E-01 a       555     0    35     1    11
 -1.3053661876744966E+00 a       556     0    35     1    12
  3.2984006732039789E-01 a       557     0    35     1    13
  1.8116318357938657E+00 a       558     0    35     1    14
  1.8409344770872418E+00 a       559     0    35     1    15
  7.4703078201244347E-02 a       560     0    35     1    16
 -1.8695042138356593E-01 a       561     0    36     1     1
 -2.3092642191582851E+00 a       562     0    36     1     2
  6.6490352029935873E-01 a       563     0    36     1     3
  6.1283061503534964E-01 a       564     0    36     1     4
  4.9291275037357107E-01 a       565     0    36     1     5
  1.4010905313501445E+00 a       566     0    36     1     6
  7.2790284688294404E-01 a       567     0    36     1     7
 -1.3228508671227004E-01 a       568     0    36     1     8
  1.3603738236753979E-01 a       569     0    36     1     9
  1.2643205171799168E+00 a       570     0    36     1    10
 -5.2575671757593545E-01 a       571     0    36     1    11
 -1.3172842065973875E+00 a       572     0    36     1    12
  1.8029132294567768E-01 a       573     0    36     1    13
 -1.2295342103154498E-01 a       574     0    36     1    14
  1.6634406151443855E+00 a       575     0    36     1    15
  4.3625398336631892E-02 a       576     0    36     1    16
  3.2983442187204197E+00 a       577     0    37     1     1
  8.7349321856026296E-01 a       578     0    37     1     2
  4.3135722656618580E-01 a       579     0    37     1     3
  2.0630545244358882E+00 a       580     0    37     1     4
  3.2041634361143134E+00 a       581     0    37     1     5
  2.3015527585586804E+00 a       582     0    37     1     6
  6.7247256997668439E+00 a       583     0    37     1     7
 -9.4602964231085345E+00 a       584     0    37     1     8
 -2.7256638076603519E+00 a       585     0    37     1     9
  3.9741587005728087E+00 a       586     0    37     1    10
 -1.6397564149606425E+00 a       587     0    37     1    11
 -7.2309363811234872E+00 a       588     0    37     1    12
  1.0809953197281152E+00 a       589     0    37     1    13
 -2.6212149843783856E+00 a       590     0    37     1    14
 -5.6588466148231289E+00 a       591     0    37     1    15
 -2.7542479677116165E+00 a       592     0    37     1    16
  1.4791601475984353E-01 a       593     0    38     1     1
 -5.8977822256115275E-01 a       594     0    38     1     2
 -1.3087392340185096E+00 a       595     0    38     1     3
 -1.9544611133700132E+00 a       596     0    38     1     4
  1.2354226248830718E+00 a       597     0    38     1     5
 -7.0015489990400737E-01 a       598     0    38     1     6
  1.6205179301291224E+00 a       599     0    38     1     7
 -1.5271064294571279E+00 a       600     0    38     1     8
  1.0529360756415689E+00 a       601     0    38     1     9
  7.8852239189237494E-01 a       602     0    38     1    10
 -5.8615766751178899E-01 a       603     0    38     1    11
 -8.1766318487488510E-01 a       604     0    38     1    12
 -1.0352339119681009E+00 a       605     0    38     1    13
  1.7443089426322705E-01 a       606     0    38     1    14
 -3.4355940807000535E-01 a       607     0    38     1    15
 -1.5551426282711094E+00 a       608     0    38     1    16
  4.3718489618550240E+00 a       609     0    39     1     1
 -2.4109881592313025E+00 a       610     0    39     1     2
 -4.1050804811404413E+00 a       611     0    39     1     3
 -6.8426496960026206E+00 a       612     0    39     1     4
 -9.1539755057811556E-01 a       613     0    39     1     5
  1.9616851747817454E+00 a       614     0    39     1     6
  5.1649662967724463E+00 a       615     0    39     1     7
 -6.6807651745863827E-01 a       616     0    39     1     8
 -3.6633894521403261E+00 a       617     0    39     1     9
  2.7786446447703224E+00 a       618     0    39     1    10
 -7.3434105776127701E-01 a       619     0    39     1    11
  4.4779216707191285E+00 a       620     0    39     1    12
  2.2754258812881534E+00 a       621     0    39     1    13
 -1.2576548415231921E+00 a       622     0    39     1    14
  4.3237969697510348E+00 a       623     0    39     1    15
 -2.4066966450421878E+00 a       624     0    39     1    16
 -3.6657748382062403E+00 a       625     0    40     1     1
 -2.3830413044557175E+00 a       626     0    40     1     2
 -4.1325851358953587E+00 a       627     0    40     1     3
 -5.7913485507246660E+00 a       628     0    40     1     4
  4.3566180552071980E+00 a       629     0    40     1     5
 -7.8155650838918311E-01 a       630     0    40     1     6
  1.1499018172564657E+00 a       631     0    40     1     7
 -2.9138341965360777E+00 a       632     0    40     1     8
  4.3732724408983046E+00 a       633     0    40     1     9
  5.2341829800566630E-01 a       634     0    40     1    10
 -1.7465409480470009E+00 a       635     0    40     1    11
  1.5822222840719469E+00 a       636     0    40     1    12
 -2.2118083742463410E+00 a       637     0    40     1    13
 -3.5573223998649128E+00 a       638     0    40     1    14
  2.8283130450807730E+00 a       639     0    40     1    15
 -5.8393871622548268E+00 a       640     0    40     1    16
  3.6150022233129273E+00 a       641     0    41     1     1
 -1.9824890204577879E+00 a       642     0    41     1     2
 -4.5882718825277741E-01 a       643     0    41     1     3
  5.3496271531874651E-01 a       644     0    41     1     4
 -1.7289714450961932E-01 a       645     0    41     1     5
  3.1656117126833033E-01 a       646     0    41     1     6
  9.4593987170481120E-01 a       647     0    41     1     7
  2.6877138724990585E-01 a       648     0    41     1     8
 -3.1716959112673876E-01 a       649     0    41     1     9
  2.1668155993025684E-02 a       650     0    41     1    10
  7.8814346037473415E-01 a       651     0    41     1    11
  3.1900761557067221E+00 a       652     0    41     1    12
  7.5243756310334600E-02 a       653     0    41     1    13
 -1.4561574338844501E+00 a       654     0    41     1    14
 -7.4106933189102508E-01 a       655     0    41     1    15
 -1.4173970286688988E+00 a       656     0    41     1    16
  1.4481541072945219E+00 a       657     0    42     1     1
 -8.6068949750786654E+00 a       658     0    42     1     2
  1.0255178060759975E+00 a       659     0    42     1     3
  2.5338398617646676E+00 a       660     0    42     1     4
 -3.6797968017927625E+00 a       661     0    42     1     5
 -6.3157963853937353E+00 a       662     0    42     1     6
 -3.3409332922663899E+00 a       663     0    42     1     7
  1.4951192517011645E+01 a       664     0    42     1     8
  1.4783676971220473E+01 a       665     0    42     1     9
  1.0960033335007109E+01 a       666     0    42     1    10
  2.1934414574042891E+00 a       667     0    42     1    11
  4.4016810781379609E+00 a       668     0    42     1    12
 -1.8903767441174535E+00 a       669     0    42     1    13
  9.6528500839766913E+00 a       670     0    42     1    14
  6.4723519013560047E+00 a       671     0    42     1    15
  1.7287115275899574E+00 a       672     0    42     1    16
  1.2608957779482279E+00 a       673     0    43     1     1
 -9.7411692814681450E-01 a       674     0    43     1     2
  7.1602398516027188E-01 a       675     0    43     1     3
  9.3660308540336223E-01 a       676     0    43     1     4
 -1.1747207199347025E+00 a       677     0    43     1     5
  7.1912590252633601E-01 a       678     0    43     1     6
 -3.5288427052646107E+00 a       679     0    43     1     7
  2.5715281858169370E-01 a       680     0    43     1     8
  2.6243913167342572E+00 a       681     0    43     1     9
  1.6487125617017173E+00 a       682     0    43     1    10
 -1.7349802717677618E+00 a       683     0    43     1    11
 -1.5726494775373172E+00 a       684     0    43     1    12
  1.4137775935073522E+00 a       685     0    43     1    13
  2.2076306379090704E+00 a       686     0    43     1    14
 -4.9081919436951914E-02 a       687     0    43     1    15
  6.6395877479984558E-02 a       688     0    43     1    16
  6.5486563539890286E+00 a       689     0    44     1     1
 -4.8574195301103744E+00 a       690     0    44     1     2
  9.6531669798296083E+00 a       691     0    44     1     3
  1.0697075269151533E+01 a       692     0    44     1     4
 -5.5943182213018767E+00 a       693     0    44     1     5
 -1.3496267845964405E+00 a       694     0    44     1     6
 -1.2145774023109363E+01 a       695     0    44     1     7
 -1.5141061699731875E+00 a       696     0    44     1     8
 -4.8044736782892619E+00 a       697     0    44     1     9
  4.7943203427771257E+00 a       698     0    44     1    10
  6.6739052060429982E+00 a       699     0    44     1    11
 -6.8672458961115387E-02 a       700     0    44     1    12
  4.5825795913541489E-01 a       701     0    44     1    13
  2.1027131353898270E+00 a       702     0    44     1    14
 -5.1000310521085099E+00 a       703     0    44     1    15
 -2.4258902085947152E+00 a       704     0    44     1    16
  1.4973694768601278E+00 a       705     0    45     1     1
  1.6239191662961894E+00 a       706     0    45     1     2
  7.8775552856829401E-01 a       707     0    45     1     3
  6.2148470046529658E+00 a       708     0    45     1     4
 -4.9857218544084363E+00 a       709     0    45     1     5
  1.1114901127788441E+00 a       710     0    45     1     6
 -1.5100348915840540E+00 a       711     0    45     1     7
 -5.9829592495716788E-01 a       712     0    45     1     8
 -3.7730505627504876E+00 a       713     0    45     1     9
 -4.1031335342799347E-01 a       714     0    45     1    10
  6.7730976196207893E-01 a       715     0    45     1    11
 -2.0259063728603324E+00 a       716     0    45     1    12
  1.9264936110271762E+00 a       717     0    45     1    13
  8.6961696159820221E+00 a       718     0    45     1    14
  5.9330601593549359E-01 a       719     0    45     1    15
  4.3574417342482032E+00 a       720     0    45     1    16
 -8.7007904536294838E+00 a       721     0    46     1     1
  2.8405242552877188E+00 a       722     0    46     1     2
  4.1011793760105336E-01 a       723     0    46     1     3
 -5.9999132045468473E-01 a       724     0    46     1     4
  4.1806374612775463E-02 a       725     0    46     1     5
  2.8689615465184098E-01 a       726     0    46     1     6
 -7.3965283377942805E+00 a       727     0    46     1     7
 -9.8851892322623636E-01 a       728     0    46     1     8
 -3.4663352989410927E+00 a       729     0    46     1     9
 -4.0003811817243120E+00 a       730     0    46     1    10
 -3.0124848360577254E+00 a       731     0    46     1    11
 -5.2089774251447993E+00 a       732     0    46     1    12
  5.1313420052633141E-01 a       733     0    46     1    13
  6.7812354252790836E+00 a       734     0    46     1    14
  7.4632315797319535E+00 a       735     0    46     1    15
 -7.1181353325976526E-01 a       736     0    46     1    16
 -1.7252695905781861E+00 a       737     0    47     1     1
 -4.8648905421169237E+00 a       738     0    47     1     2
 -1.6840655340305444E+00 a       739     0    47     1     3
 -1.8532320771009310E+01 a       740     0    47     1     4
  5.1615582384232761E+00 a       741     0    47     1     5
 -9.3190952904126956E+00 a       742     0    47     1     6
  4.6185424935123711E+00 a       743     0    47     1     7
  3.6033643391722374E+00 a       744     0    47     1     8
 -9.6619769804297828E+00 a       745     0    47     1     9
  6.8675986154885891E+00 a       746     0    47     1    10
  7.5973519927912747E+00 a       747     0    47     1    11
 -1.3225188783335606E+00 a       748     0    47     1    12
  1.7859099179318974E-01 a       749     0    47     1    13
 -4.2853377283516654E+00 a       750     0    47     1    14
  1.4994494786379651E+01 a       751     0    47     1    15
 -1.2383070811581348E+01 a       752     0    47     1    16
  6.2572096142102893E+00 a       753     0    48     1     1
 -3.8368454560999425E+00 a       754     0    48     1     2
  1.0693090810401777E+00 a       755     0    48     1     3
  3.7986249724739980E+00 a       756     0    48     1     4
 -2.5331886272846997E+00 a       757     0    48     1     5
  7.4076994870654822E+00 a       758     0    48     1     6
  6.0323457039345572E+00 a       759     0    48     1     7
 -1.6197351996768117E+00 a       760     0    48     1     8
  9.1517430356801661E+00 a       761     0    48     1     9
 -4.9830259720097414E-02 a       762     0    48     1    10
 -1.2329784436344724E+00 a       763     0    48     1    11
 -2.2338237422315790E+00 a       764     0    48     1    12
 -3.5547988636790904E+00 a       765     0    48     1    13
  5.3095970272641244E+00 a       766     0    48     1    14
  2.6291425870547633E+00 a       767     0    48     1    15
  5.7992580589613310E+00 a       768     0    48     1    16
 -1.2889832243649113E+00 a       769     0    49     1     1
 -1.6894621096491504E-02 a       770     0    49     1     2
  1.1933723604944881E+00 a       771     0    49     1     3
  4.9704905513720027E-01 a       772     0    49     1     4
  8.8370425590001156E-01 a       773     0    49     1     5
 -5.3341362536537662E-01 a       774     0    49     1     6
 -2.4174739459791525E+00 a       775     0    49     1     7
  1.8416346156957293E+00 a       776     0    49     1     8
  1.2885381325400478E+00 a       777     0    49     1     9
 -5.2976094274652341E-01 a       778     0    49     1    10
  1.0796846610155730E+00 a       779     0    49     1    11
  1.4628429991021812E+00 a       780     0    49     1    12
 -2.4422108142668356E-01 a       781     0    49     1    13
 -9.1077716392351737E-01 a       782     0    49     1    14
  9.1072637454291727E-01 a       783     0    49     1    15
 -3.3504842286565462E-01 a       784     0    49     1    16
 -4.8785641428138687E-01 a       785     0    50     1     1
 -1.9145552761511569E-01 a       786     0    50     1     2
  8.0985683813947107E-01 a       787     0    50     1     3
  7.2720610040752365E-01 a       788     0    50     1     4
  4.3809012611824438E-01 a       789     0    50     1     5
  2.0898684647000548E-02 a       790     0    50     1     6
 -1.2278351458115702E+00 a       791     0    50     1     7
  6.5123876210197007E-01 a       792     0    50     1     8
  6.3148831556993107E-02 a       793     0    50     1     9
 -3.7017670576482992E-01 a       794     0    50     1    10
  2.1326043125303365E-01 a       795     0    50     1    11
  5.6382399434652697E-01 a       796     0    50     1    12
  4.2290312639052907E-01 a       797     0    50     1    13
 -5.5181760692139914E-01 a       798     0    50     1    14
  7.2174997603294086E-02 a       799     0    50     1    15
 -7.2151527887883940E-02 a       800     0    50     1    16
 -6.0686166504501193E-01 a       801     0    51     1     1
 -5.9074492749066077E-01 a       802     0    51     1     2
  1.9842545985892296E-01 a       803     0    51     1     3
  4.5384230278117593E-01 a       804     0    51     1     4
  4.6502860392029050E-01 a       805     0    51     1     5
  7.0351304676522031E-01 a       806     0    51     1     6
 -4.8774313520937307E-01 a       807     0    51     1     7
 -1.1849151309987322E+00 a       808     0    51     1     8
  1.2537870488435636E+00 a       809     0    51     1     9
  3.1941004405625900E-01 a       810     0    51     1    10
  6.4986816656775759E-01 a       811     0    51     1    11
  9.5765597481148865E-02 a       812     0    51     1    12
 -2.0907517588112501E-01 a       813     0    51     1    13
 -2.6156443526074963E-01 a       814     0    51     1    14
  3.2433817473823545E-01 a       815     0    51     1    15
  3.9894007047387398E-01 a       816     0    51     1    16
 -3.8461880080849020E-01 a       817     0    52     1     1
  2.7039100730817052E+00 a       818     0    52     1     2
 -9.3945637263756077E-01 a       819     0    52     1     3
 -5.0154463379919543E+00 a       820     0    52     1     4
  7.8793028178044067E-01 a       821     0    52     1     5
 -3.2866827563220591E+00 a       822     0    52     1     6
 -2.0460748332976975E+00 a       823     0    52     1     7
 -1.0773150378005136E+00 a       824     0    52     1     8
 -3.9716907973749676E+00 a       825     0    52     1     9
  6.2846682123015818E-01 a       826     0    52     1    10
  3.6268788968329957E-01 a       827     0    52     1    11
 -5.9299397945691523E-01 a       828     0    52     1    12
  2.0963786341186315E+00 a       829     0    52     1    13
 -1.3221655217157391E+00 a       830     0    52     1    14
  1.3635787010639910E+00 a       831     0    52     1    15
 -1.3184264581564431E+00 a       832     0    52     1    16
 -1.9510521362731266E+00 a       833     0    53     1     1
  4.9888422818549092E+00 a       834     0    53     1     2
 -2.1584960791981089E+00 a       835     0    53     1     3
 -2.5778138433464348E+00 a       836     0    53     1     4
 -5.7607652706323453E-01 a       837     0    53     1     5
  3.8329556062395893E+00 a       838     0    53     1     6
 -8.6480165461069114E-01 a       839     0    53     1     7
 -7.2136581134004265E+00 a       840     0    53     1     8
 -4.3387339881090092E+00 a       841     0    53     1     9
 -6.7310901236477374E+00 a       842     0    53     1    10
 -7.7494862500759276E-01 a       843     0    53     1    11
 -2.5230572478543993E+00 a       844     0    53     1    12
 -2.2765609727590030E+00 a       845     0    53     1    13
  2.1349553710448582E-01 a       846     0    53     1    14
 -4.8973894181951465E+00 a       847     0    53     1    15
  2.8014776509630006E+00 a       848     0    53     1    16
 -2.6602732474342976E+00 a       849     0    54     1     1
  3.2251108204241663E+00 a       850     0    54     1     2
 -4.2528134981937438E+00 a       851     0    54     1     3
 -7.7775550923358944E-02 a       852     0    54     1     4
  7.9814909161983127E-01 a       853     0    54     1     5
 -1.5583406734021352E+00 a       854     0    54     1     6
  7.0211832909292173E+00 a       855     0    54     1     7
  1.5732997829404177E-01 a       856     0    54     1     8
  1.7237505300334799E-01 a       857     0    54     1     9
 -5.8563545006692941E+00 a       858     0    54     1    10
 -1.6592546657350415E-01 a       859     0    54     1    11
  1.8767948729459571E+00 a       860     0    54     1    12
 -3.4335606691278948E+00 a       861     0    54     1    13
 -7.0759871934780383E-01 a       862     0    54     1    14
 -5.8075226100251998E+00 a       863     0    54     1    15
  1.3549948972886248E+00 a       864     0    54     1    16
 -1.2312343071244123E+00 a       865     0    55     1     1
  1.2468352073220852E+00 a       866     0    55     1     2
 -2.0362244565108027E+00 a       867     0    55     1     3
  6.9604117082323906E+00 a       868     0    55     1     4
 -1.1794506937417917E+00 a       869     0    55     1     5
 -3.8450667580607787E+00 a       870     0    55     1     6
  7.3338015229466462E+00 a       871     0    55     1     7
  4.7417956221286239E+00 a       872     0    55     1     8
 -7.4092099442781156E-01 a       873     0    55     1     9
 -1.7537266984107578E+00 a       874     0    55     1    10
  8.8214166393976914E+00 a       875     0    55     1    11
  1.0516041977831470E+01 a       876     0    55     1    12
 -2.2756556768279244E+00 a       877     0    55     1    13
 -5.3788332232692238E+00 a       878     0    55     1    14
 -1.1372548539720237E+01 a       879     0    55     1    15
  2.4247261621493950E+00 a       880     0    55     1    16
 -2.6284374281508645E+00 a       881     0    56     1     1
  1.9822955160380493E+00 a       882     0    56     1     2
  1.8663220962036144E+00 a       883     0    56     1     3
  1.4395271715646635E+01 a       884     0    56     1     4
 -1.2970025468868100E+00 a       885     0    56     1     5
  1.5094132290171054E+00 a       886     0    56     1     6
 -5.5774740286072930E+00 a       887     0    56     1     7
  2.2633022588873795E+00 a       888     0    56     1     8
 -1.8918003125013609E+00 a       889     0    56     1     9
 -7.2770241736790577E+00 a       890     0    56     1    10
  1.6345930322994617E+00 a       891     0    56     1    11
  6.0194570621502388E+00 a       892     0    56     1    12
 -4.1368627643269544E+00 a       893     0    56     1    13
 -6.1584777212090802E-01 a       894     0    56     1    14
 -1.4085895210269452E+01 a       895     0    56     1    15
 -2.5690497747160923E+00 a       896     0    56     1    16
 -4.1264818498590017E-01 a       897     0    57     1     1
  8.8967822139072936E-02 a       898     0    57     1     2
 -3.8024023295326024E+00 a       899     0    57     1     3
 -5.1322879280595046E+00 a       900     0    57     1     4
 -3.1232247529608945E+00 a       901     0    57     1     5
  1.7958888486828044E+00 a       902     0    57     1     6
 -5.7656378610660530E-01 a       903     0    57     1     7
  1.4936106059889762E+00 a       904     0    57     1     8
 -1.6391095019176245E+00 a       905     0    57     1     9
 -5.7186860763934719E+00 a       906     0    57     1    10
 -1.0851704672039934E-01 a       907     0    57     1    11
  2.7372678696641066E+00 a       908     0    57     1    12
 -3.0239620890291095E+00 a       909     0    57     1    13
  3.9974423831724972E+00 a       910     0    57     1    14
 -7.0729096022405757E-01 a       911     0    57     1    15
  4.0394465262167358E+00 a       912     0    57     1    16
 -5.8137308363247850E+00 a       913     0    58     1     1
  3.8260704057619579E+00 a       914     0    58     1     2
  1.1418194883942929E+00 a       915     0    58     1     3
  6.4386737674021841E+00 a       916     0    58     1     4
  2.2546169885205400E+00 a       917     0    58     1     5
 -2.6208039674840662E+00 a       918     0    58     1     6
 -1.6521598683500400E+00 a       919     0    58     1     7
  9.7393072768004685E-01 a       920     0    58     1     8
  1.1305142945205815E+00 a       921     0    58     1     9
 -8.2467583762812264E+00 a       922     0    58     1    10
 -2.8815872593233749E-01 a       923     0    58     1    11
 -3.3000416441617104E+00 a       924     0    58     1    12
 -4.4193736154822112E+00 a       925     0    58     1    13
  8.9168181515067002E-01 a       926     0    58     1    14
 -6.0408993233845232E+00 a       927     0    58     1    15
  1.6616707177515038E+00 a       928     0    58     1    16
 -6.1658022644741530E+00 a       929     0    59     1     1
  9.3358316299401845E-01 a       930     0    59     1     2
  1.5579573205832745E-01 a       931     0    59     1     3
  4.1472514734392760E+00 a       932     0    59     1     4
  3.5821592315164796E+00 a       933     0    59     1     5
 -2.0186004403391236E+00 a       934     0    59     1     6
 -6.7523171238795507E+00 a       935     0    59     1     7
  3.7270668225083994E+00 a       936     0    59     1     8
 -6.4641958248031006E+00 a       937     0    59     1     9
 -5.2121037576252078E+00 a       938     0    59     1    10
  1.2802004166055043E+00 a       939     0    59     1    11
  4.9628741031824468E+00 a       940     0    59     1    12
  9.5446738485012214E-02 a       941     0    59     1    13
 -4.6947525085422637E+00 a       942     0    59     1    14
 -1.0240194183380400E+01 a       943     0    59     1    15
 -5.6863303892994459E+00 a       944     0    59     1    16
 -2.5528183966495948E+00 a       945     0    60     1     1
  1.3042443978974916E+00 a       946     0    60     1     2
  4.0335874962857003E+00 a       947     0    60     1     3
  3.4730349473740287E+00 a       948     0    60     1     4
  4.4260053540233706E+00 a       949     0    60     1     5
 -4.4356917882734026E-01 a       950     0    60     1     6
 -4.2950886607965234E-02 a       951     0    60     1     7
 -1.3980145783318798E+00 a       952     0    60     1     8
 -4.9079464692523826E+00 a       953     0    60     1     9
 -6.1232934781054793E-01 a       954     0    60     1    10
 -1.0338133063748687E+00 a       955     0    60     1    11
 -1.7946328916754545E-01 a       956     0    60     1    12
  5.1023189420035573E+00 a       957     0    60     1    13
 -8.8642499430804413E+00 a       958     0    60     1    14
  4.4061307288936638E+00 a       959     0    60     1    15
 -6.5387760466570199E+00 a       960     0    60     1    16
 -6.7481504710838014E-01 a       961     0    61     1     1
  4.6906570181099572E-01 a       962     0    61     1     2
  4.9353623550911452E-01 a       963     0    61     1     3
 -9.1756380794576964E-01 a       964     0    61     1     4
  5.2166457039396785E-01 a       965     0    61     1     5
 -1.9183313312082073E-01 a       966     0    61     1     6
  2.0213009733738123E+00 a       967     0    61     1     7
  1.0013257638678317E+00 a       968     0    61     1     8
 -2.4051373818059969E+00 a       969     0    61     1     9
 -1.6165653534133622E+00 a       970     0    61     1    10
  1.3011863298031510E+00 a       971     0    61     1    11
  1.2845417768546095E+00 a       972     0    61     1    12
 -8.6116119971454341E-01 a       973     0    61     1    13
 -2.1972188858699067E+00 a       974     0    61     1    14
  9.6435728705684098E-01 a       975     0    61     1    15
  3.5342106371130771E-01 a       976     0    61     1    16
 -3.0214488049032813E+00 a       977     0    62     1     1
  4.9303300762487218E-01 a       978     0    62     1     2
 -2.8541670597702806E+00 a       979     0    62     1     3
 -1.2459319340004239E+01 a       980     0    62     1     4
  4.5101677728109149E+00 a       981     0    62     1     5
  4.7125213883806270E+00 a       982     0    62     1     6
  6.8424909249941845E-01 a       983     0    62     1     7
  6.3648355769517917E-01 a       984     0    62     1     8
  7.3444111583915452E+00 a       985     0    62     1     9
  4.1933093695111223E+00 a       986     0    62     1    10
 -6.0698511089896794E+00 a       987     0    62     1    11
 -4.4743761732525718E+00 a       988     0    62     1    12
  3.2842931543084171E+00 a       989     0    62     1    13
  2.3114695387148725E+00 a       990     0    62     1    14
  1.5256718374342888E+01 a       991     0    62     1    15
  2.0064911062859445E+00 a       992     0    62     1    16
  6.9121466701498884E+00 a       993     0    63     1     1
  3.0826256144446877E+00 a       994     0    63     1     2
 -9.3642472629671158E-01 a       995     0    63     1     3
  2.0434674105536965E+00 a       996     0    63     1     4
 -6.0825734776267142E+00 a       997     0    63     1     5
  7.5041496257626781E+00 a       998     0    63     1     6
  2.8403036292615829E+00 a       999     0    63     1     7
 -9.0726411870920849E+00 a      1000     0    63     1     8
  1.2315892952970975E+01 a      1001     0    63     1     9
  1.1918108984574383E+00 a      1002     0    63     1    10
 -1.0294992359682640E+01 a      1003     0    63     1    11
 -8.4474433236060875E+00 a      1004     0    63     1    12
  3.3842424435271403E+00 a      1005     0    63     1    13
  9.0961015357357855E+00 a      1006     0    63     1    14
  5.7344622031011943E+00 a      1007     0    63     1    15
  1.7876626127787674E+01 a      1008     0    63     1    16
  7.8701455144783150E+00 a      1009     0    64     1     1
 -2.8829642096211288E+00 a      1010     0    64     1     2
  1.6905497893945955E+00 a      1011     0    64     1     3
 -5.3448050828856051E+00 a      1012     0    64     1     4
  4.8058730114688547E-01 a      1013     0    64     1     5
  4.7917072832146790E+00 a      1014     0    64     1     6
 -2.0422088743372546E+00 a      1015     0    64     1     7
 -5.5680066702935012E+00 a      1016     0    64     1     8
  2.1794095284287072E+00 a      1017     0    64     1     9
  2.2921855133076425E+00 a      1018     0    64     1    10
 -6.2344462237400373E+00 a      1019     0    64     1    11
 -8.4356364025968755E+00 a      1020     0    64     1    12
  2.0440314853342584E-01 a      1021     0    64     1    13
  2.7638768229435393E+00 a      1022     0    64     1    14
  5.2001242555301843E+00 a      1023     0    64     1    15
  7.0878325608634363E-01 a      1024     0    64     1    16
  2.3692720829058392E-01 b      1025     1     1
 -1.0347091387981887E-02 b      1026     1     2
  3.2050600340892399E-01 b      1027     1     3
  4.7370580789107497E-01 b      1028     1     4
  1.4674088545827524E-01 b      1029     1     5
  5.9817628895432406E-01 b      1030     1     6
  6.3170371918618862E-01 b      1031     1     7
  4.0144436701294922E-01 b      1032     1     8
  4.0161631951013338E-01 b      1033     1     9
  1.2612610979567609E-01 b      1034     1    10
  4.6203572203556936E-01 b      1035     1    11
  2.0321953133485107E-01 b      1036     1    12
  8.2427137733353278E-02 b      1037     1    13
  8.4054312874827911E-02 b      1038     1    14
  8.3902291191859615E-02 b      1039     1    15
  3.8830323357453367E-01 b      1040     1    16
  3.3739632620021881E-01 a      1041     1     1     2     1
 -8.8250704030148674E-01 a      1042     1     1     2     2
  7.1325763419554482E-03 a      1043     1     1     2     3
  2.8202469635458383E-01 a      1044     1     1     2     4
  1.4987395651326643E-01 a      1045     1     1     2     5
  7.0372053378089383E-01 a      1046     1     1     2     6
  1.0127247116544840E-02 a      1047     1     1     2     7
  3.8329022454872091E-01 a      1048     1     1     2     8
  9.3880107443182370E-01 a      1049     1     1     2     9
  9.4423998895896322E-01 a      1050     1     1     2    10
 -1.6717847958003101E-01 a      1051     1     1     2    11
  4.7825837535442650E-01 a      1052     1     1     2    12
 -8.5641750900769198E-02 a      1053     1     1     2    13
 -1.4286112716718785E-01 a      1054     1     1     2    14
 -3.9611224722948341E-01 a      1055     1     1     2    15
  1.3204792714656088E-02 a      1056     1     1     2    16
 -1.0551922043064668E+00 a      1057     1     2     2     1
 -4.3180827841384989E-01 a      1058     1     2     2     2
 -5.6192890872859946E-02 a      1059     1     2     2     3
  3.5928576491980085E-01 a      1060     1     2     2     4
  3.3989300070822448E-01 a      1061     1     2     2     5
 -6.0521866465746157E-02 a      1062     1     2     2     6
 -1.4935460698621639E-01 a      1063     1     2     2     7
 -8.4353299561807454E-02 a      1064     1     2     2     8
 -1.6591774644053917E-01 a      1065     1     2     2     9
  2.6448528769722446E-01 a      1066     1     2     2    10
 -6.3644951310786635E-01 a      1067     1     2     2    11
  5.4368198573797244E-01 a      1068     1     2     2    12
 -1.4423223666654419E+00 a      1069     1     2     2    13
  9.4125076148066045E-01 a      1070     1     2     2    14
  1.5677170264766136E+00 a      1071     1     2     2    15
 -6.0555704777211727E-01 a      1072     1     2     2    16
 -9.5342067804872865E-01 a      1073     1     3     2     1
  6.5095968779358537E-01 a      1074     1     3     2     2
  1.0721621557981518E+00 a      1075     1     3     2     3
  5.6624925478390453E-01 a      1076     1     3     2     4
  9.3695069118675611E-01 a      1077     1     3     2     5
 -6.2089298001278848E-01 a      1078     1     3     2     6
  6.0589238326989217E-02 a      1079     1     3     2     7
  7.0308292234962377E-01 a      1080     1     3     2     8
  1.7823362256142337E+00 a      1081     1     3     2     9
  6.9131368343714106E-01 a      1082     1     3     2    10
  8.1509741526077362E-01 a      1083     1     3     2    11
 -2.1657971766945461E+00 a      1084     1     3     2    12
 -1.6988939691958598E+00 a      1085     1     3     2    13
 -3.2877565024040406E-01 a      1086     1     3     2    14
  8.1833106670334421E-01 a      1087     1     3     2    15
 -2.4369887244760277E-01 a      1088     1     3     2    16
  4.9187824641285677E-01 a      1089     1     4     2     1
  9.2996583672598965E-01 a      1090     1     4     2     2
 -1.8921932613847034E-01 a      1091     1     4     2     3
  5.9135309520967305E-01 a      1092     1     4     2     4
  1.8552680124324611E-01 a      1093     1     4     2     5
  5.4774352811386018E-01 a      1094     1     4     2     6
  6.3638814618114173E-02 a      1095     1     4     2     7
  5.6908167655733234E-02 a      1096     1     4     2     8
 -9.3128277745987520E-01 a      1097     1     4     2     9
 -1.0504129511718995E-01 a      1098     1     4     2    10
 -5.7586435835893679E-01 a      1099     1     4     2    11
  9.9432912089431880E-01 a      1100     1     4     2    12
  1.1900521833858038E+00 a      1101     1     4     2    13
 -1.0096698854881378E-01 a      1102     1     4     2    14
 -6.0909761513071525E-01 a      1103     1     4     2    15
  1.5308805881136067E-01 a      1104     1     4     2    16
  1.2291661247442212E+00 a      1105     1     5     2     1
  1.3336040408757359E+00 a      1106     1     5     2     2
  3.8236275936992759E-01 a      1107     1     5     2     3
  4.1113385198882396E-01 a      1108     1     5     2     4
 -2.1921915187346713E-01 a      1109     1     5     2     5
  7.1581703271110109E-01 a      1110     1     5     2     6
 -1.2869096899422858E-01 a      1111     1     5     2     7
  1.1343557087880434E+00 a      1112     1     5     2     8
 -2.2156774204226175E+00 a      1113     1     5     2     9
  1.0994899278377450E+00 a      1114     1     5     2    10
 -5.8142437722575857E-01 a      1115     1     5     2    11
 -1.1779859047227819E+00 a      1116     1     5     2    12
 -2.9947866482428415E-01 a      1117     1     5     2    13
 -1.1876465918649770E+00 a      1118     1     5     2    14
 -1.2213466670319453E+00 a      1119     1     5     2    15
 -2.8885924089654659E-02 a      1120     1     5     2    16
  5.3618462798303297E-02 a      1121     1     6     2     1
  6.1964669852739029E-01 a      1122     1     6     2     2
 -9.5476900396250663E-01 a      1123     1     6     2     3
  4.3171486639539008E-01 a      1124     1     6     2     4
 -2.4909024087927181E-01 a      1125     1     6     2     5
 -3.9666806729929904E-01 a      1126     1     6     2     6
  4.0320165191477775E-01 a      1127     1     6     2     7
 -1.1800208983417859E+00 a      1128     1     6     2     8
  6.8929957324825242E-01 a      1129     1     6     2     9
 -4.3343931830481669E-01 a      1130     1     6     2    10
 -3.2379909065855123E-01 a      1131     1     6     2    11
  1.8766727433007584E+00 a      1132     1     6     2    12
  3.1324915070482811E+00 a      1133     1     6     2    13
  1.0974471966253181E+00 a      1134     1     6     2    14
  8.0247923416100084E-02 a      1135     1     6     2    15
  3.9713865174210955E-01 a      1136     1     6     2    16
  1.7371188013371741E-01 a      1137     1     7     2     1
 -3.3855724883251348E-01 a      1138     1     7     2     2
  3.3073560400478574E-01 a      1139     1     7     2     3
 -6.7385087201014895E-02 a      1140     1     7     2     4
  3.2291420183804043E-01 a      1141     1     7     2     5
  5.1387684302302380E-02 a      1142     1     7     2     6
 -1.3988833172118692E-01 a      1143     1     7     2     7
  1.6302131234683165E-01 a      1144     1     7     2     8
 -9.5391372171265743E-01 a      1145     1     7     2     9
 -5.3185930428575856E-01 a      1146     1     7     2    10
  4.7941533625515587E-01 a      1147     1     7     2    11
 -1.1271521438342387E+00 a      1148     1     7     2    12
  7.2555364411107426E-01 a      1149     1     7     2    13
  3.9929475526390684E-01 a      1150     1     7     2    14
  6.1656837766452893E-02 a      1151     1     7     2    15
  3.8968196716373571E-01 a      1152     1     7     2    16
  5.9943289377051723E-01 a      1153     1     8     2     1
 -1.7440162872507581E+00 a      1154     1     8     2     2
 -5.0165337816799616E-01 a      1155     1     8     2     3
 -1.2705765384891496E+00 a      1156     1     8     2     4
 -5.9648072204612668E-01 a      1157     1     8     2     5
  4.9342600313905055E-01 a      1158     1     8     2     6
  1.0895085998816963E-01 a      1159     1     8     2     7
 -1.3906078757725508E+00 a      1160     1     8     2     8
 -1.7977193997434746E+00 a      1161     1     8     2     9
 -1.9946567620345215E-01 a      1162     1     8     2    10
 -6.4566088039789438E-01 a      1163     1     8     2    11
  2.0567746058155136E+00 a      1164     1     8     2    12
  3.6663740789726602E+00 a      1165     1     8     2    13
  4.2837631299216739E-01 a      1166     1     8     2    14
 -3.8275445720870493E-01 a      1167     1     8     2    15
 -6.9569843868521317E-02 a      1168     1     8     2    16
  3.7974902283794565E-01 a      1169     1     9     2     1
 -8.0103183210074658E-01 a      1170     1     9     2     2
 -4.7079342658220208E-01 a      1171     1     9     2     3
 -5.3867682361196201E-01 a      1172     1     9     2     4
 -3.5733760166261952E-01 a      1173     1     9     2     5
  4.9843247564025850E-01 a      1174     1     9     2     6
  1.2137171361626119E-01 a      1175     1     9     2     7
  6.0352680882677978E-01 a      1176     1     9     2     8
 -1.4048305307716100E+00 a      1177     1     9     2     9
  1.6956956658578395E+00 a      1178     1     9     2    10
  5.4494343559555825E-01 a      1179     1     9     2    11
 -5.7702662570683261E-01 a      1180     1     9     2    12
  4.9861821426047676E-01 a      1181     1     9     2    13
  5.3459789780371691E-01 a      1182     1     9     2    14
 -1.0594054762946854E+00 a      1183     1     9     2    15
 -2.3090527546237113E-01 a      1184     1     9     2    16
 -9.4105045200018489E-01 a      1185     1    10     2     1
  1.0345951076419356E-01 a      1186     1    10     2     2
  4.6918907368057117E-01 a      1187     1    10     2     3
  4.6316063886170722E-01 a      1188     1    10     2     4
  7.7337365040432449E-01 a      1189     1    10     2     5
 -3.3663587851165527E-01 a      1190     1    10     2     6
  2.8421018972410395E-01 a      1191     1    10     2     7
  7.1363882942681822E-01 a      1192     1    10     2     8
 -5.3422393456400807E-01 a      1193     1    10     2     9
 -1.8102135465403724E-01 a      1194     1    10     2    10
 -8.1701933936954663E-01 a      1195     1    10     2    11
  4.2182757498710810E-01 a      1196     1    10     2    12
 -1.1542619031267809E+00 a      1197     1    10     2    13
 -1.8449578725455866E+00 a      1198     1    10     2    14
  1.1455521862794158E+00 a      1199     1    10     2    15
 -5.2238599727643575E-01 a      1200     1    10     2    16
  1.6182170938243852E+00 a      1201     1    11     2     1
  7.2594422587012186E-01 a      1202     1    11     2     2
  2.6395488135335482E-01 a      1203     1    11     2     3
 -2.6319590539143389E-01 a      1204     1    11     2     4
 -2.4548827483234184E-01 a      1205     1    11     2     5
 -3.7674457003985384E-01 a      1206     1    11     2     6
 -4.4972790568642028E-02 a      1207     1    11     2     7
 -1.7398153984728464E+00 a      1208     1    11     2     8
 -2.6724887779424927E-01 a      1209     1    11     2     9
 -1.6796586426512347E-01 a      1210     1    11     2    10
  7.6105636666913140E-02 a      1211     1    11     2    11
 -1.4281346084028892E+00 a      1212     1    11     2    12
  1.8584098940114417E+00 a      1213     1    11     2    13
  1.3975572934640610E+00 a      1214     1    11     2    14
 -1.7902573302704210E+00 a      1215     1    11     2    15
  9.5820917014170526E-01 a      1216     1    11     2    16
 -1.6646162219006064E+00 a      1217     1    12     2     1
 -2.6523836254242500E-01 a      1218     1    12     2     2
  1.4613108201897154E-01 a      1219     1    12     2     3
  8.5845288666070807E-01 a      1220     1    12     2     4
  5.2337284971150488E-01 a      1221     1    12     2     5
  3.3435839578693854E-01 a      1222     1    12     2     6
 -4.6006068302629310E-01 a      1223     1    12     2     7
  1.7562719534688560E+00 a      1224     1    12     2     8
 -9.3373650214035098E-01 a      1225     1    12     2     9
 -8.0257854347774812E-02 a      1226     1    12     2    10
  5.0954976942873231E-01 a      1227     1    12     2    11
  7.2522671567340746E-01 a      1228     1    12     2    12
 -3.0796837515316100E+00 a      1229     1    12     2    13
  3.8094431636770587E-01 a      1230     1    12     2    14
  7.5098655844512141E-01 a      1231     1    12     2    15
 -1.0537590947466364E+00 a      1232     1    12     2    16
  1.1634660105715742E+00 a      1233     1    13     2     1
  1.0977794973753521E+00 a      1234     1    13     2     2
 -7.5717160972469599E-01 a      1235     1    13     2     3
 -1.0994568734391466E-01 a      1236     1    13     2     4
 -2.5710199550944435E-01 a      1237     1    13     2     5
  2.0504449600948968E-01 a      1238     1    13     2     6
  3.4282595099956564E-01 a      1239     1    13     2     7
 -2.6082204313626809E+00 a      1240     1    13     2     8
  2.5465133618634552E+00 a      1241     1    13     2     9
 -1.4237811119458565E+00 a      1242     1    13     2    10
  5.9090391565781752E-01 a      1243     1    13     2    11
 -1.0806794126641970E+00 a      1244     1    13     2    12
  2.1348190215307512E+00 a      1245     1    13     2    13
  3.3724406605980967E-01 a      1246     1    13     2    14
 -9.7876186404876464E-01 a      1247     1    13     2    15
  2.0315068279053244E-01 a      1248     1    13     2    16
  6.7065306935897517E-02 a      1249     1    14     2     1
 -2.0084815664100372E-01 a      1250     1    14     2     2
 -2.7364320851921564E-01 a      1251     1    14     2     3
  2.7810573885189627E-01 a      1252     1    14     2     4
 -4.4710076464563453E-01 a      1253     1    14     2     5
  1.2853585862328432E-01 a      1254     1    14     2     6
 -3.4886221290266040E-01 a      1255     1    14     2     7
 -1.0370434014045664E+00 a      1256     1    14     2     8
  1.3693006690709264E-01 a      1257     1    14     2     9
  1.7908803192330276E+00 a      1258     1    14     2    10
  2.5193052631771162E-01 a      1259     1    14     2    11
  8.0624311991828101E-01 a      1260     1    14     2    12
 -2.7091085370873058E+00 a      1261     1    14     2    13
  9.9370612592121144E-01 a      1262     1    14     2    14
 -2.2871249445443906E+00 a      1263     1    14     2    15
 -1.5322647630690414E-01 a      1264     1    14     2    16
  6.5340009358777018E-01 a      1265     1    15     2     1
 -7.5088983567618917E-01 a      1266     1    15     2     2
  6.7661220023592805E-01 a      1267     1    15     2     3
  9.4838731891758996E-02 a      1268     1    15     2     4
  6.5076098323431952E-01 a      1269     1    15     2     5
  1.3078839021299127E-01 a      1270     1    15     2     6
  3.1210690004795905E-01 a      1271     1    15     2     7
  2.9372194308928602E-02 a      1272     1    15     2     8
  8.6995561549767697E-01 a      1273     1    15     2     9
 -5.6208151810867628E-02 a      1274     1    15     2    10
  3.7866642947167956E-01 a      1275     1    15     2    11
 -1.2788501676640815E+00 a      1276     1    15     2    12
 -1.2184201868590736E+00 a      1277     1    15     2    13
  7.2344614129865037E-01 a      1278     1    15     2    14
 -3.1307116252080330E-01 a      1279     1    15     2    15
 -2.9692167434923911E-02 a      1280     1    15     2    16
 -4.9015351098650850E-01 a      1281     1    16     2     1
 -4.7191808719050787E-01 a      1282     1    16     2     2
  9.4891520984172661E-01 a      1283     1    16     2     3
  1.2604479502632273E+00 a      1284     1    16     2     4
  1.8244517482529941E+00 a      1285     1    16     2     5
  1.1356610383637941E-01 a      1286     1    16     2     6
  3.3126851387712875E-01 a      1287     1    16     2     7
  9.3974749023659998E-01 a      1288     1    16     2     8
  5.1336807875292478E-01 a      1289     1    16     2     9
 -7.0295478381673360E-01 a      1290     1    16     2    10
 -2.4750299943622842E-01 a      1291     1    16     2    11
 -1.1613331290191495E+00 a      1292     1    16     2    12
 -1.6340206323151505E+00 a      1293     1    16     2    13
 -2.5581221278093427E+00 a      1294     1    16     2    14
  2.1856533373031937E+00 a      1295     1    16     2    15
 -1.0162282779811517E-01 a      1296     1    16     2    16
  1.5131481691551463E-01 b      1297     2     1
 -2.3636550323376065E-01 b      1298     2     2
  7.7696148272744647E-01 b      1299     2     3
 -3.4394644808787606E-01 b      1300     2     4
  9.2803467593300681E-01 b      1301     2     5
 -1.1256380151402723E-01 b      1302     2     6
  5.5199679196432827E-01 b      1303     2     7
  1.5551105488760566E+00 b      1304     2     8
  2.4687049377774493E+00 b      1305     2     9
 -3.8928475046403255E-01 b      1306     2    10
 -6.8747985011985058E-01 b      1307     2    11
 -1.2175242249752063E+00 b      1308     2    12
 -4.6926918707037961E+00 b      1309     2    13
 -2.2570466252970592E-01 b      1310     2    14
  1.5607249300466133E+00 b      1311     2    15
 -1.4644988079378785E-01 b      1312     2    16
  2.9547506525793726E-01 a      1313     2     1     3     1
  2.5669238737890610E-02 a      1314     2     2     3     1
 -4.9036599050164048E-01 a      1315     2     3     3     1
 -2.3310263311724777E-01 a      1316     2     4     3     1
  6.2880216510092080E-01 a      1317     2     5     3     1
 -3.6934846672645322E-01 a      1318     2     6     3     1
 -6.4779898053130791E-01 a      1319     2     7     3     1
 -5.2868799328645272E-02 a      1320     2     8     3     1
  1.5883701038693646E-02 a      1321     2     9     3     1
  5.1193271278793487E-02 a      1322     2    10     3     1
 -3.0101842840674325E-01 a      1323     2    11     3     1
  1.0670201270101598E-01 a      1324     2    12     3     1
 -2.1523165470356345E-02 a      1325     2    13     3     1
  2.1635493149374338E-02 a      1326     2    14     3     1
 -3.7720636976537360E-02 a      1327     2    15     3     1
 -3.8040879951422057E-01 a      1328     2    16     3     1
  8.2496445826550552E-02 b      1329     3     1
