################################################################################
# Neural network connection values (weights and biases).
################################################################################
# Col  Name       Description
################################################################################
# 1    connection Neural network connection value.
# 2    t          Connection type (a = weight, b = bias).
# 3    index      Index enumerating weights.
# 4    l_s        Starting point layer (end point layer for biases).
# 5    n_s        Starting point neuron in starting layer (end point neuron for biases).
# 6    l_e        End point layer.
# 7    n_e        End point neuron in end layer.
################################################################################
#                      1 2         3     4     5     6     7
#             connection t     index   l_s   n_s   l_e   n_e
############################################################
  6.8297354811165584E-02 a         1     0     1     1     1
  2.1673895776728441E-01 a         2     0     1     1     2
 -1.2984587863864006E+00 a         3     0     1     1     3
  1.3632648393523672E-01 a         4     0     1     1     4
 -4.7341752472782189E-01 a         5     0     1     1     5
 -7.2826541160354841E-01 a         6     0     1     1     6
  2.7255271357085975E-01 a         7     0     1     1     7
  2.2378706680497538E-03 a         8     0     1     1     8
 -3.6777491679284102E-01 a         9     0     1     1     9
 -7.2576259978274049E-01 a        10     0     1     1    10
 -7.3880753184836750E-02 a        11     0     1     1    11
  3.8247104842649959E-01 a        12     0     1     1    12
  5.3380324175819049E-01 a        13     0     1     1    13
  3.7562753768720197E-01 a        14     0     1     1    14
 -3.3223012484177855E-01 a        15     0     1     1    15
 -2.1330125437338698E-01 a        16     0     1     1    16
 -4.2326444210163128E-02 a        17     0     2     1     1
  3.6635999068275416E-01 a        18     0     2     1     2
  4.3809782590951940E-01 a        19     0     2     1     3
  1.1534388318168101E+00 a        20     0     2     1     4
 -3.5027811871904527E-02 a        21     0     2     1     5
 -6.5569673208963697E-01 a        22     0     2     1     6
 -7.7298138678483161E-02 a        23     0     2     1     7
 -6.7578326452128934E-01 a        24     0     2     1     8
  1.9534461706507780E-01 a        25     0     2     1     9
  4.4973596191861587E-01 a        26     0     2     1    10
  8.7560132701200355E-01 a        27     0     2     1    11
  6.4836211251891596E-01 a        28     0     2     1    12
 -9.3061633372717500E-01 a        29     0     2     1    13
 -1.1588357052000391E+00 a        30     0     2     1    14
 -6.4178941803587297E-01 a        31     0     2     1    15
  8.9872732382879295E-01 a        32     0     2     1    16
 -2.6895468082894247E-01 a        33     0     3     1     1
 -1.1514819984021496E+00 a        34     0     3     1     2
 -3.5050667110119149E-01 a        35     0     3     1     3
  6.9066826477384002E-01 a        36     0     3     1     4
  1.1626862603740580E-01 a        37     0     3     1     5
 -4.2154690012528878E-01 a        38     0     3     1     6
 -1.2846900918603446E+00 a        39     0     3     1     7
  1.5217079139482872E-01 a        40     0     3     1     8
  9.3762844593163897E-01 a        41     0     3     1     9
  7.4366037130495033E-01 a        42     0     3     1    10
  1.5613446954639965E-01 a        43     0     3     1    11
  1.6252308697392676E-01 a        44     0     3     1    12
  6.4908008274769813E-01 a        45     0     3     1    13
 -7.8977611074874243E-01 a        46     0     3     1    14
  1.9643174788364379E-01 a        47     0     3     1    15
 -4.5521021510920623E-01 a        48     0     3     1    16
  9.1251175192833411E-01 a        49     0     4     1     1
  2.2544160611298961E-01 a        50     0     4     1     2
  1.8881627500700268E-01 a        51     0     4     1     3
 -1.4853462422266303E-02 a        52     0     4     1     4
  8.6086931884952955E-01 a        53     0     4     1     5
  5.7364927764174944E-01 a        54     0     4     1     6
  5.5371966704888746E-02 a        55     0     4     1     7
  1.9016923987641984E-01 a        56     0     4     1     8
  8.9519380790653968E-01 a        57     0     4     1     9
  5.4277871417480550E-01 a        58     0     4     1    10
  6.7449114095053619E-01 a        59     0     4     1    11
 -4.9635983467965400E-01 a        60     0     4     1    12
 -3.6143111211573381E-01 a        61     0     4     1    13
 -4.5931883926419020E-01 a        62     0     4     1    14
  8.7511230307140031E-01 a        63     0     4     1    15
  3.6897440578777183E-02 a        64     0     4     1    16
  7.2547151043239222E-01 a        65     0     5     1     1
  6.0435893740628888E-01 a        66     0     5     1     2
  2.6931484967179414E-01 a        67     0     5     1     3
 -7.7790900853875344E-01 a        68     0     5     1     4
  1.3068934283445682E-01 a        69     0     5     1     5
  3.1628727383162031E-01 a        70     0     5     1     6
 -1.4078711007355271E-01 a        71     0     5     1     7
  5.1302937518222969E-01 a        72     0     5     1     8
 -5.8073539878563607E-01 a        73     0     5     1     9
 -3.3218119481353375E-01 a        74     0     5     1    10
 -3.3885210747723565E-01 a        75     0     5     1    11
 -3.5869723208760029E-02 a        76     0     5     1    12
 -5.8664011790995085E-01 a        77     0     5     1    13
  2.6477531423835332E-01 a        78     0     5     1    14
 -3.5793237290285501E-01 a        79     0     5     1    15
 -2.2207440662449725E-02 a        80     0     5     1    16
  7.6954836816621175E-01 a        81     0     6     1     1
 -6.5956340189968587E-01 a        82     0     6     1     2
 -4.4666698071149852E-01 a        83     0     6     1     3
 -7.4180277618179102E-01 a        84     0     6     1     4
  1.9920508462799671E-01 a        85     0     6     1     5
  9.7164421908096255E-01 a        86     0     6     1     6
 -9.9703321757119512E-01 a        87     0     6     1     7
 -6.3827930895176055E-01 a        88     0     6     1     8
 -1.0004658842778280E+00 a        89     0     6     1     9
  6.0777141095512285E-02 a        90     0     6     1    10
  6.8304200595048825E-01 a        91     0     6     1    11
  2.1358813401265159E-01 a        92     0     6     1    12
  6.0693585613240719E-01 a        93     0     6     1    13
  4.0558800207740955E-02 a        94     0     6     1    14
  7.5472398089169035E-01 a        95     0     6     1    15
 -3.7587586105303666E-01 a        96     0     6     1    16
  3.3177527576407784E-01 a        97     0     7     1     1
 -7.6771120982684715E-01 a        98     0     7     1     2
 -1.8507564706894064E-01 a        99     0     7     1     3
 -6.7281949366290128E-01 a       100     0     7     1     4
 -4.3308513123308529E-01 a       101     0     7     1     5
 -1.6609668032991612E-01 a       102     0     7     1     6
  6.3143423883289373E-01 a       103     0     7     1     7
 -7.8472538634200084E-01 a       104     0     7     1     8
 -6.8467831862671391E-01 a       105     0     7     1     9
  5.9445135198275556E-01 a       106     0     7     1    10
 -6.6713822310531445E-01 a       107     0     7     1    11
  5.6255765092793140E-02 a       108     0     7     1    12
 -1.2697900769408310E+00 a       109     0     7     1    13
  1.1839527712779754E-02 a       110     0     7     1    14
 -2.9369865410875551E-01 a       111     0     7     1    15
 -9.7101643210665500E-01 a       112     0     7     1    16
 -7.9555065149638360E-01 a       113     0     8     1     1
  1.1894638065314100E+00 a       114     0     8     1     2
 -3.9322459406224600E-02 a       115     0     8     1     3
 -1.1492353473004456E-01 a       116     0     8     1     4
 -9.2042921906456721E-01 a       117     0     8     1     5
 -1.5920694006782532E-01 a       118     0     8     1     6
  1.6763012800177068E+00 a       119     0     8     1     7
  2.3470690798171251E-01 a       120     0     8     1     8
  6.8428225102474138E-01 a       121     0     8     1     9
  4.7186227786732299E-01 a       122     0     8     1    10
 -1.7792162354789126E-01 a       123     0     8     1    11
 -7.3827879655760820E-01 a       124     0     8     1    12
  1.0085003259657508E+00 a       125     0     8     1    13
  4.4035178554934279E-01 a       126     0     8     1    14
  2.9537571776338795E-01 a       127     0     8     1    15
  1.0621178034532175E+00 a       128     0     8     1    16
  7.2188501296790275E-01 a       129     0     9     1     1
  4.4608484200320708E-01 a       130     0     9     1     2
  4.8076229741231413E-01 a       131     0     9     1     3
  2.4587409744934599E-01 a       132     0     9     1     4
  2.6849439778853645E-01 a       133     0     9     1     5
 -7.6939542034465680E-01 a       134     0     9     1     6
  9.5428708052254918E-01 a       135     0     9     1     7
 -5.2765476224683239E-01 a       136     0     9     1     8
 -6.2365926408970318E-01 a       137     0     9     1     9
  3.3600122318676207E-01 a       138     0     9     1    10
  8.0005040147201145E-01 a       139     0     9     1    11
  7.6468173003395271E-02 a       140     0     9     1    12
  7.1565013715547965E-01 a       141     0     9     1    13
 -3.7666392329285436E-01 a       142     0     9     1    14
 -2.1023952971516435E-01 a       143     0     9     1    15
 -3.5991576009883210E-02 a       144     0     9     1    16
 -7.3522633593490627E-01 a       145     0    10     1     1
 -8.6390994501121521E-01 a       146     0    10     1     2
 -2.4659221949510174E-01 a       147     0    10     1     3
 -4.5699468862195730E-01 a       148     0    10     1     4
  5.5947651628001652E-02 a       149     0    10     1     5
 -5.1552084928828967E-01 a       150     0    10     1     6
 -6.3777693986857309E-01 a       151     0    10     1     7
  5.6912727256252527E-01 a       152     0    10     1     8
 -3.1325857938472351E-01 a       153     0    10     1     9
 -1.3107033076090208E-01 a       154     0    10     1    10
  2.1083623258840076E-01 a       155     0    10     1    11
 -6.2454765989932581E-01 a       156     0    10     1    12
  2.1052081253518168E-01 a       157     0    10     1    13
 -2.9094982065300773E-01 a       158     0    10     1    14
  1.8419177632598616E-01 a       159     0    10     1    15
  4.0429217504335352E-01 a       160     0    10     1    16
 -1.5891095346288350E-01 a       161     0    11     1     1
  2.3567244927789502E-01 a       162     0    11     1     2
  6.5670160802700706E-01 a       163     0    11     1     3
 -7.8793037707310065E-01 a       164     0    11     1     4
 -6.7917708289429524E-01 a       165     0    11     1     5
  7.0510645764300606E-02 a       166     0    11     1     6
 -4.7768793545368171E-02 a       167     0    11     1     7
 -4.0275447091196827E-02 a       168     0    11     1     8
 -8.3174652090678203E-01 a       169     0    11     1     9
  4.6957048645981614E-01 a       170     0    11     1    10
  4.8771827707620097E-01 a       171     0    11     1    11
 -5.3883480060680211E-01 a       172     0    11     1    12
 -3.7037381929945612E-01 a       173     0    11     1    13
  8.6834249155572163E-01 a       174     0    11     1    14
  3.3735250020513130E-01 a       175     0    11     1    15
  6.3036075989043883E-01 a       176     0    11     1    16
  1.1891049640953347E-01 a       177     0    12     1     1
  9.5721564859306096E-01 a       178     0    12     1     2
 -3.0855405076403192E-01 a       179     0    12     1     3
  9.4801431388815735E-02 a       180     0    12     1     4
 -1.9068800712013539E-01 a       181     0    12     1     5
  3.7345033364140495E-01 a       182     0    12     1     6
  8.5996838994163105E-01 a       183     0    12     1     7
 -5.7907122959713242E-01 a       184     0    12     1     8
  8.6902856305833409E-01 a       185     0    12     1     9
 -1.1054977706855214E-02 a       186     0    12     1    10
 -5.0160725548325874E-02 a       187     0    12     1    11
  7.1386582667881782E-01 a       188     0    12     1    12
  1.6666095272593046E-01 a       189     0    12     1    13
 -3.7304799503297897E-01 a       190     0    12     1    14
 -2.3105434353919565E-02 a       191     0    12     1    15
 -6.2549575100769650E-01 a       192     0    12     1    16
  4.0231943461441511E-01 a       193     0    13     1     1
  6.4753243657815218E-01 a       194     0    13     1     2
 -2.8396766797325090E-01 a       195     0    13     1     3
  3.1299957876989776E-01 a       196     0    13     1     4
  1.8687341900207105E-01 a       197     0    13     1     5
  3.6347177096176275E-01 a       198     0    13     1     6
  7.2068441542319547E-02 a       199     0    13     1     7
  1.5313006387344956E-03 a       200     0    13     1     8
 -5.3431548196754031E-01 a       201     0    13     1     9
  1.8831489888758851E-02 a       202     0    13     1    10
 -4.6903387080752462E-01 a       203     0    13     1    11
  1.5622903148887542E-02 a       204     0    13     1    12
 -7.1916012246505501E-01 a       205     0    13     1    13
 -6.7046164114316775E-01 a       206     0    13     1    14
  6.3885256384295286E-01 a       207     0    13     1    15
 -6.9442271767058872E-01 a       208     0    13     1    16
  5.5992655702787919E-01 a       209     0    14     1     1
  1.2903263663288431E+00 a       210     0    14     1     2
 -1.0497113773708218E+00 a       211     0    14     1     3
  3.4379937263259663E-01 a       212     0    14     1     4
  3.9387618814208486E-01 a       213     0    14     1     5
  1.7909467293612397E-02 a       214     0    14     1     6
  7.8254553704470520E-01 a       215     0    14     1     7
  2.5406654490551994E-01 a       216     0    14     1     8
  3.0675223230632609E-01 a       217     0    14     1     9
 -4.9079854854437571E-01 a       218     0    14     1    10
 -5.2354359830732812E-02 a       219     0    14     1    11
 -7.9398659654188097E-01 a       220     0    14     1    12
  7.7743319319006618E-02 a       221     0    14     1    13
 -3.7519567407953147E-01 a       222     0    14     1    14
 -1.6250082284529163E-02 a       223     0    14     1    15
  5.5631868744849244E-01 a       224     0    14     1    16
  5.6759885359522111E-01 a       225     0    15     1     1
 -4.2429884817439945E-01 a       226     0    15     1     2
 -3.5523376705496862E-01 a       227     0    15     1     3
  1.1500689102929140E+00 a       228     0    15     1     4
  4.3751536766311272E-01 a       229     0    15     1     5
  1.8088170610721935E-01 a       230     0    15     1     6
  2.0986018554024766E-01 a       231     0    15     1     7
 -1.3225170329217675E-01 a       232     0    15     1     8
  3.2522336677205183E-01 a       233     0    15     1     9
  7.6417118478054014E-01 a       234     0    15     1    10
  5.4881372969160480E-01 a       235     0    15     1    11
 -3.4123393219407695E-02 a       236     0    15     1    12
 -3.0572426066412021E-02 a       237     0    15     1    13
 -3.7664503850896514E-01 a       238     0    15     1    14
  2.6243813362907414E-01 a       239     0    15     1    15
  9.8254967487548861E-01 a       240     0    15     1    16
 -2.9342964897902640E-01 a       241     0    16     1     1
 -6.4546683870403199E-01 a       242     0    16     1     2
  6.2255309014041922E-02 a       243     0    16     1     3
 -4.0247166141851071E-01 a       244     0    16     1     4
  1.1063644072598260E+00 a       245     0    16     1     5
 -1.0016060105580962E+00 a       246     0    16     1     6
  5.3369683541896307E-01 a       247     0    16     1     7
 -1.1392842826601027E-01 a       248     0    16     1     8
  6.3272899050450604E-01 a       249     0    16     1     9
  3.1779906420484022E-01 a       250     0    16     1    10
 -6.5999836690425207E-01 a       251     0    16     1    11
 -3.0100894693095742E-01 a       252     0    16     1    12
  6.3691594123368866E-01 a       253     0    16     1    13
 -1.9179729232087084E-01 a       254     0    16     1    14
  2.3293480294825170E-01 a       255     0    16     1    15
 -8.0461326461607729E-01 a       256     0    16     1    16
  5.9905667450843236E-01 a       257     0    17     1     1
 -6.2616136196839067E-01 a       258     0    17     1     2
 -3.7473401295636344E-01 a       259     0    17     1     3
  6.0136521761357797E-01 a       260     0    17     1     4
  4.1876259256447951E-01 a       261     0    17     1     5
  1.0002486093874467E-01 a       262     0    17     1     6
  4.0683932980544074E-01 a       263     0    17     1     7
 -3.1271968144918999E-01 a       264     0    17     1     8
  4.0669018546103425E-01 a       265     0    17     1     9
  5.2952960994928955E-01 a       266     0    17     1    10
 -1.3808697876687565E-01 a       267     0    17     1    11
 -3.4132909548888501E-01 a       268     0    17     1    12
  4.3764756465933358E-01 a       269     0    17     1    13
  1.0193545359178460E-02 a       270     0    17     1    14
  2.9167953830943000E-01 a       271     0    17     1    15
  1.8490884419898085E-01 a       272     0    17     1    16
  3.3918115756621098E-01 a       273     0    18     1     1
 -7.3349990984295355E-01 a       274     0    18     1     2
  4.7290202695444311E-01 a       275     0    18     1     3
  2.0602242523694000E-01 a       276     0    18     1     4
  9.0056739181207979E-01 a       277     0    18     1     5
 -3.4792658345478411E-01 a       278     0    18     1     6
  3.7834875031477494E-01 a       279     0    18     1     7
  9.5822558171906491E-01 a       280     0    18     1     8
 -3.5073604621637944E-01 a       281     0    18     1     9
 -1.0495837623908149E+00 a       282     0    18     1    10
 -5.4061396722559496E-01 a       283     0    18     1    11
 -2.3457743914030760E-01 a       284     0    18     1    12
  1.8115312081733936E-01 a       285     0    18     1    13
 -1.0963066311916105E+00 a       286     0    18     1    14
 -5.0415055477440673E-01 a       287     0    18     1    15
 -2.3170534632720485E-01 a       288     0    18     1    16
 -1.3833377930232008E-01 a       289     0    19     1     1
 -5.0281790643401536E-01 a       290     0    19     1     2
  5.3230187935399753E-01 a       291     0    19     1     3
 -3.3575347174030828E-01 a       292     0    19     1     4
 -6.1563696201616147E-01 a       293     0    19     1     5
 -5.2306522513093301E-01 a       294     0    19     1     6
 -7.7831245697145224E-01 a       295     0    19     1     7
  8.5366862880232997E-01 a       296     0    19     1     8
 -6.7750542099131883E-01 a       297     0    19     1     9
 -8.6480911652694026E-01 a       298     0    19     1    10
  3.6792443800276886E-01 a       299     0    19     1    11
  8.4510953878367423E-01 a       300     0    19     1    12
  8.5062009842969866E-01 a       301     0    19     1    13
 -1.3691020137993948E-01 a       302     0    19     1    14
 -3.9218676241517098E-01 a       303     0    19     1    15
 -1.0815981550364870E+00 a       304     0    19     1    16
  5.9513909878862759E-01 a       305     0    20     1     1
 -6.9171198796493272E-01 a       306     0    20     1     2
  2.1546602819768007E-01 a       307     0    20     1     3
 -4.7998403843287996E-01 a       308     0    20     1     4
 -7.6580364932399769E-01 a       309     0    20     1     5
  4.3580043534527652E-01 a       310     0    20     1     6
  3.0651669899107586E-01 a       311     0    20     1     7
 -3.3311358699443322E-01 a       312     0    20     1     8
  1.5131643709327441E-01 a       313     0    20     1     9
  6.5174913443847593E-01 a       314     0    20     1    10
 -5.2208892722778499E-01 a       315     0    20     1    11
 -1.3764539813691759E-01 a       316     0    20     1    12
  7.2572158654103425E-01 a       317     0    20     1    13
 -7.3633299064325408E-01 a       318     0    20     1    14
 -1.7065463810520917E-01 a       319     0    20     1    15
  2.4860994362977365E-01 a       320     0    20     1    16
  3.6735552429648127E-01 a       321     0    21     1     1
 -9.3745652156154091E-01 a       322     0    21     1     2
 -6.1368822824510594E-01 a       323     0    21     1     3
  2.4998289783863065E-01 a       324     0    21     1     4
 -3.9638899044241199E-01 a       325     0    21     1     5
  5.9132873288161705E-02 a       326     0    21     1     6
 -9.0601944295003634E-01 a       327     0    21     1     7
 -2.1424225514529963E-01 a       328     0    21     1     8
 -5.9901115550838713E-01 a       329     0    21     1     9
  6.9376860885519487E-01 a       330     0    21     1    10
 -1.7639490923986462E-01 a       331     0    21     1    11
 -3.8825257875128477E-01 a       332     0    21     1    12
  4.5144625340880684E-01 a       333     0    21     1    13
  5.5489440096523157E-01 a       334     0    21     1    14
 -6.5379329976692868E-01 a       335     0    21     1    15
  1.1431095172982484E+00 a       336     0    21     1    16
 -1.0480802138395313E-01 a       337     0    22     1     1
 -6.7633631386292981E-01 a       338     0    22     1     2
  1.6866113184083836E-01 a       339     0    22     1     3
 -5.2404186823887633E-01 a       340     0    22     1     4
  1.0175101631473367E+00 a       341     0    22     1     5
 -2.9392304532357727E-01 a       342     0    22     1     6
 -8.1320987713411552E-01 a       343     0    22     1     7
  1.0603262809890468E+00 a       344     0    22     1     8
 -1.9827163630743213E-02 a       345     0    22     1     9
  2.5568014677205858E-01 a       346     0    22     1    10
 -4.0911923795554517E-01 a       347     0    22     1    11
 -1.0526358266698066E+00 a       348     0    22     1    12
  3.9376818451161993E-01 a       349     0    22     1    13
  8.6299939703221362E-02 a       350     0    22     1    14
 -1.9899898634646240E-01 a       351     0    22     1    15
 -5.5655047322055916E-02 a       352     0    22     1    16
 -3.9390150656114115E-01 a       353     0    23     1     1
 -2.2613756708563865E-01 a       354     0    23     1     2
  9.6699350998688094E-01 a       355     0    23     1     3
 -2.9032325416209154E-01 a       356     0    23     1     4
 -6.7241646420422385E-01 a       357     0    23     1     5
  2.9604782487419708E-02 a       358     0    23     1     6
 -7.5146948964151761E-01 a       359     0    23     1     7
 -5.9328012819809421E-02 a       360     0    23     1     8
 -1.9753901888454869E-01 a       361     0    23     1     9
 -9.6461628559337453E-01 a       362     0    23     1    10
  8.3893941385000270E-01 a       363     0    23     1    11
  2.1539632811240406E-01 a       364     0    23     1    12
 -4.3951715739264541E-01 a       365     0    23     1    13
  3.8330737359662276E-01 a       366     0    23     1    14
  1.0489483516735498E+00 a       367     0    23     1    15
  7.5714869966558807E-01 a       368     0    23     1    16
 -5.0919168868176623E-01 a       369     0    24     1     1
 -1.3043107426387474E-01 a       370     0    24     1     2
  6.2072053580034911E-02 a       371     0    24     1     3
 -7.0759297125749673E-02 a       372     0    24     1     4
  9.9244094906514424E-02 a       373     0    24     1     5
 -1.4486001887003427E-01 a       374     0    24     1     6
  5.5283182288738197E-01 a       375     0    24     1     7
  3.6216860360515818E-01 a       376     0    24     1     8
 -5.5938185727885004E-01 a       377     0    24     1     9
 -4.8543235996872647E-01 a       378     0    24     1    10
  1.1164013707783924E-01 a       379     0    24     1    11
  1.9910586529594562E-01 a       380     0    24     1    12
 -1.0210079868668194E+00 a       381     0    24     1    13
  1.3194477181298617E-01 a       382     0    24     1    14
  2.8840957222022529E-02 a       383     0    24     1    15
 -9.6409308639779201E-01 a       384     0    24     1    16
 -5.3626357646189160E-01 a       385     0    25     1     1
 -4.9183803963165207E-01 a       386     0    25     1     2
 -2.8594293458514075E-01 a       387     0    25     1     3
  3.3239980157985488E-02 a       388     0    25     1     4
  6.7463671059550062E-02 a       389     0    25     1     5
  2.2121413269255336E-01 a       390     0    25     1     6
 -1.0737540703953151E-01 a       391     0    25     1     7
  6.3762374444847295E-02 a       392     0    25     1     8
  3.1183241319353944E-01 a       393     0    25     1     9
  8.6889115659285787E-01 a       394     0    25     1    10
  2.3934036826457550E-01 a       395     0    25     1    11
  6.2248101282507629E-01 a       396     0    25     1    12
 -4.2266731164657112E-01 a       397     0    25     1    13
  8.4607071685964097E-01 a       398     0    25     1    14
 -3.8291728337296112E-02 a       399     0    25     1    15
 -1.5559803700912719E-01 a       400     0    25     1    16
  2.8667744351245378E-01 a       401     0    26     1     1
  6.3450984374945918E-01 a       402     0    26     1     2
  4.5655742053845078E-01 a       403     0    26     1     3
  3.2118269551795037E-01 a       404     0    26     1     4
 -6.1261661144893109E-01 a       405     0    26     1     5
  5.3815992590665784E-01 a       406     0    26     1     6
  2.7217211099155458E-01 a       407     0    26     1     7
 -7.4258575862339404E-01 a       408     0    26     1     8
  3.1901769934279279E-03 a       409     0    26     1     9
 -4.5087371510935709E-01 a       410     0    26     1    10
 -4.8314256011931578E-01 a       411     0    26     1    11
 -1.8843003911118736E-01 a       412     0    26     1    12
 -2.4190326993057196E-01 a       413     0    26     1    13
  6.6078891070015344E-01 a       414     0    26     1    14
 -2.7430776243936383E-01 a       415     0    26     1    15
 -3.6102045453880061E-01 a       416     0    26     1    16
 -1.5826136182787992E-01 a       417     0    27     1     1
  4.4428280029272471E-01 a       418     0    27     1     2
  2.1149314058685362E-01 a       419     0    27     1     3
  7.3805612152401534E-01 a       420     0    27     1     4
 -4.6744701694244778E-01 a       421     0    27     1     5
 -5.8751985955928265E-01 a       422     0    27     1     6
 -1.6605970300454059E-01 a       423     0    27     1     7
  1.7301472547669014E-01 a       424     0    27     1     8
 -1.4125170745829155E-01 a       425     0    27     1     9
  8.5188818283567347E-01 a       426     0    27     1    10
  2.8764960015986490E-01 a       427     0    27     1    11
 -6.2752108909187243E-01 a       428     0    27     1    12
 -3.1561041959148745E-01 a       429     0    27     1    13
 -4.9377981497904749E-01 a       430     0    27     1    14
  1.2840357185386458E-01 a       431     0    27     1    15
 -8.8999376976917066E-01 a       432     0    27     1    16
  3.1673725206969691E-02 a       433     0    28     1     1
  2.2323914028661654E-01 a       434     0    28     1     2
  4.1604008803035075E-01 a       435     0    28     1     3
 -6.5182068285000283E-01 a       436     0    28     1     4
 -7.6972539437746690E-01 a       437     0    28     1     5
  2.6438973864644494E-01 a       438     0    28     1     6
  1.2692773774140034E+00 a       439     0    28     1     7
  4.1533417304626274E-01 a       440     0    28     1     8
  2.4906132730079170E-01 a       441     0    28     1     9
  4.9939482853820449E-01 a       442     0    28     1    10
  1.2948024379631645E-01 a       443     0    28     1    11
  6.2835210440405143E-01 a       444     0    28     1    12
 -2.0458412452854860E-01 a       445     0    28     1    13
 -3.0706897970914360E-01 a       446     0    28     1    14
 -1.1314461283327415E-01 a       447     0    28     1    15
 -3.3872519980099475E-01 a       448     0    28     1    16
 -1.7259901236271091E-01 a       449     0    29     1     1
  1.2943215418431431E-02 a       450     0    29     1     2
 -6.8716472437022225E-01 a       451     0    29     1     3
 -7.0101562903729542E-01 a       452     0    29     1     4
 -5.8164546463406774E-01 a       453     0    29     1     5
  1.2269186541120713E-01 a       454     0    29     1     6
 -2.8011209280468796E-01 a       455     0    29     1     7
  9.3970947747373101E-01 a       456     0    29     1     8
 -7.0173820500976347E-01 a       457     0    29     1     9
  6.7760080677019985E-01 a       458     0    29     1    10
  5.0967240160823185E-02 a       459     0    29     1    11
  5.0495419416145182E-01 a       460     0    29     1    12
 -2.1677728749304473E-01 a       461     0    29     1    13
 -3.1313971566027984E-02 a       462     0    29     1    14
  2.7057348922065738E-01 a       463     0    29     1    15
 -6.0621581316052597E-01 a       464     0    29     1    16
 -4.7628517630064560E-01 a       465     0    30     1     1
 -4.6903293460832607E-01 a       466     0    30     1     2
 -7.1946738298128410E-01 a       467     0    30     1     3
 -8.8619100465760137E-01 a       468     0    30     1     4
  8.2901842488287425E-01 a       469     0    30     1     5
  3.3413833674206062E-01 a       470     0    30     1     6
 -3.7094064348014688E-01 a       471     0    30     1     7
 -8.6182147002864862E-01 a       472     0    30     1     8
  8.5242447633018281E-01 a       473     0    30     1     9
  2.9440516163218841E-02 a       474     0    30     1    10
 -5.5931532372142945E-01 a       475     0    30     1    11
  1.0130429967649581E+00 a       476     0    30     1    12
  8.3604972017368762E-01 a       477     0    30     1    13
  2.5261594078373134E-01 a       478     0    30     1    14
  4.8399373227787101E-01 a       479     0    30     1    15
  2.4154128692941676E-01 a       480     0    30     1    16
 -2.6014742432612215E-01 a       481     0    31     1     1
  5.3072288060982065E-01 a       482     0    31     1     2
 -1.3376093319331053E-01 a       483     0    31     1     3
 -1.1224516916079310E+00 a       484     0    31     1     4
  5.5263298883479117E-01 a       485     0    31     1     5
 -4.9249348606277887E-01 a       486     0    31     1     6
  3.3692370907923841E-01 a       487     0    31     1     7
  5.2053729551239247E-01 a       488     0    31     1     8
  7.5142198451193132E-02 a       489     0    31     1     9
 -1.5427223400476706E-01 a       490     0    31     1    10
 -4.8344676896509631E-01 a       491     0    31     1    11
 -9.4017741177228475E-01 a       492     0    31     1    12
 -5.3669459023207111E-01 a       493     0    31     1    13
  2.1770413329781974E-01 a       494     0    31     1    14
  7.3899995176507327E-01 a       495     0    31     1    15
 -4.6448061253086065E-01 a       496     0    31     1    16
 -2.3023332726595441E-01 a       497     0    32     1     1
 -1.6326449217576677E-01 a       498     0    32     1     2
  6.8252130499636177E-01 a       499     0    32     1     3
 -6.6877166328491044E-01 a       500     0    32     1     4
 -4.0449848072065564E-01 a       501     0    32     1     5
  3.6848601260869106E-02 a       502     0    32     1     6
 -6.5223241753933325E-01 a       503     0    32     1     7
  3.4069102410055446E-01 a       504     0    32     1     8
 -8.6030246407134847E-01 a       505     0    32     1     9
  4.9592580979952877E-01 a       506     0    32     1    10
 -2.3474663930616177E-01 a       507     0    32     1    11
 -6.1613169022806363E-02 a       508     0    32     1    12
 -3.2910100544532800E-01 a       509     0    32     1    13
  9.9793939689539557E-01 a       510     0    32     1    14
  5.9390157519039610E-01 a       511     0    32     1    15
 -6.3294207776676784E-02 a       512     0    32     1    16
 -2.5295936108889561E-01 a       513     0    33     1     1
  5.8926117752791707E-01 a       514     0    33     1     2
  1.6577922951085421E-02 a       515     0    33     1     3
 -8.9636478758372218E-02 a       516     0    33     1     4
 -2.5115421324058934E-01 a       517     0    33     1     5
  4.4238716752900137E-01 a       518     0    33     1     6
 -5.7115331147752801E-01 a       519     0    33     1     7
 -1.1394134128170195E-01 a       520     0    33     1     8
  2.5771089812215647E-01 a       521     0    33     1     9
 -3.3669998093349418E-01 a       522     0    33     1    10
 -2.0175011194776624E-01 a       523     0    33     1    11
  3.6732675739527418E-02 a       524     0    33     1    12
 -7.6660792050122617E-01 a       525     0    33     1    13
  7.4292058550497264E-01 a       526     0    33     1    14
  1.0500597153188279E-01 a       527     0    33     1    15
  2.2232737095261493E-01 a       528     0    33     1    16
  2.0182163711083398E-01 a       529     0    34     1     1
 -1.5299668619086740E-01 a       530     0    34     1     2
  2.1020864227463190E-01 a       531     0    34     1     3
 -9.9653827818515256E-02 a       532     0    34     1     4
  5.4151645527660097E-01 a       533     0    34     1     5
  4.5247116364556933E-01 a       534     0    34     1     6
 -5.5398015402386891E-01 a       535     0    34     1     7
 -7.9329964047775481E-02 a       536     0    34     1     8
 -1.1631450172055278E+00 a       537     0    34     1     9
  5.6938273393596850E-01 a       538     0    34     1    10
  2.9983848762933585E-01 a       539     0    34     1    11
 -1.0801171982888332E-01 a       540     0    34     1    12
 -7.6907165457944474E-02 a       541     0    34     1    13
  1.0023905009982021E+00 a       542     0    34     1    14
 -1.0705148439838823E-01 a       543     0    34     1    15
 -4.6891469623883458E-01 a       544     0    34     1    16
 -3.1855060446246997E-01 a       545     0    35     1     1
  2.4666429520203312E-01 a       546     0    35     1     2
  4.6287092596951573E-02 a       547     0    35     1     3
  8.6624959164930215E-01 a       548     0    35     1     4
 -6.9470861821857521E-01 a       549     0    35     1     5
  1.0112994627128451E+00 a       550     0    35     1     6
 -5.9280980836723984E-01 a       551     0    35     1     7
 -3.8872337588262884E-01 a       552     0    35     1     8
 -1.8959101004991935E-01 a       553     0    35     1     9
 -1.6554321099078312E-03 a       554     0    35     1    10
 -4.4750458283798850E-01 a       555     0    35     1    11
  2.4664405748263352E-01 a       556     0    35     1    12
 -5.8018344417729628E-02 a       557     0    35     1    13
  9.7120467376033381E-01 a       558     0    35     1    14
 -9.9449405116914935E-01 a       559     0    35     1    15
  4.3904055015083918E-02 a       560     0    35     1    16
  5.3267124457688209E-01 a       561     0    36     1     1
 -3.7538453270939226E-01 a       562     0    36     1     2
  8.3440046541423285E-01 a       563     0    36     1     3
  5.4075910894270263E-01 a       564     0    36     1     4
 -9.0071256927449328E-01 a       565     0    36     1     5
  4.8575569195700163E-01 a       566     0    36     1     6
 -3.9190167602663084E-01 a       567     0    36     1     7
  3.1968750571666593E-01 a       568     0    36     1     8
 -4.9531753603044143E-01 a       569     0    36     1     9
 -2.3405931426399557E-01 a       570     0    36     1    10
 -3.7579473954526299E-01 a       571     0    36     1    11
 -1.5537600775363497E-01 a       572     0    36     1    12
 -4.3549728437046242E-01 a       573     0    36     1    13
  5.1111934717571217E-01 a       574     0    36     1    14
 -3.5873037274472536E-01 a       575     0    36     1    15
  5.8314514947387841E-01 a       576     0    36     1    16
 -1.8929948297327306E-01 a       577     0    37     1     1
  5.9404850968876190E-02 a       578     0    37     1     2
 -2.4562272506438676E-01 a       579     0    37     1     3
  2.4088812352009900E-01 a       580     0    37     1     4
  7.3176503604367206E-03 a       581     0    37     1     5
 -8.9170352229355865E-01 a       582     0    37     1     6
  3.0113626702807478E-01 a       583     0    37     1     7
 -2.0646343052097774E-01 a       584     0    37     1     8
  4.1870137337997382E-02 a       585     0    37     1     9
  8.2988551757569051E-01 a       586     0    37     1    10
  5.3493199061526586E-01 a       587     0    37     1    11
 -5.7109074290732469E-03 a       588     0    37     1    12
 -4.2192284359601101E-01 a       589     0    37     1    13
  6.3775387989223420E-01 a       590     0    37     1    14
  1.6666250105674582E-01 a       591     0    37     1    15
  1.8415728907606144E-01 a       592     0    37     1    16
  8.6874177173686318E-01 a       593     0    38     1     1
 -2.8746072928494548E-01 a       594     0    38     1     2
  4.0097952607330883E-01 a       595     0    38     1     3
 -7.3621891718433352E-01 a       596     0    38     1     4
  4.2497992500089982E-01 a       597     0    38     1     5
 -2.8035908513160007E-01 a       598     0    38     1     6
 -1.9221920304580400E-01 a       599     0    38     1     7
  7.1881447426684009E-01 a       600     0    38     1     8
  1.1235910780317495E+00 a       601     0    38     1     9
  2.0206668443410269E-01 a       602     0    38     1    10
 -1.8422645777454705E-01 a       603     0    38     1    11
 -7.7766087053232791E-01 a       604     0    38     1    12
 -1.1269996771866033E+00 a       605     0    38     1    13
  4.2484213346911701E-02 a       606     0    38     1    14
 -6.4179282038898042E-02 a       607     0    38     1    15
  2.3679201459334545E-01 a       608     0    38     1    16
 -5.7913697373300832E-01 a       609     0    39     1     1
  5.1467005261048127E-01 a       610     0    39     1     2
 -6.1415709361446358E-01 a       611     0    39     1     3
 -3.2560996502815648E-01 a       612     0    39     1     4
  1.5695586388117427E-01 a       613     0    39     1     5
  5.5006453782690212E-01 a       614     0    39     1     6
  8.9416149647376186E-01 a       615     0    39     1     7
 -1.4052751864855415E+00 a       616     0    39     1     8
  8.5128262829521395E-01 a       617     0    39     1     9
  5.3261765636719649E-01 a       618     0    39     1    10
  3.6477339562217898E-01 a       619     0    39     1    11
  8.1692378920849101E-02 a       620     0    39     1    12
 -2.7407449717491811E-01 a       621     0    39     1    13
 -1.0259154288313874E-02 a       622     0    39     1    14
 -2.0903154887343095E-01 a       623     0    39     1    15
 -2.9150617026931547E-01 a       624     0    39     1    16
  1.1736322420697185E+00 a       625     0    40     1     1
  1.5413930264697995E-01 a       626     0    40     1     2
 -8.3043685468378103E-01 a       627     0    40     1     3
 -6.0071067854120017E-02 a       628     0    40     1     4
  9.6265900886620681E-01 a       629     0    40     1     5
 -6.0207000078174422E-01 a       630     0    40     1     6
  4.9118711668054604E-01 a       631     0    40     1     7
  3.9692541855285068E-01 a       632     0    40     1     8
 -2.0284385873570457E-01 a       633     0    40     1     9
  5.6602705281488708E-01 a       634     0    40     1    10
  1.2538151974574438E-01 a       635     0    40     1    11
 -1.3103321638516796E-01 a       636     0    40     1    12
  4.5268914980142877E-01 a       637     0    40     1    13
  5.6694499442645152E-01 a       638     0    40     1    14
 -6.5776070787431318E-01 a       639     0    40     1    15
 -9.2201541289717226E-01 a       640     0    40     1    16
  1.6764331264711468E-01 a       641     0    41     1     1
  1.7630002772122411E-01 a       642     0    41     1     2
 -1.8959934188132485E-01 a       643     0    41     1     3
  6.7856898503612650E-01 a       644     0    41     1     4
 -4.7474093947156842E-01 a       645     0    41     1     5
  6.1182640502628771E-01 a       646     0    41     1     6
 -5.4902227570923001E-01 a       647     0    41     1     7
  7.9350736198317795E-01 a       648     0    41     1     8
  5.0508035096126169E-01 a       649     0    41     1     9
 -4.3791980546281545E-01 a       650     0    41     1    10
 -8.6156844136503763E-01 a       651     0    41     1    11
  3.7425549566809979E-01 a       652     0    41     1    12
  8.0757664752734426E-01 a       653     0    41     1    13
  2.1136211531355358E-02 a       654     0    41     1    14
  4.6684088861482859E-01 a       655     0    41     1    15
  5.8977540011173180E-01 a       656     0    41     1    16
 -1.1058499984640267E+00 a       657     0    42     1     1
  2.6791862868288628E-02 a       658     0    42     1     2
  3.2843709677567906E-01 a       659     0    42     1     3
  9.0246201846615071E-01 a       660     0    42     1     4
 -1.8584646195607024E-01 a       661     0    42     1     5
  3.1814462340359589E-01 a       662     0    42     1     6
 -6.8277352501164457E-01 a       663     0    42     1     7
 -4.9990795838290408E-01 a       664     0    42     1     8
 -5.0370186362338987E-01 a       665     0    42     1     9
 -6.4028244255751221E-01 a       666     0    42     1    10
  4.6452162133337310E-01 a       667     0    42     1    11
  6.5283850980295177E-01 a       668     0    42     1    12
 -4.7934407580000710E-01 a       669     0    42     1    13
  4.4556294550542758E-01 a       670     0    42     1    14
 -1.7750631959045401E-01 a       671     0    42     1    15
  3.6708967623633709E-01 a       672     0    42     1    16
  1.3085880274859454E-01 a       673     0    43     1     1
 -8.4470916981553557E-01 a       674     0    43     1     2
 -3.2363990665651438E-01 a       675     0    43     1     3
 -7.2777221455160968E-01 a       676     0    43     1     4
  6.0612502606978069E-01 a       677     0    43     1     5
  4.1824574202304537E-01 a       678     0    43     1     6
 -6.0893687612029934E-01 a       679     0    43     1     7
  1.2725546578837104E-02 a       680     0    43     1     8
 -3.4452685577238845E-01 a       681     0    43     1     9
 -1.7345769465931732E-01 a       682     0    43     1    10
 -5.2795380605143571E-01 a       683     0    43     1    11
 -4.2853945016205136E-01 a       684     0    43     1    12
  6.6462268088862175E-01 a       685     0    43     1    13
 -3.7514342568465436E-01 a       686     0    43     1    14
 -7.4331098809023211E-01 a       687     0    43     1    15
 -3.3784272136100629E-01 a       688     0    43     1    16
  4.5283542619803807E-01 a       689     0    44     1     1
 -1.0723560100269072E+00 a       690     0    44     1     2
  5.4972361245105761E-01 a       691     0    44     1     3
  2.8107427981679262E-01 a       692     0    44     1     4
 -2.8031307765083541E-01 a       693     0    44     1     5
  8.2824599065963511E-01 a       694     0    44     1     6
  5.7925859710592287E-01 a       695     0    44     1     7
  8.0217352627068461E-01 a       696     0    44     1     8
 -7.4478614486999672E-01 a       697     0    44     1     9
  1.7901581912833997E-01 a       698     0    44     1    10
  6.6284526531362487E-01 a       699     0    44     1    11
  9.2150346976028041E-01 a       700     0    44     1    12
  4.3667096603174105E-01 a       701     0    44     1    13
  3.4483781629535748E-02 a       702     0    44     1    14
  1.0541789883573480E+00 a       703     0    44     1    15
  4.5964315987600535E-02 a       704     0    44     1    16
  5.0604478969444155E-01 a       705     0    45     1     1
  9.7132750199135953E-01 a       706     0    45     1     2
  9.0861872695631074E-01 a       707     0    45     1     3
 -1.1051390049415796E-01 a       708     0    45     1     4
 -8.6525882043974622E-01 a       709     0    45     1     5
 -9.7413749052131327E-01 a       710     0    45     1     6
  4.1486815665389526E-01 a       711     0    45     1     7
  4.0706893366659563E-01 a       712     0    45     1     8
 -4.7931887687276514E-01 a       713     0    45     1     9
 -3.5826407463032400E-01 a       714     0    45     1    10
  1.3448421167818761E-01 a       715     0    45     1    11
  5.2971280225415551E-01 a       716     0    45     1    12
  7.2526876167815513E-01 a       717     0    45     1    13
  7.8350962056072959E-01 a       718     0    45     1    14
 -9.9755608766129746E-03 a       719     0    45     1    15
 -6.3937137226185992E-01 a       720     0    45     1    16
  1.4314669414570919E-01 a       721     0    46     1     1
 -1.1337959505050861E-01 a       722     0    46     1     2
 -4.1810094856088420E-01 a       723     0    46     1     3
  5.0641721102036641E-01 a       724     0    46     1     4
 -3.7168768084909654E-01 a       725     0    46     1     5
 -4.5818219006405358E-01 a       726     0    46     1     6
 -6.4554016672719094E-01 a       727     0    46     1     7
 -7.5625863184741160E-01 a       728     0    46     1     8
  4.7200306004810288E-01 a       729     0    46     1     9
 -8.3487056910430724E-01 a       730     0    46     1    10
 -1.1621659857518186E-01 a       731     0    46     1    11
 -5.7085213741805341E-01 a       732     0    46     1    12
  5.8953834104821135E-01 a       733     0    46     1    13
  1.4398096588259141E-01 a       734     0    46     1    14
  1.8521753416930353E-02 a       735     0    46     1    15
 -2.1139533143503508E-01 a       736     0    46     1    16
 -9.1580018059604629E-01 a       737     0    47     1     1
 -1.7035522447676499E-01 a       738     0    47     1     2
 -4.0793325904660768E-02 a       739     0    47     1     3
  1.2317538406110859E+00 a       740     0    47     1     4
  3.9835132985388677E-01 a       741     0    47     1     5
  4.5242630540541651E-01 a       742     0    47     1     6
  6.2556088241093044E-01 a       743     0    47     1     7
 -5.7116766684033693E-01 a       744     0    47     1     8
  1.1708073230412933E-01 a       745     0    47     1     9
 -6.7547707088459297E-01 a       746     0    47     1    10
 -4.9123540258067849E-01 a       747     0    47     1    11
  1.6833800215980901E-01 a       748     0    47     1    12
  9.1592857084513124E-01 a       749     0    47     1    13
  4.7041803109442837E-01 a       750     0    47     1    14
  7.9180434031589575E-01 a       751     0    47     1    15
  8.2307203123520567E-01 a       752     0    47     1    16
  3.0901675722837924E-01 a       753     0    48     1     1
 -5.6632621131108574E-01 a       754     0    48     1     2
 -1.1003797359952929E+00 a       755     0    48     1     3
  7.1752866554329289E-02 a       756     0    48     1     4
 -4.2307054014008022E-01 a       757     0    48     1     5
  4.9830507963941041E-02 a       758     0    48     1     6
 -7.6372589500643118E-01 a       759     0    48     1     7
 -4.8934830695483567E-01 a       760     0    48     1     8
  3.8182711237587907E-01 a       761     0    48     1     9
 -2.8490413158440331E-01 a       762     0    48     1    10
 -4.6596152597723352E-02 a       763     0    48     1    11
 -6.4744544808399876E-02 a       764     0    48     1    12
 -9.0721811181930645E-01 a       765     0    48     1    13
  1.5771025857620946E-01 a       766     0    48     1    14
 -7.4534667846703678E-02 a       767     0    48     1    15
 -1.5394011551222164E-01 a       768     0    48     1    16
  4.5182461583918421E-01 a       769     0    49     1     1
  1.0074601488170357E-01 a       770     0    49     1     2
  3.5559735732934056E-01 a       771     0    49     1     3
 -1.6345871233577758E-01 a       772     0    49     1     4
  7.3595565646097968E-02 a       773     0    49     1     5
 -3.2608159628277855E-01 a       774     0    49     1     6
  1.7337838304926131E-01 a       775     0    49     1     7
  2.0010027552284529E-01 a       776     0    49     1     8
  6.0433920464334401E-01 a       777     0    49     1     9
 -3.8876142132180980E-01 a       778     0    49     1    10
  8.4101675395999620E-01 a       779     0    49     1    11
  2.1607139659718666E-01 a       780     0    49     1    12
 -2.9495823792474507E-01 a       781     0    49     1    13
 -7.2019443769604385E-01 a       782     0    49     1    14
 -5.2264515088168917E-01 a       783     0    49     1    15
 -2.9423293153248753E-01 a       784     0    49     1    16
  4.2903671350287814E-01 a       785     0    50     1     1
 -8.4212073563667433E-01 a       786     0    50     1     2
  8.7137714403902533E-01 a       787     0    50     1     3
  6.8857206896533074E-01 a       788     0    50     1     4
  1.8206364443463463E-01 a       789     0    50     1     5
 -3.1917505822226860E-01 a       790     0    50     1     6
 -9.9944213966024986E-01 a       791     0    50     1     7
  4.8705527741565380E-01 a       792     0    50     1     8
 -3.3043954529525804E-01 a       793     0    50     1     9
 -2.4958305127214617E-02 a       794     0    50     1    10
  1.4288673632744886E-01 a       795     0    50     1    11
 -1.1000208837405326E-01 a       796     0    50     1    12
  9.3749916859778171E-01 a       797     0    50     1    13
  1.4595678014288088E-01 a       798     0    50     1    14
 -1.0992006425704148E+00 a       799     0    50     1    15
  4.9203699737848695E-02 a       800     0    50     1    16
 -3.8680988202569405E-02 a       801     0    51     1     1
 -4.5775720857316793E-01 a       802     0    51     1     2
 -2.8972864361302630E-01 a       803     0    51     1     3
  2.7023666506895377E-01 a       804     0    51     1     4
 -4.5430543768301668E-01 a       805     0    51     1     5
  4.2849384269748846E-03 a       806     0    51     1     6
 -3.0592065916475575E-01 a       807     0    51     1     7
 -6.4564336510788412E-01 a       808     0    51     1     8
 -2.4339217343226811E-03 a       809     0    51     1     9
 -7.8666685221020971E-01 a       810     0    51     1    10
  4.2670793813720065E-01 a       811     0    51     1    11
  2.7802246703058592E-01 a       812     0    51     1    12
 -5.5232767426154450E-01 a       813     0    51     1    13
  1.1212824965605803E-01 a       814     0    51     1    14
  1.4729444238583786E-01 a       815     0    51     1    15
  7.3359432127058116E-02 a       816     0    51     1    16
  5.8847180345952232E-01 a       817     0    52     1     1
  9.1780165296390692E-01 a       818     0    52     1     2
  5.0632412976437968E-01 a       819     0    52     1     3
 -7.6368011719272622E-01 a       820     0    52     1     4
  6.8495540209541306E-01 a       821     0    52     1     5
  4.5849390740543761E-01 a       822     0    52     1     6
 -8.4924441497627490E-01 a       823     0    52     1     7
 -5.1266144449630513E-01 a       824     0    52     1     8
 -1.1359828439872077E+00 a       825     0    52     1     9
 -7.5905584382765534E-01 a       826     0    52     1    10
  1.9512104482182341E-01 a       827     0    52     1    11
 -1.0444020977823012E+00 a       828     0    52     1    12
  1.0691958298542473E-02 a       829     0    52     1    13
  1.1211648878933653E+00 a       830     0    52     1    14
 -6.0763989997247181E-01 a       831     0    52     1    15
  7.3788765704105597E-01 a       832     0    52     1    16
 -1.1593523504455789E+00 a       833     0    53     1     1
  4.5195883583308880E-02 a       834     0    53     1     2
  4.6750785117310784E-01 a       835     0    53     1     3
  1.9515746387999397E-01 a       836     0    53     1     4
  6.0393457303462417E-01 a       837     0    53     1     5
  4.6473253772672329E-01 a       838     0    53     1     6
  6.1930655406534796E-01 a       839     0    53     1     7
 -6.9458435222555726E-01 a       840     0    53     1     8
 -4.4570913731590295E-01 a       841     0    53     1     9
 -3.6493651982904785E-01 a       842     0    53     1    10
 -2.2081296158686761E-01 a       843     0    53     1    11
 -6.3968405793414573E-01 a       844     0    53     1    12
 -6.5443283403807817E-01 a       845     0    53     1    13
  7.6972670720801495E-01 a       846     0    53     1    14
 -7.9152731803832932E-01 a       847     0    53     1    15
 -2.1191172703015854E-01 a       848     0    53     1    16
  3.6032490962410796E-01 a       849     0    54     1     1
  3.9260635012255307E-01 a       850     0    54     1     2
  6.4400748123314311E-02 a       851     0    54     1     3
 -9.5612356567465540E-01 a       852     0    54     1     4
 -2.4848004174211541E-01 a       853     0    54     1     5
 -4.8957616403943166E-01 a       854     0    54     1     6
  5.3637588254113067E-01 a       855     0    54     1     7
 -1.1435712186652309E+00 a       856     0    54     1     8
  1.0034068157209588E+00 a       857     0    54     1     9
  5.5095234206642918E-02 a       858     0    54     1    10
  6.6508244201268302E-02 a       859     0    54     1    11
 -1.9664275606981058E-01 a       860     0    54     1    12
 -3.9100360214074192E-01 a       861     0    54     1    13
 -6.8127808753960450E-01 a       862     0    54     1    14
 -2.7175820804923684E-01 a       863     0    54     1    15
  6.2941044307874089E-02 a       864     0    54     1    16
 -8.5255098750443226E-01 a       865     0    55     1     1
 -9.1971119494761910E-01 a       866     0    55     1     2
  1.9971182743335911E-01 a       867     0    55     1     3
 -8.7346359581144284E-01 a       868     0    55     1     4
  7.8719886572399389E-01 a       869     0    55     1     5
  4.1367288977091526E-01 a       870     0    55     1     6
  9.9902539737479312E-01 a       871     0    55     1     7
  2.0583483718193482E-01 a       872     0    55     1     8
 -2.9553909333951200E-01 a       873     0    55     1     9
 -9.9852717300828009E-01 a       874     0    55     1    10
 -6.4945078926434330E-01 a       875     0    55     1    11
 -5.9058212569748381E-01 a       876     0    55     1    12
 -5.2170057498536693E-01 a       877     0    55     1    13
 -8.7560598015753011E-01 a       878     0    55     1    14
 -8.5690867279027594E-01 a       879     0    55     1    15
  9.0725901357936636E-02 a       880     0    55     1    16
  2.3802089650386571E-01 a       881     0    56     1     1
 -2.3735426204990867E-01 a       882     0    56     1     2
 -3.2313300516876164E-01 a       883     0    56     1     3
  5.7814903565167786E-01 a       884     0    56     1     4
  3.5719499082476353E-01 a       885     0    56     1     5
 -3.8230448249026078E-02 a       886     0    56     1     6
 -1.2503739328957231E+00 a       887     0    56     1     7
  9.9972975143059040E-01 a       888     0    56     1     8
  8.6520145029488094E-01 a       889     0    56     1     9
  4.6564231147235867E-02 a       890     0    56     1    10
 -1.1594503576668684E+00 a       891     0    56     1    11
 -7.8857697427858242E-01 a       892     0    56     1    12
 -2.8598779147255121E-01 a       893     0    56     1    13
 -1.0354146340676786E+00 a       894     0    56     1    14
 -1.4664339858671080E+00 a       895     0    56     1    15
 -4.7443274987084960E-01 a       896     0    56     1    16
  7.3676746166139298E-02 a       897     0    57     1     1
  3.4314222648973264E-01 a       898     0    57     1     2
 -2.8497183954043726E-01 a       899     0    57     1     3
  8.2223105965815457E-01 a       900     0    57     1     4
  2.2916325507698407E-01 a       901     0    57     1     5
  6.7942525902537543E-01 a       902     0    57     1     6
  5.0912679897433633E-01 a       903     0    57     1     7
  1.4233232482861649E-01 a       904     0    57     1     8
  7.4282977272643136E-01 a       905     0    57     1     9
  2.6251538361951621E-01 a       906     0    57     1    10
 -5.8259880012169263E-01 a       907     0    57     1    11
 -3.4938815724687966E-01 a       908     0    57     1    12
  7.0253108666913366E-02 a       909     0    57     1    13
 -9.6512855611727691E-02 a       910     0    57     1    14
 -7.5058394811063855E-01 a       911     0    57     1    15
 -6.6631616432779123E-02 a       912     0    57     1    16
 -1.9978475952484386E-02 a       913     0    58     1     1
 -3.0713654902468107E-01 a       914     0    58     1     2
  8.2676609282231683E-01 a       915     0    58     1     3
 -5.3127383248593230E-01 a       916     0    58     1     4
  2.2196133934777965E-01 a       917     0    58     1     5
  3.6957134199775321E-01 a       918     0    58     1     6
 -6.0152030924225386E-01 a       919     0    58     1     7
  2.2855980960804501E-01 a       920     0    58     1     8
  5.1436518427961198E-01 a       921     0    58     1     9
  1.3745197154853617E-01 a       922     0    58     1    10
 -5.0087160129076498E-02 a       923     0    58     1    11
  1.4734305554965833E-02 a       924     0    58     1    12
 -1.6955716715600488E-01 a       925     0    58     1    13
  4.3681065260519780E-01 a       926     0    58     1    14
  8.6962063192117312E-01 a       927     0    58     1    15
 -3.1342882735903320E-02 a       928     0    58     1    16
 -2.9644670882038232E-01 a       929     0    59     1     1
 -8.7893031233496066E-03 a       930     0    59     1     2
  8.1669356123027592E-01 a       931     0    59     1     3
 -6.2798919961737554E-01 a       932     0    59     1     4
  3.5280694117769434E-02 a       933     0    59     1     5
 -7.1313814416445975E-01 a       934     0    59     1     6
 -4.4036104599144171E-01 a       935     0    59     1     7
 -1.8537718902094250E-01 a       936     0    59     1     8
  1.8846832943145553E-01 a       937     0    59     1     9
 -5.7873832063563557E-01 a       938     0    59     1    10
  1.6301640257074876E-01 a       939     0    59     1    11
  6.5702753387186619E-01 a       940     0    59     1    12
  5.6594928109357112E-01 a       941     0    59     1    13
  3.0858122927735848E-01 a       942     0    59     1    14
  1.2938529343896121E-01 a       943     0    59     1    15
  2.4214047889947088E-01 a       944     0    59     1    16
  4.0001736887881043E-02 a       945     0    60     1     1
 -1.0968959661732705E+00 a       946     0    60     1     2
  2.4881506305457946E-01 a       947     0    60     1     3
  5.5106533693890702E-01 a       948     0    60     1     4
  1.0450502360839973E+00 a       949     0    60     1     5
  2.5956256491163399E-01 a       950     0    60     1     6
 -7.4419483574977363E-01 a       951     0    60     1     7
  1.0509954899684985E-01 a       952     0    60     1     8
  8.6816956818175672E-01 a       953     0    60     1     9
  3.5442823999320872E-01 a       954     0    60     1    10
  2.9538552278027025E-01 a       955     0    60     1    11
  2.7271180509172988E-01 a       956     0    60     1    12
  5.3431006970368222E-01 a       957     0    60     1    13
 -9.5646791757358496E-01 a       958     0    60     1    14
 -8.2346519911840543E-01 a       959     0    60     1    15
  6.1639616792493923E-01 a       960     0    60     1    16
  7.7870281566395760E-01 a       961     0    61     1     1
 -6.4963977175492260E-01 a       962     0    61     1     2
  7.2064272791149520E-01 a       963     0    61     1     3
 -2.1922747815810822E-01 a       964     0    61     1     4
 -9.4479821164011346E-01 a       965     0    61     1     5
 -5.3436925105713473E-01 a       966     0    61     1     6
 -5.7804875298996905E-01 a       967     0    61     1     7
  7.0331471490287312E-01 a       968     0    61     1     8
  1.0832665918732125E+00 a       969     0    61     1     9
  4.1390251799573713E-01 a       970     0    61     1    10
 -5.6473269797719862E-02 a       971     0    61     1    11
  7.9381298166728265E-01 a       972     0    61     1    12
 -4.6826558429836213E-03 a       973     0    61     1    13
 -8.2011179358082698E-01 a       974     0    61     1    14
 -1.0173008947355321E-01 a       975     0    61     1    15
  2.4626169178416518E-01 a       976     0    61     1    16
  7.9033781559082972E-01 a       977     0    62     1     1
 -4.7325215729314218E-01 a       978     0    62     1     2
 -7.6235747845426055E-02 a       979     0    62     1     3
  3.3295241375557788E-01 a       980     0    62     1     4
  2.8761336036706953E-01 a       981     0    62     1     5
  1.6099236586637023E-02 a       982     0    62     1     6
  2.0507866999177884E-01 a       983     0    62     1     7
  6.5593538669122897E-01 a       984     0    62     1     8
 -1.4321614940812402E-01 a       985     0    62     1     9
  7.8882731075867651E-01 a       986     0    62     1    10
 -4.8867478095976818E-01 a       987     0    62     1    11
 -7.5014525231121898E-01 a       988     0    62     1    12
  9.1416051718007474E-01 a       989     0    62     1    13
 -7.6185566077287228E-02 a       990     0    62     1    14
 -5.1067267341842593E-01 a       991     0    62     1    15
 -7.7879431600557880E-02 a       992     0    62     1    16
 -7.1382289878080052E-01 a       993     0    63     1     1
 -3.3831748220792379E-01 a       994     0    63     1     2
 -1.9798053815385602E-01 a       995     0    63     1     3
 -6.1415333796057692E-01 a       996     0    63     1     4
 -9.0071500423412842E-01 a       997     0    63     1     5
 -7.5999856226925422E-01 a       998     0    63     1     6
  8.6061998925985006E-01 a       999     0    63     1     7
  5.3809736933030194E-01 a      1000     0    63     1     8
  7.3100845010312721E-01 a      1001     0    63     1     9
 -1.3111382869720686E-02 a      1002     0    63     1    10
  1.4824592670869088E-01 a      1003     0    63     1    11
 -4.3446863070612329E-01 a      1004     0    63     1    12
 -2.9822046822613746E-01 a      1005     0    63     1    13
  1.6987333629270387E-01 a      1006     0    63     1    14
  1.3165359986899206E+00 a      1007     0    63     1    15
 -3.1877732889362137E-01 a      1008     0    63     1    16
  1.2834914945872408E-01 a      1009     0    64     1     1
 -3.7921538836038465E-01 a      1010     0    64     1     2
  4.1311451730874682E-01 a      1011     0    64     1     3
 -2.9108020426988939E-02 a      1012     0    64     1     4
  4.5227205159964484E-01 a      1013     0    64     1     5
 -9.2034171143777366E-01 a      1014     0    64     1     6
  8.8910045920750080E-01 a      1015     0    64     1     7
  7.3237194124885219E-01 a      1016     0    64     1     8
  3.7092703723985904E-01 a      1017     0    64     1     9
 -4.9432352924194634E-01 a      1018     0    64     1    10
  3.7233343983158007E-01 a      1019     0    64     1    11
 -1.8873294170423463E-01 a      1020     0    64     1    12
 -5.2086966079200803E-01 a      1021     0    64     1    13
  1.0096373121552804E-01 a      1022     0    64     1    14
 -6.2724914610974722E-02 a      1023     0    64     1    15
  6.7074067274586446E-01 a      1024     0    64     1    16
  1.5959552352173784E-01 b      1025     1     1
 -1.6455832244919335E-02 b      1026     1     2
  2.3851898515779421E-01 b      1027     1     3
  2.9892993524552453E-01 b      1028     1     4
  8.1243908708370102E-02 b      1029     1     5
  7.1336720378322038E-01 b      1030     1     6
  4.4984395105019886E-01 b      1031     1     7
  3.3742851505519506E-01 b      1032     1     8
  4.7244925559342488E-01 b      1033     1     9
  2.8875943222353456E-01 b      1034     1    10
  4.6500817269037015E-01 b      1035     1    11
  1.4897892493202936E-01 b      1036     1    12
  1.1224535921737451E-01 b      1037     1    13
  1.8126258504637344E-01 b      1038     1    14
  1.6782027401358068E-01 b      1039     1    15
  3.7799528913691594E-01 b      1040     1    16
  6.9256816475981600E-02 a      1041     1     1     2     1
 -6.8396849259543002E-01 a      1042     1     1     2     2
  2.8462771691447578E-02 a      1043     1     1     2     3
  6.1444188884616169E-01 a      1044     1     1     2     4
  3.4716731145160051E-01 a      1045     1     1     2     5
  7.6561730051318055E-01 a      1046     1     1     2     6
 -6.1102470699656630E-02 a      1047     1     1     2     7
 -1.1812001237416392E-01 a      1048     1     1     2     8
  9.0423151234015076E-01 a      1049     1     1     2     9
  9.2748465709685046E-01 a      1050     1     1     2    10
 -2.8843194394279242E-01 a      1051     1     1     2    11
  2.7422117238510335E-01 a      1052     1     1     2    12
  3.2300631410178499E-01 a      1053     1     1     2    13
 -1.2734543026758918E+00 a      1054     1     1     2    14
 -7.8047865838695052E-01 a      1055     1     1     2    15
  9.2105677875677583E-02 a      1056     1     1     2    16
 -6.1934514053563761E-01 a      1057     1     2     2     1
 -1.0933311635940277E+00 a      1058     1     2     2     2
 -1.0877482270515747E-01 a      1059     1     2     2     3
  1.5885333438559526E-01 a      1060     1     2     2     4
  4.5436434298833972E-01 a      1061     1     2     2     5
  2.4404707480454463E-01 a      1062     1     2     2     6
  7.5161178181083574E-02 a      1063     1     2     2     7
 -1.4981091044398528E-01 a      1064     1     2     2     8
 -6.9802005165139813E-01 a      1065     1     2     2     9
  3.5193480798147320E-01 a      1066     1     2     2    10
 -8.1257879934188060E-01 a      1067     1     2     2    11
  1.1518717357107731E+00 a      1068     1     2     2    12
 -1.1392193354097415E+00 a      1069     1     2     2    13
  1.2244666236987634E-01 a      1070     1     2     2    14
  4.9694619195992989E-01 a      1071     1     2     2    15
 -2.5751129892877311E-01 a      1072     1     2     2    16
 -4.1169533032344430E-01 a      1073     1     3     2     1
  1.7966370222293457E-01 a      1074     1     3     2     2
  7.8506904013838819E-01 a      1075     1     3     2     3
 -3.6591792325420880E-01 a      1076     1     3     2     4
  3.8272335197749599E-02 a      1077     1     3     2     5
 -5.9526066407369926E-01 a      1078     1     3     2     6
 -1.5880586454237405E-01 a      1079     1     3     2     7
  1.7748822294726746E-01 a      1080     1     3     2     8
  3.6893397724258742E-01 a      1081     1     3     2     9
  8.5448864499499910E-01 a      1082     1     3     2    10
  9.8034791315610781E-01 a      1083     1     3     2    11
 -2.7179876994064817E-01 a      1084     1     3     2    12
  7.0407888019004761E-01 a      1085     1     3     2    13
  9.0477334599126669E-01 a      1086     1     3     2    14
  1.9933325449658001E-01 a      1087     1     3     2    15
  3.5190750260378892E-02 a      1088     1     3     2    16
  6.1327385135707779E-01 a      1089     1     4     2     1
  1.3632292841532886E-01 a      1090     1     4     2     2
 -5.6169842805011701E-02 a      1091     1     4     2     3
  6.6057152894039395E-01 a      1092     1     4     2     4
  2.5863585401595818E-01 a      1093     1     4     2     5
  3.9397765532694445E-01 a      1094     1     4     2     6
  1.5111611209843270E-01 a      1095     1     4     2     7
 -1.2204377831666662E-01 a      1096     1     4     2     8
  2.5901521525373961E-01 a      1097     1     4     2     9
 -8.2521283149021252E-01 a      1098     1     4     2    10
 -7.9856467660162733E-01 a      1099     1     4     2    11
  5.4376535664174969E-02 a      1100     1     4     2    12
  7.2434067784785916E-01 a      1101     1     4     2    13
 -9.9704891911436819E-02 a      1102     1     4     2    14
 -4.3881157393434933E-01 a      1103     1     4     2    15
  1.4813074509054222E-01 a      1104     1     4     2    16
  1.2363459201991835E+00 a      1105     1     5     2     1
  8.3419646221165578E-01 a      1106     1     5     2     2
  5.8256041388903645E-01 a      1107     1     5     2     3
  7.3147624507724995E-01 a      1108     1     5     2     4
 -3.3871884956115228E-01 a      1109     1     5     2     5
  4.3543763465296231E-01 a      1110     1     5     2     6
 -2.7432052032654408E-01 a      1111     1     5     2     7
  8.9356339092785220E-01 a      1112     1     5     2     8
 -2.1427532154029344E-01 a      1113     1     5     2     9
  1.3632563768203707E+00 a      1114     1     5     2    10
 -5.3111749016969967E-01 a      1115     1     5     2    11
 -5.1210484649873844E-01 a      1116     1     5     2    12
  4.1822601902312723E-01 a      1117     1     5     2    13
 -1.9873579659459087E-03 a      1118     1     5     2    14
 -5.0411902173095524E-01 a      1119     1     5     2    15
  1.3165320617183963E-02 a      1120     1     5     2    16
 -2.2921232282329153E-03 a      1121     1     6     2     1
  7.2948546369031156E-02 a      1122     1     6     2     2
 -5.2673226447467558E-01 a      1123     1     6     2     3
  3.4444846480658037E-01 a      1124     1     6     2     4
  3.8976079236633826E-01 a      1125     1     6     2     5
 -2.3973798843262820E-01 a      1126     1     6     2     6
  8.2029720156724162E-01 a      1127     1     6     2     7
 -6.2267253040739223E-01 a      1128     1     6     2     8
  8.5246327606153127E-01 a      1129     1     6     2     9
  5.5192878898123421E-01 a      1130     1     6     2    10
 -1.2912402687821783E-01 a      1131     1     6     2    11
  1.1687023043522837E-01 a      1132     1     6     2    12
 -4.4753780331715853E-01 a      1133     1     6     2    13
  8.7684146060868962E-01 a      1134     1     6     2    14
 -4.5210488956094896E-01 a      1135     1     6     2    15
  6.4395413129840123E-02 a      1136     1     6     2    16
  3.1775392470966451E-01 a      1137     1     7     2     1
  2.7339078267753961E-02 a      1138     1     7     2     2
  2.7174150729861124E-01 a      1139     1     7     2     3
  1.2041060261076604E-01 a      1140     1     7     2     4
  2.5612590170363009E-01 a      1141     1     7     2     5
 -8.2791199427192652E-02 a      1142     1     7     2     6
 -1.4881788207481017E-01 a      1143     1     7     2     7
 -1.0368328960608848E-01 a      1144     1     7     2     8
 -9.7719469107624357E-01 a      1145     1     7     2     9
 -8.0699013782920459E-01 a      1146     1     7     2    10
  4.3731348851765728E-01 a      1147     1     7     2    11
 -1.1036196791323998E+00 a      1148     1     7     2    12
 -3.1072932297666422E-01 a      1149     1     7     2    13
  7.1437716536670956E-02 a      1150     1     7     2    14
  4.6826283170239552E-01 a      1151     1     7     2    15
  4.9254067464660861E-01 a      1152     1     7     2    16
  3.8346276562396225E-01 a      1153     1     8     2     1
 -5.6378499335932197E-01 a      1154     1     8     2     2
  3.0527554947212501E-02 a      1155     1     8     2     3
 -6.4519557517772907E-01 a      1156     1     8     2     4
  3.0317821715920468E-01 a      1157     1     8     2     5
  5.0986362331221158E-01 a      1158     1     8     2     6
  4.0208762774086704E-01 a      1159     1     8     2     7
  1.0184399584092292E-01 a      1160     1     8     2     8
 -8.7380734855275977E-01 a      1161     1     8     2     9
 -4.9770758619889860E-01 a      1162     1     8     2    10
 -9.0086921119798313E-01 a      1163     1     8     2    11
  3.6340064709423420E-01 a      1164     1     8     2    12
 -4.0958603483840994E-01 a      1165     1     8     2    13
  1.4716509395550421E-02 a      1166     1     8     2    14
 -4.7989725068696720E-01 a      1167     1     8     2    15
 -4.0668452494078050E-01 a      1168     1     8     2    16
  3.8309357651790404E-01 a      1169     1     9     2     1
 -6.5784897112718921E-01 a      1170     1     9     2     2
 -5.3680722770069167E-01 a      1171     1     9     2     3
 -5.8488793566882480E-01 a      1172     1     9     2     4
 -8.0562430694022386E-02 a      1173     1     9     2     5
  8.6787583386656220E-01 a      1174     1     9     2     6
  1.5264286099747479E-01 a      1175     1     9     2     7
  4.7067398623036183E-01 a      1176     1     9     2     8
 -7.9423397395360440E-01 a      1177     1     9     2     9
  8.1191426487183971E-01 a      1178     1     9     2    10
  2.7950082126073039E-01 a      1179     1     9     2    11
 -1.7186869111406153E-01 a      1180     1     9     2    12
  5.9842222536694267E-01 a      1181     1     9     2    13
 -4.1242700843719532E-01 a      1182     1     9     2    14
 -3.7762099360404602E-02 a      1183     1     9     2    15
  2.9890319121551677E-02 a      1184     1     9     2    16
 -5.9860515030485217E-01 a      1185     1    10     2     1
  1.1306501704419829E+00 a      1186     1    10     2     2
  4.4755203670814714E-01 a      1187     1    10     2     3
  3.6032867666299023E-01 a      1188     1    10     2     4
  3.3777117160069509E-01 a      1189     1    10     2     5
 -5.2543041354910958E-01 a      1190     1    10     2     6
  2.2550561613981437E-01 a      1191     1    10     2     7
  6.0397042795299583E-01 a      1192     1    10     2     8
  2.1238600389335185E-01 a      1193     1    10     2     9
  2.2992875668371812E-01 a      1194     1    10     2    10
 -6.6191475948245027E-01 a      1195     1    10     2    11
 -2.8064913263199970E-01 a      1196     1    10     2    12
 -1.1696185062606756E+00 a      1197     1    10     2    13
 -7.9945831491110542E-01 a      1198     1    10     2    14
 -4.6147804416833665E-01 a      1199     1    10     2    15
 -5.2839613302727761E-01 a      1200     1    10     2    16
  1.0397331727358570E+00 a      1201     1    11     2     1
  9.7786173909430396E-02 a      1202     1    11     2     2
 -1.5501305214154931E-01 a      1203     1    11     2     3
 -3.9362595494631408E-01 a      1204     1    11     2     4
 -4.2688162376687744E-01 a      1205     1    11     2     5
 -4.6625739055827992E-01 a      1206     1    11     2     6
 -1.2383183000867125E-01 a      1207     1    11     2     7
 -3.2954573137001542E-01 a      1208     1    11     2     8
 -3.7869360215929332E-01 a      1209     1    11     2     9
 -7.8733014438325044E-01 a      1210     1    11     2    10
 -4.7189852955136774E-01 a      1211     1    11     2    11
 -9.3546097974581699E-01 a      1212     1    11     2    12
 -8.8421057375393164E-01 a      1213     1    11     2    13
  7.9853602923917433E-01 a      1214     1    11     2    14
  4.1676600929911617E-01 a      1215     1    11     2    15
  4.3292030147533367E-01 a      1216     1    11     2    16
 -1.1387334875931525E+00 a      1217     1    12     2     1
  7.7383212754777342E-01 a      1218     1    12     2     2
  4.3605164570577248E-01 a      1219     1    12     2     3
  5.8343793617338180E-01 a      1220     1    12     2     4
  6.3883453441947480E-01 a      1221     1    12     2     5
  4.8542949998715801E-01 a      1222     1    12     2     6
 -3.4948054644909904E-01 a      1223     1    12     2     7
  9.6212693465857169E-01 a      1224     1    12     2     8
  5.5429280211539267E-01 a      1225     1    12     2     9
  7.7559814141980099E-01 a      1226     1    12     2    10
  1.0005605537594180E+00 a      1227     1    12     2    11
 -6.1891036716869063E-01 a      1228     1    12     2    12
 -5.0800795033714141E-01 a      1229     1    12     2    13
  7.3173879197518232E-01 a      1230     1    12     2    14
  7.2680550808327371E-01 a      1231     1    12     2    15
 -4.1722115596928433E-01 a      1232     1    12     2    16
  1.2510644075790095E-01 a      1233     1    13     2     1
 -6.6169171685484540E-01 a      1234     1    13     2     2
 -8.1092281760821461E-01 a      1235     1    13     2     3
 -1.5677077246643403E-01 a      1236     1    13     2     4
 -6.1519951990274199E-03 a      1237     1    13     2     5
  6.9309479566727561E-02 a      1238     1    13     2     6
  2.8602943458487129E-01 a      1239     1    13     2     7
 -1.4631602309815042E+00 a      1240     1    13     2     8
  6.4569293554868468E-01 a      1241     1    13     2     9
 -1.3402203972537443E+00 a      1242     1    13     2    10
  1.4874445710791648E-01 a      1243     1    13     2    11
 -5.9598016111532226E-01 a      1244     1    13     2    12
 -6.5823438463005057E-01 a      1245     1    13     2    13
  9.6122602162256898E-01 a      1246     1    13     2    14
  1.0684688401258187E+00 a      1247     1    13     2    15
 -2.0404030564785436E-01 a      1248     1    13     2    16
 -2.3571953463735476E-01 a      1249     1    14     2     1
  6.0649168732030001E-01 a      1250     1    14     2     2
 -4.6234965804520084E-01 a      1251     1    14     2     3
  6.8180685244439554E-01 a      1252     1    14     2     4
 -3.1964031741873089E-01 a      1253     1    14     2     5
  2.8584043084920618E-01 a      1254     1    14     2     6
 -6.1026923319123838E-01 a      1255     1    14     2     7
 -1.0235660884764084E+00 a      1256     1    14     2     8
 -4.3879648425802087E-01 a      1257     1    14     2     9
  7.3209544473373411E-01 a      1258     1    14     2    10
  1.0380409014016401E-01 a      1259     1    14     2    11
  6.6272243754668736E-01 a      1260     1    14     2    12
 -2.5257722085513423E-01 a      1261     1    14     2    13
 -2.1391179705351421E-01 a      1262     1    14     2    14
 -1.0657736290127826E+00 a      1263     1    14     2    15
 -1.5188808226943207E-01 a      1264     1    14     2    16
  7.8840429494758058E-01 a      1265     1    15     2     1
 -1.1131656007025581E+00 a      1266     1    15     2     2
  7.0799596683331079E-01 a      1267     1    15     2     3
  1.5864939852686230E-01 a      1268     1    15     2     4
  3.7129852513095174E-01 a      1269     1    15     2     5
 -1.5672726944368878E-01 a      1270     1    15     2     6
  1.7302796691746272E-01 a      1271     1    15     2     7
 -4.1295331381818501E-01 a      1272     1    15     2     8
  9.4441980265935510E-01 a      1273     1    15     2     9
  1.0346218560915466E-01 a      1274     1    15     2    10
  2.1585417474494287E-01 a      1275     1    15     2    11
 -8.3686185678115110E-01 a      1276     1    15     2    12
 -6.6048100313997560E-01 a      1277     1    15     2    13
  7.5905345389426149E-01 a      1278     1    15     2    14
 -3.9272969791714374E-01 a      1279     1    15     2    15
  1.8977479510882761E-01 a      1280     1    15     2    16
 -9.8898700478808513E-02 a      1281     1    16     2     1
 -1.8005447434991581E-01 a      1282     1    16     2     2
  8.6804093809586591E-01 a      1283     1    16     2     3
  1.1573532229247625E+00 a      1284     1    16     2     4
  1.3384771352301743E+00 a      1285     1    16     2     5
 -9.1394544066190506E-02 a      1286     1    16     2     6
  1.6596660602719965E-01 a      1287     1    16     2     7
  9.3065328988147800E-01 a      1288     1    16     2     8
  3.4761256379925853E-01 a      1289     1    16     2     9
 -4.9619334096345774E-01 a      1290     1    16     2    10
 -2.6155518642289800E-02 a      1291     1    16     2    11
 -3.3151362734837220E-01 a      1292     1    16     2    12
 -3.3187936298995502E-01 a      1293     1    16     2    13
 -1.2109368053178542E+00 a      1294     1    16     2    14
  1.0992099536025635E+00 a      1295     1    16     2    15
  7.1566002185874777E-02 a      1296     1    16     2    16
 -6.5219673868473216E-03 b      1297     2     1
 -1.4372654320998729E-01 b      1298     2     2
  2.9845630467524131E-01 b      1299     2     3
 -3.7272530032991774E-01 b      1300     2     4
  4.6376596889323235E-01 b      1301     2     5
  1.4371535552949838E-01 b      1302     2     6
  3.5383114547423888E-01 b      1303     2     7
  2.2208806818539908E-01 b      1304     2     8
  1.4314499946875175E-01 b      1305     2     9
  2.2305021138988668E-01 b      1306     2    10
  2.3729932575568063E-01 b      1307     2    11
 -2.8719125332551974E-02 b      1308     2    12
  1.2694161850421506E-01 b      1309     2    13
  2.7213611536949477E-02 b      1310     2    14
  8.4761190235802100E-02 b      1311     2    15
 -4.2524267657978021E-01 b      1312     2    16
  3.0239768476974943E-01 a      1313     2     1     3     1
  3.2162147227889591E-02 a      1314     2     2     3     1
 -5.0888531217404220E-01 a      1315     2     3     3     1
 -2.4189678078378191E-01 a      1316     2     4     3     1
  6.5030322064911217E-01 a      1317     2     5     3     1
 -3.8137403074256498E-01 a      1318     2     6     3     1
 -6.6911134702953701E-01 a      1319     2     7     3     1
 -5.2792361246362968E-02 a      1320     2     8     3     1
  1.1625271244035467E-02 a      1321     2     9     3     1
  5.0113299780691442E-02 a      1322     2    10     3     1
 -2.9900572975375944E-01 a      1323     2    11     3     1
  1.2943050839547079E-01 a      1324     2    12     3     1
 -3.0713508043772826E-02 a      1325     2    13     3     1
  2.4939608599859935E-02 a      1326     2    14     3     1
 -3.1377632270883977E-02 a      1327     2    15     3     1
 -3.7997734703166752E-01 a      1328     2    16     3     1
  8.8509292923707100E-02 b      1329     3     1
