################################################################################
# Neural network connection values (weights and biases).
################################################################################
# Col  Name       Description
################################################################################
# 1    connection Neural network connection value.
# 2    t          Connection type (a = weight, b = bias).
# 3    index      Index enumerating weights.
# 4    l_s        Starting point layer (end point layer for biases).
# 5    n_s        Starting point neuron in starting layer (end point neuron for biases).
# 6    l_e        End point layer.
# 7    n_e        End point neuron in end layer.
################################################################################
#                      1 2         3     4     5     6     7
#             connection t     index   l_s   n_s   l_e   n_e
############################################################
  1.4565898928298460E-01 a         1     0     1     1     1
 -1.9925790951321127E+00 a         2     0     1     1     2
 -2.0635893679132775E+00 a         3     0     1     1     3
 -1.1102448010718172E+01 a         4     0     1     1     4
  5.8327626338294394E+00 a         5     0     1     1     5
  6.7990319387376790E+00 a         6     0     1     1     6
 -5.2295456122274704E+00 a         7     0     1     1     7
  3.4453783055174245E+00 a         8     0     1     1     8
 -1.0564088162192956E+01 a         9     0     1     1     9
  4.4358634407669900E-01 a        10     0     1     1    10
  4.4366130563025088E+00 a        11     0     1     1    11
  8.5236168782157105E+00 a        12     0     1     1    12
  7.3341080841066493E+00 a        13     0     1     1    13
  2.2073556326674471E+00 a        14     0     1     1    14
  3.3841766242318911E+00 a        15     0     1     1    15
  4.7242334892573350E+00 a        16     0     1     1    16
 -1.8387041990830713E+00 a        17     0     2     1     1
 -5.7861029289333032E+00 a        18     0     2     1     2
 -6.7255822197244504E+00 a        19     0     2     1     3
 -2.3717959727824769E+00 a        20     0     2     1     4
 -2.4532441357289971E+00 a        21     0     2     1     5
 -1.9348216347322644E+00 a        22     0     2     1     6
 -5.3017053321964192E-01 a        23     0     2     1     7
  1.3336538810427745E+00 a        24     0     2     1     8
 -4.7331272451688875E+00 a        25     0     2     1     9
 -6.8766795129981082E+00 a        26     0     2     1    10
  2.5862417973862835E+00 a        27     0     2     1    11
  3.8340506006248178E+00 a        28     0     2     1    12
 -5.0133163430650463E+00 a        29     0     2     1    13
 -4.3369236727496858E+00 a        30     0     2     1    14
 -5.8913871829331821E-01 a        31     0     2     1    15
 -4.3145269294121835E+00 a        32     0     2     1    16
 -7.6785411298127091E+00 a        33     0     3     1     1
 -2.1570364443952357E+01 a        34     0     3     1     2
 -9.5617004312792755E+00 a        35     0     3     1     3
 -4.3556040977956796E+00 a        36     0     3     1     4
 -6.1276252679349303E+00 a        37     0     3     1     5
 -5.3736091144964657E+00 a        38     0     3     1     6
 -4.2487837055194504E+00 a        39     0     3     1     7
  3.5427894761055583E+01 a        40     0     3     1     8
 -2.2973009263020487E+01 a        41     0     3     1     9
 -5.3446302734270830E+01 a        42     0     3     1    10
 -1.5218790345177748E+01 a        43     0     3     1    11
  1.0516740882358143E+01 a        44     0     3     1    12
 -2.6376647723083735E+01 a        45     0     3     1    13
 -2.0913040092299052E+01 a        46     0     3     1    14
 -7.0394296210418661E+00 a        47     0     3     1    15
 -1.6771332965088458E+01 a        48     0     3     1    16
  2.5504884552811852E+01 a        49     0     4     1     1
  3.7140655294288500E+01 a        50     0     4     1     2
  1.4721834890864239E+01 a        51     0     4     1     3
  1.6634406405000703E+01 a        52     0     4     1     4
  1.6461374753033979E+01 a        53     0     4     1     5
  1.2850180488422971E+01 a        54     0     4     1     6
  6.6274607868089737E+00 a        55     0     4     1     7
 -4.5393211688822561E+01 a        56     0     4     1     8
  3.6926378117245726E+01 a        57     0     4     1     9
  7.8549483745977895E+01 a        58     0     4     1    10
  3.2354530115746279E+01 a        59     0     4     1    11
 -5.6673384403447746E-01 a        60     0     4     1    12
  3.2090422560107754E+01 a        61     0     4     1    13
  2.0303161006242764E+01 a        62     0     4     1    14
 -2.9584236689124479E+00 a        63     0     4     1    15
  3.0475099659726268E+01 a        64     0     4     1    16
  3.8603449232317697E+00 a        65     0     5     1     1
  2.2840490840243137E+00 a        66     0     5     1     2
  6.3841808782238094E-02 a        67     0     5     1     3
  3.9301975391585833E+00 a        68     0     5     1     4
 -3.3567737184368585E+00 a        69     0     5     1     5
 -3.1033315690630197E+00 a        70     0     5     1     6
  2.9306985677284447E+00 a        71     0     5     1     7
  5.0668248697047802E-01 a        72     0     5     1     8
  7.9747826537944710E-01 a        73     0     5     1     9
  9.4728089954140793E-01 a        74     0     5     1    10
  1.4662467254377147E+00 a        75     0     5     1    11
  6.7282097774843341E-01 a        76     0     5     1    12
 -3.9675008168026618E+00 a        77     0     5     1    13
  5.4725305733323815E-01 a        78     0     5     1    14
 -2.1724497130718747E+00 a        79     0     5     1    15
 -2.5817332326446398E+00 a        80     0     5     1    16
  6.5265894650386169E+00 a        81     0     6     1     1
  3.1253139397005194E+00 a        82     0     6     1     2
  1.0412483604018499E+00 a        83     0     6     1     3
  1.1492545457267922E+00 a        84     0     6     1     4
  1.6249850870166862E+00 a        85     0     6     1     5
  2.0677555006436128E+00 a        86     0     6     1     6
 -3.7219471037045274E-02 a        87     0     6     1     7
  3.3941360642586293E-01 a        88     0     6     1     8
 -2.2289453599796754E+00 a        89     0     6     1     9
  2.4479149992404765E+00 a        90     0     6     1    10
  2.9919328818478803E+00 a        91     0     6     1    11
  2.9444308637285377E+00 a        92     0     6     1    12
  1.4118267134908191E+00 a        93     0     6     1    13
  2.1290671763476783E+00 a        94     0     6     1    14
 -3.7529171561821850E-01 a        95     0     6     1    15
  7.7884694042455604E-01 a        96     0     6     1    16
 -2.1956018195940374E+01 a        97     0     7     1     1
 -3.0775076975752153E+01 a        98     0     7     1     2
 -2.0104596075461213E+01 a        99     0     7     1     3
 -1.8320337710754107E+01 a       100     0     7     1     4
 -1.5430991538914004E+01 a       101     0     7     1     5
 -1.2575335202074442E+01 a       102     0     7     1     6
  5.2912077184046191E-01 a       103     0     7     1     7
  2.4372491905634703E+01 a       104     0     7     1     8
 -3.5927541221325804E+01 a       105     0     7     1     9
 -4.5941186148710614E+01 a       106     0     7     1    10
 -2.5259780005847595E+01 a       107     0     7     1    11
 -1.0539387855394178E+01 a       108     0     7     1    12
 -1.9144830067535686E+01 a       109     0     7     1    13
 -1.0589639264014524E+01 a       110     0     7     1    14
  9.1850952544622970E+00 a       111     0     7     1    15
 -2.2671812586692401E+01 a       112     0     7     1    16
  9.4781196115213362E+00 a       113     0     8     1     1
  1.4733108658627932E+01 a       114     0     8     1     2
  1.1741171364199793E+01 a       115     0     8     1     3
  9.5575311767462434E+00 a       116     0     8     1     4
  7.1069764373540423E+00 a       117     0     8     1     5
  7.1969647114711481E+00 a       118     0     8     1     6
 -3.2318278002875971E+00 a       119     0     8     1     7
 -6.8339722366683757E+00 a       120     0     8     1     8
  1.9592658267000740E+01 a       121     0     8     1     9
  1.9061500776387255E+01 a       122     0     8     1    10
  9.4368119869280438E+00 a       123     0     8     1    11
  6.4095678689339044E+00 a       124     0     8     1    12
  7.3452245115076575E+00 a       125     0     8     1    13
  4.5813856962065014E+00 a       126     0     8     1    14
 -2.7084284010850408E+00 a       127     0     8     1    15
  8.0554774764178774E+00 a       128     0     8     1    16
 -8.0512264055411844E+00 a       129     0     9     1     1
 -1.9952892773042034E+01 a       130     0     9     1     2
  1.3871141079627662E+01 a       131     0     9     1     3
  2.0201144624652223E+01 a       132     0     9     1     4
  4.7018751277595481E+00 a       133     0     9     1     5
 -1.9435766247537725E+01 a       134     0     9     1     6
  1.5345345120840507E+01 a       135     0     9     1     7
  7.9296383562676087E-01 a       136     0     9     1     8
  1.7085683507346101E+00 a       137     0     9     1     9
 -2.7166987200529032E+01 a       138     0     9     1    10
 -3.3244364829562663E+01 a       139     0     9     1    11
 -1.4216446082444874E+01 a       140     0     9     1    12
 -9.3935718107294441E+00 a       141     0     9     1    13
 -4.5627375545756585E+00 a       142     0     9     1    14
 -2.2553222280575312E+01 a       143     0     9     1    15
 -2.6318529749562643E+01 a       144     0     9     1    16
  4.4220245508507832E+00 a       145     0    10     1     1
 -1.1151412599672017E+00 a       146     0    10     1     2
  1.0955798624725470E+00 a       147     0    10     1     3
  4.1067494286195538E+00 a       148     0    10     1     4
 -5.8101105779837949E+00 a       149     0    10     1     5
 -5.0168346848604699E+00 a       150     0    10     1     6
 -4.0975488885093201E+00 a       151     0    10     1     7
  9.3935054887575991E+00 a       152     0    10     1     8
 -5.5254775191317362E+00 a       153     0    10     1     9
 -7.3298212848213193E+00 a       154     0    10     1    10
 -9.9311457417588223E+00 a       155     0    10     1    11
  1.4986653879872600E+00 a       156     0    10     1    12
 -9.6049855558712827E-01 a       157     0    10     1    13
 -7.1285967133697781E-01 a       158     0    10     1    14
 -1.5601050945548387E+00 a       159     0    10     1    15
 -3.2310434449223395E+00 a       160     0    10     1    16
  1.3893010157534214E+01 a       161     0    11     1     1
 -3.2810342763305620E+01 a       162     0    11     1     2
  4.8186325074962632E+01 a       163     0    11     1     3
 -1.2859854129215512E+01 a       164     0    11     1     4
 -2.1522147891620079E+01 a       165     0    11     1     5
 -1.4091957688807719E+01 a       166     0    11     1     6
  1.1069494629163039E+01 a       167     0    11     1     7
 -7.8042502607680140E+00 a       168     0    11     1     8
 -7.7549070461670100E+00 a       169     0    11     1     9
 -2.6495443035164872E+00 a       170     0    11     1    10
  9.1273003730835534E+00 a       171     0    11     1    11
 -8.4042647570257856E+00 a       172     0    11     1    12
  1.1969678082689557E+01 a       173     0    11     1    13
  1.7787449201088144E+01 a       174     0    11     1    14
  2.7189015922274371E+00 a       175     0    11     1    15
 -3.0469625922412604E+01 a       176     0    11     1    16
  3.9110633897089194E+01 a       177     0    12     1     1
  3.5407780918839954E+01 a       178     0    12     1     2
 -4.0543940931016934E+01 a       179     0    12     1     3
  1.6156225503680307E+01 a       180     0    12     1     4
 -2.8623346250984024E+01 a       181     0    12     1     5
 -1.8001675692881616E+01 a       182     0    12     1     6
 -6.6233274526396864E+00 a       183     0    12     1     7
 -2.9466365665764474E+01 a       184     0    12     1     8
  2.2533304672126874E+01 a       185     0    12     1     9
 -6.0965630354571545E+01 a       186     0    12     1    10
 -9.3255066386088412E+00 a       187     0    12     1    11
 -1.8315928230228639E+01 a       188     0    12     1    12
 -1.6956428368928918E+01 a       189     0    12     1    13
 -2.1277132390375197E+01 a       190     0    12     1    14
 -1.9648228889899384E+00 a       191     0    12     1    15
 -1.5347633416297780E+01 a       192     0    12     1    16
 -1.0450350327531948E+01 a       193     0    13     1     1
 -8.1846195251968261E+00 a       194     0    13     1     2
 -1.6112699291832421E+01 a       195     0    13     1     3
 -8.3157848448744911E+00 a       196     0    13     1     4
 -2.1302529752215689E+00 a       197     0    13     1     5
  8.3811952559010228E-01 a       198     0    13     1     6
  8.7626538373361278E+00 a       199     0    13     1     7
 -4.8256795971605779E+00 a       200     0    13     1     8
  8.6927041450079496E+00 a       201     0    13     1     9
 -2.5111927549452471E+00 a       202     0    13     1    10
 -1.5221806839929888E+00 a       203     0    13     1    11
  3.5432387540061088E+00 a       204     0    13     1    12
  5.0113508091522556E+00 a       205     0    13     1    13
 -1.0084669336588370E+01 a       206     0    13     1    14
  8.5710587046346749E+00 a       207     0    13     1    15
  4.4610109460641878E+00 a       208     0    13     1    16
 -3.4935799595774917E+01 a       209     0    14     1     1
 -1.2991155975606672E+01 a       210     0    14     1     2
 -4.7468205943778614E+01 a       211     0    14     1     3
  5.8985131815508311E+01 a       212     0    14     1     4
 -6.6538149256400033E+01 a       213     0    14     1     5
 -3.4205939117484419E+01 a       214     0    14     1     6
 -1.4324062205409380E+01 a       215     0    14     1     7
 -3.4506266833518993E+01 a       216     0    14     1     8
 -5.8952299790695626E+01 a       217     0    14     1     9
  5.0887718883623798E+01 a       218     0    14     1    10
  3.8560020856332812E+01 a       219     0    14     1    11
  3.8386715185661444E+01 a       220     0    14     1    12
 -4.7129510925120560E-01 a       221     0    14     1    13
  3.1030222723727718E+01 a       222     0    14     1    14
  3.4925128328470244E+01 a       223     0    14     1    15
 -4.0348647784585971E+01 a       224     0    14     1    16
  3.0640971181303733E+00 a       225     0    15     1     1
  2.5175968511596438E+00 a       226     0    15     1     2
 -4.2508738367768544E+00 a       227     0    15     1     3
 -3.4886619306411948E+00 a       228     0    15     1     4
 -1.2731011927056923E+00 a       229     0    15     1     5
 -2.6053049303472342E+00 a       230     0    15     1     6
 -2.1725110586498890E+00 a       231     0    15     1     7
 -1.7427206237966451E+00 a       232     0    15     1     8
 -1.5312475030101427E+00 a       233     0    15     1     9
 -1.1552514860999132E+01 a       234     0    15     1    10
 -1.5579562541423739E+00 a       235     0    15     1    11
  4.1796864371189246E-01 a       236     0    15     1    12
 -1.0613531919290118E+00 a       237     0    15     1    13
 -2.5417747241857276E+00 a       238     0    15     1    14
 -3.4427905216641519E+00 a       239     0    15     1    15
 -2.7015166832914170E+00 a       240     0    15     1    16
 -2.8881059761204630E+00 a       241     0    16     1     1
  1.1719617192414142E+00 a       242     0    16     1     2
 -4.5659392923450746E+00 a       243     0    16     1     3
 -1.9887615994168881E-01 a       244     0    16     1     4
 -6.0542975917098465E+00 a       245     0    16     1     5
 -5.1506350726136674E+00 a       246     0    16     1     6
  3.4657234022605650E+00 a       247     0    16     1     7
 -3.6897681402058193E+00 a       248     0    16     1     8
  1.6280042551010359E+00 a       249     0    16     1     9
 -2.3377960491395018E+00 a       250     0    16     1    10
 -2.5098771934172235E+00 a       251     0    16     1    11
  3.1495724908649159E+00 a       252     0    16     1    12
  1.6003353681275326E-01 a       253     0    16     1    13
  9.0737703139653614E-01 a       254     0    16     1    14
  1.2422228410053928E+00 a       255     0    16     1    15
  8.1357730412479601E-01 a       256     0    16     1    16
 -9.2907180997893466E+00 a       257     0    17     1     1
 -8.8104074114889102E+00 a       258     0    17     1     2
 -9.2934997630765164E+00 a       259     0    17     1     3
  6.6024303098837747E+00 a       260     0    17     1     4
 -9.4478626684445786E+00 a       261     0    17     1     5
 -6.2613958597511905E+00 a       262     0    17     1     6
  2.0485151883559976E+00 a       263     0    17     1     7
 -3.9303612672497423E+00 a       264     0    17     1     8
 -8.0669008388980601E-01 a       265     0    17     1     9
  6.2142388130514830E+00 a       266     0    17     1    10
 -8.5527452454404811E-04 a       267     0    17     1    11
  8.8061008025221543E+00 a       268     0    17     1    12
 -5.5417288610880544E-01 a       269     0    17     1    13
  4.1996131809622321E+00 a       270     0    17     1    14
  6.3368758446293016E+00 a       271     0    17     1    15
 -5.3679442736959881E+00 a       272     0    17     1    16
  3.8280747826537628E+01 a       273     0    18     1     1
  5.3908666153539606E+01 a       274     0    18     1     2
 -3.3401379716916352E+01 a       275     0    18     1     3
 -5.5656917906950838E+00 a       276     0    18     1     4
 -2.7369894005308449E+01 a       277     0    18     1     5
  2.5663774095316768E+01 a       278     0    18     1     6
 -3.8122334026028859E+01 a       279     0    18     1     7
  3.3990456792738166E-01 a       280     0    18     1     8
  1.3405660201962981E+01 a       281     0    18     1     9
  3.4910447221211662E+01 a       282     0    18     1    10
  7.3388979439783768E+01 a       283     0    18     1    11
  6.5449519796057576E-01 a       284     0    18     1    12
 -5.7583095497885832E+00 a       285     0    18     1    13
 -6.1737752467541238E+00 a       286     0    18     1    14
  3.4811290316204925E+01 a       287     0    18     1    15
  4.4249814973392567E+01 a       288     0    18     1    16
  9.1395756868699785E+00 a       289     0    19     1     1
  1.1213549920933774E+01 a       290     0    19     1     2
  2.5714317036402434E+01 a       291     0    19     1     3
  8.3854354333478742E+00 a       292     0    19     1     4
  1.2099904363748605E+01 a       293     0    19     1     5
  4.5928847754040998E+00 a       294     0    19     1     6
 -1.2492473822036457E+01 a       295     0    19     1     7
  6.8169457250732233E+00 a       296     0    19     1     8
 -1.1851619923395083E+01 a       297     0    19     1     9
  4.1217607925220108E+00 a       298     0    19     1    10
  1.1138426306988096E+01 a       299     0    19     1    11
 -1.0205561659757828E+01 a       300     0    19     1    12
 -7.4536606143012705E+00 a       301     0    19     1    13
  1.6485515895500846E+01 a       302     0    19     1    14
 -1.5299668539792789E+01 a       303     0    19     1    15
 -3.8163400279580788E+00 a       304     0    19     1    16
 -4.0761636035922713E+01 a       305     0    20     1     1
  1.1224587508008725E+02 a       306     0    20     1     2
 -1.2063685694658768E+02 a       307     0    20     1     3
  2.9099007487454038E+01 a       308     0    20     1     4
  5.5719869394322025E+01 a       309     0    20     1     5
  3.6590147571369116E+01 a       310     0    20     1     6
 -7.3004172186661677E+01 a       311     0    20     1     7
 -5.9682920144699585E+00 a       312     0    20     1     8
  9.7557496151256000E+00 a       313     0    20     1     9
  3.2141462472660166E+01 a       314     0    20     1    10
 -2.4822651600311215E+01 a       315     0    20     1    11
 -2.8043397771856267E+00 a       316     0    20     1    12
 -6.7256733414075383E+00 a       317     0    20     1    13
  2.2342924883819495E+00 a       318     0    20     1    14
  2.1646123301241381E+01 a       319     0    20     1    15
  7.8079339372145100E+01 a       320     0    20     1    16
 -3.2102071211153934E+01 a       321     0    21     1     1
 -3.6671837558567553E+01 a       322     0    21     1     2
  2.9651977522524476E+01 a       323     0    21     1     3
  3.4268937974231997E+00 a       324     0    21     1     4
  2.1071447422364777E+01 a       325     0    21     1     5
 -3.0428119567623173E+00 a       326     0    21     1     6
  2.1333580577458406E+01 a       327     0    21     1     7
  7.9063610314999133E+00 a       328     0    21     1     8
 -4.1535639598317227E+00 a       329     0    21     1     9
  1.6196388953312585E+01 a       330     0    21     1    10
 -2.2253232031395196E+01 a       331     0    21     1    11
  2.5776624568134832E+00 a       332     0    21     1    12
  6.9112256267303049E+00 a       333     0    21     1    13
  1.1523062248589293E+01 a       334     0    21     1    14
 -9.5575689209234422E+00 a       335     0    21     1    15
 -9.0459887847506160E+00 a       336     0    21     1    16
  3.6120602827404177E+01 a       337     0    22     1     1
 -3.4874914119734989E+01 a       338     0    22     1     2
  8.1400658731894467E+01 a       339     0    22     1     3
 -3.8807346235279191E+01 a       340     0    22     1     4
  2.1085729198282293E+00 a       341     0    22     1     5
 -2.0941126107694901E+00 a       342     0    22     1     6
  3.1417106839015602E+01 a       343     0    22     1     7
  1.4918418772941216E+01 a       344     0    22     1     8
  1.1368938950787907E+01 a       345     0    22     1     9
 -3.7042196671242188E+01 a       346     0    22     1    10
  6.5273967859308790E+00 a       347     0    22     1    11
 -1.6922535747990395E+01 a       348     0    22     1    12
  5.2646081241833125E+00 a       349     0    22     1    13
 -8.1280321109339457E+00 a       350     0    22     1    14
 -2.6657228676007520E+01 a       351     0    22     1    15
 -1.6591449875146488E+01 a       352     0    22     1    16
 -5.3536207002615148E+00 a       353     0    23     1     1
 -8.1489860969515444E+00 a       354     0    23     1     2
  5.2612938843205042E+00 a       355     0    23     1     3
  1.7233445234366531E+00 a       356     0    23     1     4
  4.9954344156180461E+00 a       357     0    23     1     5
 -2.9757881030675724E+00 a       358     0    23     1     6
  3.6871427945933690E+00 a       359     0    23     1     7
  3.0243189358398843E+00 a       360     0    23     1     8
  3.9953213564587148E-01 a       361     0    23     1     9
 -6.0123891182059550E+00 a       362     0    23     1    10
 -9.1755359981758708E+00 a       363     0    23     1    11
 -3.9962158625952062E+00 a       364     0    23     1    12
 -1.3407674761690211E+00 a       365     0    23     1    13
 -3.7787742237269155E+00 a       366     0    23     1    14
 -6.7286490395150027E+00 a       367     0    23     1    15
 -4.4707984231652258E+00 a       368     0    23     1    16
  1.3438942634959716E+00 a       369     0    24     1     1
 -1.1352062711561001E-01 a       370     0    24     1     2
  3.9007233478973763E-01 a       371     0    24     1     3
  5.0350635678247420E+00 a       372     0    24     1     4
 -8.2543327263866761E-01 a       373     0    24     1     5
 -3.3559277116521051E+00 a       374     0    24     1     6
  5.3377329349833387E+00 a       375     0    24     1     7
  6.1944026601334112E-01 a       376     0    24     1     8
 -8.4319691702010657E-01 a       377     0    24     1     9
  1.5678343520545484E+00 a       378     0    24     1    10
 -5.0397928485215857E+00 a       379     0    24     1    11
 -1.9568650420841900E+00 a       380     0    24     1    12
 -1.0841275040020690E+00 a       381     0    24     1    13
 -3.4200082631152586E+00 a       382     0    24     1    14
 -3.1276755354147205E+00 a       383     0    24     1    15
  1.0931853128139306E+00 a       384     0    24     1    16
 -2.1113550233227905E+00 a       385     0    25     1     1
 -1.1559056940168142E+01 a       386     0    25     1     2
  9.4612378458569477E+00 a       387     0    25     1     3
  2.0356253870176082E+00 a       388     0    25     1     4
 -5.2210234796304089E+00 a       389     0    25     1     5
 -4.0252867012979605E+00 a       390     0    25     1     6
  9.7526452682516958E+00 a       391     0    25     1     7
  1.4991062449725192E+00 a       392     0    25     1     8
  4.9354057673436751E+00 a       393     0    25     1     9
  5.6269414914716211E+00 a       394     0    25     1    10
 -4.3097833334878386E+00 a       395     0    25     1    11
 -4.7573971459529316E+00 a       396     0    25     1    12
 -1.7949212943368147E+00 a       397     0    25     1    13
 -7.3343593408339813E-01 a       398     0    25     1    14
  1.4035248922396737E+00 a       399     0    25     1    15
 -7.1921953946576620E+00 a       400     0    25     1    16
  3.7990834831240274E+00 a       401     0    26     1     1
  3.6532331263356257E+00 a       402     0    26     1     2
 -2.4515572750402703E+00 a       403     0    26     1     3
  8.8401022668739138E-01 a       404     0    26     1     4
 -2.8882464021464811E+00 a       405     0    26     1     5
 -3.3096203404742214E-01 a       406     0    26     1     6
  3.3937684665177897E-01 a       407     0    26     1     7
 -3.6974866395976957E+00 a       408     0    26     1     8
 -2.2504675948987600E+00 a       409     0    26     1     9
 -2.0685243265768224E-01 a       410     0    26     1    10
 -2.2856771005508598E+00 a       411     0    26     1    11
  3.5535355708336867E+00 a       412     0    26     1    12
  9.7964753050492936E-01 a       413     0    26     1    13
  2.5709202118925698E+00 a       414     0    26     1    14
  2.4793894181778486E+00 a       415     0    26     1    15
 -2.8726799213180758E+00 a       416     0    26     1    16
 -2.6760177252904360E+00 a       417     0    27     1     1
 -3.7036768264355420E+00 a       418     0    27     1     2
 -2.8749101199919029E+00 a       419     0    27     1     3
 -6.1788595336963468E+00 a       420     0    27     1     4
  1.8806328104218271E+00 a       421     0    27     1     5
  5.7251393995506019E+00 a       422     0    27     1     6
 -4.6875777019746385E+00 a       423     0    27     1     7
  1.3425542614563424E+00 a       424     0    27     1     8
  4.1371321610931560E+00 a       425     0    27     1     9
 -4.7499998266273580E-01 a       426     0    27     1    10
  1.8984028119073397E+00 a       427     0    27     1    11
  2.4725954965031405E+00 a       428     0    27     1    12
  2.0721005769782770E+00 a       429     0    27     1    13
 -2.9352201049098414E+00 a       430     0    27     1    14
  6.9345985266023993E+00 a       431     0    27     1    15
 -2.2999042575593291E+00 a       432     0    27     1    16
  8.0286591231742257E+00 a       433     0    28     1     1
 -2.5873834729207097E+00 a       434     0    28     1     2
  5.0051870970725689E+00 a       435     0    28     1     3
 -8.2811529021249786E-01 a       436     0    28     1     4
 -3.5925714688641710E+00 a       437     0    28     1     5
 -6.7863980446854799E-01 a       438     0    28     1     6
 -3.0852354318786995E-01 a       439     0    28     1     7
 -1.1055350779080595E+00 a       440     0    28     1     8
 -1.0148957660411956E+01 a       441     0    28     1     9
 -4.3052651425035453E+00 a       442     0    28     1    10
  6.0733532717328194E+00 a       443     0    28     1    11
  4.3263604131379925E+00 a       444     0    28     1    12
  2.0437595090559753E+00 a       445     0    28     1    13
 -1.7246538417480706E+00 a       446     0    28     1    14
 -2.1687429604691522E+00 a       447     0    28     1    15
 -6.8212068737594738E+00 a       448     0    28     1    16
 -3.7090470123403797E+01 a       449     0    29     1     1
 -2.9162699516576030E+01 a       450     0    29     1     2
  3.2395168103033413E+01 a       451     0    29     1     3
 -2.5470358452022673E+01 a       452     0    29     1     4
  2.6480593711410172E+01 a       453     0    29     1     5
  1.6805293847228100E+01 a       454     0    29     1     6
  4.3323232742542732E+00 a       455     0    29     1     7
  2.4347543431466615E+01 a       456     0    29     1     8
 -2.7323819287105486E+01 a       457     0    29     1     9
  4.7358724519125005E+01 a       458     0    29     1    10
  1.3350894523808559E+00 a       459     0    29     1    11
  2.1725955894955156E+01 a       460     0    29     1    12
  2.0410322073470144E+01 a       461     0    29     1    13
  2.1155241298181348E+01 a       462     0    29     1    14
  2.5185228833622704E+00 a       463     0    29     1    15
  1.2552893090888405E+01 a       464     0    29     1    16
  2.3111971326864211E+01 a       465     0    30     1     1
 -1.3210017103624125E+01 a       466     0    30     1     2
  3.7869914191008824E+01 a       467     0    30     1     3
 -4.7858733143764759E+01 a       468     0    30     1     4
  4.8031999237433396E+01 a       469     0    30     1     5
  2.3124810932851130E+01 a       470     0    30     1     6
  3.1295280262735208E+01 a       471     0    30     1     7
  3.5626700592527143E+01 a       472     0    30     1     8
  5.9292216032896064E+01 a       473     0    30     1     9
 -4.6771710275279055E+01 a       474     0    30     1    10
 -3.8809824527414669E+01 a       475     0    30     1    11
 -2.5291506294752143E+01 a       476     0    30     1    12
 -4.3018886849817966E+00 a       477     0    30     1    13
 -3.5415040793969531E+01 a       478     0    30     1    14
 -3.2804219115565232E+01 a       479     0    30     1    15
  2.9759325089508422E+01 a       480     0    30     1    16
  2.2814639104060723E+00 a       481     0    31     1     1
  4.3447847835254583E-01 a       482     0    31     1     2
  9.6600956141774030E-01 a       483     0    31     1     3
  1.2200495813923471E+00 a       484     0    31     1     4
 -2.6219251982673425E-01 a       485     0    31     1     5
 -2.2653929847793747E-01 a       486     0    31     1     6
 -9.9315524950342537E-01 a       487     0    31     1     7
  2.7566898164679859E-01 a       488     0    31     1     8
 -2.5624329588085066E+00 a       489     0    31     1     9
 -1.8152753069158303E-01 a       490     0    31     1    10
  1.5607676843500924E+00 a       491     0    31     1    11
  6.6755593994944473E-01 a       492     0    31     1    12
 -1.2698462289586427E+00 a       493     0    31     1    13
 -1.2420084542383554E+00 a       494     0    31     1    14
 -6.3391860500778741E-01 a       495     0    31     1    15
 -1.1708785801798802E+00 a       496     0    31     1    16
  4.9067019370798777E-02 a       497     0    32     1     1
  2.3939821195150104E-01 a       498     0    32     1     2
 -1.1550818989989974E-01 a       499     0    32     1     3
 -1.4201503495382464E+00 a       500     0    32     1     4
 -1.5855300981945768E+00 a       501     0    32     1     5
 -7.3329642270736917E-01 a       502     0    32     1     6
  7.8670473267336738E-01 a       503     0    32     1     7
  1.7605679196395363E+00 a       504     0    32     1     8
 -4.5519762655815015E+00 a       505     0    32     1     9
 -1.3355072086060447E+00 a       506     0    32     1    10
  1.2032126268616722E-01 a       507     0    32     1    11
  1.2428333318695539E+00 a       508     0    32     1    12
 -1.4267602110129536E+00 a       509     0    32     1    13
 -8.9935385588785821E-01 a       510     0    32     1    14
 -9.9839799153831166E-01 a       511     0    32     1    15
 -1.2221116318659611E+00 a       512     0    32     1    16
  9.6245481656368304E-01 a       513     0    33     1     1
  4.6284877733685592E-01 a       514     0    33     1     2
  8.9686873442237802E-01 a       515     0    33     1     3
 -9.3081096664711449E-01 a       516     0    33     1     4
  7.7391990842393743E-01 a       517     0    33     1     5
 -2.6730952235422042E-02 a       518     0    33     1     6
 -2.1731935510870914E+00 a       519     0    33     1     7
 -1.6375222967837837E+00 a       520     0    33     1     8
  9.7615284345356157E-02 a       521     0    33     1     9
 -3.6357495867719902E-01 a       522     0    33     1    10
 -9.6168283573032853E-01 a       523     0    33     1    11
 -9.3322899723139119E-01 a       524     0    33     1    12
  3.1958206274893808E-01 a       525     0    33     1    13
  2.5354163782234029E+00 a       526     0    33     1    14
  8.9319554934488177E-01 a       527     0    33     1    15
 -1.3223143823430663E+00 a       528     0    33     1    16
  2.2617053139790815E+00 a       529     0    34     1     1
  2.4533911576547838E+00 a       530     0    34     1     2
  5.5970580831266070E-01 a       531     0    34     1     3
 -1.1256261168503101E+00 a       532     0    34     1     4
 -6.6542571404401535E-02 a       533     0    34     1     5
 -3.9328460654413505E-02 a       534     0    34     1     6
 -2.9644372777891896E+00 a       535     0    34     1     7
  7.6543976007238002E-02 a       536     0    34     1     8
 -2.7131636173722038E+00 a       537     0    34     1     9
 -2.3268164912393585E+00 a       538     0    34     1    10
  7.1981525094011789E-01 a       539     0    34     1    11
  8.0042041919488827E-01 a       540     0    34     1    12
 -3.9819567132298073E-01 a       541     0    34     1    13
  5.2160163732091799E-02 a       542     0    34     1    14
 -9.1814946761691951E-01 a       543     0    34     1    15
 -2.6428676389449182E+00 a       544     0    34     1    16
 -1.5998773650133717E+00 a       545     0    35     1     1
  1.6055021551772505E-02 a       546     0    35     1     2
 -2.4665770472771769E+00 a       547     0    35     1     3
  2.2951093944831380E-01 a       548     0    35     1     4
 -1.0059323317281942E-01 a       549     0    35     1     5
  8.3425744656078726E-01 a       550     0    35     1     6
  4.2246234487040846E-01 a       551     0    35     1     7
 -5.2070988206863511E-01 a       552     0    35     1     8
  1.1384141379685011E+00 a       553     0    35     1     9
  1.9713719918829025E+00 a       554     0    35     1    10
  4.0594232228797961E-01 a       555     0    35     1    11
 -1.8979084560912327E+00 a       556     0    35     1    12
 -3.1715051517965880E+00 a       557     0    35     1    13
  1.0621185479228207E-01 a       558     0    35     1    14
  3.0756564919857232E+00 a       559     0    35     1    15
 -2.6789706824149850E-01 a       560     0    35     1    16
 -7.5247265004291819E-01 a       561     0    36     1     1
 -2.9899447003380120E+00 a       562     0    36     1     2
 -7.3534165423623332E-01 a       563     0    36     1     3
  1.6412924415474330E+00 a       564     0    36     1     4
 -6.8041247712111036E-02 a       565     0    36     1     5
 -5.9372519381560540E-01 a       566     0    36     1     6
  1.9607190180304999E+00 a       567     0    36     1     7
  1.2122696407651157E+00 a       568     0    36     1     8
 -1.3173647725500464E+00 a       569     0    36     1     9
  7.1476627484141941E-01 a       570     0    36     1    10
 -9.8692655808977486E-02 a       571     0    36     1    11
  7.3441494605282887E-01 a       572     0    36     1    12
  1.0775866739817697E+00 a       573     0    36     1    13
 -1.5089820206868210E+00 a       574     0    36     1    14
 -1.1700925876690223E-01 a       575     0    36     1    15
 -9.4077199375893830E-03 a       576     0    36     1    16
 -1.9386042244625834E+00 a       577     0    37     1     1
  7.9284187262006078E+00 a       578     0    37     1     2
  2.1931492924523051E+00 a       579     0    37     1     3
 -6.1415899233250464E+00 a       580     0    37     1     4
 -1.6024566488020053E+00 a       581     0    37     1     5
 -3.6767011005330246E+00 a       582     0    37     1     6
  9.6069491539664593E+00 a       583     0    37     1     7
 -1.7898409756683801E+01 a       584     0    37     1     8
  2.0924789771313993E+01 a       585     0    37     1     9
  2.4519742812577672E+01 a       586     0    37     1    10
  1.2316931344604619E+01 a       587     0    37     1    11
 -1.0402990680490353E+01 a       588     0    37     1    12
  3.4733873498960904E-01 a       589     0    37     1    13
  2.1609419388192102E+01 a       590     0    37     1    14
 -1.3266798274066649E+00 a       591     0    37     1    15
  9.4929830036218341E+00 a       592     0    37     1    16
 -4.9057762908733222E+00 a       593     0    38     1     1
  1.5688636057501873E-01 a       594     0    38     1     2
  7.4015163820198782E-01 a       595     0    38     1     3
 -1.3804353494876201E-01 a       596     0    38     1     4
 -2.0794613110986386E+00 a       597     0    38     1     5
 -1.9553468024038529E+00 a       598     0    38     1     6
 -2.0509171902585264E+00 a       599     0    38     1     7
 -1.4317999307035576E+00 a       600     0    38     1     8
  8.1814336576789159E+00 a       601     0    38     1     9
  1.7993696490149627E+00 a       602     0    38     1    10
 -3.5067807503396202E+00 a       603     0    38     1    11
 -2.9844669563193955E+00 a       604     0    38     1    12
 -2.4870638527655622E+00 a       605     0    38     1    13
  6.5959670971110185E-01 a       606     0    38     1    14
  2.9419355291218680E-01 a       607     0    38     1    15
 -1.3714165740242292E+00 a       608     0    38     1    16
 -8.6135299834660639E+00 a       609     0    39     1     1
 -2.6840621574590098E+00 a       610     0    39     1     2
 -2.2988796060136023E+00 a       611     0    39     1     3
 -7.9047281525101951E+00 a       612     0    39     1     4
 -1.0538231003128842E+00 a       613     0    39     1     5
 -5.7719421174959322E+00 a       614     0    39     1     6
  6.3425559784551178E+00 a       615     0    39     1     7
 -4.6660595093046897E+00 a       616     0    39     1     8
  2.5648218756902718E+01 a       617     0    39     1     9
  8.2758059581038292E+00 a       618     0    39     1    10
 -1.3604619550117281E+01 a       619     0    39     1    11
 -9.5409165518391177E+00 a       620     0    39     1    12
  7.2395021406995008E+00 a       621     0    39     1    13
  8.0908557197012403E+00 a       622     0    39     1    14
  2.0104582423753801E+00 a       623     0    39     1    15
 -6.7852212163192349E-01 a       624     0    39     1    16
 -1.0795804178397752E+01 a       625     0    40     1     1
 -5.7263533985342905E+00 a       626     0    40     1     2
  6.2387496211400997E+00 a       627     0    40     1     3
 -1.3811138917191024E+00 a       628     0    40     1     4
  4.7774334076974618E+00 a       629     0    40     1     5
 -1.5417803022381291E+00 a       630     0    40     1     6
 -7.0852948010679979E+00 a       631     0    40     1     7
 -4.9351702103863921E+00 a       632     0    40     1     8
  2.1671088736649551E+01 a       633     0    40     1     9
  4.7509532727657007E+00 a       634     0    40     1    10
 -8.0467263580461843E+00 a       635     0    40     1    11
 -1.6000639011448563E+01 a       636     0    40     1    12
  2.7609587588890157E+00 a       637     0    40     1    13
 -3.0108925978358401E+00 a       638     0    40     1    14
  1.0072090810555140E-01 a       639     0    40     1    15
  4.2086491168843390E+00 a       640     0    40     1    16
 -7.7073693505431047E+00 a       641     0    41     1     1
 -2.1126131867942233E+00 a       642     0    41     1     2
  3.1039562073321219E+00 a       643     0    41     1     3
 -6.3979147321783048E-01 a       644     0    41     1     4
 -1.7707167832256800E+00 a       645     0    41     1     5
 -1.8804150703617974E+00 a       646     0    41     1     6
 -2.7238212391804848E+00 a       647     0    41     1     7
 -5.1951867774550886E-01 a       648     0    41     1     8
  7.7994777872916874E+00 a       649     0    41     1     9
  3.8871607229818812E+00 a       650     0    41     1    10
 -2.4165614029771515E-01 a       651     0    41     1    11
 -6.6031301669868849E+00 a       652     0    41     1    12
 -3.0330817790607991E+00 a       653     0    41     1    13
 -2.2944057336786750E-01 a       654     0    41     1    14
  8.5809203016436941E-01 a       655     0    41     1    15
  2.0254455395030737E+00 a       656     0    41     1    16
  5.8929211062907090E+00 a       657     0    42     1     1
 -1.4878886710142956E+01 a       658     0    42     1     2
 -9.8238151274967755E+00 a       659     0    42     1     3
  9.3949717561940655E+00 a       660     0    42     1     4
  2.0637245578973697E+00 a       661     0    42     1     5
  6.5876003630128599E+00 a       662     0    42     1     6
 -6.1096552167083624E+00 a       663     0    42     1     7
  2.4612823611946663E+01 a       664     0    42     1     8
 -2.4382176348428334E+01 a       665     0    42     1     9
 -2.0136355194930111E+01 a       666     0    42     1    10
 -1.3929423839779902E+01 a       667     0    42     1    11
  3.3667425980881696E+01 a       668     0    42     1    12
 -2.0868645393499463E+00 a       669     0    42     1    13
 -2.0255452961841787E+01 a       670     0    42     1    14
  5.5881458816503145E+00 a       671     0    42     1    15
 -7.6425904489679430E+00 a       672     0    42     1    16
  1.8536322517024897E+00 a       673     0    43     1     1
 -2.2770143858189842E+00 a       674     0    43     1     2
 -2.8321123992661873E-01 a       675     0    43     1     3
 -8.7315323819019985E-01 a       676     0    43     1     4
  1.9272411654349630E-01 a       677     0    43     1     5
 -2.7411771301252086E-01 a       678     0    43     1     6
  3.4431534961980246E+00 a       679     0    43     1     7
 -9.6256015695515562E-01 a       680     0    43     1     8
  1.1682152912808388E+00 a       681     0    43     1     9
  4.3625273136737519E+00 a       682     0    43     1    10
  1.3031857505039586E+00 a       683     0    43     1    11
  2.8268997898932300E+00 a       684     0    43     1    12
  1.8931251208136564E+00 a       685     0    43     1    13
  9.3067120925545521E-01 a       686     0    43     1    14
  3.2853098896712907E-01 a       687     0    43     1    15
  2.5234127687600645E+00 a       688     0    43     1    16
  1.9651932241117670E+01 a       689     0    44     1     1
 -5.7404030561983455E-01 a       690     0    44     1     2
  2.9922391996518534E+00 a       691     0    44     1     3
  2.2350770972278365E+01 a       692     0    44     1     4
 -5.7196723345854723E+00 a       693     0    44     1     5
  9.3276125477160541E+00 a       694     0    44     1     6
  1.5334175031667505E+00 a       695     0    44     1     7
  4.2585597690218275E+00 a       696     0    44     1     8
 -4.1041274577968309E+01 a       697     0    44     1     9
  1.0008648624416402E+01 a       698     0    44     1    10
  2.6118859569101062E+01 a       699     0    44     1    11
  1.8564365761279308E+01 a       700     0    44     1    12
 -1.0947638661262554E+01 a       701     0    44     1    13
 -2.7249734004960583E+01 a       702     0    44     1    14
  2.8617998450754518E+00 a       703     0    44     1    15
  1.6411180815052269E+00 a       704     0    44     1    16
  7.9680545888470782E+00 a       705     0    45     1     1
  7.7877734243410357E+00 a       706     0    45     1     2
 -3.3726649346426569E+00 a       707     0    45     1     3
  6.5294907554594595E-01 a       708     0    45     1     4
 -3.1057917556316244E+00 a       709     0    45     1     5
  2.3349946342257337E+00 a       710     0    45     1     6
  7.1875779661721815E+00 a       711     0    45     1     7
 -3.7912798120874216E+00 a       712     0    45     1     8
 -7.1441510655162039E+00 a       713     0    45     1     9
  4.6786435992268274E+00 a       714     0    45     1    10
  8.8040674024338337E+00 a       715     0    45     1    11
  9.7655172914852422E+00 a       716     0    45     1    12
  3.8198052845603327E+00 a       717     0    45     1    13
  5.4881936846843180E+00 a       718     0    45     1    14
  5.8332588887244032E+00 a       719     0    45     1    15
  2.9230882773361622E-01 a       720     0    45     1    16
  1.1905348628402576E+01 a       721     0    46     1     1
  3.5559194471441087E+00 a       722     0    46     1     2
 -5.0979347667361390E+00 a       723     0    46     1     3
  1.7421387708854541E+00 a       724     0    46     1     4
  4.0727124390795035E+00 a       725     0    46     1     5
  3.3992840225454430E+00 a       726     0    46     1     6
  9.2471772907481302E+00 a       727     0    46     1     7
 -8.0088005241903437E-01 a       728     0    46     1     8
 -3.2623526924610737E+00 a       729     0    46     1     9
 -4.6998046564805884E+00 a       730     0    46     1    10
 -7.9731479281671627E+00 a       731     0    46     1    11
  6.4002490569324042E+00 a       732     0    46     1    12
  1.0682332549883657E+01 a       733     0    46     1    13
 -3.2754800231951489E+00 a       734     0    46     1    14
 -8.8162594158830127E-02 a       735     0    46     1    15
 -2.8509915904173768E+00 a       736     0    46     1    16
  4.7783246744117980E+00 a       737     0    47     1     1
  6.5041398260504586E+00 a       738     0    47     1     2
 -4.4792613674414667E+00 a       739     0    47     1     3
  1.1176376154428116E+01 a       740     0    47     1     4
 -9.8471139931279712E+00 a       741     0    47     1     5
 -1.7590520441204422E+00 a       742     0    47     1     6
  5.2061654354352331E+00 a       743     0    47     1     7
  5.3719216110629278E+00 a       744     0    47     1     8
 -1.3855718176681384E+01 a       745     0    47     1     9
  5.2792299765219894E+00 a       746     0    47     1    10
 -9.7167429616977561E+00 a       747     0    47     1    11
 -1.2431283421459574E+01 a       748     0    47     1    12
 -1.3053954679104267E+01 a       749     0    47     1    13
 -1.5960695581530283E+01 a       750     0    47     1    14
  6.5360318828008133E+00 a       751     0    47     1    15
 -1.9031368032933003E+01 a       752     0    47     1    16
 -1.3010559594573515E+01 a       753     0    48     1     1
  4.6722884562523035E+00 a       754     0    48     1     2
 -3.1678543216369621E+00 a       755     0    48     1     3
  1.7025946653310227E+00 a       756     0    48     1     4
 -7.2065404269049758E+00 a       757     0    48     1     5
 -2.2358589519745555E+00 a       758     0    48     1     6
 -9.6659062623336283E+00 a       759     0    48     1     7
 -6.8262267367223615E+00 a       760     0    48     1     8
  2.3419660810982787E+01 a       761     0    48     1     9
  6.0772075740597931E+00 a       762     0    48     1    10
  1.8985539959810219E-01 a       763     0    48     1    11
  9.0574186057008532E+00 a       764     0    48     1    12
 -3.7745529363587225E+00 a       765     0    48     1    13
  9.7775522434335205E+00 a       766     0    48     1    14
  1.0976593684483515E+01 a       767     0    48     1    15
  4.3635059686319781E+00 a       768     0    48     1    16
 -4.8589508697268707E-01 a       769     0    49     1     1
 -1.6731067105170652E+00 a       770     0    49     1     2
 -3.1714643942720383E-03 a       771     0    49     1     3
  2.3015721668888403E+00 a       772     0    49     1     4
 -7.4953085325517843E-01 a       773     0    49     1     5
  3.7087877753320009E-01 a       774     0    49     1     6
 -2.8990606841216775E+00 a       775     0    49     1     7
  2.7710434739097125E+00 a       776     0    49     1     8
 -1.9596729405462179E+00 a       777     0    49     1     9
 -7.8472486240611117E-01 a       778     0    49     1    10
 -3.4108524016188162E+00 a       779     0    49     1    11
  9.9051149749482947E-01 a       780     0    49     1    12
 -1.8760549381633063E+00 a       781     0    49     1    13
 -3.7885254744776238E+00 a       782     0    49     1    14
  1.9113359105836047E+00 a       783     0    49     1    15
 -3.4350737367642985E+00 a       784     0    49     1    16
  8.9717159429479332E-01 a       785     0    50     1     1
 -1.7703291516161970E+00 a       786     0    50     1     2
  7.1131798913179656E-01 a       787     0    50     1     3
  2.4559088591891440E-01 a       788     0    50     1     4
  2.1303728098918406E+00 a       789     0    50     1     5
  1.0081652957523921E+00 a       790     0    50     1     6
 -2.8906219476190870E-01 a       791     0    50     1     7
  5.7696674255830249E-01 a       792     0    50     1     8
  4.2196616118997043E-01 a       793     0    50     1     9
  9.5224883152017792E-01 a       794     0    50     1    10
 -7.7467029882141089E-02 a       795     0    50     1    11
 -1.0845340917560404E+00 a       796     0    50     1    12
  1.4904758456173326E+00 a       797     0    50     1    13
 -7.0127653286625269E-01 a       798     0    50     1    14
  1.5174779418901899E-01 a       799     0    50     1    15
  1.1973595271427770E+00 a       800     0    50     1    16
  8.8895565568504187E-01 a       801     0    51     1     1
 -4.2096784178752000E-01 a       802     0    51     1     2
  6.8695961265856831E-01 a       803     0    51     1     3
  2.4848732039209009E+00 a       804     0    51     1     4
 -4.0436361065713311E-01 a       805     0    51     1     5
  4.5052171594982726E-01 a       806     0    51     1     6
 -8.4788757067478981E-01 a       807     0    51     1     7
  5.5430157333826469E-01 a       808     0    51     1     8
 -1.3653250146996840E+00 a       809     0    51     1     9
  1.2471115185333652E-01 a       810     0    51     1    10
 -5.3787875692865986E-02 a       811     0    51     1    11
 -9.4575231142301791E-02 a       812     0    51     1    12
 -2.2758256697919546E+00 a       813     0    51     1    13
 -2.3166961411838711E+00 a       814     0    51     1    14
  3.3820464661801491E-01 a       815     0    51     1    15
 -1.3075988425347534E-01 a       816     0    51     1    16
  2.5856380574890152E+00 a       817     0    52     1     1
  1.0702411560179972E+00 a       818     0    52     1     2
  7.2085268929350643E-01 a       819     0    52     1     3
 -6.9994462373083466E-01 a       820     0    52     1     4
  6.5374785157114701E-01 a       821     0    52     1     5
  8.4841665592547244E-01 a       822     0    52     1     6
  1.3399707938869794E+00 a       823     0    52     1     7
  1.2633147980405834E+00 a       824     0    52     1     8
 -6.2236018287136874E+00 a       825     0    52     1     9
 -1.7759845889675299E+00 a       826     0    52     1    10
 -3.7101660846064437E+00 a       827     0    52     1    11
 -9.2978099253931568E+00 a       828     0    52     1    12
 -4.1769154846424481E+00 a       829     0    52     1    13
 -9.8286745757136518E-01 a       830     0    52     1    14
 -1.1880125477588070E+00 a       831     0    52     1    15
 -8.3353332774217234E-02 a       832     0    52     1    16
  2.8447341207575843E+00 a       833     0    53     1     1
  7.1136510596066946E+00 a       834     0    53     1     2
  4.2903125618461955E+00 a       835     0    53     1     3
 -2.1253103541845548E+00 a       836     0    53     1     4
  2.2891326560472476E+00 a       837     0    53     1     5
 -7.2381719838064829E-01 a       838     0    53     1     6
  5.9846376550452502E+00 a       839     0    53     1     7
 -1.4306577522118417E+01 a       840     0    53     1     8
  6.6727433190962353E+00 a       841     0    53     1     9
  1.1113521544370048E+01 a       842     0    53     1    10
  8.9740709014116344E+00 a       843     0    53     1    11
 -1.3171786268426670E+01 a       844     0    53     1    12
  2.5459778625450511E+00 a       845     0    53     1    13
  1.1007175968357338E+01 a       846     0    53     1    14
 -1.1007634149956709E+00 a       847     0    53     1    15
  4.4844804368442963E+00 a       848     0    53     1    16
  1.5185098147154881E+00 a       849     0    54     1     1
  2.0913248314011552E+00 a       850     0    54     1     2
  8.2668322302274944E-01 a       851     0    54     1     3
 -9.2252372550805042E+00 a       852     0    54     1     4
  5.8181658431939054E+00 a       853     0    54     1     5
 -2.2875711945922959E+00 a       854     0    54     1     6
 -1.0479441219336314E+00 a       855     0    54     1     7
 -3.9810517916438339E+00 a       856     0    54     1     8
  7.7437625974843121E+00 a       857     0    54     1     9
 -6.7468359010688808E+00 a       858     0    54     1    10
  3.2093557824524050E+00 a       859     0    54     1    11
 -2.1439352269053051E+00 a       860     0    54     1    12
  7.4358094137420601E+00 a       861     0    54     1    13
  1.1249167221789550E+01 a       862     0    54     1    14
 -5.3045250838229654E+00 a       863     0    54     1    15
 -2.2229273976364281E+00 a       864     0    54     1    16
  1.0618128478407066E+01 a       865     0    55     1     1
  1.1194096699088545E+01 a       866     0    55     1     2
  8.0590902164546137E+00 a       867     0    55     1     3
  3.6944376421207399E+00 a       868     0    55     1     4
  2.8782384323092085E+00 a       869     0    55     1     5
  2.4820393714197380E+00 a       870     0    55     1     6
 -9.0829529414139003E+00 a       871     0    55     1     7
 -7.9976582893987223E+00 a       872     0    55     1     8
 -1.1010642732166591E+01 a       873     0    55     1     9
  1.0378705229429279E+01 a       874     0    55     1    10
  1.9533842565875279E+01 a       875     0    55     1    11
 -2.9540778594725454E+00 a       876     0    55     1    12
 -7.9632203862983419E-01 a       877     0    55     1    13
  1.0158961610103205E+01 a       878     0    55     1    14
  2.2748820595398893E+00 a       879     0    55     1    15
 -6.7319837409666372E-01 a       880     0    55     1    16
  1.3450176479611256E+01 a       881     0    56     1     1
  3.5221855716279511E+00 a       882     0    56     1     2
  6.0714847648935661E+00 a       883     0    56     1     3
 -6.8495523343029552E+00 a       884     0    56     1     4
  1.0243711267175000E+01 a       885     0    56     1     5
  2.5216742474511591E+00 a       886     0    56     1     6
 -7.1664508943015184E+00 a       887     0    56     1     7
 -4.6328133321049414E+00 a       888     0    56     1     8
 -1.7053662477416459E+01 a       889     0    56     1     9
 -1.1832451774295848E+01 a       890     0    56     1    10
  2.3952426953169883E+01 a       891     0    56     1    11
  9.6805726042681588E+00 a       892     0    56     1    12
  1.2163634764680856E+01 a       893     0    56     1    13
  1.3555661493990259E+00 a       894     0    56     1    14
 -1.4784261710279784E+01 a       895     0    56     1    15
  2.0739502835395671E-01 a       896     0    56     1    16
 -1.3707671019074344E-01 a       897     0    57     1     1
 -2.2414457925229887E+00 a       898     0    57     1     2
  1.8305390438264743E-01 a       899     0    57     1     3
  1.9835824016662831E+00 a       900     0    57     1     4
  3.5231188394093449E+00 a       901     0    57     1     5
  2.4007849378482646E+00 a       902     0    57     1     6
 -3.6162871793005804E+00 a       903     0    57     1     7
  2.4712287513365263E+00 a       904     0    57     1     8
 -4.7584081063269048E+00 a       905     0    57     1     9
 -1.3102810811493987E+01 a       906     0    57     1    10
 -5.1179863278912423E+00 a       907     0    57     1    11
 -5.8138836075562239E-01 a       908     0    57     1    12
  4.3799241856999283E+00 a       909     0    57     1    13
 -7.6503865752688469E+00 a       910     0    57     1    14
 -4.0816070748089717E-01 a       911     0    57     1    15
 -2.2063068652688820E+00 a       912     0    57     1    16
  2.5926052160658863E+00 a       913     0    58     1     1
  2.7097939668216999E+00 a       914     0    58     1     2
  9.1391319906530855E-01 a       915     0    58     1     3
 -4.3726437689748515E-01 a       916     0    58     1     4
  4.8308380570874165E+00 a       917     0    58     1     5
  4.5719409315027493E+00 a       918     0    58     1     6
 -6.0906056998588207E+00 a       919     0    58     1     7
 -2.2652233347340092E+00 a       920     0    58     1     8
 -7.8047428444761460E+00 a       921     0    58     1     9
 -7.0589887548528418E+00 a       922     0    58     1    10
  1.1522435349946218E+01 a       923     0    58     1    11
  3.8411472503889459E+00 a       924     0    58     1    12
  1.0605053479046703E-01 a       925     0    58     1    13
  3.1517536967175763E+00 a       926     0    58     1    14
 -1.4913294828253898E+00 a       927     0    58     1    15
  2.1140148323981363E+00 a       928     0    58     1    16
  1.2352064988729628E+01 a       929     0    59     1     1
 -6.6962509771086172E+00 a       930     0    59     1     2
  7.0636870584756632E+00 a       931     0    59     1     3
 -3.4058838027018736E+00 a       932     0    59     1     4
  9.6899385474999331E+00 a       933     0    59     1     5
  7.8091014802440328E-01 a       934     0    59     1     6
  7.7887300709356735E+00 a       935     0    59     1     7
  2.5365579788004617E+00 a       936     0    59     1     8
 -1.6898791402675538E+01 a       937     0    59     1     9
 -6.6405119307493399E+00 a       938     0    59     1    10
  1.0859191664068581E+01 a       939     0    59     1    11
  4.0570191452678889E-01 a       940     0    59     1    12
  1.6516175793506314E+01 a       941     0    59     1    13
 -7.7144440872583502E+00 a       942     0    59     1    14
 -1.6250792236182157E+01 a       943     0    59     1    15
 -1.3473398188873931E+00 a       944     0    59     1    16
 -7.6178580707662809E+00 a       945     0    60     1     1
  1.9958216636595827E+00 a       946     0    60     1     2
  3.7401832793009793E+00 a       947     0    60     1     3
 -3.7695980418648904E+00 a       948     0    60     1     4
 -4.7836598508811763E+00 a       949     0    60     1     5
 -4.2604176291485096E+00 a       950     0    60     1     6
 -2.3148404512084735E+00 a       951     0    60     1     7
  1.6312013442575517E+00 a       952     0    60     1     8
  8.4404497451427662E+00 a       953     0    60     1     9
  2.5676932563180133E+00 a       954     0    60     1    10
 -1.5934757459689943E+00 a       955     0    60     1    11
 -9.5598287999999307E+00 a       956     0    60     1    12
 -4.6551678380667392E+00 a       957     0    60     1    13
 -4.5070940473568982E-01 a       958     0    60     1    14
 -4.5545992322576137E+00 a       959     0    60     1    15
 -3.1994993467930838E-01 a       960     0    60     1    16
  1.2225522207587545E+00 a       961     0    61     1     1
  2.6319196445266493E+00 a       962     0    61     1     2
  8.6541707450936833E-01 a       963     0    61     1     3
 -5.0176938828552328E-02 a       964     0    61     1     4
  9.8909403191025469E-01 a       965     0    61     1     5
  1.4798753121646979E+00 a       966     0    61     1     6
 -1.9606223126926976E+00 a       967     0    61     1     7
  1.7139807387991643E+00 a       968     0    61     1     8
 -5.4601257996434613E+00 a       969     0    61     1     9
 -3.8044190947933241E+00 a       970     0    61     1    10
  4.5156157523716783E-01 a       971     0    61     1    11
 -1.5751179192361315E+00 a       972     0    61     1    12
 -5.0137674309434654E-01 a       973     0    61     1    13
 -1.8322469723560966E+00 a       974     0    61     1    14
 -5.1121586612565217E-01 a       975     0    61     1    15
 -1.7569309204092887E+00 a       976     0    61     1    16
 -1.6817139430811547E+01 a       977     0    62     1     1
 -1.8088388018138892E+00 a       978     0    62     1     2
 -2.8662804763323075E+00 a       979     0    62     1     3
 -7.9121694552774757E+00 a       980     0    62     1     4
 -3.3135822487544986E+00 a       981     0    62     1     5
 -5.6100025071619948E+00 a       982     0    62     1     6
  3.0763860862023060E+00 a       983     0    62     1     7
  3.5523070859238812E+00 a       984     0    62     1     8
  2.0888342564582729E+01 a       985     0    62     1     9
 -1.1877584960576884E+00 a       986     0    62     1    10
 -2.7020714356044412E+01 a       987     0    62     1    11
 -1.1873923551168346E+01 a       988     0    62     1    12
 -5.6719782748886650E-02 a       989     0    62     1    13
  6.1103467511721137E+00 a       990     0    62     1    14
  3.4779381422405060E+00 a       991     0    62     1    15
 -6.4363036368877413E-02 a       992     0    62     1    16
 -2.2386278756923712E+01 a       993     0    63     1     1
 -5.6618288780772037E+00 a       994     0    63     1     2
 -6.1340978792986594E+00 a       995     0    63     1     3
 -1.9143197071391920E+00 a       996     0    63     1     4
 -4.5528839886189107E+00 a       997     0    63     1     5
 -2.7976273522138251E-01 a       998     0    63     1     6
  1.8798166375489862E+00 a       999     0    63     1     7
 -2.4548311747375724E+00 a      1000     0    63     1     8
  3.4660790045655013E+01 a      1001     0    63     1     9
  8.6352614301636521E+00 a      1002     0    63     1    10
 -1.8892153959452539E+01 a      1003     0    63     1    11
  1.8398070248387713E-01 a      1004     0    63     1    12
 -7.6534766327809995E+00 a      1005     0    63     1    13
  1.5703153984508836E+01 a      1006     0    63     1    14
  1.4893956657125253E+01 a      1007     0    63     1    15
  1.9261605741021580E+01 a      1008     0    63     1    16
 -1.6620528686139810E+01 a      1009     0    64     1     1
 -1.2340380866327891E+01 a      1010     0    64     1     2
 -6.2616650629593815E+00 a      1011     0    64     1     3
 -4.6700694553501325E+00 a      1012     0    64     1     4
 -5.9758183804477527E+00 a      1013     0    64     1     5
 -4.0395773757999152E+00 a      1014     0    64     1     6
  5.2127281642135435E+00 a      1015     0    64     1     7
  8.3357880589359201E+00 a      1016     0    64     1     8
  7.7150515130038215E+00 a      1017     0    64     1     9
 -8.2969485614598817E+00 a      1018     0    64     1    10
 -8.5880000692719189E+00 a      1019     0    64     1    11
  2.0140932689045030E+00 a      1020     0    64     1    12
 -5.9097451025641652E+00 a      1021     0    64     1    13
 -8.9283839247514099E+00 a      1022     0    64     1    14
 -3.0548577301225821E+00 a      1023     0    64     1    15
  4.0416841873066698E+00 a      1024     0    64     1    16
  3.5164197833627248E-01 b      1025     1     1
 -1.5453194486282557E-01 b      1026     1     2
  3.5357804416626637E-01 b      1027     1     3
 -2.5819769160483252E-01 b      1028     1     4
  3.0813078646658126E-01 b      1029     1     5
  4.2144087326303770E-01 b      1030     1     6
 -2.8975597509358120E-01 b      1031     1     7
  6.9942260808192791E-01 b      1032     1     8
  2.0172003735658423E-01 b      1033     1     9
 -8.4459853004743610E-02 b      1034     1    10
 -1.2560170831566100E-01 b      1035     1    11
 -3.1746902413864619E-01 b      1036     1    12
  1.5509198548863840E-01 b      1037     1    13
  7.4624570277987345E-01 b      1038     1    14
  2.0607592894683516E-01 b      1039     1    15
  4.1781595214046466E-02 b      1040     1    16
  6.6587425910544185E-01 a      1041     1     1     2     1
 -6.6827307698212013E-01 a      1042     1     1     2     2
  1.5903946578344252E-01 a      1043     1     1     2     3
  3.0614994787712574E-01 a      1044     1     1     2     4
  7.1179759230710726E-01 a      1045     1     1     2     5
  6.8406681831375671E-01 a      1046     1     1     2     6
  4.9179386798185265E-01 a      1047     1     1     2     7
 -2.3307869219603033E-01 a      1048     1     1     2     8
  8.6735470998079700E-01 a      1049     1     1     2     9
  6.5175011981386233E-01 a      1050     1     1     2    10
 -2.1354995646413419E+00 a      1051     1     1     2    11
 -7.9600824508193535E-01 a      1052     1     1     2    12
 -1.5510174264366752E-01 a      1053     1     1     2    13
 -1.6638176284560087E+00 a      1054     1     1     2    14
 -7.0633074064858137E-01 a      1055     1     1     2    15
 -3.5159266033204811E-01 a      1056     1     1     2    16
 -1.0417955748692218E+00 a      1057     1     2     2     1
 -1.1982121462629114E+00 a      1058     1     2     2     2
  1.0693650390094718E-01 a      1059     1     2     2     3
 -2.2470451354259482E-01 a      1060     1     2     2     4
  2.5266885492683833E-01 a      1061     1     2     2     5
  1.9889445242965593E+00 a      1062     1     2     2     6
  2.0914575376055719E-01 a      1063     1     2     2     7
  2.5478810285908488E-01 a      1064     1     2     2     8
 -1.0523413292421759E+00 a      1065     1     2     2     9
  3.8717467065929434E-01 a      1066     1     2     2    10
 -3.3190625212570577E+00 a      1067     1     2     2    11
 -1.4971798036161728E+00 a      1068     1     2     2    12
 -2.3780162223112455E+00 a      1069     1     2     2    13
  9.1040201089508610E-02 a      1070     1     2     2    14
  5.2147141714119072E-01 a      1071     1     2     2    15
 -4.0073622893780603E-01 a      1072     1     2     2    16
 -2.4034799267920812E-01 a      1073     1     3     2     1
  8.6245820759322045E-01 a      1074     1     3     2     2
  3.4320864997846140E-01 a      1075     1     3     2     3
 -8.1907768757080321E-02 a      1076     1     3     2     4
 -2.1554039809034423E-01 a      1077     1     3     2     5
  7.9139094406026414E-02 a      1078     1     3     2     6
 -4.8812271051721540E-01 a      1079     1     3     2     7
  1.6064093536456353E-01 a      1080     1     3     2     8
  1.0520425790056251E+00 a      1081     1     3     2     9
 -1.0788369276613767E-01 a      1082     1     3     2    10
 -1.2280786945612099E+00 a      1083     1     3     2    11
 -1.5091319700087948E+00 a      1084     1     3     2    12
  1.1380578871981262E+00 a      1085     1     3     2    13
  1.0183281874873469E+00 a      1086     1     3     2    14
  1.6665810125785324E-01 a      1087     1     3     2    15
  2.0908280271800109E-01 a      1088     1     3     2    16
  2.5960208263862570E+00 a      1089     1     4     2     1
  4.7090500293274842E-02 a      1090     1     4     2     2
 -5.2444311786622499E-01 a      1091     1     4     2     3
  7.9729403984320224E-01 a      1092     1     4     2     4
 -1.7125565549595061E-04 a      1093     1     4     2     5
 -4.5970904110414039E-02 a      1094     1     4     2     6
  2.8250818353002083E-01 a      1095     1     4     2     7
 -6.4488002367041386E-01 a      1096     1     4     2     8
 -8.4880207876122371E-01 a      1097     1     4     2     9
 -2.0061276197204903E+00 a      1098     1     4     2    10
 -1.6123372617349221E+00 a      1099     1     4     2    11
  3.3483137648093825E-02 a      1100     1     4     2    12
  4.3363598633494832E-01 a      1101     1     4     2    13
  5.3137485536101459E-01 a      1102     1     4     2    14
  6.3031331067290886E-01 a      1103     1     4     2    15
  5.9464522160285527E-01 a      1104     1     4     2    16
  1.9870662313746605E+00 a      1105     1     5     2     1
 -6.1235276293656153E-02 a      1106     1     5     2     2
  5.5670763978985505E-01 a      1107     1     5     2     3
 -8.5027285992635177E-02 a      1108     1     5     2     4
 -9.5220211565881840E-01 a      1109     1     5     2     5
  1.6493414898134100E+00 a      1110     1     5     2     6
 -9.5983272300868072E-01 a      1111     1     5     2     7
 -1.0294020720370149E-01 a      1112     1     5     2     8
 -2.0143776411307384E+00 a      1113     1     5     2     9
  6.3798684989665455E-01 a      1114     1     5     2    10
 -2.3440673068264592E-01 a      1115     1     5     2    11
 -8.8445076406871756E-02 a      1116     1     5     2    12
 -6.3791830788483428E-01 a      1117     1     5     2    13
  2.7542284883057642E+00 a      1118     1     5     2    14
  1.5054742397468308E+00 a      1119     1     5     2    15
  7.8513452825055696E-01 a      1120     1     5     2    16
 -7.0915123285038539E-01 a      1121     1     6     2     1
  9.1587014049333393E-01 a      1122     1     6     2     2
 -6.1164130628115287E-01 a      1123     1     6     2     3
 -4.2997437164825419E-01 a      1124     1     6     2     4
  3.5434982476375632E-01 a      1125     1     6     2     5
 -2.1446888677666283E+00 a      1126     1     6     2     6
  5.9425561370138880E-01 a      1127     1     6     2     7
 -5.0789721967839452E-01 a      1128     1     6     2     8
  2.3469984717947026E+00 a      1129     1     6     2     9
  1.0836943715811740E+00 a      1130     1     6     2    10
  1.1703884282612069E+00 a      1131     1     6     2    11
 -3.8141675353730902E+00 a      1132     1     6     2    12
  4.9752107980934651E-01 a      1133     1     6     2    13
 -4.8528178853008824E-01 a      1134     1     6     2    14
 -2.1653131814442708E-01 a      1135     1     6     2    15
  6.3755843834996509E-02 a      1136     1     6     2    16
 -2.4412653447846744E-01 a      1137     1     7     2     1
  2.2422260600377586E-01 a      1138     1     7     2     2
  3.0859850529469673E-01 a      1139     1     7     2     3
  4.7082182231590486E-01 a      1140     1     7     2     4
  8.4716382194880846E-01 a      1141     1     7     2     5
 -6.5977079669177408E-01 a      1142     1     7     2     6
  4.0746398131031564E-01 a      1143     1     7     2     7
  2.6035962914300587E-01 a      1144     1     7     2     8
 -3.6638355323480876E-01 a      1145     1     7     2     9
 -6.8992492119789986E-02 a      1146     1     7     2    10
 -2.7316172749429328E+00 a      1147     1     7     2    11
 -1.0826719028352034E+00 a      1148     1     7     2    12
  1.9098124113610748E-01 a      1149     1     7     2    13
 -1.2135156103569129E+00 a      1150     1     7     2    14
  1.9126555632020847E-01 a      1151     1     7     2    15
  4.8045547680313350E-01 a      1152     1     7     2    16
  2.5333094953968464E-02 a      1153     1     8     2     1
 -2.7528946304534108E-01 a      1154     1     8     2     2
  2.5654209339922729E-01 a      1155     1     8     2     3
 -1.8976628273168897E-03 a      1156     1     8     2     4
  8.7011533330575830E-01 a      1157     1     8     2     5
 -3.5274593600849513E-01 a      1158     1     8     2     6
  6.8706333574837897E-01 a      1159     1     8     2     7
  2.2019031766963848E-01 a      1160     1     8     2     8
 -3.3071937032613541E-01 a      1161     1     8     2     9
 -1.5396697646959950E-01 a      1162     1     8     2    10
 -1.8705236564057159E+00 a      1163     1     8     2    11
 -2.1989758165377191E-01 a      1164     1     8     2    12
 -5.9561970262388753E-01 a      1165     1     8     2    13
 -9.8320983084880798E-01 a      1166     1     8     2    14
 -5.7933233780855964E-01 a      1167     1     8     2    15
 -2.1089194734683450E-01 a      1168     1     8     2    16
 -8.6932103706320996E-01 a      1169     1     9     2     1
  3.8031767227742985E-02 a      1170     1     9     2     2
 -6.8056405670189446E-02 a      1171     1     9     2     3
 -2.2582238670361612E-01 a      1172     1     9     2     4
  1.8866357674930664E-01 a      1173     1     9     2     5
  7.0452991851378821E-01 a      1174     1     9     2     6
  2.2467296710638301E-01 a      1175     1     9     2     7
  5.4034350414466625E-01 a      1176     1     9     2     8
 -1.4266200750198385E-01 a      1177     1     9     2     9
  1.4848317652475778E+00 a      1178     1     9     2    10
 -1.9559517143279129E-01 a      1179     1     9     2    11
 -8.8256666636719827E-01 a      1180     1     9     2    12
  3.3575436626770727E-01 a      1181     1     9     2    13
 -1.2515573135797691E+00 a      1182     1     9     2    14
 -9.2271326825869404E-01 a      1183     1     9     2    15
 -3.2324586350147561E-01 a      1184     1     9     2    16
 -9.0660105098148180E-01 a      1185     1    10     2     1
  4.3258727022249555E-01 a      1186     1    10     2     2
  4.9433455766442487E-02 a      1187     1    10     2     3
  9.8528291791394462E-01 a      1188     1    10     2     4
  6.3375575732947872E-02 a      1189     1    10     2     5
 -1.3216441406780040E+00 a      1190     1    10     2     6
 -1.8618251052437329E-01 a      1191     1    10     2     7
  4.8919268516322140E-01 a      1192     1    10     2     8
 -1.6776329950571570E-01 a      1193     1    10     2     9
  2.1954544408206070E-01 a      1194     1    10     2    10
  2.2758709363860792E+00 a      1195     1    10     2    11
  1.6698772047863599E+00 a      1196     1    10     2    12
 -2.7565774859341302E-01 a      1197     1    10     2    13
  8.7802495314850815E-01 a      1198     1    10     2    14
 -5.2011135667894670E-01 a      1199     1    10     2    15
 -2.4567223346227146E-01 a      1200     1    10     2    16
  1.8427373483030221E-01 a      1201     1    11     2     1
 -3.9419523908232258E-02 a      1202     1    11     2     2
 -3.2905412066454864E-01 a      1203     1    11     2     3
 -5.0703184186317041E-01 a      1204     1    11     2     4
 -2.6429491119043275E-01 a      1205     1    11     2     5
 -1.1790104402195840E-01 a      1206     1    11     2     6
 -8.1111101484006194E-03 a      1207     1    11     2     7
  8.2465840999887546E-02 a      1208     1    11     2     8
 -1.7353253379794636E-01 a      1209     1    11     2     9
 -2.0183994007633083E-01 a      1210     1    11     2    10
 -6.3342728699183137E-01 a      1211     1    11     2    11
 -1.4014823005873831E+00 a      1212     1    11     2    12
 -6.5717718729113894E-01 a      1213     1    11     2    13
  7.4173325722720174E-02 a      1214     1    11     2    14
 -3.1179249318476426E-01 a      1215     1    11     2    15
  3.1245504753573161E-01 a      1216     1    11     2    16
 -1.4797736786287079E+00 a      1217     1    12     2     1
  8.3260933017321892E-01 a      1218     1    12     2     2
  5.7314639301646986E-01 a      1219     1    12     2     3
  7.0972599440416251E-01 a      1220     1    12     2     4
  2.2275818992848712E-01 a      1221     1    12     2     5
  3.1817719770242026E-01 a      1222     1    12     2     6
 -5.4133253360922773E-01 a      1223     1    12     2     7
  7.9481765032401042E-01 a      1224     1    12     2     8
  9.0362120360822251E-01 a      1225     1    12     2     9
  4.6055131895405832E-01 a      1226     1    12     2    10
  1.1648054805036348E-01 a      1227     1    12     2    11
  1.3260807583292487E+00 a      1228     1    12     2    12
  4.3392377173794350E-01 a      1229     1    12     2    13
  1.3059765605993010E+00 a      1230     1    12     2    14
 -3.8545748814205615E-03 a      1231     1    12     2    15
 -4.7884023048854633E-02 a      1232     1    12     2    16
  5.7401116240579442E-01 a      1233     1    13     2     1
 -1.3604339503434024E-01 a      1234     1    13     2     2
 -5.4247835889618368E-01 a      1235     1    13     2     3
  7.9955406260791240E-01 a      1236     1    13     2     4
  6.5958408799980228E-01 a      1237     1    13     2     5
 -1.0462399115189900E+00 a      1238     1    13     2     6
  8.4454020499287707E-01 a      1239     1    13     2     7
 -6.2174146716289805E-02 a      1240     1    13     2     8
  7.7208166583035021E-01 a      1241     1    13     2     9
 -1.9093295252176639E+00 a      1242     1    13     2    10
 -1.8418792045133707E+00 a      1243     1    13     2    11
 -3.6628777802339763E-01 a      1244     1    13     2    12
  5.5444536373832776E-01 a      1245     1    13     2    13
 -6.3290057330541305E-01 a      1246     1    13     2    14
 -6.7907991594239625E-01 a      1247     1    13     2    15
 -3.3524146245728620E-01 a      1248     1    13     2    16
  7.5920221310186953E-01 a      1249     1    14     2     1
  4.7718167809020906E-01 a      1250     1    14     2     2
 -5.4002340103446866E-01 a      1251     1    14     2     3
  6.3499555664544949E-01 a      1252     1    14     2     4
 -1.9686194953402303E-01 a      1253     1    14     2     5
  4.9276408917975278E-01 a      1254     1    14     2     6
 -6.1650109422751974E-03 a      1255     1    14     2     7
 -4.4602292612517164E-01 a      1256     1    14     2     8
 -1.9654825717346686E-01 a      1257     1    14     2     9
  3.1403534441576592E-02 a      1258     1    14     2    10
  1.2136071746332602E+00 a      1259     1    14     2    11
  7.0438237209722665E-01 a      1260     1    14     2    12
  6.0941854172863441E-01 a      1261     1    14     2    13
 -2.3884509154097441E-01 a      1262     1    14     2    14
 -2.1585067941363023E-01 a      1263     1    14     2    15
 -1.0916856054756165E-01 a      1264     1    14     2    16
  6.4988884124698754E-01 a      1265     1    15     2     1
 -1.2415823566036499E+00 a      1266     1    15     2     2
  8.6571172569641786E-01 a      1267     1    15     2     3
  5.0716875043839604E-01 a      1268     1    15     2     4
  6.2175181010781955E-01 a      1269     1    15     2     5
  9.4503582365906835E-02 a      1270     1    15     2     6
 -3.7980673100655135E-04 a      1271     1    15     2     7
 -7.0724020167367685E-01 a      1272     1    15     2     8
 -3.8809068342173753E-01 a      1273     1    15     2     9
  1.4986642127652633E-01 a      1274     1    15     2    10
 -1.9679289132948701E+00 a      1275     1    15     2    11
 -1.3547640918315389E+00 a      1276     1    15     2    12
 -1.1377551069270486E+00 a      1277     1    15     2    13
  4.6436136262195760E-01 a      1278     1    15     2    14
 -4.9106304705994153E-01 a      1279     1    15     2    15
 -3.5083795698360115E-01 a      1280     1    15     2    16
  1.0096215190520746E-01 a      1281     1    16     2     1
 -3.8658235752193110E-01 a      1282     1    16     2     2
  3.3553065777573698E-01 a      1283     1    16     2     3
  9.2165271492549394E-01 a      1284     1    16     2     4
  5.1597234548211079E-01 a      1285     1    16     2     5
  4.0791118285482429E-03 a      1286     1    16     2     6
 -6.1265135620634403E-02 a      1287     1    16     2     7
  4.9168080617020254E-01 a      1288     1    16     2     8
  2.2878742383884901E-01 a      1289     1    16     2     9
 -1.5632748789113002E+00 a      1290     1    16     2    10
 -4.1782911008980479E+00 a      1291     1    16     2    11
  4.7815040719460888E-01 a      1292     1    16     2    12
 -5.8838539386771782E-01 a      1293     1    16     2    13
 -2.0888191886704881E+00 a      1294     1    16     2    14
  8.0479204555349415E-01 a      1295     1    16     2    15
 -3.1496142113045866E-01 a      1296     1    16     2    16
 -7.5905080716017936E-01 b      1297     2     1
 -2.9672090072818053E-01 b      1298     2     2
  3.3232754999282871E-01 b      1299     2     3
 -7.2921285611397713E-01 b      1300     2     4
 -4.2506772822176331E-01 b      1301     2     5
  5.1285708987024625E-01 b      1302     2     6
 -3.0976594595714474E-01 b      1303     2     7
 -4.4627651148713077E-01 b      1304     2     8
  4.2122417640264909E-01 b      1305     2     9
  2.4201048137479693E+00 b      1306     2    10
  1.0381748052204586E+01 b      1307     2    11
  3.1715139516242994E+00 b      1308     2    12
 -1.0997730790069420E+00 b      1309     2    13
  2.1868323570211663E+00 b      1310     2    14
  1.0086928209076353E+00 b      1311     2    15
 -6.4227992413049173E-01 b      1312     2    16
  4.5285541065177085E-02 a      1313     2     1     3     1
  1.8798291476082080E-01 a      1314     2     2     3     1
 -4.8261955159066394E-01 a      1315     2     3     3     1
 -1.4060198771282786E-01 a      1316     2     4     3     1
  6.0713796618265636E-01 a      1317     2     5     3     1
 -1.3936854640442762E-02 a      1318     2     6     3     1
 -6.0235412554131929E-01 a      1319     2     7     3     1
 -2.0497020968868723E-01 a      1320     2     8     3     1
 -6.9233790252683516E-02 a      1321     2     9     3     1
  2.6464241187205258E-02 a      1322     2    10     3     1
 -5.1371419428219338E-03 a      1323     2    11     3     1
 -1.1516802760786685E-01 a      1324     2    12     3     1
 -2.0354692367301033E-01 a      1325     2    13     3     1
  3.0089203079783348E-02 a      1326     2    14     3     1
  5.5652650841569569E-02 a      1327     2    15     3     1
 -4.1772724649715082E-01 a      1328     2    16     3     1
  1.3349920511178637E-01 b      1329     3     1
