################################################################################
# Neural network connection values (weights and biases).
################################################################################
# Col  Name       Description
################################################################################
# 1    connection Neural network connection value.
# 2    t          Connection type (a = weight, b = bias).
# 3    index      Index enumerating weights.
# 4    l_s        Starting point layer (end point layer for biases).
# 5    n_s        Starting point neuron in starting layer (end point neuron for biases).
# 6    l_e        End point layer.
# 7    n_e        End point neuron in end layer.
################################################################################
#                      1 2         3     4     5     6     7
#             connection t     index   l_s   n_s   l_e   n_e
############################################################
 -1.2682196920582904E+00 a         1     0     1     1     1
 -1.5378411876667752E+00 a         2     0     1     1     2
 -2.5471204391703384E+00 a         3     0     1     1     3
 -1.0123131436850555E+01 a         4     0     1     1     4
  4.2560709578359646E+00 a         5     0     1     1     5
  5.6083927850689141E+00 a         6     0     1     1     6
 -5.8175212616317813E+00 a         7     0     1     1     7
  3.8200206101946996E+00 a         8     0     1     1     8
 -8.6703349410976998E+00 a         9     0     1     1     9
 -1.9849835244995873E+00 a        10     0     1     1    10
  3.1101491019689993E+00 a        11     0     1     1    11
  7.8003496580201652E+00 a        12     0     1     1    12
  5.8186296722967512E+00 a        13     0     1     1    13
  1.0228484274951388E+00 a        14     0     1     1    14
  3.0414883425868524E+00 a        15     0     1     1    15
  3.0921749824479505E+00 a        16     0     1     1    16
 -2.8887945472049186E+00 a        17     0     2     1     1
 -7.3213711802512034E+00 a        18     0     2     1     2
 -7.4125314145890329E+00 a        19     0     2     1     3
 -3.2717765859696248E+00 a        20     0     2     1     4
 -2.3196678756344831E+00 a        21     0     2     1     5
 -2.7662083351884328E+00 a        22     0     2     1     6
  1.2919988464904797E+00 a        23     0     2     1     7
  2.4067424722257371E+00 a        24     0     2     1     8
 -7.6335379442714828E+00 a        25     0     2     1     9
 -4.8574036073855620E+00 a        26     0     2     1    10
  1.4256653845317158E+00 a        27     0     2     1    11
  3.2686090767472664E+00 a        28     0     2     1    12
 -4.8372071730127990E+00 a        29     0     2     1    13
 -3.9593249782308235E+00 a        30     0     2     1    14
 -5.2764416039746798E-01 a        31     0     2     1    15
 -4.3170934485363848E+00 a        32     0     2     1    16
 -3.0098929335551188E+00 a        33     0     3     1     1
 -2.1762464699822107E+01 a        34     0     3     1     2
 -7.2881321782881781E+00 a        35     0     3     1     3
 -5.2207651220688946E+00 a        36     0     3     1     4
 -3.3669800023270913E+00 a        37     0     3     1     5
 -6.8904280000756957E-01 a        38     0     3     1     6
 -3.6511650874834776E+00 a        39     0     3     1     7
  1.9308365542378642E+01 a        40     0     3     1     8
 -2.0628886840119065E+01 a        41     0     3     1     9
 -4.0284834649035268E+01 a        42     0     3     1    10
 -7.6874683274624598E+00 a        43     0     3     1    11
  5.0732341056152261E+00 a        44     0     3     1    12
 -1.7699753808090108E+01 a        45     0     3     1    13
 -1.8051341418406651E+01 a        46     0     3     1    14
 -2.9044308121363605E+00 a        47     0     3     1    15
 -1.1630024888095166E+01 a        48     0     3     1    16
  1.9855965747115178E+01 a        49     0     4     1     1
  3.4839956434774294E+01 a        50     0     4     1     2
  1.1356606184669701E+01 a        51     0     4     1     3
  2.0293058365515282E+01 a        52     0     4     1     4
  1.0715448444279211E+01 a        53     0     4     1     5
  4.9818022470677414E+00 a        54     0     4     1     6
  8.8588809456646729E+00 a        55     0     4     1     7
 -2.2000582649838336E+01 a        56     0     4     1     8
  2.8364092781779025E+01 a        57     0     4     1     9
  5.9440534248428811E+01 a        58     0     4     1    10
  2.5327282892547093E+01 a        59     0     4     1    11
  1.0404719768479138E+01 a        60     0     4     1    12
  1.8898264277094203E+01 a        61     0     4     1    13
  1.4749563012065982E+01 a        62     0     4     1    14
 -8.7529678460268148E+00 a        63     0     4     1    15
  2.2570160450430706E+01 a        64     0     4     1    16
  3.8129836959295562E+00 a        65     0     5     1     1
  2.0311858802022584E+00 a        66     0     5     1     2
  3.7705747141161344E-01 a        67     0     5     1     3
  3.7754570269852192E+00 a        68     0     5     1     4
 -2.8559237651942451E+00 a        69     0     5     1     5
 -2.9730169837632658E+00 a        70     0     5     1     6
  3.3522250993079794E+00 a        71     0     5     1     7
  4.3042955996322990E-01 a        72     0     5     1     8
  7.9649868447744951E-02 a        73     0     5     1     9
  1.5968847704384244E+00 a        74     0     5     1    10
  1.3672389682696404E+00 a        75     0     5     1    11
  7.5707428054684789E-01 a        76     0     5     1    12
 -3.3096541873716188E+00 a        77     0     5     1    13
  1.2250972716824740E+00 a        78     0     5     1    14
 -1.9170766233824355E+00 a        79     0     5     1    15
 -2.4015687724965065E+00 a        80     0     5     1    16
  6.6160100536552680E+00 a        81     0     6     1     1
  3.3927833904450808E+00 a        82     0     6     1     2
  1.4341167645427104E+00 a        83     0     6     1     3
  1.3432424686890903E+00 a        84     0     6     1     4
  1.8859275561463102E+00 a        85     0     6     1     5
  2.4585463365663962E+00 a        86     0     6     1     6
 -1.0643783404030287E+00 a        87     0     6     1     7
 -5.1098737415800966E-01 a        88     0     6     1     8
 -1.7599533367892682E-02 a        89     0     6     1     9
  1.8570073699319223E+00 a        90     0     6     1    10
  3.0137394001816329E+00 a        91     0     6     1    11
  2.7371636237966275E+00 a        92     0     6     1    12
  1.8339770523461572E+00 a        93     0     6     1    13
  2.3664550689771371E+00 a        94     0     6     1    14
  1.1120197559924154E-01 a        95     0     6     1    15
  9.7174710697358113E-01 a        96     0     6     1    16
 -1.8146426321583299E+01 a        97     0     7     1     1
 -2.7937512348656139E+01 a        98     0     7     1     2
 -1.6612799542425282E+01 a        99     0     7     1     3
 -2.3764546382740100E+01 a       100     0     7     1     4
 -1.1654219689914173E+01 a       101     0     7     1     5
 -7.8477783531147489E+00 a       102     0     7     1     6
 -3.4520348933070228E+00 a       103     0     7     1     7
  9.2925818149545307E+00 a       104     0     7     1     8
 -2.7596019782196528E+01 a       105     0     7     1     9
 -3.4030660172735942E+01 a       106     0     7     1    10
 -2.3104883647958488E+01 a       107     0     7     1    11
 -1.9606720646026375E+01 a       108     0     7     1    12
 -1.0671054318390084E+01 a       109     0     7     1    13
 -4.6587091579854425E+00 a       110     0     7     1    14
  1.3287426668718128E+01 a       111     0     7     1    15
 -1.8800264672569526E+01 a       112     0     7     1    16
  7.6998779222074489E+00 a       113     0     8     1     1
  1.3204022595705529E+01 a       114     0     8     1     2
  1.0411171309706498E+01 a       115     0     8     1     3
  1.2493295913984177E+01 a       116     0     8     1     4
  5.6926869749214504E+00 a       117     0     8     1     5
  5.3323554624258191E+00 a       118     0     8     1     6
 -9.6123816801046913E-01 a       119     0     8     1     7
 -5.2336753697075544E-01 a       120     0     8     1     8
  1.6417639112147093E+01 a       121     0     8     1     9
  1.4346965403532822E+01 a       122     0     8     1    10
  8.8133090807345855E+00 a       123     0     8     1    11
  1.0540264077583531E+01 a       124     0     8     1    12
  4.3305136921425662E+00 a       125     0     8     1    13
  1.8733892323865369E+00 a       126     0     8     1    14
 -4.4569565212346536E+00 a       127     0     8     1    15
  6.9325793772769746E+00 a       128     0     8     1    16
  4.8659674980842986E+00 a       129     0     9     1     1
 -1.2514264413254327E+01 a       130     0     9     1     2
  1.2544124985108143E+01 a       131     0     9     1     3
  1.2219024028194905E+01 a       132     0     9     1     4
  3.4347065350571162E+00 a       133     0     9     1     5
 -1.1222182858472761E+01 a       134     0     9     1     6
  6.1692695609188526E+00 a       135     0     9     1     7
 -1.1485356740936540E+01 a       136     0     9     1     8
  3.3839742172116982E+00 a       137     0     9     1     9
 -1.7488614971293813E+01 a       138     0     9     1    10
 -1.2646839149985183E+01 a       139     0     9     1    11
 -1.0860213120565360E+01 a       140     0     9     1    12
 -1.2786115268839374E+01 a       141     0     9     1    13
 -7.3921555510214416E+00 a       142     0     9     1    14
 -1.5571624546575354E+01 a       143     0     9     1    15
 -1.5802324522506261E+01 a       144     0     9     1    16
  4.1038630298301371E+00 a       145     0    10     1     1
  9.9777257774385653E-01 a       146     0    10     1     2
  1.5857860274290998E+00 a       147     0    10     1     3
  4.4642434542709273E+00 a       148     0    10     1     4
 -5.7007477118784964E+00 a       149     0    10     1     5
 -5.1696713060622557E+00 a       150     0    10     1     6
 -6.5618213004468364E+00 a       151     0    10     1     7
  7.6694841903749671E+00 a       152     0    10     1     8
 -4.0958566008812047E+00 a       153     0    10     1     9
 -9.1778927042763971E+00 a       154     0    10     1    10
 -1.0454083150391813E+01 a       155     0    10     1    11
  5.7890560967883320E-01 a       156     0    10     1    12
 -1.2502360403271062E+00 a       157     0    10     1    13
  1.2640913559918552E+00 a       158     0    10     1    14
 -2.4093762955382996E+00 a       159     0    10     1    15
 -2.6722608067130427E+00 a       160     0    10     1    16
 -2.9136160447487134E+00 a       161     0    11     1     1
 -2.1429909584078040E+01 a       162     0    11     1     2
  2.7582467148944978E+01 a       163     0    11     1     3
 -1.0262463564767501E+01 a       164     0    11     1     4
 -1.5341461948291917E+01 a       165     0    11     1     5
 -7.0315283047992967E+00 a       166     0    11     1     6
 -1.3663426655926189E-01 a       167     0    11     1     7
 -1.3735477454280606E+01 a       168     0    11     1     8
 -1.0539949447490777E+00 a       169     0    11     1     9
 -6.6343506833573382E+00 a       170     0    11     1    10
 -3.7679274941118717E+00 a       171     0    11     1    11
 -1.3390905644426088E+01 a       172     0    11     1    12
  7.1033548295577749E+00 a       173     0    11     1    13
  1.2535882693295010E+01 a       174     0    11     1    14
  2.3298765739838769E+00 a       175     0    11     1    15
 -2.2497171336314686E+01 a       176     0    11     1    16
  3.2526424587825282E+01 a       177     0    12     1     1
  1.8637518099785808E+01 a       178     0    12     1     2
 -3.1014199989404560E+01 a       179     0    12     1     3
  2.0838792623985265E+00 a       180     0    12     1     4
 -1.8944680643926159E+01 a       181     0    12     1     5
 -1.4780436171268196E+01 a       182     0    12     1     6
 -5.1541766369161035E+00 a       183     0    12     1     7
 -2.8415558508172953E+01 a       184     0    12     1     8
  2.3702281831662550E+01 a       185     0    12     1     9
 -4.2017972464461458E+01 a       186     0    12     1    10
  3.4373315028882895E-01 a       187     0    12     1    11
 -1.9175255776120835E+01 a       188     0    12     1    12
 -6.3464774587259098E+00 a       189     0    12     1    13
 -8.1681243331266771E+00 a       190     0    12     1    14
  2.4505659353713209E+00 a       191     0    12     1    15
  2.3251674872580321E+00 a       192     0    12     1    16
 -1.0524382815106915E+01 a       193     0    13     1     1
 -8.7934134429345772E+00 a       194     0    13     1     2
 -1.5790382586208583E+01 a       195     0    13     1     3
 -1.0741156448798634E+01 a       196     0    13     1     4
 -2.4465758720502273E+00 a       197     0    13     1     5
 -9.1662168944976175E-01 a       198     0    13     1     6
  1.0699655637503307E+01 a       199     0    13     1     7
 -3.5298865681304781E+00 a       200     0    13     1     8
  3.7279013428989365E+00 a       201     0    13     1     9
  9.3571342069921781E-01 a       202     0    13     1    10
 -3.7010418227737110E+00 a       203     0    13     1    11
  2.1046020416365501E+00 a       204     0    13     1    12
  4.3204358186662351E+00 a       205     0    13     1    13
 -8.4715232543666819E+00 a       206     0    13     1    14
  6.8123758400323799E+00 a       207     0    13     1    15
  4.2956618071130386E+00 a       208     0    13     1    16
 -3.6988645977696571E+01 a       209     0    14     1     1
 -1.8666759975959209E+01 a       210     0    14     1     2
 -4.0160386434114095E+01 a       211     0    14     1     3
  4.9529027374606663E+01 a       212     0    14     1     4
 -4.6484265917375929E+01 a       213     0    14     1     5
 -2.8574168593695020E+01 a       214     0    14     1     6
 -1.6363288017189710E+01 a       215     0    14     1     7
 -9.3583173501916015E+00 a       216     0    14     1     8
 -4.0784115568673734E+01 a       217     0    14     1     9
  3.7384152174270113E+01 a       218     0    14     1    10
  2.4930033280653713E+01 a       219     0    14     1    11
  2.2630097418804628E+01 a       220     0    14     1    12
  1.4974591401512990E+01 a       221     0    14     1    13
  2.9798317980753065E+01 a       222     0    14     1    14
  3.6094444195472526E+01 a       223     0    14     1    15
 -3.4904364430375196E+01 a       224     0    14     1    16
  1.2164758443604371E+00 a       225     0    15     1     1
  5.3122824310685068E-01 a       226     0    15     1     2
 -2.6337741195018687E+00 a       227     0    15     1     3
 -4.8917067587626537E+00 a       228     0    15     1     4
 -1.3359442738071270E+00 a       229     0    15     1     5
 -2.9168752576765393E+00 a       230     0    15     1     6
 -2.4463747276480157E+00 a       231     0    15     1     7
 -1.5908954805286719E+00 a       232     0    15     1     8
 -1.1325094566103824E+00 a       233     0    15     1     9
 -9.8502610936197055E+00 a       234     0    15     1    10
  7.2650937767507329E-01 a       235     0    15     1    11
  6.0567065637113449E-01 a       236     0    15     1    12
 -9.4053173760445274E-01 a       237     0    15     1    13
 -8.8110400570389991E-01 a       238     0    15     1    14
 -2.3824274587716263E+00 a       239     0    15     1    15
 -1.1523967330561951E+00 a       240     0    15     1    16
 -3.1236078840349526E+00 a       241     0    16     1     1
  1.2593678397574277E+00 a       242     0    16     1     2
 -4.2484172682882857E+00 a       243     0    16     1     3
 -1.1261728957619861E+00 a       244     0    16     1     4
 -5.5641077647563755E+00 a       245     0    16     1     5
 -5.3193795494806864E+00 a       246     0    16     1     6
  3.5320925616495282E+00 a       247     0    16     1     7
 -3.6217102140307018E+00 a       248     0    16     1     8
  6.5790044286401761E-01 a       249     0    16     1     9
 -1.3428041251285641E+00 a       250     0    16     1    10
 -4.6822815466331846E+00 a       251     0    16     1    11
  1.6363359383699398E+00 a       252     0    16     1    12
  1.6654206253209767E-02 a       253     0    16     1    13
  2.5448009762494874E+00 a       254     0    16     1    14
  1.3271073092640429E+00 a       255     0    16     1    15
  1.2770690594015330E+00 a       256     0    16     1    16
 -9.1879195598516166E+00 a       257     0    17     1     1
 -8.5373212281047532E+00 a       258     0    17     1     2
 -8.2940644769222622E+00 a       259     0    17     1     3
  6.8222022592612497E+00 a       260     0    17     1     4
 -8.3357714113610513E+00 a       261     0    17     1     5
 -5.6289983383049931E+00 a       262     0    17     1     6
  2.5938148242338412E+00 a       263     0    17     1     7
 -2.2938397138346707E+00 a       264     0    17     1     8
 -7.1601797549392376E-01 a       265     0    17     1     9
  6.0000272543293880E+00 a       266     0    17     1    10
 -7.6063164592572718E-01 a       267     0    17     1    11
  5.7446476490283427E+00 a       268     0    17     1    12
  9.5791701649802885E-01 a       269     0    17     1    13
  2.7735924866422343E+00 a       270     0    17     1    14
  7.1594908469729868E+00 a       271     0    17     1    15
 -4.6424118189654751E+00 a       272     0    17     1    16
  1.1016754111139131E+01 a       273     0    18     1     1
  3.5400208121027731E+01 a       274     0    18     1     2
 -3.0178965709370097E+01 a       275     0    18     1     3
  1.0462267839939624E+01 a       276     0    18     1     4
 -1.5652941228472534E+01 a       277     0    18     1     5
  1.2137288669557670E+01 a       278     0    18     1     6
 -1.8463734306210348E+01 a       279     0    18     1     7
  2.7380314179147256E+01 a       280     0    18     1     8
  4.2832161475425083E+00 a       281     0    18     1     9
  1.8129287805417064E+01 a       282     0    18     1    10
  2.9460177096741102E+01 a       283     0    18     1    11
 -3.8677985109412032E+00 a       284     0    18     1    12
  9.3931305582861331E+00 a       285     0    18     1    13
  6.8157171915319417E+00 a       286     0    18     1    14
  1.9079686662801524E+01 a       287     0    18     1    15
  2.7635816641931928E+01 a       288     0    18     1    16
  9.1185348329760387E+00 a       289     0    19     1     1
  1.0582784282884788E+01 a       290     0    19     1     2
  2.4271222834905647E+01 a       291     0    19     1     3
  1.3414651762079826E+01 a       292     0    19     1     4
  1.1205002365940679E+01 a       293     0    19     1     5
  7.6229329397375123E+00 a       294     0    19     1     6
 -1.4041390033897319E+01 a       295     0    19     1     7
  6.2783181592454822E+00 a       296     0    19     1     8
 -4.7057388015051007E+00 a       297     0    19     1     9
 -6.9926994072835102E-01 a       298     0    19     1    10
  1.7385578825161598E+01 a       299     0    19     1    11
 -5.7473424549041274E+00 a       300     0    19     1    12
 -6.6986836593332280E+00 a       301     0    19     1    13
  1.0492225789398868E+01 a       302     0    19     1    14
 -1.1561282695351117E+01 a       303     0    19     1    15
 -4.3925161758889848E+00 a       304     0    19     1    16
 -9.7973578614672163E-01 a       305     0    20     1     1
  8.0811779056507703E+01 a       306     0    20     1     2
 -6.1418563687975265E+01 a       307     0    20     1     3
  1.9629381587355958E+01 a       308     0    20     1     4
  4.2801323975801509E+01 a       309     0    20     1     5
  1.4926660773797611E+01 a       310     0    20     1     6
 -4.6075579827521040E+01 a       311     0    20     1     7
  3.0184139956624580E+01 a       312     0    20     1     8
  4.7280025226156379E+00 a       313     0    20     1     9
  2.9239471755815142E+01 a       314     0    20     1    10
 -7.1794799593061220E-01 a       315     0    20     1    11
  7.0351293645920618E+00 a       316     0    20     1    12
  3.5407146485078203E+00 a       317     0    20     1    13
  1.7016183013881498E+01 a       318     0    20     1    14
  1.8090627504260944E+01 a       319     0    20     1    15
  5.4396444111649629E+01 a       320     0    20     1    16
 -1.5884310954985507E+01 a       321     0    21     1     1
 -2.2141119323127434E+01 a       322     0    21     1     2
  2.3812051408566226E+01 a       323     0    21     1     3
  2.4111816673514133E+00 a       324     0    21     1     4
  1.4616350162449583E+01 a       325     0    21     1     5
  2.6751098778405629E+00 a       326     0    21     1     6
  1.3584474181748334E+01 a       327     0    21     1     7
 -3.3919018439608180E+00 a       328     0    21     1     8
 -2.3947347823834071E+00 a       329     0    21     1     9
  1.6589597296876669E+01 a       330     0    21     1    10
 -9.1449456371108475E+00 a       331     0    21     1    11
  4.5979235354329022E+00 a       332     0    21     1    12
 -1.7029170841305965E+00 a       333     0    21     1    13
  9.9792809377576974E-01 a       334     0    21     1    14
 -5.2779405646395841E+00 a       335     0    21     1    15
 -8.8503224131553022E+00 a       336     0    21     1    16
  1.7619641980597780E+01 a       337     0    22     1     1
 -1.9718016181942087E+01 a       338     0    22     1     2
  5.1316624754168330E+01 a       339     0    22     1     3
 -3.1850444109013246E+01 a       340     0    22     1     4
  1.8800469431458564E+00 a       341     0    22     1     5
  5.5358321187581092E+00 a       342     0    22     1     6
  1.9395160930064485E+01 a       343     0    22     1     7
 -9.3239509664063291E+00 a       344     0    22     1     8
  9.4723885110647092E+00 a       345     0    22     1     9
 -3.2222310096680673E+01 a       346     0    22     1    10
 -8.1309265288997035E-01 a       347     0    22     1    11
 -1.4071472237380853E+01 a       348     0    22     1    12
 -5.3330300916824589E+00 a       349     0    22     1    13
 -1.3081465549262365E+01 a       350     0    22     1    14
 -2.6027143989213108E+01 a       351     0    22     1    15
 -8.2719822165141359E+00 a       352     0    22     1    16
 -3.4939738745024327E+00 a       353     0    23     1     1
 -7.0121865589277190E+00 a       354     0    23     1     2
  4.9011875513305734E+00 a       355     0    23     1     3
  4.2865197209400713E-01 a       356     0    23     1     4
  4.3472069633374071E+00 a       357     0    23     1     5
 -1.9014901810543334E+00 a       358     0    23     1     6
  2.2032039525301448E+00 a       359     0    23     1     7
  5.0640646346233198E-01 a       360     0    23     1     8
  5.5636387183027625E-01 a       361     0    23     1     9
 -3.7228764360735145E+00 a       362     0    23     1    10
 -5.1009329929861540E+00 a       363     0    23     1    11
 -3.4177019373411759E+00 a       364     0    23     1    12
 -2.6711042522907080E+00 a       365     0    23     1    13
 -3.6732454582292045E+00 a       366     0    23     1    14
 -4.6307024468362208E+00 a       367     0    23     1    15
 -3.1511026021032809E+00 a       368     0    23     1    16
  8.6233255364780692E-01 a       369     0    24     1     1
 -6.3287528480925459E-01 a       370     0    24     1     2
 -5.2014108384893798E-01 a       371     0    24     1     3
  4.2598519192173505E+00 a       372     0    24     1     4
  3.0970200071473253E-01 a       373     0    24     1     5
 -3.2545118690028931E+00 a       374     0    24     1     6
  5.3250653821454765E+00 a       375     0    24     1     7
  6.5456554260179589E-01 a       376     0    24     1     8
 -1.4467270311378098E+00 a       377     0    24     1     9
  2.1889177157473041E+00 a       378     0    24     1    10
 -8.0081751022916912E+00 a       379     0    24     1    11
 -3.0121163753995188E+00 a       380     0    24     1    12
 -1.5719461151253644E+00 a       381     0    24     1    13
 -1.8159252257157494E+00 a       382     0    24     1    14
 -2.9742643816525343E+00 a       383     0    24     1    15
  1.2192788022355037E+00 a       384     0    24     1    16
 -5.1850699518142971E+00 a       385     0    25     1     1
 -8.9948092555543884E+00 a       386     0    25     1     2
  3.9256011516441194E+00 a       387     0    25     1     3
  2.8980685255513352E+00 a       388     0    25     1     4
 -4.2104611771573666E+00 a       389     0    25     1     5
 -2.3172489850846634E+00 a       390     0    25     1     6
  8.0294766504657371E+00 a       391     0    25     1     7
 -1.4247989705278081E+00 a       392     0    25     1     8
  3.9388443734654039E+00 a       393     0    25     1     9
  6.0529172548541892E+00 a       394     0    25     1    10
 -6.6270970196647410E+00 a       395     0    25     1    11
 -6.1729910169407134E+00 a       396     0    25     1    12
 -2.8408009801331544E+00 a       397     0    25     1    13
 -2.3940302854832831E+00 a       398     0    25     1    14
  2.0755018474140239E+00 a       399     0    25     1    15
 -5.7276448153807520E+00 a       400     0    25     1    16
  5.2112116115721925E+00 a       401     0    26     1     1
  3.9565091095697134E+00 a       402     0    26     1     2
 -2.3448310366819949E+00 a       403     0    26     1     3
 -7.7889432841450834E-01 a       404     0    26     1     4
 -3.2778074053215978E+00 a       405     0    26     1     5
  3.4983220751841204E-01 a       406     0    26     1     6
 -4.5496364930217098E-01 a       407     0    26     1     7
 -4.8786238260413066E+00 a       408     0    26     1     8
 -1.3334064979136591E+00 a       409     0    26     1     9
  5.8941620212358303E-01 a       410     0    26     1    10
 -6.2264614640398297E-01 a       411     0    26     1    11
  3.5197853718120156E+00 a       412     0    26     1    12
  9.6848663451310057E-01 a       413     0    26     1    13
  1.2487324454516968E+00 a       414     0    26     1    14
  2.3907127850022065E+00 a       415     0    26     1    15
 -1.2345117870512814E+00 a       416     0    26     1    16
 -1.3849114451912830E+00 a       417     0    27     1     1
 -3.0724415514276764E+00 a       418     0    27     1     2
 -1.9148315549093706E+00 a       419     0    27     1     3
 -6.3305846435745243E+00 a       420     0    27     1     4
  1.0089366248481888E+00 a       421     0    27     1     5
  4.9009258635347290E+00 a       422     0    27     1     6
 -3.8945661907809179E+00 a       423     0    27     1     7
  1.2419139805164461E+00 a       424     0    27     1     8
  2.4082963742841250E+00 a       425     0    27     1     9
 -2.5901319851077986E-01 a       426     0    27     1    10
  4.9330679411742064E+00 a       427     0    27     1    11
  3.7880862325306053E+00 a       428     0    27     1    12
  2.7962505290995807E+00 a       429     0    27     1    13
 -3.9694129975804007E+00 a       430     0    27     1    14
  5.3675159930029759E+00 a       431     0    27     1    15
 -2.8676117588905163E+00 a       432     0    27     1    16
  6.2647581964490593E+00 a       433     0    28     1     1
 -1.3462893043517250E+00 a       434     0    28     1     2
  2.9530835199113437E+00 a       435     0    28     1     3
 -1.5819631837481740E+00 a       436     0    28     1     4
 -1.6715567457561009E+00 a       437     0    28     1     5
  7.6932496340365097E-01 a       438     0    28     1     6
 -2.4470199464500229E+00 a       439     0    28     1     7
 -1.8773225037029548E+00 a       440     0    28     1     8
 -7.6104625953686016E+00 a       441     0    28     1     9
 -5.0542657276944940E+00 a       442     0    28     1    10
  4.7685348875329749E+00 a       443     0    28     1    11
  4.2645155597856990E+00 a       444     0    28     1    12
  2.7468878607952596E+00 a       445     0    28     1    13
 -1.5382932480729068E+00 a       446     0    28     1    14
 -2.6747752281166512E+00 a       447     0    28     1    15
 -4.9027806944180714E+00 a       448     0    28     1    16
 -3.2693583876030097E+01 a       449     0    29     1     1
 -1.4865623271193556E+01 a       450     0    29     1     2
  2.5403026017334053E+01 a       451     0    29     1     3
 -1.4494555565371105E+01 a       452     0    29     1     4
  1.5140228566208391E+01 a       453     0    29     1     5
  1.2938243219456918E+01 a       454     0    29     1     6
  2.1523926027591553E+00 a       455     0    29     1     7
  2.2194312833651310E+01 a       456     0    29     1     8
 -2.5559924849614944E+01 a       457     0    29     1     9
  3.1978124057972465E+01 a       458     0    29     1    10
 -4.0983506774440652E+00 a       459     0    29     1    11
  2.1599558555411150E+01 a       460     0    29     1    12
  8.8216632724133071E+00 a       461     0    29     1    13
  8.9767935107609826E+00 a       462     0    29     1    14
 -3.8392683414684076E-01 a       463     0    29     1    15
 -1.7259819343574130E+00 a       464     0    29     1    16
  2.3748807239288965E+01 a       465     0    30     1     1
 -5.4230707408257626E+00 a       466     0    30     1     2
  2.6574307263309869E+01 a       467     0    30     1     3
 -3.8809036773101880E+01 a       468     0    30     1     4
  3.1322104653424187E+01 a       469     0    30     1     5
  2.0880656167662462E+01 a       470     0    30     1     6
  3.1530741161193486E+01 a       471     0    30     1     7
  7.9557379402810833E+00 a       472     0    30     1     8
  4.0061495127517077E+01 a       473     0    30     1     9
 -3.2531543536624149E+01 a       474     0    30     1    10
 -2.6096779214980923E+01 a       475     0    30     1    11
 -1.2646391806937453E+01 a       476     0    30     1    12
 -1.7007925633476333E+01 a       477     0    30     1    13
 -3.6479934911508415E+01 a       478     0    30     1    14
 -3.2564872594778350E+01 a       479     0    30     1    15
  2.7745295643247516E+01 a       480     0    30     1    16
  1.9462037943145085E+00 a       481     0    31     1     1
  1.8359751732638447E-02 a       482     0    31     1     2
  6.7070521510699854E-01 a       483     0    31     1     3
  1.1695874656239211E+00 a       484     0    31     1     4
  2.9897044941538836E-01 a       485     0    31     1     5
  3.7334807893539969E-02 a       486     0    31     1     6
 -8.6114409524694813E-01 a       487     0    31     1     7
  4.5212645308833022E-01 a       488     0    31     1     8
 -2.3965458820309267E+00 a       489     0    31     1     9
 -4.5540578823252215E-01 a       490     0    31     1    10
  1.3798523350304630E+00 a       491     0    31     1    11
  2.3527020451894382E-01 a       492     0    31     1    12
 -9.4773213422199887E-01 a       493     0    31     1    13
 -1.4533619329760239E+00 a       494     0    31     1    14
 -4.9456027658640572E-01 a       495     0    31     1    15
 -9.8372792683929544E-01 a       496     0    31     1    16
 -3.5290198184934118E-01 a       497     0    32     1     1
  2.7402964192175067E-01 a       498     0    32     1     2
 -1.0494776430649716E-01 a       499     0    32     1     3
 -1.3788396768028877E+00 a       500     0    32     1     4
 -1.8042543866912701E+00 a       501     0    32     1     5
 -7.7941140017924626E-01 a       502     0    32     1     6
  6.3650550882641033E-01 a       503     0    32     1     7
  1.7595625192999884E+00 a       504     0    32     1     8
 -4.3238393542127422E+00 a       505     0    32     1     9
 -1.8214307142894799E+00 a       506     0    32     1    10
 -1.8507482658694393E-02 a       507     0    32     1    11
  1.2800189238983561E+00 a       508     0    32     1    12
 -1.3990129040457473E+00 a       509     0    32     1    13
 -9.4537330888249205E-01 a       510     0    32     1    14
 -1.0293433117862587E+00 a       511     0    32     1    15
 -1.3506528990595390E+00 a       512     0    32     1    16
  4.9086560635825671E-01 a       513     0    33     1     1
  8.4123261758936002E-02 a       514     0    33     1     2
  7.6738939522024519E-01 a       515     0    33     1     3
 -5.9316291492840256E-01 a       516     0    33     1     4
  8.0815136516754782E-01 a       517     0    33     1     5
  4.2378379197006079E-02 a       518     0    33     1     6
 -2.0432154538467060E+00 a       519     0    33     1     7
 -1.3092881071067446E+00 a       520     0    33     1     8
  3.4952518389401488E-01 a       521     0    33     1     9
 -5.0873686184457678E-01 a       522     0    33     1    10
 -9.3458431112606755E-01 a       523     0    33     1    11
 -1.2335707858375553E+00 a       524     0    33     1    12
 -5.7453340700750463E-02 a       525     0    33     1    13
  2.2510226484040805E+00 a       526     0    33     1    14
  8.1755682836972055E-01 a       527     0    33     1    15
 -1.0540777124500655E+00 a       528     0    33     1    16
  2.2092670575025086E+00 a       529     0    34     1     1
  2.4358372584601415E+00 a       530     0    34     1     2
  5.0898685395619014E-01 a       531     0    34     1     3
 -8.3579022458872387E-01 a       532     0    34     1     4
 -1.2657223376124954E-01 a       533     0    34     1     5
 -1.2757565769857629E-01 a       534     0    34     1     6
 -2.6678967522225041E+00 a       535     0    34     1     7
  4.0591881808496966E-01 a       536     0    34     1     8
 -2.3434385420767243E+00 a       537     0    34     1     9
 -2.1436316036769396E+00 a       538     0    34     1    10
  4.5223804692548364E-01 a       539     0    34     1    11
  9.6135914923769716E-01 a       540     0    34     1    12
 -4.4091723331756594E-01 a       541     0    34     1    13
 -2.9281898377670190E-01 a       542     0    34     1    14
 -8.6020199638609540E-01 a       543     0    34     1    15
 -2.8504267641492187E+00 a       544     0    34     1    16
 -1.1682231326583994E+00 a       545     0    35     1     1
  2.9714586485132299E-01 a       546     0    35     1     2
 -2.3728245992164814E+00 a       547     0    35     1     3
 -5.8809361910032187E-01 a       548     0    35     1     4
 -3.0655173930904688E-04 a       549     0    35     1     5
  8.0258210125202556E-01 a       550     0    35     1     6
 -4.5097583030928078E-03 a       551     0    35     1     7
 -5.0251848857656556E-01 a       552     0    35     1     8
  8.9161278227644392E-01 a       553     0    35     1     9
  1.5487099400812547E+00 a       554     0    35     1    10
  1.2175474493522270E-01 a       555     0    35     1    11
 -2.2714236273216506E+00 a       556     0    35     1    12
 -3.0677699427371015E+00 a       557     0    35     1    13
  6.3246541130541234E-01 a       558     0    35     1    14
  2.9042066602928509E+00 a       559     0    35     1    15
 -4.2149906171662671E-01 a       560     0    35     1    16
 -7.6596050073253352E-01 a       561     0    36     1     1
 -3.4389385888339001E+00 a       562     0    36     1     2
 -8.3837276499235747E-01 a       563     0    36     1     3
  1.7018573938929209E+00 a       564     0    36     1     4
  1.1856762010692070E-02 a       565     0    36     1     5
 -5.4115529538964491E-01 a       566     0    36     1     6
  1.9628879123805638E+00 a       567     0    36     1     7
  9.3823739944979467E-01 a       568     0    36     1     8
 -1.3845585494156347E+00 a       569     0    36     1     9
  8.5699868582838412E-01 a       570     0    36     1    10
  2.3712538747048448E-01 a       571     0    36     1    11
  4.6539739735758412E-01 a       572     0    36     1    12
  1.2184852221347497E+00 a       573     0    36     1    13
 -1.3627310950645386E+00 a       574     0    36     1    14
 -3.6369693915854540E-02 a       575     0    36     1    15
  3.0009947645978285E-01 a       576     0    36     1    16
  6.1905820807124257E-01 a       577     0    37     1     1
  5.3801518799495369E+00 a       578     0    37     1     2
  2.6952267329725479E+00 a       579     0    37     1     3
 -4.3892475778050573E+00 a       580     0    37     1     4
 -1.6216356861270911E+00 a       581     0    37     1     5
 -4.1751913489905350E+00 a       582     0    37     1     6
  1.3102719996868759E+01 a       583     0    37     1     7
 -1.4791957655572281E+01 a       584     0    37     1     8
  1.2308678852525773E+01 a       585     0    37     1     9
  2.4764077231314779E+01 a       586     0    37     1    10
  1.2324575901160760E+01 a       587     0    37     1    11
 -9.5311446031239768E+00 a       588     0    37     1    12
  8.4694669951498169E-01 a       589     0    37     1    13
  1.7576859851712378E+01 a       590     0    37     1    14
 -2.1348712535191248E+00 a       591     0    37     1    15
  5.5546417850825609E+00 a       592     0    37     1    16
 -4.1953759770745336E+00 a       593     0    38     1     1
  6.5105686461545753E-01 a       594     0    38     1     2
  1.2953098522941890E+00 a       595     0    38     1     3
  7.0794883855752755E-01 a       596     0    38     1     4
 -2.4257571239280273E+00 a       597     0    38     1     5
 -2.0758999118093873E+00 a       598     0    38     1     6
 -1.0964625380040225E+00 a       599     0    38     1     7
 -1.4280688263980759E+00 a       600     0    38     1     8
  6.8812228195684702E+00 a       601     0    38     1     9
  2.8188780811327883E+00 a       602     0    38     1    10
 -2.6241514875276404E+00 a       603     0    38     1    11
 -2.6826550877879480E+00 a       604     0    38     1    12
 -2.4892711333619517E+00 a       605     0    38     1    13
  3.0720544454995652E-01 a       606     0    38     1    14
  1.5531903914768669E-01 a       607     0    38     1    15
 -1.9923304350781093E+00 a       608     0    38     1    16
 -7.8481873400820508E+00 a       609     0    39     1     1
 -3.0196991682155128E+00 a       610     0    39     1     2
 -2.8262491313166542E+00 a       611     0    39     1     3
 -6.0438446131534249E+00 a       612     0    39     1     4
 -2.9520197488101005E+00 a       613     0    39     1     5
 -6.5976051218903384E+00 a       614     0    39     1     6
  8.8150479004356814E+00 a       615     0    39     1     7
 -3.2079290051120819E+00 a       616     0    39     1     8
  2.0537149326259765E+01 a       617     0    39     1     9
  9.5104634049218113E+00 a       618     0    39     1    10
 -1.1754402764627539E+01 a       619     0    39     1    11
 -8.6183002776380810E+00 a       620     0    39     1    12
  5.5134327218322223E+00 a       621     0    39     1    13
  4.7456958779024667E+00 a       622     0    39     1    14
  8.5285743085253141E-01 a       623     0    39     1    15
 -3.2448587618737519E+00 a       624     0    39     1    16
 -8.6542893619276544E+00 a       625     0    40     1     1
 -3.6600436599492463E+00 a       626     0    40     1     2
  6.2237820970208073E+00 a       627     0    40     1     3
 -3.1613722476336198E-01 a       628     0    40     1     4
  4.0872611387973441E+00 a       629     0    40     1     5
 -1.0165491698548836E+00 a       630     0    40     1     6
 -6.5516735995740030E+00 a       631     0    40     1     7
 -4.0070965865974699E+00 a       632     0    40     1     8
  1.7575930578915589E+01 a       633     0    40     1     9
  4.7159967659197637E+00 a       634     0    40     1    10
 -5.2284908963089842E+00 a       635     0    40     1    11
 -1.4282772965766744E+01 a       636     0    40     1    12
  1.8654884481043856E+00 a       637     0    40     1    13
 -4.3289284045370202E+00 a       638     0    40     1    14
 -1.0719988671208507E+00 a       639     0    40     1    15
  3.5319407198650872E+00 a       640     0    40     1    16
 -6.6729890298948673E+00 a       641     0    41     1     1
 -1.8654876584082072E+00 a       642     0    41     1     2
  2.9977499776044398E+00 a       643     0    41     1     3
  3.4508458399053787E-01 a       644     0    41     1     4
 -1.2472578046590337E+00 a       645     0    41     1     5
 -1.2027271090434002E+00 a       646     0    41     1     6
 -1.9903045332253027E+00 a       647     0    41     1     7
 -6.5289206452158211E-01 a       648     0    41     1     8
  6.8182961058455795E+00 a       649     0    41     1     9
  3.7529387112490955E+00 a       650     0    41     1    10
  1.2183883760329557E+00 a       651     0    41     1    11
 -5.0107930185271279E+00 a       652     0    41     1    12
 -2.1531410561837565E+00 a       653     0    41     1    13
 -1.2431686116130014E+00 a       654     0    41     1    14
  5.7692853337275396E-01 a       655     0    41     1    15
  2.3300535959289141E+00 a       656     0    41     1    16
  1.8968284051971576E+00 a       657     0    42     1     1
 -1.2937790541058142E+01 a       658     0    42     1     2
 -9.2665270011956000E+00 a       659     0    42     1     3
  6.9865957470108082E+00 a       660     0    42     1     4
 -2.4062531900844983E+00 a       661     0    42     1     5
  3.7744348127990457E+00 a       662     0    42     1     6
 -8.0138634684268624E+00 a       663     0    42     1     7
  2.0776082879930239E+01 a       664     0    42     1     8
 -1.2463045508793627E+01 a       665     0    42     1     9
 -1.8833665397430792E+01 a       666     0    42     1    10
 -1.5971795726430390E+01 a       667     0    42     1    11
  3.2846611884565142E+01 a       668     0    42     1    12
 -4.0865652574117890E+00 a       669     0    42     1    13
 -1.6257984007697765E+01 a       670     0    42     1    14
  6.6939165020122253E+00 a       671     0    42     1    15
 -6.5132373187822648E+00 a       672     0    42     1    16
  2.3056815397737900E+00 a       673     0    43     1     1
 -3.0585696820225428E+00 a       674     0    43     1     2
 -6.2289496748208240E-01 a       675     0    43     1     3
 -1.6751769807267418E+00 a       676     0    43     1     4
  7.6905054599712330E-01 a       677     0    43     1     5
 -6.5229099029059379E-02 a       678     0    43     1     6
  3.4315308230816721E+00 a       679     0    43     1     7
 -3.2219148412009202E-01 a       680     0    43     1     8
  3.3306669653460902E-01 a       681     0    43     1     9
  3.3249162744172072E+00 a       682     0    43     1    10
  1.4550130113355955E+00 a       683     0    43     1    11
  3.2288348278305485E+00 a       684     0    43     1    12
  1.8774808701658492E+00 a       685     0    43     1    13
  4.9943200335754057E-01 a       686     0    43     1    14
  2.0521757175804953E-01 a       687     0    43     1    15
  2.3685262266520875E+00 a       688     0    43     1    16
  1.8017016710891301E+01 a       689     0    44     1     1
 -1.4181096801786517E+00 a       690     0    44     1     2
  2.0396457194047697E+00 a       691     0    44     1     3
  1.8040775953187321E+01 a       692     0    44     1     4
 -2.1353256025711982E+00 a       693     0    44     1     5
  1.0128814181068277E+01 a       694     0    44     1     6
 -1.6546363804413811E+00 a       695     0    44     1     7
  2.5897304696950325E+00 a       696     0    44     1     8
 -3.3273214010128484E+01 a       697     0    44     1     9
  6.0300102581602344E+00 a       698     0    44     1    10
  2.1262195913535098E+01 a       699     0    44     1    11
  1.8098753044840418E+01 a       700     0    44     1    12
 -7.6048135792263460E+00 a       701     0    44     1    13
 -2.1025520706024100E+01 a       702     0    44     1    14
  5.1468183715082017E+00 a       703     0    44     1    15
  4.6948918181279051E+00 a       704     0    44     1    16
  6.7881969714368617E+00 a       705     0    45     1     1
  5.9859273424244543E+00 a       706     0    45     1     2
 -3.1291380094058527E+00 a       707     0    45     1     3
 -7.3040946970146481E-01 a       708     0    45     1     4
 -2.3377682741536194E+00 a       709     0    45     1     5
  2.0858984705589227E+00 a       710     0    45     1     6
  7.1829604156435165E+00 a       711     0    45     1     7
 -4.2635599418737584E+00 a       712     0    45     1     8
 -3.1639561096626121E+00 a       713     0    45     1     9
  5.1241980006194980E+00 a       714     0    45     1    10
  6.0495228671165480E+00 a       715     0    45     1    11
  8.2652031177254290E+00 a       716     0    45     1    12
  4.4209474497128625E+00 a       717     0    45     1    13
  6.3455270093231411E+00 a       718     0    45     1    14
  6.6344232288354519E+00 a       719     0    45     1    15
  1.2093320634937446E+00 a       720     0    45     1    16
  9.5444874255992183E+00 a       721     0    46     1     1
  4.5662189854305799E+00 a       722     0    46     1     2
 -4.5113020755627469E+00 a       723     0    46     1     3
 -7.4284096463277516E-01 a       724     0    46     1     4
  8.4817965546263829E-01 a       725     0    46     1     5
  9.5081698882708487E-01 a       726     0    46     1     6
  7.3632061756915457E+00 a       727     0    46     1     7
 -5.4693038370438796E-01 a       728     0    46     1     8
 -1.0477608069026401E+00 a       729     0    46     1     9
 -4.3999269116938233E+00 a       730     0    46     1    10
 -1.1735944908011591E+01 a       731     0    46     1    11
  3.5530713389968329E+00 a       732     0    46     1    12
  7.5925232699778196E+00 a       733     0    46     1    13
  1.0689392039731106E-01 a       734     0    46     1    14
  5.4044508994192741E-01 a       735     0    46     1    15
 -4.7664892487186155E+00 a       736     0    46     1    16
  4.4049416882455645E+00 a       737     0    47     1     1
  5.9102667808392582E+00 a       738     0    47     1     2
 -4.7025005518287575E+00 a       739     0    47     1     3
  8.7823961083691895E+00 a       740     0    47     1     4
 -9.3118221761742923E+00 a       741     0    47     1     5
 -1.5283127362866582E+00 a       742     0    47     1     6
  3.6449948762881808E+00 a       743     0    47     1     7
  3.2312122706851794E+00 a       744     0    47     1     8
 -1.3277774611116119E+01 a       745     0    47     1     9
  3.7330135784603335E+00 a       746     0    47     1    10
 -9.4231330520229335E+00 a       747     0    47     1    11
 -1.3174294518973129E+01 a       748     0    47     1    12
 -1.2112025433337731E+01 a       749     0    47     1    13
 -1.2522479383395446E+01 a       750     0    47     1    14
  6.4374142094856897E+00 a       751     0    47     1    15
 -1.5966009509710769E+01 a       752     0    47     1    16
 -1.1355630476359167E+01 a       753     0    48     1     1
  5.3704211511441251E+00 a       754     0    48     1     2
 -2.2315934659968759E+00 a       755     0    48     1     3
  2.1168037508466053E+00 a       756     0    48     1     4
 -8.7803466819667850E+00 a       757     0    48     1     5
 -3.9165697932755177E+00 a       758     0    48     1     6
 -8.7409532787107995E+00 a       759     0    48     1     7
 -5.7873697384270342E+00 a       760     0    48     1     8
  2.2506738750719538E+01 a       761     0    48     1     9
  5.5679756578487352E+00 a       762     0    48     1    10
 -2.2435169255207996E+00 a       763     0    48     1    11
  1.0526189100464018E+01 a       764     0    48     1    12
 -3.2395024178048097E+00 a       765     0    48     1    13
  8.3643632272650628E+00 a       766     0    48     1    14
  1.1097571357858591E+01 a       767     0    48     1    15
  9.2583156832150937E-01 a       768     0    48     1    16
 -7.6689071291782451E-01 a       769     0    49     1     1
 -1.4299126032047829E+00 a       770     0    49     1     2
 -1.1687741175348450E-01 a       771     0    49     1     3
  1.9386777158812449E+00 a       772     0    49     1     4
 -1.2291944545421409E+00 a       773     0    49     1     5
  5.8808791936044297E-02 a       774     0    49     1     6
 -2.8901416002479330E+00 a       775     0    49     1     7
  2.2719227309335235E+00 a       776     0    49     1     8
 -6.3603991789977643E-01 a       777     0    49     1     9
 -1.0168084614904649E+00 a       778     0    49     1    10
 -3.4352991071707955E+00 a       779     0    49     1    11
  1.1935463855811042E+00 a       780     0    49     1    12
 -1.8078304887056473E+00 a       781     0    49     1    13
 -3.2145072038152600E+00 a       782     0    49     1    14
  1.8250725405601729E+00 a       783     0    49     1    15
 -3.1213907761685755E+00 a       784     0    49     1    16
  7.7868935617854163E-01 a       785     0    50     1     1
 -2.0333949875590025E+00 a       786     0    50     1     2
  3.2975755312314176E-01 a       787     0    50     1     3
  6.1323326441441769E-02 a       788     0    50     1     4
  2.2418656834199604E+00 a       789     0    50     1     5
  1.0287546584798348E+00 a       790     0    50     1     6
 -4.5068137208956804E-01 a       791     0    50     1     7
  6.9556978752946330E-01 a       792     0    50     1     8
  5.3060425797526367E-01 a       793     0    50     1     9
  6.4716077000473815E-01 a       794     0    50     1    10
 -4.7090926736646888E-01 a       795     0    50     1    11
 -1.1311298367836384E+00 a       796     0    50     1    12
  1.3350573403614701E+00 a       797     0    50     1    13
 -5.9234957397780186E-01 a       798     0    50     1    14
  1.3467298240618397E-01 a       799     0    50     1    15
  1.2856813348270661E+00 a       800     0    50     1    16
  1.2881175793956687E+00 a       801     0    51     1     1
 -3.3216308461686217E-02 a       802     0    51     1     2
  5.0257180371503196E-01 a       803     0    51     1     3
  1.9349283670505475E+00 a       804     0    51     1     4
 -1.2561766009583783E-01 a       805     0    51     1     5
  4.4139589358480052E-01 a       806     0    51     1     6
 -1.2481720873636444E+00 a       807     0    51     1     7
  3.5171646685253788E-01 a       808     0    51     1     8
 -1.3532889506612247E+00 a       809     0    51     1     9
 -3.6947844408528902E-01 a       810     0    51     1    10
 -3.9205776913023233E-01 a       811     0    51     1    11
  2.7905219770145523E-01 a       812     0    51     1    12
 -2.1327078919686855E+00 a       813     0    51     1    13
 -1.6838395593288518E+00 a       814     0    51     1    14
  1.2703738755185875E-02 a       815     0    51     1    15
 -1.3974577511920877E-01 a       816     0    51     1    16
  2.2935525366693632E+00 a       817     0    52     1     1
  1.2522952438266266E+00 a       818     0    52     1     2
  5.3782475837961485E-01 a       819     0    52     1     3
 -1.4703297623892242E+00 a       820     0    52     1     4
  9.6601139273574921E-01 a       821     0    52     1     5
  1.3028448786313789E+00 a       822     0    52     1     6
  6.2092183082071306E-01 a       823     0    52     1     7
  7.8570575050445757E-01 a       824     0    52     1     8
 -6.7968312948126552E+00 a       825     0    52     1     9
 -2.3259440267039628E+00 a       826     0    52     1    10
 -2.8719835461610193E+00 a       827     0    52     1    11
 -9.7062136282752647E+00 a       828     0    52     1    12
 -4.3638856877131040E+00 a       829     0    52     1    13
 -4.7733507204730442E-02 a       830     0    52     1    14
 -1.7378684840098815E+00 a       831     0    52     1    15
  1.2841107342511326E+00 a       832     0    52     1    16
  3.5080970639886595E+00 a       833     0    53     1     1
  6.1031789607870923E+00 a       834     0    53     1     2
  3.8831275216626659E+00 a       835     0    53     1     3
 -1.8298761398985641E+00 a       836     0    53     1     4
  4.2207959988167527E+00 a       837     0    53     1     5
  4.7867008022440838E-01 a       838     0    53     1     6
  5.7530100082455977E+00 a       839     0    53     1     7
 -1.1467256787712358E+01 a       840     0    53     1     8
  3.8020779688481743E-01 a       841     0    53     1     9
  9.2627774740554223E+00 a       842     0    53     1    10
  9.1736582880779256E+00 a       843     0    53     1    11
 -1.2576246737609381E+01 a       844     0    53     1    12
  2.9556808923367099E+00 a       845     0    53     1    13
  9.2154689524493261E+00 a       846     0    53     1    14
 -1.5858152207522738E+00 a       847     0    53     1    15
  4.0485101126122016E+00 a       848     0    53     1    16
  1.0672601393156700E+00 a       849     0    54     1     1
  1.0678904045521354E+00 a       850     0    54     1     2
  7.6372902591845870E-01 a       851     0    54     1     3
 -7.0438572962880581E+00 a       852     0    54     1     4
  5.1560229769053789E+00 a       853     0    54     1     5
 -1.7627247156267150E+00 a       854     0    54     1     6
  4.8221628086141410E-01 a       855     0    54     1     7
 -2.3421575187900006E+00 a       856     0    54     1     8
  6.2921508779819764E+00 a       857     0    54     1     9
 -5.1624858433188923E+00 a       858     0    54     1    10
  4.3045865625322168E+00 a       859     0    54     1    11
 -2.9710211421890782E+00 a       860     0    54     1    12
  6.4483840172502820E+00 a       861     0    54     1    13
  7.5286837679070189E+00 a       862     0    54     1    14
 -5.0610420398998652E+00 a       863     0    54     1    15
 -2.9232148206920998E+00 a       864     0    54     1    16
  1.1966224712423587E+01 a       865     0    55     1     1
  9.6477465491558689E+00 a       866     0    55     1     2
  8.3816380279592959E+00 a       867     0    55     1     3
  5.6760310373651421E+00 a       868     0    55     1     4
  6.1372684087972251E+00 a       869     0    55     1     5
  4.3538556861127038E+00 a       870     0    55     1     6
 -8.0111436769318018E+00 a       871     0    55     1     7
 -7.0514570414500390E+00 a       872     0    55     1     8
 -8.9352698377048334E+00 a       873     0    55     1     9
  9.6043002818255676E+00 a       874     0    55     1    10
  1.9923483257441035E+01 a       875     0    55     1    11
 -4.0012395899413358E+00 a       876     0    55     1    12
  4.6925813481189776E-01 a       877     0    55     1    13
  7.8369940649257774E+00 a       878     0    55     1    14
  1.5655349417919491E+00 a       879     0    55     1    15
  2.4465373786548743E+00 a       880     0    55     1    16
  1.2305496267539322E+01 a       881     0    56     1     1
  2.6140599467400221E+00 a       882     0    56     1     2
  5.8100288865998433E+00 a       883     0    56     1     3
 -4.3538449511040875E+00 a       884     0    56     1     4
  1.1540987087044574E+01 a       885     0    56     1     5
  3.4367547712219721E+00 a       886     0    56     1     6
 -5.4767100891140101E+00 a       887     0    56     1     7
 -3.0218190458550258E+00 a       888     0    56     1     8
 -1.3859852342283409E+01 a       889     0    56     1     9
 -9.1189340780782722E+00 a       890     0    56     1    10
  2.3411243105627026E+01 a       891     0    56     1    11
  9.0405159021503341E+00 a       892     0    56     1    12
  1.2181780796434838E+01 a       893     0    56     1    13
 -1.0613502529330685E+00 a       894     0    56     1    14
 -1.3673451828582444E+01 a       895     0    56     1    15
 -1.6010806506529662E-01 a       896     0    56     1    16
 -1.9876480685661824E+00 a       897     0    57     1     1
 -1.3533665152851033E+00 a       898     0    57     1     2
 -1.2579894221187340E-01 a       899     0    57     1     3
  1.5328990519587153E+00 a       900     0    57     1     4
  5.0114585421881968E+00 a       901     0    57     1     5
  3.6576916165309377E+00 a       902     0    57     1     6
 -5.7762209790823960E+00 a       903     0    57     1     7
  1.9529842142769647E+00 a       904     0    57     1     8
 -1.5471777950212504E+00 a       905     0    57     1     9
 -1.3463011704080611E+01 a       906     0    57     1    10
 -5.2647235116440152E+00 a       907     0    57     1    11
 -1.5685472150105393E+00 a       908     0    57     1    12
  3.9888199155805881E+00 a       909     0    57     1    13
 -6.0532680949678594E+00 a       910     0    57     1    14
 -3.2994384818306183E-01 a       911     0    57     1    15
  9.6511386625980666E-01 a       912     0    57     1    16
  1.4377204912898534E+00 a       913     0    58     1     1
  1.6853001454670817E+00 a       914     0    58     1     2
  1.1569386612742225E+00 a       915     0    58     1     3
 -1.4938631604736918E-01 a       916     0    58     1     4
  5.5332543557230673E+00 a       917     0    58     1     5
  5.6813262731373460E+00 a       918     0    58     1     6
 -6.1861761562436133E+00 a       919     0    58     1     7
 -2.4337014348838752E+00 a       920     0    58     1     8
 -4.0902496229714762E+00 a       921     0    58     1     9
 -5.9031288447668366E+00 a       922     0    58     1    10
  1.0719021250880161E+01 a       923     0    58     1    11
  2.7208476999138616E+00 a       924     0    58     1    12
  1.1121959144796156E+00 a       925     0    58     1    13
  3.2647999160681289E+00 a       926     0    58     1    14
  5.4300728751843171E-02 a       927     0    58     1    15
  4.2969242938086394E+00 a       928     0    58     1    16
  1.0633368095908486E+01 a       929     0    59     1     1
 -7.8650995955285508E+00 a       930     0    59     1     2
  5.9200118530027526E+00 a       931     0    59     1     3
 -1.6922963576891301E+00 a       932     0    59     1     4
  1.1443722863523789E+01 a       933     0    59     1     5
  2.6690502286527487E+00 a       934     0    59     1     6
  8.4902083903544412E+00 a       935     0    59     1     7
  2.3880341401029708E+00 a       936     0    59     1     8
 -1.4678657870879045E+01 a       937     0    59     1     9
 -4.3011935588987980E+00 a       938     0    59     1    10
  1.2374324554942934E+01 a       939     0    59     1    11
  1.1776201476034344E-01 a       940     0    59     1    12
  1.6092343675557384E+01 a       941     0    59     1    13
 -8.3815971137935694E+00 a       942     0    59     1    14
 -1.5302056393599893E+01 a       943     0    59     1    15
  8.4650242676709209E-01 a       944     0    59     1    16
 -4.8752636683012813E+00 a       945     0    60     1     1
  1.8561208832435083E+00 a       946     0    60     1     2
  3.4475938608787535E+00 a       947     0    60     1     3
 -2.8407633342783654E+00 a       948     0    60     1     4
 -3.6584235928507369E+00 a       949     0    60     1     5
 -3.5302566816149188E+00 a       950     0    60     1     6
 -5.8244838766888618E-01 a       951     0    60     1     7
  9.7168479549241593E-01 a       952     0    60     1     8
  6.6704137734659179E+00 a       953     0    60     1     9
  3.2065461120301815E+00 a       954     0    60     1    10
 -7.9450570143207208E-02 a       955     0    60     1    11
 -9.0547549636875786E+00 a       956     0    60     1    12
 -3.1307251607408482E+00 a       957     0    60     1    13
 -1.1043262855632563E+00 a       958     0    60     1    14
 -4.7291951385800859E+00 a       959     0    60     1    15
 -1.0377420033541527E+00 a       960     0    60     1    16
  1.5610551718570009E-01 a       961     0    61     1     1
  2.8658583292674145E+00 a       962     0    61     1     2
  9.2532517591166197E-01 a       963     0    61     1     3
  2.4870645566286691E-02 a       964     0    61     1     4
  4.6345101508882292E-01 a       965     0    61     1     5
  1.2502754450497875E+00 a       966     0    61     1     6
 -2.4178599457887784E+00 a       967     0    61     1     7
  1.2112723620244588E+00 a       968     0    61     1     8
 -3.5505734522067507E+00 a       969     0    61     1     9
 -3.4222608708186706E+00 a       970     0    61     1    10
 -4.0355351433768899E-01 a       971     0    61     1    11
 -2.1714246855388470E+00 a       972     0    61     1    12
 -5.1243679857006774E-01 a       973     0    61     1    13
 -1.2328791921252189E+00 a       974     0    61     1    14
 -3.0239571506766966E-01 a       975     0    61     1    15
 -1.2152576682741303E+00 a       976     0    61     1    16
 -1.4056265843007715E+01 a       977     0    62     1     1
  1.2909415816530818E+00 a       978     0    62     1     2
 -1.2542896314850691E+00 a       979     0    62     1     3
 -7.8743291031934515E+00 a       980     0    62     1     4
 -5.6994521146604189E+00 a       981     0    62     1     5
 -7.3374638800037362E+00 a       982     0    62     1     6
  2.9107435029596465E+00 a       983     0    62     1     7
  2.5420184969611017E+00 a       984     0    62     1     8
  1.5911526846219370E+01 a       985     0    62     1     9
 -2.7507717690345429E-01 a       986     0    62     1    10
 -2.4281819752022944E+01 a       987     0    62     1    11
 -1.0403440432912895E+01 a       988     0    62     1    12
 -2.0596148755147916E+00 a       989     0    62     1    13
  6.4459117110655519E+00 a       990     0    62     1    14
  7.1991513445466704E-01 a       991     0    62     1    15
 -2.2669812956738333E+00 a       992     0    62     1    16
 -2.0389800932155108E+01 a       993     0    63     1     1
 -3.5901956147581640E+00 a       994     0    63     1     2
 -4.8451719847088830E+00 a       995     0    63     1     3
 -3.4348251623333188E+00 a       996     0    63     1     4
 -6.9551875793944804E+00 a       997     0    63     1     5
 -2.0951573865483941E+00 a       998     0    63     1     6
  7.4183491516133782E-01 a       999     0    63     1     7
 -2.3938946024907986E+00 a      1000     0    63     1     8
  3.0121193737072357E+01 a      1001     0    63     1     9
  6.1388667367286853E+00 a      1002     0    63     1    10
 -1.9314782454900232E+01 a      1003     0    63     1    11
  1.1999542160884986E+00 a      1004     0    63     1    12
 -8.5602417630494365E+00 a      1005     0    63     1    13
  1.6013159869331439E+01 a      1006     0    63     1    14
  1.3340713491461269E+01 a      1007     0    63     1    15
  1.6348940963249888E+01 a      1008     0    63     1    16
 -1.6027002837815168E+01 a      1009     0    64     1     1
 -1.1868186844563317E+01 a      1010     0    64     1     2
 -7.0098151720546182E+00 a      1011     0    64     1     3
 -5.5637663433246232E+00 a      1012     0    64     1     4
 -6.3371363872848523E+00 a      1013     0    64     1     5
 -3.9403648882138165E+00 a      1014     0    64     1     6
  5.2410142610396822E+00 a      1015     0    64     1     7
  7.0733931282285436E+00 a      1016     0    64     1     8
  4.6312756503499743E+00 a      1017     0    64     1     9
 -7.7451573291258304E+00 a      1018     0    64     1    10
 -6.9506851999587278E+00 a      1019     0    64     1    11
  4.9669780679698592E+00 a      1020     0    64     1    12
 -4.7036123807951329E+00 a      1021     0    64     1    13
 -9.0037928281722390E+00 a      1022     0    64     1    14
 -2.7261993128787751E+00 a      1023     0    64     1    15
  2.3586761152316957E+00 a      1024     0    64     1    16
  2.7820844589966032E-01 b      1025     1     1
 -1.1630641521810332E-01 b      1026     1     2
  3.6184198291195752E-01 b      1027     1     3
 -2.2146208506044687E-01 b      1028     1     4
  2.6150617194263204E-01 b      1029     1     5
  3.7953532427895237E-01 b      1030     1     6
 -2.4810587739458984E-01 b      1031     1     7
  6.6761712047643362E-01 b      1032     1     8
  1.7767961390222600E-01 b      1033     1     9
 -2.7095822280185557E-02 b      1034     1    10
 -1.1143154891789619E-01 b      1035     1    11
 -3.2443463739292000E-01 b      1036     1    12
  1.4416752778330516E-01 b      1037     1    13
  7.0904309425581402E-01 b      1038     1    14
  1.8029922353781935E-01 b      1039     1    15
 -1.0763649402599623E-03 b      1040     1    16
  7.6036111219218938E-01 a      1041     1     1     2     1
 -6.8894577435036919E-01 a      1042     1     1     2     2
  1.8526867042850489E-01 a      1043     1     1     2     3
  4.2609226766907982E-01 a      1044     1     1     2     4
  7.7522328034370325E-01 a      1045     1     1     2     5
  8.6285685533438738E-01 a      1046     1     1     2     6
  5.1805483868395685E-01 a      1047     1     1     2     7
 -2.3311016305324400E-01 a      1048     1     1     2     8
  8.3153110493297711E-01 a      1049     1     1     2     9
  5.2931121703486272E-01 a      1050     1     1     2    10
 -2.5721920873231632E+00 a      1051     1     1     2    11
 -1.0090996702423070E+00 a      1052     1     1     2    12
 -1.6806270488675676E-01 a      1053     1     1     2    13
 -1.4403211551297102E+00 a      1054     1     1     2    14
 -7.2443356743693976E-01 a      1055     1     1     2    15
 -3.2160217656925905E-01 a      1056     1     1     2    16
 -8.8419038257394544E-01 a      1057     1     2     2     1
 -1.1007726402340929E+00 a      1058     1     2     2     2
  1.0116120826076729E-01 a      1059     1     2     2     3
 -1.9311965222004171E-01 a      1060     1     2     2     4
  2.1156413578149749E-01 a      1061     1     2     2     5
  1.6468818455980632E+00 a      1062     1     2     2     6
  1.7915796817423607E-01 a      1063     1     2     2     7
  2.1796300467479215E-01 a      1064     1     2     2     8
 -1.0231249909381273E+00 a      1065     1     2     2     9
  4.1255990528298592E-01 a      1066     1     2     2    10
 -2.2974783185066423E+00 a      1067     1     2     2    11
 -1.7296682759951640E+00 a      1068     1     2     2    12
 -2.2594158365198025E+00 a      1069     1     2     2    13
  2.8526977976475143E-01 a      1070     1     2     2    14
  3.4041237833554677E-01 a      1071     1     2     2    15
 -3.5838071168700308E-01 a      1072     1     2     2    16
 -5.9090144264233069E-01 a      1073     1     3     2     1
  8.7076121584491673E-01 a      1074     1     3     2     2
  3.5444693984971931E-01 a      1075     1     3     2     3
 -7.8024453426977641E-02 a      1076     1     3     2     4
 -1.7248921229498479E-01 a      1077     1     3     2     5
 -1.0728664900531909E-01 a      1078     1     3     2     6
 -4.7029254422855127E-01 a      1079     1     3     2     7
  2.4574950813654814E-01 a      1080     1     3     2     8
  1.0798841947971591E+00 a      1081     1     3     2     9
  1.4295176861589079E-01 a      1082     1     3     2    10
  2.7561536008944378E-02 a      1083     1     3     2    11
 -1.0118120189525859E+00 a      1084     1     3     2    12
  1.0756989590164894E+00 a      1085     1     3     2    13
  8.4207249668211803E-01 a      1086     1     3     2    14
  1.5068065711473405E-01 a      1087     1     3     2    15
  1.6021296581915864E-01 a      1088     1     3     2    16
  2.5239917174559188E+00 a      1089     1     4     2     1
  4.2258561442168253E-02 a      1090     1     4     2     2
 -4.5730504830438629E-01 a      1091     1     4     2     3
  8.2164813095132005E-01 a      1092     1     4     2     4
  2.5935715948103229E-02 a      1093     1     4     2     5
  1.6974364493877275E-01 a      1094     1     4     2     6
  2.7038499368640728E-01 a      1095     1     4     2     7
 -6.3904601870058864E-01 a      1096     1     4     2     8
 -7.8670955313352975E-01 a      1097     1     4     2     9
 -1.6442304865225803E+00 a      1098     1     4     2    10
 -1.4147786634742523E+00 a      1099     1     4     2    11
  1.5102839437161217E-01 a      1100     1     4     2    12
  3.6164622415741277E-01 a      1101     1     4     2    13
  6.5665859302178675E-01 a      1102     1     4     2    14
  5.3289612405917886E-01 a      1103     1     4     2    15
  5.6379221483085018E-01 a      1104     1     4     2    16
  1.5193255158274095E+00 a      1105     1     5     2     1
 -8.3361168303982977E-02 a      1106     1     5     2     2
  5.3368512347424801E-01 a      1107     1     5     2     3
 -2.8591310709477274E-01 a      1108     1     5     2     4
 -9.3703923560834801E-01 a      1109     1     5     2     5
  1.3066043139198649E+00 a      1110     1     5     2     6
 -9.2122063513557029E-01 a      1111     1     5     2     7
  3.5068297744586238E-02 a      1112     1     5     2     8
 -1.8352652652952968E+00 a      1113     1     5     2     9
  9.9458992671909152E-01 a      1114     1     5     2    10
  8.9475473516080839E-01 a      1115     1     5     2    11
 -2.0088874925696545E-01 a      1116     1     5     2    12
 -6.8336279146513546E-01 a      1117     1     5     2    13
  2.3505068149732997E+00 a      1118     1     5     2    14
  1.0802282222254802E+00 a      1119     1     5     2    15
  5.8273277317789773E-01 a      1120     1     5     2    16
 -3.5191918477890366E-01 a      1121     1     6     2     1
  9.3792533062019567E-01 a      1122     1     6     2     2
 -5.4058640274653491E-01 a      1123     1     6     2     3
 -2.2758674560755607E-01 a      1124     1     6     2     4
  3.7506481476423659E-01 a      1125     1     6     2     5
 -2.0525701549210162E+00 a      1126     1     6     2     6
  5.6344021895513330E-01 a      1127     1     6     2     7
 -6.9993384652185353E-01 a      1128     1     6     2     8
  2.3584295655722851E+00 a      1129     1     6     2     9
  7.4813632384767581E-01 a      1130     1     6     2    10
  1.7963459807475961E+00 a      1131     1     6     2    11
 -3.3703025184917736E+00 a      1132     1     6     2    12
  5.5422750111876040E-01 a      1133     1     6     2    13
  8.0690700300442925E-02 a      1134     1     6     2    14
  8.1497572502970850E-02 a      1135     1     6     2    15
  2.0027597023072488E-01 a      1136     1     6     2    16
 -2.6543223689818962E-01 a      1137     1     7     2     1
  1.1082853229956874E-01 a      1138     1     7     2     2
  3.4463699848410401E-01 a      1139     1     7     2     3
  4.3319042681882863E-01 a      1140     1     7     2     4
  8.5233642209082738E-01 a      1141     1     7     2     5
 -4.3617368544779794E-01 a      1142     1     7     2     6
  3.8509586993743733E-01 a      1143     1     7     2     7
  2.6541207962158697E-01 a      1144     1     7     2     8
 -3.3460614698301028E-01 a      1145     1     7     2     9
 -6.3410588687387012E-02 a      1146     1     7     2    10
 -2.6490392818690478E+00 a      1147     1     7     2    11
 -1.1424292580335071E+00 a      1148     1     7     2    12
  1.3422828362050929E-01 a      1149     1     7     2    13
 -1.0952299050855623E+00 a      1150     1     7     2    14
  2.4179847057065862E-01 a      1151     1     7     2    15
  4.6463986606753893E-01 a      1152     1     7     2    16
  2.6851978217011502E-01 a      1153     1     8     2     1
 -2.8796640173268184E-01 a      1154     1     8     2     2
  2.4315507533840308E-01 a      1155     1     8     2     3
 -7.3244290855433727E-02 a      1156     1     8     2     4
  8.0658680653608639E-01 a      1157     1     8     2     5
 -2.6567497327896811E-01 a      1158     1     8     2     6
  6.6619821204602692E-01 a      1159     1     8     2     7
  1.5612825055092266E-01 a      1160     1     8     2     8
 -3.1258650188404408E-01 a      1161     1     8     2     9
 -1.9096399100676409E-01 a      1162     1     8     2    10
 -1.5626293803813052E+00 a      1163     1     8     2    11
 -5.4265233041904160E-01 a      1164     1     8     2    12
 -5.8886669104918321E-01 a      1165     1     8     2    13
 -8.0603418364980883E-01 a      1166     1     8     2    14
 -4.4890902400598015E-01 a      1167     1     8     2    15
 -1.5078454816468057E-01 a      1168     1     8     2    16
 -7.5195044282498424E-01 a      1169     1     9     2     1
  3.3230774441042631E-02 a      1170     1     9     2     2
 -1.0632729904126979E-01 a      1171     1     9     2     3
 -2.4311752954735746E-01 a      1172     1     9     2     4
  1.5419806989405790E-01 a      1173     1     9     2     5
  8.3155408643231910E-01 a      1174     1     9     2     6
  2.0534679240203027E-01 a      1175     1     9     2     7
  5.2168061145839928E-01 a      1176     1     9     2     8
 -1.8049940478728621E-01 a      1177     1     9     2     9
  1.1488337924367407E+00 a      1178     1     9     2    10
 -2.1144635134007270E-01 a      1179     1     9     2    11
 -8.4430084079151069E-01 a      1180     1     9     2    12
  3.4656775675233348E-01 a      1181     1     9     2    13
 -1.2887185947805941E+00 a      1182     1     9     2    14
 -8.8055482091671389E-01 a      1183     1     9     2    15
 -2.9408005638693974E-01 a      1184     1     9     2    16
 -9.0931131996608827E-01 a      1185     1    10     2     1
  4.3100156974709358E-01 a      1186     1    10     2     2
  1.6768699250662902E-02 a      1187     1    10     2     3
  8.7885181400525536E-01 a      1188     1    10     2     4
  3.8422583101729441E-02 a      1189     1    10     2     5
 -1.3110467965933874E+00 a      1190     1    10     2     6
 -1.7052034986515285E-01 a      1191     1    10     2     7
  5.3263620924613153E-01 a      1192     1    10     2     8
 -1.8714475484938045E-01 a      1193     1    10     2     9
  3.1896721373523823E-01 a      1194     1    10     2    10
  1.8517526449992292E+00 a      1195     1    10     2    11
  1.3210698393526739E+00 a      1196     1    10     2    12
 -2.7671854733501983E-01 a      1197     1    10     2    13
  6.2776370271226267E-01 a      1198     1    10     2    14
 -5.6569820041847774E-01 a      1199     1    10     2    15
 -2.5944461041658790E-01 a      1200     1    10     2    16
  1.0979160170155540E-01 a      1201     1    11     2     1
 -1.9437797387932481E-02 a      1202     1    11     2     2
 -3.4808571567627145E-01 a      1203     1    11     2     3
 -5.7190783752825791E-01 a      1204     1    11     2     4
 -3.0729752172839914E-01 a      1205     1    11     2     5
 -1.2560149356209493E-01 a      1206     1    11     2     6
 -4.5707031604469490E-02 a      1207     1    11     2     7
  8.9055538464933540E-02 a      1208     1    11     2     8
 -1.2849395049473253E-01 a      1209     1    11     2     9
 -2.8934154905614801E-01 a      1210     1    11     2    10
 -4.3414438652580006E-01 a      1211     1    11     2    11
 -1.0452489169776449E+00 a      1212     1    11     2    12
 -6.8040045877626787E-01 a      1213     1    11     2    13
 -3.4543735924502841E-02 a      1214     1    11     2    14
 -1.9328689527521412E-01 a      1215     1    11     2    15
  3.2395073409746061E-01 a      1216     1    11     2    16
 -1.6754896360704512E+00 a      1217     1    12     2     1
  7.7681446068122517E-01 a      1218     1    12     2     2
  5.2585321053950396E-01 a      1219     1    12     2     3
  6.2925636605343838E-01 a      1220     1    12     2     4
  2.3662016030087418E-01 a      1221     1    12     2     5
  2.4360632302601865E-01 a      1222     1    12     2     6
 -4.8100327715532959E-01 a      1223     1    12     2     7
  8.6416474041969371E-01 a      1224     1    12     2     8
  9.0188898596443412E-01 a      1225     1    12     2     9
  8.2171099968706607E-01 a      1226     1    12     2    10
  9.8955176419915059E-01 a      1227     1    12     2    11
  1.4841102174782868E+00 a      1228     1    12     2    12
  3.0475654341118003E-01 a      1229     1    12     2    13
  9.7677341440403520E-01 a      1230     1    12     2    14
 -1.1610219169696101E-01 a      1231     1    12     2    15
 -1.1333257380490540E-01 a      1232     1    12     2    16
  1.1114369688722938E+00 a      1233     1    13     2     1
 -7.6400928303000118E-02 a      1234     1    13     2     2
 -5.7392924505995913E-01 a      1235     1    13     2     3
  8.1921524822242064E-01 a      1236     1    13     2     4
  5.8290475186197543E-01 a      1237     1    13     2     5
 -9.2821417498976910E-01 a      1238     1    13     2     6
  8.2808137745623234E-01 a      1239     1    13     2     7
 -2.1307461777189168E-01 a      1240     1    13     2     8
  6.7749555721363930E-01 a      1241     1    13     2     9
 -2.2615621536761048E+00 a      1242     1    13     2    10
 -2.2060794884108099E+00 a      1243     1    13     2    11
 -1.5815658464892987E-01 a      1244     1    13     2    12
  5.9601446703368832E-01 a      1245     1    13     2    13
 -3.9589156556928917E-01 a      1246     1    13     2    14
 -4.0141305897671664E-01 a      1247     1    13     2    15
 -2.0149700890623970E-01 a      1248     1    13     2    16
  8.4795648073673435E-01 a      1249     1    14     2     1
  4.4547564307615684E-01 a      1250     1    14     2     2
 -5.0968078248182247E-01 a      1251     1    14     2     3
  6.4196109561552095E-01 a      1252     1    14     2     4
 -1.8948752416534154E-01 a      1253     1    14     2     5
  5.4294974691450459E-01 a      1254     1    14     2     6
 -3.0681013641905750E-03 a      1255     1    14     2     7
 -4.8090932332680969E-01 a      1256     1    14     2     8
 -2.3024662127521833E-01 a      1257     1    14     2     9
 -3.3160470472641944E-02 a      1258     1    14     2    10
  1.3202566986126025E+00 a      1259     1    14     2    11
  6.7424428805522896E-01 a      1260     1    14     2    12
  5.5481926303787277E-01 a      1261     1    14     2    13
 -2.0715868715226649E-01 a      1262     1    14     2    14
 -1.4804785053244457E-01 a      1263     1    14     2    15
 -1.1238311315038127E-01 a      1264     1    14     2    16
  4.2540536263657514E-01 a      1265     1    15     2     1
 -1.2365996941852055E+00 a      1266     1    15     2     2
  8.9108399562918938E-01 a      1267     1    15     2     3
  4.5738454240565712E-01 a      1268     1    15     2     4
  6.2490673143219044E-01 a      1269     1    15     2     5
 -1.5682778423157964E-01 a      1270     1    15     2     6
 -1.1729371964803450E-02 a      1271     1    15     2     7
 -6.7212680447760742E-01 a      1272     1    15     2     8
 -3.1081969024237216E-01 a      1273     1    15     2     9
  2.7016473657433171E-01 a      1274     1    15     2    10
 -1.5320289740672335E+00 a      1275     1    15     2    11
 -1.2743310382314150E+00 a      1276     1    15     2    12
 -1.2783192386307505E+00 a      1277     1    15     2    13
  7.2101782737985021E-01 a      1278     1    15     2    14
 -4.6012942623049119E-01 a      1279     1    15     2    15
 -3.2213588971524448E-01 a      1280     1    15     2    16
 -1.7540010236837423E-02 a      1281     1    16     2     1
 -4.2544204406405600E-01 a      1282     1    16     2     2
  3.4053674533195621E-01 a      1283     1    16     2     3
  9.3337836438828803E-01 a      1284     1    16     2     4
  5.4251361980279966E-01 a      1285     1    16     2     5
 -9.7533105566754458E-02 a      1286     1    16     2     6
 -2.7062824585812873E-02 a      1287     1    16     2     7
  5.2856561770215338E-01 a      1288     1    16     2     8
  2.6708724859795174E-01 a      1289     1    16     2     9
 -9.6796828342686769E-01 a      1290     1    16     2    10
 -4.1459763731648867E+00 a      1291     1    16     2    11
  2.9970161758521452E-01 a      1292     1    16     2    12
 -5.7804838161131888E-01 a      1293     1    16     2    13
 -2.0037900789219592E+00 a      1294     1    16     2    14
  7.6447121391452033E-01 a      1295     1    16     2    15
 -3.2791528451374835E-01 a      1296     1    16     2    16
 -8.8778071112255286E-01 b      1297     2     1
 -2.4913497348920127E-01 b      1298     2     2
  2.4243255320211024E-01 b      1299     2     3
 -5.9508707066876787E-01 b      1300     2     4
 -3.8650032947628998E-01 b      1301     2     5
  7.6405548620700248E-01 b      1302     2     6
 -3.2097483561204898E-01 b      1303     2     7
 -3.0831433563292038E-01 b      1304     2     8
  2.4745750299934871E-01 b      1305     2     9
  2.1173096484001173E+00 b      1306     2    10
  6.5807262021898678E+00 b      1307     2    11
  2.7577812823315160E+00 b      1308     2    12
 -8.2979483118856412E-01 b      1309     2    13
  1.3842512879116557E+00 b      1310     2    14
  8.1911990574535265E-01 b      1311     2    15
 -7.9441244630458308E-01 b      1312     2    16
  4.4049391679164690E-02 a      1313     2     1     3     1
  1.9125194160165135E-01 a      1314     2     2     3     1
 -4.7868403485699074E-01 a      1315     2     3     3     1
 -1.3954996612621698E-01 a      1316     2     4     3     1
  6.0041950608261629E-01 a      1317     2     5     3     1
 -1.3265851650381662E-02 a      1318     2     6     3     1
 -5.9667593871639557E-01 a      1319     2     7     3     1
 -1.9935710609865204E-01 a      1320     2     8     3     1
 -6.8847488149798838E-02 a      1321     2     9     3     1
  2.6038455397165573E-02 a      1322     2    10     3     1
 -4.4084203452588837E-03 a      1323     2    11     3     1
 -1.2748344063687170E-01 a      1324     2    12     3     1
 -1.9953185729549974E-01 a      1325     2    13     3     1
  3.0103257642809640E-02 a      1326     2    14     3     1
  5.3741575825401934E-02 a      1327     2    15     3     1
 -4.2188274467437820E-01 a      1328     2    16     3     1
  1.2475432659909946E-01 b      1329     3     1
